2024-07-09 06:46:21,598 INFO Initialized rank 0 out of 16
2024-07-09 06:46:21,599 INFO Initialized rank 1 out of 16
2024-07-09 06:46:21,599 INFO Initialized rank 3 out of 16
2024-07-09 06:46:21,600 INFO Initialized rank 2 out of 16
2024-07-09 06:46:21,601 INFO Initialized rank 6 out of 16
2024-07-09 06:46:21,601 INFO Initialized rank 7 out of 16
2024-07-09 06:46:21,601 INFO Initialized rank 12 out of 16
2024-07-09 06:46:21,601 INFO Initialized rank 11 out of 16
2024-07-09 06:46:21,601 INFO Initialized rank 4 out of 16
2024-07-09 06:46:21,601 INFO Initialized rank 15 out of 16
2024-07-09 06:46:21,601 INFO Initialized rank 10 out of 16
2024-07-09 06:46:21,601 INFO Initialized rank 9 out of 16
2024-07-09 06:46:21,602 INFO Initialized rank 5 out of 16
2024-07-09 06:46:21,602 INFO Initialized rank 13 out of 16
2024-07-09 06:46:21,602 INFO Initialized rank 8 out of 16
2024-07-09 06:46:21,602 INFO Initialized rank 14 out of 16
2024-07-09 06:46:24,985 INFO Sync time
2024-07-09 06:46:24,985 INFO Sync time
2024-07-09 06:46:24,985 INFO Sync time
2024-07-09 06:46:24,985 INFO Sync time
2024-07-09 06:46:24,985 INFO Sync time
2024-07-09 06:46:24,985 INFO Sync time
2024-07-09 06:46:24,985 INFO Sync time
2024-07-09 06:46:24,985 INFO Sync time
2024-07-09 06:46:24,985 INFO Sync time
2024-07-09 06:46:24,985 INFO Sync time
2024-07-09 06:46:24,985 INFO Sync time
2024-07-09 06:46:24,985 INFO Sync time
2024-07-09 06:46:24,985 INFO Sync time
2024-07-09 06:46:24,985 INFO Sync time
2024-07-09 06:46:24,985 INFO Sync time
2024-07-09 06:46:24,985 INFO Sync time
2024-07-09 06:46:24,988 INFO Accepting from rank 0
2024-07-09 06:46:24,988 INFO Accepting from rank 0
2024-07-09 06:46:24,988 INFO Accepting from rank 0
2024-07-09 06:46:24,988 INFO Accepting from rank 0
2024-07-09 06:46:24,988 INFO Accepting from rank 0
2024-07-09 06:46:24,988 INFO Accepting from rank 0
2024-07-09 06:46:24,988 INFO Accepting from rank 0
2024-07-09 06:46:24,988 INFO Accepting from rank 0
2024-07-09 06:46:24,988 INFO Accepting from rank 0
2024-07-09 06:46:24,988 INFO Accepting from rank 0
2024-07-09 06:46:24,988 INFO Accepting from rank 0
2024-07-09 06:46:24,988 INFO Accepting from rank 0
2024-07-09 06:46:24,988 INFO Accepting from rank 0
2024-07-09 06:46:24,988 INFO Sending from rank 0
2024-07-09 06:46:24,988 INFO Accepting from rank 0
2024-07-09 06:46:24,988 INFO Accepting from rank 0
2024-07-09 06:46:25,260 INFO CHECKSUM 0 1 0: 0.974032
2024-07-09 06:46:25,261 INFO CHECKSUM 0 1 0: 0.974032
2024-07-09 06:46:25,277 INFO sent 0 -> 1 # 0 at 237991349, 0.747635 0.437321
2024-07-09 06:46:25,281 INFO recv 0 -> 1 # 0 at 251374067, 0.747635 0.437321
2024-07-09 06:46:25,511 INFO CHECKSUM 0 2 0: 0.974032
2024-07-09 06:46:25,512 INFO CHECKSUM 0 2 0: 0.974032
2024-07-09 06:46:25,529 INFO sent 0 -> 2 # 0 at 221669351, 0.747635 0.437321
2024-07-09 06:46:25,533 INFO recv 0 -> 2 # 0 at 242857922, 0.747635 0.437321
2024-07-09 06:46:25,813 INFO CHECKSUM 0 3 0: 0.974032
2024-07-09 06:46:25,815 INFO CHECKSUM 0 3 0: 0.974032
2024-07-09 06:46:25,829 INFO sent 0 -> 3 # 0 at 270497117, 0.747635 0.437321
2024-07-09 06:46:25,835 INFO recv 0 -> 3 # 0 at 291501061, 0.747635 0.437321
2024-07-09 06:46:26,048 INFO CHECKSUM 0 4 0: 0.974032
2024-07-09 06:46:26,059 INFO CHECKSUM 0 4 0: 0.974032
2024-07-09 06:46:26,073 INFO recv 0 -> 4 # 0 at 228547328, 0.747635 0.437321
2024-07-09 06:46:26,073 INFO sent 0 -> 4 # 0 at 204046801, 0.747635 0.437321
2024-07-09 06:46:26,219 INFO CHECKSUM 0 5 0: 0.974032
2024-07-09 06:46:26,220 INFO CHECKSUM 0 5 0: 0.974032
2024-07-09 06:46:26,232 INFO recv 0 -> 5 # 0 at 137519724, 0.747635 0.437321
2024-07-09 06:46:26,232 INFO sent 0 -> 5 # 0 at 126086866, 0.747635 0.437321
2024-07-09 06:46:26,431 INFO CHECKSUM 0 6 0: 0.974032
2024-07-09 06:46:26,443 INFO CHECKSUM 0 6 0: 0.974032
2024-07-09 06:46:26,457 INFO recv 0 -> 6 # 0 at 222750963, 0.747635 0.437321
2024-07-09 06:46:26,457 INFO sent 0 -> 6 # 0 at 196777255, 0.747635 0.437321
2024-07-09 06:46:26,682 INFO CHECKSUM 0 7 0: 0.974032
2024-07-09 06:46:26,683 INFO CHECKSUM 0 7 0: 0.974032
2024-07-09 06:46:26,697 INFO sent 0 -> 7 # 0 at 207262675, 0.747635 0.437321
2024-07-09 06:46:26,697 INFO recv 0 -> 7 # 0 at 222328979, 0.747635 0.437321
2024-07-09 06:46:26,894 INFO CHECKSUM 0 8 0: 0.974032
2024-07-09 06:46:26,895 INFO CHECKSUM 0 8 0: 0.974032
2024-07-09 06:46:26,906 INFO sent 0 -> 8 # 0 at 196641362, 0.747635 0.437321
2024-07-09 06:46:26,906 INFO recv 0 -> 8 # 0 at 208391166, 0.747635 0.437321
2024-07-09 06:46:27,140 INFO CHECKSUM 0 9 0: 0.974032
2024-07-09 06:46:27,141 INFO CHECKSUM 0 9 0: 0.974032
2024-07-09 06:46:27,161 INFO sent 0 -> 9 # 0 at 222920439, 0.747635 0.437321
2024-07-09 06:46:27,168 INFO recv 0 -> 9 # 0 at 250512229, 0.747635 0.437321
2024-07-09 06:46:27,366 INFO CHECKSUM 0 10 0: 0.974032
2024-07-09 06:46:27,368 INFO CHECKSUM 0 10 0: 0.974032
2024-07-09 06:46:27,385 INFO sent 0 -> 10 # 0 at 192388684, 0.747635 0.437321
2024-07-09 06:46:27,386 INFO recv 0 -> 10 # 0 at 212506309, 0.747635 0.437321
2024-07-09 06:46:27,617 INFO CHECKSUM 0 11 0: 0.974032
2024-07-09 06:46:27,619 INFO CHECKSUM 0 11 0: 0.974032
2024-07-09 06:46:27,633 INFO sent 0 -> 11 # 0 at 212670644, 0.747635 0.437321
2024-07-09 06:46:27,633 INFO recv 0 -> 11 # 0 at 213927242, 0.747635 0.437321
2024-07-09 06:46:27,886 INFO CHECKSUM 0 12 0: 0.974032
2024-07-09 06:46:27,887 INFO CHECKSUM 0 12 0: 0.974032
2024-07-09 06:46:27,904 INFO sent 0 -> 12 # 0 at 241216841, 0.747635 0.437321
2024-07-09 06:46:27,909 INFO recv 0 -> 12 # 0 at 263982041, 0.747635 0.437321
2024-07-09 06:46:28,062 INFO CHECKSUM 0 13 0: 0.974032
2024-07-09 06:46:28,073 INFO CHECKSUM 0 13 0: 0.974032
2024-07-09 06:46:28,085 INFO sent 0 -> 13 # 0 at 138269064, 0.747635 0.437321
2024-07-09 06:46:28,099 INFO recv 0 -> 13 # 0 at 175797508, 0.747635 0.437321
2024-07-09 06:46:28,328 INFO CHECKSUM 0 14 0: 0.974032
2024-07-09 06:46:28,348 INFO sent 0 -> 14 # 0 at 215722006, 0.747635 0.437321
2024-07-09 06:46:28,329 INFO CHECKSUM 0 14 0: 0.974032
2024-07-09 06:46:28,348 INFO recv 0 -> 14 # 0 at 228420885, 0.747635 0.437321
2024-07-09 06:46:28,594 INFO CHECKSUM 0 15 0: 0.974032
2024-07-09 06:46:28,595 INFO CHECKSUM 0 15 0: 0.974032
2024-07-09 06:46:28,603 INFO Accepting from rank 1
2024-07-09 06:46:28,602 INFO sent 0 -> 15 # 0 at 230604100, 0.747635 0.437321
2024-07-09 06:46:28,603 INFO Accepting from rank 1
2024-07-09 06:46:28,603 INFO Accepting from rank 1
2024-07-09 06:46:28,603 INFO Accepting from rank 1
2024-07-09 06:46:28,603 INFO Sending from rank 1
2024-07-09 06:46:28,603 INFO Accepting from rank 1
2024-07-09 06:46:28,603 INFO Accepting from rank 1
2024-07-09 06:46:28,603 INFO Accepting from rank 1
2024-07-09 06:46:28,603 INFO Accepting from rank 1
2024-07-09 06:46:28,603 INFO Accepting from rank 1
2024-07-09 06:46:28,603 INFO Accepting from rank 1
2024-07-09 06:46:28,603 INFO Accepting from rank 1
2024-07-09 06:46:28,603 INFO recv 0 -> 15 # 0 at 239475372, 0.747635 0.437321
2024-07-09 06:46:28,603 INFO Accepting from rank 1
2024-07-09 06:46:28,603 INFO Accepting from rank 1
2024-07-09 06:46:28,612 INFO Accepting from rank 1
2024-07-09 06:46:28,612 INFO Accepting from rank 1
2024-07-09 06:46:28,661 INFO CHECKSUM 1 0 0: 1.240826
2024-07-09 06:46:28,662 INFO CHECKSUM 1 0 0: 1.240826
2024-07-09 06:46:28,685 INFO recv 1 -> 0 # 0 at 51969596, 0.832201 0.209161
2024-07-09 06:46:28,697 INFO sent 1 -> 0 # 0 at 28351291, 0.832201 0.209161
2024-07-09 06:46:28,908 INFO CHECKSUM 1 2 0: 1.240826
2024-07-09 06:46:28,907 INFO CHECKSUM 1 2 0: 1.240826
2024-07-09 06:46:28,922 INFO sent 1 -> 2 # 0 at 198908187, 0.832201 0.209161
2024-07-09 06:46:28,923 INFO recv 1 -> 2 # 0 at 213255730, 0.832201 0.209161
2024-07-09 06:46:29,131 INFO CHECKSUM 1 3 0: 1.240826
2024-07-09 06:46:29,132 INFO CHECKSUM 1 3 0: 1.240826
2024-07-09 06:46:29,161 INFO sent 1 -> 3 # 0 at 179527611, 0.832201 0.209161
2024-07-09 06:46:29,161 INFO recv 1 -> 3 # 0 at 209590107, 0.832201 0.209161
2024-07-09 06:46:29,342 INFO CHECKSUM 1 4 0: 1.240826
2024-07-09 06:46:29,358 INFO CHECKSUM 1 4 0: 1.240826
2024-07-09 06:46:29,385 INFO recv 1 -> 4 # 0 at 207991278, 0.832201 0.209161
2024-07-09 06:46:29,385 INFO sent 1 -> 4 # 0 at 165291373, 0.832201 0.209161
2024-07-09 06:46:29,567 INFO CHECKSUM 1 5 0: 1.240826
2024-07-09 06:46:29,568 INFO CHECKSUM 1 5 0: 1.240826
2024-07-09 06:46:29,579 INFO sent 1 -> 5 # 0 at 180298621, 0.832201 0.209161
2024-07-09 06:46:29,579 INFO recv 1 -> 5 # 0 at 192256208, 0.832201 0.209161
2024-07-09 06:46:29,788 INFO CHECKSUM 1 6 0: 1.240826
2024-07-09 06:46:29,787 INFO CHECKSUM 1 6 0: 1.240826
2024-07-09 06:46:29,799 INFO sent 1 -> 6 # 0 at 195325465, 0.832201 0.209161
2024-07-09 06:46:29,799 INFO recv 1 -> 6 # 0 at 207893929, 0.832201 0.209161
2024-07-09 06:46:29,983 INFO CHECKSUM 1 7 0: 1.240826
2024-07-09 06:46:29,983 INFO CHECKSUM 1 7 0: 1.240826
2024-07-09 06:46:30,005 INFO sent 1 -> 7 # 0 at 179336401, 0.832201 0.209161
2024-07-09 06:46:30,011 INFO recv 1 -> 7 # 0 at 200004543, 0.832201 0.209161
2024-07-09 06:46:30,215 INFO CHECKSUM 1 8 0: 1.240826
2024-07-09 06:46:30,230 INFO CHECKSUM 1 8 0: 1.240826
2024-07-09 06:46:30,245 INFO recv 1 -> 8 # 0 at 224695436, 0.832201 0.209161
2024-07-09 06:46:30,246 INFO sent 1 -> 8 # 0 at 194766956, 0.832201 0.209161
2024-07-09 06:46:30,430 INFO CHECKSUM 1 9 0: 1.240826
2024-07-09 06:46:30,430 INFO CHECKSUM 1 9 0: 1.240826
2024-07-09 06:46:30,457 INFO recv 1 -> 9 # 0 at 210624072, 0.832201 0.209161
2024-07-09 06:46:30,459 INFO sent 1 -> 9 # 0 at 184314620, 0.832201 0.209161
2024-07-09 06:46:30,789 INFO CHECKSUM 1 10 0: 1.240826
2024-07-09 06:46:30,789 INFO CHECKSUM 1 10 0: 1.240826
2024-07-09 06:46:30,810 INFO sent 1 -> 10 # 0 at 300219400, 0.832201 0.209161
2024-07-09 06:46:30,810 INFO recv 1 -> 10 # 0 at 326594965, 0.832201 0.209161
2024-07-09 06:46:30,970 INFO CHECKSUM 1 11 0: 1.240826
2024-07-09 06:46:30,970 INFO CHECKSUM 1 11 0: 1.240826
2024-07-09 06:46:30,987 INFO recv 1 -> 11 # 0 at 176369912, 0.832201 0.209161
2024-07-09 06:46:30,993 INFO sent 1 -> 11 # 0 at 159710851, 0.832201 0.209161
2024-07-09 06:46:31,213 INFO CHECKSUM 1 12 0: 1.240826
2024-07-09 06:46:31,213 INFO CHECKSUM 1 12 0: 1.240826
2024-07-09 06:46:31,233 INFO sent 1 -> 12 # 0 at 212979556, 0.832201 0.209161
2024-07-09 06:46:31,233 INFO recv 1 -> 12 # 0 at 233729475, 0.832201 0.209161
2024-07-09 06:46:31,399 INFO CHECKSUM 1 13 0: 1.240826
2024-07-09 06:46:31,398 INFO CHECKSUM 1 13 0: 1.240826
2024-07-09 06:46:31,413 INFO sent 1 -> 13 # 0 at 159916458, 0.832201 0.209161
2024-07-09 06:46:31,413 INFO recv 1 -> 13 # 0 at 175972206, 0.832201 0.209161
2024-07-09 06:46:31,630 INFO CHECKSUM 1 14 0: 1.240826
2024-07-09 06:46:31,630 INFO CHECKSUM 1 14 0: 1.240826
2024-07-09 06:46:31,661 INFO recv 1 -> 14 # 0 at 227314773, 0.832201 0.209161
2024-07-09 06:46:31,673 INFO sent 1 -> 14 # 0 at 196630096, 0.832201 0.209161
2024-07-09 06:46:31,834 INFO CHECKSUM 1 15 0: 1.240826
2024-07-09 06:46:31,834 INFO CHECKSUM 1 15 0: 1.240826
2024-07-09 06:46:31,847 INFO Accepting from rank 2
2024-07-09 06:46:31,847 INFO Accepting from rank 2
2024-07-09 06:46:31,847 INFO Accepting from rank 2
2024-07-09 06:46:31,847 INFO Accepting from rank 2
2024-07-09 06:46:31,847 INFO Sending from rank 2
2024-07-09 06:46:31,847 INFO Accepting from rank 2
2024-07-09 06:46:31,847 INFO Accepting from rank 2
2024-07-09 06:46:31,847 INFO Accepting from rank 2
2024-07-09 06:46:31,847 INFO Accepting from rank 2
2024-07-09 06:46:31,847 INFO Accepting from rank 2
2024-07-09 06:46:31,847 INFO Accepting from rank 2
2024-07-09 06:46:31,847 INFO sent 1 -> 15 # 0 at 157511622, 0.832201 0.209161
2024-07-09 06:46:31,847 INFO Accepting from rank 2
2024-07-09 06:46:31,847 INFO Accepting from rank 2
2024-07-09 06:46:31,847 INFO Accepting from rank 2
2024-07-09 06:46:31,847 INFO Accepting from rank 2
2024-07-09 06:46:31,847 INFO recv 1 -> 15 # 0 at 171031007, 0.832201 0.209161
2024-07-09 06:46:31,847 INFO Accepting from rank 2
2024-07-09 06:46:31,904 INFO CHECKSUM 2 0 0: 1.158470
2024-07-09 06:46:31,904 INFO CHECKSUM 2 0 0: 1.158470
2024-07-09 06:46:31,910 INFO recv 2 -> 0 # 0 at 42561777, 0.541705 0.394009
2024-07-09 06:46:31,923 INFO sent 2 -> 0 # 0 at 36062910, 0.541705 0.394009
2024-07-09 06:46:31,939 INFO CHECKSUM 2 1 0: 1.158470
2024-07-09 06:46:31,939 INFO CHECKSUM 2 1 0: 1.158470
2024-07-09 06:46:31,955 INFO recv 2 -> 1 # 0 at 30387614, 0.541705 0.394009
2024-07-09 06:46:31,955 INFO sent 2 -> 1 # 0 at 13979060, 0.541705 0.394009
2024-07-09 06:46:32,154 INFO CHECKSUM 2 3 0: 1.158470
2024-07-09 06:46:32,155 INFO CHECKSUM 2 3 0: 1.158470
2024-07-09 06:46:32,171 INFO sent 2 -> 3 # 0 at 192135080, 0.541705 0.394009
2024-07-09 06:46:32,171 INFO recv 2 -> 3 # 0 at 208981732, 0.541705 0.394009
2024-07-09 06:46:32,373 INFO CHECKSUM 2 4 0: 1.158470
2024-07-09 06:46:32,374 INFO CHECKSUM 2 4 0: 1.158470
2024-07-09 06:46:32,393 INFO sent 2 -> 4 # 0 at 193282878, 0.541705 0.394009
2024-07-09 06:46:32,393 INFO recv 2 -> 4 # 0 at 212914545, 0.541705 0.394009
2024-07-09 06:46:32,570 INFO CHECKSUM 2 5 0: 1.158470
2024-07-09 06:46:32,579 INFO CHECKSUM 2 5 0: 1.158470
2024-07-09 06:46:32,587 INFO recv 2 -> 5 # 0 at 178581999, 0.541705 0.394009
2024-07-09 06:46:32,587 INFO sent 2 -> 5 # 0 at 161617074, 0.541705 0.394009
2024-07-09 06:46:32,766 INFO CHECKSUM 2 6 0: 1.158470
2024-07-09 06:46:32,767 INFO CHECKSUM 2 6 0: 1.158470
2024-07-09 06:46:32,777 INFO sent 2 -> 6 # 0 at 175152116, 0.541705 0.394009
2024-07-09 06:46:32,777 INFO recv 2 -> 6 # 0 at 186701389, 0.541705 0.394009
2024-07-09 06:46:32,969 INFO CHECKSUM 2 7 0: 1.158470
2024-07-09 06:46:32,970 INFO CHECKSUM 2 7 0: 1.158470
2024-07-09 06:46:32,986 INFO sent 2 -> 7 # 0 at 159882854, 0.541705 0.394009
2024-07-09 06:46:32,986 INFO recv 2 -> 7 # 0 at 176897836, 0.541705 0.394009
2024-07-09 06:46:33,194 INFO CHECKSUM 2 8 0: 1.158470
2024-07-09 06:46:33,195 INFO CHECKSUM 2 8 0: 1.158470
2024-07-09 06:46:33,208 INFO sent 2 -> 8 # 0 at 193187194, 0.541705 0.394009
2024-07-09 06:46:33,208 INFO recv 2 -> 8 # 0 at 207093511, 0.541705 0.394009
2024-07-09 06:46:33,323 INFO CHECKSUM 2 9 0: 1.158470
2024-07-09 06:46:33,323 INFO CHECKSUM 2 9 0: 1.158470
2024-07-09 06:46:33,345 INFO sent 2 -> 9 # 0 at 103370901, 0.541705 0.394009
2024-07-09 06:46:33,347 INFO recv 2 -> 9 # 0 at 127977647, 0.541705 0.394009
2024-07-09 06:46:33,555 INFO CHECKSUM 2 10 0: 1.158470
2024-07-09 06:46:33,556 INFO CHECKSUM 2 10 0: 1.158470
2024-07-09 06:46:33,594 INFO sent 2 -> 10 # 0 at 204599264, 0.541705 0.394009
2024-07-09 06:46:33,594 INFO recv 2 -> 10 # 0 at 243344311, 0.541705 0.394009
2024-07-09 06:46:33,744 INFO CHECKSUM 2 11 0: 1.158470
2024-07-09 06:46:33,744 INFO CHECKSUM 2 11 0: 1.158470
2024-07-09 06:46:33,769 INFO sent 2 -> 11 # 0 at 134384145, 0.541705 0.394009
2024-07-09 06:46:33,777 INFO recv 2 -> 11 # 0 at 170857481, 0.541705 0.394009
2024-07-09 06:46:33,988 INFO CHECKSUM 2 12 0: 1.158470
2024-07-09 06:46:33,989 INFO CHECKSUM 2 12 0: 1.158470
2024-07-09 06:46:34,021 INFO recv 2 -> 12 # 0 at 231930352, 0.541705 0.394009
2024-07-09 06:46:34,021 INFO sent 2 -> 12 # 0 at 199573202, 0.541705 0.394009
2024-07-09 06:46:34,242 INFO CHECKSUM 2 13 0: 1.158470
2024-07-09 06:46:34,242 INFO CHECKSUM 2 13 0: 1.158470
2024-07-09 06:46:34,261 INFO sent 2 -> 13 # 0 at 199410989, 0.541705 0.394009
2024-07-09 06:46:34,261 INFO recv 2 -> 13 # 0 at 207506504, 0.541705 0.394009
2024-07-09 06:46:34,440 INFO CHECKSUM 2 14 0: 1.158470
2024-07-09 06:46:34,441 INFO CHECKSUM 2 14 0: 1.158470
2024-07-09 06:46:34,465 INFO sent 2 -> 14 # 0 at 176830159, 0.541705 0.394009
2024-07-09 06:46:34,469 INFO recv 2 -> 14 # 0 at 206337560, 0.541705 0.394009
2024-07-09 06:46:34,636 INFO CHECKSUM 2 15 0: 1.158470
2024-07-09 06:46:34,637 INFO CHECKSUM 2 15 0: 1.158470
2024-07-09 06:46:34,654 INFO Accepting from rank 3
2024-07-09 06:46:34,654 INFO Accepting from rank 3
2024-07-09 06:46:34,654 INFO Accepting from rank 3
2024-07-09 06:46:34,654 INFO Accepting from rank 3
2024-07-09 06:46:34,654 INFO Accepting from rank 3
2024-07-09 06:46:34,654 INFO Accepting from rank 3
2024-07-09 06:46:34,654 INFO Accepting from rank 3
2024-07-09 06:46:34,654 INFO Accepting from rank 3
2024-07-09 06:46:34,654 INFO Accepting from rank 3
2024-07-09 06:46:34,654 INFO sent 2 -> 15 # 0 at 166515199, 0.541705 0.394009
2024-07-09 06:46:34,654 INFO Accepting from rank 3
2024-07-09 06:46:34,654 INFO Accepting from rank 3
2024-07-09 06:46:34,654 INFO Accepting from rank 3
2024-07-09 06:46:34,654 INFO Sending from rank 3
2024-07-09 06:46:34,654 INFO recv 2 -> 15 # 0 at 184626836, 0.541705 0.394009
2024-07-09 06:46:34,654 INFO Accepting from rank 3
2024-07-09 06:46:34,654 INFO Accepting from rank 3
2024-07-09 06:46:34,654 INFO Accepting from rank 3
2024-07-09 06:46:34,704 INFO CHECKSUM 3 0 0: 1.943019
2024-07-09 06:46:34,717 INFO recv 3 -> 0 # 0 at 28193475, 0.788958 0.102016
2024-07-09 06:46:34,703 INFO CHECKSUM 3 0 0: 1.943019
2024-07-09 06:46:34,717 INFO sent 3 -> 0 # 0 at 14538692, 0.788958 0.102016
2024-07-09 06:46:34,739 INFO CHECKSUM 3 1 0: 1.943019
2024-07-09 06:46:34,739 INFO CHECKSUM 3 1 0: 1.943019
2024-07-09 06:46:34,761 INFO recv 3 -> 1 # 0 at 36000479, 0.788958 0.102016
2024-07-09 06:46:34,761 INFO sent 3 -> 1 # 0 at 13703307, 0.788958 0.102016
2024-07-09 06:46:34,776 INFO CHECKSUM 3 2 0: 1.943019
2024-07-09 06:46:34,776 INFO CHECKSUM 3 2 0: 1.943019
2024-07-09 06:46:34,810 INFO recv 3 -> 2 # 0 at 48597799, 0.788958 0.102016
2024-07-09 06:46:34,821 INFO sent 3 -> 2 # 0 at 13974081, 0.788958 0.102016
2024-07-09 06:46:35,012 INFO CHECKSUM 3 4 0: 1.943019
2024-07-09 06:46:35,012 INFO CHECKSUM 3 4 0: 1.943019
2024-07-09 06:46:35,026 INFO recv 3 -> 4 # 0 at 201375961, 0.788958 0.102016
2024-07-09 06:46:35,026 INFO sent 3 -> 4 # 0 at 186955573, 0.788958 0.102016
2024-07-09 06:46:35,236 INFO CHECKSUM 3 5 0: 1.943019
2024-07-09 06:46:35,236 INFO CHECKSUM 3 5 0: 1.943019
2024-07-09 06:46:35,261 INFO recv 3 -> 5 # 0 at 221164459, 0.788958 0.102016
2024-07-09 06:46:35,261 INFO sent 3 -> 5 # 0 at 196478512, 0.788958 0.102016
2024-07-09 06:46:35,429 INFO CHECKSUM 3 6 0: 1.943019
2024-07-09 06:46:35,430 INFO CHECKSUM 3 6 0: 1.943019
2024-07-09 06:46:35,455 INFO sent 3 -> 6 # 0 at 160093260, 0.788958 0.102016
2024-07-09 06:46:35,455 INFO recv 3 -> 6 # 0 at 185795420, 0.788958 0.102016
2024-07-09 06:46:35,655 INFO CHECKSUM 3 7 0: 1.943019
2024-07-09 06:46:35,656 INFO CHECKSUM 3 7 0: 1.943019
2024-07-09 06:46:35,691 INFO sent 3 -> 7 # 0 at 170821158, 0.788958 0.102016
2024-07-09 06:46:35,691 INFO recv 3 -> 7 # 0 at 210017752, 0.788958 0.102016
2024-07-09 06:46:35,850 INFO CHECKSUM 3 8 0: 1.943019
2024-07-09 06:46:35,850 INFO CHECKSUM 3 8 0: 1.943019
2024-07-09 06:46:35,865 INFO sent 3 -> 8 # 0 at 156967962, 0.788958 0.102016
2024-07-09 06:46:35,865 INFO recv 3 -> 8 # 0 at 172013531, 0.788958 0.102016
2024-07-09 06:46:36,067 INFO CHECKSUM 3 9 0: 1.943019
2024-07-09 06:46:36,067 INFO CHECKSUM 3 9 0: 1.943019
2024-07-09 06:46:36,087 INFO sent 3 -> 9 # 0 at 189613338, 0.788958 0.102016
2024-07-09 06:46:36,087 INFO recv 3 -> 9 # 0 at 210207344, 0.788958 0.102016
2024-07-09 06:46:36,298 INFO CHECKSUM 3 10 0: 1.943019
2024-07-09 06:46:36,310 INFO sent 3 -> 10 # 0 at 171638417, 0.788958 0.102016
2024-07-09 06:46:36,298 INFO CHECKSUM 3 10 0: 1.943019
2024-07-09 06:46:36,310 INFO recv 3 -> 10 # 0 at 190547582, 0.788958 0.102016
2024-07-09 06:46:36,485 INFO CHECKSUM 3 11 0: 1.943019
2024-07-09 06:46:36,486 INFO CHECKSUM 3 11 0: 1.943019
2024-07-09 06:46:36,509 INFO sent 3 -> 11 # 0 at 166786773, 0.788958 0.102016
2024-07-09 06:46:36,517 INFO recv 3 -> 11 # 0 at 199091436, 0.788958 0.102016
2024-07-09 06:46:36,715 INFO CHECKSUM 3 12 0: 1.943019
2024-07-09 06:46:36,715 INFO CHECKSUM 3 12 0: 1.943019
2024-07-09 06:46:36,732 INFO sent 3 -> 12 # 0 at 191971064, 0.788958 0.102016
2024-07-09 06:46:36,732 INFO recv 3 -> 12 # 0 at 209163662, 0.788958 0.102016
2024-07-09 06:46:36,917 INFO CHECKSUM 3 13 0: 1.943019
2024-07-09 06:46:36,918 INFO CHECKSUM 3 13 0: 1.943019
2024-07-09 06:46:36,934 INFO sent 3 -> 13 # 0 at 177858776, 0.788958 0.102016
2024-07-09 06:46:36,934 INFO recv 3 -> 13 # 0 at 194713991, 0.788958 0.102016
2024-07-09 06:46:37,126 INFO CHECKSUM 3 14 0: 1.943019
2024-07-09 06:46:37,126 INFO CHECKSUM 3 14 0: 1.943019
2024-07-09 06:46:37,145 INFO sent 3 -> 14 # 0 at 177150247, 0.788958 0.102016
2024-07-09 06:46:37,145 INFO recv 3 -> 14 # 0 at 196022435, 0.788958 0.102016
2024-07-09 06:46:37,273 INFO CHECKSUM 3 15 0: 1.943019
2024-07-09 06:46:37,274 INFO CHECKSUM 3 15 0: 1.943019
2024-07-09 06:46:37,286 INFO Accepting from rank 4
2024-07-09 06:46:37,293 INFO Accepting from rank 4
2024-07-09 06:46:37,293 INFO Accepting from rank 4
2024-07-09 06:46:37,293 INFO Sending from rank 4
2024-07-09 06:46:37,293 INFO Accepting from rank 4
2024-07-09 06:46:37,293 INFO Accepting from rank 4
2024-07-09 06:46:37,293 INFO Accepting from rank 4
2024-07-09 06:46:37,293 INFO Accepting from rank 4
2024-07-09 06:46:37,293 INFO Accepting from rank 4
2024-07-09 06:46:37,293 INFO Accepting from rank 4
2024-07-09 06:46:37,293 INFO Accepting from rank 4
2024-07-09 06:46:37,293 INFO Accepting from rank 4
2024-07-09 06:46:37,299 INFO Accepting from rank 4
2024-07-09 06:46:37,300 INFO Accepting from rank 4
2024-07-09 06:46:37,299 INFO recv 3 -> 15 # 0 at 147649849, 0.788958 0.102016
2024-07-09 06:46:37,300 INFO Accepting from rank 4
2024-07-09 06:46:37,300 INFO sent 3 -> 15 # 0 at 121301587, 0.788958 0.102016
2024-07-09 06:46:37,300 INFO Accepting from rank 4
2024-07-09 06:46:37,345 INFO CHECKSUM 4 0 0: 2.080362
2024-07-09 06:46:37,345 INFO CHECKSUM 4 0 0: 2.080362
2024-07-09 06:46:37,353 INFO recv 4 -> 0 # 0 at 29887549, 0.391745 0.367806
2024-07-09 06:46:37,355 INFO sent 4 -> 0 # 0 at 21417064, 0.391745 0.367806
2024-07-09 06:46:37,466 INFO CHECKSUM 4 1 0: 2.080362
2024-07-09 06:46:37,473 INFO CHECKSUM 4 1 0: 2.080362
2024-07-09 06:46:37,498 INFO sent 4 -> 1 # 0 at 89812156, 0.391745 0.367806
2024-07-09 06:46:37,509 INFO recv 4 -> 1 # 0 at 131991862, 0.391745 0.367806
2024-07-09 06:46:37,523 INFO CHECKSUM 4 2 0: 2.080362
2024-07-09 06:46:37,524 INFO CHECKSUM 4 2 0: 2.080362
2024-07-09 06:46:37,542 INFO sent 4 -> 2 # 0 at 13771868, 0.391745 0.367806
2024-07-09 06:46:37,542 INFO recv 4 -> 2 # 0 at 33004440, 0.391745 0.367806
2024-07-09 06:46:37,559 INFO CHECKSUM 4 3 0: 2.080362
2024-07-09 06:46:37,560 INFO CHECKSUM 4 3 0: 2.080362
2024-07-09 06:46:37,577 INFO sent 4 -> 3 # 0 at 13996262, 0.391745 0.367806
2024-07-09 06:46:37,577 INFO recv 4 -> 3 # 0 at 32180599, 0.391745 0.367806
2024-07-09 06:46:37,804 INFO CHECKSUM 4 5 0: 2.080362
2024-07-09 06:46:37,805 INFO CHECKSUM 4 5 0: 2.080362
2024-07-09 06:46:37,829 INFO sent 4 -> 5 # 0 at 217117192, 0.391745 0.367806
2024-07-09 06:46:37,829 INFO recv 4 -> 5 # 0 at 242156812, 0.391745 0.367806
2024-07-09 06:46:38,012 INFO CHECKSUM 4 6 0: 2.080362
2024-07-09 06:46:38,013 INFO CHECKSUM 4 6 0: 2.080362
2024-07-09 06:46:38,027 INFO sent 4 -> 6 # 0 at 177471003, 0.391745 0.367806
2024-07-09 06:46:38,027 INFO recv 4 -> 6 # 0 at 192416587, 0.391745 0.367806
2024-07-09 06:46:38,252 INFO CHECKSUM 4 7 0: 2.080362
2024-07-09 06:46:38,253 INFO CHECKSUM 4 7 0: 2.080362
2024-07-09 06:46:38,269 INFO sent 4 -> 7 # 0 at 211829861, 0.391745 0.367806
2024-07-09 06:46:38,269 INFO recv 4 -> 7 # 0 at 228884649, 0.391745 0.367806
2024-07-09 06:46:38,392 INFO CHECKSUM 4 8 0: 2.080362
2024-07-09 06:46:38,407 INFO sent 4 -> 8 # 0 at 110013620, 0.391745 0.367806
2024-07-09 06:46:38,392 INFO CHECKSUM 4 8 0: 2.080362
2024-07-09 06:46:38,407 INFO recv 4 -> 8 # 0 at 125264070, 0.391745 0.367806
2024-07-09 06:46:38,597 INFO CHECKSUM 4 9 0: 2.080362
2024-07-09 06:46:38,598 INFO CHECKSUM 4 9 0: 2.080362
2024-07-09 06:46:38,617 INFO sent 4 -> 9 # 0 at 176356491, 0.391745 0.367806
2024-07-09 06:46:38,617 INFO recv 4 -> 9 # 0 at 196394231, 0.391745 0.367806
2024-07-09 06:46:38,791 INFO CHECKSUM 4 10 0: 2.080362
2024-07-09 06:46:38,791 INFO CHECKSUM 4 10 0: 2.080362
2024-07-09 06:46:38,809 INFO sent 4 -> 10 # 0 at 159902271, 0.391745 0.367806
2024-07-09 06:46:38,809 INFO recv 4 -> 10 # 0 at 177846473, 0.391745 0.367806
2024-07-09 06:46:39,025 INFO CHECKSUM 4 11 0: 2.080362
2024-07-09 06:46:39,026 INFO CHECKSUM 4 11 0: 2.080362
2024-07-09 06:46:39,039 INFO sent 4 -> 11 # 0 at 184619579, 0.391745 0.367806
2024-07-09 06:46:39,039 INFO recv 4 -> 11 # 0 at 198714026, 0.391745 0.367806
2024-07-09 06:46:39,252 INFO CHECKSUM 4 12 0: 2.080362
2024-07-09 06:46:39,253 INFO CHECKSUM 4 12 0: 2.080362
2024-07-09 06:46:39,275 INFO recv 4 -> 12 # 0 at 226762172, 0.391745 0.367806
2024-07-09 06:46:39,275 INFO sent 4 -> 12 # 0 at 204176531, 0.391745 0.367806
2024-07-09 06:46:39,430 INFO CHECKSUM 4 13 0: 2.080362
2024-07-09 06:46:39,430 INFO CHECKSUM 4 13 0: 2.080362
2024-07-09 06:46:39,457 INFO sent 4 -> 13 # 0 at 151768583, 0.391745 0.367806
2024-07-09 06:46:39,458 INFO recv 4 -> 13 # 0 at 180128935, 0.391745 0.367806
2024-07-09 06:46:39,620 INFO CHECKSUM 4 14 0: 2.080362
2024-07-09 06:46:39,621 INFO CHECKSUM 4 14 0: 2.080362
2024-07-09 06:46:39,645 INFO sent 4 -> 14 # 0 at 158783301, 0.391745 0.367806
2024-07-09 06:46:39,645 INFO recv 4 -> 14 # 0 at 183277172, 0.391745 0.367806
2024-07-09 06:46:39,836 INFO CHECKSUM 4 15 0: 2.080362
2024-07-09 06:46:39,837 INFO CHECKSUM 4 15 0: 2.080362
2024-07-09 06:46:39,864 INFO Accepting from rank 5
2024-07-09 06:46:39,864 INFO Accepting from rank 5
2024-07-09 06:46:39,864 INFO Accepting from rank 5
2024-07-09 06:46:39,864 INFO sent 4 -> 15 # 0 at 177650299, 0.391745 0.367806
2024-07-09 06:46:39,864 INFO Accepting from rank 5
2024-07-09 06:46:39,864 INFO Sending from rank 5
2024-07-09 06:46:39,864 INFO Accepting from rank 5
2024-07-09 06:46:39,864 INFO Accepting from rank 5
2024-07-09 06:46:39,864 INFO Accepting from rank 5
2024-07-09 06:46:39,864 INFO Accepting from rank 5
2024-07-09 06:46:39,864 INFO Accepting from rank 5
2024-07-09 06:46:39,864 INFO Accepting from rank 5
2024-07-09 06:46:39,864 INFO Accepting from rank 5
2024-07-09 06:46:39,864 INFO Accepting from rank 5
2024-07-09 06:46:39,864 INFO recv 4 -> 15 # 0 at 205475260, 0.391745 0.367806
2024-07-09 06:46:39,864 INFO Accepting from rank 5
2024-07-09 06:46:39,864 INFO Accepting from rank 5
2024-07-09 06:46:39,864 INFO Accepting from rank 5
2024-07-09 06:46:39,978 INFO CHECKSUM 5 0 0: 0.526450
2024-07-09 06:46:39,979 INFO CHECKSUM 5 0 0: 0.526450
2024-07-09 06:46:39,993 INFO recv 5 -> 0 # 0 at 97500519, 0.155796 0.127934
2024-07-09 06:46:39,994 INFO sent 5 -> 0 # 0 at 83236135, 0.155796 0.127934
2024-07-09 06:46:40,021 INFO CHECKSUM 5 1 0: 0.526450
2024-07-09 06:46:40,030 INFO CHECKSUM 5 1 0: 0.526450
2024-07-09 06:46:40,069 INFO recv 5 -> 1 # 0 at 62915084, 0.155796 0.127934
2024-07-09 06:46:40,069 INFO sent 5 -> 1 # 0 at 14453093, 0.155796 0.127934
2024-07-09 06:46:40,087 INFO CHECKSUM 5 2 0: 0.526450
2024-07-09 06:46:40,088 INFO CHECKSUM 5 2 0: 0.526450
2024-07-09 06:46:40,100 INFO sent 5 -> 2 # 0 at 13909264, 0.155796 0.127934
2024-07-09 06:46:40,100 INFO recv 5 -> 2 # 0 at 27083862, 0.155796 0.127934
2024-07-09 06:46:40,120 INFO CHECKSUM 5 3 0: 0.526450
2024-07-09 06:46:40,120 INFO CHECKSUM 5 3 0: 0.526450
2024-07-09 06:46:40,133 INFO recv 5 -> 3 # 0 at 27998969, 0.155796 0.127934
2024-07-09 06:46:40,133 INFO sent 5 -> 3 # 0 at 14510725, 0.155796 0.127934
2024-07-09 06:46:40,150 INFO CHECKSUM 5 4 0: 0.526450
2024-07-09 06:46:40,151 INFO CHECKSUM 5 4 0: 0.526450
2024-07-09 06:46:40,163 INFO sent 5 -> 4 # 0 at 16253551, 0.155796 0.127934
2024-07-09 06:46:40,163 INFO recv 5 -> 4 # 0 at 29281992, 0.155796 0.127934
2024-07-09 06:46:40,408 INFO CHECKSUM 5 6 0: 0.526450
2024-07-09 06:46:40,409 INFO CHECKSUM 5 6 0: 0.526450
2024-07-09 06:46:40,431 INFO sent 5 -> 6 # 0 at 212798512, 0.155796 0.127934
2024-07-09 06:46:40,431 INFO recv 5 -> 6 # 0 at 235580311, 0.155796 0.127934
2024-07-09 06:46:40,636 INFO CHECKSUM 5 7 0: 0.526450
2024-07-09 06:46:40,638 INFO CHECKSUM 5 7 0: 0.526450
2024-07-09 06:46:40,671 INFO sent 5 -> 7 # 0 at 192907425, 0.155796 0.127934
2024-07-09 06:46:40,671 INFO recv 5 -> 7 # 0 at 227998958, 0.155796 0.127934
2024-07-09 06:46:40,860 INFO CHECKSUM 5 8 0: 0.526450
2024-07-09 06:46:40,860 INFO CHECKSUM 5 8 0: 0.526450
2024-07-09 06:46:40,879 INFO sent 5 -> 8 # 0 at 176961459, 0.155796 0.127934
2024-07-09 06:46:40,879 INFO recv 5 -> 8 # 0 at 196027830, 0.155796 0.127934
2024-07-09 06:46:41,046 INFO CHECKSUM 5 9 0: 0.526450
2024-07-09 06:46:41,046 INFO CHECKSUM 5 9 0: 0.526450
2024-07-09 06:46:41,075 INFO sent 5 -> 9 # 0 at 166923443, 0.155796 0.127934
2024-07-09 06:46:41,083 INFO recv 5 -> 9 # 0 at 204514614, 0.155796 0.127934
2024-07-09 06:46:41,285 INFO CHECKSUM 5 10 0: 0.526450
2024-07-09 06:46:41,285 INFO CHECKSUM 5 10 0: 0.526450
2024-07-09 06:46:41,301 INFO sent 5 -> 10 # 0 at 185697100, 0.155796 0.127934
2024-07-09 06:46:41,301 INFO recv 5 -> 10 # 0 at 207331832, 0.155796 0.127934
2024-07-09 06:46:41,496 INFO CHECKSUM 5 11 0: 0.526450
2024-07-09 06:46:41,504 INFO CHECKSUM 5 11 0: 0.526450
2024-07-09 06:46:41,529 INFO sent 5 -> 11 # 0 at 189997165, 0.155796 0.127934
2024-07-09 06:46:41,529 INFO recv 5 -> 11 # 0 at 222533928, 0.155796 0.127934
2024-07-09 06:46:41,725 INFO CHECKSUM 5 12 0: 0.526450
2024-07-09 06:46:41,725 INFO CHECKSUM 5 12 0: 0.526450
2024-07-09 06:46:41,745 INFO recv 5 -> 12 # 0 at 203305670, 0.155796 0.127934
2024-07-09 06:46:41,754 INFO sent 5 -> 12 # 0 at 183475871, 0.155796 0.127934
2024-07-09 06:46:41,940 INFO CHECKSUM 5 13 0: 0.526450
2024-07-09 06:46:41,940 INFO CHECKSUM 5 13 0: 0.526450
2024-07-09 06:46:41,961 INFO recv 5 -> 13 # 0 at 189368641, 0.155796 0.127934
2024-07-09 06:46:41,966 INFO sent 5 -> 13 # 0 at 170568011, 0.155796 0.127934
2024-07-09 06:46:42,180 INFO CHECKSUM 5 14 0: 0.526450
2024-07-09 06:46:42,180 INFO CHECKSUM 5 14 0: 0.526450
2024-07-09 06:46:42,201 INFO sent 5 -> 14 # 0 at 209314153, 0.155796 0.127934
2024-07-09 06:46:42,201 INFO recv 5 -> 14 # 0 at 230396162, 0.155796 0.127934
2024-07-09 06:46:42,380 INFO CHECKSUM 5 15 0: 0.526450
2024-07-09 06:46:42,396 INFO Accepting from rank 6
2024-07-09 06:46:42,380 INFO CHECKSUM 5 15 0: 0.526450
2024-07-09 06:46:42,401 INFO Accepting from rank 6
2024-07-09 06:46:42,401 INFO Accepting from rank 6
2024-07-09 06:46:42,401 INFO Sending from rank 6
2024-07-09 06:46:42,401 INFO Accepting from rank 6
2024-07-09 06:46:42,401 INFO Accepting from rank 6
2024-07-09 06:46:42,401 INFO sent 5 -> 15 # 0 at 178170694, 0.155796 0.127934
2024-07-09 06:46:42,401 INFO Accepting from rank 6
2024-07-09 06:46:42,401 INFO Accepting from rank 6
2024-07-09 06:46:42,402 INFO Accepting from rank 6
2024-07-09 06:46:42,402 INFO Accepting from rank 6
2024-07-09 06:46:42,405 INFO Accepting from rank 6
2024-07-09 06:46:42,405 INFO Accepting from rank 6
2024-07-09 06:46:42,409 INFO Accepting from rank 6
2024-07-09 06:46:42,409 INFO Accepting from rank 6
2024-07-09 06:46:42,409 INFO recv 5 -> 15 # 0 at 207780235, 0.155796 0.127934
2024-07-09 06:46:42,409 INFO Accepting from rank 6
2024-07-09 06:46:42,409 INFO Accepting from rank 6
2024-07-09 06:46:42,464 INFO CHECKSUM 6 0 0: 1.938112
2024-07-09 06:46:42,465 INFO CHECKSUM 6 0 0: 1.938112
2024-07-09 06:46:42,475 INFO recv 6 -> 0 # 0 at 51545345, 0.906283 0.863112
2024-07-09 06:46:42,475 INFO sent 6 -> 0 # 0 at 41194519, 0.906283 0.863112
2024-07-09 06:46:42,518 INFO CHECKSUM 6 1 0: 1.938112
2024-07-09 06:46:42,519 INFO CHECKSUM 6 1 0: 1.938112
2024-07-09 06:46:42,528 INFO sent 6 -> 1 # 0 at 13836172, 0.906283 0.863112
2024-07-09 06:46:42,528 INFO recv 6 -> 1 # 0 at 23895300, 0.906283 0.863112
2024-07-09 06:46:42,543 INFO CHECKSUM 6 2 0: 1.938112
2024-07-09 06:46:42,550 INFO CHECKSUM 6 2 0: 1.938112
2024-07-09 06:46:42,569 INFO recv 6 -> 2 # 0 at 39855418, 0.906283 0.863112
2024-07-09 06:46:42,569 INFO sent 6 -> 2 # 0 at 14692927, 0.906283 0.863112
2024-07-09 06:46:42,686 INFO CHECKSUM 6 3 0: 1.938112
2024-07-09 06:46:42,687 INFO CHECKSUM 6 3 0: 1.938112
2024-07-09 06:46:42,703 INFO recv 6 -> 3 # 0 at 98701459, 0.906283 0.863112
2024-07-09 06:46:42,703 INFO sent 6 -> 3 # 0 at 88446889, 0.906283 0.863112
2024-07-09 06:46:42,729 INFO CHECKSUM 6 4 0: 1.938112
2024-07-09 06:46:42,729 INFO CHECKSUM 6 4 0: 1.938112
2024-07-09 06:46:42,745 INFO recv 6 -> 4 # 0 at 30422917, 0.906283 0.863112
2024-07-09 06:46:42,745 INFO sent 6 -> 4 # 0 at 14448495, 0.906283 0.863112
2024-07-09 06:46:42,769 INFO CHECKSUM 6 5 0: 1.938112
2024-07-09 06:46:42,770 INFO CHECKSUM 6 5 0: 1.938112
2024-07-09 06:46:42,793 INFO recv 6 -> 5 # 0 at 44600858, 0.906283 0.863112
2024-07-09 06:46:42,793 INFO sent 6 -> 5 # 0 at 20633740, 0.906283 0.863112
2024-07-09 06:46:43,000 INFO CHECKSUM 6 7 0: 1.938112
2024-07-09 06:46:43,001 INFO CHECKSUM 6 7 0: 1.938112
2024-07-09 06:46:43,029 INFO sent 6 -> 7 # 0 at 191726986, 0.906283 0.863112
2024-07-09 06:46:43,029 INFO recv 6 -> 7 # 0 at 220029236, 0.906283 0.863112
2024-07-09 06:46:43,220 INFO CHECKSUM 6 8 0: 1.938112
2024-07-09 06:46:43,230 INFO CHECKSUM 6 8 0: 1.938112
2024-07-09 06:46:43,239 INFO sent 6 -> 8 # 0 at 172503128, 0.906283 0.863112
2024-07-09 06:46:43,239 INFO recv 6 -> 8 # 0 at 191373322, 0.906283 0.863112
2024-07-09 06:46:43,413 INFO CHECKSUM 6 9 0: 1.938112
2024-07-09 06:46:43,413 INFO CHECKSUM 6 9 0: 1.938112
2024-07-09 06:46:43,429 INFO sent 6 -> 9 # 0 at 168885311, 0.906283 0.863112
2024-07-09 06:46:43,429 INFO recv 6 -> 9 # 0 at 185685712, 0.906283 0.863112
2024-07-09 06:46:43,616 INFO CHECKSUM 6 10 0: 1.938112
2024-07-09 06:46:43,625 INFO CHECKSUM 6 10 0: 1.938112
2024-07-09 06:46:43,651 INFO sent 6 -> 10 # 0 at 181532878, 0.906283 0.863112
2024-07-09 06:46:43,651 INFO recv 6 -> 10 # 0 at 216783497, 0.906283 0.863112
2024-07-09 06:46:43,816 INFO CHECKSUM 6 11 0: 1.938112
2024-07-09 06:46:43,817 INFO CHECKSUM 6 11 0: 1.938112
2024-07-09 06:46:43,829 INFO sent 6 -> 11 # 0 at 153651189, 0.906283 0.863112
2024-07-09 06:46:43,829 INFO recv 6 -> 11 # 0 at 166036139, 0.906283 0.863112
2024-07-09 06:46:44,065 INFO CHECKSUM 6 12 0: 1.938112
2024-07-09 06:46:44,081 INFO sent 6 -> 12 # 0 at 234707735, 0.906283 0.863112
2024-07-09 06:46:44,065 INFO CHECKSUM 6 12 0: 1.938112
2024-07-09 06:46:44,081 INFO recv 6 -> 12 # 0 at 250585409, 0.906283 0.863112
2024-07-09 06:46:44,264 INFO CHECKSUM 6 13 0: 1.938112
2024-07-09 06:46:44,264 INFO CHECKSUM 6 13 0: 1.938112
2024-07-09 06:46:44,285 INFO recv 6 -> 13 # 0 at 197911835, 0.906283 0.863112
2024-07-09 06:46:44,293 INFO sent 6 -> 13 # 0 at 176802482, 0.906283 0.863112
2024-07-09 06:46:44,453 INFO CHECKSUM 6 14 0: 1.938112
2024-07-09 06:46:44,461 INFO CHECKSUM 6 14 0: 1.938112
2024-07-09 06:46:44,476 INFO recv 6 -> 14 # 0 at 182893511, 0.906283 0.863112
2024-07-09 06:46:44,487 INFO sent 6 -> 14 # 0 at 158971695, 0.906283 0.863112
2024-07-09 06:46:44,666 INFO CHECKSUM 6 15 0: 1.938112
2024-07-09 06:46:44,666 INFO CHECKSUM 6 15 0: 1.938112
2024-07-09 06:46:44,682 INFO Accepting from rank 7
2024-07-09 06:46:44,682 INFO Accepting from rank 7
2024-07-09 06:46:44,682 INFO Accepting from rank 7
2024-07-09 06:46:44,682 INFO Accepting from rank 7
2024-07-09 06:46:44,682 INFO sent 6 -> 15 # 0 at 169944788, 0.906283 0.863112
2024-07-09 06:46:44,682 INFO Accepting from rank 7
2024-07-09 06:46:44,682 INFO Accepting from rank 7
2024-07-09 06:46:44,682 INFO Accepting from rank 7
2024-07-09 06:46:44,682 INFO Accepting from rank 7
2024-07-09 06:46:44,682 INFO Accepting from rank 7
2024-07-09 06:46:44,682 INFO Accepting from rank 7
2024-07-09 06:46:44,682 INFO Accepting from rank 7
2024-07-09 06:46:44,682 INFO Accepting from rank 7
2024-07-09 06:46:44,682 INFO recv 6 -> 15 # 0 at 181666826, 0.906283 0.863112
2024-07-09 06:46:44,682 INFO Accepting from rank 7
2024-07-09 06:46:44,682 INFO Accepting from rank 7
2024-07-09 06:46:44,686 INFO Accepting from rank 7
2024-07-09 06:46:44,686 INFO Sending from rank 7
2024-07-09 06:46:44,736 INFO CHECKSUM 7 0 0: 1.155137
2024-07-09 06:46:44,736 INFO CHECKSUM 7 0 0: 1.155137
2024-07-09 06:46:44,759 INFO recv 7 -> 0 # 0 at 53049481, 0.384759 0.548536
2024-07-09 06:46:44,762 INFO sent 7 -> 0 # 0 at 26495822, 0.384759 0.548536
2024-07-09 06:46:44,798 INFO CHECKSUM 7 1 0: 1.155137
2024-07-09 06:46:44,799 INFO CHECKSUM 7 1 0: 1.155137
2024-07-09 06:46:44,805 INFO sent 7 -> 1 # 0 at 25782094, 0.384759 0.548536
2024-07-09 06:46:44,805 INFO recv 7 -> 1 # 0 at 32916611, 0.384759 0.548536
2024-07-09 06:46:44,830 INFO CHECKSUM 7 2 0: 1.155137
2024-07-09 06:46:44,831 INFO CHECKSUM 7 2 0: 1.155137
2024-07-09 06:46:44,842 INFO sent 7 -> 2 # 0 at 13596680, 0.384759 0.548536
2024-07-09 06:46:44,842 INFO recv 7 -> 2 # 0 at 25119827, 0.384759 0.548536
2024-07-09 06:46:44,862 INFO CHECKSUM 7 3 0: 1.155137
2024-07-09 06:46:44,863 INFO CHECKSUM 7 3 0: 1.155137
2024-07-09 06:46:44,885 INFO recv 7 -> 3 # 0 at 36798201, 0.384759 0.548536
2024-07-09 06:46:44,887 INFO sent 7 -> 3 # 0 at 14538628, 0.384759 0.548536
2024-07-09 06:46:44,909 INFO CHECKSUM 7 4 0: 1.155137
2024-07-09 06:46:44,908 INFO CHECKSUM 7 4 0: 1.155137
2024-07-09 06:46:44,924 INFO sent 7 -> 4 # 0 at 13986162, 0.384759 0.548536
2024-07-09 06:46:44,924 INFO recv 7 -> 4 # 0 at 29466720, 0.384759 0.548536
2024-07-09 06:46:44,962 INFO CHECKSUM 7 5 0: 1.155137
2024-07-09 06:46:44,959 INFO CHECKSUM 7 5 0: 1.155137
2024-07-09 06:46:44,969 INFO recv 7 -> 5 # 0 at 32229646, 0.384759 0.548536
2024-07-09 06:46:44,969 INFO sent 7 -> 5 # 0 at 22098399, 0.384759 0.548536
2024-07-09 06:46:45,015 INFO CHECKSUM 7 6 0: 1.155137
2024-07-09 06:46:45,016 INFO CHECKSUM 7 6 0: 1.155137
2024-07-09 06:46:45,023 INFO sent 7 -> 6 # 0 at 26179031, 0.384759 0.548536
2024-07-09 06:46:45,023 INFO recv 7 -> 6 # 0 at 34071453, 0.384759 0.548536
2024-07-09 06:46:45,149 INFO CHECKSUM 7 8 0: 1.155137
2024-07-09 06:46:45,149 INFO CHECKSUM 7 8 0: 1.155137
2024-07-09 06:46:45,161 INFO sent 7 -> 8 # 0 at 121785587, 0.384759 0.548536
2024-07-09 06:46:45,161 INFO recv 7 -> 8 # 0 at 134453264, 0.384759 0.548536
2024-07-09 06:46:45,332 INFO CHECKSUM 7 9 0: 1.155137
2024-07-09 06:46:45,332 INFO CHECKSUM 7 9 0: 1.155137
2024-07-09 06:46:45,371 INFO sent 7 -> 9 # 0 at 165340155, 0.384759 0.548536
2024-07-09 06:46:45,377 INFO recv 7 -> 9 # 0 at 209907614, 0.384759 0.548536
2024-07-09 06:46:45,572 INFO CHECKSUM 7 10 0: 1.155137
2024-07-09 06:46:45,572 INFO CHECKSUM 7 10 0: 1.155137
2024-07-09 06:46:45,589 INFO sent 7 -> 10 # 0 at 182019618, 0.384759 0.548536
2024-07-09 06:46:45,589 INFO recv 7 -> 10 # 0 at 198820551, 0.384759 0.548536
2024-07-09 06:46:45,762 INFO CHECKSUM 7 11 0: 1.155137
2024-07-09 06:46:45,762 INFO CHECKSUM 7 11 0: 1.155137
2024-07-09 06:46:45,781 INFO recv 7 -> 11 # 0 at 184770359, 0.384759 0.548536
2024-07-09 06:46:45,786 INFO sent 7 -> 11 # 0 at 167778013, 0.384759 0.548536
2024-07-09 06:46:46,005 INFO CHECKSUM 7 12 0: 1.155137
2024-07-09 06:46:46,006 INFO CHECKSUM 7 12 0: 1.155137
2024-07-09 06:46:46,021 INFO sent 7 -> 12 # 0 at 205164658, 0.384759 0.548536
2024-07-09 06:46:46,021 INFO recv 7 -> 12 # 0 at 221810696, 0.384759 0.548536
2024-07-09 06:46:46,204 INFO CHECKSUM 7 13 0: 1.155137
2024-07-09 06:46:46,205 INFO CHECKSUM 7 13 0: 1.155137
2024-07-09 06:46:46,227 INFO recv 7 -> 13 # 0 at 202133872, 0.384759 0.548536
2024-07-09 06:46:46,231 INFO sent 7 -> 13 # 0 at 178848053, 0.384759 0.548536
2024-07-09 06:46:46,424 INFO CHECKSUM 7 14 0: 1.155137
2024-07-09 06:46:46,425 INFO CHECKSUM 7 14 0: 1.155137
2024-07-09 06:46:46,444 INFO sent 7 -> 14 # 0 at 181152123, 0.384759 0.548536
2024-07-09 06:46:46,451 INFO recv 7 -> 14 # 0 at 208008117, 0.384759 0.548536
2024-07-09 06:46:46,616 INFO CHECKSUM 7 15 0: 1.155137
2024-07-09 06:46:46,617 INFO CHECKSUM 7 15 0: 1.155137
2024-07-09 06:46:46,634 INFO Accepting from rank 8
2024-07-09 06:46:46,634 INFO Accepting from rank 8
2024-07-09 06:46:46,634 INFO Accepting from rank 8
2024-07-09 06:46:46,634 INFO Sending from rank 8
2024-07-09 06:46:46,634 INFO Accepting from rank 8
2024-07-09 06:46:46,634 INFO Accepting from rank 8
2024-07-09 06:46:46,634 INFO Accepting from rank 8
2024-07-09 06:46:46,634 INFO Accepting from rank 8
2024-07-09 06:46:46,634 INFO Accepting from rank 8
2024-07-09 06:46:46,634 INFO Accepting from rank 8
2024-07-09 06:46:46,634 INFO Accepting from rank 8
2024-07-09 06:46:46,634 INFO sent 7 -> 15 # 0 at 164232285, 0.384759 0.548536
2024-07-09 06:46:46,634 INFO Accepting from rank 8
2024-07-09 06:46:46,634 INFO recv 7 -> 15 # 0 at 181821936, 0.384759 0.548536
2024-07-09 06:46:46,634 INFO Accepting from rank 8
2024-07-09 06:46:46,634 INFO Accepting from rank 8
2024-07-09 06:46:46,634 INFO Accepting from rank 8
2024-07-09 06:46:46,634 INFO Accepting from rank 8
2024-07-09 06:46:46,681 INFO CHECKSUM 8 0 0: 1.702505
2024-07-09 06:46:46,680 INFO CHECKSUM 8 0 0: 1.702505
2024-07-09 06:46:46,693 INFO recv 8 -> 0 # 0 at 27111805, 0.067787 0.822241
2024-07-09 06:46:46,693 INFO sent 8 -> 0 # 0 at 14062748, 0.067787 0.822241
2024-07-09 06:46:46,743 INFO CHECKSUM 8 1 0: 1.702505
2024-07-09 06:46:46,743 INFO CHECKSUM 8 1 0: 1.702505
2024-07-09 06:46:46,777 INFO recv 8 -> 1 # 0 at 47938256, 0.067787 0.822241
2024-07-09 06:46:46,777 INFO sent 8 -> 1 # 0 at 18257205, 0.067787 0.822241
2024-07-09 06:46:46,808 INFO CHECKSUM 8 2 0: 1.702505
2024-07-09 06:46:46,809 INFO CHECKSUM 8 2 0: 1.702505
2024-07-09 06:46:46,821 INFO recv 8 -> 2 # 0 at 27460519, 0.067787 0.822241
2024-07-09 06:46:46,821 INFO sent 8 -> 2 # 0 at 14256933, 0.067787 0.822241
2024-07-09 06:46:46,852 INFO CHECKSUM 8 3 0: 1.702505
2024-07-09 06:46:46,850 INFO CHECKSUM 8 3 0: 1.702505
2024-07-09 06:46:46,859 INFO recv 8 -> 3 # 0 at 22271292, 0.067787 0.822241
2024-07-09 06:46:46,859 INFO sent 8 -> 3 # 0 at 13863702, 0.067787 0.822241
2024-07-09 06:46:46,905 INFO CHECKSUM 8 4 0: 1.702505
2024-07-09 06:46:46,905 INFO CHECKSUM 8 4 0: 1.702505
2024-07-09 06:46:46,918 INFO recv 8 -> 4 # 0 at 32247951, 0.067787 0.822241
2024-07-09 06:46:46,917 INFO sent 8 -> 4 # 0 at 20001205, 0.067787 0.822241
2024-07-09 06:46:46,935 INFO CHECKSUM 8 5 0: 1.702505
2024-07-09 06:46:46,935 INFO CHECKSUM 8 5 0: 1.702505
2024-07-09 06:46:46,955 INFO recv 8 -> 5 # 0 at 33754190, 0.067787 0.822241
2024-07-09 06:46:46,955 INFO sent 8 -> 5 # 0 at 14036848, 0.067787 0.822241
2024-07-09 06:46:47,020 INFO CHECKSUM 8 6 0: 1.702505
2024-07-09 06:46:47,020 INFO CHECKSUM 8 6 0: 1.702505
2024-07-09 06:46:47,040 INFO sent 8 -> 6 # 0 at 34979306, 0.067787 0.822241
2024-07-09 06:46:47,047 INFO recv 8 -> 6 # 0 at 62495419, 0.067787 0.822241
2024-07-09 06:46:47,146 INFO CHECKSUM 8 7 0: 1.702505
2024-07-09 06:46:47,146 INFO CHECKSUM 8 7 0: 1.702505
2024-07-09 06:46:47,163 INFO recv 8 -> 7 # 0 at 102158701, 0.067787 0.822241
2024-07-09 06:46:47,163 INFO sent 8 -> 7 # 0 at 84731204, 0.067787 0.822241
2024-07-09 06:46:47,389 INFO CHECKSUM 8 9 0: 1.702505
2024-07-09 06:46:47,390 INFO CHECKSUM 8 9 0: 1.702505
2024-07-09 06:46:47,399 INFO sent 8 -> 9 # 0 at 212663293, 0.067787 0.822241
2024-07-09 06:46:47,399 INFO recv 8 -> 9 # 0 at 222582252, 0.067787 0.822241
2024-07-09 06:46:47,594 INFO CHECKSUM 8 10 0: 1.702505
2024-07-09 06:46:47,594 INFO CHECKSUM 8 10 0: 1.702505
2024-07-09 06:46:47,621 INFO sent 8 -> 10 # 0 at 175548159, 0.067787 0.822241
2024-07-09 06:46:47,621 INFO recv 8 -> 10 # 0 at 203150191, 0.067787 0.822241
2024-07-09 06:46:47,829 INFO CHECKSUM 8 11 0: 1.702505
2024-07-09 06:46:47,830 INFO CHECKSUM 8 11 0: 1.702505
2024-07-09 06:46:47,849 INFO sent 8 -> 11 # 0 at 189931298, 0.067787 0.822241
2024-07-09 06:46:47,849 INFO recv 8 -> 11 # 0 at 210220369, 0.067787 0.822241
2024-07-09 06:46:48,069 INFO CHECKSUM 8 12 0: 1.702505
2024-07-09 06:46:48,069 INFO CHECKSUM 8 12 0: 1.702505
2024-07-09 06:46:48,087 INFO sent 8 -> 12 # 0 at 215420665, 0.067787 0.822241
2024-07-09 06:46:48,087 INFO recv 8 -> 12 # 0 at 233967729, 0.067787 0.822241
2024-07-09 06:46:48,268 INFO CHECKSUM 8 13 0: 1.702505
2024-07-09 06:46:48,269 INFO CHECKSUM 8 13 0: 1.702505
2024-07-09 06:46:48,285 INFO recv 8 -> 13 # 0 at 195132783, 0.067787 0.822241
2024-07-09 06:46:48,285 INFO sent 8 -> 13 # 0 at 177877483, 0.067787 0.822241
2024-07-09 06:46:48,470 INFO CHECKSUM 8 14 0: 1.702505
2024-07-09 06:46:48,471 INFO CHECKSUM 8 14 0: 1.702505
2024-07-09 06:46:48,484 INFO sent 8 -> 14 # 0 at 173816013, 0.067787 0.822241
2024-07-09 06:46:48,484 INFO recv 8 -> 14 # 0 at 187348107, 0.067787 0.822241
2024-07-09 06:46:48,622 INFO CHECKSUM 8 15 0: 1.702505
2024-07-09 06:46:48,622 INFO CHECKSUM 8 15 0: 1.702505
2024-07-09 06:46:48,647 INFO Accepting from rank 9
2024-07-09 06:46:48,654 INFO Accepting from rank 9
2024-07-09 06:46:48,654 INFO Accepting from rank 9
2024-07-09 06:46:48,654 INFO Accepting from rank 9
2024-07-09 06:46:48,654 INFO Accepting from rank 9
2024-07-09 06:46:48,654 INFO Accepting from rank 9
2024-07-09 06:46:48,654 INFO sent 8 -> 15 # 0 at 125215376, 0.067787 0.822241
2024-07-09 06:46:48,654 INFO Accepting from rank 9
2024-07-09 06:46:48,654 INFO Sending from rank 9
2024-07-09 06:46:48,655 INFO Accepting from rank 9
2024-07-09 06:46:48,654 INFO recv 8 -> 15 # 0 at 157577716, 0.067787 0.822241
2024-07-09 06:46:48,654 INFO Accepting from rank 9
2024-07-09 06:46:48,655 INFO Accepting from rank 9
2024-07-09 06:46:48,656 INFO Accepting from rank 9
2024-07-09 06:46:48,654 INFO Accepting from rank 9
2024-07-09 06:46:48,654 INFO Accepting from rank 9
2024-07-09 06:46:48,656 INFO Accepting from rank 9
2024-07-09 06:46:48,654 INFO Accepting from rank 9
2024-07-09 06:46:48,697 INFO CHECKSUM 9 0 0: 0.797850
2024-07-09 06:46:48,706 INFO CHECKSUM 9 0 0: 0.797850
2024-07-09 06:46:48,718 INFO recv 9 -> 0 # 0 at 35159896, 0.617768 0.047863
2024-07-09 06:46:48,737 INFO sent 9 -> 0 # 0 at 14131000, 0.617768 0.047863
2024-07-09 06:46:48,843 INFO CHECKSUM 9 1 0: 0.797850
2024-07-09 06:46:48,844 INFO CHECKSUM 9 1 0: 0.797850
2024-07-09 06:46:48,858 INFO recv 9 -> 1 # 0 at 109553759, 0.617768 0.047863
2024-07-09 06:46:48,858 INFO sent 9 -> 1 # 0 at 86638879, 0.617768 0.047863
2024-07-09 06:46:48,883 INFO CHECKSUM 9 2 0: 0.797850
2024-07-09 06:46:48,884 INFO CHECKSUM 9 2 0: 0.797850
2024-07-09 06:46:48,893 INFO recv 9 -> 2 # 0 at 24874513, 0.617768 0.047863
2024-07-09 06:46:48,893 INFO sent 9 -> 2 # 0 at 14164104, 0.617768 0.047863
2024-07-09 06:46:48,928 INFO CHECKSUM 9 3 0: 0.797850
2024-07-09 06:46:48,928 INFO CHECKSUM 9 3 0: 0.797850
2024-07-09 06:46:48,944 INFO recv 9 -> 3 # 0 at 39523156, 0.617768 0.047863
2024-07-09 06:46:48,946 INFO sent 9 -> 3 # 0 at 22883619, 0.617768 0.047863
2024-07-09 06:46:48,971 INFO CHECKSUM 9 4 0: 0.797850
2024-07-09 06:46:48,972 INFO CHECKSUM 9 4 0: 0.797850
2024-07-09 06:46:48,986 INFO recv 9 -> 4 # 0 at 29775826, 0.617768 0.047863
2024-07-09 06:46:48,986 INFO sent 9 -> 4 # 0 at 14510335, 0.617768 0.047863
2024-07-09 06:46:49,004 INFO CHECKSUM 9 5 0: 0.797850
2024-07-09 06:46:49,013 INFO CHECKSUM 9 5 0: 0.797850
2024-07-09 06:46:49,025 INFO recv 9 -> 5 # 0 at 34999195, 0.617768 0.047863
2024-07-09 06:46:49,025 INFO sent 9 -> 5 # 0 at 13860195, 0.617768 0.047863
2024-07-09 06:46:49,040 INFO CHECKSUM 9 6 0: 0.797850
2024-07-09 06:46:49,051 INFO recv 9 -> 6 # 0 at 25566597, 0.617768 0.047863
2024-07-09 06:46:49,040 INFO CHECKSUM 9 6 0: 0.797850
2024-07-09 06:46:49,051 INFO sent 9 -> 6 # 0 at 14562136, 0.617768 0.047863
2024-07-09 06:46:49,065 INFO CHECKSUM 9 7 0: 0.797850
2024-07-09 06:46:49,065 INFO CHECKSUM 9 7 0: 0.797850
2024-07-09 06:46:49,082 INFO recv 9 -> 7 # 0 at 31290291, 0.617768 0.047863
2024-07-09 06:46:49,086 INFO sent 9 -> 7 # 0 at 13907026, 0.617768 0.047863
2024-07-09 06:46:49,119 INFO CHECKSUM 9 8 0: 0.797850
2024-07-09 06:46:49,124 INFO CHECKSUM 9 8 0: 0.797850
2024-07-09 06:46:49,131 INFO recv 9 -> 8 # 0 at 35094279, 0.617768 0.047863
2024-07-09 06:46:49,143 INFO sent 9 -> 8 # 0 at 22986238, 0.617768 0.047863
2024-07-09 06:46:49,346 INFO CHECKSUM 9 10 0: 0.797850
2024-07-09 06:46:49,347 INFO CHECKSUM 9 10 0: 0.797850
2024-07-09 06:46:49,370 INFO sent 9 -> 10 # 0 at 187781082, 0.617768 0.047863
2024-07-09 06:46:49,370 INFO recv 9 -> 10 # 0 at 211519377, 0.617768 0.047863
2024-07-09 06:46:49,586 INFO CHECKSUM 9 11 0: 0.797850
2024-07-09 06:46:49,587 INFO CHECKSUM 9 11 0: 0.797850
2024-07-09 06:46:49,609 INFO sent 9 -> 11 # 0 at 203157535, 0.617768 0.047863
2024-07-09 06:46:49,609 INFO recv 9 -> 11 # 0 at 226388848, 0.617768 0.047863
2024-07-09 06:46:49,837 INFO CHECKSUM 9 12 0: 0.797850
2024-07-09 06:46:49,837 INFO CHECKSUM 9 12 0: 0.797850
2024-07-09 06:46:49,857 INFO recv 9 -> 12 # 0 at 220554203, 0.617768 0.047863
2024-07-09 06:46:49,865 INFO sent 9 -> 12 # 0 at 196091535, 0.617768 0.047863
2024-07-09 06:46:50,049 INFO CHECKSUM 9 13 0: 0.797850
2024-07-09 06:46:50,050 INFO CHECKSUM 9 13 0: 0.797850
2024-07-09 06:46:50,070 INFO sent 9 -> 13 # 0 at 181864458, 0.617768 0.047863
2024-07-09 06:46:50,074 INFO recv 9 -> 13 # 0 at 207391162, 0.617768 0.047863
2024-07-09 06:46:50,240 INFO CHECKSUM 9 14 0: 0.797850
2024-07-09 06:46:50,241 INFO CHECKSUM 9 14 0: 0.797850
2024-07-09 06:46:50,265 INFO recv 9 -> 14 # 0 at 184775656, 0.617768 0.047863
2024-07-09 06:46:50,268 INFO sent 9 -> 14 # 0 at 159817170, 0.617768 0.047863
2024-07-09 06:46:50,466 INFO CHECKSUM 9 15 0: 0.797850
2024-07-09 06:46:50,467 INFO CHECKSUM 9 15 0: 0.797850
2024-07-09 06:46:50,485 INFO Accepting from rank 10
2024-07-09 06:46:50,485 INFO Accepting from rank 10
2024-07-09 06:46:50,485 INFO Accepting from rank 10
2024-07-09 06:46:50,485 INFO Accepting from rank 10
2024-07-09 06:46:50,485 INFO Accepting from rank 10
2024-07-09 06:46:50,485 INFO Accepting from rank 10
2024-07-09 06:46:50,485 INFO Accepting from rank 10
2024-07-09 06:46:50,485 INFO sent 9 -> 15 # 0 at 186234696, 0.617768 0.047863
2024-07-09 06:46:50,485 INFO recv 9 -> 15 # 0 at 204822497, 0.617768 0.047863
2024-07-09 06:46:50,485 INFO Sending from rank 10
2024-07-09 06:46:50,485 INFO Accepting from rank 10
2024-07-09 06:46:50,485 INFO Accepting from rank 10
2024-07-09 06:46:50,491 INFO Accepting from rank 10
2024-07-09 06:46:50,491 INFO Accepting from rank 10
2024-07-09 06:46:50,491 INFO Accepting from rank 10
2024-07-09 06:46:50,491 INFO Accepting from rank 10
2024-07-09 06:46:50,491 INFO Accepting from rank 10
2024-07-09 06:46:50,491 INFO Accepting from rank 10
2024-07-09 06:46:50,610 INFO CHECKSUM 10 0 0: 1.255381
2024-07-09 06:46:50,611 INFO CHECKSUM 10 0 0: 1.255381
2024-07-09 06:46:50,621 INFO sent 10 -> 0 # 0 at 82699518, 0.918986 0.048831
2024-07-09 06:46:50,621 INFO recv 10 -> 0 # 0 at 104356486, 0.918986 0.048831
2024-07-09 06:46:50,643 INFO CHECKSUM 10 1 0: 1.255381
2024-07-09 06:46:50,644 INFO CHECKSUM 10 1 0: 1.255381
2024-07-09 06:46:50,665 INFO recv 10 -> 1 # 0 at 35336978, 0.918986 0.048831
2024-07-09 06:46:50,665 INFO sent 10 -> 1 # 0 at 13942555, 0.918986 0.048831
2024-07-09 06:46:50,706 INFO CHECKSUM 10 2 0: 1.255381
2024-07-09 06:46:50,707 INFO CHECKSUM 10 2 0: 1.255381
2024-07-09 06:46:50,723 INFO recv 10 -> 2 # 0 at 46518162, 0.918986 0.048831
2024-07-09 06:46:50,723 INFO sent 10 -> 2 # 0 at 29345790, 0.918986 0.048831
2024-07-09 06:46:50,826 INFO CHECKSUM 10 3 0: 1.255381
2024-07-09 06:46:50,827 INFO CHECKSUM 10 3 0: 1.255381
2024-07-09 06:46:50,855 INFO sent 10 -> 3 # 0 at 89577394, 0.918986 0.048831
2024-07-09 06:46:50,856 INFO recv 10 -> 3 # 0 at 119317393, 0.918986 0.048831
2024-07-09 06:46:50,965 INFO CHECKSUM 10 4 0: 1.255381
2024-07-09 06:46:50,965 INFO CHECKSUM 10 4 0: 1.255381
2024-07-09 06:46:50,970 INFO recv 10 -> 4 # 0 at 79754382, 0.918986 0.048831
2024-07-09 06:46:50,970 INFO sent 10 -> 4 # 0 at 74258312, 0.918986 0.048831
2024-07-09 06:46:50,995 INFO CHECKSUM 10 5 0: 1.255381
2024-07-09 06:46:50,996 INFO CHECKSUM 10 5 0: 1.255381
2024-07-09 06:46:51,019 INFO recv 10 -> 5 # 0 at 37439517, 0.918986 0.048831
2024-07-09 06:46:51,019 INFO sent 10 -> 5 # 0 at 14042148, 0.918986 0.048831
2024-07-09 06:46:51,046 INFO CHECKSUM 10 6 0: 1.255381
2024-07-09 06:46:51,047 INFO CHECKSUM 10 6 0: 1.255381
2024-07-09 06:46:51,061 INFO recv 10 -> 6 # 0 at 28997804, 0.918986 0.048831
2024-07-09 06:46:51,061 INFO sent 10 -> 6 # 0 at 14332711, 0.918986 0.048831
2024-07-09 06:46:51,086 INFO CHECKSUM 10 7 0: 1.255381
2024-07-09 06:46:51,086 INFO CHECKSUM 10 7 0: 1.255381
2024-07-09 06:46:51,098 INFO recv 10 -> 7 # 0 at 26910924, 0.918986 0.048831
2024-07-09 06:46:51,098 INFO sent 10 -> 7 # 0 at 14515795, 0.918986 0.048831
2024-07-09 06:46:51,123 INFO CHECKSUM 10 8 0: 1.255381
2024-07-09 06:46:51,123 INFO CHECKSUM 10 8 0: 1.255381
2024-07-09 06:46:51,141 INFO recv 10 -> 8 # 0 at 32286518, 0.918986 0.048831
2024-07-09 06:46:51,141 INFO sent 10 -> 8 # 0 at 14188131, 0.918986 0.048831
2024-07-09 06:46:51,156 INFO CHECKSUM 10 9 0: 1.255381
2024-07-09 06:46:51,155 INFO CHECKSUM 10 9 0: 1.255381
2024-07-09 06:46:51,183 INFO recv 10 -> 9 # 0 at 41309581, 0.918986 0.048831
2024-07-09 06:46:51,183 INFO sent 10 -> 9 # 0 at 14074029, 0.918986 0.048831
2024-07-09 06:46:51,401 INFO CHECKSUM 10 11 0: 1.255381
2024-07-09 06:46:51,402 INFO CHECKSUM 10 11 0: 1.255381
2024-07-09 06:46:51,423 INFO sent 10 -> 11 # 0 at 218100168, 0.918986 0.048831
2024-07-09 06:46:51,424 INFO recv 10 -> 11 # 0 at 240777748, 0.918986 0.048831
2024-07-09 06:46:51,618 INFO CHECKSUM 10 12 0: 1.255381
2024-07-09 06:46:51,619 INFO CHECKSUM 10 12 0: 1.255381
2024-07-09 06:46:51,637 INFO recv 10 -> 12 # 0 at 201969172, 0.918986 0.048831
2024-07-09 06:46:51,637 INFO sent 10 -> 12 # 0 at 183252929, 0.918986 0.048831
2024-07-09 06:46:51,873 INFO CHECKSUM 10 13 0: 1.255381
2024-07-09 06:46:51,873 INFO CHECKSUM 10 13 0: 1.255381
2024-07-09 06:46:51,897 INFO sent 10 -> 13 # 0 at 197226423, 0.918986 0.048831
2024-07-09 06:46:51,897 INFO recv 10 -> 13 # 0 at 221180276, 0.918986 0.048831
2024-07-09 06:46:52,089 INFO CHECKSUM 10 14 0: 1.255381
2024-07-09 06:46:52,090 INFO CHECKSUM 10 14 0: 1.255381
2024-07-09 06:46:52,103 INFO sent 10 -> 14 # 0 at 180009143, 0.918986 0.048831
2024-07-09 06:46:52,103 INFO recv 10 -> 14 # 0 at 193946396, 0.918986 0.048831
2024-07-09 06:46:52,298 INFO CHECKSUM 10 15 0: 1.255381
2024-07-09 06:46:52,298 INFO CHECKSUM 10 15 0: 1.255381
2024-07-09 06:46:52,321 INFO Accepting from rank 11
2024-07-09 06:46:52,321 INFO Accepting from rank 11
2024-07-09 06:46:52,321 INFO Accepting from rank 11
2024-07-09 06:46:52,321 INFO Accepting from rank 11
2024-07-09 06:46:52,321 INFO Accepting from rank 11
2024-07-09 06:46:52,321 INFO Accepting from rank 11
2024-07-09 06:46:52,321 INFO Accepting from rank 11
2024-07-09 06:46:52,321 INFO sent 10 -> 15 # 0 at 179122435, 0.918986 0.048831
2024-07-09 06:46:52,321 INFO Accepting from rank 11
2024-07-09 06:46:52,321 INFO Accepting from rank 11
2024-07-09 06:46:52,321 INFO Accepting from rank 11
2024-07-09 06:46:52,321 INFO Accepting from rank 11
2024-07-09 06:46:52,321 INFO recv 10 -> 15 # 0 at 202083704, 0.918986 0.048831
2024-07-09 06:46:52,322 INFO Accepting from rank 11
2024-07-09 06:46:52,321 INFO Accepting from rank 11
2024-07-09 06:46:52,322 INFO Accepting from rank 11
2024-07-09 06:46:52,325 INFO Accepting from rank 11
2024-07-09 06:46:52,325 INFO Sending from rank 11
2024-07-09 06:46:52,364 INFO CHECKSUM 11 0 0: 1.139811
2024-07-09 06:46:52,374 INFO CHECKSUM 11 0 0: 1.139811
2024-07-09 06:46:52,382 INFO recv 11 -> 0 # 0 at 32021531, 0.809388 0.666862
2024-07-09 06:46:52,382 INFO sent 11 -> 0 # 0 at 14133896, 0.809388 0.666862
2024-07-09 06:46:52,403 INFO CHECKSUM 11 1 0: 1.139811
2024-07-09 06:46:52,404 INFO CHECKSUM 11 1 0: 1.139811
2024-07-09 06:46:52,433 INFO recv 11 -> 1 # 0 at 43307589, 0.809388 0.666862
2024-07-09 06:46:52,445 INFO sent 11 -> 1 # 0 at 13863181, 0.809388 0.666862
2024-07-09 06:46:52,547 INFO CHECKSUM 11 2 0: 1.139811
2024-07-09 06:46:52,546 INFO CHECKSUM 11 2 0: 1.139811
2024-07-09 06:46:52,563 INFO recv 11 -> 2 # 0 at 104007202, 0.809388 0.666862
2024-07-09 06:46:52,563 INFO sent 11 -> 2 # 0 at 81342147, 0.809388 0.666862
2024-07-09 06:46:52,603 INFO CHECKSUM 11 3 0: 1.139811
2024-07-09 06:46:52,604 INFO CHECKSUM 11 3 0: 1.139811
2024-07-09 06:46:52,633 INFO recv 11 -> 3 # 0 at 45939353, 0.809388 0.666862
2024-07-09 06:46:52,641 INFO sent 11 -> 3 # 0 at 13556067, 0.809388 0.666862
2024-07-09 06:46:52,660 INFO CHECKSUM 11 4 0: 1.139811
2024-07-09 06:46:52,669 INFO CHECKSUM 11 4 0: 1.139811
2024-07-09 06:46:52,677 INFO recv 11 -> 4 # 0 at 32204727, 0.809388 0.666862
2024-07-09 06:46:52,677 INFO sent 11 -> 4 # 0 at 14602754, 0.809388 0.666862
2024-07-09 06:46:52,717 INFO CHECKSUM 11 5 0: 1.139811
2024-07-09 06:46:52,717 INFO CHECKSUM 11 5 0: 1.139811
2024-07-09 06:46:52,733 INFO sent 11 -> 5 # 0 at 25947606, 0.809388 0.666862
2024-07-09 06:46:52,733 INFO recv 11 -> 5 # 0 at 38745360, 0.809388 0.666862
2024-07-09 06:46:52,749 INFO CHECKSUM 11 6 0: 1.139811
2024-07-09 06:46:52,749 INFO CHECKSUM 11 6 0: 1.139811
2024-07-09 06:46:52,765 INFO recv 11 -> 6 # 0 at 30672599, 0.809388 0.666862
2024-07-09 06:46:52,765 INFO sent 11 -> 6 # 0 at 14487110, 0.809388 0.666862
2024-07-09 06:46:52,788 INFO CHECKSUM 11 7 0: 1.139811
2024-07-09 06:46:52,787 INFO CHECKSUM 11 7 0: 1.139811
2024-07-09 06:46:52,811 INFO sent 11 -> 7 # 0 at 13956743, 0.809388 0.666862
2024-07-09 06:46:52,819 INFO recv 11 -> 7 # 0 at 45796639, 0.809388 0.666862
2024-07-09 06:46:52,849 INFO CHECKSUM 11 8 0: 1.139811
2024-07-09 06:46:52,849 INFO CHECKSUM 11 8 0: 1.139811
2024-07-09 06:46:52,863 INFO recv 11 -> 8 # 0 at 28781145, 0.809388 0.666862
2024-07-09 06:46:52,864 INFO sent 11 -> 8 # 0 at 13817302, 0.809388 0.666862
2024-07-09 06:46:52,884 INFO CHECKSUM 11 9 0: 1.139811
2024-07-09 06:46:52,884 INFO CHECKSUM 11 9 0: 1.139811
2024-07-09 06:46:52,901 INFO recv 11 -> 9 # 0 at 31125007, 0.809388 0.666862
2024-07-09 06:46:52,901 INFO sent 11 -> 9 # 0 at 13915743, 0.809388 0.666862
2024-07-09 06:46:52,927 INFO CHECKSUM 11 10 0: 1.139811
2024-07-09 06:46:52,927 INFO CHECKSUM 11 10 0: 1.139811
2024-07-09 06:46:52,943 INFO recv 11 -> 10 # 0 at 30047249, 0.809388 0.666862
2024-07-09 06:46:52,943 INFO sent 11 -> 10 # 0 at 14102234, 0.809388 0.666862
2024-07-09 06:46:53,206 INFO CHECKSUM 11 12 0: 1.139811
2024-07-09 06:46:53,225 INFO CHECKSUM 11 12 0: 1.139811
2024-07-09 06:46:53,236 INFO recv 11 -> 12 # 0 at 283207613, 0.809388 0.666862
2024-07-09 06:46:53,237 INFO sent 11 -> 12 # 0 at 251807518, 0.809388 0.666862
2024-07-09 06:46:53,450 INFO CHECKSUM 11 13 0: 1.139811
2024-07-09 06:46:53,450 INFO CHECKSUM 11 13 0: 1.139811
2024-07-09 06:46:53,470 INFO sent 11 -> 13 # 0 at 192890703, 0.809388 0.666862
2024-07-09 06:46:53,470 INFO recv 11 -> 13 # 0 at 218289056, 0.809388 0.666862
2024-07-09 06:46:53,733 INFO CHECKSUM 11 14 0: 1.139811
2024-07-09 06:46:53,733 INFO CHECKSUM 11 14 0: 1.139811
2024-07-09 06:46:53,753 INFO sent 11 -> 14 # 0 at 233292033, 0.809388 0.666862
2024-07-09 06:46:53,753 INFO recv 11 -> 14 # 0 at 253166467, 0.809388 0.666862
2024-07-09 06:46:53,966 INFO CHECKSUM 11 15 0: 1.139811
2024-07-09 06:46:53,974 INFO CHECKSUM 11 15 0: 1.139811
2024-07-09 06:46:53,989 INFO Accepting from rank 12
2024-07-09 06:46:53,989 INFO Accepting from rank 12
2024-07-09 06:46:53,989 INFO Accepting from rank 12
2024-07-09 06:46:53,989 INFO Accepting from rank 12
2024-07-09 06:46:53,989 INFO Sending from rank 12
2024-07-09 06:46:53,989 INFO Accepting from rank 12
2024-07-09 06:46:53,989 INFO Accepting from rank 12
2024-07-09 06:46:53,989 INFO Accepting from rank 12
2024-07-09 06:46:53,989 INFO Accepting from rank 12
2024-07-09 06:46:53,989 INFO Accepting from rank 12
2024-07-09 06:46:53,989 INFO Accepting from rank 12
2024-07-09 06:46:53,989 INFO Accepting from rank 12
2024-07-09 06:46:53,989 INFO Accepting from rank 12
2024-07-09 06:46:53,989 INFO Accepting from rank 12
2024-07-09 06:46:53,989 INFO recv 11 -> 15 # 0 at 235107535, 0.809388 0.666862
2024-07-09 06:46:53,989 INFO sent 11 -> 15 # 0 at 211389244, 0.809388 0.666862
2024-07-09 06:46:53,989 INFO Accepting from rank 12
2024-07-09 06:46:53,989 INFO Accepting from rank 12
2024-07-09 06:46:54,035 INFO CHECKSUM 12 0 0: 0.680487
2024-07-09 06:46:54,035 INFO CHECKSUM 12 0 0: 0.680487
2024-07-09 06:46:54,049 INFO recv 12 -> 0 # 0 at 28238993, 0.858374 0.410864
2024-07-09 06:46:54,049 INFO sent 12 -> 0 # 0 at 14151535, 0.858374 0.410864
2024-07-09 06:46:54,074 INFO CHECKSUM 12 1 0: 0.680487
2024-07-09 06:46:54,073 INFO CHECKSUM 12 1 0: 0.680487
2024-07-09 06:46:54,085 INFO recv 12 -> 1 # 0 at 26648449, 0.858374 0.410864
2024-07-09 06:46:54,085 INFO sent 12 -> 1 # 0 at 14687372, 0.858374 0.410864
2024-07-09 06:46:54,114 INFO CHECKSUM 12 2 0: 0.680487
2024-07-09 06:46:54,114 INFO CHECKSUM 12 2 0: 0.680487
2024-07-09 06:46:54,133 INFO recv 12 -> 2 # 0 at 33150573, 0.858374 0.410864
2024-07-09 06:46:54,133 INFO sent 12 -> 2 # 0 at 14124433, 0.858374 0.410864
2024-07-09 06:46:54,157 INFO CHECKSUM 12 3 0: 0.680487
2024-07-09 06:46:54,167 INFO CHECKSUM 12 3 0: 0.680487
2024-07-09 06:46:54,188 INFO recv 12 -> 3 # 0 at 44751317, 0.858374 0.410864
2024-07-09 06:46:54,188 INFO sent 12 -> 3 # 0 at 13974993, 0.858374 0.410864
2024-07-09 06:46:54,215 INFO CHECKSUM 12 4 0: 0.680487
2024-07-09 06:46:54,216 INFO CHECKSUM 12 4 0: 0.680487
2024-07-09 06:46:54,230 INFO recv 12 -> 4 # 0 at 29334064, 0.858374 0.410864
2024-07-09 06:46:54,230 INFO sent 12 -> 4 # 0 at 13912402, 0.858374 0.410864
2024-07-09 06:46:54,333 INFO CHECKSUM 12 5 0: 0.680487
2024-07-09 06:46:54,333 INFO CHECKSUM 12 5 0: 0.680487
2024-07-09 06:46:54,341 INFO sent 12 -> 5 # 0 at 84753118, 0.858374 0.410864
2024-07-09 06:46:54,342 INFO recv 12 -> 5 # 0 at 90894496, 0.858374 0.410864
2024-07-09 06:46:54,361 INFO CHECKSUM 12 6 0: 0.680487
2024-07-09 06:46:54,361 INFO CHECKSUM 12 6 0: 0.680487
2024-07-09 06:46:54,371 INFO recv 12 -> 6 # 0 at 24719331, 0.858374 0.410864
2024-07-09 06:46:54,371 INFO sent 12 -> 6 # 0 at 14076429, 0.858374 0.410864
2024-07-09 06:46:54,416 INFO CHECKSUM 12 7 0: 0.680487
2024-07-09 06:46:54,416 INFO CHECKSUM 12 7 0: 0.680487
2024-07-09 06:46:54,435 INFO sent 12 -> 7 # 0 at 17520059, 0.858374 0.410864
2024-07-09 06:46:54,437 INFO recv 12 -> 7 # 0 at 35768360, 0.858374 0.410864
2024-07-09 06:46:54,455 INFO CHECKSUM 12 8 0: 0.680487
2024-07-09 06:46:54,456 INFO CHECKSUM 12 8 0: 0.680487
2024-07-09 06:46:54,469 INFO sent 12 -> 8 # 0 at 14001805, 0.858374 0.410864
2024-07-09 06:46:54,469 INFO recv 12 -> 8 # 0 at 27523940, 0.858374 0.410864
2024-07-09 06:46:54,502 INFO CHECKSUM 12 9 0: 0.680487
2024-07-09 06:46:54,502 INFO CHECKSUM 12 9 0: 0.680487
2024-07-09 06:46:54,517 INFO sent 12 -> 9 # 0 at 14409495, 0.858374 0.410864
2024-07-09 06:46:54,517 INFO recv 12 -> 9 # 0 at 29121966, 0.858374 0.410864
2024-07-09 06:46:54,541 INFO CHECKSUM 12 10 0: 0.680487
2024-07-09 06:46:54,550 INFO CHECKSUM 12 10 0: 0.680487
2024-07-09 06:46:54,559 INFO sent 12 -> 10 # 0 at 14223354, 0.858374 0.410864
2024-07-09 06:46:54,559 INFO recv 12 -> 10 # 0 at 32528256, 0.858374 0.410864
2024-07-09 06:46:54,663 INFO CHECKSUM 12 11 0: 0.680487
2024-07-09 06:46:54,663 INFO CHECKSUM 12 11 0: 0.680487
2024-07-09 06:46:54,671 INFO sent 12 -> 11 # 0 at 91224049, 0.858374 0.410864
2024-07-09 06:46:54,671 INFO recv 12 -> 11 # 0 at 99427048, 0.858374 0.410864
2024-07-09 06:46:54,877 INFO CHECKSUM 12 13 0: 0.680487
2024-07-09 06:46:54,877 INFO CHECKSUM 12 13 0: 0.680487
2024-07-09 06:46:54,888 INFO sent 12 -> 13 # 0 at 193357213, 0.858374 0.410864
2024-07-09 06:46:54,888 INFO recv 12 -> 13 # 0 at 204912802, 0.858374 0.410864
2024-07-09 06:46:55,088 INFO CHECKSUM 12 14 0: 0.680487
2024-07-09 06:46:55,095 INFO CHECKSUM 12 14 0: 0.680487
2024-07-09 06:46:55,113 INFO sent 12 -> 14 # 0 at 193638008, 0.858374 0.410864
2024-07-09 06:46:55,113 INFO recv 12 -> 14 # 0 at 218664143, 0.858374 0.410864
2024-07-09 06:46:55,292 INFO CHECKSUM 12 15 0: 0.680487
2024-07-09 06:46:55,303 INFO Accepting from rank 13
2024-07-09 06:46:55,303 INFO Accepting from rank 13
2024-07-09 06:46:55,293 INFO CHECKSUM 12 15 0: 0.680487
2024-07-09 06:46:55,303 INFO Accepting from rank 13
2024-07-09 06:46:55,303 INFO Accepting from rank 13
2024-07-09 06:46:55,303 INFO Accepting from rank 13
2024-07-09 06:46:55,303 INFO Sending from rank 13
2024-07-09 06:46:55,303 INFO Accepting from rank 13
2024-07-09 06:46:55,303 INFO Accepting from rank 13
2024-07-09 06:46:55,303 INFO Accepting from rank 13
2024-07-09 06:46:55,303 INFO Accepting from rank 13
2024-07-09 06:46:55,303 INFO Accepting from rank 13
2024-07-09 06:46:55,303 INFO Accepting from rank 13
2024-07-09 06:46:55,303 INFO sent 12 -> 15 # 0 at 176180882, 0.858374 0.410864
2024-07-09 06:46:55,303 INFO Accepting from rank 13
2024-07-09 06:46:55,303 INFO Accepting from rank 13
2024-07-09 06:46:55,303 INFO Accepting from rank 13
2024-07-09 06:46:55,303 INFO recv 12 -> 15 # 0 at 187149683, 0.858374 0.410864
2024-07-09 06:46:55,303 INFO Accepting from rank 13
2024-07-09 06:46:55,347 INFO CHECKSUM 13 0 0: 1.464509
2024-07-09 06:46:55,348 INFO CHECKSUM 13 0 0: 1.464509
2024-07-09 06:46:55,361 INFO recv 13 -> 0 # 0 at 27322943, 0.680481 0.545833
2024-07-09 06:46:55,361 INFO sent 13 -> 0 # 0 at 13876242, 0.680481 0.545833
2024-07-09 06:46:55,388 INFO CHECKSUM 13 1 0: 1.464509
2024-07-09 06:46:55,388 INFO CHECKSUM 13 1 0: 1.464509
2024-07-09 06:46:55,416 INFO sent 13 -> 1 # 0 at 16962729, 0.680481 0.545833
2024-07-09 06:46:55,417 INFO recv 13 -> 1 # 0 at 45920758, 0.680481 0.545833
2024-07-09 06:46:55,517 INFO CHECKSUM 13 2 0: 1.464509
2024-07-09 06:46:55,517 INFO CHECKSUM 13 2 0: 1.464509
2024-07-09 06:46:55,531 INFO sent 13 -> 2 # 0 at 84402559, 0.680481 0.545833
2024-07-09 06:46:55,534 INFO recv 13 -> 2 # 0 at 101888588, 0.680481 0.545833
2024-07-09 06:46:55,590 INFO CHECKSUM 13 3 0: 1.464509
2024-07-09 06:46:55,598 INFO CHECKSUM 13 3 0: 1.464509
2024-07-09 06:46:55,614 INFO recv 13 -> 3 # 0 at 51513033, 0.680481 0.545833
2024-07-09 06:46:55,617 INFO sent 13 -> 3 # 0 at 29074605, 0.680481 0.545833
2024-07-09 06:46:55,636 INFO CHECKSUM 13 4 0: 1.464509
2024-07-09 06:46:55,636 INFO CHECKSUM 13 4 0: 1.464509
2024-07-09 06:46:55,653 INFO recv 13 -> 4 # 0 at 31974213, 0.680481 0.545833
2024-07-09 06:46:55,663 INFO sent 13 -> 4 # 0 at 14169089, 0.680481 0.545833
2024-07-09 06:46:55,725 INFO CHECKSUM 13 5 0: 1.464509
2024-07-09 06:46:55,725 INFO CHECKSUM 13 5 0: 1.464509
2024-07-09 06:46:55,732 INFO recv 13 -> 5 # 0 at 46928203, 0.680481 0.545833
2024-07-09 06:46:55,732 INFO sent 13 -> 5 # 0 at 39687857, 0.680481 0.545833
2024-07-09 06:46:55,757 INFO CHECKSUM 13 6 0: 1.464509
2024-07-09 06:46:55,758 INFO CHECKSUM 13 6 0: 1.464509
2024-07-09 06:46:55,770 INFO sent 13 -> 6 # 0 at 13993749, 0.680481 0.545833
2024-07-09 06:46:55,770 INFO recv 13 -> 6 # 0 at 26950529, 0.680481 0.545833
2024-07-09 06:46:55,799 INFO CHECKSUM 13 7 0: 1.464509
2024-07-09 06:46:55,799 INFO CHECKSUM 13 7 0: 1.464509
2024-07-09 06:46:55,817 INFO recv 13 -> 7 # 0 at 32534395, 0.680481 0.545833
2024-07-09 06:46:55,827 INFO sent 13 -> 7 # 0 at 14380328, 0.680481 0.545833
2024-07-09 06:46:55,845 INFO CHECKSUM 13 8 0: 1.464509
2024-07-09 06:46:55,845 INFO CHECKSUM 13 8 0: 1.464509
2024-07-09 06:46:55,859 INFO sent 13 -> 8 # 0 at 14452998, 0.680481 0.545833
2024-07-09 06:46:55,859 INFO recv 13 -> 8 # 0 at 29307236, 0.680481 0.545833
2024-07-09 06:46:55,880 INFO CHECKSUM 13 9 0: 1.464509
2024-07-09 06:46:55,881 INFO CHECKSUM 13 9 0: 1.464509
2024-07-09 06:46:55,898 INFO recv 13 -> 9 # 0 at 31971988, 0.680481 0.545833
2024-07-09 06:46:55,907 INFO sent 13 -> 9 # 0 at 13922723, 0.680481 0.545833
2024-07-09 06:46:55,924 INFO CHECKSUM 13 10 0: 1.464509
2024-07-09 06:46:55,924 INFO CHECKSUM 13 10 0: 1.464509
2024-07-09 06:46:55,941 INFO sent 13 -> 10 # 0 at 14190610, 0.680481 0.545833
2024-07-09 06:46:55,941 INFO recv 13 -> 10 # 0 at 31984282, 0.680481 0.545833
2024-07-09 06:46:55,970 INFO CHECKSUM 13 11 0: 1.464509
2024-07-09 06:46:55,971 INFO CHECKSUM 13 11 0: 1.464509
2024-07-09 06:46:55,993 INFO sent 13 -> 11 # 0 at 13697496, 0.680481 0.545833
2024-07-09 06:46:55,993 INFO recv 13 -> 11 # 0 at 36306878, 0.680481 0.545833
2024-07-09 06:46:56,026 INFO CHECKSUM 13 12 0: 1.464509
2024-07-09 06:46:56,026 INFO CHECKSUM 13 12 0: 1.464509
2024-07-09 06:46:56,037 INFO recv 13 -> 12 # 0 at 32146433, 0.680481 0.545833
2024-07-09 06:46:56,037 INFO sent 13 -> 12 # 0 at 14899043, 0.680481 0.545833
2024-07-09 06:46:56,282 INFO CHECKSUM 13 14 0: 1.464509
2024-07-09 06:46:56,282 INFO CHECKSUM 13 14 0: 1.464509
2024-07-09 06:46:56,293 INFO sent 13 -> 14 # 0 at 214148688, 0.680481 0.545833
2024-07-09 06:46:56,293 INFO recv 13 -> 14 # 0 at 225833165, 0.680481 0.545833
2024-07-09 06:46:56,489 INFO CHECKSUM 13 15 0: 1.464509
2024-07-09 06:46:56,492 INFO CHECKSUM 13 15 0: 1.464509
2024-07-09 06:46:56,506 INFO Accepting from rank 14
2024-07-09 06:46:56,506 INFO Accepting from rank 14
2024-07-09 06:46:56,506 INFO Accepting from rank 14
2024-07-09 06:46:56,506 INFO Accepting from rank 14
2024-07-09 06:46:56,506 INFO Accepting from rank 14
2024-07-09 06:46:56,506 INFO Accepting from rank 14
2024-07-09 06:46:56,506 INFO Sending from rank 14
2024-07-09 06:46:56,506 INFO Accepting from rank 14
2024-07-09 06:46:56,506 INFO Accepting from rank 14
2024-07-09 06:46:56,506 INFO Accepting from rank 14
2024-07-09 06:46:56,506 INFO sent 13 -> 15 # 0 at 185876026, 0.680481 0.545833
2024-07-09 06:46:56,506 INFO Accepting from rank 14
2024-07-09 06:46:56,506 INFO Accepting from rank 14
2024-07-09 06:46:56,507 INFO Accepting from rank 14
2024-07-09 06:46:56,506 INFO recv 13 -> 15 # 0 at 203028684, 0.680481 0.545833
2024-07-09 06:46:56,507 INFO Accepting from rank 14
2024-07-09 06:46:56,511 INFO Accepting from rank 14
2024-07-09 06:46:56,511 INFO Accepting from rank 14
2024-07-09 06:46:56,622 INFO CHECKSUM 14 0 0: 1.520516
2024-07-09 06:46:56,623 INFO CHECKSUM 14 0 0: 1.520516
2024-07-09 06:46:56,634 INFO recv 14 -> 0 # 0 at 101800698, 0.554052 0.071466
2024-07-09 06:46:56,634 INFO sent 14 -> 0 # 0 at 83856702, 0.554052 0.071466
2024-07-09 06:46:56,660 INFO CHECKSUM 14 1 0: 1.520516
2024-07-09 06:46:56,659 INFO CHECKSUM 14 1 0: 1.520516
2024-07-09 06:46:56,681 INFO recv 14 -> 1 # 0 at 35313613, 0.554052 0.071466
2024-07-09 06:46:56,681 INFO sent 14 -> 1 # 0 at 13972750, 0.554052 0.071466
2024-07-09 06:46:56,794 INFO CHECKSUM 14 2 0: 1.520516
2024-07-09 06:46:56,795 INFO CHECKSUM 14 2 0: 1.520516
2024-07-09 06:46:56,809 INFO recv 14 -> 2 # 0 at 103112142, 0.554052 0.071466
2024-07-09 06:46:56,809 INFO sent 14 -> 2 # 0 at 82484134, 0.554052 0.071466
2024-07-09 06:46:56,833 INFO CHECKSUM 14 3 0: 1.520516
2024-07-09 06:46:56,833 INFO CHECKSUM 14 3 0: 1.520516
2024-07-09 06:46:56,849 INFO recv 14 -> 3 # 0 at 39496805, 0.554052 0.071466
2024-07-09 06:46:56,855 INFO sent 14 -> 3 # 0 at 23279381, 0.554052 0.071466
2024-07-09 06:46:56,873 INFO CHECKSUM 14 4 0: 1.520516
2024-07-09 06:46:56,873 INFO CHECKSUM 14 4 0: 1.520516
2024-07-09 06:46:56,890 INFO recv 14 -> 4 # 0 at 32023608, 0.554052 0.071466
2024-07-09 06:46:56,890 INFO sent 14 -> 4 # 0 at 14383374, 0.554052 0.071466
2024-07-09 06:46:56,907 INFO CHECKSUM 14 5 0: 1.520516
2024-07-09 06:46:56,908 INFO CHECKSUM 14 5 0: 1.520516
2024-07-09 06:46:56,925 INFO sent 14 -> 5 # 0 at 13864019, 0.554052 0.071466
2024-07-09 06:46:56,924 INFO recv 14 -> 5 # 0 at 31094393, 0.554052 0.071466
2024-07-09 06:46:56,947 INFO CHECKSUM 14 6 0: 1.520516
2024-07-09 06:46:56,947 INFO CHECKSUM 14 6 0: 1.520516
2024-07-09 06:46:56,969 INFO recv 14 -> 6 # 0 at 35300386, 0.554052 0.071466
2024-07-09 06:46:56,969 INFO sent 14 -> 6 # 0 at 13929384, 0.554052 0.071466
2024-07-09 06:46:56,987 INFO CHECKSUM 14 7 0: 1.520516
2024-07-09 06:46:57,001 INFO sent 14 -> 7 # 0 at 14444963, 0.554052 0.071466
2024-07-09 06:46:56,988 INFO CHECKSUM 14 7 0: 1.520516
2024-07-09 06:46:57,001 INFO recv 14 -> 7 # 0 at 28583964, 0.554052 0.071466
2024-07-09 06:46:57,063 INFO CHECKSUM 14 8 0: 1.520516
2024-07-09 06:46:57,064 INFO CHECKSUM 14 8 0: 1.520516
2024-07-09 06:46:57,081 INFO recv 14 -> 8 # 0 at 47996316, 0.554052 0.071466
2024-07-09 06:46:57,090 INFO sent 14 -> 8 # 0 at 29497863, 0.554052 0.071466
2024-07-09 06:46:57,217 INFO CHECKSUM 14 9 0: 1.520516
2024-07-09 06:46:57,217 INFO CHECKSUM 14 9 0: 1.520516
2024-07-09 06:46:57,225 INFO sent 14 -> 9 # 0 at 99667691, 0.554052 0.071466
2024-07-09 06:46:57,225 INFO recv 14 -> 9 # 0 at 108184808, 0.554052 0.071466
2024-07-09 06:46:57,249 INFO CHECKSUM 14 10 0: 1.520516
2024-07-09 06:46:57,250 INFO CHECKSUM 14 10 0: 1.520516
2024-07-09 06:46:57,259 INFO sent 14 -> 10 # 0 at 13967979, 0.554052 0.071466
2024-07-09 06:46:57,259 INFO recv 14 -> 10 # 0 at 24542794, 0.554052 0.071466
2024-07-09 06:46:57,276 INFO CHECKSUM 14 11 0: 1.520516
2024-07-09 06:46:57,277 INFO CHECKSUM 14 11 0: 1.520516
2024-07-09 06:46:57,291 INFO sent 14 -> 11 # 0 at 13906050, 0.554052 0.071466
2024-07-09 06:46:57,291 INFO recv 14 -> 11 # 0 at 29507012, 0.554052 0.071466
2024-07-09 06:46:57,322 INFO CHECKSUM 14 12 0: 1.520516
2024-07-09 06:46:57,323 INFO CHECKSUM 14 12 0: 1.520516
2024-07-09 06:46:57,337 INFO recv 14 -> 12 # 0 at 28668558, 0.554052 0.071466
2024-07-09 06:46:57,337 INFO sent 14 -> 12 # 0 at 14347574, 0.554052 0.071466
2024-07-09 06:46:57,363 INFO CHECKSUM 14 13 0: 1.520516
2024-07-09 06:46:57,364 INFO CHECKSUM 14 13 0: 1.520516
2024-07-09 06:46:57,373 INFO recv 14 -> 13 # 0 at 24050394, 0.554052 0.071466
2024-07-09 06:46:57,373 INFO sent 14 -> 13 # 0 at 14006244, 0.554052 0.071466
2024-07-09 06:46:57,574 INFO CHECKSUM 14 15 0: 1.520516
2024-07-09 06:46:57,577 INFO CHECKSUM 14 15 0: 1.520516
2024-07-09 06:46:57,591 INFO Accepting from rank 15
2024-07-09 06:46:57,591 INFO Accepting from rank 15
2024-07-09 06:46:57,591 INFO Accepting from rank 15
2024-07-09 06:46:57,591 INFO Accepting from rank 15
2024-07-09 06:46:57,591 INFO Accepting from rank 15
2024-07-09 06:46:57,591 INFO Accepting from rank 15
2024-07-09 06:46:57,591 INFO Accepting from rank 15
2024-07-09 06:46:57,591 INFO Accepting from rank 15
2024-07-09 06:46:57,591 INFO Accepting from rank 15
2024-07-09 06:46:57,591 INFO Accepting from rank 15
2024-07-09 06:46:57,591 INFO Accepting from rank 15
2024-07-09 06:46:57,591 INFO recv 14 -> 15 # 0 at 207937560, 0.554052 0.071466
2024-07-09 06:46:57,591 INFO Accepting from rank 15
2024-07-09 06:46:57,591 INFO Accepting from rank 15
2024-07-09 06:46:57,592 INFO sent 14 -> 15 # 0 at 189814984, 0.554052 0.071466
2024-07-09 06:46:57,591 INFO Accepting from rank 15
2024-07-09 06:46:57,592 INFO Sending from rank 15
2024-07-09 06:46:57,592 INFO Accepting from rank 15
2024-07-09 06:46:57,699 INFO CHECKSUM 15 0 0: 1.846198
2024-07-09 06:46:57,699 INFO CHECKSUM 15 0 0: 1.846198
2024-07-09 06:46:57,713 INFO recv 15 -> 0 # 0 at 96199195, 0.336786 0.356610
2024-07-09 06:46:57,715 INFO sent 15 -> 0 # 0 at 81822863, 0.336786 0.356610
2024-07-09 06:46:57,746 INFO CHECKSUM 15 1 0: 1.846198
2024-07-09 06:46:57,745 INFO CHECKSUM 15 1 0: 1.846198
2024-07-09 06:46:57,765 INFO recv 15 -> 1 # 0 at 33505309, 0.336786 0.356610
2024-07-09 06:46:57,769 INFO sent 15 -> 1 # 0 at 13846845, 0.336786 0.356610
2024-07-09 06:46:57,784 INFO CHECKSUM 15 2 0: 1.846198
2024-07-09 06:46:57,799 INFO CHECKSUM 15 2 0: 1.846198
2024-07-09 06:46:57,818 INFO recv 15 -> 2 # 0 at 48647366, 0.336786 0.356610
2024-07-09 06:46:57,818 INFO sent 15 -> 2 # 0 at 14348105, 0.336786 0.356610
2024-07-09 06:46:57,877 INFO CHECKSUM 15 3 0: 1.846198
2024-07-09 06:46:57,877 INFO CHECKSUM 15 3 0: 1.846198
2024-07-09 06:46:57,909 INFO recv 15 -> 3 # 0 at 79444521, 0.336786 0.356610
2024-07-09 06:46:57,914 INFO sent 15 -> 3 # 0 at 35382289, 0.336786 0.356610
2024-07-09 06:46:57,967 INFO CHECKSUM 15 4 0: 1.846198
2024-07-09 06:46:57,966 INFO CHECKSUM 15 4 0: 1.846198
2024-07-09 06:46:57,978 INFO recv 15 -> 4 # 0 at 45560642, 0.336786 0.356610
2024-07-09 06:46:57,978 INFO sent 15 -> 4 # 0 at 33334945, 0.336786 0.356610
2024-07-09 06:46:58,076 INFO CHECKSUM 15 5 0: 1.846198
2024-07-09 06:46:58,077 INFO CHECKSUM 15 5 0: 1.846198
2024-07-09 06:46:58,111 INFO sent 15 -> 5 # 0 at 74014984, 0.336786 0.356610
2024-07-09 06:46:58,117 INFO recv 15 -> 5 # 0 at 114914087, 0.336786 0.356610
2024-07-09 06:46:58,152 INFO CHECKSUM 15 6 0: 1.846198
2024-07-09 06:46:58,153 INFO CHECKSUM 15 6 0: 1.846198
2024-07-09 06:46:58,175 INFO recv 15 -> 6 # 0 at 36477410, 0.336786 0.356610
2024-07-09 06:46:58,175 INFO sent 15 -> 6 # 0 at 14111607, 0.336786 0.356610
2024-07-09 06:46:58,190 INFO CHECKSUM 15 7 0: 1.846198
2024-07-09 06:46:58,191 INFO CHECKSUM 15 7 0: 1.846198
2024-07-09 06:46:58,204 INFO recv 15 -> 7 # 0 at 27529998, 0.336786 0.356610
2024-07-09 06:46:58,206 INFO sent 15 -> 7 # 0 at 14269453, 0.336786 0.356610
2024-07-09 06:46:58,227 INFO CHECKSUM 15 8 0: 1.846198
2024-07-09 06:46:58,228 INFO CHECKSUM 15 8 0: 1.846198
2024-07-09 06:46:58,255 INFO recv 15 -> 8 # 0 at 42636412, 0.336786 0.356610
2024-07-09 06:46:58,263 INFO sent 15 -> 8 # 0 at 15140551, 0.336786 0.356610
2024-07-09 06:46:58,289 INFO CHECKSUM 15 9 0: 1.846198
2024-07-09 06:46:58,289 INFO CHECKSUM 15 9 0: 1.846198
2024-07-09 06:46:58,315 INFO sent 15 -> 9 # 0 at 22889236, 0.336786 0.356610
2024-07-09 06:46:58,315 INFO recv 15 -> 9 # 0 at 49281187, 0.336786 0.356610
2024-07-09 06:46:58,355 INFO CHECKSUM 15 10 0: 1.846198
2024-07-09 06:46:58,356 INFO CHECKSUM 15 10 0: 1.846198
2024-07-09 06:46:58,376 INFO sent 15 -> 10 # 0 at 13725690, 0.336786 0.356610
2024-07-09 06:46:58,376 INFO recv 15 -> 10 # 0 at 42316832, 0.336786 0.356610
2024-07-09 06:46:58,402 INFO CHECKSUM 15 11 0: 1.846198
2024-07-09 06:46:58,403 INFO CHECKSUM 15 11 0: 1.846198
2024-07-09 06:46:58,437 INFO sent 15 -> 11 # 0 at 13761299, 0.336786 0.356610
2024-07-09 06:46:58,437 INFO recv 15 -> 11 # 0 at 48677727, 0.336786 0.356610
2024-07-09 06:46:58,456 INFO CHECKSUM 15 12 0: 1.846198
2024-07-09 06:46:58,457 INFO CHECKSUM 15 12 0: 1.846198
2024-07-09 06:46:58,473 INFO recv 15 -> 12 # 0 at 30833480, 0.336786 0.356610
2024-07-09 06:46:58,473 INFO sent 15 -> 12 # 0 at 13944865, 0.336786 0.356610
2024-07-09 06:46:58,589 INFO CHECKSUM 15 13 0: 1.846198
2024-07-09 06:46:58,589 INFO CHECKSUM 15 13 0: 1.846198
2024-07-09 06:46:58,599 INFO recv 15 -> 13 # 0 at 93553981, 0.336786 0.356610
2024-07-09 06:46:58,599 INFO sent 15 -> 13 # 0 at 83872734, 0.336786 0.356610
2024-07-09 06:46:58,620 INFO CHECKSUM 15 14 0: 1.846198
2024-07-09 06:46:58,629 INFO Rank 0 done
2024-07-09 06:46:58,621 INFO CHECKSUM 15 14 0: 1.846198
2024-07-09 06:46:58,630 INFO Rank 4 done
2024-07-09 06:46:58,630 INFO Rank 12 done
2024-07-09 06:46:58,630 INFO Rank 8 done
2024-07-09 06:46:58,630 INFO Rank 6 done
2024-07-09 06:46:58,630 INFO Rank 2 done
2024-07-09 06:46:58,630 INFO Rank 10 done
2024-07-09 06:46:58,630 INFO Rank 5 done
2024-07-09 06:46:58,630 INFO Rank 3 done
2024-07-09 06:46:58,630 INFO Rank 13 done
2024-07-09 06:46:58,630 INFO Rank 9 done
2024-07-09 06:46:58,630 INFO Rank 7 done
2024-07-09 06:46:58,630 INFO Rank 1 done
2024-07-09 06:46:58,630 INFO recv 15 -> 14 # 0 at 23966872, 0.336786 0.356610
2024-07-09 06:46:58,630 INFO Rank 11 done
2024-07-09 06:46:58,630 INFO sent 15 -> 14 # 0 at 13916119, 0.336786 0.356610
2024-07-09 06:46:58,630 INFO Rank 15 done
2024-07-09 06:46:58,630 INFO Rank 14 done
