srun: Job 27856636 step creation temporarily disabled, retrying (Requested nodes are busy)
srun: Step created for StepId=27856636.1
2024-07-09 06:49:23,641 INFO Initialized rank 4 out of 16
2024-07-09 06:49:23,646 INFO Initialized rank 1 out of 16
2024-07-09 06:49:23,646 INFO Initialized rank 3 out of 16
2024-07-09 06:49:23,647 INFO Initialized rank 2 out of 16
2024-07-09 06:49:23,646 INFO Initialized rank 12 out of 16
2024-07-09 06:49:23,647 INFO Initialized rank 8 out of 16
2024-07-09 06:49:23,647 INFO Initialized rank 11 out of 16
2024-07-09 06:49:23,647 INFO Initialized rank 15 out of 16
2024-07-09 06:49:23,647 INFO Initialized rank 10 out of 16
2024-07-09 06:49:23,647 INFO Initialized rank 0 out of 16
2024-07-09 06:49:23,647 INFO Initialized rank 13 out of 16
2024-07-09 06:49:23,647 INFO Initialized rank 14 out of 16
2024-07-09 06:49:23,648 INFO Initialized rank 7 out of 16
2024-07-09 06:49:23,648 INFO Initialized rank 6 out of 16
2024-07-09 06:49:23,648 INFO Initialized rank 5 out of 16
2024-07-09 06:49:23,660 INFO Initialized rank 9 out of 16
2024-07-09 06:49:26,266 INFO Sync time
2024-07-09 06:49:26,266 INFO Sync time
2024-07-09 06:49:26,266 INFO Sending from rank 0
2024-07-09 06:49:26,266 INFO Sync time
2024-07-09 06:49:26,266 INFO Sync time
2024-07-09 06:49:26,266 INFO Sync time
2024-07-09 06:49:26,266 INFO Sync time
2024-07-09 06:49:26,266 INFO Accepting from rank 0
2024-07-09 06:49:26,266 INFO Sync time
2024-07-09 06:49:26,266 INFO Sync time
2024-07-09 06:49:26,266 INFO Sync time
2024-07-09 06:49:26,267 INFO Sync time
2024-07-09 06:49:26,266 INFO Sync time
2024-07-09 06:49:26,266 INFO Sync time
2024-07-09 06:49:26,266 INFO Sync time
2024-07-09 06:49:26,267 INFO Sync time
2024-07-09 06:49:26,266 INFO Sync time
2024-07-09 06:49:26,266 INFO Sync time
2024-07-09 06:49:26,266 INFO Accepting from rank 0
2024-07-09 06:49:26,267 INFO Accepting from rank 0
2024-07-09 06:49:26,266 INFO Accepting from rank 0
2024-07-09 06:49:26,266 INFO Accepting from rank 0
2024-07-09 06:49:26,266 INFO Accepting from rank 0
2024-07-09 06:49:26,267 INFO Accepting from rank 0
2024-07-09 06:49:26,266 INFO Accepting from rank 0
2024-07-09 06:49:26,266 INFO Accepting from rank 0
2024-07-09 06:49:26,266 INFO Accepting from rank 0
2024-07-09 06:49:26,266 INFO Accepting from rank 0
2024-07-09 06:49:26,266 INFO Accepting from rank 0
2024-07-09 06:49:26,266 INFO Accepting from rank 0
2024-07-09 06:49:26,266 INFO Accepting from rank 0
2024-07-09 06:49:26,266 INFO Accepting from rank 0
2024-07-09 06:49:26,567 INFO CHECKSUM 0 1 0: 1.669684
2024-07-09 06:49:26,567 INFO CHECKSUM 0 1 0: 1.669684
2024-07-09 06:49:26,577 INFO sent 0 -> 1 # 0 at 277649143, 0.223081 0.508619
2024-07-09 06:49:26,577 INFO recv 0 -> 1 # 0 at 285700088, 0.223081 0.508619
2024-07-09 06:49:26,834 INFO CHECKSUM 0 2 0: 1.669684
2024-07-09 06:49:26,835 INFO CHECKSUM 0 2 0: 1.669684
2024-07-09 06:49:26,853 INFO sent 0 -> 2 # 0 at 229053786, 0.223081 0.508619
2024-07-09 06:49:26,853 INFO recv 0 -> 2 # 0 at 247437354, 0.223081 0.508619
2024-07-09 06:49:27,066 INFO CHECKSUM 0 3 0: 1.669684
2024-07-09 06:49:27,067 INFO CHECKSUM 0 3 0: 1.669684
2024-07-09 06:49:27,083 INFO sent 0 -> 3 # 0 at 212275610, 0.223081 0.508619
2024-07-09 06:49:27,083 INFO recv 0 -> 3 # 0 at 229091289, 0.223081 0.508619
2024-07-09 06:49:27,285 INFO CHECKSUM 0 4 0: 1.669684
2024-07-09 06:49:27,302 INFO sent 0 -> 4 # 0 at 196463842, 0.223081 0.508619
2024-07-09 06:49:27,287 INFO CHECKSUM 0 4 0: 1.669684
2024-07-09 06:49:27,302 INFO recv 0 -> 4 # 0 at 213788383, 0.223081 0.508619
2024-07-09 06:49:27,538 INFO CHECKSUM 0 5 0: 1.669684
2024-07-09 06:49:27,540 INFO CHECKSUM 0 5 0: 1.669684
2024-07-09 06:49:27,555 INFO sent 0 -> 5 # 0 at 221214541, 0.223081 0.508619
2024-07-09 06:49:27,555 INFO recv 0 -> 5 # 0 at 238516069, 0.223081 0.508619
2024-07-09 06:49:27,769 INFO CHECKSUM 0 6 0: 1.669684
2024-07-09 06:49:27,771 INFO CHECKSUM 0 6 0: 1.669684
2024-07-09 06:49:27,793 INFO sent 0 -> 6 # 0 at 205336414, 0.223081 0.508619
2024-07-09 06:49:27,802 INFO recv 0 -> 6 # 0 at 238454501, 0.223081 0.508619
2024-07-09 06:49:28,070 INFO CHECKSUM 0 7 0: 1.669684
2024-07-09 06:49:28,072 INFO CHECKSUM 0 7 0: 1.669684
2024-07-09 06:49:28,088 INFO sent 0 -> 7 # 0 at 241067577, 0.223081 0.508619
2024-07-09 06:49:28,088 INFO recv 0 -> 7 # 0 at 252660988, 0.223081 0.508619
2024-07-09 06:49:28,296 INFO CHECKSUM 0 8 0: 1.669684
2024-07-09 06:49:28,297 INFO CHECKSUM 0 8 0: 1.669684
2024-07-09 06:49:28,311 INFO sent 0 -> 8 # 0 at 196168031, 0.223081 0.508619
2024-07-09 06:49:28,310 INFO recv 0 -> 8 # 0 at 211032055, 0.223081 0.508619
2024-07-09 06:49:28,547 INFO CHECKSUM 0 9 0: 1.669684
2024-07-09 06:49:28,549 INFO CHECKSUM 0 9 0: 1.669684
2024-07-09 06:49:28,580 INFO sent 0 -> 9 # 0 at 217593104, 0.223081 0.508619
2024-07-09 06:49:28,580 INFO recv 0 -> 9 # 0 at 246485572, 0.223081 0.508619
2024-07-09 06:49:28,822 INFO CHECKSUM 0 10 0: 1.669684
2024-07-09 06:49:28,824 INFO CHECKSUM 0 10 0: 1.669684
2024-07-09 06:49:28,839 INFO sent 0 -> 10 # 0 at 239117399, 0.223081 0.508619
2024-07-09 06:49:28,839 INFO recv 0 -> 10 # 0 at 255892248, 0.223081 0.508619
2024-07-09 06:49:29,037 INFO CHECKSUM 0 11 0: 1.669684
2024-07-09 06:49:29,040 INFO CHECKSUM 0 11 0: 1.669684
2024-07-09 06:49:29,055 INFO sent 0 -> 11 # 0 at 195675619, 0.223081 0.508619
2024-07-09 06:49:29,061 INFO recv 0 -> 11 # 0 at 219306167, 0.223081 0.508619
2024-07-09 06:49:29,306 INFO CHECKSUM 0 12 0: 1.669684
2024-07-09 06:49:29,307 INFO CHECKSUM 0 12 0: 1.669684
2024-07-09 06:49:29,318 INFO sent 0 -> 12 # 0 at 240667163, 0.223081 0.508619
2024-07-09 06:49:29,318 INFO recv 0 -> 12 # 0 at 252379139, 0.223081 0.508619
2024-07-09 06:49:29,537 INFO CHECKSUM 0 13 0: 1.669684
2024-07-09 06:49:29,538 INFO CHECKSUM 0 13 0: 1.669684
2024-07-09 06:49:29,559 INFO sent 0 -> 13 # 0 at 207784143, 0.223081 0.508619
2024-07-09 06:49:29,569 INFO recv 0 -> 13 # 0 at 239907378, 0.223081 0.508619
2024-07-09 06:49:29,779 INFO CHECKSUM 0 14 0: 1.669684
2024-07-09 06:49:29,780 INFO CHECKSUM 0 14 0: 1.669684
2024-07-09 06:49:29,797 INFO sent 0 -> 14 # 0 at 205349399, 0.223081 0.508619
2024-07-09 06:49:29,797 INFO recv 0 -> 14 # 0 at 223698337, 0.223081 0.508619
2024-07-09 06:49:30,061 INFO CHECKSUM 0 15 0: 1.669684
2024-07-09 06:49:30,064 INFO CHECKSUM 0 15 0: 1.669684
2024-07-09 06:49:30,079 INFO Accepting from rank 1
2024-07-09 06:49:30,079 INFO sent 0 -> 15 # 0 at 260052726, 0.223081 0.508619
2024-07-09 06:49:30,079 INFO Accepting from rank 1
2024-07-09 06:49:30,079 INFO Accepting from rank 1
2024-07-09 06:49:30,079 INFO Accepting from rank 1
2024-07-09 06:49:30,079 INFO Sending from rank 1
2024-07-09 06:49:30,079 INFO Accepting from rank 1
2024-07-09 06:49:30,079 INFO Accepting from rank 1
2024-07-09 06:49:30,079 INFO Accepting from rank 1
2024-07-09 06:49:30,079 INFO Accepting from rank 1
2024-07-09 06:49:30,079 INFO Accepting from rank 1
2024-07-09 06:49:30,079 INFO Accepting from rank 1
2024-07-09 06:49:30,079 INFO Accepting from rank 1
2024-07-09 06:49:30,079 INFO recv 0 -> 15 # 0 at 267141198, 0.223081 0.508619
2024-07-09 06:49:30,079 INFO Accepting from rank 1
2024-07-09 06:49:30,079 INFO Accepting from rank 1
2024-07-09 06:49:30,079 INFO Accepting from rank 1
2024-07-09 06:49:30,079 INFO Accepting from rank 1
2024-07-09 06:49:30,124 INFO CHECKSUM 1 0 0: 2.084280
2024-07-09 06:49:30,124 INFO CHECKSUM 1 0 0: 2.084280
2024-07-09 06:49:30,136 INFO recv 1 -> 0 # 0 at 35996245, 0.318728 0.651774
2024-07-09 06:49:30,136 INFO sent 1 -> 0 # 0 at 23778400, 0.318728 0.651774
2024-07-09 06:49:30,314 INFO CHECKSUM 1 2 0: 2.084280
2024-07-09 06:49:30,315 INFO CHECKSUM 1 2 0: 2.084280
2024-07-09 06:49:30,341 INFO sent 1 -> 2 # 0 at 175995226, 0.318728 0.651774
2024-07-09 06:49:30,341 INFO recv 1 -> 2 # 0 at 203079474, 0.318728 0.651774
2024-07-09 06:49:30,523 INFO CHECKSUM 1 3 0: 2.084280
2024-07-09 06:49:30,524 INFO CHECKSUM 1 3 0: 2.084280
2024-07-09 06:49:30,541 INFO sent 1 -> 3 # 0 at 181807746, 0.318728 0.651774
2024-07-09 06:49:30,541 INFO recv 1 -> 3 # 0 at 199117799, 0.318728 0.651774
2024-07-09 06:49:30,718 INFO CHECKSUM 1 4 0: 2.084280
2024-07-09 06:49:30,719 INFO CHECKSUM 1 4 0: 2.084280
2024-07-09 06:49:30,729 INFO recv 1 -> 4 # 0 at 184981077, 0.318728 0.651774
2024-07-09 06:49:30,737 INFO sent 1 -> 4 # 0 at 173884869, 0.318728 0.651774
2024-07-09 06:49:30,906 INFO CHECKSUM 1 5 0: 2.084280
2024-07-09 06:49:30,906 INFO CHECKSUM 1 5 0: 2.084280
2024-07-09 06:49:30,937 INFO sent 1 -> 5 # 0 at 161227264, 0.318728 0.651774
2024-07-09 06:49:30,937 INFO recv 1 -> 5 # 0 at 191983691, 0.318728 0.651774
2024-07-09 06:49:31,159 INFO CHECKSUM 1 6 0: 2.084280
2024-07-09 06:49:31,160 INFO CHECKSUM 1 6 0: 2.084280
2024-07-09 06:49:31,173 INFO sent 1 -> 6 # 0 at 190838103, 0.318728 0.651774
2024-07-09 06:49:31,173 INFO recv 1 -> 6 # 0 at 205682939, 0.318728 0.651774
2024-07-09 06:49:31,364 INFO CHECKSUM 1 7 0: 2.084280
2024-07-09 06:49:31,364 INFO CHECKSUM 1 7 0: 2.084280
2024-07-09 06:49:31,383 INFO sent 1 -> 7 # 0 at 186246301, 0.318728 0.651774
2024-07-09 06:49:31,383 INFO recv 1 -> 7 # 0 at 206115755, 0.318728 0.651774
2024-07-09 06:49:31,554 INFO CHECKSUM 1 8 0: 2.084280
2024-07-09 06:49:31,555 INFO CHECKSUM 1 8 0: 2.084280
2024-07-09 06:49:31,573 INFO recv 1 -> 8 # 0 at 179008043, 0.318728 0.651774
2024-07-09 06:49:31,575 INFO sent 1 -> 8 # 0 at 160445594, 0.318728 0.651774
2024-07-09 06:49:31,778 INFO CHECKSUM 1 9 0: 2.084280
2024-07-09 06:49:31,778 INFO CHECKSUM 1 9 0: 2.084280
2024-07-09 06:49:31,809 INFO recv 1 -> 9 # 0 at 209271674, 0.318728 0.651774
2024-07-09 06:49:31,809 INFO sent 1 -> 9 # 0 at 184572758, 0.318728 0.651774
2024-07-09 06:49:31,986 INFO CHECKSUM 1 10 0: 2.084280
2024-07-09 06:49:31,986 INFO CHECKSUM 1 10 0: 2.084280
2024-07-09 06:49:32,000 INFO sent 1 -> 10 # 0 at 168734538, 0.318728 0.651774
2024-07-09 06:49:32,000 INFO recv 1 -> 10 # 0 at 183075426, 0.318728 0.651774
2024-07-09 06:49:32,166 INFO CHECKSUM 1 11 0: 2.084280
2024-07-09 06:49:32,167 INFO CHECKSUM 1 11 0: 2.084280
2024-07-09 06:49:32,196 INFO sent 1 -> 11 # 0 at 160168308, 0.318728 0.651774
2024-07-09 06:49:32,196 INFO recv 1 -> 11 # 0 at 190583303, 0.318728 0.651774
2024-07-09 06:49:32,405 INFO CHECKSUM 1 12 0: 2.084280
2024-07-09 06:49:32,406 INFO CHECKSUM 1 12 0: 2.084280
2024-07-09 06:49:32,437 INFO recv 1 -> 12 # 0 at 227086420, 0.318728 0.651774
2024-07-09 06:49:32,442 INFO sent 1 -> 12 # 0 at 195832511, 0.318728 0.651774
2024-07-09 06:49:32,558 INFO CHECKSUM 1 13 0: 2.084280
2024-07-09 06:49:32,559 INFO CHECKSUM 1 13 0: 2.084280
2024-07-09 06:49:32,587 INFO sent 1 -> 13 # 0 at 104980705, 0.318728 0.651774
2024-07-09 06:49:32,587 INFO recv 1 -> 13 # 0 at 133359700, 0.318728 0.651774
2024-07-09 06:49:32,795 INFO CHECKSUM 1 14 0: 2.084280
2024-07-09 06:49:32,795 INFO CHECKSUM 1 14 0: 2.084280
2024-07-09 06:49:32,829 INFO recv 1 -> 14 # 0 at 234024605, 0.318728 0.651774
2024-07-09 06:49:32,833 INFO sent 1 -> 14 # 0 at 199598498, 0.318728 0.651774
2024-07-09 06:49:32,943 INFO CHECKSUM 1 15 0: 2.084280
2024-07-09 06:49:32,944 INFO CHECKSUM 1 15 0: 2.084280
2024-07-09 06:49:32,965 INFO Accepting from rank 2
2024-07-09 06:49:32,973 INFO Accepting from rank 2
2024-07-09 06:49:32,973 INFO Accepting from rank 2
2024-07-09 06:49:32,973 INFO Accepting from rank 2
2024-07-09 06:49:32,973 INFO Accepting from rank 2
2024-07-09 06:49:32,973 INFO Accepting from rank 2
2024-07-09 06:49:32,973 INFO Accepting from rank 2
2024-07-09 06:49:32,973 INFO Accepting from rank 2
2024-07-09 06:49:32,973 INFO Accepting from rank 2
2024-07-09 06:49:32,973 INFO recv 1 -> 15 # 0 at 133978328, 0.318728 0.651774
2024-07-09 06:49:32,973 INFO Accepting from rank 2
2024-07-09 06:49:32,976 INFO Accepting from rank 2
2024-07-09 06:49:32,976 INFO sent 1 -> 15 # 0 at 104587956, 0.318728 0.651774
2024-07-09 06:49:32,976 INFO Accepting from rank 2
2024-07-09 06:49:32,976 INFO Sending from rank 2
2024-07-09 06:49:32,976 INFO Accepting from rank 2
2024-07-09 06:49:32,976 INFO Accepting from rank 2
2024-07-09 06:49:32,976 INFO Accepting from rank 2
2024-07-09 06:49:33,014 INFO CHECKSUM 2 0 0: 1.364042
2024-07-09 06:49:33,015 INFO CHECKSUM 2 0 0: 1.364042
2024-07-09 06:49:33,029 INFO recv 2 -> 0 # 0 at 28717613, 0.561597 0.981222
2024-07-09 06:49:33,029 INFO sent 2 -> 0 # 0 at 13745155, 0.561597 0.981222
2024-07-09 06:49:33,079 INFO CHECKSUM 2 1 0: 1.364042
2024-07-09 06:49:33,079 INFO CHECKSUM 2 1 0: 1.364042
2024-07-09 06:49:33,097 INFO recv 2 -> 1 # 0 at 36024880, 0.561597 0.981222
2024-07-09 06:49:33,097 INFO sent 2 -> 1 # 0 at 17333308, 0.561597 0.981222
2024-07-09 06:49:33,297 INFO CHECKSUM 2 3 0: 1.364042
2024-07-09 06:49:33,298 INFO CHECKSUM 2 3 0: 1.364042
2024-07-09 06:49:33,325 INFO sent 2 -> 3 # 0 at 184756242, 0.561597 0.981222
2024-07-09 06:49:33,325 INFO recv 2 -> 3 # 0 at 212009707, 0.561597 0.981222
2024-07-09 06:49:33,534 INFO CHECKSUM 2 4 0: 1.364042
2024-07-09 06:49:33,543 INFO CHECKSUM 2 4 0: 1.364042
2024-07-09 06:49:33,557 INFO sent 2 -> 4 # 0 at 189252500, 0.561597 0.981222
2024-07-09 06:49:33,557 INFO recv 2 -> 4 # 0 at 212428957, 0.561597 0.981222
2024-07-09 06:49:33,740 INFO CHECKSUM 2 5 0: 1.364042
2024-07-09 06:49:33,741 INFO CHECKSUM 2 5 0: 1.364042
2024-07-09 06:49:33,771 INFO sent 2 -> 5 # 0 at 168915439, 0.561597 0.981222
2024-07-09 06:49:33,771 INFO recv 2 -> 5 # 0 at 199518522, 0.561597 0.981222
2024-07-09 06:49:33,958 INFO CHECKSUM 2 6 0: 1.364042
2024-07-09 06:49:33,974 INFO sent 2 -> 6 # 0 at 160888690, 0.561597 0.981222
2024-07-09 06:49:33,959 INFO CHECKSUM 2 6 0: 1.364042
2024-07-09 06:49:33,974 INFO recv 2 -> 6 # 0 at 177154752, 0.561597 0.981222
2024-07-09 06:49:34,152 INFO CHECKSUM 2 7 0: 1.364042
2024-07-09 06:49:34,152 INFO CHECKSUM 2 7 0: 1.364042
2024-07-09 06:49:34,175 INFO sent 2 -> 7 # 0 at 168587705, 0.561597 0.981222
2024-07-09 06:49:34,175 INFO recv 2 -> 7 # 0 at 191567227, 0.561597 0.981222
2024-07-09 06:49:34,334 INFO CHECKSUM 2 8 0: 1.364042
2024-07-09 06:49:34,334 INFO CHECKSUM 2 8 0: 1.364042
2024-07-09 06:49:34,343 INFO sent 2 -> 8 # 0 at 152483962, 0.561597 0.981222
2024-07-09 06:49:34,343 INFO recv 2 -> 8 # 0 at 162049394, 0.561597 0.981222
2024-07-09 06:49:34,514 INFO CHECKSUM 2 9 0: 1.364042
2024-07-09 06:49:34,514 INFO CHECKSUM 2 9 0: 1.364042
2024-07-09 06:49:34,537 INFO recv 2 -> 9 # 0 at 184671498, 0.561597 0.981222
2024-07-09 06:49:34,537 INFO sent 2 -> 9 # 0 at 161019783, 0.561597 0.981222
2024-07-09 06:49:34,710 INFO CHECKSUM 2 10 0: 1.364042
2024-07-09 06:49:34,710 INFO CHECKSUM 2 10 0: 1.364042
2024-07-09 06:49:34,745 INFO sent 2 -> 10 # 0 at 159410484, 0.561597 0.981222
2024-07-09 06:49:34,745 INFO recv 2 -> 10 # 0 at 194479472, 0.561597 0.981222
2024-07-09 06:49:34,954 INFO CHECKSUM 2 11 0: 1.364042
2024-07-09 06:49:34,954 INFO CHECKSUM 2 11 0: 1.364042
2024-07-09 06:49:34,973 INFO sent 2 -> 11 # 0 at 201910575, 0.561597 0.981222
2024-07-09 06:49:34,973 INFO recv 2 -> 11 # 0 at 217193824, 0.561597 0.981222
2024-07-09 06:49:35,185 INFO CHECKSUM 2 12 0: 1.364042
2024-07-09 06:49:35,185 INFO CHECKSUM 2 12 0: 1.364042
2024-07-09 06:49:35,205 INFO sent 2 -> 12 # 0 at 195932676, 0.561597 0.981222
2024-07-09 06:49:35,205 INFO recv 2 -> 12 # 0 at 216743228, 0.561597 0.981222
2024-07-09 06:49:35,393 INFO CHECKSUM 2 13 0: 1.364042
2024-07-09 06:49:35,394 INFO CHECKSUM 2 13 0: 1.364042
2024-07-09 06:49:35,403 INFO sent 2 -> 13 # 0 at 174137337, 0.561597 0.981222
2024-07-09 06:49:35,403 INFO recv 2 -> 13 # 0 at 184254541, 0.561597 0.981222
2024-07-09 06:49:35,600 INFO CHECKSUM 2 14 0: 1.364042
2024-07-09 06:49:35,601 INFO CHECKSUM 2 14 0: 1.364042
2024-07-09 06:49:35,625 INFO sent 2 -> 14 # 0 at 192930755, 0.561597 0.981222
2024-07-09 06:49:35,625 INFO recv 2 -> 14 # 0 at 218292649, 0.561597 0.981222
2024-07-09 06:49:35,763 INFO CHECKSUM 2 15 0: 1.364042
2024-07-09 06:49:35,764 INFO CHECKSUM 2 15 0: 1.364042
2024-07-09 06:49:35,787 INFO Accepting from rank 3
2024-07-09 06:49:35,787 INFO Accepting from rank 3
2024-07-09 06:49:35,787 INFO Accepting from rank 3
2024-07-09 06:49:35,787 INFO Accepting from rank 3
2024-07-09 06:49:35,787 INFO Accepting from rank 3
2024-07-09 06:49:35,787 INFO Accepting from rank 3
2024-07-09 06:49:35,787 INFO sent 2 -> 15 # 0 at 111634470, 0.561597 0.981222
2024-07-09 06:49:35,787 INFO Accepting from rank 3
2024-07-09 06:49:35,787 INFO Accepting from rank 3
2024-07-09 06:49:35,787 INFO Accepting from rank 3
2024-07-09 06:49:35,787 INFO Sending from rank 3
2024-07-09 06:49:35,787 INFO Accepting from rank 3
2024-07-09 06:49:35,787 INFO Accepting from rank 3
2024-07-09 06:49:35,787 INFO Accepting from rank 3
2024-07-09 06:49:35,787 INFO Accepting from rank 3
2024-07-09 06:49:35,787 INFO recv 2 -> 15 # 0 at 143900002, 0.561597 0.981222
2024-07-09 06:49:35,787 INFO Accepting from rank 3
2024-07-09 06:49:35,787 INFO Accepting from rank 3
2024-07-09 06:49:35,869 INFO CHECKSUM 3 0 0: 1.588596
2024-07-09 06:49:35,868 INFO CHECKSUM 3 0 0: 1.588596
2024-07-09 06:49:35,879 INFO recv 3 -> 0 # 0 at 58638720, 0.518144 0.932680
2024-07-09 06:49:35,879 INFO sent 3 -> 0 # 0 at 33809861, 0.518144 0.932680
2024-07-09 06:49:35,919 INFO CHECKSUM 3 1 0: 1.588596
2024-07-09 06:49:35,930 INFO recv 3 -> 1 # 0 at 35271876, 0.518144 0.932680
2024-07-09 06:49:35,918 INFO CHECKSUM 3 1 0: 1.588596
2024-07-09 06:49:35,930 INFO sent 3 -> 1 # 0 at 22572370, 0.518144 0.932680
2024-07-09 06:49:35,970 INFO CHECKSUM 3 2 0: 1.588596
2024-07-09 06:49:35,971 INFO CHECKSUM 3 2 0: 1.588596
2024-07-09 06:49:35,991 INFO recv 3 -> 2 # 0 at 50482303, 0.518144 0.932680
2024-07-09 06:49:35,991 INFO sent 3 -> 2 # 0 at 29493522, 0.518144 0.932680
2024-07-09 06:49:36,192 INFO CHECKSUM 3 4 0: 1.588596
2024-07-09 06:49:36,193 INFO CHECKSUM 3 4 0: 1.588596
2024-07-09 06:49:36,211 INFO sent 3 -> 4 # 0 at 186740667, 0.518144 0.932680
2024-07-09 06:49:36,211 INFO recv 3 -> 4 # 0 at 206131164, 0.518144 0.932680
2024-07-09 06:49:36,409 INFO CHECKSUM 3 5 0: 1.588596
2024-07-09 06:49:36,412 INFO CHECKSUM 3 5 0: 1.588596
2024-07-09 06:49:36,424 INFO recv 3 -> 5 # 0 at 199801951, 0.518144 0.932680
2024-07-09 06:49:36,431 INFO sent 3 -> 5 # 0 at 184472974, 0.518144 0.932680
2024-07-09 06:49:36,609 INFO CHECKSUM 3 6 0: 1.588596
2024-07-09 06:49:36,610 INFO CHECKSUM 3 6 0: 1.588596
2024-07-09 06:49:36,631 INFO recv 3 -> 6 # 0 at 191602855, 0.518144 0.932680
2024-07-09 06:49:36,641 INFO sent 3 -> 6 # 0 at 162869326, 0.518144 0.932680
2024-07-09 06:49:36,814 INFO CHECKSUM 3 7 0: 1.588596
2024-07-09 06:49:36,823 INFO CHECKSUM 3 7 0: 1.588596
2024-07-09 06:49:36,839 INFO recv 3 -> 7 # 0 at 183945296, 0.518144 0.932680
2024-07-09 06:49:36,840 INFO sent 3 -> 7 # 0 at 164424612, 0.518144 0.932680
2024-07-09 06:49:37,024 INFO CHECKSUM 3 8 0: 1.588596
2024-07-09 06:49:37,024 INFO CHECKSUM 3 8 0: 1.588596
2024-07-09 06:49:37,035 INFO recv 3 -> 8 # 0 at 182443620, 0.518144 0.932680
2024-07-09 06:49:37,035 INFO sent 3 -> 8 # 0 at 171088877, 0.518144 0.932680
2024-07-09 06:49:37,205 INFO CHECKSUM 3 9 0: 1.588596
2024-07-09 06:49:37,206 INFO CHECKSUM 3 9 0: 1.588596
2024-07-09 06:49:37,221 INFO recv 3 -> 9 # 0 at 174777686, 0.518144 0.932680
2024-07-09 06:49:37,229 INFO sent 3 -> 9 # 0 at 158760078, 0.518144 0.932680
2024-07-09 06:49:37,406 INFO CHECKSUM 3 10 0: 1.588596
2024-07-09 06:49:37,406 INFO CHECKSUM 3 10 0: 1.588596
2024-07-09 06:49:37,433 INFO sent 3 -> 10 # 0 at 169764869, 0.518144 0.932680
2024-07-09 06:49:37,433 INFO recv 3 -> 10 # 0 at 195987584, 0.518144 0.932680
2024-07-09 06:49:37,594 INFO CHECKSUM 3 11 0: 1.588596
2024-07-09 06:49:37,594 INFO CHECKSUM 3 11 0: 1.588596
2024-07-09 06:49:37,607 INFO recv 3 -> 11 # 0 at 172978461, 0.518144 0.932680
2024-07-09 06:49:37,607 INFO sent 3 -> 11 # 0 at 159336291, 0.518144 0.932680
2024-07-09 06:49:37,844 INFO CHECKSUM 3 12 0: 1.588596
2024-07-09 06:49:37,844 INFO CHECKSUM 3 12 0: 1.588596
2024-07-09 06:49:37,861 INFO sent 3 -> 12 # 0 at 224369978, 0.518144 0.932680
2024-07-09 06:49:37,861 INFO recv 3 -> 12 # 0 at 242216299, 0.518144 0.932680
2024-07-09 06:49:37,983 INFO CHECKSUM 3 13 0: 1.588596
2024-07-09 06:49:37,983 INFO CHECKSUM 3 13 0: 1.588596
2024-07-09 06:49:38,009 INFO sent 3 -> 13 # 0 at 111171685, 0.518144 0.932680
2024-07-09 06:49:38,011 INFO recv 3 -> 13 # 0 at 139609814, 0.518144 0.932680
2024-07-09 06:49:38,229 INFO CHECKSUM 3 14 0: 1.588596
2024-07-09 06:49:38,246 INFO sent 3 -> 14 # 0 at 198274580, 0.518144 0.932680
2024-07-09 06:49:38,229 INFO CHECKSUM 3 14 0: 1.588596
2024-07-09 06:49:38,246 INFO recv 3 -> 14 # 0 at 215734715, 0.518144 0.932680
2024-07-09 06:49:38,408 INFO CHECKSUM 3 15 0: 1.588596
2024-07-09 06:49:38,408 INFO CHECKSUM 3 15 0: 1.588596
2024-07-09 06:49:38,431 INFO Accepting from rank 4
2024-07-09 06:49:38,441 INFO Accepting from rank 4
2024-07-09 06:49:38,449 INFO Accepting from rank 4
2024-07-09 06:49:38,449 INFO Accepting from rank 4
2024-07-09 06:49:38,449 INFO Accepting from rank 4
2024-07-09 06:49:38,449 INFO Accepting from rank 4
2024-07-09 06:49:38,449 INFO sent 3 -> 15 # 0 at 156070621, 0.518144 0.932680
2024-07-09 06:49:38,449 INFO Accepting from rank 4
2024-07-09 06:49:38,449 INFO Sending from rank 4
2024-07-09 06:49:38,449 INFO Accepting from rank 4
2024-07-09 06:49:38,449 INFO Accepting from rank 4
2024-07-09 06:49:38,449 INFO Accepting from rank 4
2024-07-09 06:49:38,449 INFO Accepting from rank 4
2024-07-09 06:49:38,449 INFO Accepting from rank 4
2024-07-09 06:49:38,449 INFO Accepting from rank 4
2024-07-09 06:49:38,449 INFO recv 3 -> 15 # 0 at 195904202, 0.518144 0.932680
2024-07-09 06:49:38,449 INFO Accepting from rank 4
2024-07-09 06:49:38,449 INFO Accepting from rank 4
2024-07-09 06:49:38,485 INFO CHECKSUM 4 0 0: 1.955029
2024-07-09 06:49:38,505 INFO CHECKSUM 4 0 0: 1.955029
2024-07-09 06:49:38,517 INFO recv 4 -> 0 # 0 at 46582057, 0.383458 0.902709
2024-07-09 06:49:38,517 INFO sent 4 -> 0 # 0 at 14801186, 0.383458 0.902709
2024-07-09 06:49:38,557 INFO CHECKSUM 4 1 0: 1.955029
2024-07-09 06:49:38,557 INFO CHECKSUM 4 1 0: 1.955029
2024-07-09 06:49:38,575 INFO recv 4 -> 1 # 0 at 32489350, 0.383458 0.902709
2024-07-09 06:49:38,575 INFO sent 4 -> 1 # 0 at 14552235, 0.383458 0.902709
2024-07-09 06:49:38,603 INFO CHECKSUM 4 2 0: 1.955029
2024-07-09 06:49:38,603 INFO CHECKSUM 4 2 0: 1.955029
2024-07-09 06:49:38,641 INFO sent 4 -> 2 # 0 at 14319936, 0.383458 0.902709
2024-07-09 06:49:38,647 INFO recv 4 -> 2 # 0 at 58530983, 0.383458 0.902709
2024-07-09 06:49:38,683 INFO CHECKSUM 4 3 0: 1.955029
2024-07-09 06:49:38,683 INFO CHECKSUM 4 3 0: 1.955029
2024-07-09 06:49:38,694 INFO recv 4 -> 3 # 0 at 28942287, 0.383458 0.902709
2024-07-09 06:49:38,694 INFO sent 4 -> 3 # 0 at 18049088, 0.383458 0.902709
2024-07-09 06:49:38,926 INFO CHECKSUM 4 5 0: 1.955029
2024-07-09 06:49:38,926 INFO CHECKSUM 4 5 0: 1.955029
2024-07-09 06:49:38,944 INFO sent 4 -> 5 # 0 at 193036484, 0.383458 0.902709
2024-07-09 06:49:38,944 INFO recv 4 -> 5 # 0 at 209141789, 0.383458 0.902709
2024-07-09 06:49:39,151 INFO CHECKSUM 4 6 0: 1.955029
2024-07-09 06:49:39,152 INFO CHECKSUM 4 6 0: 1.955029
2024-07-09 06:49:39,164 INFO sent 4 -> 6 # 0 at 207258612, 0.383458 0.902709
2024-07-09 06:49:39,164 INFO recv 4 -> 6 # 0 at 220070074, 0.383458 0.902709
2024-07-09 06:49:39,352 INFO CHECKSUM 4 7 0: 1.955029
2024-07-09 06:49:39,352 INFO CHECKSUM 4 7 0: 1.955029
2024-07-09 06:49:39,373 INFO sent 4 -> 7 # 0 at 183758655, 0.383458 0.902709
2024-07-09 06:49:39,373 INFO recv 4 -> 7 # 0 at 204890898, 0.383458 0.902709
2024-07-09 06:49:39,564 INFO CHECKSUM 4 8 0: 1.955029
2024-07-09 06:49:39,574 INFO CHECKSUM 4 8 0: 1.955029
2024-07-09 06:49:39,595 INFO recv 4 -> 8 # 0 at 192049252, 0.383458 0.902709
2024-07-09 06:49:39,595 INFO sent 4 -> 8 # 0 at 160973500, 0.383458 0.902709
2024-07-09 06:49:39,749 INFO CHECKSUM 4 9 0: 1.955029
2024-07-09 06:49:39,751 INFO CHECKSUM 4 9 0: 1.955029
2024-07-09 06:49:39,769 INFO sent 4 -> 9 # 0 at 153978040, 0.383458 0.902709
2024-07-09 06:49:39,778 INFO recv 4 -> 9 # 0 at 182447848, 0.383458 0.902709
2024-07-09 06:49:39,956 INFO CHECKSUM 4 10 0: 1.955029
2024-07-09 06:49:39,960 INFO CHECKSUM 4 10 0: 1.955029
2024-07-09 06:49:39,974 INFO recv 4 -> 10 # 0 at 174221498, 0.383458 0.902709
2024-07-09 06:49:39,974 INFO sent 4 -> 10 # 0 at 163548835, 0.383458 0.902709
2024-07-09 06:49:40,147 INFO CHECKSUM 4 11 0: 1.955029
2024-07-09 06:49:40,148 INFO CHECKSUM 4 11 0: 1.955029
2024-07-09 06:49:40,165 INFO sent 4 -> 11 # 0 at 162978242, 0.383458 0.902709
2024-07-09 06:49:40,165 INFO recv 4 -> 11 # 0 at 180863539, 0.383458 0.902709
2024-07-09 06:49:40,381 INFO CHECKSUM 4 12 0: 1.955029
2024-07-09 06:49:40,381 INFO CHECKSUM 4 12 0: 1.955029
2024-07-09 06:49:40,413 INFO recv 4 -> 12 # 0 at 241946225, 0.383458 0.902709
2024-07-09 06:49:40,413 INFO sent 4 -> 12 # 0 at 209931794, 0.383458 0.902709
2024-07-09 06:49:40,601 INFO CHECKSUM 4 13 0: 1.955029
2024-07-09 06:49:40,602 INFO CHECKSUM 4 13 0: 1.955029
2024-07-09 06:49:40,629 INFO sent 4 -> 13 # 0 at 174398729, 0.383458 0.902709
2024-07-09 06:49:40,631 INFO recv 4 -> 13 # 0 at 204724744, 0.383458 0.902709
2024-07-09 06:49:40,800 INFO CHECKSUM 4 14 0: 1.955029
2024-07-09 06:49:40,801 INFO CHECKSUM 4 14 0: 1.955029
2024-07-09 06:49:40,829 INFO sent 4 -> 14 # 0 at 160727115, 0.383458 0.902709
2024-07-09 06:49:40,831 INFO recv 4 -> 14 # 0 at 192096248, 0.383458 0.902709
2024-07-09 06:49:41,044 INFO CHECKSUM 4 15 0: 1.955029
2024-07-09 06:49:41,045 INFO CHECKSUM 4 15 0: 1.955029
2024-07-09 06:49:41,065 INFO Accepting from rank 5
2024-07-09 06:49:41,065 INFO Accepting from rank 5
2024-07-09 06:49:41,065 INFO Accepting from rank 5
2024-07-09 06:49:41,065 INFO Accepting from rank 5
2024-07-09 06:49:41,065 INFO Accepting from rank 5
2024-07-09 06:49:41,065 INFO Accepting from rank 5
2024-07-09 06:49:41,065 INFO Accepting from rank 5
2024-07-09 06:49:41,065 INFO sent 4 -> 15 # 0 at 195829839, 0.383458 0.902709
2024-07-09 06:49:41,065 INFO Accepting from rank 5
2024-07-09 06:49:41,065 INFO Accepting from rank 5
2024-07-09 06:49:41,065 INFO Accepting from rank 5
2024-07-09 06:49:41,065 INFO Sending from rank 5
2024-07-09 06:49:41,065 INFO Accepting from rank 5
2024-07-09 06:49:41,065 INFO recv 4 -> 15 # 0 at 217182449, 0.383458 0.902709
2024-07-09 06:49:41,065 INFO Accepting from rank 5
2024-07-09 06:49:41,065 INFO Accepting from rank 5
2024-07-09 06:49:41,065 INFO Accepting from rank 5
2024-07-09 06:49:41,065 INFO Accepting from rank 5
2024-07-09 06:49:41,108 INFO CHECKSUM 5 0 0: 0.745346
2024-07-09 06:49:41,108 INFO CHECKSUM 5 0 0: 0.745346
2024-07-09 06:49:41,127 INFO recv 5 -> 0 # 0 at 33835581, 0.469558 0.456699
2024-07-09 06:49:41,127 INFO sent 5 -> 0 # 0 at 14596991, 0.469558 0.456699
2024-07-09 06:49:41,144 INFO CHECKSUM 5 1 0: 0.745346
2024-07-09 06:49:41,143 INFO CHECKSUM 5 1 0: 0.745346
2024-07-09 06:49:41,165 INFO sent 5 -> 1 # 0 at 14173975, 0.469558 0.456699
2024-07-09 06:49:41,169 INFO recv 5 -> 1 # 0 at 39224042, 0.469558 0.456699
2024-07-09 06:49:41,231 INFO CHECKSUM 5 2 0: 0.745346
2024-07-09 06:49:41,231 INFO CHECKSUM 5 2 0: 0.745346
2024-07-09 06:49:41,247 INFO recv 5 -> 2 # 0 at 62720277, 0.469558 0.456699
2024-07-09 06:49:41,247 INFO sent 5 -> 2 # 0 at 46500086, 0.469558 0.456699
2024-07-09 06:49:41,267 INFO CHECKSUM 5 3 0: 0.745346
2024-07-09 06:49:41,267 INFO CHECKSUM 5 3 0: 0.745346
2024-07-09 06:49:41,283 INFO recv 5 -> 3 # 0 at 30014779, 0.469558 0.456699
2024-07-09 06:49:41,283 INFO sent 5 -> 3 # 0 at 13673868, 0.469558 0.456699
2024-07-09 06:49:41,299 INFO CHECKSUM 5 4 0: 0.745346
2024-07-09 06:49:41,300 INFO CHECKSUM 5 4 0: 0.745346
2024-07-09 06:49:41,318 INFO recv 5 -> 4 # 0 at 32441254, 0.469558 0.456699
2024-07-09 06:49:41,318 INFO sent 5 -> 4 # 0 at 13658580, 0.469558 0.456699
2024-07-09 06:49:41,504 INFO CHECKSUM 5 6 0: 0.745346
2024-07-09 06:49:41,505 INFO CHECKSUM 5 6 0: 0.745346
2024-07-09 06:49:41,533 INFO recv 5 -> 6 # 0 at 211253306, 0.469558 0.456699
2024-07-09 06:49:41,541 INFO sent 5 -> 6 # 0 at 183034496, 0.469558 0.456699
2024-07-09 06:49:41,698 INFO CHECKSUM 5 7 0: 0.745346
2024-07-09 06:49:41,698 INFO CHECKSUM 5 7 0: 0.745346
2024-07-09 06:49:41,715 INFO sent 5 -> 7 # 0 at 150860159, 0.469558 0.456699
2024-07-09 06:49:41,715 INFO recv 5 -> 7 # 0 at 168025871, 0.469558 0.456699
2024-07-09 06:49:41,897 INFO CHECKSUM 5 8 0: 0.745346
2024-07-09 06:49:41,898 INFO CHECKSUM 5 8 0: 0.745346
2024-07-09 06:49:41,912 INFO recv 5 -> 8 # 0 at 197111211, 0.469558 0.456699
2024-07-09 06:49:41,912 INFO sent 5 -> 8 # 0 at 182051769, 0.469558 0.456699
2024-07-09 06:49:42,115 INFO CHECKSUM 5 9 0: 0.745346
2024-07-09 06:49:42,122 INFO CHECKSUM 5 9 0: 0.745346
2024-07-09 06:49:42,138 INFO recv 5 -> 9 # 0 at 220203816, 0.469558 0.456699
2024-07-09 06:49:42,138 INFO sent 5 -> 9 # 0 at 196052599, 0.469558 0.456699
2024-07-09 06:49:42,259 INFO CHECKSUM 5 10 0: 0.745346
2024-07-09 06:49:42,261 INFO CHECKSUM 5 10 0: 0.745346
2024-07-09 06:49:42,289 INFO recv 5 -> 10 # 0 at 136053533, 0.469558 0.456699
2024-07-09 06:49:42,303 INFO sent 5 -> 10 # 0 at 106872896, 0.469558 0.456699
2024-07-09 06:49:42,454 INFO CHECKSUM 5 11 0: 0.745346
2024-07-09 06:49:42,464 INFO CHECKSUM 5 11 0: 0.745346
2024-07-09 06:49:42,489 INFO recv 5 -> 11 # 0 at 148025631, 0.469558 0.456699
2024-07-09 06:49:42,489 INFO sent 5 -> 11 # 0 at 124062293, 0.469558 0.456699
2024-07-09 06:49:42,725 INFO CHECKSUM 5 12 0: 0.745346
2024-07-09 06:49:42,727 INFO CHECKSUM 5 12 0: 0.745346
2024-07-09 06:49:42,740 INFO recv 5 -> 12 # 0 at 235179542, 0.469558 0.456699
2024-07-09 06:49:42,743 INFO sent 5 -> 12 # 0 at 213614878, 0.469558 0.456699
2024-07-09 06:49:42,864 INFO CHECKSUM 5 13 0: 0.745346
2024-07-09 06:49:42,864 INFO CHECKSUM 5 13 0: 0.745346
2024-07-09 06:49:42,899 INFO recv 5 -> 13 # 0 at 146890604, 0.469558 0.456699
2024-07-09 06:49:42,903 INFO sent 5 -> 13 # 0 at 108483456, 0.469558 0.456699
2024-07-09 06:49:43,033 INFO CHECKSUM 5 14 0: 0.745346
2024-07-09 06:49:43,033 INFO CHECKSUM 5 14 0: 0.745346
2024-07-09 06:49:43,059 INFO recv 5 -> 14 # 0 at 142173269, 0.469558 0.456699
2024-07-09 06:49:43,062 INFO sent 5 -> 14 # 0 at 115332473, 0.469558 0.456699
2024-07-09 06:49:43,252 INFO CHECKSUM 5 15 0: 0.745346
2024-07-09 06:49:43,252 INFO CHECKSUM 5 15 0: 0.745346
2024-07-09 06:49:43,264 INFO Accepting from rank 6
2024-07-09 06:49:43,264 INFO Accepting from rank 6
2024-07-09 06:49:43,264 INFO Accepting from rank 6
2024-07-09 06:49:43,264 INFO Accepting from rank 6
2024-07-09 06:49:43,264 INFO Accepting from rank 6
2024-07-09 06:49:43,264 INFO Accepting from rank 6
2024-07-09 06:49:43,264 INFO Accepting from rank 6
2024-07-09 06:49:43,264 INFO Accepting from rank 6
2024-07-09 06:49:43,264 INFO Sending from rank 6
2024-07-09 06:49:43,264 INFO Accepting from rank 6
2024-07-09 06:49:43,264 INFO Accepting from rank 6
2024-07-09 06:49:43,264 INFO Accepting from rank 6
2024-07-09 06:49:43,264 INFO Accepting from rank 6
2024-07-09 06:49:43,264 INFO Accepting from rank 6
2024-07-09 06:49:43,264 INFO recv 5 -> 15 # 0 at 197147610, 0.469558 0.456699
2024-07-09 06:49:43,264 INFO sent 5 -> 15 # 0 at 184563640, 0.469558 0.456699
2024-07-09 06:49:43,264 INFO Accepting from rank 6
2024-07-09 06:49:43,264 INFO Accepting from rank 6
2024-07-09 06:49:43,389 INFO CHECKSUM 6 0 0: 0.859152
2024-07-09 06:49:43,389 INFO CHECKSUM 6 0 0: 0.859152
2024-07-09 06:49:43,397 INFO recv 6 -> 0 # 0 at 102393652, 0.556609 0.279465
2024-07-09 06:49:43,397 INFO sent 6 -> 0 # 0 at 94235979, 0.556609 0.279465
2024-07-09 06:49:43,443 INFO CHECKSUM 6 1 0: 0.859152
2024-07-09 06:49:43,442 INFO CHECKSUM 6 1 0: 0.859152
2024-07-09 06:49:43,455 INFO recv 6 -> 1 # 0 at 26785776, 0.556609 0.279465
2024-07-09 06:49:43,455 INFO sent 6 -> 1 # 0 at 22130701, 0.556609 0.279465
2024-07-09 06:49:43,475 INFO CHECKSUM 6 2 0: 0.859152
2024-07-09 06:49:43,476 INFO CHECKSUM 6 2 0: 0.859152
2024-07-09 06:49:43,493 INFO recv 6 -> 2 # 0 at 31250512, 0.556609 0.279465
2024-07-09 06:49:43,493 INFO sent 6 -> 2 # 0 at 13835711, 0.556609 0.279465
2024-07-09 06:49:43,545 INFO CHECKSUM 6 3 0: 0.859152
2024-07-09 06:49:43,545 INFO CHECKSUM 6 3 0: 0.859152
2024-07-09 06:49:43,557 INFO recv 6 -> 3 # 0 at 43320059, 0.556609 0.279465
2024-07-09 06:49:43,557 INFO sent 6 -> 3 # 0 at 30712235, 0.556609 0.279465
2024-07-09 06:49:43,668 INFO CHECKSUM 6 4 0: 0.859152
2024-07-09 06:49:43,669 INFO CHECKSUM 6 4 0: 0.859152
2024-07-09 06:49:43,681 INFO recv 6 -> 4 # 0 at 103513757, 0.556609 0.279465
2024-07-09 06:49:43,681 INFO sent 6 -> 4 # 0 at 91269200, 0.556609 0.279465
2024-07-09 06:49:43,699 INFO CHECKSUM 6 5 0: 0.859152
2024-07-09 06:49:43,700 INFO CHECKSUM 6 5 0: 0.859152
2024-07-09 06:49:43,711 INFO recv 6 -> 5 # 0 at 25968082, 0.556609 0.279465
2024-07-09 06:49:43,711 INFO sent 6 -> 5 # 0 at 13617420, 0.556609 0.279465
2024-07-09 06:49:43,932 INFO CHECKSUM 6 7 0: 0.859152
2024-07-09 06:49:43,933 INFO CHECKSUM 6 7 0: 0.859152
2024-07-09 06:49:43,943 INFO sent 6 -> 7 # 0 at 207399714, 0.556609 0.279465
2024-07-09 06:49:43,943 INFO recv 6 -> 7 # 0 at 218638368, 0.556609 0.279465
2024-07-09 06:49:44,046 INFO CHECKSUM 6 8 0: 0.859152
2024-07-09 06:49:44,046 INFO CHECKSUM 6 8 0: 0.859152
2024-07-09 06:49:44,065 INFO recv 6 -> 8 # 0 at 120860314, 0.556609 0.279465
2024-07-09 06:49:44,067 INFO sent 6 -> 8 # 0 at 101517793, 0.556609 0.279465
2024-07-09 06:49:44,252 INFO CHECKSUM 6 9 0: 0.859152
2024-07-09 06:49:44,252 INFO CHECKSUM 6 9 0: 0.859152
2024-07-09 06:49:44,263 INFO sent 6 -> 9 # 0 at 178215139, 0.556609 0.279465
2024-07-09 06:49:44,263 INFO recv 6 -> 9 # 0 at 189402373, 0.556609 0.279465
2024-07-09 06:49:44,426 INFO CHECKSUM 6 10 0: 0.859152
2024-07-09 06:49:44,426 INFO CHECKSUM 6 10 0: 0.859152
2024-07-09 06:49:44,443 INFO sent 6 -> 10 # 0 at 161235466, 0.556609 0.279465
2024-07-09 06:49:44,443 INFO recv 6 -> 10 # 0 at 178932808, 0.556609 0.279465
2024-07-09 06:49:44,631 INFO CHECKSUM 6 11 0: 0.859152
2024-07-09 06:49:44,632 INFO CHECKSUM 6 11 0: 0.859152
2024-07-09 06:49:44,677 INFO recv 6 -> 11 # 0 at 224004008, 0.556609 0.279465
2024-07-09 06:49:44,677 INFO sent 6 -> 11 # 0 at 178161036, 0.556609 0.279465
2024-07-09 06:49:44,868 INFO CHECKSUM 6 12 0: 0.859152
2024-07-09 06:49:44,869 INFO CHECKSUM 6 12 0: 0.859152
2024-07-09 06:49:44,885 INFO recv 6 -> 12 # 0 at 204475251, 0.556609 0.279465
2024-07-09 06:49:44,885 INFO sent 6 -> 12 # 0 at 188299585, 0.556609 0.279465
2024-07-09 06:49:45,096 INFO CHECKSUM 6 13 0: 0.859152
2024-07-09 06:49:45,097 INFO CHECKSUM 6 13 0: 0.859152
2024-07-09 06:49:45,124 INFO sent 6 -> 13 # 0 at 195513528, 0.556609 0.279465
2024-07-09 06:49:45,125 INFO recv 6 -> 13 # 0 at 209821404, 0.556609 0.279465
2024-07-09 06:49:45,250 INFO CHECKSUM 6 14 0: 0.859152
2024-07-09 06:49:45,250 INFO CHECKSUM 6 14 0: 0.859152
2024-07-09 06:49:45,274 INFO recv 6 -> 14 # 0 at 135597063, 0.556609 0.279465
2024-07-09 06:49:45,274 INFO sent 6 -> 14 # 0 at 111051666, 0.556609 0.279465
2024-07-09 06:49:45,425 INFO CHECKSUM 6 15 0: 0.859152
2024-07-09 06:49:45,425 INFO CHECKSUM 6 15 0: 0.859152
2024-07-09 06:49:45,437 INFO Accepting from rank 7
2024-07-09 06:49:45,437 INFO Accepting from rank 7
2024-07-09 06:49:45,437 INFO Accepting from rank 7
2024-07-09 06:49:45,437 INFO Accepting from rank 7
2024-07-09 06:49:45,437 INFO Accepting from rank 7
2024-07-09 06:49:45,437 INFO Accepting from rank 7
2024-07-09 06:49:45,437 INFO Accepting from rank 7
2024-07-09 06:49:45,437 INFO sent 6 -> 15 # 0 at 124468588, 0.556609 0.279465
2024-07-09 06:49:45,437 INFO Accepting from rank 7
2024-07-09 06:49:45,437 INFO Accepting from rank 7
2024-07-09 06:49:45,437 INFO Accepting from rank 7
2024-07-09 06:49:45,437 INFO Accepting from rank 7
2024-07-09 06:49:45,437 INFO Accepting from rank 7
2024-07-09 06:49:45,437 INFO Accepting from rank 7
2024-07-09 06:49:45,437 INFO recv 6 -> 15 # 0 at 130568095, 0.556609 0.279465
2024-07-09 06:49:45,437 INFO Accepting from rank 7
2024-07-09 06:49:45,443 INFO Accepting from rank 7
2024-07-09 06:49:45,443 INFO Sending from rank 7
2024-07-09 06:49:45,481 INFO CHECKSUM 7 0 0: 1.965447
2024-07-09 06:49:45,481 INFO CHECKSUM 7 0 0: 1.965447
2024-07-09 06:49:45,501 INFO recv 7 -> 0 # 0 at 34504118, 0.380137 0.983270
2024-07-09 06:49:45,523 INFO sent 7 -> 0 # 0 at 14564108, 0.380137 0.983270
2024-07-09 06:49:45,633 INFO CHECKSUM 7 1 0: 1.965447
2024-07-09 06:49:45,633 INFO CHECKSUM 7 1 0: 1.965447
2024-07-09 06:49:45,656 INFO recv 7 -> 1 # 0 at 114526250, 0.380137 0.983270
2024-07-09 06:49:45,656 INFO sent 7 -> 1 # 0 at 91490647, 0.380137 0.983270
2024-07-09 06:49:45,698 INFO CHECKSUM 7 2 0: 1.965447
2024-07-09 06:49:45,714 INFO CHECKSUM 7 2 0: 1.965447
2024-07-09 06:49:45,733 INFO recv 7 -> 2 # 0 at 64668521, 0.380137 0.983270
2024-07-09 06:49:45,733 INFO sent 7 -> 2 # 0 at 29802348, 0.380137 0.983270
2024-07-09 06:49:45,815 INFO CHECKSUM 7 3 0: 1.965447
2024-07-09 06:49:45,816 INFO CHECKSUM 7 3 0: 1.965447
2024-07-09 06:49:45,833 INFO recv 7 -> 3 # 0 at 58218712, 0.380137 0.983270
2024-07-09 06:49:45,833 INFO sent 7 -> 3 # 0 at 36382396, 0.380137 0.983270
2024-07-09 06:49:45,879 INFO CHECKSUM 7 4 0: 1.965447
2024-07-09 06:49:45,880 INFO CHECKSUM 7 4 0: 1.965447
2024-07-09 06:49:45,893 INFO recv 7 -> 4 # 0 at 27352597, 0.380137 0.983270
2024-07-09 06:49:45,893 INFO sent 7 -> 4 # 0 at 13574025, 0.380137 0.983270
2024-07-09 06:49:45,909 INFO CHECKSUM 7 5 0: 1.965447
2024-07-09 06:49:45,910 INFO CHECKSUM 7 5 0: 1.965447
2024-07-09 06:49:45,925 INFO recv 7 -> 5 # 0 at 30624445, 0.380137 0.983270
2024-07-09 06:49:45,925 INFO sent 7 -> 5 # 0 at 14458694, 0.380137 0.983270
2024-07-09 06:49:45,959 INFO CHECKSUM 7 6 0: 1.965447
2024-07-09 06:49:45,969 INFO CHECKSUM 7 6 0: 1.965447
2024-07-09 06:49:45,978 INFO sent 7 -> 6 # 0 at 22148535, 0.380137 0.983270
2024-07-09 06:49:45,978 INFO recv 7 -> 6 # 0 at 41187305, 0.380137 0.983270
2024-07-09 06:49:46,173 INFO CHECKSUM 7 8 0: 1.965447
2024-07-09 06:49:46,174 INFO CHECKSUM 7 8 0: 1.965447
2024-07-09 06:49:46,193 INFO recv 7 -> 8 # 0 at 203630142, 0.380137 0.983270
2024-07-09 06:49:46,195 INFO sent 7 -> 8 # 0 at 184071740, 0.380137 0.983270
2024-07-09 06:49:46,385 INFO CHECKSUM 7 9 0: 1.965447
2024-07-09 06:49:46,385 INFO CHECKSUM 7 9 0: 1.965447
2024-07-09 06:49:46,398 INFO recv 7 -> 9 # 0 at 189212876, 0.380137 0.983270
2024-07-09 06:49:46,398 INFO sent 7 -> 9 # 0 at 175197451, 0.380137 0.983270
2024-07-09 06:49:46,585 INFO CHECKSUM 7 10 0: 1.965447
2024-07-09 06:49:46,588 INFO CHECKSUM 7 10 0: 1.965447
2024-07-09 06:49:46,601 INFO recv 7 -> 10 # 0 at 185830241, 0.380137 0.983270
2024-07-09 06:49:46,601 INFO sent 7 -> 10 # 0 at 169902344, 0.380137 0.983270
2024-07-09 06:49:46,770 INFO CHECKSUM 7 11 0: 1.965447
2024-07-09 06:49:46,781 INFO CHECKSUM 7 11 0: 1.965447
2024-07-09 06:49:46,795 INFO recv 7 -> 11 # 0 at 192514404, 0.380137 0.983270
2024-07-09 06:49:46,795 INFO sent 7 -> 11 # 0 at 166883985, 0.380137 0.983270
2024-07-09 06:49:46,981 INFO CHECKSUM 7 12 0: 1.965447
2024-07-09 06:49:46,981 INFO CHECKSUM 7 12 0: 1.965447
2024-07-09 06:49:47,009 INFO recv 7 -> 12 # 0 at 213150951, 0.380137 0.983270
2024-07-09 06:49:47,009 INFO sent 7 -> 12 # 0 at 185467977, 0.380137 0.983270
2024-07-09 06:49:47,221 INFO CHECKSUM 7 13 0: 1.965447
2024-07-09 06:49:47,221 INFO CHECKSUM 7 13 0: 1.965447
2024-07-09 06:49:47,247 INFO recv 7 -> 13 # 0 at 219690967, 0.380137 0.983270
2024-07-09 06:49:47,247 INFO sent 7 -> 13 # 0 at 198171221, 0.380137 0.983270
2024-07-09 06:49:47,420 INFO CHECKSUM 7 14 0: 1.965447
2024-07-09 06:49:47,420 INFO CHECKSUM 7 14 0: 1.965447
2024-07-09 06:49:47,441 INFO recv 7 -> 14 # 0 at 186319101, 0.380137 0.983270
2024-07-09 06:49:47,447 INFO sent 7 -> 14 # 0 at 165192148, 0.380137 0.983270
2024-07-09 06:49:47,632 INFO CHECKSUM 7 15 0: 1.965447
2024-07-09 06:49:47,633 INFO CHECKSUM 7 15 0: 1.965447
2024-07-09 06:49:47,649 INFO Accepting from rank 8
2024-07-09 06:49:47,657 INFO Accepting from rank 8
2024-07-09 06:49:47,657 INFO Accepting from rank 8
2024-07-09 06:49:47,657 INFO Accepting from rank 8
2024-07-09 06:49:47,657 INFO Sending from rank 8
2024-07-09 06:49:47,657 INFO Accepting from rank 8
2024-07-09 06:49:47,657 INFO Accepting from rank 8
2024-07-09 06:49:47,657 INFO Accepting from rank 8
2024-07-09 06:49:47,657 INFO Accepting from rank 8
2024-07-09 06:49:47,657 INFO Accepting from rank 8
2024-07-09 06:49:47,657 INFO Accepting from rank 8
2024-07-09 06:49:47,657 INFO Accepting from rank 8
2024-07-09 06:49:47,657 INFO recv 7 -> 15 # 0 at 192003569, 0.380137 0.983270
2024-07-09 06:49:47,657 INFO Accepting from rank 8
2024-07-09 06:49:47,657 INFO Accepting from rank 8
2024-07-09 06:49:47,657 INFO Accepting from rank 8
2024-07-09 06:49:47,657 INFO sent 7 -> 15 # 0 at 167046809, 0.380137 0.983270
2024-07-09 06:49:47,657 INFO Accepting from rank 8
2024-07-09 06:49:47,711 INFO CHECKSUM 8 0 0: 1.388060
2024-07-09 06:49:47,711 INFO CHECKSUM 8 0 0: 1.388060
2024-07-09 06:49:47,725 INFO sent 8 -> 0 # 0 at 31123677, 0.795488 0.148694
2024-07-09 06:49:47,725 INFO recv 8 -> 0 # 0 at 45429293, 0.795488 0.148694
2024-07-09 06:49:47,754 INFO CHECKSUM 8 1 0: 1.388060
2024-07-09 06:49:47,755 INFO CHECKSUM 8 1 0: 1.388060
2024-07-09 06:49:47,769 INFO recv 8 -> 1 # 0 at 29091832, 0.795488 0.148694
2024-07-09 06:49:47,769 INFO sent 8 -> 1 # 0 at 14787172, 0.795488 0.148694
2024-07-09 06:49:47,785 INFO CHECKSUM 8 2 0: 1.388060
2024-07-09 06:49:47,786 INFO CHECKSUM 8 2 0: 1.388060
2024-07-09 06:49:47,801 INFO sent 8 -> 2 # 0 at 14253848, 0.795488 0.148694
2024-07-09 06:49:47,801 INFO recv 8 -> 2 # 0 at 30094619, 0.795488 0.148694
2024-07-09 06:49:47,831 INFO CHECKSUM 8 3 0: 1.388060
2024-07-09 06:49:47,832 INFO CHECKSUM 8 3 0: 1.388060
2024-07-09 06:49:47,845 INFO sent 8 -> 3 # 0 at 14091504, 0.795488 0.148694
2024-07-09 06:49:47,845 INFO recv 8 -> 3 # 0 at 28029920, 0.795488 0.148694
2024-07-09 06:49:47,880 INFO CHECKSUM 8 4 0: 1.388060
2024-07-09 06:49:47,893 INFO sent 8 -> 4 # 0 at 21297016, 0.795488 0.148694
2024-07-09 06:49:47,881 INFO CHECKSUM 8 4 0: 1.388060
2024-07-09 06:49:47,893 INFO recv 8 -> 4 # 0 at 33738710, 0.795488 0.148694
2024-07-09 06:49:47,919 INFO CHECKSUM 8 5 0: 1.388060
2024-07-09 06:49:47,920 INFO CHECKSUM 8 5 0: 1.388060
2024-07-09 06:49:47,937 INFO sent 8 -> 5 # 0 at 14355335, 0.795488 0.148694
2024-07-09 06:49:47,941 INFO recv 8 -> 5 # 0 at 36645995, 0.795488 0.148694
2024-07-09 06:49:48,037 INFO CHECKSUM 8 6 0: 1.388060
2024-07-09 06:49:48,037 INFO CHECKSUM 8 6 0: 1.388060
2024-07-09 06:49:48,055 INFO sent 8 -> 6 # 0 at 80080707, 0.795488 0.148694
2024-07-09 06:49:48,059 INFO recv 8 -> 6 # 0 at 102482997, 0.795488 0.148694
2024-07-09 06:49:48,088 INFO CHECKSUM 8 7 0: 1.388060
2024-07-09 06:49:48,088 INFO CHECKSUM 8 7 0: 1.388060
2024-07-09 06:49:48,105 INFO sent 8 -> 7 # 0 at 14507120, 0.795488 0.148694
2024-07-09 06:49:48,105 INFO recv 8 -> 7 # 0 at 32008759, 0.795488 0.148694
2024-07-09 06:49:48,302 INFO CHECKSUM 8 9 0: 1.388060
2024-07-09 06:49:48,302 INFO CHECKSUM 8 9 0: 1.388060
2024-07-09 06:49:48,315 INFO sent 8 -> 9 # 0 at 185605467, 0.795488 0.148694
2024-07-09 06:49:48,314 INFO recv 8 -> 9 # 0 at 198174571, 0.795488 0.148694
2024-07-09 06:49:48,525 INFO CHECKSUM 8 10 0: 1.388060
2024-07-09 06:49:48,526 INFO CHECKSUM 8 10 0: 1.388060
2024-07-09 06:49:48,537 INFO sent 8 -> 10 # 0 at 184631439, 0.795488 0.148694
2024-07-09 06:49:48,537 INFO recv 8 -> 10 # 0 at 193721522, 0.795488 0.148694
2024-07-09 06:49:48,759 INFO CHECKSUM 8 11 0: 1.388060
2024-07-09 06:49:48,759 INFO CHECKSUM 8 11 0: 1.388060
2024-07-09 06:49:48,779 INFO sent 8 -> 11 # 0 at 209319286, 0.795488 0.148694
2024-07-09 06:49:48,779 INFO recv 8 -> 11 # 0 at 229292657, 0.795488 0.148694
2024-07-09 06:49:49,025 INFO CHECKSUM 8 12 0: 1.388060
2024-07-09 06:49:49,026 INFO CHECKSUM 8 12 0: 1.388060
2024-07-09 06:49:49,044 INFO sent 8 -> 12 # 0 at 219685312, 0.795488 0.148694
2024-07-09 06:49:49,044 INFO recv 8 -> 12 # 0 at 238304413, 0.795488 0.148694
2024-07-09 06:49:49,214 INFO CHECKSUM 8 13 0: 1.388060
2024-07-09 06:49:49,214 INFO CHECKSUM 8 13 0: 1.388060
2024-07-09 06:49:49,225 INFO sent 8 -> 13 # 0 at 163674312, 0.795488 0.148694
2024-07-09 06:49:49,225 INFO recv 8 -> 13 # 0 at 175161442, 0.795488 0.148694
2024-07-09 06:49:49,416 INFO CHECKSUM 8 14 0: 1.388060
2024-07-09 06:49:49,417 INFO CHECKSUM 8 14 0: 1.388060
2024-07-09 06:49:49,428 INFO sent 8 -> 14 # 0 at 184943134, 0.795488 0.148694
2024-07-09 06:49:49,428 INFO recv 8 -> 14 # 0 at 197657318, 0.795488 0.148694
2024-07-09 06:49:49,614 INFO CHECKSUM 8 15 0: 1.388060
2024-07-09 06:49:49,614 INFO CHECKSUM 8 15 0: 1.388060
2024-07-09 06:49:49,635 INFO Accepting from rank 9
2024-07-09 06:49:49,637 INFO sent 8 -> 15 # 0 at 164366934, 0.795488 0.148694
2024-07-09 06:49:49,637 INFO Accepting from rank 9
2024-07-09 06:49:49,637 INFO Accepting from rank 9
2024-07-09 06:49:49,637 INFO Sending from rank 9
2024-07-09 06:49:49,637 INFO Accepting from rank 9
2024-07-09 06:49:49,637 INFO Accepting from rank 9
2024-07-09 06:49:49,637 INFO Accepting from rank 9
2024-07-09 06:49:49,637 INFO Accepting from rank 9
2024-07-09 06:49:49,639 INFO Accepting from rank 9
2024-07-09 06:49:49,639 INFO Accepting from rank 9
2024-07-09 06:49:49,639 INFO Accepting from rank 9
2024-07-09 06:49:49,639 INFO Accepting from rank 9
2024-07-09 06:49:49,643 INFO Accepting from rank 9
2024-07-09 06:49:49,643 INFO Accepting from rank 9
2024-07-09 06:49:49,643 INFO recv 8 -> 15 # 0 at 193345427, 0.795488 0.148694
2024-07-09 06:49:49,643 INFO Accepting from rank 9
2024-07-09 06:49:49,643 INFO Accepting from rank 9
2024-07-09 06:49:49,675 INFO CHECKSUM 9 0 0: 1.746143
2024-07-09 06:49:49,676 INFO CHECKSUM 9 0 0: 1.746143
2024-07-09 06:49:49,693 INFO recv 9 -> 0 # 0 at 31993548, 0.133680 0.486132
2024-07-09 06:49:49,693 INFO sent 9 -> 0 # 0 at 14051607, 0.133680 0.486132
2024-07-09 06:49:49,774 INFO CHECKSUM 9 1 0: 1.746143
2024-07-09 06:49:49,775 INFO CHECKSUM 9 1 0: 1.746143
2024-07-09 06:49:49,799 INFO recv 9 -> 1 # 0 at 98497736, 0.133680 0.486132
2024-07-09 06:49:49,799 INFO sent 9 -> 1 # 0 at 74151028, 0.133680 0.486132
2024-07-09 06:49:49,821 INFO CHECKSUM 9 2 0: 1.746143
2024-07-09 06:49:49,821 INFO CHECKSUM 9 2 0: 1.746143
2024-07-09 06:49:49,835 INFO recv 9 -> 2 # 0 at 31866962, 0.133680 0.486132
2024-07-09 06:49:49,843 INFO sent 9 -> 2 # 0 at 17938859, 0.133680 0.486132
2024-07-09 06:49:49,895 INFO CHECKSUM 9 3 0: 1.746143
2024-07-09 06:49:49,895 INFO CHECKSUM 9 3 0: 1.746143
2024-07-09 06:49:49,911 INFO sent 9 -> 3 # 0 at 30010870, 0.133680 0.486132
2024-07-09 06:49:49,911 INFO recv 9 -> 3 # 0 at 46238467, 0.133680 0.486132
2024-07-09 06:49:49,928 INFO CHECKSUM 9 4 0: 1.746143
2024-07-09 06:49:49,929 INFO CHECKSUM 9 4 0: 1.746143
2024-07-09 06:49:49,943 INFO sent 9 -> 4 # 0 at 13924210, 0.133680 0.486132
2024-07-09 06:49:49,943 INFO recv 9 -> 4 # 0 at 29244279, 0.133680 0.486132
2024-07-09 06:49:49,971 INFO CHECKSUM 9 5 0: 1.746143
2024-07-09 06:49:49,972 INFO CHECKSUM 9 5 0: 1.746143
2024-07-09 06:49:49,989 INFO recv 9 -> 5 # 0 at 31347862, 0.133680 0.486132
2024-07-09 06:49:49,993 INFO sent 9 -> 5 # 0 at 13914681, 0.133680 0.486132
2024-07-09 06:49:50,041 INFO CHECKSUM 9 6 0: 1.746143
2024-07-09 06:49:50,042 INFO CHECKSUM 9 6 0: 1.746143
2024-07-09 06:49:50,065 INFO recv 9 -> 6 # 0 at 44180517, 0.133680 0.486132
2024-07-09 06:49:50,071 INFO sent 9 -> 6 # 0 at 13986471, 0.133680 0.486132
2024-07-09 06:49:50,158 INFO CHECKSUM 9 7 0: 1.746143
2024-07-09 06:49:50,159 INFO CHECKSUM 9 7 0: 1.746143
2024-07-09 06:49:50,175 INFO recv 9 -> 7 # 0 at 102691019, 0.133680 0.486132
2024-07-09 06:49:50,181 INFO sent 9 -> 7 # 0 at 85243862, 0.133680 0.486132
2024-07-09 06:49:50,229 INFO CHECKSUM 9 8 0: 1.746143
2024-07-09 06:49:50,229 INFO CHECKSUM 9 8 0: 1.746143
2024-07-09 06:49:50,249 INFO recv 9 -> 8 # 0 at 43963746, 0.133680 0.486132
2024-07-09 06:49:50,249 INFO sent 9 -> 8 # 0 at 13756916, 0.133680 0.486132
2024-07-09 06:49:50,468 INFO CHECKSUM 9 10 0: 1.746143
2024-07-09 06:49:50,468 INFO CHECKSUM 9 10 0: 1.746143
2024-07-09 06:49:50,493 INFO recv 9 -> 10 # 0 at 215337887, 0.133680 0.486132
2024-07-09 06:49:50,497 INFO sent 9 -> 10 # 0 at 190442849, 0.133680 0.486132
2024-07-09 06:49:50,681 INFO CHECKSUM 9 11 0: 1.746143
2024-07-09 06:49:50,682 INFO CHECKSUM 9 11 0: 1.746143
2024-07-09 06:49:50,711 INFO sent 9 -> 11 # 0 at 179515717, 0.133680 0.486132
2024-07-09 06:49:50,711 INFO recv 9 -> 11 # 0 at 210161909, 0.133680 0.486132
2024-07-09 06:49:50,922 INFO CHECKSUM 9 12 0: 1.746143
2024-07-09 06:49:50,922 INFO CHECKSUM 9 12 0: 1.746143
2024-07-09 06:49:50,936 INFO sent 9 -> 12 # 0 at 196432946, 0.133680 0.486132
2024-07-09 06:49:50,936 INFO recv 9 -> 12 # 0 at 210659677, 0.133680 0.486132
2024-07-09 06:49:51,106 INFO CHECKSUM 9 13 0: 1.746143
2024-07-09 06:49:51,106 INFO CHECKSUM 9 13 0: 1.746143
2024-07-09 06:49:51,133 INFO sent 9 -> 13 # 0 at 156294583, 0.133680 0.486132
2024-07-09 06:49:51,133 INFO recv 9 -> 13 # 0 at 183257401, 0.133680 0.486132
2024-07-09 06:49:51,321 INFO CHECKSUM 9 14 0: 1.746143
2024-07-09 06:49:51,321 INFO CHECKSUM 9 14 0: 1.746143
2024-07-09 06:49:51,331 INFO recv 9 -> 14 # 0 at 190025327, 0.133680 0.486132
2024-07-09 06:49:51,336 INFO sent 9 -> 14 # 0 at 179260372, 0.133680 0.486132
2024-07-09 06:49:51,500 INFO CHECKSUM 9 15 0: 1.746143
2024-07-09 06:49:51,501 INFO CHECKSUM 9 15 0: 1.746143
2024-07-09 06:49:51,521 INFO Accepting from rank 10
2024-07-09 06:49:51,521 INFO Accepting from rank 10
2024-07-09 06:49:51,521 INFO Accepting from rank 10
2024-07-09 06:49:51,521 INFO Accepting from rank 10
2024-07-09 06:49:51,521 INFO Accepting from rank 10
2024-07-09 06:49:51,521 INFO Accepting from rank 10
2024-07-09 06:49:51,521 INFO sent 9 -> 15 # 0 at 162717969, 0.133680 0.486132
2024-07-09 06:49:51,521 INFO Accepting from rank 10
2024-07-09 06:49:51,521 INFO Sending from rank 10
2024-07-09 06:49:51,521 INFO recv 9 -> 15 # 0 at 183309843, 0.133680 0.486132
2024-07-09 06:49:51,521 INFO Accepting from rank 10
2024-07-09 06:49:51,521 INFO Accepting from rank 10
2024-07-09 06:49:51,523 INFO Accepting from rank 10
2024-07-09 06:49:51,523 INFO Accepting from rank 10
2024-07-09 06:49:51,529 INFO Accepting from rank 10
2024-07-09 06:49:51,529 INFO Accepting from rank 10
2024-07-09 06:49:51,529 INFO Accepting from rank 10
2024-07-09 06:49:51,529 INFO Accepting from rank 10
2024-07-09 06:49:51,589 INFO CHECKSUM 10 0 0: 1.465653
2024-07-09 06:49:51,589 INFO CHECKSUM 10 0 0: 1.465653
2024-07-09 06:49:51,605 INFO recv 10 -> 0 # 0 at 61071693, 0.438209 0.595018
2024-07-09 06:49:51,611 INFO sent 10 -> 0 # 0 at 45431050, 0.438209 0.595018
2024-07-09 06:49:51,639 INFO CHECKSUM 10 1 0: 1.465653
2024-07-09 06:49:51,640 INFO CHECKSUM 10 1 0: 1.465653
2024-07-09 06:49:51,657 INFO recv 10 -> 1 # 0 at 32053654, 0.438209 0.595018
2024-07-09 06:49:51,657 INFO sent 10 -> 1 # 0 at 18376567, 0.438209 0.595018
2024-07-09 06:49:51,758 INFO CHECKSUM 10 2 0: 1.465653
2024-07-09 06:49:51,759 INFO CHECKSUM 10 2 0: 1.465653
2024-07-09 06:49:51,785 INFO recv 10 -> 2 # 0 at 118176092, 0.438209 0.595018
2024-07-09 06:49:51,785 INFO sent 10 -> 2 # 0 at 90893168, 0.438209 0.595018
2024-07-09 06:49:51,890 INFO CHECKSUM 10 3 0: 1.465653
2024-07-09 06:49:51,900 INFO CHECKSUM 10 3 0: 1.465653
2024-07-09 06:49:51,911 INFO sent 10 -> 3 # 0 at 78515104, 0.438209 0.595018
2024-07-09 06:49:51,911 INFO recv 10 -> 3 # 0 at 103610152, 0.438209 0.595018
2024-07-09 06:49:51,944 INFO CHECKSUM 10 4 0: 1.465653
2024-07-09 06:49:51,945 INFO CHECKSUM 10 4 0: 1.465653
2024-07-09 06:49:51,956 INFO sent 10 -> 4 # 0 at 31100411, 0.438209 0.595018
2024-07-09 06:49:51,956 INFO recv 10 -> 4 # 0 at 42621566, 0.438209 0.595018
2024-07-09 06:49:51,970 INFO CHECKSUM 10 5 0: 1.465653
2024-07-09 06:49:51,971 INFO CHECKSUM 10 5 0: 1.465653
2024-07-09 06:49:51,998 INFO sent 10 -> 5 # 0 at 14011610, 0.438209 0.595018
2024-07-09 06:49:52,003 INFO recv 10 -> 5 # 0 at 46852026, 0.438209 0.595018
2024-07-09 06:49:52,023 INFO CHECKSUM 10 6 0: 1.465653
2024-07-09 06:49:52,024 INFO CHECKSUM 10 6 0: 1.465653
2024-07-09 06:49:52,041 INFO sent 10 -> 6 # 0 at 13771354, 0.438209 0.595018
2024-07-09 06:49:52,041 INFO recv 10 -> 6 # 0 at 32002648, 0.438209 0.595018
2024-07-09 06:49:52,069 INFO CHECKSUM 10 7 0: 1.465653
2024-07-09 06:49:52,069 INFO CHECKSUM 10 7 0: 1.465653
2024-07-09 06:49:52,101 INFO recv 10 -> 7 # 0 at 46625749, 0.438209 0.595018
2024-07-09 06:49:52,107 INFO sent 10 -> 7 # 0 at 14487552, 0.438209 0.595018
2024-07-09 06:49:52,150 INFO CHECKSUM 10 8 0: 1.465653
2024-07-09 06:49:52,151 INFO CHECKSUM 10 8 0: 1.465653
2024-07-09 06:49:52,165 INFO recv 10 -> 8 # 0 at 28219889, 0.438209 0.595018
2024-07-09 06:49:52,165 INFO sent 10 -> 8 # 0 at 13729062, 0.438209 0.595018
2024-07-09 06:49:52,190 INFO CHECKSUM 10 9 0: 1.465653
2024-07-09 06:49:52,189 INFO CHECKSUM 10 9 0: 1.465653
2024-07-09 06:49:52,215 INFO recv 10 -> 9 # 0 at 39755151, 0.438209 0.595018
2024-07-09 06:49:52,215 INFO sent 10 -> 9 # 0 at 14083800, 0.438209 0.595018
2024-07-09 06:49:52,437 INFO CHECKSUM 10 11 0: 1.465653
2024-07-09 06:49:52,438 INFO CHECKSUM 10 11 0: 1.465653
2024-07-09 06:49:52,461 INFO sent 10 -> 11 # 0 at 207660051, 0.438209 0.595018
2024-07-09 06:49:52,461 INFO recv 10 -> 11 # 0 at 231379450, 0.438209 0.595018
2024-07-09 06:49:52,673 INFO CHECKSUM 10 12 0: 1.465653
2024-07-09 06:49:52,673 INFO CHECKSUM 10 12 0: 1.465653
2024-07-09 06:49:52,692 INFO sent 10 -> 12 # 0 at 197514092, 0.438209 0.595018
2024-07-09 06:49:52,692 INFO recv 10 -> 12 # 0 at 216739702, 0.438209 0.595018
2024-07-09 06:49:52,865 INFO CHECKSUM 10 13 0: 1.465653
2024-07-09 06:49:52,866 INFO CHECKSUM 10 13 0: 1.465653
2024-07-09 06:49:52,887 INFO sent 10 -> 13 # 0 at 157840588, 0.438209 0.595018
2024-07-09 06:49:52,891 INFO recv 10 -> 13 # 0 at 183999538, 0.438209 0.595018
2024-07-09 06:49:53,073 INFO CHECKSUM 10 14 0: 1.465653
2024-07-09 06:49:53,074 INFO CHECKSUM 10 14 0: 1.465653
2024-07-09 06:49:53,097 INFO sent 10 -> 14 # 0 at 181528607, 0.438209 0.595018
2024-07-09 06:49:53,097 INFO recv 10 -> 14 # 0 at 205579649, 0.438209 0.595018
2024-07-09 06:49:53,264 INFO CHECKSUM 10 15 0: 1.465653
2024-07-09 06:49:53,264 INFO CHECKSUM 10 15 0: 1.465653
2024-07-09 06:49:53,289 INFO Accepting from rank 11
2024-07-09 06:49:53,289 INFO Accepting from rank 11
2024-07-09 06:49:53,289 INFO Accepting from rank 11
2024-07-09 06:49:53,289 INFO Accepting from rank 11
2024-07-09 06:49:53,289 INFO Accepting from rank 11
2024-07-09 06:49:53,289 INFO Accepting from rank 11
2024-07-09 06:49:53,289 INFO Sending from rank 11
2024-07-09 06:49:53,289 INFO Accepting from rank 11
2024-07-09 06:49:53,289 INFO sent 10 -> 15 # 0 at 155094518, 0.438209 0.595018
2024-07-09 06:49:53,289 INFO recv 10 -> 15 # 0 at 180662246, 0.438209 0.595018
2024-07-09 06:49:53,289 INFO Accepting from rank 11
2024-07-09 06:49:53,291 INFO Accepting from rank 11
2024-07-09 06:49:53,289 INFO Accepting from rank 11
2024-07-09 06:49:53,291 INFO Accepting from rank 11
2024-07-09 06:49:53,291 INFO Accepting from rank 11
2024-07-09 06:49:53,291 INFO Accepting from rank 11
2024-07-09 06:49:53,301 INFO Accepting from rank 11
2024-07-09 06:49:53,301 INFO Accepting from rank 11
2024-07-09 06:49:53,340 INFO CHECKSUM 11 0 0: 1.489551
2024-07-09 06:49:53,340 INFO CHECKSUM 11 0 0: 1.489551
2024-07-09 06:49:53,352 INFO sent 11 -> 0 # 0 at 22340497, 0.777983 0.857058
2024-07-09 06:49:53,352 INFO recv 11 -> 0 # 0 at 35202696, 0.777983 0.857058
2024-07-09 06:49:53,401 INFO CHECKSUM 11 1 0: 1.489551
2024-07-09 06:49:53,401 INFO CHECKSUM 11 1 0: 1.489551
2024-07-09 06:49:53,432 INFO sent 11 -> 1 # 0 at 36302331, 0.777983 0.857058
2024-07-09 06:49:53,432 INFO recv 11 -> 1 # 0 at 67938379, 0.777983 0.857058
2024-07-09 06:49:53,459 INFO CHECKSUM 11 2 0: 1.489551
2024-07-09 06:49:53,458 INFO CHECKSUM 11 2 0: 1.489551
2024-07-09 06:49:53,479 INFO recv 11 -> 2 # 0 at 34461475, 0.777983 0.857058
2024-07-09 06:49:53,483 INFO sent 11 -> 2 # 0 at 13792264, 0.777983 0.857058
2024-07-09 06:49:53,523 INFO CHECKSUM 11 3 0: 1.489551
2024-07-09 06:49:53,523 INFO CHECKSUM 11 3 0: 1.489551
2024-07-09 06:49:53,541 INFO sent 11 -> 3 # 0 at 13525578, 0.777983 0.857058
2024-07-09 06:49:53,553 INFO recv 11 -> 3 # 0 at 48737335, 0.777983 0.857058
2024-07-09 06:49:53,599 INFO CHECKSUM 11 4 0: 1.489551
2024-07-09 06:49:53,600 INFO CHECKSUM 11 4 0: 1.489551
2024-07-09 06:49:53,612 INFO sent 11 -> 4 # 0 at 32013791, 0.777983 0.857058
2024-07-09 06:49:53,612 INFO recv 11 -> 4 # 0 at 55598528, 0.777983 0.857058
2024-07-09 06:49:53,645 INFO CHECKSUM 11 5 0: 1.489551
2024-07-09 06:49:53,655 INFO CHECKSUM 11 5 0: 1.489551
2024-07-09 06:49:53,685 INFO recv 11 -> 5 # 0 at 53720812, 0.777983 0.857058
2024-07-09 06:49:53,690 INFO sent 11 -> 5 # 0 at 21148949, 0.777983 0.857058
2024-07-09 06:49:53,716 INFO CHECKSUM 11 6 0: 1.489551
2024-07-09 06:49:53,716 INFO CHECKSUM 11 6 0: 1.489551
2024-07-09 06:49:53,744 INFO sent 11 -> 6 # 0 at 14475057, 0.777983 0.857058
2024-07-09 06:49:53,744 INFO recv 11 -> 6 # 0 at 43204993, 0.777983 0.857058
2024-07-09 06:49:53,768 INFO CHECKSUM 11 7 0: 1.489551
2024-07-09 06:49:53,769 INFO CHECKSUM 11 7 0: 1.489551
2024-07-09 06:49:53,789 INFO sent 11 -> 7 # 0 at 13993615, 0.777983 0.857058
2024-07-09 06:49:53,789 INFO recv 11 -> 7 # 0 at 34421119, 0.777983 0.857058
2024-07-09 06:49:53,811 INFO CHECKSUM 11 8 0: 1.489551
2024-07-09 06:49:53,812 INFO CHECKSUM 11 8 0: 1.489551
2024-07-09 06:49:53,829 INFO recv 11 -> 8 # 0 at 31278837, 0.777983 0.857058
2024-07-09 06:49:53,829 INFO sent 11 -> 8 # 0 at 13646092, 0.777983 0.857058
2024-07-09 06:49:53,843 INFO CHECKSUM 11 9 0: 1.489551
2024-07-09 06:49:53,843 INFO CHECKSUM 11 9 0: 1.489551
2024-07-09 06:49:53,859 INFO recv 11 -> 9 # 0 at 29979710, 0.777983 0.857058
2024-07-09 06:49:53,859 INFO sent 11 -> 9 # 0 at 13637735, 0.777983 0.857058
2024-07-09 06:49:53,875 INFO CHECKSUM 11 10 0: 1.489551
2024-07-09 06:49:53,876 INFO CHECKSUM 11 10 0: 1.489551
2024-07-09 06:49:53,890 INFO recv 11 -> 10 # 0 at 28880440, 0.777983 0.857058
2024-07-09 06:49:53,890 INFO sent 11 -> 10 # 0 at 13540446, 0.777983 0.857058
2024-07-09 06:49:54,169 INFO CHECKSUM 11 12 0: 1.489551
2024-07-09 06:49:54,170 INFO CHECKSUM 11 12 0: 1.489551
2024-07-09 06:49:54,188 INFO sent 11 -> 12 # 0 at 275722812, 0.777983 0.857058
2024-07-09 06:49:54,188 INFO recv 11 -> 12 # 0 at 294380048, 0.777983 0.857058
2024-07-09 06:49:54,429 INFO CHECKSUM 11 13 0: 1.489551
2024-07-09 06:49:54,444 INFO CHECKSUM 11 13 0: 1.489551
2024-07-09 06:49:54,459 INFO sent 11 -> 13 # 0 at 228737751, 0.777983 0.857058
2024-07-09 06:49:54,460 INFO recv 11 -> 13 # 0 at 257382179, 0.777983 0.857058
2024-07-09 06:49:54,661 INFO CHECKSUM 11 14 0: 1.489551
2024-07-09 06:49:54,670 INFO CHECKSUM 11 14 0: 1.489551
2024-07-09 06:49:54,690 INFO recv 11 -> 14 # 0 at 216976981, 0.777983 0.857058
2024-07-09 06:49:54,691 INFO sent 11 -> 14 # 0 at 188263186, 0.777983 0.857058
2024-07-09 06:49:54,940 INFO CHECKSUM 11 15 0: 1.489551
2024-07-09 06:49:54,941 INFO CHECKSUM 11 15 0: 1.489551
2024-07-09 06:49:54,970 INFO Accepting from rank 12
2024-07-09 06:49:54,970 INFO Sending from rank 12
2024-07-09 06:49:54,970 INFO Accepting from rank 12
2024-07-09 06:49:54,970 INFO Accepting from rank 12
2024-07-09 06:49:54,970 INFO Accepting from rank 12
2024-07-09 06:49:54,970 INFO Accepting from rank 12
2024-07-09 06:49:54,970 INFO Accepting from rank 12
2024-07-09 06:49:54,970 INFO Accepting from rank 12
2024-07-09 06:49:54,970 INFO Accepting from rank 12
2024-07-09 06:49:54,970 INFO Accepting from rank 12
2024-07-09 06:49:54,970 INFO Accepting from rank 12
2024-07-09 06:49:54,970 INFO sent 11 -> 15 # 0 at 216363806, 0.777983 0.857058
2024-07-09 06:49:54,970 INFO recv 11 -> 15 # 0 at 246700033, 0.777983 0.857058
2024-07-09 06:49:54,970 INFO Accepting from rank 12
2024-07-09 06:49:54,970 INFO Accepting from rank 12
2024-07-09 06:49:54,972 INFO Accepting from rank 12
2024-07-09 06:49:54,970 INFO Accepting from rank 12
2024-07-09 06:49:54,972 INFO Accepting from rank 12
2024-07-09 06:49:55,079 INFO CHECKSUM 12 0 0: 2.266475
2024-07-09 06:49:55,079 INFO CHECKSUM 12 0 0: 2.266475
2024-07-09 06:49:55,093 INFO recv 12 -> 0 # 0 at 91963573, 0.913104 0.670713
2024-07-09 06:49:55,094 INFO sent 12 -> 0 # 0 at 77855013, 0.913104 0.670713
2024-07-09 06:49:55,193 INFO CHECKSUM 12 1 0: 2.266475
2024-07-09 06:49:55,194 INFO CHECKSUM 12 1 0: 2.266475
2024-07-09 06:49:55,211 INFO sent 12 -> 1 # 0 at 88165329, 0.913104 0.670713
2024-07-09 06:49:55,218 INFO recv 12 -> 1 # 0 at 113552569, 0.913104 0.670713
2024-07-09 06:49:55,238 INFO CHECKSUM 12 2 0: 2.266475
2024-07-09 06:49:55,238 INFO CHECKSUM 12 2 0: 2.266475
2024-07-09 06:49:55,255 INFO recv 12 -> 2 # 0 at 31498401, 0.913104 0.670713
2024-07-09 06:49:55,255 INFO sent 12 -> 2 # 0 at 13921641, 0.913104 0.670713
2024-07-09 06:49:55,288 INFO CHECKSUM 12 3 0: 2.266475
2024-07-09 06:49:55,302 INFO recv 12 -> 3 # 0 at 28222573, 0.913104 0.670713
2024-07-09 06:49:55,288 INFO CHECKSUM 12 3 0: 2.266475
2024-07-09 06:49:55,301 INFO sent 12 -> 3 # 0 at 14312989, 0.913104 0.670713
2024-07-09 06:49:55,319 INFO CHECKSUM 12 4 0: 2.266475
2024-07-09 06:49:55,320 INFO CHECKSUM 12 4 0: 2.266475
2024-07-09 06:49:55,337 INFO sent 12 -> 4 # 0 at 13913385, 0.913104 0.670713
2024-07-09 06:49:55,337 INFO recv 12 -> 4 # 0 at 32015903, 0.913104 0.670713
2024-07-09 06:49:55,357 INFO CHECKSUM 12 5 0: 2.266475
2024-07-09 06:49:55,372 INFO sent 12 -> 5 # 0 at 14089615, 0.913104 0.670713
2024-07-09 06:49:55,357 INFO CHECKSUM 12 5 0: 2.266475
2024-07-09 06:49:55,372 INFO recv 12 -> 5 # 0 at 29041749, 0.913104 0.670713
2024-07-09 06:49:55,396 INFO CHECKSUM 12 6 0: 2.266475
2024-07-09 06:49:55,396 INFO CHECKSUM 12 6 0: 2.266475
2024-07-09 06:49:55,417 INFO sent 12 -> 6 # 0 at 20186623, 0.913104 0.670713
2024-07-09 06:49:55,417 INFO recv 12 -> 6 # 0 at 40689795, 0.913104 0.670713
2024-07-09 06:49:55,449 INFO CHECKSUM 12 7 0: 2.266475
2024-07-09 06:49:55,459 INFO CHECKSUM 12 7 0: 2.266475
2024-07-09 06:49:55,477 INFO sent 12 -> 7 # 0 at 20404184, 0.913104 0.670713
2024-07-09 06:49:55,477 INFO recv 12 -> 7 # 0 at 42051224, 0.913104 0.670713
2024-07-09 06:49:55,492 INFO CHECKSUM 12 8 0: 2.266475
2024-07-09 06:49:55,493 INFO CHECKSUM 12 8 0: 2.266475
2024-07-09 06:49:55,517 INFO recv 12 -> 8 # 0 at 38745795, 0.913104 0.670713
2024-07-09 06:49:55,517 INFO sent 12 -> 8 # 0 at 13912633, 0.913104 0.670713
2024-07-09 06:49:55,557 INFO CHECKSUM 12 9 0: 2.266475
2024-07-09 06:49:55,565 INFO CHECKSUM 12 9 0: 2.266475
2024-07-09 06:49:55,595 INFO sent 12 -> 9 # 0 at 14485802, 0.913104 0.670713
2024-07-09 06:49:55,605 INFO recv 12 -> 9 # 0 at 61810517, 0.913104 0.670713
2024-07-09 06:49:55,636 INFO CHECKSUM 12 10 0: 2.266475
2024-07-09 06:49:55,636 INFO CHECKSUM 12 10 0: 2.266475
2024-07-09 06:49:55,654 INFO sent 12 -> 10 # 0 at 14395157, 0.913104 0.670713
2024-07-09 06:49:55,654 INFO recv 12 -> 10 # 0 at 32878557, 0.913104 0.670713
2024-07-09 06:49:55,671 INFO CHECKSUM 12 11 0: 2.266475
2024-07-09 06:49:55,672 INFO CHECKSUM 12 11 0: 2.266475
2024-07-09 06:49:55,685 INFO recv 12 -> 11 # 0 at 27997409, 0.913104 0.670713
2024-07-09 06:49:55,685 INFO sent 12 -> 11 # 0 at 13908284, 0.913104 0.670713
2024-07-09 06:49:55,912 INFO CHECKSUM 12 13 0: 2.266475
2024-07-09 06:49:55,912 INFO CHECKSUM 12 13 0: 2.266475
2024-07-09 06:49:55,929 INFO sent 12 -> 13 # 0 at 208770940, 0.913104 0.670713
2024-07-09 06:49:55,929 INFO recv 12 -> 13 # 0 at 225817233, 0.913104 0.670713
2024-07-09 06:49:56,124 INFO CHECKSUM 12 14 0: 2.266475
2024-07-09 06:49:56,124 INFO CHECKSUM 12 14 0: 2.266475
2024-07-09 06:49:56,135 INFO sent 12 -> 14 # 0 at 182478273, 0.913104 0.670713
2024-07-09 06:49:56,135 INFO recv 12 -> 14 # 0 at 193766954, 0.913104 0.670713
2024-07-09 06:49:56,340 INFO CHECKSUM 12 15 0: 2.266475
2024-07-09 06:49:56,340 INFO CHECKSUM 12 15 0: 2.266475
2024-07-09 06:49:56,357 INFO Accepting from rank 13
2024-07-09 06:49:56,357 INFO Accepting from rank 13
2024-07-09 06:49:56,357 INFO Sending from rank 13
2024-07-09 06:49:56,357 INFO Accepting from rank 13
2024-07-09 06:49:56,357 INFO Accepting from rank 13
2024-07-09 06:49:56,357 INFO Accepting from rank 13
2024-07-09 06:49:56,357 INFO Accepting from rank 13
2024-07-09 06:49:56,357 INFO Accepting from rank 13
2024-07-09 06:49:56,357 INFO Accepting from rank 13
2024-07-09 06:49:56,357 INFO sent 12 -> 15 # 0 at 195856290, 0.913104 0.670713
2024-07-09 06:49:56,357 INFO Accepting from rank 13
2024-07-09 06:49:56,357 INFO recv 12 -> 15 # 0 at 213461684, 0.913104 0.670713
2024-07-09 06:49:56,357 INFO Accepting from rank 13
2024-07-09 06:49:56,357 INFO Accepting from rank 13
2024-07-09 06:49:56,361 INFO Accepting from rank 13
2024-07-09 06:49:56,361 INFO Accepting from rank 13
2024-07-09 06:49:56,363 INFO Accepting from rank 13
2024-07-09 06:49:56,363 INFO Accepting from rank 13
2024-07-09 06:49:56,466 INFO CHECKSUM 13 0 0: 1.479725
2024-07-09 06:49:56,467 INFO CHECKSUM 13 0 0: 1.479725
2024-07-09 06:49:56,491 INFO recv 13 -> 0 # 0 at 110861411, 0.597015 0.476536
2024-07-09 06:49:56,492 INFO sent 13 -> 0 # 0 at 85736906, 0.597015 0.476536
2024-07-09 06:49:56,514 INFO CHECKSUM 13 1 0: 1.479725
2024-07-09 06:49:56,514 INFO CHECKSUM 13 1 0: 1.479725
2024-07-09 06:49:56,523 INFO recv 13 -> 1 # 0 at 23112360, 0.597015 0.476536
2024-07-09 06:49:56,523 INFO sent 13 -> 1 # 0 at 13788142, 0.597015 0.476536
2024-07-09 06:49:56,559 INFO CHECKSUM 13 2 0: 1.479725
2024-07-09 06:49:56,559 INFO CHECKSUM 13 2 0: 1.479725
2024-07-09 06:49:56,576 INFO recv 13 -> 2 # 0 at 38918355, 0.597015 0.476536
2024-07-09 06:49:56,575 INFO sent 13 -> 2 # 0 at 22313432, 0.597015 0.476536
2024-07-09 06:49:56,625 INFO CHECKSUM 13 3 0: 1.479725
2024-07-09 06:49:56,644 INFO CHECKSUM 13 3 0: 1.479725
2024-07-09 06:49:56,650 INFO recv 13 -> 3 # 0 at 62984939, 0.597015 0.476536
2024-07-09 06:49:56,650 INFO sent 13 -> 3 # 0 at 29774972, 0.597015 0.476536
2024-07-09 06:49:56,669 INFO CHECKSUM 13 4 0: 1.479725
2024-07-09 06:49:56,670 INFO CHECKSUM 13 4 0: 1.479725
2024-07-09 06:49:56,683 INFO sent 13 -> 4 # 0 at 13909427, 0.597015 0.476536
2024-07-09 06:49:56,683 INFO recv 13 -> 4 # 0 at 27895204, 0.597015 0.476536
2024-07-09 06:49:56,697 INFO CHECKSUM 13 5 0: 1.479725
2024-07-09 06:49:56,698 INFO CHECKSUM 13 5 0: 1.479725
2024-07-09 06:49:56,710 INFO sent 13 -> 5 # 0 at 14297448, 0.597015 0.476536
2024-07-09 06:49:56,710 INFO recv 13 -> 5 # 0 at 26478298, 0.597015 0.476536
2024-07-09 06:49:56,739 INFO CHECKSUM 13 6 0: 1.479725
2024-07-09 06:49:56,740 INFO CHECKSUM 13 6 0: 1.479725
2024-07-09 06:49:56,747 INFO recv 13 -> 6 # 0 at 22034626, 0.597015 0.476536
2024-07-09 06:49:56,755 INFO sent 13 -> 6 # 0 at 14467788, 0.597015 0.476536
2024-07-09 06:49:56,809 INFO CHECKSUM 13 7 0: 1.479725
2024-07-09 06:49:56,809 INFO CHECKSUM 13 7 0: 1.479725
2024-07-09 06:49:56,835 INFO recv 13 -> 7 # 0 at 56434693, 0.597015 0.476536
2024-07-09 06:49:56,835 INFO sent 13 -> 7 # 0 at 21264812, 0.597015 0.476536
2024-07-09 06:49:56,881 INFO CHECKSUM 13 8 0: 1.479725
2024-07-09 06:49:56,881 INFO CHECKSUM 13 8 0: 1.479725
2024-07-09 06:49:56,896 INFO sent 13 -> 8 # 0 at 20461425, 0.597015 0.476536
2024-07-09 06:49:56,896 INFO recv 13 -> 8 # 0 at 39090453, 0.597015 0.476536
2024-07-09 06:49:56,916 INFO CHECKSUM 13 9 0: 1.479725
2024-07-09 06:49:56,916 INFO CHECKSUM 13 9 0: 1.479725
2024-07-09 06:49:56,939 INFO recv 13 -> 9 # 0 at 37353268, 0.597015 0.476536
2024-07-09 06:49:56,947 INFO sent 13 -> 9 # 0 at 14492175, 0.597015 0.476536
2024-07-09 06:49:57,054 INFO CHECKSUM 13 10 0: 1.479725
2024-07-09 06:49:57,055 INFO CHECKSUM 13 10 0: 1.479725
2024-07-09 06:49:57,081 INFO recv 13 -> 10 # 0 at 113155434, 0.597015 0.476536
2024-07-09 06:49:57,081 INFO sent 13 -> 10 # 0 at 87024459, 0.597015 0.476536
2024-07-09 06:49:57,185 INFO CHECKSUM 13 11 0: 1.479725
2024-07-09 06:49:57,185 INFO CHECKSUM 13 11 0: 1.479725
2024-07-09 06:49:57,209 INFO recv 13 -> 11 # 0 at 114477666, 0.597015 0.476536
2024-07-09 06:49:57,211 INFO sent 13 -> 11 # 0 at 93265085, 0.597015 0.476536
2024-07-09 06:49:57,321 INFO CHECKSUM 13 12 0: 1.479725
2024-07-09 06:49:57,321 INFO CHECKSUM 13 12 0: 1.479725
2024-07-09 06:49:57,337 INFO recv 13 -> 12 # 0 at 104038798, 0.597015 0.476536
2024-07-09 06:49:57,337 INFO sent 13 -> 12 # 0 at 88247789, 0.597015 0.476536
2024-07-09 06:49:57,551 INFO CHECKSUM 13 14 0: 1.479725
2024-07-09 06:49:57,554 INFO CHECKSUM 13 14 0: 1.479725
2024-07-09 06:49:57,573 INFO sent 13 -> 14 # 0 at 187620682, 0.597015 0.476536
2024-07-09 06:49:57,573 INFO recv 13 -> 14 # 0 at 209752822, 0.597015 0.476536
2024-07-09 06:49:57,783 INFO CHECKSUM 13 15 0: 1.479725
2024-07-09 06:49:57,783 INFO CHECKSUM 13 15 0: 1.479725
2024-07-09 06:49:57,800 INFO Accepting from rank 14
2024-07-09 06:49:57,802 INFO Accepting from rank 14
2024-07-09 06:49:57,808 INFO Accepting from rank 14
2024-07-09 06:49:57,808 INFO Accepting from rank 14
2024-07-09 06:49:57,808 INFO Accepting from rank 14
2024-07-09 06:49:57,808 INFO Accepting from rank 14
2024-07-09 06:49:57,808 INFO Accepting from rank 14
2024-07-09 06:49:57,808 INFO Accepting from rank 14
2024-07-09 06:49:57,817 INFO Accepting from rank 14
2024-07-09 06:49:57,817 INFO Accepting from rank 14
2024-07-09 06:49:57,818 INFO sent 13 -> 15 # 0 at 182523762, 0.597015 0.476536
2024-07-09 06:49:57,818 INFO Accepting from rank 14
2024-07-09 06:49:57,818 INFO Sending from rank 14
2024-07-09 06:49:57,818 INFO Accepting from rank 14
2024-07-09 06:49:57,818 INFO recv 13 -> 15 # 0 at 218062375, 0.597015 0.476536
2024-07-09 06:49:57,818 INFO Accepting from rank 14
2024-07-09 06:49:57,818 INFO Accepting from rank 14
2024-07-09 06:49:57,818 INFO Accepting from rank 14
2024-07-09 06:49:57,855 INFO CHECKSUM 14 0 0: 1.773643
2024-07-09 06:49:57,855 INFO CHECKSUM 14 0 0: 1.773643
2024-07-09 06:49:57,877 INFO recv 14 -> 0 # 0 at 36448564, 0.004768 0.672676
2024-07-09 06:49:57,881 INFO sent 14 -> 0 # 0 at 14358857, 0.004768 0.672676
2024-07-09 06:49:57,932 INFO CHECKSUM 14 1 0: 1.773643
2024-07-09 06:49:57,932 INFO CHECKSUM 14 1 0: 1.773643
2024-07-09 06:49:57,961 INFO sent 14 -> 1 # 0 at 26331342, 0.004768 0.672676
2024-07-09 06:49:57,964 INFO recv 14 -> 1 # 0 at 54660287, 0.004768 0.672676
2024-07-09 06:49:58,069 INFO CHECKSUM 14 2 0: 1.773643
2024-07-09 06:49:58,079 INFO CHECKSUM 14 2 0: 1.773643
2024-07-09 06:49:58,111 INFO recv 14 -> 2 # 0 at 128591022, 0.004768 0.672676
2024-07-09 06:49:58,111 INFO sent 14 -> 2 # 0 at 86444937, 0.004768 0.672676
2024-07-09 06:49:58,132 INFO CHECKSUM 14 3 0: 1.773643
2024-07-09 06:49:58,132 INFO CHECKSUM 14 3 0: 1.773643
2024-07-09 06:49:58,147 INFO recv 14 -> 3 # 0 at 29588351, 0.004768 0.672676
2024-07-09 06:49:58,147 INFO sent 14 -> 3 # 0 at 14239555, 0.004768 0.672676
2024-07-09 06:49:58,175 INFO CHECKSUM 14 4 0: 1.773643
2024-07-09 06:49:58,175 INFO CHECKSUM 14 4 0: 1.773643
2024-07-09 06:49:58,187 INFO sent 14 -> 4 # 0 at 14209738, 0.004768 0.672676
2024-07-09 06:49:58,187 INFO recv 14 -> 4 # 0 at 26093665, 0.004768 0.672676
2024-07-09 06:49:58,249 INFO CHECKSUM 14 5 0: 1.773643
2024-07-09 06:49:58,250 INFO CHECKSUM 14 5 0: 1.773643
2024-07-09 06:49:58,263 INFO sent 14 -> 5 # 0 at 37089827, 0.004768 0.672676
2024-07-09 06:49:58,263 INFO recv 14 -> 5 # 0 at 44235733, 0.004768 0.672676
2024-07-09 06:49:58,290 INFO CHECKSUM 14 6 0: 1.773643
2024-07-09 06:49:58,290 INFO CHECKSUM 14 6 0: 1.773643
2024-07-09 06:49:58,313 INFO sent 14 -> 6 # 0 at 23647485, 0.004768 0.672676
2024-07-09 06:49:58,313 INFO recv 14 -> 6 # 0 at 46438287, 0.004768 0.672676
2024-07-09 06:49:58,333 INFO CHECKSUM 14 7 0: 1.773643
2024-07-09 06:49:58,334 INFO CHECKSUM 14 7 0: 1.773643
2024-07-09 06:49:58,345 INFO sent 14 -> 7 # 0 at 14408964, 0.004768 0.672676
2024-07-09 06:49:58,345 INFO recv 14 -> 7 # 0 at 26484069, 0.004768 0.672676
2024-07-09 06:49:58,371 INFO CHECKSUM 14 8 0: 1.773643
2024-07-09 06:49:58,371 INFO CHECKSUM 14 8 0: 1.773643
2024-07-09 06:49:58,379 INFO recv 14 -> 8 # 0 at 22254370, 0.004768 0.672676
2024-07-09 06:49:58,379 INFO sent 14 -> 8 # 0 at 13985294, 0.004768 0.672676
2024-07-09 06:49:58,411 INFO CHECKSUM 14 9 0: 1.773643
2024-07-09 06:49:58,411 INFO CHECKSUM 14 9 0: 1.773643
2024-07-09 06:49:58,441 INFO recv 14 -> 9 # 0 at 52665457, 0.004768 0.672676
2024-07-09 06:49:58,441 INFO sent 14 -> 9 # 0 at 22200533, 0.004768 0.672676
2024-07-09 06:49:58,470 INFO CHECKSUM 14 10 0: 1.773643
2024-07-09 06:49:58,478 INFO CHECKSUM 14 10 0: 1.773643
2024-07-09 06:49:58,493 INFO recv 14 -> 10 # 0 at 37364198, 0.004768 0.672676
2024-07-09 06:49:58,493 INFO sent 14 -> 10 # 0 at 14239736, 0.004768 0.672676
2024-07-09 06:49:58,519 INFO CHECKSUM 14 11 0: 1.773643
2024-07-09 06:49:58,519 INFO CHECKSUM 14 11 0: 1.773643
2024-07-09 06:49:58,554 INFO recv 14 -> 11 # 0 at 49526023, 0.004768 0.672676
2024-07-09 06:49:58,554 INFO sent 14 -> 11 # 0 at 13903024, 0.004768 0.672676
2024-07-09 06:49:58,622 INFO CHECKSUM 14 12 0: 1.773643
2024-07-09 06:49:58,622 INFO CHECKSUM 14 12 0: 1.773643
2024-07-09 06:49:58,629 INFO recv 14 -> 12 # 0 at 47431053, 0.004768 0.672676
2024-07-09 06:49:58,629 INFO sent 14 -> 12 # 0 at 39627562, 0.004768 0.672676
2024-07-09 06:49:58,656 INFO CHECKSUM 14 13 0: 1.773643
2024-07-09 06:49:58,658 INFO CHECKSUM 14 13 0: 1.773643
2024-07-09 06:49:58,666 INFO recv 14 -> 13 # 0 at 32267008, 0.004768 0.672676
2024-07-09 06:49:58,666 INFO sent 14 -> 13 # 0 at 22680212, 0.004768 0.672676
2024-07-09 06:49:58,856 INFO CHECKSUM 14 15 0: 1.773643
2024-07-09 06:49:58,857 INFO CHECKSUM 14 15 0: 1.773643
2024-07-09 06:49:58,883 INFO Accepting from rank 15
2024-07-09 06:49:58,885 INFO Accepting from rank 15
2024-07-09 06:49:58,885 INFO Accepting from rank 15
2024-07-09 06:49:58,885 INFO Accepting from rank 15
2024-07-09 06:49:58,885 INFO Accepting from rank 15
2024-07-09 06:49:58,885 INFO Accepting from rank 15
2024-07-09 06:49:58,885 INFO Accepting from rank 15
2024-07-09 06:49:58,885 INFO Accepting from rank 15
2024-07-09 06:49:58,885 INFO Accepting from rank 15
2024-07-09 06:49:58,885 INFO Accepting from rank 15
2024-07-09 06:49:58,885 INFO Accepting from rank 15
2024-07-09 06:49:58,885 INFO recv 14 -> 15 # 0 at 207945753, 0.004768 0.672676
2024-07-09 06:49:58,885 INFO Accepting from rank 15
2024-07-09 06:49:58,885 INFO Accepting from rank 15
2024-07-09 06:49:58,885 INFO sent 14 -> 15 # 0 at 179435501, 0.004768 0.672676
2024-07-09 06:49:58,885 INFO Accepting from rank 15
2024-07-09 06:49:58,885 INFO Sending from rank 15
2024-07-09 06:49:58,885 INFO Accepting from rank 15
2024-07-09 06:49:58,926 INFO CHECKSUM 15 0 0: 1.378899
2024-07-09 06:49:58,926 INFO CHECKSUM 15 0 0: 1.378899
2024-07-09 06:49:58,941 INFO recv 15 -> 0 # 0 at 29379738, 0.584874 0.145109
2024-07-09 06:49:58,947 INFO sent 15 -> 0 # 0 at 14552011, 0.584874 0.145109
2024-07-09 06:49:59,042 INFO CHECKSUM 15 1 0: 1.378899
2024-07-09 06:49:59,043 INFO CHECKSUM 15 1 0: 1.378899
2024-07-09 06:49:59,073 INFO sent 15 -> 1 # 0 at 86946399, 0.584874 0.145109
2024-07-09 06:49:59,073 INFO recv 15 -> 1 # 0 at 117411694, 0.584874 0.145109
2024-07-09 06:49:59,113 INFO CHECKSUM 15 2 0: 1.378899
2024-07-09 06:49:59,114 INFO CHECKSUM 15 2 0: 1.378899
2024-07-09 06:49:59,126 INFO sent 15 -> 2 # 0 at 13583726, 0.584874 0.145109
2024-07-09 06:49:59,131 INFO recv 15 -> 2 # 0 at 31510053, 0.584874 0.145109
2024-07-09 06:49:59,168 INFO CHECKSUM 15 3 0: 1.378899
2024-07-09 06:49:59,160 INFO CHECKSUM 15 3 0: 1.378899
2024-07-09 06:49:59,193 INFO sent 15 -> 3 # 0 at 14494219, 0.584874 0.145109
2024-07-09 06:49:59,201 INFO recv 15 -> 3 # 0 at 55932766, 0.584874 0.145109
2024-07-09 06:49:59,413 INFO CHECKSUM 15 8 0: 1.378899
2024-07-09 06:49:59,220 INFO CHECKSUM 15 4 0: 1.378899
2024-07-09 06:49:59,220 INFO CHECKSUM 15 4 0: 1.378899
2024-07-09 06:49:59,433 INFO recv 15 -> 8 # 0 at 35613256, 0.584874 0.145109
2024-07-09 06:49:59,237 INFO sent 15 -> 4 # 0 at 14294101, 0.584874 0.145109
2024-07-09 06:49:59,237 INFO recv 15 -> 4 # 0 at 32704002, 0.584874 0.145109
2024-07-09 06:49:59,278 INFO CHECKSUM 15 5 0: 1.378899
2024-07-09 06:49:59,279 INFO CHECKSUM 15 5 0: 1.378899
2024-07-09 06:49:59,289 INFO sent 15 -> 5 # 0 at 14470353, 0.584874 0.145109
2024-07-09 06:49:59,289 INFO recv 15 -> 5 # 0 at 24750851, 0.584874 0.145109
2024-07-09 06:49:59,316 INFO CHECKSUM 15 6 0: 1.378899
2024-07-09 06:49:59,316 INFO CHECKSUM 15 6 0: 1.378899
2024-07-09 06:49:59,333 INFO sent 15 -> 6 # 0 at 14692954, 0.584874 0.145109
2024-07-09 06:49:59,333 INFO recv 15 -> 6 # 0 at 32026914, 0.584874 0.145109
2024-07-09 06:49:59,361 INFO CHECKSUM 15 7 0: 1.378899
2024-07-09 06:49:59,361 INFO CHECKSUM 15 7 0: 1.378899
2024-07-09 06:49:59,386 INFO sent 15 -> 7 # 0 at 21281984, 0.584874 0.145109
2024-07-09 06:49:59,386 INFO recv 15 -> 7 # 0 at 46800617, 0.584874 0.145109
2024-07-09 06:49:59,412 INFO CHECKSUM 15 8 0: 1.378899
2024-07-09 06:49:59,446 INFO sent 15 -> 8 # 0 at 14587841, 0.584874 0.145109
2024-07-09 06:49:59,549 INFO CHECKSUM 15 9 0: 1.378899
2024-07-09 06:49:59,559 INFO CHECKSUM 15 9 0: 1.378899
2024-07-09 06:49:59,580 INFO sent 15 -> 9 # 0 at 87530299, 0.584874 0.145109
2024-07-09 06:49:59,587 INFO recv 15 -> 9 # 0 at 114056350, 0.584874 0.145109
2024-07-09 06:49:59,607 INFO CHECKSUM 15 10 0: 1.378899
2024-07-09 06:49:59,608 INFO CHECKSUM 15 10 0: 1.378899
2024-07-09 06:49:59,627 INFO recv 15 -> 10 # 0 at 33302168, 0.584874 0.145109
2024-07-09 06:49:59,627 INFO sent 15 -> 10 # 0 at 13979252, 0.584874 0.145109
2024-07-09 06:49:59,752 INFO CHECKSUM 15 11 0: 1.378899
2024-07-09 06:49:59,752 INFO CHECKSUM 15 11 0: 1.378899
2024-07-09 06:49:59,773 INFO recv 15 -> 11 # 0 at 117193960, 0.584874 0.145109
2024-07-09 06:49:59,775 INFO sent 15 -> 11 # 0 at 95430769, 0.584874 0.145109
2024-07-09 06:49:59,800 INFO CHECKSUM 15 12 0: 1.378899
2024-07-09 06:49:59,800 INFO CHECKSUM 15 12 0: 1.378899
2024-07-09 06:49:59,813 INFO recv 15 -> 12 # 0 at 28222164, 0.584874 0.145109
2024-07-09 06:49:59,814 INFO sent 15 -> 12 # 0 at 14349048, 0.584874 0.145109
2024-07-09 06:49:59,856 INFO CHECKSUM 15 13 0: 1.378899
2024-07-09 06:49:59,857 INFO CHECKSUM 15 13 0: 1.378899
2024-07-09 06:49:59,885 INFO recv 15 -> 13 # 0 at 59942824, 0.584874 0.145109
2024-07-09 06:49:59,885 INFO sent 15 -> 13 # 0 at 31384659, 0.584874 0.145109
2024-07-09 06:49:59,907 INFO CHECKSUM 15 14 0: 1.378899
2024-07-09 06:49:59,908 INFO CHECKSUM 15 14 0: 1.378899
2024-07-09 06:49:59,923 INFO Rank 0 done
2024-07-09 06:49:59,924 INFO Rank 8 done
2024-07-09 06:49:59,924 INFO Rank 12 done
2024-07-09 06:49:59,924 INFO Rank 4 done
2024-07-09 06:49:59,924 INFO Rank 1 done
2024-07-09 06:49:59,924 INFO Rank 6 done
2024-07-09 06:49:59,924 INFO Rank 2 done
2024-07-09 06:49:59,924 INFO Rank 13 done
2024-07-09 06:49:59,924 INFO Rank 10 done
2024-07-09 06:49:59,924 INFO Rank 3 done
2024-07-09 06:49:59,924 INFO recv 15 -> 14 # 0 at 30843651, 0.584874 0.145109
2024-07-09 06:49:59,924 INFO Rank 5 done
2024-07-09 06:49:59,924 INFO Rank 9 done
2024-07-09 06:49:59,924 INFO sent 15 -> 14 # 0 at 14179460, 0.584874 0.145109
2024-07-09 06:49:59,924 INFO Rank 7 done
2024-07-09 06:49:59,924 INFO Rank 11 done
2024-07-09 06:49:59,924 INFO Rank 15 done
2024-07-09 06:49:59,924 INFO Rank 14 done
