srun: Job 27856636 step creation temporarily disabled, retrying (Requested nodes are busy)
srun: Step created for StepId=27856636.2
2024-07-09 06:51:42,057 INFO Initialized rank 0 out of 16
2024-07-09 06:51:42,057 INFO Initialized rank 3 out of 16
2024-07-09 06:51:42,057 INFO Initialized rank 1 out of 16
2024-07-09 06:51:42,058 INFO Initialized rank 11 out of 16
2024-07-09 06:51:42,058 INFO Initialized rank 2 out of 16
2024-07-09 06:51:42,058 INFO Initialized rank 5 out of 16
2024-07-09 06:51:42,058 INFO Initialized rank 14 out of 16
2024-07-09 06:51:42,058 INFO Initialized rank 10 out of 16
2024-07-09 06:51:42,058 INFO Initialized rank 6 out of 16
2024-07-09 06:51:42,058 INFO Initialized rank 12 out of 16
2024-07-09 06:51:42,058 INFO Initialized rank 9 out of 16
2024-07-09 06:51:42,058 INFO Initialized rank 4 out of 16
2024-07-09 06:51:42,058 INFO Initialized rank 13 out of 16
2024-07-09 06:51:42,058 INFO Initialized rank 8 out of 16
2024-07-09 06:51:42,058 INFO Initialized rank 7 out of 16
2024-07-09 06:51:42,058 INFO Initialized rank 15 out of 16
2024-07-09 06:51:44,807 INFO Sync time
2024-07-09 06:51:44,807 INFO Sending from rank 0
2024-07-09 06:51:44,808 INFO Sync time
2024-07-09 06:51:44,808 INFO Sync time
2024-07-09 06:51:44,808 INFO Accepting from rank 0
2024-07-09 06:51:44,808 INFO Sync time
2024-07-09 06:51:44,808 INFO Sync time
2024-07-09 06:51:44,808 INFO Sync time
2024-07-09 06:51:44,808 INFO Sync time
2024-07-09 06:51:44,808 INFO Sync time
2024-07-09 06:51:44,808 INFO Accepting from rank 0
2024-07-09 06:51:44,808 INFO Accepting from rank 0
2024-07-09 06:51:44,808 INFO Sync time
2024-07-09 06:51:44,808 INFO Accepting from rank 0
2024-07-09 06:51:44,808 INFO Sync time
2024-07-09 06:51:44,809 INFO Sync time
2024-07-09 06:51:44,808 INFO Accepting from rank 0
2024-07-09 06:51:44,808 INFO Accepting from rank 0
2024-07-09 06:51:44,809 INFO Sync time
2024-07-09 06:51:44,810 INFO Accepting from rank 0
2024-07-09 06:51:44,808 INFO Accepting from rank 0
2024-07-09 06:51:44,810 INFO Accepting from rank 0
2024-07-09 06:51:44,808 INFO Accepting from rank 0
2024-07-09 06:51:44,808 INFO Accepting from rank 0
2024-07-09 06:51:44,811 INFO Sync time
2024-07-09 06:51:44,811 INFO Sync time
2024-07-09 06:51:44,811 INFO Sync time
2024-07-09 06:51:44,811 INFO Sync time
2024-07-09 06:51:44,811 INFO Accepting from rank 0
2024-07-09 06:51:44,811 INFO Accepting from rank 0
2024-07-09 06:51:44,811 INFO Accepting from rank 0
2024-07-09 06:51:44,811 INFO Accepting from rank 0
2024-07-09 06:51:45,064 INFO CHECKSUM 0 1 0: 0.732897
2024-07-09 06:51:45,064 INFO CHECKSUM 0 1 0: 0.732897
2024-07-09 06:51:45,078 INFO sent 0 -> 1 # 0 at 234514843, 0.629243 0.979990
2024-07-09 06:51:45,079 INFO recv 0 -> 1 # 0 at 239263134, 0.629243 0.979990
2024-07-09 06:51:45,308 INFO CHECKSUM 0 2 0: 0.732897
2024-07-09 06:51:45,316 INFO CHECKSUM 0 2 0: 0.732897
2024-07-09 06:51:45,333 INFO sent 0 -> 2 # 0 at 226117022, 0.629243 0.979990
2024-07-09 06:51:45,335 INFO recv 0 -> 2 # 0 at 252697292, 0.629243 0.979990
2024-07-09 06:51:45,581 INFO CHECKSUM 0 3 0: 0.732897
2024-07-09 06:51:45,583 INFO CHECKSUM 0 3 0: 0.732897
2024-07-09 06:51:45,595 INFO sent 0 -> 3 # 0 at 236602034, 0.629243 0.979990
2024-07-09 06:51:45,595 INFO recv 0 -> 3 # 0 at 239653738, 0.629243 0.979990
2024-07-09 06:51:45,849 INFO CHECKSUM 0 4 0: 0.732897
2024-07-09 06:51:45,852 INFO CHECKSUM 0 4 0: 0.732897
2024-07-09 06:51:45,860 INFO sent 0 -> 4 # 0 at 237300353, 0.629243 0.979990
2024-07-09 06:51:45,860 INFO recv 0 -> 4 # 0 at 248771931, 0.629243 0.979990
2024-07-09 06:51:46,087 INFO CHECKSUM 0 5 0: 0.732897
2024-07-09 06:51:46,088 INFO CHECKSUM 0 5 0: 0.732897
2024-07-09 06:51:46,105 INFO sent 0 -> 5 # 0 at 206101974, 0.629243 0.979990
2024-07-09 06:51:46,105 INFO recv 0 -> 5 # 0 at 214268494, 0.629243 0.979990
2024-07-09 06:51:46,341 INFO CHECKSUM 0 6 0: 0.732897
2024-07-09 06:51:46,342 INFO CHECKSUM 0 6 0: 0.732897
2024-07-09 06:51:46,359 INFO sent 0 -> 6 # 0 at 235393851, 0.629243 0.979990
2024-07-09 06:51:46,365 INFO recv 0 -> 6 # 0 at 250223885, 0.629243 0.979990
2024-07-09 06:51:46,630 INFO CHECKSUM 0 7 0: 0.732897
2024-07-09 06:51:46,631 INFO CHECKSUM 0 7 0: 0.732897
2024-07-09 06:51:46,657 INFO sent 0 -> 7 # 0 at 252409214, 0.629243 0.979990
2024-07-09 06:51:46,661 INFO recv 0 -> 7 # 0 at 283965612, 0.629243 0.979990
2024-07-09 06:51:46,838 INFO CHECKSUM 0 8 0: 0.732897
2024-07-09 06:51:46,840 INFO CHECKSUM 0 8 0: 0.732897
2024-07-09 06:51:46,854 INFO recv 0 -> 8 # 0 at 188983474, 0.629243 0.979990
2024-07-09 06:51:46,854 INFO sent 0 -> 8 # 0 at 172869767, 0.629243 0.979990
2024-07-09 06:51:47,061 INFO CHECKSUM 0 9 0: 0.732897
2024-07-09 06:51:47,063 INFO CHECKSUM 0 9 0: 0.732897
2024-07-09 06:51:47,081 INFO sent 0 -> 9 # 0 at 183174205, 0.629243 0.979990
2024-07-09 06:51:47,085 INFO recv 0 -> 9 # 0 at 207275369, 0.629243 0.979990
2024-07-09 06:51:47,307 INFO CHECKSUM 0 10 0: 0.732897
2024-07-09 06:51:47,308 INFO CHECKSUM 0 10 0: 0.732897
2024-07-09 06:51:47,333 INFO sent 0 -> 10 # 0 at 220965205, 0.629243 0.979990
2024-07-09 06:51:47,335 INFO recv 0 -> 10 # 0 at 249753268, 0.629243 0.979990
2024-07-09 06:51:47,552 INFO CHECKSUM 0 11 0: 0.732897
2024-07-09 06:51:47,553 INFO CHECKSUM 0 11 0: 0.732897
2024-07-09 06:51:47,566 INFO sent 0 -> 11 # 0 at 196555818, 0.629243 0.979990
2024-07-09 06:51:47,571 INFO recv 0 -> 11 # 0 at 206095352, 0.629243 0.979990
2024-07-09 06:51:47,777 INFO CHECKSUM 0 12 0: 0.732897
2024-07-09 06:51:47,779 INFO CHECKSUM 0 12 0: 0.732897
2024-07-09 06:51:47,805 INFO sent 0 -> 12 # 0 at 196259795, 0.629243 0.979990
2024-07-09 06:51:47,807 INFO recv 0 -> 12 # 0 at 226316469, 0.629243 0.979990
2024-07-09 06:51:48,004 INFO CHECKSUM 0 13 0: 0.732897
2024-07-09 06:51:48,015 INFO CHECKSUM 0 13 0: 0.732897
2024-07-09 06:51:48,023 INFO sent 0 -> 13 # 0 at 190460651, 0.629243 0.979990
2024-07-09 06:51:48,023 INFO recv 0 -> 13 # 0 at 210139281, 0.629243 0.979990
2024-07-09 06:51:48,220 INFO CHECKSUM 0 14 0: 0.732897
2024-07-09 06:51:48,222 INFO CHECKSUM 0 14 0: 0.732897
2024-07-09 06:51:48,241 INFO sent 0 -> 14 # 0 at 184962249, 0.629243 0.979990
2024-07-09 06:51:48,251 INFO recv 0 -> 14 # 0 at 215985683, 0.629243 0.979990
2024-07-09 06:51:48,496 INFO CHECKSUM 0 15 0: 0.732897
2024-07-09 06:51:48,498 INFO CHECKSUM 0 15 0: 0.732897
2024-07-09 06:51:48,522 INFO Accepting from rank 1
2024-07-09 06:51:48,522 INFO sent 0 -> 15 # 0 at 219734287, 0.629243 0.979990
2024-07-09 06:51:48,522 INFO Accepting from rank 1
2024-07-09 06:51:48,522 INFO Accepting from rank 1
2024-07-09 06:51:48,522 INFO Accepting from rank 1
2024-07-09 06:51:48,522 INFO Accepting from rank 1
2024-07-09 06:51:48,522 INFO Accepting from rank 1
2024-07-09 06:51:48,522 INFO Accepting from rank 1
2024-07-09 06:51:48,522 INFO Accepting from rank 1
2024-07-09 06:51:48,522 INFO Accepting from rank 1
2024-07-09 06:51:48,523 INFO Accepting from rank 1
2024-07-09 06:51:48,522 INFO Accepting from rank 1
2024-07-09 06:51:48,522 INFO Accepting from rank 1
2024-07-09 06:51:48,523 INFO recv 0 -> 15 # 0 at 243097245, 0.629243 0.979990
2024-07-09 06:51:48,522 INFO Accepting from rank 1
2024-07-09 06:51:48,523 INFO Accepting from rank 1
2024-07-09 06:51:48,525 INFO Sending from rank 1
2024-07-09 06:51:48,525 INFO Accepting from rank 1
2024-07-09 06:51:48,631 INFO CHECKSUM 1 0 0: 2.188464
2024-07-09 06:51:48,631 INFO CHECKSUM 1 0 0: 2.188464
2024-07-09 06:51:48,653 INFO recv 1 -> 0 # 0 at 100588071, 0.524592 0.129452
2024-07-09 06:51:48,665 INFO sent 1 -> 0 # 0 at 79017357, 0.524592 0.129452
2024-07-09 06:51:48,886 INFO CHECKSUM 1 2 0: 2.188464
2024-07-09 06:51:48,887 INFO CHECKSUM 1 2 0: 2.188464
2024-07-09 06:51:48,905 INFO sent 1 -> 2 # 0 at 199186470, 0.524592 0.129452
2024-07-09 06:51:48,905 INFO recv 1 -> 2 # 0 at 217858383, 0.524592 0.129452
2024-07-09 06:51:49,146 INFO CHECKSUM 1 3 0: 2.188464
2024-07-09 06:51:49,146 INFO CHECKSUM 1 3 0: 2.188464
2024-07-09 06:51:49,163 INFO sent 1 -> 3 # 0 at 212320964, 0.524592 0.129452
2024-07-09 06:51:49,163 INFO recv 1 -> 3 # 0 at 229285209, 0.524592 0.129452
2024-07-09 06:51:49,284 INFO CHECKSUM 1 4 0: 2.188464
2024-07-09 06:51:49,285 INFO CHECKSUM 1 4 0: 2.188464
2024-07-09 06:51:49,303 INFO sent 1 -> 4 # 0 at 108231178, 0.524592 0.129452
2024-07-09 06:51:49,303 INFO recv 1 -> 4 # 0 at 127910046, 0.524592 0.129452
2024-07-09 06:51:49,495 INFO CHECKSUM 1 5 0: 2.188464
2024-07-09 06:51:49,495 INFO CHECKSUM 1 5 0: 2.188464
2024-07-09 06:51:49,525 INFO recv 1 -> 5 # 0 at 218423819, 0.524592 0.129452
2024-07-09 06:51:49,529 INFO sent 1 -> 5 # 0 at 188319074, 0.524592 0.129452
2024-07-09 06:51:49,712 INFO CHECKSUM 1 6 0: 2.188464
2024-07-09 06:51:49,722 INFO CHECKSUM 1 6 0: 2.188464
2024-07-09 06:51:49,735 INFO recv 1 -> 6 # 0 at 190679004, 0.524592 0.129452
2024-07-09 06:51:49,739 INFO sent 1 -> 6 # 0 at 167625516, 0.524592 0.129452
2024-07-09 06:51:49,909 INFO CHECKSUM 1 7 0: 2.188464
2024-07-09 06:51:49,910 INFO CHECKSUM 1 7 0: 2.188464
2024-07-09 06:51:49,943 INFO sent 1 -> 7 # 0 at 170343887, 0.524592 0.129452
2024-07-09 06:51:49,943 INFO recv 1 -> 7 # 0 at 204256056, 0.524592 0.129452
2024-07-09 06:51:50,115 INFO CHECKSUM 1 8 0: 2.188464
2024-07-09 06:51:50,115 INFO CHECKSUM 1 8 0: 2.188464
2024-07-09 06:51:50,133 INFO recv 1 -> 8 # 0 at 189554450, 0.524592 0.129452
2024-07-09 06:51:50,133 INFO sent 1 -> 8 # 0 at 171117421, 0.524592 0.129452
2024-07-09 06:51:50,302 INFO CHECKSUM 1 9 0: 2.188464
2024-07-09 06:51:50,302 INFO CHECKSUM 1 9 0: 2.188464
2024-07-09 06:51:50,325 INFO recv 1 -> 9 # 0 at 187990109, 0.524592 0.129452
2024-07-09 06:51:50,325 INFO sent 1 -> 9 # 0 at 164909608, 0.524592 0.129452
2024-07-09 06:51:50,502 INFO CHECKSUM 1 10 0: 2.188464
2024-07-09 06:51:50,502 INFO CHECKSUM 1 10 0: 2.188464
2024-07-09 06:51:50,525 INFO recv 1 -> 10 # 0 at 190471908, 0.524592 0.129452
2024-07-09 06:51:50,533 INFO sent 1 -> 10 # 0 at 167792588, 0.524592 0.129452
2024-07-09 06:51:50,701 INFO CHECKSUM 1 11 0: 2.188464
2024-07-09 06:51:50,701 INFO CHECKSUM 1 11 0: 2.188464
2024-07-09 06:51:50,729 INFO sent 1 -> 11 # 0 at 163942961, 0.524592 0.129452
2024-07-09 06:51:50,741 INFO recv 1 -> 11 # 0 at 203293794, 0.524592 0.129452
2024-07-09 06:51:50,958 INFO CHECKSUM 1 12 0: 2.188464
2024-07-09 06:51:50,959 INFO CHECKSUM 1 12 0: 2.188464
2024-07-09 06:51:50,981 INFO recv 1 -> 12 # 0 at 237586946, 0.524592 0.129452
2024-07-09 06:51:50,985 INFO sent 1 -> 12 # 0 at 214654884, 0.524592 0.129452
2024-07-09 06:51:51,183 INFO CHECKSUM 1 13 0: 2.188464
2024-07-09 06:51:51,183 INFO CHECKSUM 1 13 0: 2.188464
2024-07-09 06:51:51,200 INFO recv 1 -> 13 # 0 at 186953890, 0.524592 0.129452
2024-07-09 06:51:51,205 INFO sent 1 -> 13 # 0 at 169230626, 0.524592 0.129452
2024-07-09 06:51:51,377 INFO CHECKSUM 1 14 0: 2.188464
2024-07-09 06:51:51,378 INFO CHECKSUM 1 14 0: 2.188464
2024-07-09 06:51:51,403 INFO sent 1 -> 14 # 0 at 168624395, 0.524592 0.129452
2024-07-09 06:51:51,403 INFO recv 1 -> 14 # 0 at 195064016, 0.524592 0.129452
2024-07-09 06:51:51,589 INFO CHECKSUM 1 15 0: 2.188464
2024-07-09 06:51:51,589 INFO CHECKSUM 1 15 0: 2.188464
2024-07-09 06:51:51,602 INFO Accepting from rank 2
2024-07-09 06:51:51,602 INFO Accepting from rank 2
2024-07-09 06:51:51,602 INFO Accepting from rank 2
2024-07-09 06:51:51,602 INFO Accepting from rank 2
2024-07-09 06:51:51,602 INFO Accepting from rank 2
2024-07-09 06:51:51,602 INFO sent 1 -> 15 # 0 at 168023202, 0.524592 0.129452
2024-07-09 06:51:51,602 INFO Accepting from rank 2
2024-07-09 06:51:51,602 INFO Accepting from rank 2
2024-07-09 06:51:51,602 INFO Accepting from rank 2
2024-07-09 06:51:51,602 INFO Sending from rank 2
2024-07-09 06:51:51,602 INFO Accepting from rank 2
2024-07-09 06:51:51,602 INFO Accepting from rank 2
2024-07-09 06:51:51,602 INFO Accepting from rank 2
2024-07-09 06:51:51,602 INFO Accepting from rank 2
2024-07-09 06:51:51,602 INFO Accepting from rank 2
2024-07-09 06:51:51,602 INFO recv 1 -> 15 # 0 at 181348426, 0.524592 0.129452
2024-07-09 06:51:51,602 INFO Accepting from rank 2
2024-07-09 06:51:51,602 INFO Accepting from rank 2
2024-07-09 06:51:51,641 INFO CHECKSUM 2 0 0: 1.493141
2024-07-09 06:51:51,641 INFO CHECKSUM 2 0 0: 1.493141
2024-07-09 06:51:51,669 INFO recv 2 -> 0 # 0 at 42230606, 0.134173 0.750682
2024-07-09 06:51:51,669 INFO sent 2 -> 0 # 0 at 14397505, 0.134173 0.750682
2024-07-09 06:51:51,694 INFO CHECKSUM 2 1 0: 1.493141
2024-07-09 06:51:51,695 INFO CHECKSUM 2 1 0: 1.493141
2024-07-09 06:51:51,717 INFO recv 2 -> 1 # 0 at 36725261, 0.134173 0.750682
2024-07-09 06:51:51,717 INFO sent 2 -> 1 # 0 at 13627748, 0.134173 0.750682
2024-07-09 06:51:51,929 INFO CHECKSUM 2 3 0: 1.493141
2024-07-09 06:51:51,930 INFO CHECKSUM 2 3 0: 1.493141
2024-07-09 06:51:51,963 INFO sent 2 -> 3 # 0 at 184631165, 0.134173 0.750682
2024-07-09 06:51:51,966 INFO recv 2 -> 3 # 0 at 221164995, 0.134173 0.750682
2024-07-09 06:51:52,107 INFO CHECKSUM 2 4 0: 1.493141
2024-07-09 06:51:52,108 INFO CHECKSUM 2 4 0: 1.493141
2024-07-09 06:51:52,133 INFO recv 2 -> 4 # 0 at 139994977, 0.134173 0.750682
2024-07-09 06:51:52,135 INFO sent 2 -> 4 # 0 at 114185509, 0.134173 0.750682
2024-07-09 06:51:52,326 INFO CHECKSUM 2 5 0: 1.493141
2024-07-09 06:51:52,326 INFO CHECKSUM 2 5 0: 1.493141
2024-07-09 06:51:52,343 INFO sent 2 -> 5 # 0 at 185186447, 0.134173 0.750682
2024-07-09 06:51:52,343 INFO recv 2 -> 5 # 0 at 200335846, 0.134173 0.750682
2024-07-09 06:51:52,514 INFO CHECKSUM 2 6 0: 1.493141
2024-07-09 06:51:52,514 INFO CHECKSUM 2 6 0: 1.493141
2024-07-09 06:51:52,523 INFO sent 2 -> 6 # 0 at 159142672, 0.134173 0.750682
2024-07-09 06:51:52,523 INFO recv 2 -> 6 # 0 at 168505420, 0.134173 0.750682
2024-07-09 06:51:52,688 INFO CHECKSUM 2 7 0: 1.493141
2024-07-09 06:51:52,689 INFO CHECKSUM 2 7 0: 1.493141
2024-07-09 06:51:52,719 INFO sent 2 -> 7 # 0 at 164859877, 0.134173 0.750682
2024-07-09 06:51:52,719 INFO recv 2 -> 7 # 0 at 195566975, 0.134173 0.750682
2024-07-09 06:51:52,898 INFO CHECKSUM 2 8 0: 1.493141
2024-07-09 06:51:52,898 INFO CHECKSUM 2 8 0: 1.493141
2024-07-09 06:51:52,925 INFO recv 2 -> 8 # 0 at 185503611, 0.134173 0.750682
2024-07-09 06:51:52,927 INFO sent 2 -> 8 # 0 at 158441086, 0.134173 0.750682
2024-07-09 06:51:53,094 INFO CHECKSUM 2 9 0: 1.493141
2024-07-09 06:51:53,095 INFO CHECKSUM 2 9 0: 1.493141
2024-07-09 06:51:53,129 INFO recv 2 -> 9 # 0 at 195990050, 0.134173 0.750682
2024-07-09 06:51:53,129 INFO sent 2 -> 9 # 0 at 160488983, 0.134173 0.750682
2024-07-09 06:51:53,331 INFO CHECKSUM 2 10 0: 1.493141
2024-07-09 06:51:53,331 INFO CHECKSUM 2 10 0: 1.493141
2024-07-09 06:51:53,365 INFO recv 2 -> 10 # 0 at 216005305, 0.134173 0.750682
2024-07-09 06:51:53,368 INFO sent 2 -> 10 # 0 at 175661736, 0.134173 0.750682
2024-07-09 06:51:53,552 INFO CHECKSUM 2 11 0: 1.493141
2024-07-09 06:51:53,553 INFO CHECKSUM 2 11 0: 1.493141
2024-07-09 06:51:53,583 INFO recv 2 -> 11 # 0 at 201373422, 0.134173 0.750682
2024-07-09 06:51:53,583 INFO sent 2 -> 11 # 0 at 170900217, 0.134173 0.750682
2024-07-09 06:51:53,794 INFO CHECKSUM 2 12 0: 1.493141
2024-07-09 06:51:53,803 INFO sent 2 -> 12 # 0 at 195964139, 0.134173 0.750682
2024-07-09 06:51:53,794 INFO CHECKSUM 2 12 0: 1.493141
2024-07-09 06:51:53,803 INFO recv 2 -> 12 # 0 at 205222339, 0.134173 0.750682
2024-07-09 06:51:53,992 INFO CHECKSUM 2 13 0: 1.493141
2024-07-09 06:51:53,992 INFO CHECKSUM 2 13 0: 1.493141
2024-07-09 06:51:54,015 INFO recv 2 -> 13 # 0 at 182850374, 0.134173 0.750682
2024-07-09 06:51:54,019 INFO sent 2 -> 13 # 0 at 158236862, 0.134173 0.750682
2024-07-09 06:51:54,187 INFO CHECKSUM 2 14 0: 1.493141
2024-07-09 06:51:54,187 INFO CHECKSUM 2 14 0: 1.493141
2024-07-09 06:51:54,198 INFO sent 2 -> 14 # 0 at 165273757, 0.134173 0.750682
2024-07-09 06:51:54,198 INFO recv 2 -> 14 # 0 at 176809125, 0.134173 0.750682
2024-07-09 06:51:54,370 INFO CHECKSUM 2 15 0: 1.493141
2024-07-09 06:51:54,370 INFO CHECKSUM 2 15 0: 1.493141
2024-07-09 06:51:54,391 INFO Accepting from rank 3
2024-07-09 06:51:54,391 INFO Accepting from rank 3
2024-07-09 06:51:54,391 INFO Accepting from rank 3
2024-07-09 06:51:54,391 INFO sent 2 -> 15 # 0 at 160850651, 0.134173 0.750682
2024-07-09 06:51:54,391 INFO Accepting from rank 3
2024-07-09 06:51:54,392 INFO Accepting from rank 3
2024-07-09 06:51:54,391 INFO Accepting from rank 3
2024-07-09 06:51:54,391 INFO Accepting from rank 3
2024-07-09 06:51:54,391 INFO Accepting from rank 3
2024-07-09 06:51:54,392 INFO Accepting from rank 3
2024-07-09 06:51:54,391 INFO Accepting from rank 3
2024-07-09 06:51:54,391 INFO Accepting from rank 3
2024-07-09 06:51:54,392 INFO Sending from rank 3
2024-07-09 06:51:54,391 INFO Accepting from rank 3
2024-07-09 06:51:54,391 INFO Accepting from rank 3
2024-07-09 06:51:54,396 INFO Accepting from rank 3
2024-07-09 06:51:54,396 INFO recv 2 -> 15 # 0 at 187398982, 0.134173 0.750682
2024-07-09 06:51:54,397 INFO Accepting from rank 3
2024-07-09 06:51:54,434 INFO CHECKSUM 3 0 0: 1.552554
2024-07-09 06:51:54,434 INFO CHECKSUM 3 0 0: 1.552554
2024-07-09 06:51:54,443 INFO recv 3 -> 0 # 0 at 23158481, 0.988902 0.300043
2024-07-09 06:51:54,443 INFO sent 3 -> 0 # 0 at 14136471, 0.988902 0.300043
2024-07-09 06:51:54,558 INFO CHECKSUM 3 1 0: 1.552554
2024-07-09 06:51:54,559 INFO CHECKSUM 3 1 0: 1.552554
2024-07-09 06:51:54,585 INFO recv 3 -> 1 # 0 at 116024060, 0.988902 0.300043
2024-07-09 06:51:54,585 INFO sent 3 -> 1 # 0 at 89413070, 0.988902 0.300043
2024-07-09 06:51:54,611 INFO CHECKSUM 3 2 0: 1.552554
2024-07-09 06:51:54,612 INFO CHECKSUM 3 2 0: 1.552554
2024-07-09 06:51:54,629 INFO recv 3 -> 2 # 0 at 32018768, 0.988902 0.300043
2024-07-09 06:51:54,629 INFO sent 3 -> 2 # 0 at 13914262, 0.988902 0.300043
2024-07-09 06:51:54,798 INFO CHECKSUM 3 4 0: 1.552554
2024-07-09 06:51:54,807 INFO CHECKSUM 3 4 0: 1.552554
2024-07-09 06:51:54,825 INFO sent 3 -> 4 # 0 at 167936852, 0.988902 0.300043
2024-07-09 06:51:54,825 INFO recv 3 -> 4 # 0 at 194890699, 0.988902 0.300043
2024-07-09 06:51:55,019 INFO CHECKSUM 3 5 0: 1.552554
2024-07-09 06:51:55,019 INFO CHECKSUM 3 5 0: 1.552554
2024-07-09 06:51:55,053 INFO recv 3 -> 5 # 0 at 210413438, 0.988902 0.300043
2024-07-09 06:51:55,054 INFO sent 3 -> 5 # 0 at 176458876, 0.988902 0.300043
2024-07-09 06:51:55,276 INFO CHECKSUM 3 6 0: 1.552554
2024-07-09 06:51:55,276 INFO CHECKSUM 3 6 0: 1.552554
2024-07-09 06:51:55,293 INFO sent 3 -> 6 # 0 at 177811869, 0.988902 0.300043
2024-07-09 06:51:55,293 INFO recv 3 -> 6 # 0 at 194799703, 0.988902 0.300043
2024-07-09 06:51:55,456 INFO CHECKSUM 3 7 0: 1.552554
2024-07-09 06:51:55,456 INFO CHECKSUM 3 7 0: 1.552554
2024-07-09 06:51:55,481 INFO sent 3 -> 7 # 0 at 150307353, 0.988902 0.300043
2024-07-09 06:51:55,481 INFO recv 3 -> 7 # 0 at 175325973, 0.988902 0.300043
2024-07-09 06:51:55,637 INFO CHECKSUM 3 8 0: 1.552554
2024-07-09 06:51:55,638 INFO CHECKSUM 3 8 0: 1.552554
2024-07-09 06:51:55,655 INFO recv 3 -> 8 # 0 at 172385823, 0.988902 0.300043
2024-07-09 06:51:55,655 INFO sent 3 -> 8 # 0 at 154817907, 0.988902 0.300043
2024-07-09 06:51:55,845 INFO CHECKSUM 3 9 0: 1.552554
2024-07-09 06:51:55,846 INFO CHECKSUM 3 9 0: 1.552554
2024-07-09 06:51:55,866 INFO sent 3 -> 9 # 0 at 168686420, 0.988902 0.300043
2024-07-09 06:51:55,866 INFO recv 3 -> 9 # 0 at 189593647, 0.988902 0.300043
2024-07-09 06:51:56,054 INFO CHECKSUM 3 10 0: 1.552554
2024-07-09 06:51:56,054 INFO CHECKSUM 3 10 0: 1.552554
2024-07-09 06:51:56,085 INFO sent 3 -> 10 # 0 at 186968991, 0.988902 0.300043
2024-07-09 06:51:56,087 INFO recv 3 -> 10 # 0 at 220929386, 0.988902 0.300043
2024-07-09 06:51:56,319 INFO CHECKSUM 3 11 0: 1.552554
2024-07-09 06:51:56,319 INFO CHECKSUM 3 11 0: 1.552554
2024-07-09 06:51:56,331 INFO sent 3 -> 11 # 0 at 198144511, 0.988902 0.300043
2024-07-09 06:51:56,331 INFO recv 3 -> 11 # 0 at 214600522, 0.988902 0.300043
2024-07-09 06:51:56,477 INFO CHECKSUM 3 12 0: 1.552554
2024-07-09 06:51:56,478 INFO CHECKSUM 3 12 0: 1.552554
2024-07-09 06:51:56,512 INFO sent 3 -> 12 # 0 at 133075633, 0.988902 0.300043
2024-07-09 06:51:56,512 INFO recv 3 -> 12 # 0 at 168899777, 0.988902 0.300043
2024-07-09 06:51:56,721 INFO CHECKSUM 3 13 0: 1.552554
2024-07-09 06:51:56,721 INFO CHECKSUM 3 13 0: 1.552554
2024-07-09 06:51:56,741 INFO sent 3 -> 13 # 0 at 171546846, 0.988902 0.300043
2024-07-09 06:51:56,741 INFO recv 3 -> 13 # 0 at 192432050, 0.988902 0.300043
2024-07-09 06:51:56,902 INFO CHECKSUM 3 14 0: 1.552554
2024-07-09 06:51:56,902 INFO CHECKSUM 3 14 0: 1.552554
2024-07-09 06:51:56,923 INFO sent 3 -> 14 # 0 at 160090644, 0.988902 0.300043
2024-07-09 06:51:56,924 INFO recv 3 -> 14 # 0 at 181932196, 0.988902 0.300043
2024-07-09 06:51:57,112 INFO CHECKSUM 3 15 0: 1.552554
2024-07-09 06:51:57,113 INFO CHECKSUM 3 15 0: 1.552554
2024-07-09 06:51:57,137 INFO Accepting from rank 4
2024-07-09 06:51:57,140 INFO Accepting from rank 4
2024-07-09 06:51:57,140 INFO Accepting from rank 4
2024-07-09 06:51:57,140 INFO Accepting from rank 4
2024-07-09 06:51:57,140 INFO Accepting from rank 4
2024-07-09 06:51:57,140 INFO Accepting from rank 4
2024-07-09 06:51:57,140 INFO Accepting from rank 4
2024-07-09 06:51:57,140 INFO Accepting from rank 4
2024-07-09 06:51:57,140 INFO sent 3 -> 15 # 0 at 178745133, 0.988902 0.300043
2024-07-09 06:51:57,140 INFO Accepting from rank 4
2024-07-09 06:51:57,140 INFO Accepting from rank 4
2024-07-09 06:51:57,140 INFO Accepting from rank 4
2024-07-09 06:51:57,140 INFO Accepting from rank 4
2024-07-09 06:51:57,140 INFO Accepting from rank 4
2024-07-09 06:51:57,140 INFO Accepting from rank 4
2024-07-09 06:51:57,140 INFO Sending from rank 4
2024-07-09 06:51:57,140 INFO recv 3 -> 15 # 0 at 206376204, 0.988902 0.300043
2024-07-09 06:51:57,140 INFO Accepting from rank 4
2024-07-09 06:51:57,177 INFO CHECKSUM 4 0 0: 2.186312
2024-07-09 06:51:57,178 INFO CHECKSUM 4 0 0: 2.186312
2024-07-09 06:51:57,191 INFO sent 4 -> 0 # 0 at 14464627, 0.191646 0.553566
2024-07-09 06:51:57,191 INFO recv 4 -> 0 # 0 at 28882610, 0.191646 0.553566
2024-07-09 06:51:57,317 INFO CHECKSUM 4 1 0: 2.186312
2024-07-09 06:51:57,317 INFO CHECKSUM 4 1 0: 2.186312
2024-07-09 06:51:57,335 INFO sent 4 -> 1 # 0 at 91235997, 0.191646 0.553566
2024-07-09 06:51:57,335 INFO recv 4 -> 1 # 0 at 110124162, 0.191646 0.553566
2024-07-09 06:51:57,372 INFO CHECKSUM 4 2 0: 2.186312
2024-07-09 06:51:57,372 INFO CHECKSUM 4 2 0: 2.186312
2024-07-09 06:51:57,394 INFO recv 4 -> 2 # 0 at 44272692, 0.191646 0.553566
2024-07-09 06:51:57,393 INFO sent 4 -> 2 # 0 at 22720932, 0.191646 0.553566
2024-07-09 06:51:57,433 INFO CHECKSUM 4 3 0: 2.186312
2024-07-09 06:51:57,433 INFO CHECKSUM 4 3 0: 2.186312
2024-07-09 06:51:57,454 INFO recv 4 -> 3 # 0 at 35808409, 0.191646 0.553566
2024-07-09 06:51:57,454 INFO sent 4 -> 3 # 0 at 14409039, 0.191646 0.553566
2024-07-09 06:51:57,644 INFO CHECKSUM 4 5 0: 2.186312
2024-07-09 06:51:57,644 INFO CHECKSUM 4 5 0: 2.186312
2024-07-09 06:51:57,669 INFO sent 4 -> 5 # 0 at 175401919, 0.191646 0.553566
2024-07-09 06:51:57,669 INFO recv 4 -> 5 # 0 at 200707893, 0.191646 0.553566
2024-07-09 06:51:57,912 INFO CHECKSUM 4 6 0: 2.186312
2024-07-09 06:51:57,913 INFO CHECKSUM 4 6 0: 2.186312
2024-07-09 06:51:57,929 INFO sent 4 -> 6 # 0 at 227531138, 0.191646 0.553566
2024-07-09 06:51:57,929 INFO recv 4 -> 6 # 0 at 244480182, 0.191646 0.553566
2024-07-09 06:51:58,113 INFO CHECKSUM 4 7 0: 2.186312
2024-07-09 06:51:58,114 INFO CHECKSUM 4 7 0: 2.186312
2024-07-09 06:51:58,139 INFO sent 4 -> 7 # 0 at 181827850, 0.191646 0.553566
2024-07-09 06:51:58,139 INFO recv 4 -> 7 # 0 at 208728825, 0.191646 0.553566
2024-07-09 06:51:58,306 INFO CHECKSUM 4 8 0: 2.186312
2024-07-09 06:51:58,307 INFO CHECKSUM 4 8 0: 2.186312
2024-07-09 06:51:58,329 INFO recv 4 -> 8 # 0 at 181980364, 0.191646 0.553566
2024-07-09 06:51:58,333 INFO sent 4 -> 8 # 0 at 159728068, 0.191646 0.553566
2024-07-09 06:51:58,525 INFO CHECKSUM 4 9 0: 2.186312
2024-07-09 06:51:58,526 INFO CHECKSUM 4 9 0: 2.186312
2024-07-09 06:51:58,553 INFO recv 4 -> 9 # 0 at 205968977, 0.191646 0.553566
2024-07-09 06:51:58,553 INFO sent 4 -> 9 # 0 at 178587541, 0.191646 0.553566
2024-07-09 06:51:58,723 INFO CHECKSUM 4 10 0: 2.186312
2024-07-09 06:51:58,733 INFO CHECKSUM 4 10 0: 2.186312
2024-07-09 06:51:58,750 INFO recv 4 -> 10 # 0 at 194357637, 0.191646 0.553566
2024-07-09 06:51:58,750 INFO sent 4 -> 10 # 0 at 167340029, 0.191646 0.553566
2024-07-09 06:51:58,964 INFO CHECKSUM 4 11 0: 2.186312
2024-07-09 06:51:58,964 INFO CHECKSUM 4 11 0: 2.186312
2024-07-09 06:51:58,977 INFO sent 4 -> 11 # 0 at 200528958, 0.191646 0.553566
2024-07-09 06:51:58,977 INFO recv 4 -> 11 # 0 at 213535028, 0.191646 0.553566
2024-07-09 06:51:59,174 INFO CHECKSUM 4 12 0: 2.186312
2024-07-09 06:51:59,174 INFO CHECKSUM 4 12 0: 2.186312
2024-07-09 06:51:59,197 INFO recv 4 -> 12 # 0 at 215306307, 0.191646 0.553566
2024-07-09 06:51:59,197 INFO sent 4 -> 12 # 0 at 192178460, 0.191646 0.553566
2024-07-09 06:51:59,381 INFO CHECKSUM 4 13 0: 2.186312
2024-07-09 06:51:59,381 INFO CHECKSUM 4 13 0: 2.186312
2024-07-09 06:51:59,400 INFO sent 4 -> 13 # 0 at 175445804, 0.191646 0.553566
2024-07-09 06:51:59,400 INFO recv 4 -> 13 # 0 at 194352469, 0.191646 0.553566
2024-07-09 06:51:59,570 INFO CHECKSUM 4 14 0: 2.186312
2024-07-09 06:51:59,571 INFO CHECKSUM 4 14 0: 2.186312
2024-07-09 06:51:59,580 INFO sent 4 -> 14 # 0 at 170452590, 0.191646 0.553566
2024-07-09 06:51:59,580 INFO recv 4 -> 14 # 0 at 180152409, 0.191646 0.553566
2024-07-09 06:51:59,744 INFO CHECKSUM 4 15 0: 2.186312
2024-07-09 06:51:59,745 INFO CHECKSUM 4 15 0: 2.186312
2024-07-09 06:51:59,751 INFO Accepting from rank 5
2024-07-09 06:51:59,751 INFO Accepting from rank 5
2024-07-09 06:51:59,751 INFO sent 4 -> 15 # 0 at 155166137, 0.191646 0.553566
2024-07-09 06:51:59,751 INFO Accepting from rank 5
2024-07-09 06:51:59,751 INFO Accepting from rank 5
2024-07-09 06:51:59,751 INFO Accepting from rank 5
2024-07-09 06:51:59,751 INFO Accepting from rank 5
2024-07-09 06:51:59,751 INFO Accepting from rank 5
2024-07-09 06:51:59,751 INFO Accepting from rank 5
2024-07-09 06:51:59,751 INFO Accepting from rank 5
2024-07-09 06:51:59,751 INFO recv 4 -> 15 # 0 at 161899640, 0.191646 0.553566
2024-07-09 06:51:59,751 INFO Accepting from rank 5
2024-07-09 06:51:59,757 INFO Accepting from rank 5
2024-07-09 06:51:59,757 INFO Accepting from rank 5
2024-07-09 06:51:59,757 INFO Accepting from rank 5
2024-07-09 06:51:59,757 INFO Sending from rank 5
2024-07-09 06:51:59,757 INFO Accepting from rank 5
2024-07-09 06:51:59,757 INFO Accepting from rank 5
2024-07-09 06:51:59,796 INFO CHECKSUM 5 0 0: 0.817584
2024-07-09 06:51:59,797 INFO CHECKSUM 5 0 0: 0.817584
2024-07-09 06:51:59,813 INFO recv 5 -> 0 # 0 at 31317503, 0.108180 0.296804
2024-07-09 06:51:59,827 INFO sent 5 -> 0 # 0 at 14678278, 0.108180 0.296804
2024-07-09 06:51:59,844 INFO CHECKSUM 5 1 0: 0.817584
2024-07-09 06:51:59,843 INFO CHECKSUM 5 1 0: 0.817584
2024-07-09 06:51:59,869 INFO recv 5 -> 1 # 0 at 39423503, 0.108180 0.296804
2024-07-09 06:51:59,869 INFO sent 5 -> 1 # 0 at 13981092, 0.108180 0.296804
2024-07-09 06:51:59,896 INFO CHECKSUM 5 2 0: 0.817584
2024-07-09 06:51:59,904 INFO recv 5 -> 2 # 0 at 23877009, 0.108180 0.296804
2024-07-09 06:51:59,895 INFO CHECKSUM 5 2 0: 0.817584
2024-07-09 06:51:59,904 INFO sent 5 -> 2 # 0 at 14379512, 0.108180 0.296804
2024-07-09 06:51:59,952 INFO CHECKSUM 5 3 0: 0.817584
2024-07-09 06:51:59,954 INFO CHECKSUM 5 3 0: 0.817584
2024-07-09 06:51:59,982 INFO recv 5 -> 3 # 0 at 69161956, 0.108180 0.296804
2024-07-09 06:51:59,982 INFO sent 5 -> 3 # 0 at 36628172, 0.108180 0.296804
2024-07-09 06:52:00,009 INFO CHECKSUM 5 4 0: 0.817584
2024-07-09 06:52:00,009 INFO CHECKSUM 5 4 0: 0.817584
2024-07-09 06:52:00,027 INFO recv 5 -> 4 # 0 at 31772934, 0.108180 0.296804
2024-07-09 06:52:00,033 INFO sent 5 -> 4 # 0 at 13847294, 0.108180 0.296804
2024-07-09 06:52:00,249 INFO CHECKSUM 5 6 0: 0.817584
2024-07-09 06:52:00,249 INFO CHECKSUM 5 6 0: 0.817584
2024-07-09 06:52:00,265 INFO sent 5 -> 6 # 0 at 188074374, 0.108180 0.296804
2024-07-09 06:52:00,265 INFO recv 5 -> 6 # 0 at 204734129, 0.108180 0.296804
2024-07-09 06:52:00,500 INFO CHECKSUM 5 7 0: 0.817584
2024-07-09 06:52:00,500 INFO CHECKSUM 5 7 0: 0.817584
2024-07-09 06:52:00,519 INFO sent 5 -> 7 # 0 at 222883191, 0.108180 0.296804
2024-07-09 06:52:00,519 INFO recv 5 -> 7 # 0 at 242491281, 0.108180 0.296804
2024-07-09 06:52:00,732 INFO CHECKSUM 5 8 0: 0.817584
2024-07-09 06:52:00,732 INFO CHECKSUM 5 8 0: 0.817584
2024-07-09 06:52:00,751 INFO sent 5 -> 8 # 0 at 195079423, 0.108180 0.296804
2024-07-09 06:52:00,751 INFO recv 5 -> 8 # 0 at 214059203, 0.108180 0.296804
2024-07-09 06:52:00,920 INFO CHECKSUM 5 9 0: 0.817584
2024-07-09 06:52:00,930 INFO CHECKSUM 5 9 0: 0.817584
2024-07-09 06:52:00,957 INFO recv 5 -> 9 # 0 at 194053047, 0.108180 0.296804
2024-07-09 06:52:00,957 INFO sent 5 -> 9 # 0 at 157520154, 0.108180 0.296804
2024-07-09 06:52:01,141 INFO CHECKSUM 5 10 0: 0.817584
2024-07-09 06:52:01,142 INFO CHECKSUM 5 10 0: 0.817584
2024-07-09 06:52:01,159 INFO recv 5 -> 10 # 0 at 193263938, 0.108180 0.296804
2024-07-09 06:52:01,171 INFO sent 5 -> 10 # 0 at 175794287, 0.108180 0.296804
2024-07-09 06:52:01,368 INFO CHECKSUM 5 11 0: 0.817584
2024-07-09 06:52:01,368 INFO CHECKSUM 5 11 0: 0.817584
2024-07-09 06:52:01,401 INFO recv 5 -> 11 # 0 at 208011886, 0.108180 0.296804
2024-07-09 06:52:01,415 INFO sent 5 -> 11 # 0 at 176594702, 0.108180 0.296804
2024-07-09 06:52:01,629 INFO CHECKSUM 5 12 0: 0.817584
2024-07-09 06:52:01,629 INFO CHECKSUM 5 12 0: 0.817584
2024-07-09 06:52:01,651 INFO recv 5 -> 12 # 0 at 234557990, 0.108180 0.296804
2024-07-09 06:52:01,659 INFO sent 5 -> 12 # 0 at 211952300, 0.108180 0.296804
2024-07-09 06:52:01,856 INFO CHECKSUM 5 13 0: 0.817584
2024-07-09 06:52:01,857 INFO CHECKSUM 5 13 0: 0.817584
2024-07-09 06:52:01,879 INFO recv 5 -> 13 # 0 at 184058604, 0.108180 0.296804
2024-07-09 06:52:01,883 INFO sent 5 -> 13 # 0 at 164618363, 0.108180 0.296804
2024-07-09 06:52:02,088 INFO CHECKSUM 5 14 0: 0.817584
2024-07-09 06:52:02,089 INFO CHECKSUM 5 14 0: 0.817584
2024-07-09 06:52:02,113 INFO sent 5 -> 14 # 0 at 187784394, 0.108180 0.296804
2024-07-09 06:52:02,113 INFO recv 5 -> 14 # 0 at 212067054, 0.108180 0.296804
2024-07-09 06:52:02,300 INFO CHECKSUM 5 15 0: 0.817584
2024-07-09 06:52:02,301 INFO CHECKSUM 5 15 0: 0.817584
2024-07-09 06:52:02,325 INFO Accepting from rank 6
2024-07-09 06:52:02,325 INFO Accepting from rank 6
2024-07-09 06:52:02,325 INFO Accepting from rank 6
2024-07-09 06:52:02,325 INFO Accepting from rank 6
2024-07-09 06:52:02,325 INFO Accepting from rank 6
2024-07-09 06:52:02,325 INFO Accepting from rank 6
2024-07-09 06:52:02,325 INFO Accepting from rank 6
2024-07-09 06:52:02,325 INFO sent 5 -> 15 # 0 at 178663428, 0.108180 0.296804
2024-07-09 06:52:02,325 INFO Sending from rank 6
2024-07-09 06:52:02,325 INFO Accepting from rank 6
2024-07-09 06:52:02,325 INFO Accepting from rank 6
2024-07-09 06:52:02,327 INFO Accepting from rank 6
2024-07-09 06:52:02,327 INFO Accepting from rank 6
2024-07-09 06:52:02,327 INFO Accepting from rank 6
2024-07-09 06:52:02,327 INFO recv 5 -> 15 # 0 at 206164173, 0.108180 0.296804
2024-07-09 06:52:02,328 INFO Accepting from rank 6
2024-07-09 06:52:02,329 INFO Accepting from rank 6
2024-07-09 06:52:02,329 INFO Accepting from rank 6
2024-07-09 06:52:02,382 INFO CHECKSUM 6 0 0: 2.345950
2024-07-09 06:52:02,382 INFO CHECKSUM 6 0 0: 2.345950
2024-07-09 06:52:02,404 INFO recv 6 -> 0 # 0 at 50391202, 0.180172 0.289906
2024-07-09 06:52:02,411 INFO sent 6 -> 0 # 0 at 27168521, 0.180172 0.289906
2024-07-09 06:52:02,441 INFO CHECKSUM 6 1 0: 2.345950
2024-07-09 06:52:02,441 INFO CHECKSUM 6 1 0: 2.345950
2024-07-09 06:52:02,457 INFO recv 6 -> 1 # 0 at 30458142, 0.180172 0.289906
2024-07-09 06:52:02,457 INFO sent 6 -> 1 # 0 at 14412025, 0.180172 0.289906
2024-07-09 06:52:02,486 INFO CHECKSUM 6 2 0: 2.345950
2024-07-09 06:52:02,494 INFO CHECKSUM 6 2 0: 2.345950
2024-07-09 06:52:02,505 INFO recv 6 -> 2 # 0 at 32812260, 0.180172 0.289906
2024-07-09 06:52:02,505 INFO sent 6 -> 2 # 0 at 13818618, 0.180172 0.289906
2024-07-09 06:52:02,544 INFO CHECKSUM 6 3 0: 2.345950
2024-07-09 06:52:02,544 INFO CHECKSUM 6 3 0: 2.345950
2024-07-09 06:52:02,565 INFO recv 6 -> 3 # 0 at 42203324, 0.180172 0.289906
2024-07-09 06:52:02,565 INFO sent 6 -> 3 # 0 at 21301710, 0.180172 0.289906
2024-07-09 06:52:02,582 INFO CHECKSUM 6 4 0: 2.345950
2024-07-09 06:52:02,582 INFO CHECKSUM 6 4 0: 2.345950
2024-07-09 06:52:02,595 INFO recv 6 -> 4 # 0 at 29453785, 0.180172 0.289906
2024-07-09 06:52:02,595 INFO sent 6 -> 4 # 0 at 15602033, 0.180172 0.289906
2024-07-09 06:52:02,623 INFO CHECKSUM 6 5 0: 2.345950
2024-07-09 06:52:02,622 INFO CHECKSUM 6 5 0: 2.345950
2024-07-09 06:52:02,645 INFO sent 6 -> 5 # 0 at 13627689, 0.180172 0.289906
2024-07-09 06:52:02,645 INFO recv 6 -> 5 # 0 at 36798690, 0.180172 0.289906
2024-07-09 06:52:02,870 INFO CHECKSUM 6 7 0: 2.345950
2024-07-09 06:52:02,873 INFO CHECKSUM 6 7 0: 2.345950
2024-07-09 06:52:02,893 INFO sent 6 -> 7 # 0 at 205791302, 0.180172 0.289906
2024-07-09 06:52:02,893 INFO recv 6 -> 7 # 0 at 228071823, 0.180172 0.289906
2024-07-09 06:52:03,077 INFO CHECKSUM 6 8 0: 2.345950
2024-07-09 06:52:03,086 INFO CHECKSUM 6 8 0: 2.345950
2024-07-09 06:52:03,098 INFO recv 6 -> 8 # 0 at 175871577, 0.180172 0.289906
2024-07-09 06:52:03,098 INFO sent 6 -> 8 # 0 at 153865645, 0.180172 0.289906
2024-07-09 06:52:03,258 INFO CHECKSUM 6 9 0: 2.345950
2024-07-09 06:52:03,259 INFO CHECKSUM 6 9 0: 2.345950
2024-07-09 06:52:03,289 INFO sent 6 -> 9 # 0 at 159193075, 0.180172 0.289906
2024-07-09 06:52:03,291 INFO recv 6 -> 9 # 0 at 192688734, 0.180172 0.289906
2024-07-09 06:52:03,397 INFO CHECKSUM 6 10 0: 2.345950
2024-07-09 06:52:03,398 INFO CHECKSUM 6 10 0: 2.345950
2024-07-09 06:52:03,417 INFO recv 6 -> 10 # 0 at 123425522, 0.180172 0.289906
2024-07-09 06:52:03,417 INFO sent 6 -> 10 # 0 at 103590628, 0.180172 0.289906
2024-07-09 06:52:03,537 INFO CHECKSUM 6 11 0: 2.345950
2024-07-09 06:52:03,538 INFO CHECKSUM 6 11 0: 2.345950
2024-07-09 06:52:03,561 INFO sent 6 -> 11 # 0 at 118686173, 0.180172 0.289906
2024-07-09 06:52:03,561 INFO recv 6 -> 11 # 0 at 143055119, 0.180172 0.289906
2024-07-09 06:52:03,759 INFO CHECKSUM 6 12 0: 2.345950
2024-07-09 06:52:03,760 INFO CHECKSUM 6 12 0: 2.345950
2024-07-09 06:52:03,773 INFO sent 6 -> 12 # 0 at 182362953, 0.180172 0.289906
2024-07-09 06:52:03,773 INFO recv 6 -> 12 # 0 at 196776162, 0.180172 0.289906
2024-07-09 06:52:03,898 INFO CHECKSUM 6 13 0: 2.345950
2024-07-09 06:52:03,898 INFO CHECKSUM 6 13 0: 2.345950
2024-07-09 06:52:03,920 INFO sent 6 -> 13 # 0 at 112729298, 0.180172 0.289906
2024-07-09 06:52:03,920 INFO recv 6 -> 13 # 0 at 134706441, 0.180172 0.289906
2024-07-09 06:52:04,109 INFO CHECKSUM 6 14 0: 2.345950
2024-07-09 06:52:04,109 INFO CHECKSUM 6 14 0: 2.345950
2024-07-09 06:52:04,141 INFO sent 6 -> 14 # 0 at 178743913, 0.180172 0.289906
2024-07-09 06:52:04,141 INFO recv 6 -> 14 # 0 at 210420969, 0.180172 0.289906
2024-07-09 06:52:04,349 INFO CHECKSUM 6 15 0: 2.345950
2024-07-09 06:52:04,349 INFO CHECKSUM 6 15 0: 2.345950
2024-07-09 06:52:04,365 INFO Accepting from rank 7
2024-07-09 06:52:04,377 INFO Accepting from rank 7
2024-07-09 06:52:04,382 INFO Accepting from rank 7
2024-07-09 06:52:04,382 INFO Accepting from rank 7
2024-07-09 06:52:04,382 INFO Accepting from rank 7
2024-07-09 06:52:04,382 INFO Accepting from rank 7
2024-07-09 06:52:04,382 INFO Accepting from rank 7
2024-07-09 06:52:04,382 INFO Accepting from rank 7
2024-07-09 06:52:04,382 INFO Accepting from rank 7
2024-07-09 06:52:04,382 INFO recv 6 -> 15 # 0 at 214666009, 0.180172 0.289906
2024-07-09 06:52:04,382 INFO Accepting from rank 7
2024-07-09 06:52:04,386 INFO Accepting from rank 7
2024-07-09 06:52:04,386 INFO Accepting from rank 7
2024-07-09 06:52:04,386 INFO Sending from rank 7
2024-07-09 06:52:04,386 INFO sent 6 -> 15 # 0 at 185479011, 0.180172 0.289906
2024-07-09 06:52:04,386 INFO Accepting from rank 7
2024-07-09 06:52:04,386 INFO Accepting from rank 7
2024-07-09 06:52:04,386 INFO Accepting from rank 7
2024-07-09 06:52:04,421 INFO CHECKSUM 7 0 0: 1.569556
2024-07-09 06:52:04,422 INFO CHECKSUM 7 0 0: 1.569556
2024-07-09 06:52:04,437 INFO recv 7 -> 0 # 0 at 29702123, 0.759511 0.031058
2024-07-09 06:52:04,439 INFO sent 7 -> 0 # 0 at 14112436, 0.759511 0.031058
2024-07-09 06:52:04,467 INFO CHECKSUM 7 1 0: 1.569556
2024-07-09 06:52:04,468 INFO CHECKSUM 7 1 0: 1.569556
2024-07-09 06:52:04,503 INFO sent 7 -> 1 # 0 at 14132144, 0.759511 0.031058
2024-07-09 06:52:04,509 INFO recv 7 -> 1 # 0 at 55318922, 0.759511 0.031058
2024-07-09 06:52:04,622 INFO CHECKSUM 7 2 0: 1.569556
2024-07-09 06:52:04,623 INFO CHECKSUM 7 2 0: 1.569556
2024-07-09 06:52:04,649 INFO recv 7 -> 2 # 0 at 119156973, 0.759511 0.031058
2024-07-09 06:52:04,659 INFO sent 7 -> 2 # 0 at 91144761, 0.759511 0.031058
2024-07-09 06:52:04,712 INFO CHECKSUM 7 3 0: 1.569556
2024-07-09 06:52:04,712 INFO CHECKSUM 7 3 0: 1.569556
2024-07-09 06:52:04,730 INFO recv 7 -> 3 # 0 at 52824102, 0.759511 0.031058
2024-07-09 06:52:04,730 INFO sent 7 -> 3 # 0 at 34517735, 0.759511 0.031058
2024-07-09 06:52:04,759 INFO CHECKSUM 7 4 0: 1.569556
2024-07-09 06:52:04,759 INFO CHECKSUM 7 4 0: 1.569556
2024-07-09 06:52:04,785 INFO recv 7 -> 4 # 0 at 39999873, 0.759511 0.031058
2024-07-09 06:52:04,785 INFO sent 7 -> 4 # 0 at 13996111, 0.759511 0.031058
2024-07-09 06:52:04,893 INFO CHECKSUM 7 5 0: 1.569556
2024-07-09 06:52:04,893 INFO CHECKSUM 7 5 0: 1.569556
2024-07-09 06:52:04,921 INFO recv 7 -> 5 # 0 at 111340936, 0.759511 0.031058
2024-07-09 06:52:04,921 INFO sent 7 -> 5 # 0 at 83275232, 0.759511 0.031058
2024-07-09 06:52:04,951 INFO CHECKSUM 7 6 0: 1.569556
2024-07-09 06:52:04,952 INFO CHECKSUM 7 6 0: 1.569556
2024-07-09 06:52:04,967 INFO sent 7 -> 6 # 0 at 14086105, 0.759511 0.031058
2024-07-09 06:52:04,967 INFO recv 7 -> 6 # 0 at 30092718, 0.759511 0.031058
2024-07-09 06:52:05,126 INFO CHECKSUM 7 8 0: 1.569556
2024-07-09 06:52:05,126 INFO CHECKSUM 7 8 0: 1.569556
2024-07-09 06:52:05,147 INFO recv 7 -> 8 # 0 at 178461967, 0.759511 0.031058
2024-07-09 06:52:05,147 INFO sent 7 -> 8 # 0 at 157300690, 0.759511 0.031058
2024-07-09 06:52:05,350 INFO CHECKSUM 7 9 0: 1.569556
2024-07-09 06:52:05,351 INFO CHECKSUM 7 9 0: 1.569556
2024-07-09 06:52:05,377 INFO recv 7 -> 9 # 0 at 219304727, 0.759511 0.031058
2024-07-09 06:52:05,377 INFO sent 7 -> 9 # 0 at 192345523, 0.759511 0.031058
2024-07-09 06:52:05,522 INFO CHECKSUM 7 10 0: 1.569556
2024-07-09 06:52:05,522 INFO CHECKSUM 7 10 0: 1.569556
2024-07-09 06:52:05,539 INFO recv 7 -> 10 # 0 at 131582397, 0.759511 0.031058
2024-07-09 06:52:05,545 INFO sent 7 -> 10 # 0 at 114800357, 0.759511 0.031058
2024-07-09 06:52:05,727 INFO CHECKSUM 7 11 0: 1.569556
2024-07-09 06:52:05,728 INFO CHECKSUM 7 11 0: 1.569556
2024-07-09 06:52:05,743 INFO recv 7 -> 11 # 0 at 192471482, 0.759511 0.031058
2024-07-09 06:52:05,743 INFO sent 7 -> 11 # 0 at 176902077, 0.759511 0.031058
2024-07-09 06:52:05,967 INFO CHECKSUM 7 12 0: 1.569556
2024-07-09 06:52:05,968 INFO CHECKSUM 7 12 0: 1.569556
2024-07-09 06:52:05,979 INFO recv 7 -> 12 # 0 at 229660978, 0.759511 0.031058
2024-07-09 06:52:05,987 INFO sent 7 -> 12 # 0 at 217764075, 0.759511 0.031058
2024-07-09 06:52:06,168 INFO CHECKSUM 7 13 0: 1.569556
2024-07-09 06:52:06,169 INFO CHECKSUM 7 13 0: 1.569556
2024-07-09 06:52:06,193 INFO sent 7 -> 13 # 0 at 160179319, 0.759511 0.031058
2024-07-09 06:52:06,193 INFO recv 7 -> 13 # 0 at 185260253, 0.759511 0.031058
2024-07-09 06:52:06,396 INFO CHECKSUM 7 14 0: 1.569556
2024-07-09 06:52:06,397 INFO CHECKSUM 7 14 0: 1.569556
2024-07-09 06:52:06,419 INFO sent 7 -> 14 # 0 at 188770077, 0.759511 0.031058
2024-07-09 06:52:06,419 INFO recv 7 -> 14 # 0 at 213926859, 0.759511 0.031058
2024-07-09 06:52:06,600 INFO CHECKSUM 7 15 0: 1.569556
2024-07-09 06:52:06,601 INFO CHECKSUM 7 15 0: 1.569556
2024-07-09 06:52:06,621 INFO Sending from rank 8
2024-07-09 06:52:06,621 INFO Accepting from rank 8
2024-07-09 06:52:06,621 INFO Accepting from rank 8
2024-07-09 06:52:06,621 INFO Accepting from rank 8
2024-07-09 06:52:06,621 INFO Accepting from rank 8
2024-07-09 06:52:06,621 INFO Accepting from rank 8
2024-07-09 06:52:06,621 INFO Accepting from rank 8
2024-07-09 06:52:06,621 INFO Accepting from rank 8
2024-07-09 06:52:06,623 INFO Accepting from rank 8
2024-07-09 06:52:06,623 INFO Accepting from rank 8
2024-07-09 06:52:06,623 INFO Accepting from rank 8
2024-07-09 06:52:06,623 INFO recv 7 -> 15 # 0 at 190859145, 0.759511 0.031058
2024-07-09 06:52:06,624 INFO Accepting from rank 8
2024-07-09 06:52:06,625 INFO Accepting from rank 8
2024-07-09 06:52:06,625 INFO Accepting from rank 8
2024-07-09 06:52:06,625 INFO Accepting from rank 8
2024-07-09 06:52:06,625 INFO sent 7 -> 15 # 0 at 167737927, 0.759511 0.031058
2024-07-09 06:52:06,625 INFO Accepting from rank 8
2024-07-09 06:52:06,658 INFO CHECKSUM 8 0 0: 1.768269
2024-07-09 06:52:06,658 INFO CHECKSUM 8 0 0: 1.768269
2024-07-09 06:52:06,673 INFO sent 8 -> 0 # 0 at 14194855, 0.873650 0.626888
2024-07-09 06:52:06,673 INFO recv 8 -> 0 # 0 at 29128114, 0.873650 0.626888
2024-07-09 06:52:06,791 INFO CHECKSUM 8 1 0: 1.768269
2024-07-09 06:52:06,812 INFO sent 8 -> 1 # 0 at 93340896, 0.873650 0.626888
2024-07-09 06:52:06,799 INFO CHECKSUM 8 1 0: 1.768269
2024-07-09 06:52:06,812 INFO recv 8 -> 1 # 0 at 113593314, 0.873650 0.626888
2024-07-09 06:52:06,838 INFO CHECKSUM 8 2 0: 1.768269
2024-07-09 06:52:06,839 INFO CHECKSUM 8 2 0: 1.768269
2024-07-09 06:52:06,873 INFO sent 8 -> 2 # 0 at 13656803, 0.873650 0.626888
2024-07-09 06:52:06,875 INFO recv 8 -> 2 # 0 at 50553936, 0.873650 0.626888
2024-07-09 06:52:06,892 INFO CHECKSUM 8 3 0: 1.768269
2024-07-09 06:52:06,893 INFO CHECKSUM 8 3 0: 1.768269
2024-07-09 06:52:06,910 INFO recv 8 -> 3 # 0 at 31373892, 0.873650 0.626888
2024-07-09 06:52:06,910 INFO sent 8 -> 3 # 0 at 13934671, 0.873650 0.626888
2024-07-09 06:52:06,936 INFO CHECKSUM 8 4 0: 1.768269
2024-07-09 06:52:06,945 INFO CHECKSUM 8 4 0: 1.768269
2024-07-09 06:52:06,961 INFO sent 8 -> 4 # 0 at 14479116, 0.873650 0.626888
2024-07-09 06:52:06,961 INFO recv 8 -> 4 # 0 at 39511360, 0.873650 0.626888
2024-07-09 06:52:06,984 INFO CHECKSUM 8 5 0: 1.768269
2024-07-09 06:52:06,985 INFO CHECKSUM 8 5 0: 1.768269
2024-07-09 06:52:06,999 INFO sent 8 -> 5 # 0 at 14062950, 0.873650 0.626888
2024-07-09 06:52:06,999 INFO recv 8 -> 5 # 0 at 29479615, 0.873650 0.626888
2024-07-09 06:52:07,027 INFO CHECKSUM 8 6 0: 1.768269
2024-07-09 06:52:07,027 INFO CHECKSUM 8 6 0: 1.768269
2024-07-09 06:52:07,045 INFO recv 8 -> 6 # 0 at 32666841, 0.873650 0.626888
2024-07-09 06:52:07,045 INFO sent 8 -> 6 # 0 at 13973616, 0.873650 0.626888
2024-07-09 06:52:07,071 INFO CHECKSUM 8 7 0: 1.768269
2024-07-09 06:52:07,071 INFO CHECKSUM 8 7 0: 1.768269
2024-07-09 06:52:07,089 INFO sent 8 -> 7 # 0 at 23119108, 0.873650 0.626888
2024-07-09 06:52:07,095 INFO recv 8 -> 7 # 0 at 47310533, 0.873650 0.626888
2024-07-09 06:52:07,302 INFO CHECKSUM 8 9 0: 1.768269
2024-07-09 06:52:07,302 INFO CHECKSUM 8 9 0: 1.768269
2024-07-09 06:52:07,326 INFO sent 8 -> 9 # 0 at 185030284, 0.873650 0.626888
2024-07-09 06:52:07,336 INFO recv 8 -> 9 # 0 at 219410652, 0.873650 0.626888
2024-07-09 06:52:07,573 INFO CHECKSUM 8 10 0: 1.768269
2024-07-09 06:52:07,574 INFO CHECKSUM 8 10 0: 1.768269
2024-07-09 06:52:07,591 INFO sent 8 -> 10 # 0 at 212715830, 0.873650 0.626888
2024-07-09 06:52:07,591 INFO recv 8 -> 10 # 0 at 229691925, 0.873650 0.626888
2024-07-09 06:52:07,785 INFO CHECKSUM 8 11 0: 1.768269
2024-07-09 06:52:07,786 INFO CHECKSUM 8 11 0: 1.768269
2024-07-09 06:52:07,805 INFO sent 8 -> 11 # 0 at 174801363, 0.873650 0.626888
2024-07-09 06:52:07,808 INFO recv 8 -> 11 # 0 at 198113275, 0.873650 0.626888
2024-07-09 06:52:08,040 INFO CHECKSUM 8 12 0: 1.768269
2024-07-09 06:52:08,041 INFO CHECKSUM 8 12 0: 1.768269
2024-07-09 06:52:08,061 INFO sent 8 -> 12 # 0 at 219280792, 0.873650 0.626888
2024-07-09 06:52:08,061 INFO recv 8 -> 12 # 0 at 240009849, 0.873650 0.626888
2024-07-09 06:52:08,262 INFO CHECKSUM 8 13 0: 1.768269
2024-07-09 06:52:08,263 INFO CHECKSUM 8 13 0: 1.768269
2024-07-09 06:52:08,281 INFO sent 8 -> 13 # 0 at 187654338, 0.873650 0.626888
2024-07-09 06:52:08,291 INFO recv 8 -> 13 # 0 at 213975222, 0.873650 0.626888
2024-07-09 06:52:08,462 INFO CHECKSUM 8 14 0: 1.768269
2024-07-09 06:52:08,471 INFO CHECKSUM 8 14 0: 1.768269
2024-07-09 06:52:08,493 INFO sent 8 -> 14 # 0 at 159308723, 0.873650 0.626888
2024-07-09 06:52:08,493 INFO recv 8 -> 14 # 0 at 190042443, 0.873650 0.626888
2024-07-09 06:52:08,708 INFO CHECKSUM 8 15 0: 1.768269
2024-07-09 06:52:08,709 INFO CHECKSUM 8 15 0: 1.768269
2024-07-09 06:52:08,724 INFO Accepting from rank 9
2024-07-09 06:52:08,724 INFO Accepting from rank 9
2024-07-09 06:52:08,724 INFO sent 8 -> 15 # 0 at 179636272, 0.873650 0.626888
2024-07-09 06:52:08,724 INFO Accepting from rank 9
2024-07-09 06:52:08,724 INFO Accepting from rank 9
2024-07-09 06:52:08,724 INFO Accepting from rank 9
2024-07-09 06:52:08,724 INFO Sending from rank 9
2024-07-09 06:52:08,724 INFO Accepting from rank 9
2024-07-09 06:52:08,724 INFO Accepting from rank 9
2024-07-09 06:52:08,724 INFO Accepting from rank 9
2024-07-09 06:52:08,724 INFO Accepting from rank 9
2024-07-09 06:52:08,724 INFO Accepting from rank 9
2024-07-09 06:52:08,724 INFO Accepting from rank 9
2024-07-09 06:52:08,724 INFO Accepting from rank 9
2024-07-09 06:52:08,724 INFO Accepting from rank 9
2024-07-09 06:52:08,724 INFO recv 8 -> 15 # 0 at 188292605, 0.873650 0.626888
2024-07-09 06:52:08,724 INFO Accepting from rank 9
2024-07-09 06:52:08,724 INFO Accepting from rank 9
2024-07-09 06:52:08,827 INFO CHECKSUM 9 0 0: 1.334407
2024-07-09 06:52:08,827 INFO CHECKSUM 9 0 0: 1.334407
2024-07-09 06:52:08,838 INFO sent 9 -> 0 # 0 at 82901388, 0.831922 0.175063
2024-07-09 06:52:08,838 INFO recv 9 -> 0 # 0 at 94014199, 0.831922 0.175063
2024-07-09 06:52:08,856 INFO CHECKSUM 9 1 0: 1.334407
2024-07-09 06:52:08,856 INFO CHECKSUM 9 1 0: 1.334407
2024-07-09 06:52:08,873 INFO recv 9 -> 1 # 0 at 31302715, 0.831922 0.175063
2024-07-09 06:52:08,873 INFO sent 9 -> 1 # 0 at 14282385, 0.831922 0.175063
2024-07-09 06:52:08,888 INFO CHECKSUM 9 2 0: 1.334407
2024-07-09 06:52:08,887 INFO CHECKSUM 9 2 0: 1.334407
2024-07-09 06:52:08,907 INFO sent 9 -> 2 # 0 at 13859425, 0.831922 0.175063
2024-07-09 06:52:08,907 INFO recv 9 -> 2 # 0 at 33206853, 0.831922 0.175063
2024-07-09 06:52:09,042 INFO CHECKSUM 9 3 0: 1.334407
2024-07-09 06:52:09,043 INFO CHECKSUM 9 3 0: 1.334407
2024-07-09 06:52:09,051 INFO sent 9 -> 3 # 0 at 89379101, 0.831922 0.175063
2024-07-09 06:52:09,051 INFO recv 9 -> 3 # 0 at 99773064, 0.831922 0.175063
2024-07-09 06:52:09,075 INFO CHECKSUM 9 4 0: 1.334407
2024-07-09 06:52:09,076 INFO CHECKSUM 9 4 0: 1.334407
2024-07-09 06:52:09,089 INFO sent 9 -> 4 # 0 at 14557599, 0.831922 0.175063
2024-07-09 06:52:09,089 INFO recv 9 -> 4 # 0 at 28225924, 0.831922 0.175063
2024-07-09 06:52:09,107 INFO CHECKSUM 9 5 0: 1.334407
2024-07-09 06:52:09,108 INFO CHECKSUM 9 5 0: 1.334407
2024-07-09 06:52:09,135 INFO sent 9 -> 5 # 0 at 13797525, 0.831922 0.175063
2024-07-09 06:52:09,143 INFO recv 9 -> 5 # 0 at 49796794, 0.831922 0.175063
2024-07-09 06:52:09,269 INFO CHECKSUM 9 6 0: 1.334407
2024-07-09 06:52:09,269 INFO CHECKSUM 9 6 0: 1.334407
2024-07-09 06:52:09,285 INFO sent 9 -> 6 # 0 at 93442343, 0.831922 0.175063
2024-07-09 06:52:09,285 INFO recv 9 -> 6 # 0 at 114205629, 0.831922 0.175063
2024-07-09 06:52:09,318 INFO CHECKSUM 9 7 0: 1.334407
2024-07-09 06:52:09,318 INFO CHECKSUM 9 7 0: 1.334407
2024-07-09 06:52:09,338 INFO sent 9 -> 7 # 0 at 21039999, 0.831922 0.175063
2024-07-09 06:52:09,342 INFO recv 9 -> 7 # 0 at 45171722, 0.831922 0.175063
2024-07-09 06:52:09,395 INFO CHECKSUM 9 8 0: 1.334407
2024-07-09 06:52:09,395 INFO CHECKSUM 9 8 0: 1.334407
2024-07-09 06:52:09,410 INFO recv 9 -> 8 # 0 at 33151317, 0.831922 0.175063
2024-07-09 06:52:09,421 INFO sent 9 -> 8 # 0 at 14011841, 0.831922 0.175063
2024-07-09 06:52:09,614 INFO CHECKSUM 9 10 0: 1.334407
2024-07-09 06:52:09,614 INFO CHECKSUM 9 10 0: 1.334407
2024-07-09 06:52:09,623 INFO sent 9 -> 10 # 0 at 185117053, 0.831922 0.175063
2024-07-09 06:52:09,623 INFO recv 9 -> 10 # 0 at 194563998, 0.831922 0.175063
2024-07-09 06:52:09,886 INFO CHECKSUM 9 11 0: 1.334407
2024-07-09 06:52:09,886 INFO CHECKSUM 9 11 0: 1.334407
2024-07-09 06:52:09,899 INFO sent 9 -> 11 # 0 at 252909804, 0.831922 0.175063
2024-07-09 06:52:09,899 INFO recv 9 -> 11 # 0 at 266055557, 0.831922 0.175063
2024-07-09 06:52:10,114 INFO CHECKSUM 9 12 0: 1.334407
2024-07-09 06:52:10,114 INFO CHECKSUM 9 12 0: 1.334407
2024-07-09 06:52:10,128 INFO sent 9 -> 12 # 0 at 197628335, 0.831922 0.175063
2024-07-09 06:52:10,128 INFO recv 9 -> 12 # 0 at 211264392, 0.831922 0.175063
2024-07-09 06:52:10,306 INFO CHECKSUM 9 13 0: 1.334407
2024-07-09 06:52:10,306 INFO CHECKSUM 9 13 0: 1.334407
2024-07-09 06:52:10,319 INFO sent 9 -> 13 # 0 at 166672512, 0.831922 0.175063
2024-07-09 06:52:10,319 INFO recv 9 -> 13 # 0 at 179156402, 0.831922 0.175063
2024-07-09 06:52:10,481 INFO CHECKSUM 9 14 0: 1.334407
2024-07-09 06:52:10,481 INFO CHECKSUM 9 14 0: 1.334407
2024-07-09 06:52:10,497 INFO sent 9 -> 14 # 0 at 154830014, 0.831922 0.175063
2024-07-09 06:52:10,497 INFO recv 9 -> 14 # 0 at 171687909, 0.831922 0.175063
2024-07-09 06:52:10,666 INFO CHECKSUM 9 15 0: 1.334407
2024-07-09 06:52:10,667 INFO CHECKSUM 9 15 0: 1.334407
2024-07-09 06:52:10,681 INFO Accepting from rank 10
2024-07-09 06:52:10,681 INFO Accepting from rank 10
2024-07-09 06:52:10,681 INFO Accepting from rank 10
2024-07-09 06:52:10,681 INFO Accepting from rank 10
2024-07-09 06:52:10,681 INFO Accepting from rank 10
2024-07-09 06:52:10,681 INFO Accepting from rank 10
2024-07-09 06:52:10,681 INFO Accepting from rank 10
2024-07-09 06:52:10,682 INFO Accepting from rank 10
2024-07-09 06:52:10,681 INFO Accepting from rank 10
2024-07-09 06:52:10,682 INFO Accepting from rank 10
2024-07-09 06:52:10,685 INFO Sending from rank 10
2024-07-09 06:52:10,685 INFO Accepting from rank 10
2024-07-09 06:52:10,686 INFO Accepting from rank 10
2024-07-09 06:52:10,686 INFO Accepting from rank 10
2024-07-09 06:52:10,686 INFO sent 9 -> 15 # 0 at 161116035, 0.831922 0.175063
2024-07-09 06:52:10,686 INFO recv 9 -> 15 # 0 at 180687687, 0.831922 0.175063
2024-07-09 06:52:10,686 INFO Accepting from rank 10
2024-07-09 06:52:10,686 INFO Accepting from rank 10
2024-07-09 06:52:10,806 INFO CHECKSUM 10 0 0: 2.225345
2024-07-09 06:52:10,805 INFO CHECKSUM 10 0 0: 2.225345
2024-07-09 06:52:10,821 INFO recv 10 -> 0 # 0 at 109147355, 0.610889 0.716685
2024-07-09 06:52:10,827 INFO sent 10 -> 0 # 0 at 93237737, 0.610889 0.716685
2024-07-09 06:52:10,858 INFO CHECKSUM 10 1 0: 2.225345
2024-07-09 06:52:10,858 INFO CHECKSUM 10 1 0: 2.225345
2024-07-09 06:52:10,891 INFO sent 10 -> 1 # 0 at 14456212, 0.610889 0.716685
2024-07-09 06:52:10,897 INFO recv 10 -> 1 # 0 at 53127519, 0.610889 0.716685
2024-07-09 06:52:10,919 INFO CHECKSUM 10 2 0: 2.225345
2024-07-09 06:52:10,919 INFO CHECKSUM 10 2 0: 2.225345
2024-07-09 06:52:10,945 INFO recv 10 -> 2 # 0 at 39981260, 0.610889 0.716685
2024-07-09 06:52:10,951 INFO sent 10 -> 2 # 0 at 14547719, 0.610889 0.716685
2024-07-09 06:52:11,042 INFO CHECKSUM 10 3 0: 2.225345
2024-07-09 06:52:11,043 INFO CHECKSUM 10 3 0: 2.225345
2024-07-09 06:52:11,065 INFO sent 10 -> 3 # 0 at 88623857, 0.610889 0.716685
2024-07-09 06:52:11,065 INFO recv 10 -> 3 # 0 at 111387774, 0.610889 0.716685
2024-07-09 06:52:11,091 INFO CHECKSUM 10 4 0: 2.225345
2024-07-09 06:52:11,092 INFO CHECKSUM 10 4 0: 2.225345
2024-07-09 06:52:11,125 INFO sent 10 -> 4 # 0 at 13911817, 0.610889 0.716685
2024-07-09 06:52:11,125 INFO recv 10 -> 4 # 0 at 47996637, 0.610889 0.716685
2024-07-09 06:52:11,153 INFO CHECKSUM 10 5 0: 2.225345
2024-07-09 06:52:11,153 INFO CHECKSUM 10 5 0: 2.225345
2024-07-09 06:52:11,167 INFO sent 10 -> 5 # 0 at 22426836, 0.610889 0.716685
2024-07-09 06:52:11,167 INFO recv 10 -> 5 # 0 at 37308536, 0.610889 0.716685
2024-07-09 06:52:11,210 INFO CHECKSUM 10 6 0: 2.225345
2024-07-09 06:52:11,211 INFO CHECKSUM 10 6 0: 2.225345
2024-07-09 06:52:11,226 INFO sent 10 -> 6 # 0 at 30616867, 0.610889 0.716685
2024-07-09 06:52:11,235 INFO recv 10 -> 6 # 0 at 55620271, 0.610889 0.716685
2024-07-09 06:52:11,252 INFO CHECKSUM 10 7 0: 2.225345
2024-07-09 06:52:11,252 INFO CHECKSUM 10 7 0: 2.225345
2024-07-09 06:52:11,269 INFO recv 10 -> 7 # 0 at 31988570, 0.610889 0.716685
2024-07-09 06:52:11,269 INFO sent 10 -> 7 # 0 at 14726786, 0.610889 0.716685
2024-07-09 06:52:11,288 INFO CHECKSUM 10 8 0: 2.225345
2024-07-09 06:52:11,289 INFO CHECKSUM 10 8 0: 2.225345
2024-07-09 06:52:11,307 INFO recv 10 -> 8 # 0 at 32019945, 0.610889 0.716685
2024-07-09 06:52:11,310 INFO sent 10 -> 8 # 0 at 13814619, 0.610889 0.716685
2024-07-09 06:52:11,327 INFO CHECKSUM 10 9 0: 2.225345
2024-07-09 06:52:11,327 INFO CHECKSUM 10 9 0: 2.225345
2024-07-09 06:52:11,351 INFO recv 10 -> 9 # 0 at 37918374, 0.610889 0.716685
2024-07-09 06:52:11,351 INFO sent 10 -> 9 # 0 at 14210757, 0.610889 0.716685
2024-07-09 06:52:11,558 INFO CHECKSUM 10 11 0: 2.225345
2024-07-09 06:52:11,558 INFO CHECKSUM 10 11 0: 2.225345
2024-07-09 06:52:11,573 INFO sent 10 -> 11 # 0 at 177047877, 0.610889 0.716685
2024-07-09 06:52:11,573 INFO recv 10 -> 11 # 0 at 192056108, 0.610889 0.716685
2024-07-09 06:52:11,782 INFO CHECKSUM 10 12 0: 2.225345
2024-07-09 06:52:11,782 INFO CHECKSUM 10 12 0: 2.225345
2024-07-09 06:52:11,799 INFO sent 10 -> 12 # 0 at 192642765, 0.610889 0.716685
2024-07-09 06:52:11,799 INFO recv 10 -> 12 # 0 at 210070841, 0.610889 0.716685
2024-07-09 06:52:11,992 INFO CHECKSUM 10 13 0: 2.225345
2024-07-09 06:52:11,993 INFO CHECKSUM 10 13 0: 2.225345
2024-07-09 06:52:12,017 INFO sent 10 -> 13 # 0 at 178554887, 0.610889 0.716685
2024-07-09 06:52:12,017 INFO recv 10 -> 13 # 0 at 203318594, 0.610889 0.716685
2024-07-09 06:52:12,205 INFO CHECKSUM 10 14 0: 2.225345
2024-07-09 06:52:12,205 INFO CHECKSUM 10 14 0: 2.225345
2024-07-09 06:52:12,219 INFO sent 10 -> 14 # 0 at 178900516, 0.610889 0.716685
2024-07-09 06:52:12,219 INFO recv 10 -> 14 # 0 at 193039748, 0.610889 0.716685
2024-07-09 06:52:12,391 INFO CHECKSUM 10 15 0: 2.225345
2024-07-09 06:52:12,391 INFO CHECKSUM 10 15 0: 2.225345
2024-07-09 06:52:12,410 INFO Accepting from rank 11
2024-07-09 06:52:12,410 INFO Accepting from rank 11
2024-07-09 06:52:12,410 INFO Accepting from rank 11
2024-07-09 06:52:12,410 INFO Accepting from rank 11
2024-07-09 06:52:12,410 INFO Accepting from rank 11
2024-07-09 06:52:12,410 INFO Accepting from rank 11
2024-07-09 06:52:12,410 INFO Accepting from rank 11
2024-07-09 06:52:12,410 INFO Sending from rank 11
2024-07-09 06:52:12,410 INFO Accepting from rank 11
2024-07-09 06:52:12,410 INFO Accepting from rank 11
2024-07-09 06:52:12,410 INFO Accepting from rank 11
2024-07-09 06:52:12,410 INFO sent 10 -> 15 # 0 at 171629327, 0.610889 0.716685
2024-07-09 06:52:12,410 INFO Accepting from rank 11
2024-07-09 06:52:12,410 INFO Accepting from rank 11
2024-07-09 06:52:12,410 INFO Accepting from rank 11
2024-07-09 06:52:12,410 INFO Accepting from rank 11
2024-07-09 06:52:12,410 INFO recv 10 -> 15 # 0 at 190996381, 0.610889 0.716685
2024-07-09 06:52:12,410 INFO Accepting from rank 11
2024-07-09 06:52:12,534 INFO CHECKSUM 11 0 0: 1.616759
2024-07-09 06:52:12,535 INFO CHECKSUM 11 0 0: 1.616759
2024-07-09 06:52:12,549 INFO recv 11 -> 0 # 0 at 108967598, 0.314669 0.811773
2024-07-09 06:52:12,553 INFO sent 11 -> 0 # 0 at 94394780, 0.314669 0.811773
2024-07-09 06:52:12,596 INFO CHECKSUM 11 1 0: 1.616759
2024-07-09 06:52:12,596 INFO CHECKSUM 11 1 0: 1.616759
2024-07-09 06:52:12,617 INFO recv 11 -> 1 # 0 at 41607393, 0.314669 0.811773
2024-07-09 06:52:12,617 INFO sent 11 -> 1 # 0 at 14171972, 0.314669 0.811773
2024-07-09 06:52:12,649 INFO CHECKSUM 11 2 0: 1.616759
2024-07-09 06:52:12,657 INFO CHECKSUM 11 2 0: 1.616759
2024-07-09 06:52:12,663 INFO recv 11 -> 2 # 0 at 31146673, 0.314669 0.811773
2024-07-09 06:52:12,663 INFO sent 11 -> 2 # 0 at 17305954, 0.314669 0.811773
2024-07-09 06:52:12,690 INFO CHECKSUM 11 3 0: 1.616759
2024-07-09 06:52:12,691 INFO CHECKSUM 11 3 0: 1.616759
2024-07-09 06:52:12,709 INFO recv 11 -> 3 # 0 at 32659425, 0.314669 0.811773
2024-07-09 06:52:12,709 INFO sent 11 -> 3 # 0 at 13809068, 0.314669 0.811773
2024-07-09 06:52:12,728 INFO CHECKSUM 11 4 0: 1.616759
2024-07-09 06:52:12,728 INFO CHECKSUM 11 4 0: 1.616759
2024-07-09 06:52:12,745 INFO sent 11 -> 4 # 0 at 14568029, 0.314669 0.811773
2024-07-09 06:52:12,745 INFO recv 11 -> 4 # 0 at 32020182, 0.314669 0.811773
2024-07-09 06:52:12,771 INFO CHECKSUM 11 5 0: 1.616759
2024-07-09 06:52:12,781 INFO CHECKSUM 11 5 0: 1.616759
2024-07-09 06:52:12,793 INFO recv 11 -> 5 # 0 at 36566272, 0.314669 0.811773
2024-07-09 06:52:12,806 INFO sent 11 -> 5 # 0 at 13895375, 0.314669 0.811773
2024-07-09 06:52:12,844 INFO CHECKSUM 11 6 0: 1.616759
2024-07-09 06:52:12,857 INFO sent 11 -> 6 # 0 at 25728094, 0.314669 0.811773
2024-07-09 06:52:12,845 INFO CHECKSUM 11 6 0: 1.616759
2024-07-09 06:52:12,857 INFO recv 11 -> 6 # 0 at 43226345, 0.314669 0.811773
2024-07-09 06:52:12,881 INFO CHECKSUM 11 7 0: 1.616759
2024-07-09 06:52:12,882 INFO CHECKSUM 11 7 0: 1.616759
2024-07-09 06:52:12,907 INFO sent 11 -> 7 # 0 at 13918661, 0.314669 0.811773
2024-07-09 06:52:12,907 INFO recv 11 -> 7 # 0 at 39892696, 0.314669 0.811773
2024-07-09 06:52:13,026 INFO CHECKSUM 11 8 0: 1.616759
2024-07-09 06:52:13,027 INFO CHECKSUM 11 8 0: 1.616759
2024-07-09 06:52:13,049 INFO recv 11 -> 8 # 0 at 125414445, 0.314669 0.811773
2024-07-09 06:52:13,049 INFO sent 11 -> 8 # 0 at 93402707, 0.314669 0.811773
2024-07-09 06:52:13,068 INFO CHECKSUM 11 9 0: 1.616759
2024-07-09 06:52:13,069 INFO CHECKSUM 11 9 0: 1.616759
2024-07-09 06:52:13,088 INFO recv 11 -> 9 # 0 at 34220068, 0.314669 0.811773
2024-07-09 06:52:13,088 INFO sent 11 -> 9 # 0 at 14201708, 0.314669 0.811773
2024-07-09 06:52:13,141 INFO CHECKSUM 11 10 0: 1.616759
2024-07-09 06:52:13,141 INFO CHECKSUM 11 10 0: 1.616759
2024-07-09 06:52:13,153 INFO sent 11 -> 10 # 0 at 26340550, 0.314669 0.811773
2024-07-09 06:52:13,153 INFO recv 11 -> 10 # 0 at 38684309, 0.314669 0.811773
2024-07-09 06:52:13,413 INFO CHECKSUM 11 12 0: 1.616759
2024-07-09 06:52:13,413 INFO CHECKSUM 11 12 0: 1.616759
2024-07-09 06:52:13,434 INFO sent 11 -> 12 # 0 at 259798423, 0.314669 0.811773
2024-07-09 06:52:13,434 INFO recv 11 -> 12 # 0 at 280591369, 0.314669 0.811773
2024-07-09 06:52:13,679 INFO CHECKSUM 11 13 0: 1.616759
2024-07-09 06:52:13,679 INFO CHECKSUM 11 13 0: 1.616759
2024-07-09 06:52:13,693 INFO sent 11 -> 13 # 0 at 233805797, 0.314669 0.811773
2024-07-09 06:52:13,693 INFO recv 11 -> 13 # 0 at 248061893, 0.314669 0.811773
2024-07-09 06:52:13,888 INFO CHECKSUM 11 14 0: 1.616759
2024-07-09 06:52:13,889 INFO CHECKSUM 11 14 0: 1.616759
2024-07-09 06:52:13,911 INFO recv 11 -> 14 # 0 at 216533034, 0.314669 0.811773
2024-07-09 06:52:13,912 INFO sent 11 -> 14 # 0 at 193013373, 0.314669 0.811773
2024-07-09 06:52:14,156 INFO CHECKSUM 11 15 0: 1.616759
2024-07-09 06:52:14,157 INFO CHECKSUM 11 15 0: 1.616759
2024-07-09 06:52:14,172 INFO Accepting from rank 12
2024-07-09 06:52:14,172 INFO Accepting from rank 12
2024-07-09 06:52:14,172 INFO Accepting from rank 12
2024-07-09 06:52:14,172 INFO Sending from rank 12
2024-07-09 06:52:14,172 INFO Accepting from rank 12
2024-07-09 06:52:14,172 INFO Accepting from rank 12
2024-07-09 06:52:14,172 INFO Accepting from rank 12
2024-07-09 06:52:14,172 INFO Accepting from rank 12
2024-07-09 06:52:14,172 INFO Accepting from rank 12
2024-07-09 06:52:14,172 INFO Accepting from rank 12
2024-07-09 06:52:14,172 INFO Accepting from rank 12
2024-07-09 06:52:14,172 INFO Accepting from rank 12
2024-07-09 06:52:14,172 INFO sent 11 -> 15 # 0 at 241542598, 0.314669 0.811773
2024-07-09 06:52:14,172 INFO Accepting from rank 12
2024-07-09 06:52:14,172 INFO Accepting from rank 12
2024-07-09 06:52:14,172 INFO recv 11 -> 15 # 0 at 257618480, 0.314669 0.811773
2024-07-09 06:52:14,172 INFO Accepting from rank 12
2024-07-09 06:52:14,172 INFO Accepting from rank 12
2024-07-09 06:52:14,289 INFO CHECKSUM 12 0 0: 1.636615
2024-07-09 06:52:14,298 INFO recv 12 -> 0 # 0 at 104004260, 0.019670 0.170755
2024-07-09 06:52:14,289 INFO CHECKSUM 12 0 0: 1.636615
2024-07-09 06:52:14,298 INFO sent 12 -> 0 # 0 at 94854544, 0.019670 0.170755
2024-07-09 06:52:14,343 INFO CHECKSUM 12 1 0: 1.636615
2024-07-09 06:52:14,344 INFO CHECKSUM 12 1 0: 1.636615
2024-07-09 06:52:14,365 INFO sent 12 -> 1 # 0 at 31660032, 0.019670 0.170755
2024-07-09 06:52:14,373 INFO recv 12 -> 1 # 0 at 61122905, 0.019670 0.170755
2024-07-09 06:52:14,419 INFO CHECKSUM 12 2 0: 1.636615
2024-07-09 06:52:14,419 INFO CHECKSUM 12 2 0: 1.636615
2024-07-09 06:52:14,441 INFO recv 12 -> 2 # 0 at 48123752, 0.019670 0.170755
2024-07-09 06:52:14,441 INFO sent 12 -> 2 # 0 at 25442511, 0.019670 0.170755
2024-07-09 06:52:14,550 INFO CHECKSUM 12 3 0: 1.636615
2024-07-09 06:52:14,550 INFO CHECKSUM 12 3 0: 1.636615
2024-07-09 06:52:14,569 INFO recv 12 -> 3 # 0 at 108680062, 0.019670 0.170755
2024-07-09 06:52:14,569 INFO sent 12 -> 3 # 0 at 89202588, 0.019670 0.170755
2024-07-09 06:52:14,603 INFO CHECKSUM 12 4 0: 1.636615
2024-07-09 06:52:14,603 INFO CHECKSUM 12 4 0: 1.636615
2024-07-09 06:52:14,611 INFO recv 12 -> 4 # 0 at 30768384, 0.019670 0.170755
2024-07-09 06:52:14,611 INFO sent 12 -> 4 # 0 at 22588193, 0.019670 0.170755
2024-07-09 06:52:14,647 INFO CHECKSUM 12 5 0: 1.636615
2024-07-09 06:52:14,648 INFO CHECKSUM 12 5 0: 1.636615
2024-07-09 06:52:14,663 INFO sent 12 -> 5 # 0 at 18115803, 0.019670 0.170755
2024-07-09 06:52:14,671 INFO recv 12 -> 5 # 0 at 37978079, 0.019670 0.170755
2024-07-09 06:52:14,773 INFO CHECKSUM 12 6 0: 1.636615
2024-07-09 06:52:14,773 INFO CHECKSUM 12 6 0: 1.636615
2024-07-09 06:52:14,790 INFO sent 12 -> 6 # 0 at 90352345, 0.019670 0.170755
2024-07-09 06:52:14,790 INFO recv 12 -> 6 # 0 at 107618146, 0.019670 0.170755
2024-07-09 06:52:14,809 INFO CHECKSUM 12 7 0: 1.636615
2024-07-09 06:52:14,810 INFO CHECKSUM 12 7 0: 1.636615
2024-07-09 06:52:14,829 INFO sent 12 -> 7 # 0 at 14630273, 0.019670 0.170755
2024-07-09 06:52:14,829 INFO recv 12 -> 7 # 0 at 34418333, 0.019670 0.170755
2024-07-09 06:52:14,858 INFO CHECKSUM 12 8 0: 1.636615
2024-07-09 06:52:14,858 INFO CHECKSUM 12 8 0: 1.636615
2024-07-09 06:52:14,877 INFO recv 12 -> 8 # 0 at 33124847, 0.019670 0.170755
2024-07-09 06:52:14,877 INFO sent 12 -> 8 # 0 at 14462458, 0.019670 0.170755
2024-07-09 06:52:14,900 INFO CHECKSUM 12 9 0: 1.636615
2024-07-09 06:52:14,900 INFO CHECKSUM 12 9 0: 1.636615
2024-07-09 06:52:14,923 INFO recv 12 -> 9 # 0 at 37342780, 0.019670 0.170755
2024-07-09 06:52:14,923 INFO sent 12 -> 9 # 0 at 14270105, 0.019670 0.170755
2024-07-09 06:52:14,954 INFO CHECKSUM 12 10 0: 1.636615
2024-07-09 06:52:14,954 INFO CHECKSUM 12 10 0: 1.636615
2024-07-09 06:52:14,969 INFO recv 12 -> 10 # 0 at 36242828, 0.019670 0.170755
2024-07-09 06:52:14,969 INFO sent 12 -> 10 # 0 at 21625840, 0.019670 0.170755
2024-07-09 06:52:14,997 INFO CHECKSUM 12 11 0: 1.636615
2024-07-09 06:52:14,998 INFO CHECKSUM 12 11 0: 1.636615
2024-07-09 06:52:15,013 INFO sent 12 -> 11 # 0 at 14053647, 0.019670 0.170755
2024-07-09 06:52:15,013 INFO recv 12 -> 11 # 0 at 29722814, 0.019670 0.170755
2024-07-09 06:52:15,140 INFO CHECKSUM 12 13 0: 1.636615
2024-07-09 06:52:15,140 INFO CHECKSUM 12 13 0: 1.636615
2024-07-09 06:52:15,162 INFO sent 12 -> 13 # 0 at 126397349, 0.019670 0.170755
2024-07-09 06:52:15,162 INFO recv 12 -> 13 # 0 at 148267503, 0.019670 0.170755
2024-07-09 06:52:15,353 INFO CHECKSUM 12 14 0: 1.636615
2024-07-09 06:52:15,353 INFO CHECKSUM 12 14 0: 1.636615
2024-07-09 06:52:15,381 INFO sent 12 -> 14 # 0 at 186071172, 0.019670 0.170755
2024-07-09 06:52:15,381 INFO recv 12 -> 14 # 0 at 213621626, 0.019670 0.170755
2024-07-09 06:52:15,576 INFO CHECKSUM 12 15 0: 1.636615
2024-07-09 06:52:15,576 INFO CHECKSUM 12 15 0: 1.636615
2024-07-09 06:52:15,593 INFO Accepting from rank 13
2024-07-09 06:52:15,593 INFO Sending from rank 13
2024-07-09 06:52:15,593 INFO Accepting from rank 13
2024-07-09 06:52:15,593 INFO Accepting from rank 13
2024-07-09 06:52:15,593 INFO Accepting from rank 13
2024-07-09 06:52:15,593 INFO Accepting from rank 13
2024-07-09 06:52:15,593 INFO Accepting from rank 13
2024-07-09 06:52:15,593 INFO sent 12 -> 15 # 0 at 187165131, 0.019670 0.170755
2024-07-09 06:52:15,593 INFO Accepting from rank 13
2024-07-09 06:52:15,593 INFO Accepting from rank 13
2024-07-09 06:52:15,593 INFO Accepting from rank 13
2024-07-09 06:52:15,593 INFO recv 12 -> 15 # 0 at 202657694, 0.019670 0.170755
2024-07-09 06:52:15,593 INFO Accepting from rank 13
2024-07-09 06:52:15,593 INFO Accepting from rank 13
2024-07-09 06:52:15,593 INFO Accepting from rank 13
2024-07-09 06:52:15,593 INFO Accepting from rank 13
2024-07-09 06:52:15,593 INFO Accepting from rank 13
2024-07-09 06:52:15,593 INFO Accepting from rank 13
2024-07-09 06:52:15,659 INFO CHECKSUM 13 0 0: 1.272025
2024-07-09 06:52:15,659 INFO CHECKSUM 13 0 0: 1.272025
2024-07-09 06:52:15,681 INFO recv 13 -> 0 # 0 at 52202872, 0.343017 0.778528
2024-07-09 06:52:15,691 INFO sent 13 -> 0 # 0 at 30047821, 0.343017 0.778528
2024-07-09 06:52:15,714 INFO CHECKSUM 13 1 0: 1.272025
2024-07-09 06:52:15,714 INFO CHECKSUM 13 1 0: 1.272025
2024-07-09 06:52:15,721 INFO recv 13 -> 1 # 0 at 28809508, 0.343017 0.778528
2024-07-09 06:52:15,721 INFO sent 13 -> 1 # 0 at 21574972, 0.343017 0.778528
2024-07-09 06:52:15,741 INFO CHECKSUM 13 2 0: 1.272025
2024-07-09 06:52:15,740 INFO CHECKSUM 13 2 0: 1.272025
2024-07-09 06:52:15,755 INFO recv 13 -> 2 # 0 at 28741197, 0.343017 0.778528
2024-07-09 06:52:15,755 INFO sent 13 -> 2 # 0 at 14385499, 0.343017 0.778528
2024-07-09 06:52:15,788 INFO CHECKSUM 13 3 0: 1.272025
2024-07-09 06:52:15,787 INFO CHECKSUM 13 3 0: 1.272025
2024-07-09 06:52:15,816 INFO recv 13 -> 3 # 0 at 43118141, 0.343017 0.778528
2024-07-09 06:52:15,816 INFO sent 13 -> 3 # 0 at 14638900, 0.343017 0.778528
2024-07-09 06:52:15,859 INFO CHECKSUM 13 4 0: 1.272025
2024-07-09 06:52:15,859 INFO CHECKSUM 13 4 0: 1.272025
2024-07-09 06:52:15,870 INFO recv 13 -> 4 # 0 at 25839324, 0.343017 0.778528
2024-07-09 06:52:15,870 INFO sent 13 -> 4 # 0 at 13890941, 0.343017 0.778528
2024-07-09 06:52:15,896 INFO CHECKSUM 13 5 0: 1.272025
2024-07-09 06:52:15,896 INFO CHECKSUM 13 5 0: 1.272025
2024-07-09 06:52:15,937 INFO sent 13 -> 5 # 0 at 14361562, 0.343017 0.778528
2024-07-09 06:52:15,945 INFO recv 13 -> 5 # 0 at 63985086, 0.343017 0.778528
2024-07-09 06:52:15,960 INFO CHECKSUM 13 6 0: 1.272025
2024-07-09 06:52:15,960 INFO CHECKSUM 13 6 0: 1.272025
2024-07-09 06:52:15,973 INFO recv 13 -> 6 # 0 at 27796835, 0.343017 0.778528
2024-07-09 06:52:15,973 INFO sent 13 -> 6 # 0 at 14098202, 0.343017 0.778528
2024-07-09 06:52:15,991 INFO CHECKSUM 13 7 0: 1.272025
2024-07-09 06:52:15,992 INFO CHECKSUM 13 7 0: 1.272025
2024-07-09 06:52:16,009 INFO sent 13 -> 7 # 0 at 13899909, 0.343017 0.778528
2024-07-09 06:52:16,019 INFO recv 13 -> 7 # 0 at 41790221, 0.343017 0.778528
2024-07-09 06:52:16,058 INFO CHECKSUM 13 8 0: 1.272025
2024-07-09 06:52:16,058 INFO CHECKSUM 13 8 0: 1.272025
2024-07-09 06:52:16,069 INFO recv 13 -> 8 # 0 at 44139079, 0.343017 0.778528
2024-07-09 06:52:16,069 INFO sent 13 -> 8 # 0 at 22405511, 0.343017 0.778528
2024-07-09 06:52:16,087 INFO CHECKSUM 13 9 0: 1.272025
2024-07-09 06:52:16,088 INFO CHECKSUM 13 9 0: 1.272025
2024-07-09 06:52:16,105 INFO recv 13 -> 9 # 0 at 31996600, 0.343017 0.778528
2024-07-09 06:52:16,105 INFO sent 13 -> 9 # 0 at 13923213, 0.343017 0.778528
2024-07-09 06:52:16,131 INFO CHECKSUM 13 10 0: 1.272025
2024-07-09 06:52:16,131 INFO CHECKSUM 13 10 0: 1.272025
2024-07-09 06:52:16,139 INFO recv 13 -> 10 # 0 at 22246007, 0.343017 0.778528
2024-07-09 06:52:16,139 INFO sent 13 -> 10 # 0 at 13916190, 0.343017 0.778528
2024-07-09 06:52:16,171 INFO CHECKSUM 13 11 0: 1.272025
2024-07-09 06:52:16,180 INFO CHECKSUM 13 11 0: 1.272025
2024-07-09 06:52:16,187 INFO recv 13 -> 11 # 0 at 30316264, 0.343017 0.778528
2024-07-09 06:52:16,187 INFO sent 13 -> 11 # 0 at 20161364, 0.343017 0.778528
2024-07-09 06:52:16,205 INFO CHECKSUM 13 12 0: 1.272025
2024-07-09 06:52:16,205 INFO CHECKSUM 13 12 0: 1.272025
2024-07-09 06:52:16,220 INFO sent 13 -> 12 # 0 at 14270236, 0.343017 0.778528
2024-07-09 06:52:16,220 INFO recv 13 -> 12 # 0 at 29480131, 0.343017 0.778528
2024-07-09 06:52:16,354 INFO CHECKSUM 13 14 0: 1.272025
2024-07-09 06:52:16,354 INFO CHECKSUM 13 14 0: 1.272025
2024-07-09 06:52:16,366 INFO sent 13 -> 14 # 0 at 124299818, 0.343017 0.778528
2024-07-09 06:52:16,366 INFO recv 13 -> 14 # 0 at 136635486, 0.343017 0.778528
2024-07-09 06:52:16,584 INFO CHECKSUM 13 15 0: 1.272025
2024-07-09 06:52:16,585 INFO CHECKSUM 13 15 0: 1.272025
2024-07-09 06:52:16,613 INFO Accepting from rank 14
2024-07-09 06:52:16,613 INFO Accepting from rank 14
2024-07-09 06:52:16,613 INFO Accepting from rank 14
2024-07-09 06:52:16,613 INFO Accepting from rank 14
2024-07-09 06:52:16,613 INFO Accepting from rank 14
2024-07-09 06:52:16,613 INFO Sending from rank 14
2024-07-09 06:52:16,613 INFO Accepting from rank 14
2024-07-09 06:52:16,613 INFO sent 13 -> 15 # 0 at 207519860, 0.343017 0.778528
2024-07-09 06:52:16,613 INFO Accepting from rank 14
2024-07-09 06:52:16,613 INFO recv 13 -> 15 # 0 at 236276379, 0.343017 0.778528
2024-07-09 06:52:16,613 INFO Accepting from rank 14
2024-07-09 06:52:16,613 INFO Accepting from rank 14
2024-07-09 06:52:16,623 INFO Accepting from rank 14
2024-07-09 06:52:16,623 INFO Accepting from rank 14
2024-07-09 06:52:16,624 INFO Accepting from rank 14
2024-07-09 06:52:16,624 INFO Accepting from rank 14
2024-07-09 06:52:16,632 INFO Accepting from rank 14
2024-07-09 06:52:16,632 INFO Accepting from rank 14
2024-07-09 06:52:16,722 INFO CHECKSUM 14 0 0: 1.328578
2024-07-09 06:52:16,723 INFO CHECKSUM 14 0 0: 1.328578
2024-07-09 06:52:16,734 INFO recv 14 -> 0 # 0 at 89602936, 0.534576 0.033612
2024-07-09 06:52:16,741 INFO sent 14 -> 0 # 0 at 76464029, 0.534576 0.033612
2024-07-09 06:52:16,798 INFO CHECKSUM 14 1 0: 1.328578
2024-07-09 06:52:16,799 INFO CHECKSUM 14 1 0: 1.328578
2024-07-09 06:52:16,809 INFO recv 14 -> 1 # 0 at 40684470, 0.534576 0.033612
2024-07-09 06:52:16,809 INFO sent 14 -> 1 # 0 at 29790191, 0.534576 0.033612
2024-07-09 06:52:16,842 INFO CHECKSUM 14 2 0: 1.328578
2024-07-09 06:52:16,842 INFO CHECKSUM 14 2 0: 1.328578
2024-07-09 06:52:16,858 INFO recv 14 -> 2 # 0 at 37773836, 0.534576 0.033612
2024-07-09 06:52:16,858 INFO sent 14 -> 2 # 0 at 21772915, 0.534576 0.033612
2024-07-09 06:52:16,887 INFO CHECKSUM 14 3 0: 1.328578
2024-07-09 06:52:16,887 INFO CHECKSUM 14 3 0: 1.328578
2024-07-09 06:52:16,909 INFO recv 14 -> 3 # 0 at 35312702, 0.534576 0.033612
2024-07-09 06:52:16,911 INFO sent 14 -> 3 # 0 at 13592063, 0.534576 0.033612
2024-07-09 06:52:17,016 INFO CHECKSUM 14 4 0: 1.328578
2024-07-09 06:52:17,017 INFO CHECKSUM 14 4 0: 1.328578
2024-07-09 06:52:17,028 INFO recv 14 -> 4 # 0 at 91476392, 0.534576 0.033612
2024-07-09 06:52:17,028 INFO sent 14 -> 4 # 0 at 79787266, 0.534576 0.033612
2024-07-09 06:52:17,051 INFO CHECKSUM 14 5 0: 1.328578
2024-07-09 06:52:17,052 INFO CHECKSUM 14 5 0: 1.328578
2024-07-09 06:52:17,071 INFO recv 14 -> 5 # 0 at 33824566, 0.534576 0.033612
2024-07-09 06:52:17,071 INFO sent 14 -> 5 # 0 at 14154180, 0.534576 0.033612
2024-07-09 06:52:17,152 INFO CHECKSUM 14 6 0: 1.328578
2024-07-09 06:52:17,161 INFO CHECKSUM 14 6 0: 1.328578
2024-07-09 06:52:17,195 INFO sent 14 -> 6 # 0 at 74763306, 0.534576 0.033612
2024-07-09 06:52:17,195 INFO recv 14 -> 6 # 0 at 121013096, 0.534576 0.033612
2024-07-09 06:52:17,225 INFO CHECKSUM 14 7 0: 1.328578
2024-07-09 06:52:17,225 INFO CHECKSUM 14 7 0: 1.328578
2024-07-09 06:52:17,235 INFO recv 14 -> 7 # 0 at 24892947, 0.534576 0.033612
2024-07-09 06:52:17,235 INFO sent 14 -> 7 # 0 at 14598411, 0.534576 0.033612
2024-07-09 06:52:17,262 INFO CHECKSUM 14 8 0: 1.328578
2024-07-09 06:52:17,270 INFO CHECKSUM 14 8 0: 1.328578
2024-07-09 06:52:17,289 INFO recv 14 -> 8 # 0 at 42131709, 0.534576 0.033612
2024-07-09 06:52:17,289 INFO sent 14 -> 8 # 0 at 14767879, 0.534576 0.033612
2024-07-09 06:52:17,309 INFO CHECKSUM 14 9 0: 1.328578
2024-07-09 06:52:17,309 INFO CHECKSUM 14 9 0: 1.328578
2024-07-09 06:52:17,333 INFO recv 14 -> 9 # 0 at 37980145, 0.534576 0.033612
2024-07-09 06:52:17,333 INFO sent 14 -> 9 # 0 at 14015191, 0.534576 0.033612
2024-07-09 06:52:17,374 INFO CHECKSUM 14 10 0: 1.328578
2024-07-09 06:52:17,373 INFO CHECKSUM 14 10 0: 1.328578
2024-07-09 06:52:17,399 INFO recv 14 -> 10 # 0 at 40831570, 0.534576 0.033612
2024-07-09 06:52:17,399 INFO sent 14 -> 10 # 0 at 13880681, 0.534576 0.033612
2024-07-09 06:52:17,427 INFO CHECKSUM 14 11 0: 1.328578
2024-07-09 06:52:17,428 INFO CHECKSUM 14 11 0: 1.328578
2024-07-09 06:52:17,445 INFO recv 14 -> 11 # 0 at 31322263, 0.534576 0.033612
2024-07-09 06:52:17,445 INFO sent 14 -> 11 # 0 at 14003188, 0.534576 0.033612
2024-07-09 06:52:17,463 INFO CHECKSUM 14 12 0: 1.328578
2024-07-09 06:52:17,464 INFO CHECKSUM 14 12 0: 1.328578
2024-07-09 06:52:17,478 INFO recv 14 -> 12 # 0 at 32468739, 0.534576 0.033612
2024-07-09 06:52:17,478 INFO sent 14 -> 12 # 0 at 18020749, 0.534576 0.033612
2024-07-09 06:52:17,496 INFO CHECKSUM 14 13 0: 1.328578
2024-07-09 06:52:17,497 INFO CHECKSUM 14 13 0: 1.328578
2024-07-09 06:52:17,509 INFO sent 14 -> 13 # 0 at 13674041, 0.534576 0.033612
2024-07-09 06:52:17,509 INFO recv 14 -> 13 # 0 at 26874766, 0.534576 0.033612
2024-07-09 06:52:17,733 INFO CHECKSUM 14 15 0: 1.328578
2024-07-09 06:52:17,733 INFO CHECKSUM 14 15 0: 1.328578
2024-07-09 06:52:17,753 INFO Accepting from rank 15
2024-07-09 06:52:17,753 INFO Accepting from rank 15
2024-07-09 06:52:17,753 INFO Accepting from rank 15
2024-07-09 06:52:17,753 INFO Accepting from rank 15
2024-07-09 06:52:17,754 INFO Accepting from rank 15
2024-07-09 06:52:17,754 INFO Accepting from rank 15
2024-07-09 06:52:17,754 INFO Accepting from rank 15
2024-07-09 06:52:17,754 INFO Accepting from rank 15
2024-07-09 06:52:17,754 INFO Accepting from rank 15
2024-07-09 06:52:17,754 INFO recv 14 -> 15 # 0 at 239515723, 0.534576 0.033612
2024-07-09 06:52:17,754 INFO Accepting from rank 15
2024-07-09 06:52:17,754 INFO Accepting from rank 15
2024-07-09 06:52:17,754 INFO Accepting from rank 15
2024-07-09 06:52:17,754 INFO sent 14 -> 15 # 0 at 217895884, 0.534576 0.033612
2024-07-09 06:52:17,754 INFO Accepting from rank 15
2024-07-09 06:52:17,754 INFO Accepting from rank 15
2024-07-09 06:52:17,754 INFO Accepting from rank 15
2024-07-09 06:52:17,754 INFO Sending from rank 15
2024-07-09 06:52:17,802 INFO CHECKSUM 15 0 0: 1.001195
2024-07-09 06:52:17,802 INFO CHECKSUM 15 0 0: 1.001195
2024-07-09 06:52:17,814 INFO recv 15 -> 0 # 0 at 26589830, 0.860175 0.672004
2024-07-09 06:52:17,814 INFO sent 15 -> 0 # 0 at 14147097, 0.860175 0.672004
2024-07-09 06:52:17,843 INFO CHECKSUM 15 1 0: 1.001195
2024-07-09 06:52:17,844 INFO CHECKSUM 15 1 0: 1.001195
2024-07-09 06:52:17,854 INFO sent 15 -> 1 # 0 at 14544557, 0.860175 0.672004
2024-07-09 06:52:17,860 INFO recv 15 -> 1 # 0 at 31173464, 0.860175 0.672004
2024-07-09 06:52:17,900 INFO CHECKSUM 15 2 0: 1.001195
2024-07-09 06:52:17,900 INFO CHECKSUM 15 2 0: 1.001195
2024-07-09 06:52:17,916 INFO recv 15 -> 2 # 0 at 35107375, 0.860175 0.672004
2024-07-09 06:52:17,916 INFO sent 15 -> 2 # 0 at 13587093, 0.860175 0.672004
2024-07-09 06:52:17,934 INFO CHECKSUM 15 3 0: 1.001195
2024-07-09 06:52:17,935 INFO CHECKSUM 15 3 0: 1.001195
2024-07-09 06:52:17,957 INFO sent 15 -> 3 # 0 at 14395959, 0.860175 0.672004
2024-07-09 06:52:17,961 INFO recv 15 -> 3 # 0 at 40737512, 0.860175 0.672004
2024-07-09 06:52:18,000 INFO CHECKSUM 15 4 0: 1.001195
2024-07-09 06:52:18,001 INFO CHECKSUM 15 4 0: 1.001195
2024-07-09 06:52:18,015 INFO recv 15 -> 4 # 0 at 37067380, 0.860175 0.672004
2024-07-09 06:52:18,015 INFO sent 15 -> 4 # 0 at 22171306, 0.860175 0.672004
2024-07-09 06:52:18,039 INFO CHECKSUM 15 5 0: 1.001195
2024-07-09 06:52:18,040 INFO CHECKSUM 15 5 0: 1.001195
2024-07-09 06:52:18,073 INFO sent 15 -> 5 # 0 at 13974914, 0.860175 0.672004
2024-07-09 06:52:18,079 INFO recv 15 -> 5 # 0 at 53800056, 0.860175 0.672004
2024-07-09 06:52:18,128 INFO CHECKSUM 15 6 0: 1.001195
2024-07-09 06:52:18,128 INFO CHECKSUM 15 6 0: 1.001195
2024-07-09 06:52:18,138 INFO sent 15 -> 6 # 0 at 33087897, 0.860175 0.672004
2024-07-09 06:52:18,138 INFO recv 15 -> 6 # 0 at 43812316, 0.860175 0.672004
2024-07-09 06:52:18,160 INFO CHECKSUM 15 7 0: 1.001195
2024-07-09 06:52:18,161 INFO CHECKSUM 15 7 0: 1.001195
2024-07-09 06:52:18,181 INFO recv 15 -> 7 # 0 at 34512395, 0.860175 0.672004
2024-07-09 06:52:18,181 INFO sent 15 -> 7 # 0 at 13986586, 0.860175 0.672004
2024-07-09 06:52:18,201 INFO CHECKSUM 15 8 0: 1.001195
2024-07-09 06:52:18,202 INFO CHECKSUM 15 8 0: 1.001195
2024-07-09 06:52:18,227 INFO recv 15 -> 8 # 0 at 40264691, 0.860175 0.672004
2024-07-09 06:52:18,227 INFO sent 15 -> 8 # 0 at 13860793, 0.860175 0.672004
2024-07-09 06:52:18,285 INFO CHECKSUM 15 9 0: 1.001195
2024-07-09 06:52:18,285 INFO CHECKSUM 15 9 0: 1.001195
2024-07-09 06:52:18,298 INFO recv 15 -> 9 # 0 at 58733959, 0.860175 0.672004
2024-07-09 06:52:18,298 INFO sent 15 -> 9 # 0 at 37310074, 0.860175 0.672004
2024-07-09 06:52:18,335 INFO CHECKSUM 15 10 0: 1.001195
2024-07-09 06:52:18,335 INFO CHECKSUM 15 10 0: 1.001195
2024-07-09 06:52:18,349 INFO recv 15 -> 10 # 0 at 36211016, 0.860175 0.672004
2024-07-09 06:52:18,349 INFO sent 15 -> 10 # 0 at 22304335, 0.860175 0.672004
2024-07-09 06:52:18,374 INFO CHECKSUM 15 11 0: 1.001195
2024-07-09 06:52:18,379 INFO CHECKSUM 15 11 0: 1.001195
2024-07-09 06:52:18,405 INFO recv 15 -> 11 # 0 at 44684396, 0.860175 0.672004
2024-07-09 06:52:18,405 INFO sent 15 -> 11 # 0 at 13730982, 0.860175 0.672004
2024-07-09 06:52:18,433 INFO CHECKSUM 15 12 0: 1.001195
2024-07-09 06:52:18,434 INFO CHECKSUM 15 12 0: 1.001195
2024-07-09 06:52:18,441 INFO sent 15 -> 12 # 0 at 13771720, 0.860175 0.672004
2024-07-09 06:52:18,441 INFO recv 15 -> 12 # 0 at 22428865, 0.860175 0.672004
2024-07-09 06:52:18,471 INFO CHECKSUM 15 13 0: 1.001195
2024-07-09 06:52:18,471 INFO CHECKSUM 15 13 0: 1.001195
2024-07-09 06:52:18,483 INFO recv 15 -> 13 # 0 at 26279843, 0.860175 0.672004
2024-07-09 06:52:18,483 INFO sent 15 -> 13 # 0 at 14030501, 0.860175 0.672004
2024-07-09 06:52:18,585 INFO CHECKSUM 15 14 0: 1.001195
2024-07-09 06:52:18,585 INFO CHECKSUM 15 14 0: 1.001195
2024-07-09 06:52:18,603 INFO Rank 0 done
2024-07-09 06:52:18,603 INFO Rank 8 done
2024-07-09 06:52:18,603 INFO Rank 2 done
2024-07-09 06:52:18,603 INFO Rank 12 done
2024-07-09 06:52:18,603 INFO Rank 9 done
2024-07-09 06:52:18,603 INFO Rank 1 done
2024-07-09 06:52:18,603 INFO Rank 4 done
2024-07-09 06:52:18,603 INFO Rank 10 done
2024-07-09 06:52:18,603 INFO Rank 3 done
2024-07-09 06:52:18,603 INFO Rank 5 done
2024-07-09 06:52:18,603 INFO recv 15 -> 14 # 0 at 107534710, 0.860175 0.672004
2024-07-09 06:52:18,603 INFO Rank 11 done
2024-07-09 06:52:18,603 INFO Rank 6 done
2024-07-09 06:52:18,603 INFO Rank 14 done
2024-07-09 06:52:18,603 INFO Rank 7 done
2024-07-09 06:52:18,603 INFO Rank 13 done
2024-07-09 06:52:18,603 INFO sent 15 -> 14 # 0 at 89420390, 0.860175 0.672004
2024-07-09 06:52:18,603 INFO Rank 15 done
