srun: Job 27856636 step creation temporarily disabled, retrying (Requested nodes are busy)
srun: Step created for StepId=27856636.3
2024-07-09 06:55:19,157 INFO Initialized rank 0 out of 16
2024-07-09 06:55:19,164 INFO Initialized rank 2 out of 16
2024-07-09 06:55:19,164 INFO Initialized rank 1 out of 16
2024-07-09 06:55:19,165 INFO Initialized rank 8 out of 16
2024-07-09 06:55:19,165 INFO Initialized rank 9 out of 16
2024-07-09 06:55:19,165 INFO Initialized rank 12 out of 16
2024-07-09 06:55:19,165 INFO Initialized rank 5 out of 16
2024-07-09 06:55:19,165 INFO Initialized rank 10 out of 16
2024-07-09 06:55:19,165 INFO Initialized rank 6 out of 16
2024-07-09 06:55:19,165 INFO Initialized rank 11 out of 16
2024-07-09 06:55:19,165 INFO Initialized rank 3 out of 16
2024-07-09 06:55:19,165 INFO Initialized rank 15 out of 16
2024-07-09 06:55:19,165 INFO Initialized rank 4 out of 16
2024-07-09 06:55:19,165 INFO Initialized rank 13 out of 16
2024-07-09 06:55:19,165 INFO Initialized rank 7 out of 16
2024-07-09 06:55:19,165 INFO Initialized rank 14 out of 16
2024-07-09 06:55:21,867 INFO Sync time
2024-07-09 06:55:21,867 INFO Sync time
2024-07-09 06:55:21,867 INFO Sync time
2024-07-09 06:55:21,867 INFO Sync time
2024-07-09 06:55:21,867 INFO Sync time
2024-07-09 06:55:21,867 INFO Sync time
2024-07-09 06:55:21,867 INFO Sync time
2024-07-09 06:55:21,867 INFO Sync time
2024-07-09 06:55:21,867 INFO Sync time
2024-07-09 06:55:21,867 INFO Sync time
2024-07-09 06:55:21,867 INFO Sync time
2024-07-09 06:55:21,867 INFO Sending from rank 0
2024-07-09 06:55:21,867 INFO Sync time
2024-07-09 06:55:21,867 INFO Sync time
2024-07-09 06:55:21,867 INFO Sync time
2024-07-09 06:55:21,867 INFO Accepting from rank 0
2024-07-09 06:55:21,867 INFO Sync time
2024-07-09 06:55:21,867 INFO Sync time
2024-07-09 06:55:21,867 INFO Accepting from rank 0
2024-07-09 06:55:21,867 INFO Accepting from rank 0
2024-07-09 06:55:21,867 INFO Accepting from rank 0
2024-07-09 06:55:21,867 INFO Accepting from rank 0
2024-07-09 06:55:21,867 INFO Accepting from rank 0
2024-07-09 06:55:21,867 INFO Accepting from rank 0
2024-07-09 06:55:21,867 INFO Accepting from rank 0
2024-07-09 06:55:21,867 INFO Accepting from rank 0
2024-07-09 06:55:21,867 INFO Accepting from rank 0
2024-07-09 06:55:21,868 INFO Accepting from rank 0
2024-07-09 06:55:21,867 INFO Accepting from rank 0
2024-07-09 06:55:21,867 INFO Accepting from rank 0
2024-07-09 06:55:21,868 INFO Accepting from rank 0
2024-07-09 06:55:21,867 INFO Accepting from rank 0
2024-07-09 06:55:22,111 INFO CHECKSUM 0 1 0: 1.945531
2024-07-09 06:55:22,113 INFO CHECKSUM 0 1 0: 1.945531
2024-07-09 06:55:22,123 INFO sent 0 -> 1 # 0 at 221726872, 0.570636 0.879861
2024-07-09 06:55:22,123 INFO recv 0 -> 1 # 0 at 233250572, 0.570636 0.879861
2024-07-09 06:55:22,357 INFO CHECKSUM 0 2 0: 1.945531
2024-07-09 06:55:22,358 INFO CHECKSUM 0 2 0: 1.945531
2024-07-09 06:55:22,373 INFO sent 0 -> 2 # 0 at 223838322, 0.570636 0.879861
2024-07-09 06:55:22,373 INFO recv 0 -> 2 # 0 at 240223308, 0.570636 0.879861
2024-07-09 06:55:22,634 INFO CHECKSUM 0 3 0: 1.945531
2024-07-09 06:55:22,635 INFO CHECKSUM 0 3 0: 1.945531
2024-07-09 06:55:22,654 INFO sent 0 -> 3 # 0 at 249765550, 0.570636 0.879861
2024-07-09 06:55:22,665 INFO recv 0 -> 3 # 0 at 281471775, 0.570636 0.879861
2024-07-09 06:55:22,885 INFO CHECKSUM 0 4 0: 1.945531
2024-07-09 06:55:22,895 INFO CHECKSUM 0 4 0: 1.945531
2024-07-09 06:55:22,906 INFO sent 0 -> 4 # 0 at 204718952, 0.570636 0.879861
2024-07-09 06:55:22,907 INFO recv 0 -> 4 # 0 at 226540510, 0.570636 0.879861
2024-07-09 06:55:23,126 INFO CHECKSUM 0 5 0: 1.945531
2024-07-09 06:55:23,128 INFO CHECKSUM 0 5 0: 1.945531
2024-07-09 06:55:23,145 INFO sent 0 -> 5 # 0 at 209139565, 0.570636 0.879861
2024-07-09 06:55:23,145 INFO recv 0 -> 5 # 0 at 228022742, 0.570636 0.879861
2024-07-09 06:55:23,384 INFO CHECKSUM 0 6 0: 1.945531
2024-07-09 06:55:23,386 INFO CHECKSUM 0 6 0: 1.945531
2024-07-09 06:55:23,397 INFO sent 0 -> 6 # 0 at 237106374, 0.570636 0.879861
2024-07-09 06:55:23,399 INFO recv 0 -> 6 # 0 at 251916158, 0.570636 0.879861
2024-07-09 06:55:23,597 INFO CHECKSUM 0 7 0: 1.945531
2024-07-09 06:55:23,601 INFO CHECKSUM 0 7 0: 1.945531
2024-07-09 06:55:23,612 INFO sent 0 -> 7 # 0 at 194685952, 0.570636 0.879861
2024-07-09 06:55:23,612 INFO recv 0 -> 7 # 0 at 209476153, 0.570636 0.879861
2024-07-09 06:55:23,807 INFO CHECKSUM 0 8 0: 1.945531
2024-07-09 06:55:23,808 INFO CHECKSUM 0 8 0: 1.945531
2024-07-09 06:55:23,817 INFO sent 0 -> 8 # 0 at 194426931, 0.570636 0.879861
2024-07-09 06:55:23,822 INFO recv 0 -> 8 # 0 at 208852394, 0.570636 0.879861
2024-07-09 06:55:24,062 INFO CHECKSUM 0 9 0: 1.945531
2024-07-09 06:55:24,063 INFO CHECKSUM 0 9 0: 1.945531
2024-07-09 06:55:24,080 INFO sent 0 -> 9 # 0 at 216537642, 0.570636 0.879861
2024-07-09 06:55:24,087 INFO recv 0 -> 9 # 0 at 242145573, 0.570636 0.879861
2024-07-09 06:55:24,300 INFO CHECKSUM 0 10 0: 1.945531
2024-07-09 06:55:24,303 INFO CHECKSUM 0 10 0: 1.945531
2024-07-09 06:55:24,312 INFO sent 0 -> 10 # 0 at 209820160, 0.570636 0.879861
2024-07-09 06:55:24,327 INFO recv 0 -> 10 # 0 at 237212605, 0.570636 0.879861
2024-07-09 06:55:24,537 INFO CHECKSUM 0 11 0: 1.945531
2024-07-09 06:55:24,539 INFO CHECKSUM 0 11 0: 1.945531
2024-07-09 06:55:24,568 INFO sent 0 -> 11 # 0 at 201413493, 0.570636 0.879861
2024-07-09 06:55:24,574 INFO recv 0 -> 11 # 0 at 238255195, 0.570636 0.879861
2024-07-09 06:55:24,821 INFO CHECKSUM 0 12 0: 1.945531
2024-07-09 06:55:24,823 INFO CHECKSUM 0 12 0: 1.945531
2024-07-09 06:55:24,837 INFO sent 0 -> 12 # 0 at 236311197, 0.570636 0.879861
2024-07-09 06:55:24,837 INFO recv 0 -> 12 # 0 at 251903793, 0.570636 0.879861
2024-07-09 06:55:25,058 INFO CHECKSUM 0 13 0: 1.945531
2024-07-09 06:55:25,063 INFO CHECKSUM 0 13 0: 1.945531
2024-07-09 06:55:25,072 INFO sent 0 -> 13 # 0 at 215124090, 0.570636 0.879861
2024-07-09 06:55:25,073 INFO recv 0 -> 13 # 0 at 229949418, 0.570636 0.879861
2024-07-09 06:55:25,294 INFO CHECKSUM 0 14 0: 1.945531
2024-07-09 06:55:25,295 INFO CHECKSUM 0 14 0: 1.945531
2024-07-09 06:55:25,306 INFO sent 0 -> 14 # 0 at 209250870, 0.570636 0.879861
2024-07-09 06:55:25,306 INFO recv 0 -> 14 # 0 at 221864992, 0.570636 0.879861
2024-07-09 06:55:25,562 INFO CHECKSUM 0 15 0: 1.945531
2024-07-09 06:55:25,563 INFO CHECKSUM 0 15 0: 1.945531
2024-07-09 06:55:25,577 INFO Accepting from rank 1
2024-07-09 06:55:25,577 INFO sent 0 -> 15 # 0 at 244422504, 0.570636 0.879861
2024-07-09 06:55:25,577 INFO Accepting from rank 1
2024-07-09 06:55:25,577 INFO Accepting from rank 1
2024-07-09 06:55:25,577 INFO Accepting from rank 1
2024-07-09 06:55:25,577 INFO Accepting from rank 1
2024-07-09 06:55:25,577 INFO Accepting from rank 1
2024-07-09 06:55:25,577 INFO Accepting from rank 1
2024-07-09 06:55:25,577 INFO Accepting from rank 1
2024-07-09 06:55:25,577 INFO Accepting from rank 1
2024-07-09 06:55:25,577 INFO recv 0 -> 15 # 0 at 260057873, 0.570636 0.879861
2024-07-09 06:55:25,577 INFO Accepting from rank 1
2024-07-09 06:55:25,583 INFO Sending from rank 1
2024-07-09 06:55:25,583 INFO Accepting from rank 1
2024-07-09 06:55:25,583 INFO Accepting from rank 1
2024-07-09 06:55:25,583 INFO Accepting from rank 1
2024-07-09 06:55:25,583 INFO Accepting from rank 1
2024-07-09 06:55:25,583 INFO Accepting from rank 1
2024-07-09 06:55:25,625 INFO CHECKSUM 1 0 0: 1.615096
2024-07-09 06:55:25,625 INFO CHECKSUM 1 0 0: 1.615096
2024-07-09 06:55:25,637 INFO recv 1 -> 0 # 0 at 26095633, 0.989954 0.809738
2024-07-09 06:55:25,637 INFO sent 1 -> 0 # 0 at 14189312, 0.989954 0.809738
2024-07-09 06:55:25,845 INFO CHECKSUM 1 2 0: 1.615096
2024-07-09 06:55:25,856 INFO sent 1 -> 2 # 0 at 204105716, 0.989954 0.809738
2024-07-09 06:55:25,846 INFO CHECKSUM 1 2 0: 1.615096
2024-07-09 06:55:25,856 INFO recv 1 -> 2 # 0 at 214685224, 0.989954 0.809738
2024-07-09 06:55:26,051 INFO CHECKSUM 1 3 0: 1.615096
2024-07-09 06:55:26,051 INFO CHECKSUM 1 3 0: 1.615096
2024-07-09 06:55:26,073 INFO sent 1 -> 3 # 0 at 189857190, 0.989954 0.809738
2024-07-09 06:55:26,073 INFO recv 1 -> 3 # 0 at 211333485, 0.989954 0.809738
2024-07-09 06:55:26,277 INFO CHECKSUM 1 4 0: 1.615096
2024-07-09 06:55:26,278 INFO CHECKSUM 1 4 0: 1.615096
2024-07-09 06:55:26,294 INFO sent 1 -> 4 # 0 at 192629508, 0.989954 0.809738
2024-07-09 06:55:26,294 INFO recv 1 -> 4 # 0 at 213282925, 0.989954 0.809738
2024-07-09 06:55:26,477 INFO CHECKSUM 1 5 0: 1.615096
2024-07-09 06:55:26,477 INFO CHECKSUM 1 5 0: 1.615096
2024-07-09 06:55:26,495 INFO sent 1 -> 5 # 0 at 168587213, 0.989954 0.809738
2024-07-09 06:55:26,503 INFO recv 1 -> 5 # 0 at 196003854, 0.989954 0.809738
2024-07-09 06:55:26,682 INFO CHECKSUM 1 6 0: 1.615096
2024-07-09 06:55:26,683 INFO CHECKSUM 1 6 0: 1.615096
2024-07-09 06:55:26,697 INFO sent 1 -> 6 # 0 at 175443955, 0.989954 0.809738
2024-07-09 06:55:26,697 INFO recv 1 -> 6 # 0 at 189993656, 0.989954 0.809738
2024-07-09 06:55:26,825 INFO CHECKSUM 1 7 0: 1.615096
2024-07-09 06:55:26,842 INFO sent 1 -> 7 # 0 at 112221731, 0.989954 0.809738
2024-07-09 06:55:26,825 INFO CHECKSUM 1 7 0: 1.615096
2024-07-09 06:55:26,843 INFO recv 1 -> 7 # 0 at 129883886, 0.989954 0.809738
2024-07-09 06:55:27,014 INFO CHECKSUM 1 8 0: 1.615096
2024-07-09 06:55:27,015 INFO CHECKSUM 1 8 0: 1.615096
2024-07-09 06:55:27,034 INFO recv 1 -> 8 # 0 at 179103082, 0.989954 0.809738
2024-07-09 06:55:27,041 INFO sent 1 -> 8 # 0 at 158761264, 0.989954 0.809738
2024-07-09 06:55:27,222 INFO CHECKSUM 1 9 0: 1.615096
2024-07-09 06:55:27,222 INFO CHECKSUM 1 9 0: 1.615096
2024-07-09 06:55:27,241 INFO sent 1 -> 9 # 0 at 173290983, 0.989954 0.809738
2024-07-09 06:55:27,241 INFO recv 1 -> 9 # 0 at 192684998, 0.989954 0.809738
2024-07-09 06:55:27,363 INFO CHECKSUM 1 10 0: 1.615096
2024-07-09 06:55:27,364 INFO CHECKSUM 1 10 0: 1.615096
2024-07-09 06:55:27,375 INFO recv 1 -> 10 # 0 at 127601352, 0.989954 0.809738
2024-07-09 06:55:27,375 INFO sent 1 -> 10 # 0 at 121491946, 0.989954 0.809738
2024-07-09 06:55:27,549 INFO CHECKSUM 1 11 0: 1.615096
2024-07-09 06:55:27,550 INFO CHECKSUM 1 11 0: 1.615096
2024-07-09 06:55:27,565 INFO recv 1 -> 11 # 0 at 179144892, 0.989954 0.809738
2024-07-09 06:55:27,565 INFO sent 1 -> 11 # 0 at 163242925, 0.989954 0.809738
2024-07-09 06:55:27,773 INFO CHECKSUM 1 12 0: 1.615096
2024-07-09 06:55:27,774 INFO CHECKSUM 1 12 0: 1.615096
2024-07-09 06:55:27,783 INFO sent 1 -> 12 # 0 at 195986185, 0.989954 0.809738
2024-07-09 06:55:27,783 INFO recv 1 -> 12 # 0 at 206628917, 0.989954 0.809738
2024-07-09 06:55:27,951 INFO CHECKSUM 1 13 0: 1.615096
2024-07-09 06:55:27,952 INFO CHECKSUM 1 13 0: 1.615096
2024-07-09 06:55:27,968 INFO sent 1 -> 13 # 0 at 164046107, 0.989954 0.809738
2024-07-09 06:55:27,968 INFO recv 1 -> 13 # 0 at 181047319, 0.989954 0.809738
2024-07-09 06:55:28,138 INFO CHECKSUM 1 14 0: 1.615096
2024-07-09 06:55:28,138 INFO CHECKSUM 1 14 0: 1.615096
2024-07-09 06:55:28,154 INFO sent 1 -> 14 # 0 at 160739466, 0.989954 0.809738
2024-07-09 06:55:28,154 INFO recv 1 -> 14 # 0 at 176911991, 0.989954 0.809738
2024-07-09 06:55:28,327 INFO CHECKSUM 1 15 0: 1.615096
2024-07-09 06:55:28,327 INFO CHECKSUM 1 15 0: 1.615096
2024-07-09 06:55:28,356 INFO Accepting from rank 2
2024-07-09 06:55:28,365 INFO sent 1 -> 15 # 0 at 169567928, 0.989954 0.809738
2024-07-09 06:55:28,365 INFO Sending from rank 2
2024-07-09 06:55:28,365 INFO Accepting from rank 2
2024-07-09 06:55:28,365 INFO Accepting from rank 2
2024-07-09 06:55:28,365 INFO Accepting from rank 2
2024-07-09 06:55:28,365 INFO Accepting from rank 2
2024-07-09 06:55:28,365 INFO Accepting from rank 2
2024-07-09 06:55:28,365 INFO Accepting from rank 2
2024-07-09 06:55:28,365 INFO Accepting from rank 2
2024-07-09 06:55:28,365 INFO Accepting from rank 2
2024-07-09 06:55:28,365 INFO Accepting from rank 2
2024-07-09 06:55:28,365 INFO Accepting from rank 2
2024-07-09 06:55:28,365 INFO recv 1 -> 15 # 0 at 207434668, 0.989954 0.809738
2024-07-09 06:55:28,365 INFO Accepting from rank 2
2024-07-09 06:55:28,365 INFO Accepting from rank 2
2024-07-09 06:55:28,367 INFO Accepting from rank 2
2024-07-09 06:55:28,367 INFO Accepting from rank 2
2024-07-09 06:55:28,478 INFO CHECKSUM 2 0 0: 1.546900
2024-07-09 06:55:28,479 INFO CHECKSUM 2 0 0: 1.546900
2024-07-09 06:55:28,489 INFO recv 2 -> 0 # 0 at 101877890, 0.186705 0.768556
2024-07-09 06:55:28,503 INFO sent 2 -> 0 # 0 at 90544567, 0.186705 0.768556
2024-07-09 06:55:28,586 INFO CHECKSUM 2 1 0: 1.546900
2024-07-09 06:55:28,587 INFO CHECKSUM 2 1 0: 1.546900
2024-07-09 06:55:28,597 INFO sent 2 -> 1 # 0 at 80653381, 0.186705 0.768556
2024-07-09 06:55:28,597 INFO recv 2 -> 1 # 0 at 91165056, 0.186705 0.768556
2024-07-09 06:55:28,801 INFO CHECKSUM 2 3 0: 1.546900
2024-07-09 06:55:28,802 INFO CHECKSUM 2 3 0: 1.546900
2024-07-09 06:55:28,821 INFO sent 2 -> 3 # 0 at 204048906, 0.186705 0.768556
2024-07-09 06:55:28,821 INFO recv 2 -> 3 # 0 at 223348274, 0.186705 0.768556
2024-07-09 06:55:28,987 INFO CHECKSUM 2 4 0: 1.546900
2024-07-09 06:55:28,988 INFO CHECKSUM 2 4 0: 1.546900
2024-07-09 06:55:29,009 INFO sent 2 -> 4 # 0 at 154743118, 0.186705 0.768556
2024-07-09 06:55:29,009 INFO recv 2 -> 4 # 0 at 175971556, 0.186705 0.768556
2024-07-09 06:55:29,217 INFO CHECKSUM 2 5 0: 1.546900
2024-07-09 06:55:29,218 INFO CHECKSUM 2 5 0: 1.546900
2024-07-09 06:55:29,239 INFO sent 2 -> 5 # 0 at 197824568, 0.186705 0.768556
2024-07-09 06:55:29,239 INFO recv 2 -> 5 # 0 at 219691903, 0.186705 0.768556
2024-07-09 06:55:29,421 INFO CHECKSUM 2 6 0: 1.546900
2024-07-09 06:55:29,421 INFO CHECKSUM 2 6 0: 1.546900
2024-07-09 06:55:29,445 INFO sent 2 -> 6 # 0 at 168088920, 0.186705 0.768556
2024-07-09 06:55:29,445 INFO recv 2 -> 6 # 0 at 191940345, 0.186705 0.768556
2024-07-09 06:55:29,573 INFO CHECKSUM 2 7 0: 1.546900
2024-07-09 06:55:29,574 INFO CHECKSUM 2 7 0: 1.546900
2024-07-09 06:55:29,593 INFO sent 2 -> 7 # 0 at 124263633, 0.186705 0.768556
2024-07-09 06:55:29,593 INFO recv 2 -> 7 # 0 at 144709268, 0.186705 0.768556
2024-07-09 06:55:29,815 INFO CHECKSUM 2 8 0: 1.546900
2024-07-09 06:55:29,815 INFO CHECKSUM 2 8 0: 1.546900
2024-07-09 06:55:29,829 INFO sent 2 -> 8 # 0 at 209653648, 0.186705 0.768556
2024-07-09 06:55:29,829 INFO recv 2 -> 8 # 0 at 223583758, 0.186705 0.768556
2024-07-09 06:55:29,997 INFO CHECKSUM 2 9 0: 1.546900
2024-07-09 06:55:29,998 INFO CHECKSUM 2 9 0: 1.546900
2024-07-09 06:55:30,013 INFO recv 2 -> 9 # 0 at 179701060, 0.186705 0.768556
2024-07-09 06:55:30,021 INFO sent 2 -> 9 # 0 at 163781045, 0.186705 0.768556
2024-07-09 06:55:30,194 INFO CHECKSUM 2 10 0: 1.546900
2024-07-09 06:55:30,194 INFO CHECKSUM 2 10 0: 1.546900
2024-07-09 06:55:30,213 INFO sent 2 -> 10 # 0 at 169981668, 0.186705 0.768556
2024-07-09 06:55:30,213 INFO recv 2 -> 10 # 0 at 189672210, 0.186705 0.768556
2024-07-09 06:55:30,370 INFO CHECKSUM 2 11 0: 1.546900
2024-07-09 06:55:30,370 INFO CHECKSUM 2 11 0: 1.546900
2024-07-09 06:55:30,393 INFO sent 2 -> 11 # 0 at 152356375, 0.186705 0.768556
2024-07-09 06:55:30,393 INFO recv 2 -> 11 # 0 at 176033183, 0.186705 0.768556
2024-07-09 06:55:30,622 INFO CHECKSUM 2 12 0: 1.546900
2024-07-09 06:55:30,622 INFO CHECKSUM 2 12 0: 1.546900
2024-07-09 06:55:30,639 INFO sent 2 -> 12 # 0 at 228254126, 0.186705 0.768556
2024-07-09 06:55:30,639 INFO recv 2 -> 12 # 0 at 245041133, 0.186705 0.768556
2024-07-09 06:55:30,808 INFO CHECKSUM 2 13 0: 1.546900
2024-07-09 06:55:30,818 INFO CHECKSUM 2 13 0: 1.546900
2024-07-09 06:55:30,836 INFO sent 2 -> 13 # 0 at 159779151, 0.186705 0.768556
2024-07-09 06:55:30,836 INFO recv 2 -> 13 # 0 at 187598464, 0.186705 0.768556
2024-07-09 06:55:31,029 INFO CHECKSUM 2 14 0: 1.546900
2024-07-09 06:55:31,030 INFO CHECKSUM 2 14 0: 1.546900
2024-07-09 06:55:31,048 INFO sent 2 -> 14 # 0 at 176486239, 0.186705 0.768556
2024-07-09 06:55:31,048 INFO recv 2 -> 14 # 0 at 195074983, 0.186705 0.768556
2024-07-09 06:55:31,225 INFO CHECKSUM 2 15 0: 1.546900
2024-07-09 06:55:31,226 INFO CHECKSUM 2 15 0: 1.546900
2024-07-09 06:55:31,241 INFO Accepting from rank 3
2024-07-09 06:55:31,241 INFO Accepting from rank 3
2024-07-09 06:55:31,241 INFO Accepting from rank 3
2024-07-09 06:55:31,241 INFO Accepting from rank 3
2024-07-09 06:55:31,241 INFO Accepting from rank 3
2024-07-09 06:55:31,241 INFO Accepting from rank 3
2024-07-09 06:55:31,241 INFO Accepting from rank 3
2024-07-09 06:55:31,241 INFO Accepting from rank 3
2024-07-09 06:55:31,241 INFO Accepting from rank 3
2024-07-09 06:55:31,241 INFO recv 2 -> 15 # 0 at 180653837, 0.186705 0.768556
2024-07-09 06:55:31,243 INFO Accepting from rank 3
2024-07-09 06:55:31,241 INFO Accepting from rank 3
2024-07-09 06:55:31,243 INFO Accepting from rank 3
2024-07-09 06:55:31,243 INFO sent 2 -> 15 # 0 at 164349353, 0.186705 0.768556
2024-07-09 06:55:31,243 INFO Accepting from rank 3
2024-07-09 06:55:31,243 INFO Sending from rank 3
2024-07-09 06:55:31,243 INFO Accepting from rank 3
2024-07-09 06:55:31,243 INFO Accepting from rank 3
2024-07-09 06:55:31,294 INFO CHECKSUM 3 0 0: 1.813919
2024-07-09 06:55:31,300 INFO CHECKSUM 3 0 0: 1.813919
2024-07-09 06:55:31,307 INFO recv 3 -> 0 # 0 at 34737053, 0.274096 0.661702
2024-07-09 06:55:31,315 INFO sent 3 -> 0 # 0 at 19479285, 0.274096 0.661702
2024-07-09 06:55:31,343 INFO CHECKSUM 3 1 0: 1.813919
2024-07-09 06:55:31,343 INFO CHECKSUM 3 1 0: 1.813919
2024-07-09 06:55:31,369 INFO recv 3 -> 1 # 0 at 40003331, 0.274096 0.661702
2024-07-09 06:55:31,369 INFO sent 3 -> 1 # 0 at 14069781, 0.274096 0.661702
2024-07-09 06:55:31,418 INFO CHECKSUM 3 2 0: 1.813919
2024-07-09 06:55:31,419 INFO CHECKSUM 3 2 0: 1.813919
2024-07-09 06:55:31,443 INFO recv 3 -> 2 # 0 at 51448630, 0.274096 0.661702
2024-07-09 06:55:31,443 INFO sent 3 -> 2 # 0 at 26770146, 0.274096 0.661702
2024-07-09 06:55:31,542 INFO CHECKSUM 3 4 0: 1.813919
2024-07-09 06:55:31,542 INFO CHECKSUM 3 4 0: 1.813919
2024-07-09 06:55:31,559 INFO sent 3 -> 4 # 0 at 97837621, 0.274096 0.661702
2024-07-09 06:55:31,559 INFO recv 3 -> 4 # 0 at 115061188, 0.274096 0.661702
2024-07-09 06:55:31,738 INFO CHECKSUM 3 5 0: 1.813919
2024-07-09 06:55:31,739 INFO CHECKSUM 3 5 0: 1.813919
2024-07-09 06:55:31,752 INFO sent 3 -> 5 # 0 at 174805370, 0.274096 0.661702
2024-07-09 06:55:31,752 INFO recv 3 -> 5 # 0 at 188899694, 0.274096 0.661702
2024-07-09 06:55:31,917 INFO CHECKSUM 3 6 0: 1.813919
2024-07-09 06:55:31,918 INFO CHECKSUM 3 6 0: 1.813919
2024-07-09 06:55:31,945 INFO sent 3 -> 6 # 0 at 157976617, 0.274096 0.661702
2024-07-09 06:55:31,945 INFO recv 3 -> 6 # 0 at 185860424, 0.274096 0.661702
2024-07-09 06:55:32,160 INFO CHECKSUM 3 7 0: 1.813919
2024-07-09 06:55:32,161 INFO CHECKSUM 3 7 0: 1.813919
2024-07-09 06:55:32,189 INFO sent 3 -> 7 # 0 at 200919258, 0.274096 0.661702
2024-07-09 06:55:32,189 INFO recv 3 -> 7 # 0 at 230369665, 0.274096 0.661702
2024-07-09 06:55:32,409 INFO CHECKSUM 3 8 0: 1.813919
2024-07-09 06:55:32,409 INFO CHECKSUM 3 8 0: 1.813919
2024-07-09 06:55:32,422 INFO recv 3 -> 8 # 0 at 213559214, 0.274096 0.661702
2024-07-09 06:55:32,422 INFO sent 3 -> 8 # 0 at 200763978, 0.274096 0.661702
2024-07-09 06:55:32,581 INFO CHECKSUM 3 9 0: 1.813919
2024-07-09 06:55:32,582 INFO CHECKSUM 3 9 0: 1.813919
2024-07-09 06:55:32,617 INFO sent 3 -> 9 # 0 at 120097782, 0.274096 0.661702
2024-07-09 06:55:32,617 INFO recv 3 -> 9 # 0 at 157863999, 0.274096 0.661702
2024-07-09 06:55:32,814 INFO CHECKSUM 3 10 0: 1.813919
2024-07-09 06:55:32,815 INFO CHECKSUM 3 10 0: 1.813919
2024-07-09 06:55:32,828 INFO recv 3 -> 10 # 0 at 192105596, 0.274096 0.661702
2024-07-09 06:55:32,828 INFO sent 3 -> 10 # 0 at 178153461, 0.274096 0.661702
2024-07-09 06:55:32,989 INFO CHECKSUM 3 11 0: 1.813919
2024-07-09 06:55:32,990 INFO CHECKSUM 3 11 0: 1.813919
2024-07-09 06:55:33,023 INFO sent 3 -> 11 # 0 at 159336786, 0.274096 0.661702
2024-07-09 06:55:33,025 INFO recv 3 -> 11 # 0 at 194564760, 0.274096 0.661702
2024-07-09 06:55:33,234 INFO CHECKSUM 3 12 0: 1.813919
2024-07-09 06:55:33,235 INFO CHECKSUM 3 12 0: 1.813919
2024-07-09 06:55:33,253 INFO sent 3 -> 12 # 0 at 204497614, 0.274096 0.661702
2024-07-09 06:55:33,253 INFO recv 3 -> 12 # 0 at 223636623, 0.274096 0.661702
2024-07-09 06:55:33,445 INFO CHECKSUM 3 13 0: 1.813919
2024-07-09 06:55:33,445 INFO CHECKSUM 3 13 0: 1.813919
2024-07-09 06:55:33,459 INFO sent 3 -> 13 # 0 at 185921454, 0.274096 0.661702
2024-07-09 06:55:33,459 INFO recv 3 -> 13 # 0 at 200170060, 0.274096 0.661702
2024-07-09 06:55:33,634 INFO CHECKSUM 3 14 0: 1.813919
2024-07-09 06:55:33,643 INFO sent 3 -> 14 # 0 at 168968340, 0.274096 0.661702
2024-07-09 06:55:33,634 INFO CHECKSUM 3 14 0: 1.813919
2024-07-09 06:55:33,643 INFO recv 3 -> 14 # 0 at 178379211, 0.274096 0.661702
2024-07-09 06:55:33,828 INFO CHECKSUM 3 15 0: 1.813919
2024-07-09 06:55:33,828 INFO CHECKSUM 3 15 0: 1.813919
2024-07-09 06:55:33,844 INFO Accepting from rank 4
2024-07-09 06:55:33,844 INFO Accepting from rank 4
2024-07-09 06:55:33,844 INFO Accepting from rank 4
2024-07-09 06:55:33,844 INFO Accepting from rank 4
2024-07-09 06:55:33,844 INFO Accepting from rank 4
2024-07-09 06:55:33,844 INFO Accepting from rank 4
2024-07-09 06:55:33,844 INFO Sending from rank 4
2024-07-09 06:55:33,844 INFO Accepting from rank 4
2024-07-09 06:55:33,844 INFO Accepting from rank 4
2024-07-09 06:55:33,844 INFO Accepting from rank 4
2024-07-09 06:55:33,844 INFO Accepting from rank 4
2024-07-09 06:55:33,844 INFO recv 3 -> 15 # 0 at 197569815, 0.274096 0.661702
2024-07-09 06:55:33,844 INFO Accepting from rank 4
2024-07-09 06:55:33,847 INFO Accepting from rank 4
2024-07-09 06:55:33,847 INFO sent 3 -> 15 # 0 at 181452056, 0.274096 0.661702
2024-07-09 06:55:33,847 INFO Accepting from rank 4
2024-07-09 06:55:33,851 INFO Accepting from rank 4
2024-07-09 06:55:33,851 INFO Accepting from rank 4
2024-07-09 06:55:33,881 INFO CHECKSUM 4 0 0: 1.514260
2024-07-09 06:55:33,891 INFO CHECKSUM 4 0 0: 1.514260
2024-07-09 06:55:33,899 INFO recv 4 -> 0 # 0 at 32652114, 0.771137 0.379247
2024-07-09 06:55:33,899 INFO sent 4 -> 0 # 0 at 14464315, 0.771137 0.379247
2024-07-09 06:55:33,923 INFO CHECKSUM 4 1 0: 1.514260
2024-07-09 06:55:33,923 INFO CHECKSUM 4 1 0: 1.514260
2024-07-09 06:55:33,940 INFO recv 4 -> 1 # 0 at 32151326, 0.771137 0.379247
2024-07-09 06:55:33,940 INFO sent 4 -> 1 # 0 at 14618713, 0.771137 0.379247
2024-07-09 06:55:33,956 INFO CHECKSUM 4 2 0: 1.514260
2024-07-09 06:55:33,955 INFO CHECKSUM 4 2 0: 1.514260
2024-07-09 06:55:33,973 INFO sent 4 -> 2 # 0 at 14273616, 0.771137 0.379247
2024-07-09 06:55:33,975 INFO recv 4 -> 2 # 0 at 34356768, 0.771137 0.379247
2024-07-09 06:55:34,084 INFO CHECKSUM 4 3 0: 1.514260
2024-07-09 06:55:34,085 INFO CHECKSUM 4 3 0: 1.514260
2024-07-09 06:55:34,089 INFO recv 4 -> 3 # 0 at 96815106, 0.771137 0.379247
2024-07-09 06:55:34,089 INFO sent 4 -> 3 # 0 at 91749366, 0.771137 0.379247
2024-07-09 06:55:34,344 INFO CHECKSUM 4 5 0: 1.514260
2024-07-09 06:55:34,344 INFO CHECKSUM 4 5 0: 1.514260
2024-07-09 06:55:34,362 INFO sent 4 -> 5 # 0 at 215206029, 0.771137 0.379247
2024-07-09 06:55:34,378 INFO recv 4 -> 5 # 0 at 242590296, 0.771137 0.379247
2024-07-09 06:55:34,505 INFO CHECKSUM 4 6 0: 1.514260
2024-07-09 06:55:34,505 INFO CHECKSUM 4 6 0: 1.514260
2024-07-09 06:55:34,529 INFO sent 4 -> 6 # 0 at 126581127, 0.771137 0.379247
2024-07-09 06:55:34,529 INFO recv 4 -> 6 # 0 at 150738592, 0.771137 0.379247
2024-07-09 06:55:34,733 INFO CHECKSUM 4 7 0: 1.514260
2024-07-09 06:55:34,733 INFO CHECKSUM 4 7 0: 1.514260
2024-07-09 06:55:34,746 INFO sent 4 -> 7 # 0 at 198716904, 0.771137 0.379247
2024-07-09 06:55:34,746 INFO recv 4 -> 7 # 0 at 211826341, 0.771137 0.379247
2024-07-09 06:55:34,952 INFO CHECKSUM 4 8 0: 1.514260
2024-07-09 06:55:34,952 INFO CHECKSUM 4 8 0: 1.514260
2024-07-09 06:55:34,981 INFO recv 4 -> 8 # 0 at 224002610, 0.771137 0.379247
2024-07-09 06:55:34,981 INFO sent 4 -> 8 # 0 at 195314914, 0.771137 0.379247
2024-07-09 06:55:35,153 INFO CHECKSUM 4 9 0: 1.514260
2024-07-09 06:55:35,155 INFO CHECKSUM 4 9 0: 1.514260
2024-07-09 06:55:35,164 INFO sent 4 -> 9 # 0 at 161510757, 0.771137 0.379247
2024-07-09 06:55:35,164 INFO recv 4 -> 9 # 0 at 172608578, 0.771137 0.379247
2024-07-09 06:55:35,321 INFO CHECKSUM 4 10 0: 1.514260
2024-07-09 06:55:35,322 INFO CHECKSUM 4 10 0: 1.514260
2024-07-09 06:55:35,334 INFO recv 4 -> 10 # 0 at 161317400, 0.771137 0.379247
2024-07-09 06:55:35,334 INFO sent 4 -> 10 # 0 at 148844945, 0.771137 0.379247
2024-07-09 06:55:35,523 INFO CHECKSUM 4 11 0: 1.514260
2024-07-09 06:55:35,524 INFO CHECKSUM 4 11 0: 1.514260
2024-07-09 06:55:35,538 INFO sent 4 -> 11 # 0 at 189014966, 0.771137 0.379247
2024-07-09 06:55:35,538 INFO recv 4 -> 11 # 0 at 203957941, 0.771137 0.379247
2024-07-09 06:55:35,776 INFO CHECKSUM 4 12 0: 1.514260
2024-07-09 06:55:35,777 INFO CHECKSUM 4 12 0: 1.514260
2024-07-09 06:55:35,797 INFO sent 4 -> 12 # 0 at 225815479, 0.771137 0.379247
2024-07-09 06:55:35,797 INFO recv 4 -> 12 # 0 at 246480340, 0.771137 0.379247
2024-07-09 06:55:36,021 INFO CHECKSUM 4 13 0: 1.514260
2024-07-09 06:55:36,021 INFO CHECKSUM 4 13 0: 1.514260
2024-07-09 06:55:36,031 INFO sent 4 -> 13 # 0 at 209195100, 0.771137 0.379247
2024-07-09 06:55:36,031 INFO recv 4 -> 13 # 0 at 219422212, 0.771137 0.379247
2024-07-09 06:55:36,209 INFO CHECKSUM 4 14 0: 1.514260
2024-07-09 06:55:36,209 INFO CHECKSUM 4 14 0: 1.514260
2024-07-09 06:55:36,227 INFO recv 4 -> 14 # 0 at 190035465, 0.771137 0.379247
2024-07-09 06:55:36,227 INFO sent 4 -> 14 # 0 at 171166024, 0.771137 0.379247
2024-07-09 06:55:36,409 INFO CHECKSUM 4 15 0: 1.514260
2024-07-09 06:55:36,409 INFO CHECKSUM 4 15 0: 1.514260
2024-07-09 06:55:36,442 INFO Accepting from rank 5
2024-07-09 06:55:36,442 INFO Accepting from rank 5
2024-07-09 06:55:36,442 INFO Accepting from rank 5
2024-07-09 06:55:36,442 INFO Accepting from rank 5
2024-07-09 06:55:36,442 INFO Accepting from rank 5
2024-07-09 06:55:36,442 INFO Accepting from rank 5
2024-07-09 06:55:36,442 INFO Accepting from rank 5
2024-07-09 06:55:36,442 INFO sent 4 -> 15 # 0 at 175172532, 0.771137 0.379247
2024-07-09 06:55:36,442 INFO Accepting from rank 5
2024-07-09 06:55:36,442 INFO Accepting from rank 5
2024-07-09 06:55:36,442 INFO Accepting from rank 5
2024-07-09 06:55:36,442 INFO Sending from rank 5
2024-07-09 06:55:36,442 INFO Accepting from rank 5
2024-07-09 06:55:36,442 INFO recv 4 -> 15 # 0 at 208895477, 0.771137 0.379247
2024-07-09 06:55:36,442 INFO Accepting from rank 5
2024-07-09 06:55:36,442 INFO Accepting from rank 5
2024-07-09 06:55:36,442 INFO Accepting from rank 5
2024-07-09 06:55:36,442 INFO Accepting from rank 5
2024-07-09 06:55:36,545 INFO CHECKSUM 5 0 0: 1.784591
2024-07-09 06:55:36,545 INFO CHECKSUM 5 0 0: 1.784591
2024-07-09 06:55:36,555 INFO recv 5 -> 0 # 0 at 87770646, 0.827454 0.332759
2024-07-09 06:55:36,555 INFO sent 5 -> 0 # 0 at 77856726, 0.827454 0.332759
2024-07-09 06:55:36,581 INFO CHECKSUM 5 1 0: 1.784591
2024-07-09 06:55:36,582 INFO CHECKSUM 5 1 0: 1.784591
2024-07-09 06:55:36,601 INFO sent 5 -> 1 # 0 at 13868305, 0.827454 0.332759
2024-07-09 06:55:36,602 INFO recv 5 -> 1 # 0 at 35079825, 0.827454 0.332759
2024-07-09 06:55:36,626 INFO CHECKSUM 5 2 0: 1.784591
2024-07-09 06:55:36,625 INFO CHECKSUM 5 2 0: 1.784591
2024-07-09 06:55:36,638 INFO recv 5 -> 2 # 0 at 27239913, 0.827454 0.332759
2024-07-09 06:55:36,645 INFO sent 5 -> 2 # 0 at 14494403, 0.827454 0.332759
2024-07-09 06:55:36,660 INFO CHECKSUM 5 3 0: 1.784591
2024-07-09 06:55:36,659 INFO CHECKSUM 5 3 0: 1.784591
2024-07-09 06:55:36,681 INFO recv 5 -> 3 # 0 at 35785419, 0.827454 0.332759
2024-07-09 06:55:36,681 INFO sent 5 -> 3 # 0 at 13825852, 0.827454 0.332759
2024-07-09 06:55:36,768 INFO CHECKSUM 5 4 0: 1.784591
2024-07-09 06:55:36,768 INFO CHECKSUM 5 4 0: 1.784591
2024-07-09 06:55:36,789 INFO recv 5 -> 4 # 0 at 101903928, 0.827454 0.332759
2024-07-09 06:55:36,789 INFO sent 5 -> 4 # 0 at 81374109, 0.827454 0.332759
2024-07-09 06:55:37,000 INFO CHECKSUM 5 6 0: 1.784591
2024-07-09 06:55:37,001 INFO CHECKSUM 5 6 0: 1.784591
2024-07-09 06:55:37,021 INFO sent 5 -> 6 # 0 at 180370079, 0.827454 0.332759
2024-07-09 06:55:37,021 INFO recv 5 -> 6 # 0 at 200969383, 0.827454 0.332759
2024-07-09 06:55:37,239 INFO CHECKSUM 5 7 0: 1.784591
2024-07-09 06:55:37,240 INFO CHECKSUM 5 7 0: 1.784591
2024-07-09 06:55:37,254 INFO sent 5 -> 7 # 0 at 210085129, 0.827454 0.332759
2024-07-09 06:55:37,254 INFO recv 5 -> 7 # 0 at 224906083, 0.827454 0.332759
2024-07-09 06:55:37,408 INFO CHECKSUM 5 8 0: 1.784591
2024-07-09 06:55:37,408 INFO CHECKSUM 5 8 0: 1.784591
2024-07-09 06:55:37,429 INFO recv 5 -> 8 # 0 at 169706004, 0.827454 0.332759
2024-07-09 06:55:37,434 INFO sent 5 -> 8 # 0 at 148487224, 0.827454 0.332759
2024-07-09 06:55:37,657 INFO CHECKSUM 5 9 0: 1.784591
2024-07-09 06:55:37,658 INFO CHECKSUM 5 9 0: 1.784591
2024-07-09 06:55:37,673 INFO sent 5 -> 9 # 0 at 203190914, 0.827454 0.332759
2024-07-09 06:55:37,673 INFO recv 5 -> 9 # 0 at 218708261, 0.827454 0.332759
2024-07-09 06:55:37,862 INFO CHECKSUM 5 10 0: 1.784591
2024-07-09 06:55:37,862 INFO CHECKSUM 5 10 0: 1.784591
2024-07-09 06:55:37,878 INFO sent 5 -> 10 # 0 at 177199868, 0.827454 0.332759
2024-07-09 06:55:37,878 INFO recv 5 -> 10 # 0 at 193469018, 0.827454 0.332759
2024-07-09 06:55:38,046 INFO CHECKSUM 5 11 0: 1.784591
2024-07-09 06:55:38,046 INFO CHECKSUM 5 11 0: 1.784591
2024-07-09 06:55:38,078 INFO sent 5 -> 11 # 0 at 167430049, 0.827454 0.332759
2024-07-09 06:55:38,079 INFO recv 5 -> 11 # 0 at 200133780, 0.827454 0.332759
2024-07-09 06:55:38,284 INFO CHECKSUM 5 12 0: 1.784591
2024-07-09 06:55:38,285 INFO CHECKSUM 5 12 0: 1.784591
2024-07-09 06:55:38,303 INFO recv 5 -> 12 # 0 at 215113368, 0.827454 0.332759
2024-07-09 06:55:38,311 INFO sent 5 -> 12 # 0 at 189264969, 0.827454 0.332759
2024-07-09 06:55:38,486 INFO CHECKSUM 5 13 0: 1.784591
2024-07-09 06:55:38,487 INFO CHECKSUM 5 13 0: 1.784591
2024-07-09 06:55:38,502 INFO sent 5 -> 13 # 0 at 159532928, 0.827454 0.332759
2024-07-09 06:55:38,502 INFO recv 5 -> 13 # 0 at 175202650, 0.827454 0.332759
2024-07-09 06:55:38,709 INFO CHECKSUM 5 14 0: 1.784591
2024-07-09 06:55:38,709 INFO CHECKSUM 5 14 0: 1.784591
2024-07-09 06:55:38,725 INFO recv 5 -> 14 # 0 at 209411937, 0.827454 0.332759
2024-07-09 06:55:38,725 INFO sent 5 -> 14 # 0 at 193234315, 0.827454 0.332759
2024-07-09 06:55:38,912 INFO CHECKSUM 5 15 0: 1.784591
2024-07-09 06:55:38,913 INFO CHECKSUM 5 15 0: 1.784591
2024-07-09 06:55:38,938 INFO Accepting from rank 6
2024-07-09 06:55:38,938 INFO Accepting from rank 6
2024-07-09 06:55:38,938 INFO Accepting from rank 6
2024-07-09 06:55:38,938 INFO Accepting from rank 6
2024-07-09 06:55:38,938 INFO Accepting from rank 6
2024-07-09 06:55:38,938 INFO Accepting from rank 6
2024-07-09 06:55:38,938 INFO Accepting from rank 6
2024-07-09 06:55:38,938 INFO Accepting from rank 6
2024-07-09 06:55:38,938 INFO Accepting from rank 6
2024-07-09 06:55:38,938 INFO Sending from rank 6
2024-07-09 06:55:38,938 INFO Accepting from rank 6
2024-07-09 06:55:38,938 INFO Accepting from rank 6
2024-07-09 06:55:38,938 INFO Accepting from rank 6
2024-07-09 06:55:38,938 INFO sent 5 -> 15 # 0 at 181489442, 0.827454 0.332759
2024-07-09 06:55:38,938 INFO Accepting from rank 6
2024-07-09 06:55:38,942 INFO Accepting from rank 6
2024-07-09 06:55:38,942 INFO recv 5 -> 15 # 0 at 211275505, 0.827454 0.332759
2024-07-09 06:55:38,942 INFO Accepting from rank 6
2024-07-09 06:55:38,988 INFO CHECKSUM 6 0 0: 2.274287
2024-07-09 06:55:38,988 INFO CHECKSUM 6 0 0: 2.274287
2024-07-09 06:55:39,013 INFO recv 6 -> 0 # 0 at 54718640, 0.075891 0.548429
2024-07-09 06:55:39,021 INFO sent 6 -> 0 # 0 at 29327120, 0.075891 0.548429
2024-07-09 06:55:39,042 INFO CHECKSUM 6 1 0: 2.274287
2024-07-09 06:55:39,043 INFO CHECKSUM 6 1 0: 2.274287
2024-07-09 06:55:39,053 INFO recv 6 -> 1 # 0 at 25366083, 0.075891 0.548429
2024-07-09 06:55:39,053 INFO sent 6 -> 1 # 0 at 14434497, 0.075891 0.548429
2024-07-09 06:55:39,092 INFO CHECKSUM 6 2 0: 2.274287
2024-07-09 06:55:39,092 INFO CHECKSUM 6 2 0: 2.274287
2024-07-09 06:55:39,109 INFO recv 6 -> 2 # 0 at 46240445, 0.075891 0.548429
2024-07-09 06:55:39,109 INFO sent 6 -> 2 # 0 at 28746788, 0.075891 0.548429
2024-07-09 06:55:39,222 INFO CHECKSUM 6 3 0: 2.274287
2024-07-09 06:55:39,223 INFO CHECKSUM 6 3 0: 2.274287
2024-07-09 06:55:39,230 INFO recv 6 -> 3 # 0 at 103265683, 0.075891 0.548429
2024-07-09 06:55:39,230 INFO sent 6 -> 3 # 0 at 94654166, 0.075891 0.548429
2024-07-09 06:55:39,335 INFO CHECKSUM 6 4 0: 2.274287
2024-07-09 06:55:39,335 INFO CHECKSUM 6 4 0: 2.274287
2024-07-09 06:55:39,361 INFO recv 6 -> 4 # 0 at 117907376, 0.075891 0.548429
2024-07-09 06:55:39,361 INFO sent 6 -> 4 # 0 at 92371979, 0.075891 0.548429
2024-07-09 06:55:39,384 INFO CHECKSUM 6 5 0: 2.274287
2024-07-09 06:55:39,384 INFO CHECKSUM 6 5 0: 2.274287
2024-07-09 06:55:39,418 INFO recv 6 -> 5 # 0 at 48311044, 0.075891 0.548429
2024-07-09 06:55:39,418 INFO sent 6 -> 5 # 0 at 13749956, 0.075891 0.548429
2024-07-09 06:55:39,609 INFO CHECKSUM 6 7 0: 2.274287
2024-07-09 06:55:39,609 INFO CHECKSUM 6 7 0: 2.274287
2024-07-09 06:55:39,631 INFO sent 6 -> 7 # 0 at 190039725, 0.075891 0.548429
2024-07-09 06:55:39,631 INFO recv 6 -> 7 # 0 at 211682714, 0.075891 0.548429
2024-07-09 06:55:39,804 INFO CHECKSUM 6 8 0: 2.274287
2024-07-09 06:55:39,805 INFO CHECKSUM 6 8 0: 2.274287
2024-07-09 06:55:39,821 INFO recv 6 -> 8 # 0 at 190273635, 0.075891 0.548429
2024-07-09 06:55:39,821 INFO sent 6 -> 8 # 0 at 173239720, 0.075891 0.548429
2024-07-09 06:55:40,003 INFO CHECKSUM 6 9 0: 2.274287
2024-07-09 06:55:40,003 INFO CHECKSUM 6 9 0: 2.274287
2024-07-09 06:55:40,018 INFO sent 6 -> 9 # 0 at 168679713, 0.075891 0.548429
2024-07-09 06:55:40,018 INFO recv 6 -> 9 # 0 at 184218893, 0.075891 0.548429
2024-07-09 06:55:40,225 INFO CHECKSUM 6 10 0: 2.274287
2024-07-09 06:55:40,226 INFO CHECKSUM 6 10 0: 2.274287
2024-07-09 06:55:40,257 INFO recv 6 -> 10 # 0 at 229913963, 0.075891 0.548429
2024-07-09 06:55:40,257 INFO sent 6 -> 10 # 0 at 190374872, 0.075891 0.548429
2024-07-09 06:55:40,456 INFO CHECKSUM 6 11 0: 2.274287
2024-07-09 06:55:40,458 INFO CHECKSUM 6 11 0: 2.274287
2024-07-09 06:55:40,479 INFO recv 6 -> 11 # 0 at 202657380, 0.075891 0.548429
2024-07-09 06:55:40,479 INFO sent 6 -> 11 # 0 at 175815785, 0.075891 0.548429
2024-07-09 06:55:40,660 INFO CHECKSUM 6 12 0: 2.274287
2024-07-09 06:55:40,661 INFO CHECKSUM 6 12 0: 2.274287
2024-07-09 06:55:40,676 INFO recv 6 -> 12 # 0 at 190172028, 0.075891 0.548429
2024-07-09 06:55:40,677 INFO sent 6 -> 12 # 0 at 174776788, 0.075891 0.548429
2024-07-09 06:55:40,820 INFO CHECKSUM 6 13 0: 2.274287
2024-07-09 06:55:40,821 INFO CHECKSUM 6 13 0: 2.274287
2024-07-09 06:55:40,865 INFO sent 6 -> 13 # 0 at 119333009, 0.075891 0.548429
2024-07-09 06:55:40,875 INFO recv 6 -> 13 # 0 at 174413542, 0.075891 0.548429
2024-07-09 06:55:41,081 INFO CHECKSUM 6 14 0: 2.274287
2024-07-09 06:55:41,082 INFO CHECKSUM 6 14 0: 2.274287
2024-07-09 06:55:41,099 INFO sent 6 -> 14 # 0 at 197671415, 0.075891 0.548429
2024-07-09 06:55:41,107 INFO recv 6 -> 14 # 0 at 216010445, 0.075891 0.548429
2024-07-09 06:55:41,320 INFO CHECKSUM 6 15 0: 2.274287
2024-07-09 06:55:41,329 INFO CHECKSUM 6 15 0: 2.274287
2024-07-09 06:55:41,349 INFO Accepting from rank 7
2024-07-09 06:55:41,353 INFO Accepting from rank 7
2024-07-09 06:55:41,353 INFO Accepting from rank 7
2024-07-09 06:55:41,353 INFO Accepting from rank 7
2024-07-09 06:55:41,353 INFO Accepting from rank 7
2024-07-09 06:55:41,353 INFO Accepting from rank 7
2024-07-09 06:55:41,353 INFO Accepting from rank 7
2024-07-09 06:55:41,353 INFO Accepting from rank 7
2024-07-09 06:55:41,353 INFO Accepting from rank 7
2024-07-09 06:55:41,353 INFO Accepting from rank 7
2024-07-09 06:55:41,353 INFO Accepting from rank 7
2024-07-09 06:55:41,353 INFO Accepting from rank 7
2024-07-09 06:55:41,353 INFO Accepting from rank 7
2024-07-09 06:55:41,353 INFO recv 6 -> 15 # 0 at 213874648, 0.075891 0.548429
2024-07-09 06:55:41,353 INFO sent 6 -> 15 # 0 at 194904331, 0.075891 0.548429
2024-07-09 06:55:41,353 INFO Accepting from rank 7
2024-07-09 06:55:41,353 INFO Sending from rank 7
2024-07-09 06:55:41,353 INFO Accepting from rank 7
2024-07-09 06:55:41,396 INFO CHECKSUM 7 0 0: 1.182436
2024-07-09 06:55:41,396 INFO CHECKSUM 7 0 0: 1.182436
2024-07-09 06:55:41,415 INFO recv 7 -> 0 # 0 at 33801626, 0.584996 0.852158
2024-07-09 06:55:41,417 INFO sent 7 -> 0 # 0 at 14682046, 0.584996 0.852158
2024-07-09 06:55:41,492 INFO CHECKSUM 7 1 0: 1.182436
2024-07-09 06:55:41,497 INFO CHECKSUM 7 1 0: 1.182436
2024-07-09 06:55:41,510 INFO recv 7 -> 1 # 0 at 90856430, 0.584996 0.852158
2024-07-09 06:55:41,510 INFO sent 7 -> 1 # 0 at 73380060, 0.584996 0.852158
2024-07-09 06:55:41,528 INFO CHECKSUM 7 2 0: 1.182436
2024-07-09 06:55:41,528 INFO CHECKSUM 7 2 0: 1.182436
2024-07-09 06:55:41,545 INFO recv 7 -> 2 # 0 at 31984133, 0.584996 0.852158
2024-07-09 06:55:41,545 INFO sent 7 -> 2 # 0 at 14444387, 0.584996 0.852158
2024-07-09 06:55:41,603 INFO CHECKSUM 7 3 0: 1.182436
2024-07-09 06:55:41,604 INFO CHECKSUM 7 3 0: 1.182436
2024-07-09 06:55:41,626 INFO sent 7 -> 3 # 0 at 34936433, 0.584996 0.852158
2024-07-09 06:55:41,631 INFO recv 7 -> 3 # 0 at 57382849, 0.584996 0.852158
2024-07-09 06:55:41,655 INFO CHECKSUM 7 4 0: 1.182436
2024-07-09 06:55:41,655 INFO CHECKSUM 7 4 0: 1.182436
2024-07-09 06:55:41,669 INFO recv 7 -> 4 # 0 at 28644090, 0.584996 0.852158
2024-07-09 06:55:41,669 INFO sent 7 -> 4 # 0 at 13994759, 0.584996 0.852158
2024-07-09 06:55:41,748 INFO CHECKSUM 7 5 0: 1.182436
2024-07-09 06:55:41,748 INFO CHECKSUM 7 5 0: 1.182436
2024-07-09 06:55:41,779 INFO recv 7 -> 5 # 0 at 104379359, 0.584996 0.852158
2024-07-09 06:55:41,779 INFO sent 7 -> 5 # 0 at 73540729, 0.584996 0.852158
2024-07-09 06:55:41,811 INFO CHECKSUM 7 6 0: 1.182436
2024-07-09 06:55:41,812 INFO CHECKSUM 7 6 0: 1.182436
2024-07-09 06:55:41,827 INFO recv 7 -> 6 # 0 at 29646026, 0.584996 0.852158
2024-07-09 06:55:41,831 INFO sent 7 -> 6 # 0 at 13732502, 0.584996 0.852158
2024-07-09 06:55:42,008 INFO CHECKSUM 7 8 0: 1.182436
2024-07-09 06:55:42,009 INFO CHECKSUM 7 8 0: 1.182436
2024-07-09 06:55:42,023 INFO recv 7 -> 8 # 0 at 188771535, 0.584996 0.852158
2024-07-09 06:55:42,023 INFO sent 7 -> 8 # 0 at 173498810, 0.584996 0.852158
2024-07-09 06:55:42,208 INFO CHECKSUM 7 9 0: 1.182436
2024-07-09 06:55:42,209 INFO CHECKSUM 7 9 0: 1.182436
2024-07-09 06:55:42,231 INFO recv 7 -> 9 # 0 at 204789813, 0.584996 0.852158
2024-07-09 06:55:42,233 INFO sent 7 -> 9 # 0 at 181426761, 0.584996 0.852158
2024-07-09 06:55:42,430 INFO CHECKSUM 7 10 0: 1.182436
2024-07-09 06:55:42,431 INFO CHECKSUM 7 10 0: 1.182436
2024-07-09 06:55:42,461 INFO sent 7 -> 10 # 0 at 186885835, 0.584996 0.852158
2024-07-09 06:55:42,461 INFO recv 7 -> 10 # 0 at 217919844, 0.584996 0.852158
2024-07-09 06:55:42,629 INFO CHECKSUM 7 11 0: 1.182436
2024-07-09 06:55:42,630 INFO CHECKSUM 7 11 0: 1.182436
2024-07-09 06:55:42,642 INFO recv 7 -> 11 # 0 at 175583843, 0.584996 0.852158
2024-07-09 06:55:42,642 INFO sent 7 -> 11 # 0 at 164018911, 0.584996 0.852158
2024-07-09 06:55:42,896 INFO CHECKSUM 7 12 0: 1.182436
2024-07-09 06:55:42,894 INFO CHECKSUM 7 12 0: 1.182436
2024-07-09 06:55:42,912 INFO recv 7 -> 12 # 0 at 264963954, 0.584996 0.852158
2024-07-09 06:55:42,912 INFO sent 7 -> 12 # 0 at 248789239, 0.584996 0.852158
2024-07-09 06:55:43,076 INFO CHECKSUM 7 13 0: 1.182436
2024-07-09 06:55:43,077 INFO CHECKSUM 7 13 0: 1.182436
2024-07-09 06:55:43,096 INFO recv 7 -> 13 # 0 at 178470509, 0.584996 0.852158
2024-07-09 06:55:43,096 INFO sent 7 -> 13 # 0 at 158830030, 0.584996 0.852158
2024-07-09 06:55:43,285 INFO CHECKSUM 7 14 0: 1.182436
2024-07-09 06:55:43,286 INFO CHECKSUM 7 14 0: 1.182436
2024-07-09 06:55:43,307 INFO sent 7 -> 14 # 0 at 178883810, 0.584996 0.852158
2024-07-09 06:55:43,307 INFO recv 7 -> 14 # 0 at 200452036, 0.584996 0.852158
2024-07-09 06:55:43,505 INFO CHECKSUM 7 15 0: 1.182436
2024-07-09 06:55:43,506 INFO CHECKSUM 7 15 0: 1.182436
2024-07-09 06:55:43,514 INFO Sending from rank 8
2024-07-09 06:55:43,514 INFO Accepting from rank 8
2024-07-09 06:55:43,514 INFO Accepting from rank 8
2024-07-09 06:55:43,514 INFO Accepting from rank 8
2024-07-09 06:55:43,514 INFO Accepting from rank 8
2024-07-09 06:55:43,514 INFO Accepting from rank 8
2024-07-09 06:55:43,515 INFO Accepting from rank 8
2024-07-09 06:55:43,515 INFO recv 7 -> 15 # 0 at 200145372, 0.584996 0.852158
2024-07-09 06:55:43,515 INFO Accepting from rank 8
2024-07-09 06:55:43,517 INFO Accepting from rank 8
2024-07-09 06:55:43,517 INFO Accepting from rank 8
2024-07-09 06:55:43,517 INFO Accepting from rank 8
2024-07-09 06:55:43,517 INFO Accepting from rank 8
2024-07-09 06:55:43,517 INFO Accepting from rank 8
2024-07-09 06:55:43,517 INFO Accepting from rank 8
2024-07-09 06:55:43,525 INFO Accepting from rank 8
2024-07-09 06:55:43,525 INFO sent 7 -> 15 # 0 at 190907331, 0.584996 0.852158
2024-07-09 06:55:43,525 INFO Accepting from rank 8
2024-07-09 06:55:43,615 INFO CHECKSUM 8 0 0: 1.675030
2024-07-09 06:55:43,615 INFO CHECKSUM 8 0 0: 1.675030
2024-07-09 06:55:43,629 INFO recv 8 -> 0 # 0 at 93441856, 0.066417 0.292206
2024-07-09 06:55:43,629 INFO sent 8 -> 0 # 0 at 79462728, 0.066417 0.292206
2024-07-09 06:55:43,656 INFO CHECKSUM 8 1 0: 1.675030
2024-07-09 06:55:43,657 INFO CHECKSUM 8 1 0: 1.675030
2024-07-09 06:55:43,674 INFO sent 8 -> 1 # 0 at 13979837, 0.066417 0.292206
2024-07-09 06:55:43,674 INFO recv 8 -> 1 # 0 at 31932424, 0.066417 0.292206
2024-07-09 06:55:43,699 INFO CHECKSUM 8 2 0: 1.675030
2024-07-09 06:55:43,700 INFO CHECKSUM 8 2 0: 1.675030
2024-07-09 06:55:43,721 INFO sent 8 -> 2 # 0 at 22241736, 0.066417 0.292206
2024-07-09 06:55:43,721 INFO recv 8 -> 2 # 0 at 44091872, 0.066417 0.292206
2024-07-09 06:55:43,746 INFO CHECKSUM 8 3 0: 1.675030
2024-07-09 06:55:43,747 INFO CHECKSUM 8 3 0: 1.675030
2024-07-09 06:55:43,759 INFO sent 8 -> 3 # 0 at 13831600, 0.066417 0.292206
2024-07-09 06:55:43,759 INFO recv 8 -> 3 # 0 at 26161791, 0.066417 0.292206
2024-07-09 06:55:43,785 INFO CHECKSUM 8 4 0: 1.675030
2024-07-09 06:55:43,785 INFO CHECKSUM 8 4 0: 1.675030
2024-07-09 06:55:43,793 INFO sent 8 -> 4 # 0 at 14735592, 0.066417 0.292206
2024-07-09 06:55:43,793 INFO recv 8 -> 4 # 0 at 22641578, 0.066417 0.292206
2024-07-09 06:55:43,817 INFO CHECKSUM 8 5 0: 1.675030
2024-07-09 06:55:43,828 INFO sent 8 -> 5 # 0 at 13952675, 0.066417 0.292206
2024-07-09 06:55:43,818 INFO CHECKSUM 8 5 0: 1.675030
2024-07-09 06:55:43,828 INFO recv 8 -> 5 # 0 at 24972790, 0.066417 0.292206
2024-07-09 06:55:43,855 INFO CHECKSUM 8 6 0: 1.675030
2024-07-09 06:55:43,869 INFO sent 8 -> 6 # 0 at 14056516, 0.066417 0.292206
2024-07-09 06:55:43,855 INFO CHECKSUM 8 6 0: 1.675030
2024-07-09 06:55:43,869 INFO recv 8 -> 6 # 0 at 28230872, 0.066417 0.292206
2024-07-09 06:55:43,884 INFO CHECKSUM 8 7 0: 1.675030
2024-07-09 06:55:43,885 INFO CHECKSUM 8 7 0: 1.675030
2024-07-09 06:55:43,899 INFO sent 8 -> 7 # 0 at 14060323, 0.066417 0.292206
2024-07-09 06:55:43,899 INFO recv 8 -> 7 # 0 at 28920504, 0.066417 0.292206
2024-07-09 06:55:44,102 INFO CHECKSUM 8 9 0: 1.675030
2024-07-09 06:55:44,102 INFO CHECKSUM 8 9 0: 1.675030
2024-07-09 06:55:44,118 INFO sent 8 -> 9 # 0 at 189133967, 0.066417 0.292206
2024-07-09 06:55:44,118 INFO recv 8 -> 9 # 0 at 204967316, 0.066417 0.292206
2024-07-09 06:55:44,301 INFO CHECKSUM 8 10 0: 1.675030
2024-07-09 06:55:44,302 INFO CHECKSUM 8 10 0: 1.675030
2024-07-09 06:55:44,329 INFO sent 8 -> 10 # 0 at 179016233, 0.066417 0.292206
2024-07-09 06:55:44,331 INFO recv 8 -> 10 # 0 at 208423333, 0.066417 0.292206
2024-07-09 06:55:44,563 INFO CHECKSUM 8 11 0: 1.675030
2024-07-09 06:55:44,563 INFO CHECKSUM 8 11 0: 1.675030
2024-07-09 06:55:44,582 INFO sent 8 -> 11 # 0 at 204055088, 0.066417 0.292206
2024-07-09 06:55:44,582 INFO recv 8 -> 11 # 0 at 222794318, 0.066417 0.292206
2024-07-09 06:55:44,798 INFO CHECKSUM 8 12 0: 1.675030
2024-07-09 06:55:44,798 INFO CHECKSUM 8 12 0: 1.675030
2024-07-09 06:55:44,809 INFO sent 8 -> 12 # 0 at 212898173, 0.066417 0.292206
2024-07-09 06:55:44,809 INFO recv 8 -> 12 # 0 at 224056396, 0.066417 0.292206
2024-07-09 06:55:44,988 INFO CHECKSUM 8 13 0: 1.675030
2024-07-09 06:55:44,998 INFO CHECKSUM 8 13 0: 1.675030
2024-07-09 06:55:45,019 INFO sent 8 -> 13 # 0 at 167645913, 0.066417 0.292206
2024-07-09 06:55:45,019 INFO recv 8 -> 13 # 0 at 192123868, 0.066417 0.292206
2024-07-09 06:55:45,185 INFO CHECKSUM 8 14 0: 1.675030
2024-07-09 06:55:45,186 INFO CHECKSUM 8 14 0: 1.675030
2024-07-09 06:55:45,209 INFO sent 8 -> 14 # 0 at 158103823, 0.066417 0.292206
2024-07-09 06:55:45,209 INFO recv 8 -> 14 # 0 at 181635718, 0.066417 0.292206
2024-07-09 06:55:45,380 INFO CHECKSUM 8 15 0: 1.675030
2024-07-09 06:55:45,381 INFO CHECKSUM 8 15 0: 1.675030
2024-07-09 06:55:45,402 INFO Accepting from rank 9
2024-07-09 06:55:45,402 INFO Accepting from rank 9
2024-07-09 06:55:45,402 INFO Accepting from rank 9
2024-07-09 06:55:45,402 INFO Sending from rank 9
2024-07-09 06:55:45,402 INFO Accepting from rank 9
2024-07-09 06:55:45,402 INFO Accepting from rank 9
2024-07-09 06:55:45,402 INFO Accepting from rank 9
2024-07-09 06:55:45,402 INFO Accepting from rank 9
2024-07-09 06:55:45,402 INFO Accepting from rank 9
2024-07-09 06:55:45,402 INFO Accepting from rank 9
2024-07-09 06:55:45,402 INFO Accepting from rank 9
2024-07-09 06:55:45,402 INFO Accepting from rank 9
2024-07-09 06:55:45,402 INFO Accepting from rank 9
2024-07-09 06:55:45,402 INFO Accepting from rank 9
2024-07-09 06:55:45,402 INFO sent 8 -> 15 # 0 at 159052702, 0.066417 0.292206
2024-07-09 06:55:45,402 INFO recv 8 -> 15 # 0 at 180926294, 0.066417 0.292206
2024-07-09 06:55:45,402 INFO Accepting from rank 9
2024-07-09 06:55:45,402 INFO Accepting from rank 9
2024-07-09 06:55:45,457 INFO CHECKSUM 9 0 0: 1.628360
2024-07-09 06:55:45,466 INFO CHECKSUM 9 0 0: 1.628360
2024-07-09 06:55:45,481 INFO sent 9 -> 0 # 0 at 22659525, 0.505568 0.617288
2024-07-09 06:55:45,481 INFO recv 9 -> 0 # 0 at 46240355, 0.505568 0.617288
2024-07-09 06:55:45,496 INFO CHECKSUM 9 1 0: 1.628360
2024-07-09 06:55:45,496 INFO CHECKSUM 9 1 0: 1.628360
2024-07-09 06:55:45,513 INFO recv 9 -> 1 # 0 at 30919235, 0.505568 0.617288
2024-07-09 06:55:45,519 INFO sent 9 -> 1 # 0 at 14343112, 0.505568 0.617288
2024-07-09 06:55:45,573 INFO CHECKSUM 9 2 0: 1.628360
2024-07-09 06:55:45,573 INFO CHECKSUM 9 2 0: 1.628360
2024-07-09 06:55:45,593 INFO sent 9 -> 2 # 0 at 31952050, 0.505568 0.617288
2024-07-09 06:55:45,593 INFO recv 9 -> 2 # 0 at 51317798, 0.505568 0.617288
2024-07-09 06:55:45,619 INFO CHECKSUM 9 3 0: 1.628360
2024-07-09 06:55:45,619 INFO CHECKSUM 9 3 0: 1.628360
2024-07-09 06:55:45,633 INFO sent 9 -> 3 # 0 at 14014835, 0.505568 0.617288
2024-07-09 06:55:45,635 INFO recv 9 -> 3 # 0 at 30027722, 0.505568 0.617288
2024-07-09 06:55:45,654 INFO CHECKSUM 9 4 0: 1.628360
2024-07-09 06:55:45,655 INFO CHECKSUM 9 4 0: 1.628360
2024-07-09 06:55:45,669 INFO sent 9 -> 4 # 0 at 14348802, 0.505568 0.617288
2024-07-09 06:55:45,669 INFO recv 9 -> 4 # 0 at 28543346, 0.505568 0.617288
2024-07-09 06:55:45,770 INFO CHECKSUM 9 5 0: 1.628360
2024-07-09 06:55:45,771 INFO CHECKSUM 9 5 0: 1.628360
2024-07-09 06:55:45,781 INFO sent 9 -> 5 # 0 at 81750591, 0.505568 0.617288
2024-07-09 06:55:45,781 INFO recv 9 -> 5 # 0 at 82365874, 0.505568 0.617288
2024-07-09 06:55:45,808 INFO CHECKSUM 9 6 0: 1.628360
2024-07-09 06:55:45,808 INFO CHECKSUM 9 6 0: 1.628360
2024-07-09 06:55:45,818 INFO sent 9 -> 6 # 0 at 21302576, 0.505568 0.617288
2024-07-09 06:55:45,818 INFO recv 9 -> 6 # 0 at 32213454, 0.505568 0.617288
2024-07-09 06:55:45,922 INFO CHECKSUM 9 7 0: 1.628360
2024-07-09 06:55:45,929 INFO CHECKSUM 9 7 0: 1.628360
2024-07-09 06:55:45,938 INFO sent 9 -> 7 # 0 at 77497720, 0.505568 0.617288
2024-07-09 06:55:45,938 INFO recv 9 -> 7 # 0 at 101434281, 0.505568 0.617288
2024-07-09 06:55:45,961 INFO CHECKSUM 9 8 0: 1.628360
2024-07-09 06:55:45,962 INFO CHECKSUM 9 8 0: 1.628360
2024-07-09 06:55:45,977 INFO recv 9 -> 8 # 0 at 29695277, 0.505568 0.617288
2024-07-09 06:55:45,977 INFO sent 9 -> 8 # 0 at 13866628, 0.505568 0.617288
2024-07-09 06:55:46,176 INFO CHECKSUM 9 10 0: 1.628360
2024-07-09 06:55:46,177 INFO CHECKSUM 9 10 0: 1.628360
2024-07-09 06:55:46,202 INFO sent 9 -> 10 # 0 at 194107955, 0.505568 0.617288
2024-07-09 06:55:46,202 INFO recv 9 -> 10 # 0 at 220402003, 0.505568 0.617288
2024-07-09 06:55:46,381 INFO CHECKSUM 9 11 0: 1.628360
2024-07-09 06:55:46,382 INFO CHECKSUM 9 11 0: 1.628360
2024-07-09 06:55:46,395 INFO sent 9 -> 11 # 0 at 178152971, 0.505568 0.617288
2024-07-09 06:55:46,395 INFO recv 9 -> 11 # 0 at 191877182, 0.505568 0.617288
2024-07-09 06:55:46,618 INFO CHECKSUM 9 12 0: 1.628360
2024-07-09 06:55:46,618 INFO CHECKSUM 9 12 0: 1.628360
2024-07-09 06:55:46,637 INFO recv 9 -> 12 # 0 at 231281687, 0.505568 0.617288
2024-07-09 06:55:46,639 INFO sent 9 -> 12 # 0 at 212560950, 0.505568 0.617288
2024-07-09 06:55:46,836 INFO CHECKSUM 9 13 0: 1.628360
2024-07-09 06:55:46,837 INFO CHECKSUM 9 13 0: 1.628360
2024-07-09 06:55:46,854 INFO sent 9 -> 13 # 0 at 159764161, 0.505568 0.617288
2024-07-09 06:55:46,854 INFO recv 9 -> 13 # 0 at 178288387, 0.505568 0.617288
2024-07-09 06:55:47,050 INFO CHECKSUM 9 14 0: 1.628360
2024-07-09 06:55:47,051 INFO CHECKSUM 9 14 0: 1.628360
2024-07-09 06:55:47,069 INFO sent 9 -> 14 # 0 at 182936509, 0.505568 0.617288
2024-07-09 06:55:47,069 INFO recv 9 -> 14 # 0 at 201580321, 0.505568 0.617288
2024-07-09 06:55:47,277 INFO CHECKSUM 9 15 0: 1.628360
2024-07-09 06:55:47,277 INFO CHECKSUM 9 15 0: 1.628360
2024-07-09 06:55:47,292 INFO Accepting from rank 10
2024-07-09 06:55:47,292 INFO Accepting from rank 10
2024-07-09 06:55:47,292 INFO Accepting from rank 10
2024-07-09 06:55:47,292 INFO Accepting from rank 10
2024-07-09 06:55:47,292 INFO Accepting from rank 10
2024-07-09 06:55:47,292 INFO Sending from rank 10
2024-07-09 06:55:47,292 INFO Accepting from rank 10
2024-07-09 06:55:47,292 INFO Accepting from rank 10
2024-07-09 06:55:47,292 INFO Accepting from rank 10
2024-07-09 06:55:47,292 INFO Accepting from rank 10
2024-07-09 06:55:47,292 INFO Accepting from rank 10
2024-07-09 06:55:47,292 INFO Accepting from rank 10
2024-07-09 06:55:47,292 INFO Accepting from rank 10
2024-07-09 06:55:47,292 INFO sent 9 -> 15 # 0 at 191429254, 0.505568 0.617288
2024-07-09 06:55:47,292 INFO recv 9 -> 15 # 0 at 206512782, 0.505568 0.617288
2024-07-09 06:55:47,292 INFO Accepting from rank 10
2024-07-09 06:55:47,292 INFO Accepting from rank 10
2024-07-09 06:55:47,292 INFO Accepting from rank 10
2024-07-09 06:55:47,398 INFO CHECKSUM 10 0 0: 1.706104
2024-07-09 06:55:47,398 INFO CHECKSUM 10 0 0: 1.706104
2024-07-09 06:55:47,416 INFO recv 10 -> 0 # 0 at 96480119, 0.786536 0.705721
2024-07-09 06:55:47,427 INFO sent 10 -> 0 # 0 at 77990996, 0.786536 0.705721
2024-07-09 06:55:47,449 INFO CHECKSUM 10 1 0: 1.706104
2024-07-09 06:55:47,450 INFO CHECKSUM 10 1 0: 1.706104
2024-07-09 06:55:47,475 INFO sent 10 -> 1 # 0 at 14478363, 0.786536 0.705721
2024-07-09 06:55:47,485 INFO recv 10 -> 1 # 0 at 49975123, 0.786536 0.705721
2024-07-09 06:55:47,610 INFO CHECKSUM 10 2 0: 1.706104
2024-07-09 06:55:47,611 INFO CHECKSUM 10 2 0: 1.706104
2024-07-09 06:55:47,625 INFO recv 10 -> 2 # 0 at 110243067, 0.786536 0.705721
2024-07-09 06:55:47,625 INFO sent 10 -> 2 # 0 at 99004091, 0.786536 0.705721
2024-07-09 06:55:47,659 INFO CHECKSUM 10 3 0: 1.706104
2024-07-09 06:55:47,662 INFO CHECKSUM 10 3 0: 1.706104
2024-07-09 06:55:47,675 INFO recv 10 -> 3 # 0 at 35501601, 0.786536 0.705721
2024-07-09 06:55:47,675 INFO sent 10 -> 3 # 0 at 20157808, 0.786536 0.705721
2024-07-09 06:55:47,790 INFO CHECKSUM 10 4 0: 1.706104
2024-07-09 06:55:47,795 INFO CHECKSUM 10 4 0: 1.706104
2024-07-09 06:55:47,805 INFO sent 10 -> 4 # 0 at 86843118, 0.786536 0.705721
2024-07-09 06:55:47,805 INFO recv 10 -> 4 # 0 at 103079579, 0.786536 0.705721
2024-07-09 06:55:47,827 INFO CHECKSUM 10 5 0: 1.706104
2024-07-09 06:55:47,828 INFO CHECKSUM 10 5 0: 1.706104
2024-07-09 06:55:47,845 INFO sent 10 -> 5 # 0 at 15560240, 0.786536 0.705721
2024-07-09 06:55:47,845 INFO recv 10 -> 5 # 0 at 31892684, 0.786536 0.705721
2024-07-09 06:55:47,863 INFO CHECKSUM 10 6 0: 1.706104
2024-07-09 06:55:47,864 INFO CHECKSUM 10 6 0: 1.706104
2024-07-09 06:55:47,883 INFO sent 10 -> 6 # 0 at 13871036, 0.786536 0.705721
2024-07-09 06:55:47,883 INFO recv 10 -> 6 # 0 at 33303920, 0.786536 0.705721
2024-07-09 06:55:47,911 INFO CHECKSUM 10 7 0: 1.706104
2024-07-09 06:55:47,911 INFO CHECKSUM 10 7 0: 1.706104
2024-07-09 06:55:47,929 INFO sent 10 -> 7 # 0 at 14345236, 0.786536 0.705721
2024-07-09 06:55:47,929 INFO recv 10 -> 7 # 0 at 31993199, 0.786536 0.705721
2024-07-09 06:55:47,954 INFO CHECKSUM 10 8 0: 1.706104
2024-07-09 06:55:47,955 INFO CHECKSUM 10 8 0: 1.706104
2024-07-09 06:55:47,967 INFO recv 10 -> 8 # 0 at 25953377, 0.786536 0.705721
2024-07-09 06:55:47,975 INFO sent 10 -> 8 # 0 at 13852340, 0.786536 0.705721
2024-07-09 06:55:47,998 INFO CHECKSUM 10 9 0: 1.706104
2024-07-09 06:55:48,002 INFO CHECKSUM 10 9 0: 1.706104
2024-07-09 06:55:48,009 INFO sent 10 -> 9 # 0 at 19789204, 0.786536 0.705721
2024-07-09 06:55:48,010 INFO recv 10 -> 9 # 0 at 31051656, 0.786536 0.705721
2024-07-09 06:55:48,218 INFO CHECKSUM 10 11 0: 1.706104
2024-07-09 06:55:48,218 INFO CHECKSUM 10 11 0: 1.706104
2024-07-09 06:55:48,249 INFO sent 10 -> 11 # 0 at 180290923, 0.786536 0.705721
2024-07-09 06:55:48,249 INFO recv 10 -> 11 # 0 at 211674922, 0.786536 0.705721
2024-07-09 06:55:48,394 INFO CHECKSUM 10 12 0: 1.706104
2024-07-09 06:55:48,394 INFO CHECKSUM 10 12 0: 1.706104
2024-07-09 06:55:48,413 INFO sent 10 -> 12 # 0 at 132316698, 0.786536 0.705721
2024-07-09 06:55:48,413 INFO recv 10 -> 12 # 0 at 151318459, 0.786536 0.705721
2024-07-09 06:55:48,584 INFO CHECKSUM 10 13 0: 1.706104
2024-07-09 06:55:48,601 INFO CHECKSUM 10 13 0: 1.706104
2024-07-09 06:55:48,620 INFO sent 10 -> 13 # 0 at 160122354, 0.786536 0.705721
2024-07-09 06:55:48,620 INFO recv 10 -> 13 # 0 at 196033439, 0.786536 0.705721
2024-07-09 06:55:48,790 INFO CHECKSUM 10 14 0: 1.706104
2024-07-09 06:55:48,790 INFO CHECKSUM 10 14 0: 1.706104
2024-07-09 06:55:48,819 INFO sent 10 -> 14 # 0 at 156928495, 0.786536 0.705721
2024-07-09 06:55:48,819 INFO recv 10 -> 14 # 0 at 186806492, 0.786536 0.705721
2024-07-09 06:55:48,987 INFO CHECKSUM 10 15 0: 1.706104
2024-07-09 06:55:48,987 INFO CHECKSUM 10 15 0: 1.706104
2024-07-09 06:55:49,004 INFO Accepting from rank 11
2024-07-09 06:55:49,005 INFO Accepting from rank 11
2024-07-09 06:55:49,005 INFO Accepting from rank 11
2024-07-09 06:55:49,005 INFO Accepting from rank 11
2024-07-09 06:55:49,005 INFO Accepting from rank 11
2024-07-09 06:55:49,005 INFO Accepting from rank 11
2024-07-09 06:55:49,005 INFO sent 10 -> 15 # 0 at 161939425, 0.786536 0.705721
2024-07-09 06:55:49,005 INFO Accepting from rank 11
2024-07-09 06:55:49,005 INFO Accepting from rank 11
2024-07-09 06:55:49,005 INFO Accepting from rank 11
2024-07-09 06:55:49,005 INFO Accepting from rank 11
2024-07-09 06:55:49,005 INFO Accepting from rank 11
2024-07-09 06:55:49,005 INFO recv 10 -> 15 # 0 at 179742301, 0.786536 0.705721
2024-07-09 06:55:49,005 INFO Accepting from rank 11
2024-07-09 06:55:49,007 INFO Accepting from rank 11
2024-07-09 06:55:49,007 INFO Accepting from rank 11
2024-07-09 06:55:49,007 INFO Sending from rank 11
2024-07-09 06:55:49,007 INFO Accepting from rank 11
2024-07-09 06:55:49,059 INFO CHECKSUM 11 0 0: 1.047833
2024-07-09 06:55:49,060 INFO CHECKSUM 11 0 0: 1.047833
2024-07-09 06:55:49,073 INFO recv 11 -> 0 # 0 at 43533614, 0.745567 0.119438
2024-07-09 06:55:49,077 INFO sent 11 -> 0 # 0 at 29819358, 0.745567 0.119438
2024-07-09 06:55:49,126 INFO CHECKSUM 11 1 0: 1.047833
2024-07-09 06:55:49,128 INFO CHECKSUM 11 1 0: 1.047833
2024-07-09 06:55:49,145 INFO sent 11 -> 1 # 0 at 32616488, 0.745567 0.119438
2024-07-09 06:55:49,147 INFO recv 11 -> 1 # 0 at 53343412, 0.745567 0.119438
2024-07-09 06:55:49,172 INFO CHECKSUM 11 2 0: 1.047833
2024-07-09 06:55:49,172 INFO CHECKSUM 11 2 0: 1.047833
2024-07-09 06:55:49,189 INFO recv 11 -> 2 # 0 at 32002047, 0.745567 0.119438
2024-07-09 06:55:49,189 INFO sent 11 -> 2 # 0 at 14616431, 0.745567 0.119438
2024-07-09 06:55:49,217 INFO CHECKSUM 11 3 0: 1.047833
2024-07-09 06:55:49,217 INFO CHECKSUM 11 3 0: 1.047833
2024-07-09 06:55:49,242 INFO sent 11 -> 3 # 0 at 16447699, 0.745567 0.119438
2024-07-09 06:55:49,242 INFO recv 11 -> 3 # 0 at 39465712, 0.745567 0.119438
2024-07-09 06:55:49,266 INFO CHECKSUM 11 4 0: 1.047833
2024-07-09 06:55:49,267 INFO CHECKSUM 11 4 0: 1.047833
2024-07-09 06:55:49,278 INFO sent 11 -> 4 # 0 at 13843674, 0.745567 0.119438
2024-07-09 06:55:49,278 INFO recv 11 -> 4 # 0 at 25926372, 0.745567 0.119438
2024-07-09 06:55:49,295 INFO CHECKSUM 11 5 0: 1.047833
2024-07-09 06:55:49,296 INFO CHECKSUM 11 5 0: 1.047833
2024-07-09 06:55:49,319 INFO recv 11 -> 5 # 0 at 38331420, 0.745567 0.119438
2024-07-09 06:55:49,321 INFO sent 11 -> 5 # 0 at 13780652, 0.745567 0.119438
2024-07-09 06:55:49,393 INFO CHECKSUM 11 6 0: 1.047833
2024-07-09 06:55:49,393 INFO CHECKSUM 11 6 0: 1.047833
2024-07-09 06:55:49,421 INFO sent 11 -> 6 # 0 at 70041302, 0.745567 0.119438
2024-07-09 06:55:49,421 INFO recv 11 -> 6 # 0 at 97908102, 0.745567 0.119438
2024-07-09 06:55:49,529 INFO CHECKSUM 11 7 0: 1.047833
2024-07-09 06:55:49,538 INFO CHECKSUM 11 7 0: 1.047833
2024-07-09 06:55:49,554 INFO sent 11 -> 7 # 0 at 79192423, 0.745567 0.119438
2024-07-09 06:55:49,554 INFO recv 11 -> 7 # 0 at 104752850, 0.745567 0.119438
2024-07-09 06:55:49,576 INFO CHECKSUM 11 8 0: 1.047833
2024-07-09 06:55:49,592 INFO CHECKSUM 11 8 0: 1.047833
2024-07-09 06:55:49,605 INFO recv 11 -> 8 # 0 at 50424513, 0.745567 0.119438
2024-07-09 06:55:49,605 INFO sent 11 -> 8 # 0 at 21127416, 0.745567 0.119438
2024-07-09 06:55:49,654 INFO CHECKSUM 11 9 0: 1.047833
2024-07-09 06:55:49,655 INFO CHECKSUM 11 9 0: 1.047833
2024-07-09 06:55:49,665 INFO recv 11 -> 9 # 0 at 24415598, 0.745567 0.119438
2024-07-09 06:55:49,665 INFO sent 11 -> 9 # 0 at 13676680, 0.745567 0.119438
2024-07-09 06:55:49,688 INFO CHECKSUM 11 10 0: 1.047833
2024-07-09 06:55:49,689 INFO CHECKSUM 11 10 0: 1.047833
2024-07-09 06:55:49,727 INFO recv 11 -> 10 # 0 at 52755008, 0.745567 0.119438
2024-07-09 06:55:49,729 INFO sent 11 -> 10 # 0 at 13622454, 0.745567 0.119438
2024-07-09 06:55:49,977 INFO CHECKSUM 11 12 0: 1.047833
2024-07-09 06:55:49,977 INFO CHECKSUM 11 12 0: 1.047833
2024-07-09 06:55:50,005 INFO sent 11 -> 12 # 0 at 238217762, 0.745567 0.119438
2024-07-09 06:55:50,005 INFO recv 11 -> 12 # 0 at 265927389, 0.745567 0.119438
2024-07-09 06:55:50,247 INFO CHECKSUM 11 13 0: 1.047833
2024-07-09 06:55:50,247 INFO CHECKSUM 11 13 0: 1.047833
2024-07-09 06:55:50,264 INFO sent 11 -> 13 # 0 at 225748132, 0.745567 0.119438
2024-07-09 06:55:50,264 INFO recv 11 -> 13 # 0 at 242844529, 0.745567 0.119438
2024-07-09 06:55:50,458 INFO CHECKSUM 11 14 0: 1.047833
2024-07-09 06:55:50,460 INFO CHECKSUM 11 14 0: 1.047833
2024-07-09 06:55:50,469 INFO sent 11 -> 14 # 0 at 193129970, 0.745567 0.119438
2024-07-09 06:55:50,469 INFO recv 11 -> 14 # 0 at 204791419, 0.745567 0.119438
2024-07-09 06:55:50,689 INFO CHECKSUM 11 15 0: 1.047833
2024-07-09 06:55:50,690 INFO CHECKSUM 11 15 0: 1.047833
2024-07-09 06:55:50,719 INFO Accepting from rank 12
2024-07-09 06:55:50,719 INFO Sending from rank 12
2024-07-09 06:55:50,719 INFO Accepting from rank 12
2024-07-09 06:55:50,719 INFO Accepting from rank 12
2024-07-09 06:55:50,719 INFO Accepting from rank 12
2024-07-09 06:55:50,719 INFO Accepting from rank 12
2024-07-09 06:55:50,719 INFO Accepting from rank 12
2024-07-09 06:55:50,720 INFO Accepting from rank 12
2024-07-09 06:55:50,719 INFO sent 11 -> 15 # 0 at 215873017, 0.745567 0.119438
2024-07-09 06:55:50,720 INFO recv 11 -> 15 # 0 at 246290782, 0.745567 0.119438
2024-07-09 06:55:50,720 INFO Accepting from rank 12
2024-07-09 06:55:50,720 INFO Accepting from rank 12
2024-07-09 06:55:50,725 INFO Accepting from rank 12
2024-07-09 06:55:50,725 INFO Accepting from rank 12
2024-07-09 06:55:50,725 INFO Accepting from rank 12
2024-07-09 06:55:50,725 INFO Accepting from rank 12
2024-07-09 06:55:50,725 INFO Accepting from rank 12
2024-07-09 06:55:50,725 INFO Accepting from rank 12
2024-07-09 06:55:50,759 INFO CHECKSUM 12 0 0: 1.622190
2024-07-09 06:55:50,760 INFO CHECKSUM 12 0 0: 1.622190
2024-07-09 06:55:50,773 INFO recv 12 -> 0 # 0 at 28063054, 0.710855 0.568998
2024-07-09 06:55:50,777 INFO sent 12 -> 0 # 0 at 14684196, 0.710855 0.568998
2024-07-09 06:55:50,800 INFO CHECKSUM 12 1 0: 1.622190
2024-07-09 06:55:50,800 INFO CHECKSUM 12 1 0: 1.622190
2024-07-09 06:55:50,825 INFO recv 12 -> 1 # 0 at 48497296, 0.710855 0.568998
2024-07-09 06:55:50,825 INFO sent 12 -> 1 # 0 at 23167604, 0.710855 0.568998
2024-07-09 06:55:50,840 INFO CHECKSUM 12 2 0: 1.622190
2024-07-09 06:55:50,841 INFO CHECKSUM 12 2 0: 1.622190
2024-07-09 06:55:50,857 INFO recv 12 -> 2 # 0 at 31800608, 0.710855 0.568998
2024-07-09 06:55:50,857 INFO sent 12 -> 2 # 0 at 14857131, 0.710855 0.568998
2024-07-09 06:55:50,878 INFO CHECKSUM 12 3 0: 1.622190
2024-07-09 06:55:50,877 INFO CHECKSUM 12 3 0: 1.622190
2024-07-09 06:55:50,897 INFO recv 12 -> 3 # 0 at 33903482, 0.710855 0.568998
2024-07-09 06:55:50,897 INFO sent 12 -> 3 # 0 at 14556859, 0.710855 0.568998
2024-07-09 06:55:50,936 INFO CHECKSUM 12 4 0: 1.622190
2024-07-09 06:55:50,936 INFO CHECKSUM 12 4 0: 1.622190
2024-07-09 06:55:50,949 INFO sent 12 -> 4 # 0 at 14381971, 0.710855 0.568998
2024-07-09 06:55:50,949 INFO recv 12 -> 4 # 0 at 28007682, 0.710855 0.568998
2024-07-09 06:55:50,979 INFO CHECKSUM 12 5 0: 1.622190
2024-07-09 06:55:50,980 INFO CHECKSUM 12 5 0: 1.622190
2024-07-09 06:55:50,986 INFO sent 12 -> 5 # 0 at 15976168, 0.710855 0.568998
2024-07-09 06:55:50,986 INFO recv 12 -> 5 # 0 at 20886218, 0.710855 0.568998
2024-07-09 06:55:51,011 INFO CHECKSUM 12 6 0: 1.622190
2024-07-09 06:55:51,021 INFO CHECKSUM 12 6 0: 1.622190
2024-07-09 06:55:51,035 INFO sent 12 -> 6 # 0 at 14407941, 0.710855 0.568998
2024-07-09 06:55:51,035 INFO recv 12 -> 6 # 0 at 38682949, 0.710855 0.568998
2024-07-09 06:55:51,057 INFO CHECKSUM 12 7 0: 1.622190
2024-07-09 06:55:51,057 INFO CHECKSUM 12 7 0: 1.622190
2024-07-09 06:55:51,077 INFO sent 12 -> 7 # 0 at 14099784, 0.710855 0.568998
2024-07-09 06:55:51,081 INFO recv 12 -> 7 # 0 at 38868477, 0.710855 0.568998
2024-07-09 06:55:51,097 INFO CHECKSUM 12 8 0: 1.622190
2024-07-09 06:55:51,105 INFO sent 12 -> 8 # 0 at 13888616, 0.710855 0.568998
2024-07-09 06:55:51,098 INFO CHECKSUM 12 8 0: 1.622190
2024-07-09 06:55:51,105 INFO recv 12 -> 8 # 0 at 22202580, 0.710855 0.568998
2024-07-09 06:55:51,136 INFO CHECKSUM 12 9 0: 1.622190
2024-07-09 06:55:51,136 INFO CHECKSUM 12 9 0: 1.622190
2024-07-09 06:55:51,161 INFO recv 12 -> 9 # 0 at 45975332, 0.710855 0.568998
2024-07-09 06:55:51,161 INFO sent 12 -> 9 # 0 at 21108046, 0.710855 0.568998
2024-07-09 06:55:51,191 INFO CHECKSUM 12 10 0: 1.622190
2024-07-09 06:55:51,192 INFO CHECKSUM 12 10 0: 1.622190
2024-07-09 06:55:51,206 INFO recv 12 -> 10 # 0 at 28805644, 0.710855 0.568998
2024-07-09 06:55:51,206 INFO sent 12 -> 10 # 0 at 13836114, 0.710855 0.568998
2024-07-09 06:55:51,235 INFO CHECKSUM 12 11 0: 1.622190
2024-07-09 06:55:51,236 INFO CHECKSUM 12 11 0: 1.622190
2024-07-09 06:55:51,242 INFO sent 12 -> 11 # 0 at 14736617, 0.710855 0.568998
2024-07-09 06:55:51,243 INFO recv 12 -> 11 # 0 at 22129168, 0.710855 0.568998
2024-07-09 06:55:51,424 INFO CHECKSUM 12 13 0: 1.622190
2024-07-09 06:55:51,425 INFO CHECKSUM 12 13 0: 1.622190
2024-07-09 06:55:51,445 INFO sent 12 -> 13 # 0 at 177401338, 0.710855 0.568998
2024-07-09 06:55:51,447 INFO recv 12 -> 13 # 0 at 200787055, 0.710855 0.568998
2024-07-09 06:55:51,685 INFO CHECKSUM 12 14 0: 1.622190
2024-07-09 06:55:51,686 INFO CHECKSUM 12 14 0: 1.622190
2024-07-09 06:55:51,702 INFO sent 12 -> 14 # 0 at 219013249, 0.710855 0.568998
2024-07-09 06:55:51,702 INFO recv 12 -> 14 # 0 at 235701425, 0.710855 0.568998
2024-07-09 06:55:51,880 INFO CHECKSUM 12 15 0: 1.622190
2024-07-09 06:55:51,880 INFO CHECKSUM 12 15 0: 1.622190
2024-07-09 06:55:51,900 INFO Accepting from rank 13
2024-07-09 06:55:51,901 INFO Accepting from rank 13
2024-07-09 06:55:51,900 INFO Accepting from rank 13
2024-07-09 06:55:51,901 INFO sent 12 -> 15 # 0 at 173293283, 0.710855 0.568998
2024-07-09 06:55:51,901 INFO Accepting from rank 13
2024-07-09 06:55:51,901 INFO Accepting from rank 13
2024-07-09 06:55:51,901 INFO Accepting from rank 13
2024-07-09 06:55:51,901 INFO Accepting from rank 13
2024-07-09 06:55:51,902 INFO Accepting from rank 13
2024-07-09 06:55:51,901 INFO Accepting from rank 13
2024-07-09 06:55:51,902 INFO Accepting from rank 13
2024-07-09 06:55:51,907 INFO Accepting from rank 13
2024-07-09 06:55:51,907 INFO Accepting from rank 13
2024-07-09 06:55:51,908 INFO Sending from rank 13
2024-07-09 06:55:51,908 INFO recv 12 -> 15 # 0 at 201378781, 0.710855 0.568998
2024-07-09 06:55:51,908 INFO Accepting from rank 13
2024-07-09 06:55:51,909 INFO Accepting from rank 13
2024-07-09 06:55:51,909 INFO Accepting from rank 13
2024-07-09 06:55:51,944 INFO CHECKSUM 13 0 0: 1.940639
2024-07-09 06:55:51,945 INFO CHECKSUM 13 0 0: 1.940639
2024-07-09 06:55:51,960 INFO recv 13 -> 0 # 0 at 29497166, 0.784781 0.845400
2024-07-09 06:55:51,960 INFO sent 13 -> 0 # 0 at 14049006, 0.784781 0.845400
2024-07-09 06:55:51,982 INFO CHECKSUM 13 1 0: 1.940639
2024-07-09 06:55:51,994 INFO recv 13 -> 1 # 0 at 27570883, 0.784781 0.845400
2024-07-09 06:55:51,981 INFO CHECKSUM 13 1 0: 1.940639
2024-07-09 06:55:51,994 INFO sent 13 -> 1 # 0 at 14436607, 0.784781 0.845400
2024-07-09 06:55:52,014 INFO CHECKSUM 13 2 0: 1.940639
2024-07-09 06:55:52,023 INFO CHECKSUM 13 2 0: 1.940639
2024-07-09 06:55:52,037 INFO recv 13 -> 2 # 0 at 37614013, 0.784781 0.845400
2024-07-09 06:55:52,037 INFO sent 13 -> 2 # 0 at 14781374, 0.784781 0.845400
2024-07-09 06:55:52,055 INFO CHECKSUM 13 3 0: 1.940639
2024-07-09 06:55:52,056 INFO CHECKSUM 13 3 0: 1.940639
2024-07-09 06:55:52,071 INFO recv 13 -> 3 # 0 at 30106003, 0.784781 0.845400
2024-07-09 06:55:52,071 INFO sent 13 -> 3 # 0 at 13922090, 0.784781 0.845400
2024-07-09 06:55:52,088 INFO CHECKSUM 13 4 0: 1.940639
2024-07-09 06:55:52,098 INFO CHECKSUM 13 4 0: 1.940639
2024-07-09 06:55:52,107 INFO sent 13 -> 4 # 0 at 14591176, 0.784781 0.845400
2024-07-09 06:55:52,107 INFO recv 13 -> 4 # 0 at 33341011, 0.784781 0.845400
2024-07-09 06:55:52,141 INFO CHECKSUM 13 5 0: 1.940639
2024-07-09 06:55:52,141 INFO CHECKSUM 13 5 0: 1.940639
2024-07-09 06:55:52,171 INFO sent 13 -> 5 # 0 at 25026394, 0.784781 0.845400
2024-07-09 06:55:52,179 INFO recv 13 -> 5 # 0 at 60002113, 0.784781 0.845400
2024-07-09 06:55:52,233 INFO CHECKSUM 13 6 0: 1.940639
2024-07-09 06:55:52,234 INFO CHECKSUM 13 6 0: 1.940639
2024-07-09 06:55:52,250 INFO sent 13 -> 6 # 0 at 47639194, 0.784781 0.845400
2024-07-09 06:55:52,250 INFO recv 13 -> 6 # 0 at 55138951, 0.784781 0.845400
2024-07-09 06:55:52,276 INFO CHECKSUM 13 7 0: 1.940639
2024-07-09 06:55:52,276 INFO CHECKSUM 13 7 0: 1.940639
2024-07-09 06:55:52,295 INFO sent 13 -> 7 # 0 at 14268280, 0.784781 0.845400
2024-07-09 06:55:52,295 INFO recv 13 -> 7 # 0 at 33803875, 0.784781 0.845400
2024-07-09 06:55:52,313 INFO CHECKSUM 13 8 0: 1.940639
2024-07-09 06:55:52,313 INFO CHECKSUM 13 8 0: 1.940639
2024-07-09 06:55:52,326 INFO recv 13 -> 8 # 0 at 26851668, 0.784781 0.845400
2024-07-09 06:55:52,326 INFO sent 13 -> 8 # 0 at 13888806, 0.784781 0.845400
2024-07-09 06:55:52,364 INFO CHECKSUM 13 9 0: 1.940639
2024-07-09 06:55:52,364 INFO CHECKSUM 13 9 0: 1.940639
2024-07-09 06:55:52,378 INFO recv 13 -> 9 # 0 at 33800132, 0.784781 0.845400
2024-07-09 06:55:52,378 INFO sent 13 -> 9 # 0 at 13809612, 0.784781 0.845400
2024-07-09 06:55:52,393 INFO CHECKSUM 13 10 0: 1.940639
2024-07-09 06:55:52,400 INFO CHECKSUM 13 10 0: 1.940639
2024-07-09 06:55:52,425 INFO recv 13 -> 10 # 0 at 46286746, 0.784781 0.845400
2024-07-09 06:55:52,426 INFO sent 13 -> 10 # 0 at 13822648, 0.784781 0.845400
2024-07-09 06:55:52,501 INFO CHECKSUM 13 11 0: 1.940639
2024-07-09 06:55:52,501 INFO CHECKSUM 13 11 0: 1.940639
2024-07-09 06:55:52,529 INFO recv 13 -> 11 # 0 at 70364619, 0.784781 0.845400
2024-07-09 06:55:52,529 INFO sent 13 -> 11 # 0 at 45179550, 0.784781 0.845400
2024-07-09 06:55:52,613 INFO CHECKSUM 13 12 0: 1.940639
2024-07-09 06:55:52,613 INFO CHECKSUM 13 12 0: 1.940639
2024-07-09 06:55:52,619 INFO recv 13 -> 12 # 0 at 87943242, 0.784781 0.845400
2024-07-09 06:55:52,619 INFO sent 13 -> 12 # 0 at 82217664, 0.784781 0.845400
2024-07-09 06:55:52,836 INFO CHECKSUM 13 14 0: 1.940639
2024-07-09 06:55:52,834 INFO CHECKSUM 13 14 0: 1.940639
2024-07-09 06:55:52,849 INFO sent 13 -> 14 # 0 at 203260865, 0.784781 0.845400
2024-07-09 06:55:52,849 INFO recv 13 -> 14 # 0 at 216093165, 0.784781 0.845400
2024-07-09 06:55:53,044 INFO CHECKSUM 13 15 0: 1.940639
2024-07-09 06:55:53,044 INFO CHECKSUM 13 15 0: 1.940639
2024-07-09 06:55:53,061 INFO Accepting from rank 14
2024-07-09 06:55:53,061 INFO Accepting from rank 14
2024-07-09 06:55:53,061 INFO Accepting from rank 14
2024-07-09 06:55:53,061 INFO Accepting from rank 14
2024-07-09 06:55:53,061 INFO Accepting from rank 14
2024-07-09 06:55:53,061 INFO Accepting from rank 14
2024-07-09 06:55:53,061 INFO Sending from rank 14
2024-07-09 06:55:53,061 INFO Accepting from rank 14
2024-07-09 06:55:53,061 INFO Accepting from rank 14
2024-07-09 06:55:53,061 INFO sent 13 -> 15 # 0 at 180772305, 0.784781 0.845400
2024-07-09 06:55:53,061 INFO Accepting from rank 14
2024-07-09 06:55:53,061 INFO Accepting from rank 14
2024-07-09 06:55:53,061 INFO recv 13 -> 15 # 0 at 198108567, 0.784781 0.845400
2024-07-09 06:55:53,061 INFO Accepting from rank 14
2024-07-09 06:55:53,061 INFO Accepting from rank 14
2024-07-09 06:55:53,061 INFO Accepting from rank 14
2024-07-09 06:55:53,065 INFO Accepting from rank 14
2024-07-09 06:55:53,065 INFO Accepting from rank 14
2024-07-09 06:55:53,127 INFO CHECKSUM 14 0 0: 1.939322
2024-07-09 06:55:53,129 INFO CHECKSUM 14 0 0: 1.939322
2024-07-09 06:55:53,141 INFO recv 14 -> 0 # 0 at 53405673, 0.163786 0.849501
2024-07-09 06:55:53,141 INFO sent 14 -> 0 # 0 at 39076190, 0.163786 0.849501
2024-07-09 06:55:53,170 INFO CHECKSUM 14 1 0: 1.939322
2024-07-09 06:55:53,171 INFO CHECKSUM 14 1 0: 1.939322
2024-07-09 06:55:53,205 INFO sent 14 -> 1 # 0 at 17786504, 0.163786 0.849501
2024-07-09 06:55:53,209 INFO recv 14 -> 1 # 0 at 53026048, 0.163786 0.849501
2024-07-09 06:55:53,224 INFO CHECKSUM 14 2 0: 1.939322
2024-07-09 06:55:53,225 INFO CHECKSUM 14 2 0: 1.939322
2024-07-09 06:55:53,240 INFO recv 14 -> 2 # 0 at 30348592, 0.163786 0.849501
2024-07-09 06:55:53,241 INFO sent 14 -> 2 # 0 at 13969882, 0.163786 0.849501
2024-07-09 06:55:53,279 INFO CHECKSUM 14 3 0: 1.939322
2024-07-09 06:55:53,279 INFO CHECKSUM 14 3 0: 1.939322
2024-07-09 06:55:53,301 INFO sent 14 -> 3 # 0 at 25833105, 0.163786 0.849501
2024-07-09 06:55:53,305 INFO recv 14 -> 3 # 0 at 51969547, 0.163786 0.849501
2024-07-09 06:55:53,421 INFO CHECKSUM 14 4 0: 1.939322
2024-07-09 06:55:53,421 INFO CHECKSUM 14 4 0: 1.939322
2024-07-09 06:55:53,434 INFO sent 14 -> 4 # 0 at 99427882, 0.163786 0.849501
2024-07-09 06:55:53,434 INFO recv 14 -> 4 # 0 at 112931154, 0.163786 0.849501
2024-07-09 06:55:53,460 INFO CHECKSUM 14 5 0: 1.939322
2024-07-09 06:55:53,460 INFO CHECKSUM 14 5 0: 1.939322
2024-07-09 06:55:53,491 INFO recv 14 -> 5 # 0 at 45317101, 0.163786 0.849501
2024-07-09 06:55:53,491 INFO sent 14 -> 5 # 0 at 14222532, 0.163786 0.849501
2024-07-09 06:55:53,601 INFO CHECKSUM 14 6 0: 1.939322
2024-07-09 06:55:53,601 INFO CHECKSUM 14 6 0: 1.939322
2024-07-09 06:55:53,613 INFO sent 14 -> 6 # 0 at 91186794, 0.163786 0.849501
2024-07-09 06:55:53,613 INFO recv 14 -> 6 # 0 at 103744562, 0.163786 0.849501
2024-07-09 06:55:53,639 INFO CHECKSUM 14 7 0: 1.939322
2024-07-09 06:55:53,639 INFO CHECKSUM 14 7 0: 1.939322
2024-07-09 06:55:53,665 INFO sent 14 -> 7 # 0 at 14694435, 0.163786 0.849501
2024-07-09 06:55:53,665 INFO recv 14 -> 7 # 0 at 40567138, 0.163786 0.849501
2024-07-09 06:55:53,698 INFO CHECKSUM 14 8 0: 1.939322
2024-07-09 06:55:53,699 INFO CHECKSUM 14 8 0: 1.939322
2024-07-09 06:55:53,717 INFO recv 14 -> 8 # 0 at 31989323, 0.163786 0.849501
2024-07-09 06:55:53,717 INFO sent 14 -> 8 # 0 at 13801907, 0.163786 0.849501
2024-07-09 06:55:53,825 INFO CHECKSUM 14 9 0: 1.939322
2024-07-09 06:55:53,834 INFO CHECKSUM 14 9 0: 1.939322
2024-07-09 06:55:53,841 INFO sent 14 -> 9 # 0 at 88244606, 0.163786 0.849501
2024-07-09 06:55:53,841 INFO recv 14 -> 9 # 0 at 104181563, 0.163786 0.849501
2024-07-09 06:55:53,873 INFO CHECKSUM 14 10 0: 1.939322
2024-07-09 06:55:53,873 INFO CHECKSUM 14 10 0: 1.939322
2024-07-09 06:55:53,885 INFO recv 14 -> 10 # 0 at 34577388, 0.163786 0.849501
2024-07-09 06:55:53,885 INFO sent 14 -> 10 # 0 at 22684138, 0.163786 0.849501
2024-07-09 06:55:53,907 INFO CHECKSUM 14 11 0: 1.939322
2024-07-09 06:55:53,906 INFO CHECKSUM 14 11 0: 1.939322
2024-07-09 06:55:53,925 INFO sent 14 -> 11 # 0 at 15884250, 0.163786 0.849501
2024-07-09 06:55:53,929 INFO recv 14 -> 11 # 0 at 38313446, 0.163786 0.849501
2024-07-09 06:55:53,972 INFO CHECKSUM 14 12 0: 1.939322
2024-07-09 06:55:53,972 INFO CHECKSUM 14 12 0: 1.939322
2024-07-09 06:55:53,984 INFO recv 14 -> 12 # 0 at 42008108, 0.163786 0.849501
2024-07-09 06:55:53,984 INFO sent 14 -> 12 # 0 at 29874252, 0.163786 0.849501
2024-07-09 06:55:54,004 INFO CHECKSUM 14 13 0: 1.939322
2024-07-09 06:55:54,004 INFO CHECKSUM 14 13 0: 1.939322
2024-07-09 06:55:54,027 INFO recv 14 -> 13 # 0 at 37353736, 0.163786 0.849501
2024-07-09 06:55:54,027 INFO sent 14 -> 13 # 0 at 14336213, 0.163786 0.849501
2024-07-09 06:55:54,265 INFO CHECKSUM 14 15 0: 1.939322
2024-07-09 06:55:54,265 INFO CHECKSUM 14 15 0: 1.939322
2024-07-09 06:55:54,281 INFO Accepting from rank 15
2024-07-09 06:55:54,281 INFO Accepting from rank 15
2024-07-09 06:55:54,281 INFO Accepting from rank 15
2024-07-09 06:55:54,281 INFO Accepting from rank 15
2024-07-09 06:55:54,281 INFO Accepting from rank 15
2024-07-09 06:55:54,281 INFO Accepting from rank 15
2024-07-09 06:55:54,281 INFO Accepting from rank 15
2024-07-09 06:55:54,281 INFO Accepting from rank 15
2024-07-09 06:55:54,281 INFO Accepting from rank 15
2024-07-09 06:55:54,281 INFO Accepting from rank 15
2024-07-09 06:55:54,281 INFO sent 14 -> 15 # 0 at 211426948, 0.163786 0.849501
2024-07-09 06:55:54,281 INFO Accepting from rank 15
2024-07-09 06:55:54,281 INFO recv 14 -> 15 # 0 at 227783554, 0.163786 0.849501
2024-07-09 06:55:54,281 INFO Accepting from rank 15
2024-07-09 06:55:54,282 INFO Accepting from rank 15
2024-07-09 06:55:54,282 INFO Sending from rank 15
2024-07-09 06:55:54,291 INFO Accepting from rank 15
2024-07-09 06:55:54,291 INFO Accepting from rank 15
2024-07-09 06:55:54,347 INFO CHECKSUM 15 0 0: 1.869292
2024-07-09 06:55:54,347 INFO CHECKSUM 15 0 0: 1.869292
2024-07-09 06:55:54,364 INFO recv 15 -> 0 # 0 at 52186806, 0.770214 0.703805
2024-07-09 06:55:54,373 INFO sent 15 -> 0 # 0 at 35081445, 0.770214 0.703805
2024-07-09 06:55:54,427 INFO CHECKSUM 15 1 0: 1.869292
2024-07-09 06:55:54,427 INFO CHECKSUM 15 1 0: 1.869292
2024-07-09 06:55:54,440 INFO recv 15 -> 1 # 0 at 46955256, 0.770214 0.703805
2024-07-09 06:55:54,440 INFO sent 15 -> 1 # 0 at 34320702, 0.770214 0.703805
2024-07-09 06:55:54,467 INFO CHECKSUM 15 2 0: 1.869292
2024-07-09 06:55:54,468 INFO CHECKSUM 15 2 0: 1.869292
2024-07-09 06:55:54,496 INFO recv 15 -> 2 # 0 at 45118226, 0.770214 0.703805
2024-07-09 06:55:54,499 INFO sent 15 -> 2 # 0 at 15840705, 0.770214 0.703805
2024-07-09 06:55:54,612 INFO CHECKSUM 15 3 0: 1.869292
2024-07-09 06:55:54,612 INFO CHECKSUM 15 3 0: 1.869292
2024-07-09 06:55:54,647 INFO recv 15 -> 3 # 0 at 124889152, 0.770214 0.703805
2024-07-09 06:55:54,647 INFO sent 15 -> 3 # 0 at 92664304, 0.770214 0.703805
2024-07-09 06:55:54,675 INFO CHECKSUM 15 4 0: 1.869292
2024-07-09 06:55:54,675 INFO CHECKSUM 15 4 0: 1.869292
2024-07-09 06:55:54,685 INFO sent 15 -> 4 # 0 at 13928563, 0.770214 0.703805
2024-07-09 06:55:54,685 INFO recv 15 -> 4 # 0 at 23655546, 0.770214 0.703805
2024-07-09 06:55:54,710 INFO CHECKSUM 15 5 0: 1.869292
2024-07-09 06:55:54,710 INFO CHECKSUM 15 5 0: 1.869292
2024-07-09 06:55:54,725 INFO recv 15 -> 5 # 0 at 30202039, 0.770214 0.703805
2024-07-09 06:55:54,729 INFO sent 15 -> 5 # 0 at 14440755, 0.770214 0.703805
2024-07-09 06:55:54,762 INFO CHECKSUM 15 6 0: 1.869292
2024-07-09 06:55:54,762 INFO CHECKSUM 15 6 0: 1.869292
2024-07-09 06:55:54,789 INFO recv 15 -> 6 # 0 at 53755018, 0.770214 0.703805
2024-07-09 06:55:54,789 INFO sent 15 -> 6 # 0 at 18453696, 0.770214 0.703805
2024-07-09 06:55:54,846 INFO CHECKSUM 15 7 0: 1.869292
2024-07-09 06:55:54,847 INFO CHECKSUM 15 7 0: 1.869292
2024-07-09 06:55:54,858 INFO sent 15 -> 7 # 0 at 40256607, 0.770214 0.703805
2024-07-09 06:55:54,858 INFO recv 15 -> 7 # 0 at 41422380, 0.770214 0.703805
2024-07-09 06:55:54,900 INFO CHECKSUM 15 8 0: 1.869292
2024-07-09 06:55:54,909 INFO CHECKSUM 15 8 0: 1.869292
2024-07-09 06:55:54,921 INFO recv 15 -> 8 # 0 at 44705371, 0.770214 0.703805
2024-07-09 06:55:54,922 INFO sent 15 -> 8 # 0 at 14315673, 0.770214 0.703805
2024-07-09 06:55:54,956 INFO CHECKSUM 15 9 0: 1.869292
2024-07-09 06:55:54,956 INFO CHECKSUM 15 9 0: 1.869292
2024-07-09 06:55:54,968 INFO recv 15 -> 9 # 0 at 34802795, 0.770214 0.703805
2024-07-09 06:55:54,968 INFO sent 15 -> 9 # 0 at 22587611, 0.770214 0.703805
2024-07-09 06:55:54,995 INFO CHECKSUM 15 10 0: 1.869292
2024-07-09 06:55:54,995 INFO CHECKSUM 15 10 0: 1.869292
2024-07-09 06:55:55,013 INFO recv 15 -> 10 # 0 at 33859136, 0.770214 0.703805
2024-07-09 06:55:55,013 INFO sent 15 -> 10 # 0 at 13983760, 0.770214 0.703805
2024-07-09 06:55:55,033 INFO CHECKSUM 15 11 0: 1.869292
2024-07-09 06:55:55,033 INFO CHECKSUM 15 11 0: 1.869292
2024-07-09 06:55:55,059 INFO recv 15 -> 11 # 0 at 40773393, 0.770214 0.703805
2024-07-09 06:55:55,063 INFO sent 15 -> 11 # 0 at 14339047, 0.770214 0.703805
2024-07-09 06:55:55,085 INFO CHECKSUM 15 12 0: 1.869292
2024-07-09 06:55:55,084 INFO CHECKSUM 15 12 0: 1.869292
2024-07-09 06:55:55,099 INFO recv 15 -> 12 # 0 at 29296713, 0.770214 0.703805
2024-07-09 06:55:55,099 INFO sent 15 -> 12 # 0 at 14234716, 0.770214 0.703805
2024-07-09 06:55:55,128 INFO CHECKSUM 15 13 0: 1.869292
2024-07-09 06:55:55,127 INFO CHECKSUM 15 13 0: 1.869292
2024-07-09 06:55:55,145 INFO recv 15 -> 13 # 0 at 31275825, 0.770214 0.703805
2024-07-09 06:55:55,145 INFO sent 15 -> 13 # 0 at 13957700, 0.770214 0.703805
2024-07-09 06:55:55,197 INFO CHECKSUM 15 14 0: 1.869292
2024-07-09 06:55:55,198 INFO CHECKSUM 15 14 0: 1.869292
2024-07-09 06:55:55,216 INFO Rank 0 done
2024-07-09 06:55:55,217 INFO Rank 12 done
2024-07-09 06:55:55,217 INFO Rank 8 done
2024-07-09 06:55:55,216 INFO Rank 1 done
2024-07-09 06:55:55,217 INFO Rank 4 done
2024-07-09 06:55:55,217 INFO Rank 9 done
2024-07-09 06:55:55,216 INFO Rank 2 done
2024-07-09 06:55:55,217 INFO Rank 13 done
2024-07-09 06:55:55,217 INFO Rank 5 done
2024-07-09 06:55:55,217 INFO Rank 10 done
2024-07-09 06:55:55,216 INFO Rank 3 done
2024-07-09 06:55:55,217 INFO Rank 6 done
2024-07-09 06:55:55,217 INFO Rank 11 done
2024-07-09 06:55:55,217 INFO recv 15 -> 14 # 0 at 50632670, 0.770214 0.703805
2024-07-09 06:55:55,217 INFO Rank 14 done
2024-07-09 06:55:55,217 INFO Rank 7 done
2024-07-09 06:55:55,217 INFO sent 15 -> 14 # 0 at 31141956, 0.770214 0.703805
2024-07-09 06:55:55,217 INFO Rank 15 done
