
Lmod is automatically replacing "gcc-native/12.3" with "gcc/11.2.0".


Inactive Modules:
  1) cray-libsci/23.12.5

The following have been reloaded with a version change:
  1) cray-mpich/8.1.28 => cray-mpich/8.1.25
  2) cudatoolkit/12.2 => cudatoolkit/11.7

nid[001576-001577,001580-001581]
srun: Job 27856636 step creation temporarily disabled, retrying (Requested nodes are busy)
srun: Step created for StepId=27856636.4
2024-07-09 06:56:33,464 INFO Initialized rank 4 out of 16
2024-07-09 06:56:33,466 INFO Initialized rank 0 out of 16
2024-07-09 06:56:33,467 INFO Initialized rank 12 out of 16
2024-07-09 06:56:33,474 INFO Initialized rank 7 out of 16
2024-07-09 06:56:33,474 INFO Initialized rank 6 out of 16
2024-07-09 06:56:33,474 INFO Initialized rank 5 out of 16
2024-07-09 06:56:33,475 INFO Initialized rank 10 out of 16
2024-07-09 06:56:33,475 INFO Initialized rank 1 out of 16
2024-07-09 06:56:33,475 INFO Initialized rank 8 out of 16
2024-07-09 06:56:33,475 INFO Initialized rank 2 out of 16
2024-07-09 06:56:33,475 INFO Initialized rank 9 out of 16
2024-07-09 06:56:33,475 INFO Initialized rank 11 out of 16
2024-07-09 06:56:33,475 INFO Initialized rank 3 out of 16
2024-07-09 06:56:33,479 INFO Initialized rank 14 out of 16
2024-07-09 06:56:33,479 INFO Initialized rank 13 out of 16
2024-07-09 06:56:33,479 INFO Initialized rank 15 out of 16
2024-07-09 06:56:36,133 INFO Sync time
2024-07-09 06:56:36,133 INFO Sync time
2024-07-09 06:56:36,133 INFO Sync time
2024-07-09 06:56:36,133 INFO Sync time
2024-07-09 06:56:36,133 INFO Sync time
2024-07-09 06:56:36,133 INFO Sync time
2024-07-09 06:56:36,133 INFO Sync time
2024-07-09 06:56:36,133 INFO Sync time
2024-07-09 06:56:36,134 INFO Sync time
2024-07-09 06:56:36,133 INFO Sync time
2024-07-09 06:56:36,134 INFO Sync time
2024-07-09 06:56:36,134 INFO Sending from rank 0
2024-07-09 06:56:36,134 INFO Sync time
2024-07-09 06:56:36,133 INFO Sync time
2024-07-09 06:56:36,134 INFO Sync time
2024-07-09 06:56:36,134 INFO Accepting from rank 0
2024-07-09 06:56:36,134 INFO Sync time
2024-07-09 06:56:36,133 INFO Sync time
2024-07-09 06:56:36,134 INFO Accepting from rank 0
2024-07-09 06:56:36,134 INFO Accepting from rank 0
2024-07-09 06:56:36,134 INFO Accepting from rank 0
2024-07-09 06:56:36,134 INFO Accepting from rank 0
2024-07-09 06:56:36,134 INFO Accepting from rank 0
2024-07-09 06:56:36,134 INFO Accepting from rank 0
2024-07-09 06:56:36,134 INFO Accepting from rank 0
2024-07-09 06:56:36,134 INFO Accepting from rank 0
2024-07-09 06:56:36,134 INFO Accepting from rank 0
2024-07-09 06:56:36,134 INFO Accepting from rank 0
2024-07-09 06:56:36,134 INFO Accepting from rank 0
2024-07-09 06:56:36,134 INFO Accepting from rank 0
2024-07-09 06:56:36,134 INFO Accepting from rank 0
2024-07-09 06:56:36,134 INFO Accepting from rank 0
2024-07-09 06:56:36,420 INFO CHECKSUM 0 1 0: 1.228745
2024-07-09 06:56:36,423 INFO CHECKSUM 0 1 0: 1.228745
2024-07-09 06:56:36,457 INFO sent 0 -> 1 # 0 at 262226925, 0.732724 0.222578
2024-07-09 06:56:36,471 INFO recv 0 -> 1 # 0 at 302498240, 0.732724 0.222578
2024-07-09 06:56:36,717 INFO CHECKSUM 0 2 0: 1.228745
2024-07-09 06:56:36,719 INFO CHECKSUM 0 2 0: 1.228745
2024-07-09 06:56:36,740 INFO sent 0 -> 2 # 0 at 236470763, 0.732724 0.222578
2024-07-09 06:56:36,740 INFO recv 0 -> 2 # 0 at 258548605, 0.732724 0.222578
2024-07-09 06:56:36,958 INFO CHECKSUM 0 3 0: 1.228745
2024-07-09 06:56:36,961 INFO CHECKSUM 0 3 0: 1.228745
2024-07-09 06:56:36,972 INFO sent 0 -> 3 # 0 at 212348601, 0.732724 0.222578
2024-07-09 06:56:36,972 INFO recv 0 -> 3 # 0 at 226472269, 0.732724 0.222578
2024-07-09 06:56:37,208 INFO CHECKSUM 0 4 0: 1.228745
2024-07-09 06:56:37,209 INFO CHECKSUM 0 4 0: 1.228745
2024-07-09 06:56:37,237 INFO sent 0 -> 4 # 0 at 228277959, 0.732724 0.222578
2024-07-09 06:56:37,237 INFO recv 0 -> 4 # 0 at 256784310, 0.732724 0.222578
2024-07-09 06:56:37,457 INFO CHECKSUM 0 5 0: 1.228745
2024-07-09 06:56:37,459 INFO CHECKSUM 0 5 0: 1.228745
2024-07-09 06:56:37,489 INFO sent 0 -> 5 # 0 at 217063545, 0.732724 0.222578
2024-07-09 06:56:37,499 INFO recv 0 -> 5 # 0 at 259171339, 0.732724 0.222578
2024-07-09 06:56:37,735 INFO CHECKSUM 0 6 0: 1.228745
2024-07-09 06:56:37,736 INFO CHECKSUM 0 6 0: 1.228745
2024-07-09 06:56:37,761 INFO sent 0 -> 6 # 0 at 214281357, 0.732724 0.222578
2024-07-09 06:56:37,761 INFO recv 0 -> 6 # 0 at 240032146, 0.732724 0.222578
2024-07-09 06:56:37,997 INFO CHECKSUM 0 7 0: 1.228745
2024-07-09 06:56:37,999 INFO CHECKSUM 0 7 0: 1.228745
2024-07-09 06:56:38,010 INFO sent 0 -> 7 # 0 at 231887696, 0.732724 0.222578
2024-07-09 06:56:38,010 INFO recv 0 -> 7 # 0 at 244315468, 0.732724 0.222578
2024-07-09 06:56:38,227 INFO CHECKSUM 0 8 0: 1.228745
2024-07-09 06:56:38,229 INFO CHECKSUM 0 8 0: 1.228745
2024-07-09 06:56:38,245 INFO sent 0 -> 8 # 0 at 210771584, 0.732724 0.222578
2024-07-09 06:56:38,246 INFO recv 0 -> 8 # 0 at 229142506, 0.732724 0.222578
2024-07-09 06:56:38,471 INFO CHECKSUM 0 9 0: 1.228745
2024-07-09 06:56:38,473 INFO CHECKSUM 0 9 0: 1.228745
2024-07-09 06:56:38,485 INFO sent 0 -> 9 # 0 at 221980447, 0.732724 0.222578
2024-07-09 06:56:38,485 INFO recv 0 -> 9 # 0 at 235705109, 0.732724 0.222578
2024-07-09 06:56:38,702 INFO CHECKSUM 0 10 0: 1.228745
2024-07-09 06:56:38,704 INFO CHECKSUM 0 10 0: 1.228745
2024-07-09 06:56:38,719 INFO recv 0 -> 10 # 0 at 223200285, 0.732724 0.222578
2024-07-09 06:56:38,719 INFO sent 0 -> 10 # 0 at 209683119, 0.732724 0.222578
2024-07-09 06:56:38,970 INFO CHECKSUM 0 11 0: 1.228745
2024-07-09 06:56:38,971 INFO CHECKSUM 0 11 0: 1.228745
2024-07-09 06:56:38,987 INFO sent 0 -> 11 # 0 at 245557115, 0.732724 0.222578
2024-07-09 06:56:38,987 INFO recv 0 -> 11 # 0 at 262041908, 0.732724 0.222578
2024-07-09 06:56:39,213 INFO CHECKSUM 0 12 0: 1.228745
2024-07-09 06:56:39,215 INFO CHECKSUM 0 12 0: 1.228745
2024-07-09 06:56:39,229 INFO sent 0 -> 12 # 0 at 201300087, 0.732724 0.222578
2024-07-09 06:56:39,229 INFO recv 0 -> 12 # 0 at 217286214, 0.732724 0.222578
2024-07-09 06:56:39,472 INFO CHECKSUM 0 13 0: 1.228745
2024-07-09 06:56:39,474 INFO CHECKSUM 0 13 0: 1.228745
2024-07-09 06:56:39,497 INFO sent 0 -> 13 # 0 at 240604002, 0.732724 0.222578
2024-07-09 06:56:39,502 INFO recv 0 -> 13 # 0 at 270737897, 0.732724 0.222578
2024-07-09 06:56:39,738 INFO CHECKSUM 0 14 0: 1.228745
2024-07-09 06:56:39,739 INFO CHECKSUM 0 14 0: 1.228745
2024-07-09 06:56:39,757 INFO sent 0 -> 14 # 0 at 229510541, 0.732724 0.222578
2024-07-09 06:56:39,757 INFO recv 0 -> 14 # 0 at 248593107, 0.732724 0.222578
2024-07-09 06:56:39,997 INFO CHECKSUM 0 15 0: 1.228745
2024-07-09 06:56:40,010 INFO CHECKSUM 0 15 0: 1.228745
2024-07-09 06:56:40,033 INFO sent 0 -> 15 # 0 at 215682986, 0.732724 0.222578
2024-07-09 06:56:40,033 INFO Accepting from rank 1
2024-07-09 06:56:40,033 INFO Accepting from rank 1
2024-07-09 06:56:40,033 INFO Accepting from rank 1
2024-07-09 06:56:40,033 INFO Accepting from rank 1
2024-07-09 06:56:40,033 INFO Accepting from rank 1
2024-07-09 06:56:40,033 INFO Accepting from rank 1
2024-07-09 06:56:40,033 INFO Sending from rank 1
2024-07-09 06:56:40,033 INFO Accepting from rank 1
2024-07-09 06:56:40,033 INFO Accepting from rank 1
2024-07-09 06:56:40,033 INFO Accepting from rank 1
2024-07-09 06:56:40,033 INFO Accepting from rank 1
2024-07-09 06:56:40,033 INFO Accepting from rank 1
2024-07-09 06:56:40,033 INFO Accepting from rank 1
2024-07-09 06:56:40,033 INFO Accepting from rank 1
2024-07-09 06:56:40,033 INFO recv 0 -> 15 # 0 at 251495737, 0.732724 0.222578
2024-07-09 06:56:40,033 INFO Accepting from rank 1
2024-07-09 06:56:40,033 INFO Accepting from rank 1
2024-07-09 06:56:40,072 INFO CHECKSUM 1 0 0: 1.457257
2024-07-09 06:56:40,072 INFO CHECKSUM 1 0 0: 1.457257
2024-07-09 06:56:40,095 INFO recv 1 -> 0 # 0 at 37824807, 0.701300 0.810809
2024-07-09 06:56:40,095 INFO sent 1 -> 0 # 0 at 14350887, 0.701300 0.810809
2024-07-09 06:56:40,310 INFO CHECKSUM 1 2 0: 1.457257
2024-07-09 06:56:40,313 INFO CHECKSUM 1 2 0: 1.457257
2024-07-09 06:56:40,325 INFO sent 1 -> 2 # 0 at 204835781, 0.701300 0.810809
2024-07-09 06:56:40,325 INFO recv 1 -> 2 # 0 at 220236947, 0.701300 0.810809
2024-07-09 06:56:40,459 INFO CHECKSUM 1 3 0: 1.457257
2024-07-09 06:56:40,460 INFO CHECKSUM 1 3 0: 1.457257
2024-07-09 06:56:40,501 INFO sent 1 -> 3 # 0 at 123745331, 0.701300 0.810809
2024-07-09 06:56:40,501 INFO recv 1 -> 3 # 0 at 164991370, 0.701300 0.810809
2024-07-09 06:56:40,689 INFO CHECKSUM 1 4 0: 1.457257
2024-07-09 06:56:40,689 INFO CHECKSUM 1 4 0: 1.457257
2024-07-09 06:56:40,701 INFO sent 1 -> 4 # 0 at 179456067, 0.701300 0.810809
2024-07-09 06:56:40,701 INFO recv 1 -> 4 # 0 at 191493833, 0.701300 0.810809
2024-07-09 06:56:40,898 INFO CHECKSUM 1 5 0: 1.457257
2024-07-09 06:56:40,908 INFO sent 1 -> 5 # 0 at 188187553, 0.701300 0.810809
2024-07-09 06:56:40,898 INFO CHECKSUM 1 5 0: 1.457257
2024-07-09 06:56:40,908 INFO recv 1 -> 5 # 0 at 198575621, 0.701300 0.810809
2024-07-09 06:56:41,084 INFO CHECKSUM 1 6 0: 1.457257
2024-07-09 06:56:41,085 INFO CHECKSUM 1 6 0: 1.457257
2024-07-09 06:56:41,094 INFO sent 1 -> 6 # 0 at 159452134, 0.701300 0.810809
2024-07-09 06:56:41,094 INFO recv 1 -> 6 # 0 at 169081729, 0.701300 0.810809
2024-07-09 06:56:41,276 INFO CHECKSUM 1 7 0: 1.457257
2024-07-09 06:56:41,277 INFO CHECKSUM 1 7 0: 1.457257
2024-07-09 06:56:41,306 INFO sent 1 -> 7 # 0 at 170837199, 0.701300 0.810809
2024-07-09 06:56:41,306 INFO recv 1 -> 7 # 0 at 201385798, 0.701300 0.810809
2024-07-09 06:56:41,513 INFO CHECKSUM 1 8 0: 1.457257
2024-07-09 06:56:41,514 INFO CHECKSUM 1 8 0: 1.457257
2024-07-09 06:56:41,535 INFO sent 1 -> 8 # 0 at 202414220, 0.701300 0.810809
2024-07-09 06:56:41,535 INFO recv 1 -> 8 # 0 at 224207706, 0.701300 0.810809
2024-07-09 06:56:41,710 INFO CHECKSUM 1 9 0: 1.457257
2024-07-09 06:56:41,720 INFO CHECKSUM 1 9 0: 1.457257
2024-07-09 06:56:41,739 INFO recv 1 -> 9 # 0 at 193383796, 0.701300 0.810809
2024-07-09 06:56:41,757 INFO sent 1 -> 9 # 0 at 168263194, 0.701300 0.810809
2024-07-09 06:56:41,934 INFO CHECKSUM 1 10 0: 1.457257
2024-07-09 06:56:41,934 INFO CHECKSUM 1 10 0: 1.457257
2024-07-09 06:56:41,961 INFO recv 1 -> 10 # 0 at 196000124, 0.701300 0.810809
2024-07-09 06:56:41,971 INFO sent 1 -> 10 # 0 at 168362206, 0.701300 0.810809
2024-07-09 06:56:42,194 INFO CHECKSUM 1 11 0: 1.457257
2024-07-09 06:56:42,194 INFO CHECKSUM 1 11 0: 1.457257
2024-07-09 06:56:42,206 INFO recv 1 -> 11 # 0 at 215710095, 0.701300 0.810809
2024-07-09 06:56:42,206 INFO sent 1 -> 11 # 0 at 199261747, 0.701300 0.810809
2024-07-09 06:56:42,412 INFO CHECKSUM 1 12 0: 1.457257
2024-07-09 06:56:42,413 INFO CHECKSUM 1 12 0: 1.457257
2024-07-09 06:56:42,429 INFO recv 1 -> 12 # 0 at 212703009, 0.701300 0.810809
2024-07-09 06:56:42,435 INFO sent 1 -> 12 # 0 at 195612243, 0.701300 0.810809
2024-07-09 06:56:42,641 INFO CHECKSUM 1 13 0: 1.457257
2024-07-09 06:56:42,652 INFO sent 1 -> 13 # 0 at 193740466, 0.701300 0.810809
2024-07-09 06:56:42,642 INFO CHECKSUM 1 13 0: 1.457257
2024-07-09 06:56:42,652 INFO recv 1 -> 13 # 0 at 196786499, 0.701300 0.810809
2024-07-09 06:56:42,826 INFO CHECKSUM 1 14 0: 1.457257
2024-07-09 06:56:42,826 INFO CHECKSUM 1 14 0: 1.457257
2024-07-09 06:56:42,853 INFO sent 1 -> 14 # 0 at 169552977, 0.701300 0.810809
2024-07-09 06:56:42,853 INFO recv 1 -> 14 # 0 at 196926700, 0.701300 0.810809
2024-07-09 06:56:43,059 INFO CHECKSUM 1 15 0: 1.457257
2024-07-09 06:56:43,060 INFO CHECKSUM 1 15 0: 1.457257
2024-07-09 06:56:43,071 INFO Accepting from rank 2
2024-07-09 06:56:43,071 INFO Accepting from rank 2
2024-07-09 06:56:43,071 INFO Accepting from rank 2
2024-07-09 06:56:43,071 INFO Sending from rank 2
2024-07-09 06:56:43,071 INFO Accepting from rank 2
2024-07-09 06:56:43,071 INFO Accepting from rank 2
2024-07-09 06:56:43,071 INFO sent 1 -> 15 # 0 at 191291653, 0.701300 0.810809
2024-07-09 06:56:43,071 INFO Accepting from rank 2
2024-07-09 06:56:43,071 INFO Accepting from rank 2
2024-07-09 06:56:43,071 INFO Accepting from rank 2
2024-07-09 06:56:43,071 INFO Accepting from rank 2
2024-07-09 06:56:43,072 INFO Accepting from rank 2
2024-07-09 06:56:43,071 INFO Accepting from rank 2
2024-07-09 06:56:43,072 INFO Accepting from rank 2
2024-07-09 06:56:43,072 INFO Accepting from rank 2
2024-07-09 06:56:43,077 INFO Accepting from rank 2
2024-07-09 06:56:43,077 INFO recv 1 -> 15 # 0 at 209829545, 0.701300 0.810809
2024-07-09 06:56:43,077 INFO Accepting from rank 2
2024-07-09 06:56:43,107 INFO CHECKSUM 2 0 0: 0.856173
2024-07-09 06:56:43,108 INFO CHECKSUM 2 0 0: 0.856173
2024-07-09 06:56:43,116 INFO recv 2 -> 0 # 0 at 22240115, 0.515973 0.392703
2024-07-09 06:56:43,119 INFO sent 2 -> 0 # 0 at 14017492, 0.515973 0.392703
2024-07-09 06:56:43,150 INFO CHECKSUM 2 1 0: 0.856173
2024-07-09 06:56:43,150 INFO CHECKSUM 2 1 0: 0.856173
2024-07-09 06:56:43,175 INFO sent 2 -> 1 # 0 at 14282645, 0.515973 0.392703
2024-07-09 06:56:43,180 INFO recv 2 -> 1 # 0 at 44135504, 0.515973 0.392703
2024-07-09 06:56:43,390 INFO CHECKSUM 2 3 0: 0.856173
2024-07-09 06:56:43,391 INFO CHECKSUM 2 3 0: 0.856173
2024-07-09 06:56:43,402 INFO sent 2 -> 3 # 0 at 205189895, 0.515973 0.392703
2024-07-09 06:56:43,403 INFO recv 2 -> 3 # 0 at 217429200, 0.515973 0.392703
2024-07-09 06:56:43,552 INFO CHECKSUM 2 4 0: 0.856173
2024-07-09 06:56:43,553 INFO CHECKSUM 2 4 0: 0.856173
2024-07-09 06:56:43,573 INFO sent 2 -> 4 # 0 at 148825385, 0.515973 0.392703
2024-07-09 06:56:43,573 INFO recv 2 -> 4 # 0 at 169322135, 0.515973 0.392703
2024-07-09 06:56:43,763 INFO CHECKSUM 2 5 0: 0.856173
2024-07-09 06:56:43,764 INFO CHECKSUM 2 5 0: 0.856173
2024-07-09 06:56:43,793 INFO sent 2 -> 5 # 0 at 184384021, 0.515973 0.392703
2024-07-09 06:56:43,793 INFO recv 2 -> 5 # 0 at 214593427, 0.515973 0.392703
2024-07-09 06:56:43,960 INFO CHECKSUM 2 6 0: 0.856173
2024-07-09 06:56:43,961 INFO CHECKSUM 2 6 0: 0.856173
2024-07-09 06:56:43,983 INFO sent 2 -> 6 # 0 at 157299824, 0.515973 0.392703
2024-07-09 06:56:43,983 INFO recv 2 -> 6 # 0 at 179645913, 0.515973 0.392703
2024-07-09 06:56:44,182 INFO CHECKSUM 2 7 0: 0.856173
2024-07-09 06:56:44,182 INFO CHECKSUM 2 7 0: 0.856173
2024-07-09 06:56:44,204 INFO sent 2 -> 7 # 0 at 193520981, 0.515973 0.392703
2024-07-09 06:56:44,204 INFO recv 2 -> 7 # 0 at 215616132, 0.515973 0.392703
2024-07-09 06:56:44,391 INFO CHECKSUM 2 8 0: 0.856173
2024-07-09 06:56:44,391 INFO CHECKSUM 2 8 0: 0.856173
2024-07-09 06:56:44,405 INFO recv 2 -> 8 # 0 at 192646748, 0.515973 0.392703
2024-07-09 06:56:44,410 INFO sent 2 -> 8 # 0 at 178144522, 0.515973 0.392703
2024-07-09 06:56:44,574 INFO CHECKSUM 2 9 0: 0.856173
2024-07-09 06:56:44,584 INFO CHECKSUM 2 9 0: 0.856173
2024-07-09 06:56:44,617 INFO recv 2 -> 9 # 0 at 204952176, 0.515973 0.392703
2024-07-09 06:56:44,627 INFO sent 2 -> 9 # 0 at 161664560, 0.515973 0.392703
2024-07-09 06:56:44,810 INFO CHECKSUM 2 10 0: 0.856173
2024-07-09 06:56:44,811 INFO CHECKSUM 2 10 0: 0.856173
2024-07-09 06:56:44,841 INFO recv 2 -> 10 # 0 at 189848046, 0.515973 0.392703
2024-07-09 06:56:44,841 INFO sent 2 -> 10 # 0 at 164245258, 0.515973 0.392703
2024-07-09 06:56:45,014 INFO CHECKSUM 2 11 0: 0.856173
2024-07-09 06:56:45,015 INFO CHECKSUM 2 11 0: 0.856173
2024-07-09 06:56:45,029 INFO sent 2 -> 11 # 0 at 157751427, 0.515973 0.392703
2024-07-09 06:56:45,029 INFO recv 2 -> 11 # 0 at 172013057, 0.515973 0.392703
2024-07-09 06:56:45,246 INFO CHECKSUM 2 12 0: 0.856173
2024-07-09 06:56:45,255 INFO sent 2 -> 12 # 0 at 216632431, 0.515973 0.392703
2024-07-09 06:56:45,246 INFO CHECKSUM 2 12 0: 0.856173
2024-07-09 06:56:45,255 INFO recv 2 -> 12 # 0 at 226445800, 0.515973 0.392703
2024-07-09 06:56:45,440 INFO CHECKSUM 2 13 0: 0.856173
2024-07-09 06:56:45,441 INFO CHECKSUM 2 13 0: 0.856173
2024-07-09 06:56:45,470 INFO sent 2 -> 13 # 0 at 171543544, 0.515973 0.392703
2024-07-09 06:56:45,470 INFO recv 2 -> 13 # 0 at 201526416, 0.515973 0.392703
2024-07-09 06:56:45,655 INFO CHECKSUM 2 14 0: 0.856173
2024-07-09 06:56:45,656 INFO CHECKSUM 2 14 0: 0.856173
2024-07-09 06:56:45,673 INFO sent 2 -> 14 # 0 at 171880916, 0.515973 0.392703
2024-07-09 06:56:45,673 INFO recv 2 -> 14 # 0 at 189684676, 0.515973 0.392703
2024-07-09 06:56:45,834 INFO CHECKSUM 2 15 0: 0.856173
2024-07-09 06:56:45,835 INFO CHECKSUM 2 15 0: 0.856173
2024-07-09 06:56:45,851 INFO Accepting from rank 3
2024-07-09 06:56:45,851 INFO Accepting from rank 3
2024-07-09 06:56:45,851 INFO Accepting from rank 3
2024-07-09 06:56:45,851 INFO Accepting from rank 3
2024-07-09 06:56:45,851 INFO Accepting from rank 3
2024-07-09 06:56:45,851 INFO Accepting from rank 3
2024-07-09 06:56:45,851 INFO Accepting from rank 3
2024-07-09 06:56:45,851 INFO Accepting from rank 3
2024-07-09 06:56:45,851 INFO Accepting from rank 3
2024-07-09 06:56:45,851 INFO sent 2 -> 15 # 0 at 161345654, 0.515973 0.392703
2024-07-09 06:56:45,851 INFO Accepting from rank 3
2024-07-09 06:56:45,851 INFO Accepting from rank 3
2024-07-09 06:56:45,851 INFO Accepting from rank 3
2024-07-09 06:56:45,851 INFO Sending from rank 3
2024-07-09 06:56:45,851 INFO recv 2 -> 15 # 0 at 177681032, 0.515973 0.392703
2024-07-09 06:56:45,851 INFO Accepting from rank 3
2024-07-09 06:56:45,851 INFO Accepting from rank 3
2024-07-09 06:56:45,851 INFO Accepting from rank 3
2024-07-09 06:56:45,897 INFO CHECKSUM 3 0 0: 1.086936
2024-07-09 06:56:45,898 INFO CHECKSUM 3 0 0: 1.086936
2024-07-09 06:56:45,910 INFO recv 3 -> 0 # 0 at 27445796, 0.998655 0.323686
2024-07-09 06:56:45,910 INFO sent 3 -> 0 # 0 at 13992113, 0.998655 0.323686
2024-07-09 06:56:45,929 INFO CHECKSUM 3 1 0: 1.086936
2024-07-09 06:56:45,929 INFO CHECKSUM 3 1 0: 1.086936
2024-07-09 06:56:45,950 INFO recv 3 -> 1 # 0 at 35552755, 0.998655 0.323686
2024-07-09 06:56:45,950 INFO sent 3 -> 1 # 0 at 14276723, 0.998655 0.323686
2024-07-09 06:56:45,971 INFO CHECKSUM 3 2 0: 1.086936
2024-07-09 06:56:45,972 INFO CHECKSUM 3 2 0: 1.086936
2024-07-09 06:56:45,989 INFO recv 3 -> 2 # 0 at 32017091, 0.998655 0.323686
2024-07-09 06:56:45,989 INFO sent 3 -> 2 # 0 at 13475114, 0.998655 0.323686
2024-07-09 06:56:46,172 INFO CHECKSUM 3 4 0: 1.086936
2024-07-09 06:56:46,183 INFO sent 3 -> 4 # 0 at 165976054, 0.998655 0.323686
2024-07-09 06:56:46,172 INFO CHECKSUM 3 4 0: 1.086936
2024-07-09 06:56:46,183 INFO recv 3 -> 4 # 0 at 177551398, 0.998655 0.323686
2024-07-09 06:56:46,367 INFO CHECKSUM 3 5 0: 1.086936
2024-07-09 06:56:46,366 INFO CHECKSUM 3 5 0: 1.086936
2024-07-09 06:56:46,379 INFO recv 3 -> 5 # 0 at 192009180, 0.998655 0.323686
2024-07-09 06:56:46,385 INFO sent 3 -> 5 # 0 at 178869474, 0.998655 0.323686
2024-07-09 06:56:46,556 INFO CHECKSUM 3 6 0: 1.086936
2024-07-09 06:56:46,556 INFO CHECKSUM 3 6 0: 1.086936
2024-07-09 06:56:46,577 INFO recv 3 -> 6 # 0 at 190128939, 0.998655 0.323686
2024-07-09 06:56:46,577 INFO sent 3 -> 6 # 0 at 169795375, 0.998655 0.323686
2024-07-09 06:56:46,781 INFO CHECKSUM 3 7 0: 1.086936
2024-07-09 06:56:46,795 INFO sent 3 -> 7 # 0 at 179752680, 0.998655 0.323686
2024-07-09 06:56:46,782 INFO CHECKSUM 3 7 0: 1.086936
2024-07-09 06:56:46,795 INFO recv 3 -> 7 # 0 at 193942895, 0.998655 0.323686
2024-07-09 06:56:46,946 INFO CHECKSUM 3 8 0: 1.086936
2024-07-09 06:56:46,947 INFO CHECKSUM 3 8 0: 1.086936
2024-07-09 06:56:46,955 INFO sent 3 -> 8 # 0 at 148180730, 0.998655 0.323686
2024-07-09 06:56:46,955 INFO recv 3 -> 8 # 0 at 157221984, 0.998655 0.323686
2024-07-09 06:56:47,137 INFO CHECKSUM 3 9 0: 1.086936
2024-07-09 06:56:47,138 INFO CHECKSUM 3 9 0: 1.086936
2024-07-09 06:56:47,166 INFO sent 3 -> 9 # 0 at 178732539, 0.998655 0.323686
2024-07-09 06:56:47,166 INFO recv 3 -> 9 # 0 at 207527855, 0.998655 0.323686
2024-07-09 06:56:47,376 INFO CHECKSUM 3 10 0: 1.086936
2024-07-09 06:56:47,385 INFO CHECKSUM 3 10 0: 1.086936
2024-07-09 06:56:47,403 INFO sent 3 -> 10 # 0 at 195445331, 0.998655 0.323686
2024-07-09 06:56:47,411 INFO recv 3 -> 10 # 0 at 230813672, 0.998655 0.323686
2024-07-09 06:56:47,585 INFO CHECKSUM 3 11 0: 1.086936
2024-07-09 06:56:47,586 INFO CHECKSUM 3 11 0: 1.086936
2024-07-09 06:56:47,603 INFO recv 3 -> 11 # 0 at 173837742, 0.998655 0.323686
2024-07-09 06:56:47,603 INFO sent 3 -> 11 # 0 at 155634817, 0.998655 0.323686
2024-07-09 06:56:47,834 INFO CHECKSUM 3 12 0: 1.086936
2024-07-09 06:56:47,834 INFO CHECKSUM 3 12 0: 1.086936
2024-07-09 06:56:47,849 INFO sent 3 -> 12 # 0 at 217274011, 0.998655 0.323686
2024-07-09 06:56:47,849 INFO recv 3 -> 12 # 0 at 237863390, 0.998655 0.323686
2024-07-09 06:56:48,024 INFO CHECKSUM 3 13 0: 1.086936
2024-07-09 06:56:48,025 INFO CHECKSUM 3 13 0: 1.086936
2024-07-09 06:56:48,053 INFO sent 3 -> 13 # 0 at 159528351, 0.998655 0.323686
2024-07-09 06:56:48,059 INFO recv 3 -> 13 # 0 at 194824609, 0.998655 0.323686
2024-07-09 06:56:48,222 INFO CHECKSUM 3 14 0: 1.086936
2024-07-09 06:56:48,223 INFO CHECKSUM 3 14 0: 1.086936
2024-07-09 06:56:48,235 INFO sent 3 -> 14 # 0 at 158900127, 0.998655 0.323686
2024-07-09 06:56:48,235 INFO recv 3 -> 14 # 0 at 171484733, 0.998655 0.323686
2024-07-09 06:56:48,407 INFO CHECKSUM 3 15 0: 1.086936
2024-07-09 06:56:48,408 INFO CHECKSUM 3 15 0: 1.086936
2024-07-09 06:56:48,425 INFO Accepting from rank 4
2024-07-09 06:56:48,425 INFO Accepting from rank 4
2024-07-09 06:56:48,425 INFO Accepting from rank 4
2024-07-09 06:56:48,425 INFO Accepting from rank 4
2024-07-09 06:56:48,425 INFO Accepting from rank 4
2024-07-09 06:56:48,425 INFO Sending from rank 4
2024-07-09 06:56:48,425 INFO Accepting from rank 4
2024-07-09 06:56:48,425 INFO sent 3 -> 15 # 0 at 161240882, 0.998655 0.323686
2024-07-09 06:56:48,425 INFO Accepting from rank 4
2024-07-09 06:56:48,425 INFO Accepting from rank 4
2024-07-09 06:56:48,425 INFO Accepting from rank 4
2024-07-09 06:56:48,425 INFO Accepting from rank 4
2024-07-09 06:56:48,425 INFO Accepting from rank 4
2024-07-09 06:56:48,425 INFO Accepting from rank 4
2024-07-09 06:56:48,425 INFO Accepting from rank 4
2024-07-09 06:56:48,425 INFO recv 3 -> 15 # 0 at 179324133, 0.998655 0.323686
2024-07-09 06:56:48,425 INFO Accepting from rank 4
2024-07-09 06:56:48,425 INFO Accepting from rank 4
2024-07-09 06:56:48,470 INFO CHECKSUM 4 0 0: 1.416598
2024-07-09 06:56:48,483 INFO recv 4 -> 0 # 0 at 36593447, 0.197583 0.613566
2024-07-09 06:56:48,470 INFO CHECKSUM 4 0 0: 1.416598
2024-07-09 06:56:48,483 INFO sent 4 -> 0 # 0 at 23314176, 0.197583 0.613566
2024-07-09 06:56:48,511 INFO CHECKSUM 4 1 0: 1.416598
2024-07-09 06:56:48,511 INFO CHECKSUM 4 1 0: 1.416598
2024-07-09 06:56:48,527 INFO recv 4 -> 1 # 0 at 30287729, 0.197583 0.613566
2024-07-09 06:56:48,527 INFO sent 4 -> 1 # 0 at 13927086, 0.197583 0.613566
2024-07-09 06:56:48,638 INFO CHECKSUM 4 2 0: 1.416598
2024-07-09 06:56:48,639 INFO CHECKSUM 4 2 0: 1.416598
2024-07-09 06:56:48,651 INFO recv 4 -> 2 # 0 at 98665779, 0.197583 0.613566
2024-07-09 06:56:48,651 INFO sent 4 -> 2 # 0 at 85363279, 0.197583 0.613566
2024-07-09 06:56:48,666 INFO CHECKSUM 4 3 0: 1.416598
2024-07-09 06:56:48,666 INFO CHECKSUM 4 3 0: 1.416598
2024-07-09 06:56:48,701 INFO recv 4 -> 3 # 0 at 48919250, 0.197583 0.613566
2024-07-09 06:56:48,701 INFO sent 4 -> 3 # 0 at 13923070, 0.197583 0.613566
2024-07-09 06:56:48,912 INFO CHECKSUM 4 5 0: 1.416598
2024-07-09 06:56:48,913 INFO CHECKSUM 4 5 0: 1.416598
2024-07-09 06:56:48,929 INFO sent 4 -> 5 # 0 at 199775770, 0.197583 0.613566
2024-07-09 06:56:48,933 INFO recv 4 -> 5 # 0 at 220685642, 0.197583 0.613566
2024-07-09 06:56:49,112 INFO CHECKSUM 4 6 0: 1.416598
2024-07-09 06:56:49,113 INFO CHECKSUM 4 6 0: 1.416598
2024-07-09 06:56:49,129 INFO sent 4 -> 6 # 0 at 174929034, 0.197583 0.613566
2024-07-09 06:56:49,129 INFO recv 4 -> 6 # 0 at 191362020, 0.197583 0.613566
2024-07-09 06:56:49,381 INFO CHECKSUM 4 7 0: 1.416598
2024-07-09 06:56:49,381 INFO CHECKSUM 4 7 0: 1.416598
2024-07-09 06:56:49,406 INFO sent 4 -> 7 # 0 at 232021966, 0.197583 0.613566
2024-07-09 06:56:49,415 INFO recv 4 -> 7 # 0 at 266464514, 0.197583 0.613566
2024-07-09 06:56:49,552 INFO CHECKSUM 4 8 0: 1.416598
2024-07-09 06:56:49,562 INFO CHECKSUM 4 8 0: 1.416598
2024-07-09 06:56:49,574 INFO recv 4 -> 8 # 0 at 133029129, 0.197583 0.613566
2024-07-09 06:56:49,574 INFO sent 4 -> 8 # 0 at 111268950, 0.197583 0.613566
2024-07-09 06:56:49,780 INFO CHECKSUM 4 9 0: 1.416598
2024-07-09 06:56:49,781 INFO CHECKSUM 4 9 0: 1.416598
2024-07-09 06:56:49,796 INFO sent 4 -> 9 # 0 at 185918949, 0.197583 0.613566
2024-07-09 06:56:49,797 INFO recv 4 -> 9 # 0 at 202309947, 0.197583 0.613566
2024-07-09 06:56:49,973 INFO CHECKSUM 4 10 0: 1.416598
2024-07-09 06:56:49,974 INFO CHECKSUM 4 10 0: 1.416598
2024-07-09 06:56:49,993 INFO sent 4 -> 10 # 0 at 170668305, 0.197583 0.613566
2024-07-09 06:56:49,993 INFO recv 4 -> 10 # 0 at 190674127, 0.197583 0.613566
2024-07-09 06:56:50,176 INFO CHECKSUM 4 11 0: 1.416598
2024-07-09 06:56:50,176 INFO CHECKSUM 4 11 0: 1.416598
2024-07-09 06:56:50,187 INFO recv 4 -> 11 # 0 at 165373775, 0.197583 0.613566
2024-07-09 06:56:50,187 INFO sent 4 -> 11 # 0 at 154278172, 0.197583 0.613566
2024-07-09 06:56:50,385 INFO CHECKSUM 4 12 0: 1.416598
2024-07-09 06:56:50,385 INFO CHECKSUM 4 12 0: 1.416598
2024-07-09 06:56:50,412 INFO recv 4 -> 12 # 0 at 215165618, 0.197583 0.613566
2024-07-09 06:56:50,412 INFO sent 4 -> 12 # 0 at 187853024, 0.197583 0.613566
2024-07-09 06:56:50,600 INFO CHECKSUM 4 13 0: 1.416598
2024-07-09 06:56:50,601 INFO CHECKSUM 4 13 0: 1.416598
2024-07-09 06:56:50,629 INFO sent 4 -> 13 # 0 at 173529622, 0.197583 0.613566
2024-07-09 06:56:50,635 INFO recv 4 -> 13 # 0 at 208603510, 0.197583 0.613566
2024-07-09 06:56:50,816 INFO CHECKSUM 4 14 0: 1.416598
2024-07-09 06:56:50,817 INFO CHECKSUM 4 14 0: 1.416598
2024-07-09 06:56:50,837 INFO sent 4 -> 14 # 0 at 178020635, 0.197583 0.613566
2024-07-09 06:56:50,837 INFO recv 4 -> 14 # 0 at 198444329, 0.197583 0.613566
2024-07-09 06:56:51,053 INFO CHECKSUM 4 15 0: 1.416598
2024-07-09 06:56:51,063 INFO CHECKSUM 4 15 0: 1.416598
2024-07-09 06:56:51,078 INFO Accepting from rank 5
2024-07-09 06:56:51,078 INFO Accepting from rank 5
2024-07-09 06:56:51,078 INFO Accepting from rank 5
2024-07-09 06:56:51,078 INFO sent 4 -> 15 # 0 at 196014145, 0.197583 0.613566
2024-07-09 06:56:51,078 INFO Accepting from rank 5
2024-07-09 06:56:51,078 INFO Accepting from rank 5
2024-07-09 06:56:51,078 INFO Accepting from rank 5
2024-07-09 06:56:51,078 INFO Accepting from rank 5
2024-07-09 06:56:51,078 INFO Sending from rank 5
2024-07-09 06:56:51,078 INFO Accepting from rank 5
2024-07-09 06:56:51,078 INFO Accepting from rank 5
2024-07-09 06:56:51,078 INFO Accepting from rank 5
2024-07-09 06:56:51,078 INFO Accepting from rank 5
2024-07-09 06:56:51,078 INFO Accepting from rank 5
2024-07-09 06:56:51,078 INFO recv 4 -> 15 # 0 at 220427957, 0.197583 0.613566
2024-07-09 06:56:51,078 INFO Accepting from rank 5
2024-07-09 06:56:51,078 INFO Accepting from rank 5
2024-07-09 06:56:51,078 INFO Accepting from rank 5
2024-07-09 06:56:51,198 INFO CHECKSUM 5 0 0: 1.768780
2024-07-09 06:56:51,199 INFO CHECKSUM 5 0 0: 1.768780
2024-07-09 06:56:51,209 INFO recv 5 -> 0 # 0 at 102210439, 0.230483 0.256367
2024-07-09 06:56:51,209 INFO sent 5 -> 0 # 0 at 87108289, 0.230483 0.256367
2024-07-09 06:56:51,239 INFO CHECKSUM 5 1 0: 1.768780
2024-07-09 06:56:51,238 INFO CHECKSUM 5 1 0: 1.768780
2024-07-09 06:56:51,281 INFO recv 5 -> 1 # 0 at 55957413, 0.230483 0.256367
2024-07-09 06:56:51,283 INFO sent 5 -> 1 # 0 at 13777167, 0.230483 0.256367
2024-07-09 06:56:51,384 INFO CHECKSUM 5 2 0: 1.768780
2024-07-09 06:56:51,385 INFO CHECKSUM 5 2 0: 1.768780
2024-07-09 06:56:51,411 INFO recv 5 -> 2 # 0 at 114491546, 0.230483 0.256367
2024-07-09 06:56:51,414 INFO sent 5 -> 2 # 0 at 82945951, 0.230483 0.256367
2024-07-09 06:56:51,451 INFO CHECKSUM 5 3 0: 1.768780
2024-07-09 06:56:51,451 INFO CHECKSUM 5 3 0: 1.768780
2024-07-09 06:56:51,465 INFO recv 5 -> 3 # 0 at 35324965, 0.230483 0.256367
2024-07-09 06:56:51,465 INFO sent 5 -> 3 # 0 at 21770855, 0.230483 0.256367
2024-07-09 06:56:51,484 INFO CHECKSUM 5 4 0: 1.768780
2024-07-09 06:56:51,484 INFO CHECKSUM 5 4 0: 1.768780
2024-07-09 06:56:51,505 INFO recv 5 -> 4 # 0 at 34747005, 0.230483 0.256367
2024-07-09 06:56:51,515 INFO sent 5 -> 4 # 0 at 13656183, 0.230483 0.256367
2024-07-09 06:56:51,708 INFO CHECKSUM 5 6 0: 1.768780
2024-07-09 06:56:51,709 INFO CHECKSUM 5 6 0: 1.768780
2024-07-09 06:56:51,720 INFO sent 5 -> 6 # 0 at 180577573, 0.230483 0.256367
2024-07-09 06:56:51,720 INFO recv 5 -> 6 # 0 at 192602738, 0.230483 0.256367
2024-07-09 06:56:51,953 INFO CHECKSUM 5 7 0: 1.768780
2024-07-09 06:56:51,953 INFO CHECKSUM 5 7 0: 1.768780
2024-07-09 06:56:51,971 INFO sent 5 -> 7 # 0 at 205413007, 0.230483 0.256367
2024-07-09 06:56:51,971 INFO recv 5 -> 7 # 0 at 223822180, 0.230483 0.256367
2024-07-09 06:56:52,142 INFO CHECKSUM 5 8 0: 1.768780
2024-07-09 06:56:52,151 INFO CHECKSUM 5 8 0: 1.768780
2024-07-09 06:56:52,169 INFO recv 5 -> 8 # 0 at 185260419, 0.230483 0.256367
2024-07-09 06:56:52,169 INFO sent 5 -> 8 # 0 at 158010811, 0.230483 0.256367
2024-07-09 06:56:52,378 INFO CHECKSUM 5 9 0: 1.768780
2024-07-09 06:56:52,379 INFO CHECKSUM 5 9 0: 1.768780
2024-07-09 06:56:52,392 INFO recv 5 -> 9 # 0 at 206083537, 0.230483 0.256367
2024-07-09 06:56:52,392 INFO sent 5 -> 9 # 0 at 183166393, 0.230483 0.256367
2024-07-09 06:56:52,552 INFO CHECKSUM 5 10 0: 1.768780
2024-07-09 06:56:52,552 INFO CHECKSUM 5 10 0: 1.768780
2024-07-09 06:56:52,570 INFO recv 5 -> 10 # 0 at 175562674, 0.230483 0.256367
2024-07-09 06:56:52,579 INFO sent 5 -> 10 # 0 at 157587082, 0.230483 0.256367
2024-07-09 06:56:52,766 INFO CHECKSUM 5 11 0: 1.768780
2024-07-09 06:56:52,766 INFO CHECKSUM 5 11 0: 1.768780
2024-07-09 06:56:52,787 INFO sent 5 -> 11 # 0 at 168414974, 0.230483 0.256367
2024-07-09 06:56:52,789 INFO recv 5 -> 11 # 0 at 189767269, 0.230483 0.256367
2024-07-09 06:56:53,000 INFO CHECKSUM 5 12 0: 1.768780
2024-07-09 06:56:53,001 INFO CHECKSUM 5 12 0: 1.768780
2024-07-09 06:56:53,025 INFO recv 5 -> 12 # 0 at 218203670, 0.230483 0.256367
2024-07-09 06:56:53,027 INFO sent 5 -> 12 # 0 at 193724804, 0.230483 0.256367
2024-07-09 06:56:53,193 INFO CHECKSUM 5 13 0: 1.768780
2024-07-09 06:56:53,193 INFO CHECKSUM 5 13 0: 1.768780
2024-07-09 06:56:53,211 INFO sent 5 -> 13 # 0 at 159111065, 0.230483 0.256367
2024-07-09 06:56:53,211 INFO recv 5 -> 13 # 0 at 177261340, 0.230483 0.256367
2024-07-09 06:56:53,391 INFO CHECKSUM 5 14 0: 1.768780
2024-07-09 06:56:53,392 INFO CHECKSUM 5 14 0: 1.768780
2024-07-09 06:56:53,413 INFO sent 5 -> 14 # 0 at 178471005, 0.230483 0.256367
2024-07-09 06:56:53,413 INFO recv 5 -> 14 # 0 at 200337665, 0.230483 0.256367
2024-07-09 06:56:53,588 INFO CHECKSUM 5 15 0: 1.768780
2024-07-09 06:56:53,600 INFO Accepting from rank 6
2024-07-09 06:56:53,600 INFO Accepting from rank 6
2024-07-09 06:56:53,589 INFO CHECKSUM 5 15 0: 1.768780
2024-07-09 06:56:53,600 INFO Accepting from rank 6
2024-07-09 06:56:53,600 INFO Accepting from rank 6
2024-07-09 06:56:53,600 INFO Accepting from rank 6
2024-07-09 06:56:53,600 INFO Accepting from rank 6
2024-07-09 06:56:53,600 INFO Accepting from rank 6
2024-07-09 06:56:53,600 INFO Accepting from rank 6
2024-07-09 06:56:53,600 INFO Accepting from rank 6
2024-07-09 06:56:53,600 INFO Sending from rank 6
2024-07-09 06:56:53,600 INFO Accepting from rank 6
2024-07-09 06:56:53,600 INFO Accepting from rank 6
2024-07-09 06:56:53,600 INFO Accepting from rank 6
2024-07-09 06:56:53,600 INFO Accepting from rank 6
2024-07-09 06:56:53,600 INFO recv 5 -> 15 # 0 at 175553753, 0.230483 0.256367
2024-07-09 06:56:53,600 INFO sent 5 -> 15 # 0 at 160634658, 0.230483 0.256367
2024-07-09 06:56:53,600 INFO Accepting from rank 6
2024-07-09 06:56:53,600 INFO Accepting from rank 6
2024-07-09 06:56:53,650 INFO CHECKSUM 6 0 0: 0.600463
2024-07-09 06:56:53,661 INFO recv 6 -> 0 # 0 at 36948232, 0.073054 0.394054
2024-07-09 06:56:53,650 INFO CHECKSUM 6 0 0: 0.600463
2024-07-09 06:56:53,661 INFO sent 6 -> 0 # 0 at 23747012, 0.073054 0.394054
2024-07-09 06:56:53,684 INFO CHECKSUM 6 1 0: 0.600463
2024-07-09 06:56:53,684 INFO CHECKSUM 6 1 0: 0.600463
2024-07-09 06:56:53,701 INFO recv 6 -> 1 # 0 at 31337968, 0.073054 0.394054
2024-07-09 06:56:53,701 INFO sent 6 -> 1 # 0 at 14534199, 0.073054 0.394054
2024-07-09 06:56:53,719 INFO CHECKSUM 6 2 0: 0.600463
2024-07-09 06:56:53,719 INFO CHECKSUM 6 2 0: 0.600463
2024-07-09 06:56:53,741 INFO recv 6 -> 2 # 0 at 39290289, 0.073054 0.394054
2024-07-09 06:56:53,741 INFO sent 6 -> 2 # 0 at 17219285, 0.073054 0.394054
2024-07-09 06:56:53,765 INFO CHECKSUM 6 3 0: 0.600463
2024-07-09 06:56:53,765 INFO CHECKSUM 6 3 0: 0.600463
2024-07-09 06:56:53,774 INFO recv 6 -> 3 # 0 at 31246252, 0.073054 0.394054
2024-07-09 06:56:53,774 INFO sent 6 -> 3 # 0 at 21986623, 0.073054 0.394054
2024-07-09 06:56:53,798 INFO CHECKSUM 6 4 0: 0.600463
2024-07-09 06:56:53,799 INFO CHECKSUM 6 4 0: 0.600463
2024-07-09 06:56:53,815 INFO recv 6 -> 4 # 0 at 30869226, 0.073054 0.394054
2024-07-09 06:56:53,815 INFO sent 6 -> 4 # 0 at 13608000, 0.073054 0.394054
2024-07-09 06:56:53,928 INFO CHECKSUM 6 5 0: 0.600463
2024-07-09 06:56:53,929 INFO CHECKSUM 6 5 0: 0.600463
2024-07-09 06:56:53,955 INFO sent 6 -> 5 # 0 at 89052073, 0.073054 0.394054
2024-07-09 06:56:53,960 INFO recv 6 -> 5 # 0 at 121430805, 0.073054 0.394054
2024-07-09 06:56:54,168 INFO CHECKSUM 6 7 0: 0.600463
2024-07-09 06:56:54,169 INFO CHECKSUM 6 7 0: 0.600463
2024-07-09 06:56:54,187 INFO sent 6 -> 7 # 0 at 181460489, 0.073054 0.394054
2024-07-09 06:56:54,187 INFO recv 6 -> 7 # 0 at 200050791, 0.073054 0.394054
2024-07-09 06:56:54,363 INFO CHECKSUM 6 8 0: 0.600463
2024-07-09 06:56:54,363 INFO CHECKSUM 6 8 0: 0.600463
2024-07-09 06:56:54,381 INFO recv 6 -> 8 # 0 at 180047310, 0.073054 0.394054
2024-07-09 06:56:54,381 INFO sent 6 -> 8 # 0 at 162175754, 0.073054 0.394054
2024-07-09 06:56:54,556 INFO CHECKSUM 6 9 0: 0.600463
2024-07-09 06:56:54,558 INFO CHECKSUM 6 9 0: 0.600463
2024-07-09 06:56:54,568 INFO recv 6 -> 9 # 0 at 171991555, 0.073054 0.394054
2024-07-09 06:56:54,568 INFO sent 6 -> 9 # 0 at 160201021, 0.073054 0.394054
2024-07-09 06:56:54,770 INFO CHECKSUM 6 10 0: 0.600463
2024-07-09 06:56:54,770 INFO CHECKSUM 6 10 0: 0.600463
2024-07-09 06:56:54,780 INFO recv 6 -> 10 # 0 at 203555450, 0.073054 0.394054
2024-07-09 06:56:54,780 INFO sent 6 -> 10 # 0 at 192953054, 0.073054 0.394054
2024-07-09 06:56:54,941 INFO CHECKSUM 6 11 0: 0.600463
2024-07-09 06:56:54,944 INFO CHECKSUM 6 11 0: 0.600463
2024-07-09 06:56:54,951 INFO recv 6 -> 11 # 0 at 170752285, 0.073054 0.394054
2024-07-09 06:56:54,951 INFO sent 6 -> 11 # 0 at 160594070, 0.073054 0.394054
2024-07-09 06:56:55,178 INFO CHECKSUM 6 12 0: 0.600463
2024-07-09 06:56:55,178 INFO CHECKSUM 6 12 0: 0.600463
2024-07-09 06:56:55,195 INFO recv 6 -> 12 # 0 at 231995858, 0.073054 0.394054
2024-07-09 06:56:55,195 INFO sent 6 -> 12 # 0 at 214503663, 0.073054 0.394054
2024-07-09 06:56:55,376 INFO CHECKSUM 6 13 0: 0.600463
2024-07-09 06:56:55,377 INFO CHECKSUM 6 13 0: 0.600463
2024-07-09 06:56:55,393 INFO recv 6 -> 13 # 0 at 174497988, 0.073054 0.394054
2024-07-09 06:56:55,400 INFO sent 6 -> 13 # 0 at 161567701, 0.073054 0.394054
2024-07-09 06:56:55,617 INFO CHECKSUM 6 14 0: 0.600463
2024-07-09 06:56:55,617 INFO CHECKSUM 6 14 0: 0.600463
2024-07-09 06:56:55,645 INFO recv 6 -> 14 # 0 at 219974530, 0.073054 0.394054
2024-07-09 06:56:55,645 INFO sent 6 -> 14 # 0 at 191995835, 0.073054 0.394054
2024-07-09 06:56:55,817 INFO CHECKSUM 6 15 0: 0.600463
2024-07-09 06:56:55,817 INFO CHECKSUM 6 15 0: 0.600463
2024-07-09 06:56:55,829 INFO Accepting from rank 7
2024-07-09 06:56:55,833 INFO Accepting from rank 7
2024-07-09 06:56:55,833 INFO Accepting from rank 7
2024-07-09 06:56:55,833 INFO Accepting from rank 7
2024-07-09 06:56:55,833 INFO Accepting from rank 7
2024-07-09 06:56:55,833 INFO Accepting from rank 7
2024-07-09 06:56:55,833 INFO Accepting from rank 7
2024-07-09 06:56:55,833 INFO Accepting from rank 7
2024-07-09 06:56:55,833 INFO Accepting from rank 7
2024-07-09 06:56:55,833 INFO Accepting from rank 7
2024-07-09 06:56:55,833 INFO sent 6 -> 15 # 0 at 161491113, 0.073054 0.394054
2024-07-09 06:56:55,833 INFO Accepting from rank 7
2024-07-09 06:56:55,833 INFO Accepting from rank 7
2024-07-09 06:56:55,833 INFO Accepting from rank 7
2024-07-09 06:56:55,833 INFO recv 6 -> 15 # 0 at 175352764, 0.073054 0.394054
2024-07-09 06:56:55,833 INFO Accepting from rank 7
2024-07-09 06:56:55,843 INFO Accepting from rank 7
2024-07-09 06:56:55,843 INFO Sending from rank 7
2024-07-09 06:56:55,891 INFO CHECKSUM 7 0 0: 2.196959
2024-07-09 06:56:55,906 INFO CHECKSUM 7 0 0: 2.196959
2024-07-09 06:56:55,913 INFO recv 7 -> 0 # 0 at 36221848, 0.016627 0.098090
2024-07-09 06:56:55,913 INFO sent 7 -> 0 # 0 at 14142533, 0.016627 0.098090
2024-07-09 06:56:55,932 INFO CHECKSUM 7 1 0: 2.196959
2024-07-09 06:56:55,931 INFO CHECKSUM 7 1 0: 2.196959
2024-07-09 06:56:55,945 INFO recv 7 -> 1 # 0 at 27642617, 0.016627 0.098090
2024-07-09 06:56:55,945 INFO sent 7 -> 1 # 0 at 14509342, 0.016627 0.098090
2024-07-09 06:56:55,971 INFO CHECKSUM 7 2 0: 2.196959
2024-07-09 06:56:55,971 INFO CHECKSUM 7 2 0: 2.196959
2024-07-09 06:56:55,986 INFO recv 7 -> 2 # 0 at 30674567, 0.016627 0.098090
2024-07-09 06:56:55,987 INFO sent 7 -> 2 # 0 at 15273998, 0.016627 0.098090
2024-07-09 06:56:56,106 INFO CHECKSUM 7 3 0: 2.196959
2024-07-09 06:56:56,106 INFO CHECKSUM 7 3 0: 2.196959
2024-07-09 06:56:56,121 INFO recv 7 -> 3 # 0 at 104268026, 0.016627 0.098090
2024-07-09 06:56:56,121 INFO sent 7 -> 3 # 0 at 82891816, 0.016627 0.098090
2024-07-09 06:56:56,240 INFO CHECKSUM 7 4 0: 2.196959
2024-07-09 06:56:56,241 INFO CHECKSUM 7 4 0: 2.196959
2024-07-09 06:56:56,250 INFO sent 7 -> 4 # 0 at 85398086, 0.016627 0.098090
2024-07-09 06:56:56,250 INFO recv 7 -> 4 # 0 at 95926509, 0.016627 0.098090
2024-07-09 06:56:56,321 INFO CHECKSUM 7 5 0: 2.196959
2024-07-09 06:56:56,321 INFO CHECKSUM 7 5 0: 2.196959
2024-07-09 06:56:56,347 INFO recv 7 -> 5 # 0 at 56025239, 0.016627 0.098090
2024-07-09 06:56:56,347 INFO sent 7 -> 5 # 0 at 29470655, 0.016627 0.098090
2024-07-09 06:56:56,379 INFO CHECKSUM 7 6 0: 2.196959
2024-07-09 06:56:56,379 INFO CHECKSUM 7 6 0: 2.196959
2024-07-09 06:56:56,394 INFO sent 7 -> 6 # 0 at 14185035, 0.016627 0.098090
2024-07-09 06:56:56,394 INFO recv 7 -> 6 # 0 at 29008915, 0.016627 0.098090
2024-07-09 06:56:56,572 INFO CHECKSUM 7 8 0: 2.196959
2024-07-09 06:56:56,572 INFO CHECKSUM 7 8 0: 2.196959
2024-07-09 06:56:56,601 INFO recv 7 -> 8 # 0 at 206685082, 0.016627 0.098090
2024-07-09 06:56:56,606 INFO sent 7 -> 8 # 0 at 177680719, 0.016627 0.098090
2024-07-09 06:56:56,789 INFO CHECKSUM 7 9 0: 2.196959
2024-07-09 06:56:56,790 INFO CHECKSUM 7 9 0: 2.196959
2024-07-09 06:56:56,799 INFO recv 7 -> 9 # 0 at 175246390, 0.016627 0.098090
2024-07-09 06:56:56,799 INFO sent 7 -> 9 # 0 at 170384107, 0.016627 0.098090
2024-07-09 06:56:57,005 INFO CHECKSUM 7 10 0: 2.196959
2024-07-09 06:56:57,006 INFO CHECKSUM 7 10 0: 2.196959
2024-07-09 06:56:57,024 INFO sent 7 -> 10 # 0 at 199476642, 0.016627 0.098090
2024-07-09 06:56:57,024 INFO recv 7 -> 10 # 0 at 218024508, 0.016627 0.098090
2024-07-09 06:56:57,204 INFO CHECKSUM 7 11 0: 2.196959
2024-07-09 06:56:57,211 INFO CHECKSUM 7 11 0: 2.196959
2024-07-09 06:56:57,239 INFO sent 7 -> 11 # 0 at 164952657, 0.016627 0.098090
2024-07-09 06:56:57,241 INFO recv 7 -> 11 # 0 at 207255296, 0.016627 0.098090
2024-07-09 06:56:57,468 INFO CHECKSUM 7 12 0: 2.196959
2024-07-09 06:56:57,468 INFO CHECKSUM 7 12 0: 2.196959
2024-07-09 06:56:57,488 INFO recv 7 -> 12 # 0 at 225126195, 0.016627 0.098090
2024-07-09 06:56:57,499 INFO sent 7 -> 12 # 0 at 205660555, 0.016627 0.098090
2024-07-09 06:56:57,669 INFO CHECKSUM 7 13 0: 2.196959
2024-07-09 06:56:57,669 INFO CHECKSUM 7 13 0: 2.196959
2024-07-09 06:56:57,691 INFO recv 7 -> 13 # 0 at 187713018, 0.016627 0.098090
2024-07-09 06:56:57,691 INFO sent 7 -> 13 # 0 at 164981834, 0.016627 0.098090
2024-07-09 06:56:57,858 INFO CHECKSUM 7 14 0: 2.196959
2024-07-09 06:56:57,858 INFO CHECKSUM 7 14 0: 2.196959
2024-07-09 06:56:57,877 INFO recv 7 -> 14 # 0 at 185097694, 0.016627 0.098090
2024-07-09 06:56:57,882 INFO sent 7 -> 14 # 0 at 166153216, 0.016627 0.098090
2024-07-09 06:56:58,089 INFO CHECKSUM 7 15 0: 2.196959
2024-07-09 06:56:58,090 INFO CHECKSUM 7 15 0: 2.196959
2024-07-09 06:56:58,111 INFO Accepting from rank 8
2024-07-09 06:56:58,111 INFO Sending from rank 8
2024-07-09 06:56:58,111 INFO Accepting from rank 8
2024-07-09 06:56:58,111 INFO Accepting from rank 8
2024-07-09 06:56:58,112 INFO Accepting from rank 8
2024-07-09 06:56:58,111 INFO Accepting from rank 8
2024-07-09 06:56:58,111 INFO Accepting from rank 8
2024-07-09 06:56:58,111 INFO Accepting from rank 8
2024-07-09 06:56:58,112 INFO Accepting from rank 8
2024-07-09 06:56:58,111 INFO Accepting from rank 8
2024-07-09 06:56:58,111 INFO Accepting from rank 8
2024-07-09 06:56:58,111 INFO Accepting from rank 8
2024-07-09 06:56:58,111 INFO Accepting from rank 8
2024-07-09 06:56:58,111 INFO recv 7 -> 15 # 0 at 200019038, 0.016627 0.098090
2024-07-09 06:56:58,112 INFO Accepting from rank 8
2024-07-09 06:56:58,114 INFO Accepting from rank 8
2024-07-09 06:56:58,114 INFO sent 7 -> 15 # 0 at 177709003, 0.016627 0.098090
2024-07-09 06:56:58,114 INFO Accepting from rank 8
2024-07-09 06:56:58,146 INFO CHECKSUM 8 0 0: 0.925435
2024-07-09 06:56:58,146 INFO CHECKSUM 8 0 0: 0.925435
2024-07-09 06:56:58,156 INFO sent 8 -> 0 # 0 at 14403942, 0.650374 0.948960
2024-07-09 06:56:58,156 INFO recv 8 -> 0 # 0 at 24763071, 0.650374 0.948960
2024-07-09 06:56:58,176 INFO CHECKSUM 8 1 0: 0.925435
2024-07-09 06:56:58,177 INFO CHECKSUM 8 1 0: 0.925435
2024-07-09 06:56:58,187 INFO recv 8 -> 1 # 0 at 24680141, 0.650374 0.948960
2024-07-09 06:56:58,187 INFO sent 8 -> 1 # 0 at 14008096, 0.650374 0.948960
2024-07-09 06:56:58,218 INFO CHECKSUM 8 2 0: 0.925435
2024-07-09 06:56:58,218 INFO CHECKSUM 8 2 0: 0.925435
2024-07-09 06:56:58,232 INFO sent 8 -> 2 # 0 at 14528784, 0.650374 0.948960
2024-07-09 06:56:58,239 INFO recv 8 -> 2 # 0 at 35912670, 0.650374 0.948960
2024-07-09 06:56:58,281 INFO CHECKSUM 8 3 0: 0.925435
2024-07-09 06:56:58,281 INFO CHECKSUM 8 3 0: 0.925435
2024-07-09 06:56:58,294 INFO sent 8 -> 3 # 0 at 21969959, 0.650374 0.948960
2024-07-09 06:56:58,294 INFO recv 8 -> 3 # 0 at 34582270, 0.650374 0.948960
2024-07-09 06:56:58,322 INFO CHECKSUM 8 4 0: 0.925435
2024-07-09 06:56:58,322 INFO CHECKSUM 8 4 0: 0.925435
2024-07-09 06:56:58,334 INFO sent 8 -> 4 # 0 at 17311505, 0.650374 0.948960
2024-07-09 06:56:58,334 INFO recv 8 -> 4 # 0 at 29694628, 0.650374 0.948960
2024-07-09 06:56:58,355 INFO CHECKSUM 8 5 0: 0.925435
2024-07-09 06:56:58,365 INFO CHECKSUM 8 5 0: 0.925435
2024-07-09 06:56:58,379 INFO sent 8 -> 5 # 0 at 13955975, 0.650374 0.948960
2024-07-09 06:56:58,379 INFO recv 8 -> 5 # 0 at 38009146, 0.650374 0.948960
2024-07-09 06:56:58,405 INFO CHECKSUM 8 6 0: 0.925435
2024-07-09 06:56:58,406 INFO CHECKSUM 8 6 0: 0.925435
2024-07-09 06:56:58,423 INFO sent 8 -> 6 # 0 at 13969822, 0.650374 0.948960
2024-07-09 06:56:58,423 INFO recv 8 -> 6 # 0 at 31661847, 0.650374 0.948960
2024-07-09 06:56:58,449 INFO CHECKSUM 8 7 0: 0.925435
2024-07-09 06:56:58,450 INFO CHECKSUM 8 7 0: 0.925435
2024-07-09 06:56:58,473 INFO sent 8 -> 7 # 0 at 13858547, 0.650374 0.948960
2024-07-09 06:56:58,481 INFO recv 8 -> 7 # 0 at 46159917, 0.650374 0.948960
2024-07-09 06:56:58,696 INFO CHECKSUM 8 9 0: 0.925435
2024-07-09 06:56:58,697 INFO CHECKSUM 8 9 0: 0.925435
2024-07-09 06:56:58,725 INFO sent 8 -> 9 # 0 at 191329757, 0.650374 0.948960
2024-07-09 06:56:58,725 INFO recv 8 -> 9 # 0 at 220527247, 0.650374 0.948960
2024-07-09 06:56:58,879 INFO CHECKSUM 8 10 0: 0.925435
2024-07-09 06:56:58,880 INFO CHECKSUM 8 10 0: 0.925435
2024-07-09 06:56:58,892 INFO sent 8 -> 10 # 0 at 138781021, 0.650374 0.948960
2024-07-09 06:56:58,892 INFO recv 8 -> 10 # 0 at 140574435, 0.650374 0.948960
2024-07-09 06:56:59,094 INFO CHECKSUM 8 11 0: 0.925435
2024-07-09 06:56:59,094 INFO CHECKSUM 8 11 0: 0.925435
2024-07-09 06:56:59,121 INFO sent 8 -> 11 # 0 at 185286430, 0.650374 0.948960
2024-07-09 06:56:59,121 INFO recv 8 -> 11 # 0 at 212533311, 0.650374 0.948960
2024-07-09 06:56:59,322 INFO CHECKSUM 8 12 0: 0.925435
2024-07-09 06:56:59,323 INFO CHECKSUM 8 12 0: 0.925435
2024-07-09 06:56:59,337 INFO sent 8 -> 12 # 0 at 180419993, 0.650374 0.948960
2024-07-09 06:56:59,337 INFO recv 8 -> 12 # 0 at 195349224, 0.650374 0.948960
2024-07-09 06:56:59,483 INFO CHECKSUM 8 13 0: 0.925435
2024-07-09 06:56:59,499 INFO sent 8 -> 13 # 0 at 127709480, 0.650374 0.948960
2024-07-09 06:56:59,483 INFO CHECKSUM 8 13 0: 0.925435
2024-07-09 06:56:59,499 INFO recv 8 -> 13 # 0 at 140695944, 0.650374 0.948960
2024-07-09 06:56:59,656 INFO CHECKSUM 8 14 0: 0.925435
2024-07-09 06:56:59,657 INFO CHECKSUM 8 14 0: 0.925435
2024-07-09 06:56:59,677 INFO sent 8 -> 14 # 0 at 153137583, 0.650374 0.948960
2024-07-09 06:56:59,678 INFO recv 8 -> 14 # 0 at 204165846, 0.650374 0.948960
2024-07-09 06:56:59,890 INFO CHECKSUM 8 15 0: 0.925435
2024-07-09 06:56:59,890 INFO CHECKSUM 8 15 0: 0.925435
2024-07-09 06:56:59,904 INFO sent 8 -> 15 # 0 at 175676099, 0.650374 0.948960
2024-07-09 06:56:59,904 INFO Accepting from rank 9
2024-07-09 06:56:59,904 INFO Accepting from rank 9
2024-07-09 06:56:59,904 INFO Accepting from rank 9
2024-07-09 06:56:59,904 INFO Accepting from rank 9
2024-07-09 06:56:59,904 INFO Accepting from rank 9
2024-07-09 06:56:59,904 INFO Accepting from rank 9
2024-07-09 06:56:59,904 INFO Accepting from rank 9
2024-07-09 06:56:59,904 INFO Accepting from rank 9
2024-07-09 06:56:59,904 INFO Accepting from rank 9
2024-07-09 06:56:59,904 INFO Accepting from rank 9
2024-07-09 06:56:59,904 INFO Accepting from rank 9
2024-07-09 06:56:59,904 INFO Accepting from rank 9
2024-07-09 06:56:59,904 INFO recv 8 -> 15 # 0 at 200247500, 0.650374 0.948960
2024-07-09 06:56:59,904 INFO Accepting from rank 9
2024-07-09 06:56:59,904 INFO Accepting from rank 9
2024-07-09 06:56:59,913 INFO Accepting from rank 9
2024-07-09 06:56:59,913 INFO Sending from rank 9
2024-07-09 06:56:59,951 INFO CHECKSUM 9 0 0: 1.292907
2024-07-09 06:56:59,952 INFO CHECKSUM 9 0 0: 1.292907
2024-07-09 06:56:59,967 INFO recv 9 -> 0 # 0 at 30314191, 0.429955 0.155487
2024-07-09 06:56:59,967 INFO sent 9 -> 0 # 0 at 14564471, 0.429955 0.155487
2024-07-09 06:56:59,982 INFO CHECKSUM 9 1 0: 1.292907
2024-07-09 06:56:59,982 INFO CHECKSUM 9 1 0: 1.292907
2024-07-09 06:57:00,001 INFO recv 9 -> 1 # 0 at 33713791, 0.429955 0.155487
2024-07-09 06:57:00,001 INFO sent 9 -> 1 # 0 at 14613676, 0.429955 0.155487
2024-07-09 06:57:00,020 INFO CHECKSUM 9 2 0: 1.292907
2024-07-09 06:57:00,020 INFO CHECKSUM 9 2 0: 1.292907
2024-07-09 06:57:00,039 INFO recv 9 -> 2 # 0 at 33389815, 0.429955 0.155487
2024-07-09 06:57:00,039 INFO sent 9 -> 2 # 0 at 14408869, 0.429955 0.155487
2024-07-09 06:57:00,066 INFO CHECKSUM 9 3 0: 1.292907
2024-07-09 06:57:00,067 INFO CHECKSUM 9 3 0: 1.292907
2024-07-09 06:57:00,081 INFO recv 9 -> 3 # 0 at 31997954, 0.429955 0.155487
2024-07-09 06:57:00,084 INFO sent 9 -> 3 # 0 at 13878202, 0.429955 0.155487
2024-07-09 06:57:00,111 INFO CHECKSUM 9 4 0: 1.292907
2024-07-09 06:57:00,111 INFO CHECKSUM 9 4 0: 1.292907
2024-07-09 06:57:00,141 INFO recv 9 -> 4 # 0 at 43930732, 0.429955 0.155487
2024-07-09 06:57:00,149 INFO sent 9 -> 4 # 0 at 13864744, 0.429955 0.155487
2024-07-09 06:57:00,182 INFO CHECKSUM 9 5 0: 1.292907
2024-07-09 06:57:00,190 INFO CHECKSUM 9 5 0: 1.292907
2024-07-09 06:57:00,213 INFO recv 9 -> 5 # 0 at 56672610, 0.429955 0.155487
2024-07-09 06:57:00,218 INFO sent 9 -> 5 # 0 at 25780824, 0.429955 0.155487
2024-07-09 06:57:00,244 INFO CHECKSUM 9 6 0: 1.292907
2024-07-09 06:57:00,244 INFO CHECKSUM 9 6 0: 1.292907
2024-07-09 06:57:00,265 INFO sent 9 -> 6 # 0 at 14505907, 0.429955 0.155487
2024-07-09 06:57:00,265 INFO recv 9 -> 6 # 0 at 35941012, 0.429955 0.155487
2024-07-09 06:57:00,285 INFO CHECKSUM 9 7 0: 1.292907
2024-07-09 06:57:00,298 INFO sent 9 -> 7 # 0 at 14411575, 0.429955 0.155487
2024-07-09 06:57:00,286 INFO CHECKSUM 9 7 0: 1.292907
2024-07-09 06:57:00,298 INFO recv 9 -> 7 # 0 at 26845375, 0.429955 0.155487
2024-07-09 06:57:00,325 INFO CHECKSUM 9 8 0: 1.292907
2024-07-09 06:57:00,325 INFO CHECKSUM 9 8 0: 1.292907
2024-07-09 06:57:00,349 INFO recv 9 -> 8 # 0 at 39983042, 0.429955 0.155487
2024-07-09 06:57:00,349 INFO sent 9 -> 8 # 0 at 13644558, 0.429955 0.155487
2024-07-09 06:57:00,498 INFO CHECKSUM 9 10 0: 1.292907
2024-07-09 06:57:00,499 INFO CHECKSUM 9 10 0: 1.292907
2024-07-09 06:57:00,519 INFO sent 9 -> 10 # 0 at 136829473, 0.429955 0.155487
2024-07-09 06:57:00,519 INFO recv 9 -> 10 # 0 at 158139594, 0.429955 0.155487
2024-07-09 06:57:00,702 INFO CHECKSUM 9 11 0: 1.292907
2024-07-09 06:57:00,702 INFO CHECKSUM 9 11 0: 1.292907
2024-07-09 06:57:00,723 INFO sent 9 -> 11 # 0 at 178834303, 0.429955 0.155487
2024-07-09 06:57:00,723 INFO recv 9 -> 11 # 0 at 200459605, 0.429955 0.155487
2024-07-09 06:57:00,910 INFO CHECKSUM 9 12 0: 1.292907
2024-07-09 06:57:00,910 INFO CHECKSUM 9 12 0: 1.292907
2024-07-09 06:57:00,933 INFO recv 9 -> 12 # 0 at 203880405, 0.429955 0.155487
2024-07-09 06:57:00,933 INFO sent 9 -> 12 # 0 at 180140474, 0.429955 0.155487
2024-07-09 06:57:01,045 INFO CHECKSUM 9 13 0: 1.292907
2024-07-09 06:57:01,045 INFO CHECKSUM 9 13 0: 1.292907
2024-07-09 06:57:01,065 INFO sent 9 -> 13 # 0 at 107802300, 0.429955 0.155487
2024-07-09 06:57:01,065 INFO recv 9 -> 13 # 0 at 127956145, 0.429955 0.155487
2024-07-09 06:57:01,251 INFO CHECKSUM 9 14 0: 1.292907
2024-07-09 06:57:01,251 INFO CHECKSUM 9 14 0: 1.292907
2024-07-09 06:57:01,277 INFO sent 9 -> 14 # 0 at 174267835, 0.429955 0.155487
2024-07-09 06:57:01,277 INFO recv 9 -> 14 # 0 at 199991163, 0.429955 0.155487
2024-07-09 06:57:01,486 INFO CHECKSUM 9 15 0: 1.292907
2024-07-09 06:57:01,486 INFO CHECKSUM 9 15 0: 1.292907
2024-07-09 06:57:01,501 INFO Accepting from rank 10
2024-07-09 06:57:01,509 INFO Accepting from rank 10
2024-07-09 06:57:01,517 INFO Accepting from rank 10
2024-07-09 06:57:01,517 INFO Accepting from rank 10
2024-07-09 06:57:01,517 INFO sent 9 -> 15 # 0 at 168297597, 0.429955 0.155487
2024-07-09 06:57:01,517 INFO Sending from rank 10
2024-07-09 06:57:01,517 INFO Accepting from rank 10
2024-07-09 06:57:01,517 INFO Accepting from rank 10
2024-07-09 06:57:01,517 INFO Accepting from rank 10
2024-07-09 06:57:01,517 INFO Accepting from rank 10
2024-07-09 06:57:01,517 INFO recv 9 -> 15 # 0 at 199496455, 0.429955 0.155487
2024-07-09 06:57:01,517 INFO Accepting from rank 10
2024-07-09 06:57:01,522 INFO Accepting from rank 10
2024-07-09 06:57:01,522 INFO Accepting from rank 10
2024-07-09 06:57:01,522 INFO Accepting from rank 10
2024-07-09 06:57:01,522 INFO Accepting from rank 10
2024-07-09 06:57:01,522 INFO Accepting from rank 10
2024-07-09 06:57:01,522 INFO Accepting from rank 10
2024-07-09 06:57:01,571 INFO CHECKSUM 10 0 0: 2.475750
2024-07-09 06:57:01,571 INFO CHECKSUM 10 0 0: 2.475750
2024-07-09 06:57:01,577 INFO sent 10 -> 0 # 0 at 29678636, 0.190342 0.038892
2024-07-09 06:57:01,577 INFO recv 10 -> 0 # 0 at 36198223, 0.190342 0.038892
2024-07-09 06:57:01,609 INFO CHECKSUM 10 1 0: 2.475750
2024-07-09 06:57:01,609 INFO CHECKSUM 10 1 0: 2.475750
2024-07-09 06:57:01,641 INFO sent 10 -> 1 # 0 at 21647494, 0.190342 0.038892
2024-07-09 06:57:01,652 INFO recv 10 -> 1 # 0 at 64177471, 0.190342 0.038892
2024-07-09 06:57:01,709 INFO CHECKSUM 10 2 0: 2.475750
2024-07-09 06:57:01,718 INFO CHECKSUM 10 2 0: 2.475750
2024-07-09 06:57:01,739 INFO recv 10 -> 2 # 0 at 56728814, 0.190342 0.038892
2024-07-09 06:57:01,743 INFO sent 10 -> 2 # 0 at 26243820, 0.190342 0.038892
2024-07-09 06:57:01,760 INFO CHECKSUM 10 3 0: 2.475750
2024-07-09 06:57:01,760 INFO CHECKSUM 10 3 0: 2.475750
2024-07-09 06:57:01,781 INFO recv 10 -> 3 # 0 at 35129136, 0.190342 0.038892
2024-07-09 06:57:01,781 INFO sent 10 -> 3 # 0 at 14709561, 0.190342 0.038892
2024-07-09 06:57:01,826 INFO CHECKSUM 10 4 0: 2.475750
2024-07-09 06:57:01,826 INFO CHECKSUM 10 4 0: 2.475750
2024-07-09 06:57:01,853 INFO recv 10 -> 4 # 0 at 55999600, 0.190342 0.038892
2024-07-09 06:57:01,861 INFO sent 10 -> 4 # 0 at 29177485, 0.190342 0.038892
2024-07-09 06:57:01,910 INFO CHECKSUM 10 5 0: 2.475750
2024-07-09 06:57:01,911 INFO CHECKSUM 10 5 0: 2.475750
2024-07-09 06:57:01,926 INFO sent 10 -> 5 # 0 at 29781786, 0.190342 0.038892
2024-07-09 06:57:01,925 INFO recv 10 -> 5 # 0 at 44899042, 0.190342 0.038892
2024-07-09 06:57:01,950 INFO CHECKSUM 10 6 0: 2.475750
2024-07-09 06:57:01,950 INFO CHECKSUM 10 6 0: 2.475750
2024-07-09 06:57:01,969 INFO sent 10 -> 6 # 0 at 20544678, 0.190342 0.038892
2024-07-09 06:57:01,975 INFO recv 10 -> 6 # 0 at 45782248, 0.190342 0.038892
2024-07-09 06:57:02,004 INFO CHECKSUM 10 7 0: 2.475750
2024-07-09 06:57:02,014 INFO CHECKSUM 10 7 0: 2.475750
2024-07-09 06:57:02,022 INFO sent 10 -> 7 # 0 at 14821579, 0.190342 0.038892
2024-07-09 06:57:02,021 INFO recv 10 -> 7 # 0 at 32241106, 0.190342 0.038892
2024-07-09 06:57:02,047 INFO CHECKSUM 10 8 0: 2.475750
2024-07-09 06:57:02,047 INFO CHECKSUM 10 8 0: 2.475750
2024-07-09 06:57:02,061 INFO recv 10 -> 8 # 0 at 28199279, 0.190342 0.038892
2024-07-09 06:57:02,061 INFO sent 10 -> 8 # 0 at 14224040, 0.190342 0.038892
2024-07-09 06:57:02,083 INFO CHECKSUM 10 9 0: 2.475750
2024-07-09 06:57:02,082 INFO CHECKSUM 10 9 0: 2.475750
2024-07-09 06:57:02,105 INFO sent 10 -> 9 # 0 at 13803676, 0.190342 0.038892
2024-07-09 06:57:02,109 INFO recv 10 -> 9 # 0 at 40054520, 0.190342 0.038892
2024-07-09 06:57:02,332 INFO CHECKSUM 10 11 0: 2.475750
2024-07-09 06:57:02,334 INFO CHECKSUM 10 11 0: 2.475750
2024-07-09 06:57:02,345 INFO recv 10 -> 11 # 0 at 209626116, 0.190342 0.038892
2024-07-09 06:57:02,345 INFO sent 10 -> 11 # 0 at 196500032, 0.190342 0.038892
2024-07-09 06:57:02,550 INFO CHECKSUM 10 12 0: 2.475750
2024-07-09 06:57:02,550 INFO CHECKSUM 10 12 0: 2.475750
2024-07-09 06:57:02,566 INFO sent 10 -> 12 # 0 at 194062811, 0.190342 0.038892
2024-07-09 06:57:02,566 INFO recv 10 -> 12 # 0 at 210081031, 0.190342 0.038892
2024-07-09 06:57:02,709 INFO CHECKSUM 10 13 0: 2.475750
2024-07-09 06:57:02,709 INFO CHECKSUM 10 13 0: 2.475750
2024-07-09 06:57:02,729 INFO sent 10 -> 13 # 0 at 125518828, 0.190342 0.038892
2024-07-09 06:57:02,729 INFO recv 10 -> 13 # 0 at 145165158, 0.190342 0.038892
2024-07-09 06:57:02,938 INFO CHECKSUM 10 14 0: 2.475750
2024-07-09 06:57:02,938 INFO CHECKSUM 10 14 0: 2.475750
2024-07-09 06:57:02,952 INFO sent 10 -> 14 # 0 at 177421536, 0.190342 0.038892
2024-07-09 06:57:02,953 INFO recv 10 -> 14 # 0 at 191911578, 0.190342 0.038892
2024-07-09 06:57:03,138 INFO CHECKSUM 10 15 0: 2.475750
2024-07-09 06:57:03,139 INFO CHECKSUM 10 15 0: 2.475750
2024-07-09 06:57:03,159 INFO Accepting from rank 11
2024-07-09 06:57:03,159 INFO Accepting from rank 11
2024-07-09 06:57:03,159 INFO Accepting from rank 11
2024-07-09 06:57:03,159 INFO Accepting from rank 11
2024-07-09 06:57:03,159 INFO Accepting from rank 11
2024-07-09 06:57:03,159 INFO Accepting from rank 11
2024-07-09 06:57:03,159 INFO Sending from rank 11
2024-07-09 06:57:03,159 INFO Accepting from rank 11
2024-07-09 06:57:03,159 INFO sent 10 -> 15 # 0 at 184608541, 0.190342 0.038892
2024-07-09 06:57:03,159 INFO recv 10 -> 15 # 0 at 205852363, 0.190342 0.038892
2024-07-09 06:57:03,159 INFO Accepting from rank 11
2024-07-09 06:57:03,159 INFO Accepting from rank 11
2024-07-09 06:57:03,163 INFO Accepting from rank 11
2024-07-09 06:57:03,163 INFO Accepting from rank 11
2024-07-09 06:57:03,163 INFO Accepting from rank 11
2024-07-09 06:57:03,163 INFO Accepting from rank 11
2024-07-09 06:57:03,163 INFO Accepting from rank 11
2024-07-09 06:57:03,163 INFO Accepting from rank 11
2024-07-09 06:57:03,207 INFO CHECKSUM 11 0 0: 0.800301
2024-07-09 06:57:03,215 INFO CHECKSUM 11 0 0: 0.800301
2024-07-09 06:57:03,226 INFO recv 11 -> 0 # 0 at 39889006, 0.906238 0.005715
2024-07-09 06:57:03,241 INFO sent 11 -> 0 # 0 at 14281812, 0.906238 0.005715
2024-07-09 06:57:03,256 INFO CHECKSUM 11 1 0: 0.800301
2024-07-09 06:57:03,256 INFO CHECKSUM 11 1 0: 0.800301
2024-07-09 06:57:03,269 INFO sent 11 -> 1 # 0 at 13969368, 0.906238 0.005715
2024-07-09 06:57:03,269 INFO recv 11 -> 1 # 0 at 28011470, 0.906238 0.005715
2024-07-09 06:57:03,288 INFO CHECKSUM 11 2 0: 0.800301
2024-07-09 06:57:03,287 INFO CHECKSUM 11 2 0: 0.800301
2024-07-09 06:57:03,311 INFO sent 11 -> 2 # 0 at 14478314, 0.906238 0.005715
2024-07-09 06:57:03,312 INFO recv 11 -> 2 # 0 at 39518901, 0.906238 0.005715
2024-07-09 06:57:03,343 INFO CHECKSUM 11 3 0: 0.800301
2024-07-09 06:57:03,343 INFO CHECKSUM 11 3 0: 0.800301
2024-07-09 06:57:03,363 INFO recv 11 -> 3 # 0 at 34484281, 0.906238 0.005715
2024-07-09 06:57:03,363 INFO sent 11 -> 3 # 0 at 13840828, 0.906238 0.005715
2024-07-09 06:57:03,380 INFO CHECKSUM 11 4 0: 0.800301
2024-07-09 06:57:03,380 INFO CHECKSUM 11 4 0: 0.800301
2024-07-09 06:57:03,395 INFO recv 11 -> 4 # 0 at 29702924, 0.906238 0.005715
2024-07-09 06:57:03,405 INFO sent 11 -> 4 # 0 at 14300449, 0.906238 0.005715
2024-07-09 06:57:03,442 INFO CHECKSUM 11 5 0: 0.800301
2024-07-09 06:57:03,442 INFO CHECKSUM 11 5 0: 0.800301
2024-07-09 06:57:03,465 INFO recv 11 -> 5 # 0 at 48882334, 0.906238 0.005715
2024-07-09 06:57:03,465 INFO sent 11 -> 5 # 0 at 22186870, 0.906238 0.005715
2024-07-09 06:57:03,511 INFO CHECKSUM 11 6 0: 0.800301
2024-07-09 06:57:03,512 INFO CHECKSUM 11 6 0: 0.800301
2024-07-09 06:57:03,545 INFO recv 11 -> 6 # 0 at 48000441, 0.906238 0.005715
2024-07-09 06:57:03,547 INFO sent 11 -> 6 # 0 at 14011118, 0.906238 0.005715
2024-07-09 06:57:03,666 INFO CHECKSUM 11 7 0: 0.800301
2024-07-09 06:57:03,666 INFO CHECKSUM 11 7 0: 0.800301
2024-07-09 06:57:03,695 INFO recv 11 -> 7 # 0 at 110982406, 0.906238 0.005715
2024-07-09 06:57:03,695 INFO sent 11 -> 7 # 0 at 85491401, 0.906238 0.005715
2024-07-09 06:57:03,731 INFO CHECKSUM 11 8 0: 0.800301
2024-07-09 06:57:03,732 INFO CHECKSUM 11 8 0: 0.800301
2024-07-09 06:57:03,749 INFO recv 11 -> 8 # 0 at 40688199, 0.906238 0.005715
2024-07-09 06:57:03,749 INFO sent 11 -> 8 # 0 at 13996940, 0.906238 0.005715
2024-07-09 06:57:03,800 INFO CHECKSUM 11 9 0: 0.800301
2024-07-09 06:57:03,800 INFO CHECKSUM 11 9 0: 0.800301
2024-07-09 06:57:03,821 INFO recv 11 -> 9 # 0 at 60025387, 0.906238 0.005715
2024-07-09 06:57:03,821 INFO sent 11 -> 9 # 0 at 39152684, 0.906238 0.005715
2024-07-09 06:57:03,938 INFO CHECKSUM 11 10 0: 0.800301
2024-07-09 06:57:03,938 INFO CHECKSUM 11 10 0: 0.800301
2024-07-09 06:57:03,951 INFO recv 11 -> 10 # 0 at 110064033, 0.906238 0.005715
2024-07-09 06:57:03,951 INFO sent 11 -> 10 # 0 at 97129601, 0.906238 0.005715
2024-07-09 06:57:04,225 INFO CHECKSUM 11 12 0: 0.800301
2024-07-09 06:57:04,226 INFO CHECKSUM 11 12 0: 0.800301
2024-07-09 06:57:04,249 INFO sent 11 -> 12 # 0 at 247929974, 0.906238 0.005715
2024-07-09 06:57:04,249 INFO recv 11 -> 12 # 0 at 271997216, 0.906238 0.005715
2024-07-09 06:57:04,470 INFO CHECKSUM 11 13 0: 0.800301
2024-07-09 06:57:04,478 INFO CHECKSUM 11 13 0: 0.800301
2024-07-09 06:57:04,490 INFO sent 11 -> 13 # 0 at 191209893, 0.906238 0.005715
2024-07-09 06:57:04,490 INFO recv 11 -> 13 # 0 at 213260007, 0.906238 0.005715
2024-07-09 06:57:04,705 INFO CHECKSUM 11 14 0: 0.800301
2024-07-09 06:57:04,706 INFO CHECKSUM 11 14 0: 0.800301
2024-07-09 06:57:04,727 INFO recv 11 -> 14 # 0 at 223788725, 0.906238 0.005715
2024-07-09 06:57:04,735 INFO sent 11 -> 14 # 0 at 201680481, 0.906238 0.005715
2024-07-09 06:57:04,986 INFO CHECKSUM 11 15 0: 0.800301
2024-07-09 06:57:04,987 INFO CHECKSUM 11 15 0: 0.800301
2024-07-09 06:57:05,009 INFO Accepting from rank 12
2024-07-09 06:57:05,013 INFO Accepting from rank 12
2024-07-09 06:57:05,013 INFO Accepting from rank 12
2024-07-09 06:57:05,013 INFO Accepting from rank 12
2024-07-09 06:57:05,013 INFO Accepting from rank 12
2024-07-09 06:57:05,013 INFO Accepting from rank 12
2024-07-09 06:57:05,013 INFO Accepting from rank 12
2024-07-09 06:57:05,013 INFO Sending from rank 12
2024-07-09 06:57:05,013 INFO Accepting from rank 12
2024-07-09 06:57:05,013 INFO Accepting from rank 12
2024-07-09 06:57:05,013 INFO Accepting from rank 12
2024-07-09 06:57:05,013 INFO Accepting from rank 12
2024-07-09 06:57:05,013 INFO Accepting from rank 12
2024-07-09 06:57:05,013 INFO recv 11 -> 15 # 0 at 253190218, 0.906238 0.005715
2024-07-09 06:57:05,013 INFO Accepting from rank 12
2024-07-09 06:57:05,021 INFO Accepting from rank 12
2024-07-09 06:57:05,021 INFO sent 11 -> 15 # 0 at 230829490, 0.906238 0.005715
2024-07-09 06:57:05,021 INFO Accepting from rank 12
2024-07-09 06:57:05,073 INFO CHECKSUM 12 0 0: 1.533860
2024-07-09 06:57:05,073 INFO CHECKSUM 12 0 0: 1.533860
2024-07-09 06:57:05,089 INFO recv 12 -> 0 # 0 at 53536815, 0.961687 0.468510
2024-07-09 06:57:05,089 INFO sent 12 -> 0 # 0 at 37453995, 0.961687 0.468510
2024-07-09 06:57:05,154 INFO CHECKSUM 12 1 0: 1.533860
2024-07-09 06:57:05,154 INFO CHECKSUM 12 1 0: 1.533860
2024-07-09 06:57:05,177 INFO recv 12 -> 1 # 0 at 48007577, 0.961687 0.468510
2024-07-09 06:57:05,177 INFO sent 12 -> 1 # 0 at 29438084, 0.961687 0.468510
2024-07-09 06:57:05,214 INFO CHECKSUM 12 2 0: 1.533860
2024-07-09 06:57:05,214 INFO CHECKSUM 12 2 0: 1.533860
2024-07-09 06:57:05,221 INFO recv 12 -> 2 # 0 at 30254346, 0.961687 0.468510
2024-07-09 06:57:05,221 INFO sent 12 -> 2 # 0 at 22385578, 0.961687 0.468510
2024-07-09 06:57:05,244 INFO CHECKSUM 12 3 0: 1.533860
2024-07-09 06:57:05,244 INFO CHECKSUM 12 3 0: 1.533860
2024-07-09 06:57:05,265 INFO sent 12 -> 3 # 0 at 14012774, 0.961687 0.468510
2024-07-09 06:57:05,267 INFO recv 12 -> 3 # 0 at 37098413, 0.961687 0.468510
2024-07-09 06:57:05,377 INFO CHECKSUM 12 4 0: 1.533860
2024-07-09 06:57:05,378 INFO CHECKSUM 12 4 0: 1.533860
2024-07-09 06:57:05,409 INFO sent 12 -> 4 # 0 at 91335793, 0.961687 0.468510
2024-07-09 06:57:05,409 INFO recv 12 -> 4 # 0 at 123032488, 0.961687 0.468510
2024-07-09 06:57:05,459 INFO CHECKSUM 12 5 0: 1.533860
2024-07-09 06:57:05,460 INFO CHECKSUM 12 5 0: 1.533860
2024-07-09 06:57:05,481 INFO sent 12 -> 5 # 0 at 14069324, 0.961687 0.468510
2024-07-09 06:57:05,481 INFO recv 12 -> 5 # 0 at 35551640, 0.961687 0.468510
2024-07-09 06:57:05,537 INFO CHECKSUM 12 6 0: 1.533860
2024-07-09 06:57:05,537 INFO CHECKSUM 12 6 0: 1.533860
2024-07-09 06:57:05,561 INFO sent 12 -> 6 # 0 at 29703508, 0.961687 0.468510
2024-07-09 06:57:05,561 INFO recv 12 -> 6 # 0 at 53761186, 0.961687 0.468510
2024-07-09 06:57:05,610 INFO CHECKSUM 12 7 0: 1.533860
2024-07-09 06:57:05,610 INFO CHECKSUM 12 7 0: 1.533860
2024-07-09 06:57:05,633 INFO sent 12 -> 7 # 0 at 18817709, 0.961687 0.468510
2024-07-09 06:57:05,643 INFO recv 12 -> 7 # 0 at 47567095, 0.961687 0.468510
2024-07-09 06:57:05,672 INFO CHECKSUM 12 8 0: 1.533860
2024-07-09 06:57:05,673 INFO CHECKSUM 12 8 0: 1.533860
2024-07-09 06:57:05,689 INFO recv 12 -> 8 # 0 at 30382700, 0.961687 0.468510
2024-07-09 06:57:05,691 INFO sent 12 -> 8 # 0 at 14004178, 0.961687 0.468510
2024-07-09 06:57:05,757 INFO CHECKSUM 12 9 0: 1.533860
2024-07-09 06:57:05,758 INFO CHECKSUM 12 9 0: 1.533860
2024-07-09 06:57:05,766 INFO sent 12 -> 9 # 0 at 28955740, 0.961687 0.468510
2024-07-09 06:57:05,766 INFO recv 12 -> 9 # 0 at 37215449, 0.961687 0.468510
2024-07-09 06:57:05,783 INFO CHECKSUM 12 10 0: 1.533860
2024-07-09 06:57:05,784 INFO CHECKSUM 12 10 0: 1.533860
2024-07-09 06:57:05,809 INFO recv 12 -> 10 # 0 at 39597375, 0.961687 0.468510
2024-07-09 06:57:05,809 INFO sent 12 -> 10 # 0 at 13854348, 0.961687 0.468510
2024-07-09 06:57:05,837 INFO CHECKSUM 12 11 0: 1.533860
2024-07-09 06:57:05,838 INFO CHECKSUM 12 11 0: 1.533860
2024-07-09 06:57:05,869 INFO sent 12 -> 11 # 0 at 13896580, 0.961687 0.468510
2024-07-09 06:57:05,873 INFO recv 12 -> 11 # 0 at 49471337, 0.961687 0.468510
2024-07-09 06:57:06,117 INFO CHECKSUM 12 13 0: 1.533860
2024-07-09 06:57:06,118 INFO CHECKSUM 12 13 0: 1.533860
2024-07-09 06:57:06,143 INFO sent 12 -> 13 # 0 at 222218264, 0.961687 0.468510
2024-07-09 06:57:06,143 INFO recv 12 -> 13 # 0 at 248376607, 0.961687 0.468510
2024-07-09 06:57:06,358 INFO CHECKSUM 12 14 0: 1.533860
2024-07-09 06:57:06,359 INFO CHECKSUM 12 14 0: 1.533860
2024-07-09 06:57:06,379 INFO sent 12 -> 14 # 0 at 184939788, 0.961687 0.468510
2024-07-09 06:57:06,379 INFO recv 12 -> 14 # 0 at 205476476, 0.961687 0.468510
2024-07-09 06:57:06,572 INFO CHECKSUM 12 15 0: 1.533860
2024-07-09 06:57:06,573 INFO CHECKSUM 12 15 0: 1.533860
2024-07-09 06:57:06,587 INFO Accepting from rank 13
2024-07-09 06:57:06,587 INFO Accepting from rank 13
2024-07-09 06:57:06,587 INFO Sending from rank 13
2024-07-09 06:57:06,587 INFO Accepting from rank 13
2024-07-09 06:57:06,587 INFO Accepting from rank 13
2024-07-09 06:57:06,587 INFO Accepting from rank 13
2024-07-09 06:57:06,587 INFO Accepting from rank 13
2024-07-09 06:57:06,587 INFO Accepting from rank 13
2024-07-09 06:57:06,587 INFO Accepting from rank 13
2024-07-09 06:57:06,587 INFO Accepting from rank 13
2024-07-09 06:57:06,587 INFO sent 12 -> 15 # 0 at 177709648, 0.961687 0.468510
2024-07-09 06:57:06,587 INFO Accepting from rank 13
2024-07-09 06:57:06,587 INFO recv 12 -> 15 # 0 at 192416948, 0.961687 0.468510
2024-07-09 06:57:06,587 INFO Accepting from rank 13
2024-07-09 06:57:06,587 INFO Accepting from rank 13
2024-07-09 06:57:06,587 INFO Accepting from rank 13
2024-07-09 06:57:06,597 INFO Accepting from rank 13
2024-07-09 06:57:06,597 INFO Accepting from rank 13
2024-07-09 06:57:06,626 INFO CHECKSUM 13 0 0: 1.548097
2024-07-09 06:57:06,626 INFO CHECKSUM 13 0 0: 1.548097
2024-07-09 06:57:06,634 INFO recv 13 -> 0 # 0 at 22518453, 0.434759 0.718095
2024-07-09 06:57:06,634 INFO sent 13 -> 0 # 0 at 14446836, 0.434759 0.718095
2024-07-09 06:57:06,676 INFO CHECKSUM 13 1 0: 1.548097
2024-07-09 06:57:06,676 INFO CHECKSUM 13 1 0: 1.548097
2024-07-09 06:57:06,697 INFO recv 13 -> 1 # 0 at 42656455, 0.434759 0.718095
2024-07-09 06:57:06,697 INFO sent 13 -> 1 # 0 at 13604815, 0.434759 0.718095
2024-07-09 06:57:06,735 INFO CHECKSUM 13 2 0: 1.548097
2024-07-09 06:57:06,735 INFO CHECKSUM 13 2 0: 1.548097
2024-07-09 06:57:06,756 INFO sent 13 -> 2 # 0 at 22009820, 0.434759 0.718095
2024-07-09 06:57:06,763 INFO recv 13 -> 2 # 0 at 50466891, 0.434759 0.718095
2024-07-09 06:57:06,803 INFO CHECKSUM 13 3 0: 1.548097
2024-07-09 06:57:06,803 INFO CHECKSUM 13 3 0: 1.548097
2024-07-09 06:57:06,814 INFO recv 13 -> 3 # 0 at 36018155, 0.434759 0.718095
2024-07-09 06:57:06,814 INFO sent 13 -> 3 # 0 at 13569557, 0.434759 0.718095
2024-07-09 06:57:06,841 INFO CHECKSUM 13 4 0: 1.548097
2024-07-09 06:57:06,841 INFO CHECKSUM 13 4 0: 1.548097
2024-07-09 06:57:06,865 INFO recv 13 -> 4 # 0 at 38358660, 0.434759 0.718095
2024-07-09 06:57:06,875 INFO sent 13 -> 4 # 0 at 14481612, 0.434759 0.718095
2024-07-09 06:57:06,910 INFO CHECKSUM 13 5 0: 1.548097
2024-07-09 06:57:06,910 INFO CHECKSUM 13 5 0: 1.548097
2024-07-09 06:57:06,923 INFO sent 13 -> 5 # 0 at 14029627, 0.434759 0.718095
2024-07-09 06:57:06,923 INFO recv 13 -> 5 # 0 at 26682511, 0.434759 0.718095
2024-07-09 06:57:06,946 INFO CHECKSUM 13 6 0: 1.548097
2024-07-09 06:57:06,947 INFO CHECKSUM 13 6 0: 1.548097
2024-07-09 06:57:06,957 INFO sent 13 -> 6 # 0 at 13834268, 0.434759 0.718095
2024-07-09 06:57:06,957 INFO recv 13 -> 6 # 0 at 24004770, 0.434759 0.718095
2024-07-09 06:57:06,982 INFO CHECKSUM 13 7 0: 1.548097
2024-07-09 06:57:06,983 INFO CHECKSUM 13 7 0: 1.548097
2024-07-09 06:57:07,001 INFO sent 13 -> 7 # 0 at 13734976, 0.434759 0.718095
2024-07-09 06:57:07,001 INFO recv 13 -> 7 # 0 at 31988269, 0.434759 0.718095
2024-07-09 06:57:07,102 INFO CHECKSUM 13 8 0: 1.548097
2024-07-09 06:57:07,102 INFO CHECKSUM 13 8 0: 1.548097
2024-07-09 06:57:07,119 INFO recv 13 -> 8 # 0 at 106485449, 0.434759 0.718095
2024-07-09 06:57:07,127 INFO sent 13 -> 8 # 0 at 89711938, 0.434759 0.718095
2024-07-09 06:57:07,187 INFO CHECKSUM 13 9 0: 1.548097
2024-07-09 06:57:07,187 INFO CHECKSUM 13 9 0: 1.548097
2024-07-09 06:57:07,196 INFO recv 13 -> 9 # 0 at 47100713, 0.434759 0.718095
2024-07-09 06:57:07,196 INFO sent 13 -> 9 # 0 at 31141853, 0.434759 0.718095
2024-07-09 06:57:07,224 INFO CHECKSUM 13 10 0: 1.548097
2024-07-09 06:57:07,224 INFO CHECKSUM 13 10 0: 1.548097
2024-07-09 06:57:07,251 INFO recv 13 -> 10 # 0 at 41430166, 0.434759 0.718095
2024-07-09 06:57:07,251 INFO sent 13 -> 10 # 0 at 14573650, 0.434759 0.718095
2024-07-09 06:57:07,281 INFO CHECKSUM 13 11 0: 1.548097
2024-07-09 06:57:07,282 INFO CHECKSUM 13 11 0: 1.548097
2024-07-09 06:57:07,319 INFO recv 13 -> 11 # 0 at 52382328, 0.434759 0.718095
2024-07-09 06:57:07,319 INFO sent 13 -> 11 # 0 at 13831333, 0.434759 0.718095
2024-07-09 06:57:07,344 INFO CHECKSUM 13 12 0: 1.548097
2024-07-09 06:57:07,345 INFO CHECKSUM 13 12 0: 1.548097
2024-07-09 06:57:07,359 INFO recv 13 -> 12 # 0 at 29167801, 0.434759 0.718095
2024-07-09 06:57:07,359 INFO sent 13 -> 12 # 0 at 13829028, 0.434759 0.718095
2024-07-09 06:57:07,568 INFO CHECKSUM 13 14 0: 1.548097
2024-07-09 06:57:07,568 INFO CHECKSUM 13 14 0: 1.548097
2024-07-09 06:57:07,591 INFO sent 13 -> 14 # 0 at 198513051, 0.434759 0.718095
2024-07-09 06:57:07,591 INFO recv 13 -> 14 # 0 at 221243878, 0.434759 0.718095
2024-07-09 06:57:07,824 INFO CHECKSUM 13 15 0: 1.548097
2024-07-09 06:57:07,827 INFO CHECKSUM 13 15 0: 1.548097
2024-07-09 06:57:07,842 INFO Accepting from rank 14
2024-07-09 06:57:07,845 INFO Accepting from rank 14
2024-07-09 06:57:07,845 INFO Accepting from rank 14
2024-07-09 06:57:07,845 INFO Accepting from rank 14
2024-07-09 06:57:07,845 INFO Accepting from rank 14
2024-07-09 06:57:07,845 INFO Accepting from rank 14
2024-07-09 06:57:07,845 INFO Accepting from rank 14
2024-07-09 06:57:07,845 INFO Accepting from rank 14
2024-07-09 06:57:07,845 INFO Accepting from rank 14
2024-07-09 06:57:07,845 INFO Accepting from rank 14
2024-07-09 06:57:07,849 INFO Accepting from rank 14
2024-07-09 06:57:07,849 INFO sent 13 -> 15 # 0 at 198969456, 0.434759 0.718095
2024-07-09 06:57:07,849 INFO Sending from rank 14
2024-07-09 06:57:07,849 INFO recv 13 -> 15 # 0 at 224695992, 0.434759 0.718095
2024-07-09 06:57:07,849 INFO Accepting from rank 14
2024-07-09 06:57:07,849 INFO Accepting from rank 14
2024-07-09 06:57:07,853 INFO Accepting from rank 14
2024-07-09 06:57:07,853 INFO Accepting from rank 14
2024-07-09 06:57:07,979 INFO CHECKSUM 14 0 0: 1.800068
2024-07-09 06:57:07,979 INFO CHECKSUM 14 0 0: 1.800068
2024-07-09 06:57:07,993 INFO recv 14 -> 0 # 0 at 112000711, 0.599434 0.520846
2024-07-09 06:57:08,007 INFO sent 14 -> 0 # 0 at 97861179, 0.599434 0.520846
2024-07-09 06:57:08,051 INFO CHECKSUM 14 1 0: 1.800068
2024-07-09 06:57:08,051 INFO CHECKSUM 14 1 0: 1.800068
2024-07-09 06:57:08,065 INFO recv 14 -> 1 # 0 at 28001170, 0.599434 0.520846
2024-07-09 06:57:08,069 INFO sent 14 -> 1 # 0 at 21990512, 0.599434 0.520846
2024-07-09 06:57:08,084 INFO CHECKSUM 14 2 0: 1.800068
2024-07-09 06:57:08,084 INFO CHECKSUM 14 2 0: 1.800068
2024-07-09 06:57:08,100 INFO recv 14 -> 2 # 0 at 30131277, 0.599434 0.520846
2024-07-09 06:57:08,137 INFO CHECKSUM 14 3 0: 1.800068
2024-07-09 06:57:08,107 INFO sent 14 -> 2 # 0 at 14628436, 0.599434 0.520846
2024-07-09 06:57:08,282 INFO CHECKSUM 14 4 0: 1.800068
2024-07-09 06:57:08,165 INFO recv 14 -> 3 # 0 at 42393577, 0.599434 0.520846
2024-07-09 06:57:08,137 INFO CHECKSUM 14 3 0: 1.800068
2024-07-09 06:57:08,295 INFO recv 14 -> 4 # 0 at 101334304, 0.599434 0.520846
2024-07-09 06:57:08,165 INFO sent 14 -> 3 # 0 at 18396222, 0.599434 0.520846
2024-07-09 06:57:08,322 INFO CHECKSUM 14 5 0: 1.800068
2024-07-09 06:57:08,277 INFO CHECKSUM 14 4 0: 1.800068
2024-07-09 06:57:08,343 INFO recv 14 -> 5 # 0 at 35667593, 0.599434 0.520846
2024-07-09 06:57:08,295 INFO sent 14 -> 4 # 0 at 82336417, 0.599434 0.520846
2024-07-09 06:57:08,322 INFO CHECKSUM 14 5 0: 1.800068
2024-07-09 06:57:08,343 INFO sent 14 -> 5 # 0 at 14195037, 0.599434 0.520846
2024-07-09 06:57:08,445 INFO CHECKSUM 14 6 0: 1.800068
2024-07-09 06:57:08,446 INFO CHECKSUM 14 6 0: 1.800068
2024-07-09 06:57:08,456 INFO sent 14 -> 6 # 0 at 87231445, 0.599434 0.520846
2024-07-09 06:57:08,456 INFO recv 14 -> 6 # 0 at 98819646, 0.599434 0.520846
2024-07-09 06:57:08,483 INFO CHECKSUM 14 7 0: 1.800068
2024-07-09 06:57:08,498 INFO CHECKSUM 14 7 0: 1.800068
2024-07-09 06:57:08,516 INFO sent 14 -> 7 # 0 at 13968459, 0.599434 0.520846
2024-07-09 06:57:08,516 INFO recv 14 -> 7 # 0 at 47436552, 0.599434 0.520846
2024-07-09 06:57:08,552 INFO CHECKSUM 14 8 0: 1.800068
2024-07-09 06:57:08,552 INFO CHECKSUM 14 8 0: 1.800068
2024-07-09 06:57:08,565 INFO recv 14 -> 8 # 0 at 36210285, 0.599434 0.520846
2024-07-09 06:57:08,565 INFO sent 14 -> 8 # 0 at 23259870, 0.599434 0.520846
2024-07-09 06:57:08,591 INFO CHECKSUM 14 9 0: 1.800068
2024-07-09 06:57:08,591 INFO CHECKSUM 14 9 0: 1.800068
2024-07-09 06:57:08,609 INFO sent 14 -> 9 # 0 at 14223171, 0.599434 0.520846
2024-07-09 06:57:08,609 INFO recv 14 -> 9 # 0 at 32003576, 0.599434 0.520846
2024-07-09 06:57:08,648 INFO CHECKSUM 14 10 0: 1.800068
2024-07-09 06:57:08,649 INFO CHECKSUM 14 10 0: 1.800068
2024-07-09 06:57:08,665 INFO recv 14 -> 10 # 0 at 30603343, 0.599434 0.520846
2024-07-09 06:57:08,665 INFO sent 14 -> 10 # 0 at 14012385, 0.599434 0.520846
2024-07-09 06:57:08,721 INFO CHECKSUM 14 11 0: 1.800068
2024-07-09 06:57:08,722 INFO CHECKSUM 14 11 0: 1.800068
2024-07-09 06:57:08,741 INFO recv 14 -> 11 # 0 at 57176950, 0.599434 0.520846
2024-07-09 06:57:08,741 INFO sent 14 -> 11 # 0 at 37839262, 0.599434 0.520846
2024-07-09 06:57:08,776 INFO CHECKSUM 14 12 0: 1.800068
2024-07-09 06:57:08,776 INFO CHECKSUM 14 12 0: 1.800068
2024-07-09 06:57:08,809 INFO recv 14 -> 12 # 0 at 46373728, 0.599434 0.520846
2024-07-09 06:57:08,815 INFO sent 14 -> 12 # 0 at 13596549, 0.599434 0.520846
2024-07-09 06:57:08,935 INFO CHECKSUM 14 13 0: 1.800068
2024-07-09 06:57:08,938 INFO CHECKSUM 14 13 0: 1.800068
2024-07-09 06:57:08,960 INFO recv 14 -> 13 # 0 at 124218788, 0.599434 0.520846
2024-07-09 06:57:08,960 INFO sent 14 -> 13 # 0 at 99282271, 0.599434 0.520846
2024-07-09 06:57:09,144 INFO CHECKSUM 14 15 0: 1.800068
2024-07-09 06:57:09,144 INFO CHECKSUM 14 15 0: 1.800068
2024-07-09 06:57:09,161 INFO Accepting from rank 15
2024-07-09 06:57:09,161 INFO Accepting from rank 15
2024-07-09 06:57:09,161 INFO Accepting from rank 15
2024-07-09 06:57:09,161 INFO Accepting from rank 15
2024-07-09 06:57:09,161 INFO Accepting from rank 15
2024-07-09 06:57:09,161 INFO Accepting from rank 15
2024-07-09 06:57:09,161 INFO Accepting from rank 15
2024-07-09 06:57:09,161 INFO Accepting from rank 15
2024-07-09 06:57:09,162 INFO Accepting from rank 15
2024-07-09 06:57:09,162 INFO Accepting from rank 15
2024-07-09 06:57:09,171 INFO Accepting from rank 15
2024-07-09 06:57:09,171 INFO Accepting from rank 15
2024-07-09 06:57:09,171 INFO recv 14 -> 15 # 0 at 202142791, 0.599434 0.520846
2024-07-09 06:57:09,171 INFO sent 14 -> 15 # 0 at 174366283, 0.599434 0.520846
2024-07-09 06:57:09,172 INFO Accepting from rank 15
2024-07-09 06:57:09,172 INFO Sending from rank 15
2024-07-09 06:57:09,177 INFO Accepting from rank 15
2024-07-09 06:57:09,177 INFO Accepting from rank 15
2024-07-09 06:57:09,223 INFO CHECKSUM 15 0 0: 1.583251
2024-07-09 06:57:09,223 INFO CHECKSUM 15 0 0: 1.583251
2024-07-09 06:57:09,237 INFO recv 15 -> 0 # 0 at 36111265, 0.880113 0.860300
2024-07-09 06:57:09,237 INFO sent 15 -> 0 # 0 at 22105585, 0.880113 0.860300
2024-07-09 06:57:09,260 INFO CHECKSUM 15 1 0: 1.583251
2024-07-09 06:57:09,261 INFO CHECKSUM 15 1 0: 1.583251
2024-07-09 06:57:09,291 INFO recv 15 -> 1 # 0 at 44862889, 0.880113 0.860300
2024-07-09 06:57:09,291 INFO sent 15 -> 1 # 0 at 14548843, 0.880113 0.860300
2024-07-09 06:57:09,319 INFO CHECKSUM 15 2 0: 1.583251
2024-07-09 06:57:09,329 INFO CHECKSUM 15 2 0: 1.583251
2024-07-09 06:57:09,361 INFO recv 15 -> 2 # 0 at 56018861, 0.880113 0.860300
2024-07-09 06:57:09,361 INFO sent 15 -> 2 # 0 at 14524766, 0.880113 0.860300
2024-07-09 06:57:09,385 INFO CHECKSUM 15 3 0: 1.583251
2024-07-09 06:57:09,384 INFO CHECKSUM 15 3 0: 1.583251
2024-07-09 06:57:09,401 INFO recv 15 -> 3 # 0 at 30431146, 0.880113 0.860300
2024-07-09 06:57:09,401 INFO sent 15 -> 3 # 0 at 13775144, 0.880113 0.860300
2024-07-09 06:57:09,501 INFO CHECKSUM 15 4 0: 1.583251
2024-07-09 06:57:09,502 INFO CHECKSUM 15 4 0: 1.583251
2024-07-09 06:57:09,529 INFO sent 15 -> 4 # 0 at 85046313, 0.880113 0.860300
2024-07-09 06:57:09,529 INFO recv 15 -> 4 # 0 at 112673202, 0.880113 0.860300
2024-07-09 06:57:09,548 INFO CHECKSUM 15 5 0: 1.583251
2024-07-09 06:57:09,549 INFO CHECKSUM 15 5 0: 1.583251
2024-07-09 06:57:09,571 INFO sent 15 -> 5 # 0 at 13909715, 0.880113 0.860300
2024-07-09 06:57:09,577 INFO recv 15 -> 5 # 0 at 43046825, 0.880113 0.860300
2024-07-09 06:57:09,600 INFO CHECKSUM 15 6 0: 1.583251
2024-07-09 06:57:09,601 INFO CHECKSUM 15 6 0: 1.583251
2024-07-09 06:57:09,622 INFO sent 15 -> 6 # 0 at 22801923, 0.880113 0.860300
2024-07-09 06:57:09,631 INFO recv 15 -> 6 # 0 at 53564758, 0.880113 0.860300
2024-07-09 06:57:09,661 INFO CHECKSUM 15 7 0: 1.583251
2024-07-09 06:57:09,662 INFO CHECKSUM 15 7 0: 1.583251
2024-07-09 06:57:09,691 INFO sent 15 -> 7 # 0 at 22289842, 0.880113 0.860300
2024-07-09 06:57:09,695 INFO recv 15 -> 7 # 0 at 55974692, 0.880113 0.860300
2024-07-09 06:57:09,734 INFO CHECKSUM 15 8 0: 1.583251
2024-07-09 06:57:09,735 INFO CHECKSUM 15 8 0: 1.583251
2024-07-09 06:57:09,748 INFO recv 15 -> 8 # 0 at 27013790, 0.880113 0.860300
2024-07-09 06:57:09,748 INFO sent 15 -> 8 # 0 at 13712884, 0.880113 0.860300
2024-07-09 06:57:09,775 INFO CHECKSUM 15 9 0: 1.583251
2024-07-09 06:57:09,776 INFO CHECKSUM 15 9 0: 1.583251
2024-07-09 06:57:09,818 INFO sent 15 -> 9 # 0 at 18493672, 0.880113 0.860300
2024-07-09 06:57:09,821 INFO recv 15 -> 9 # 0 at 60003656, 0.880113 0.860300
2024-07-09 06:57:09,870 INFO CHECKSUM 15 10 0: 1.583251
2024-07-09 06:57:09,871 INFO CHECKSUM 15 10 0: 1.583251
2024-07-09 06:57:09,895 INFO recv 15 -> 10 # 0 at 39316732, 0.880113 0.860300
2024-07-09 06:57:09,903 INFO sent 15 -> 10 # 0 at 13968619, 0.880113 0.860300
2024-07-09 06:57:09,973 INFO CHECKSUM 15 11 0: 1.583251
2024-07-09 06:57:09,973 INFO CHECKSUM 15 11 0: 1.583251
2024-07-09 06:57:10,003 INFO sent 15 -> 11 # 0 at 37696265, 0.880113 0.860300
2024-07-09 06:57:10,004 INFO recv 15 -> 11 # 0 at 68096062, 0.880113 0.860300
2024-07-09 06:57:10,024 INFO CHECKSUM 15 12 0: 1.583251
2024-07-09 06:57:10,024 INFO CHECKSUM 15 12 0: 1.583251
2024-07-09 06:57:10,041 INFO recv 15 -> 12 # 0 at 36145663, 0.880113 0.860300
2024-07-09 06:57:10,043 INFO sent 15 -> 12 # 0 at 19518436, 0.880113 0.860300
2024-07-09 06:57:10,141 INFO CHECKSUM 15 13 0: 1.583251
2024-07-09 06:57:10,141 INFO CHECKSUM 15 13 0: 1.583251
2024-07-09 06:57:10,170 INFO recv 15 -> 13 # 0 at 112885241, 0.880113 0.860300
2024-07-09 06:57:10,170 INFO sent 15 -> 13 # 0 at 83456886, 0.880113 0.860300
2024-07-09 06:57:10,189 INFO CHECKSUM 15 14 0: 1.583251
2024-07-09 06:57:10,198 INFO Rank 8 done
2024-07-09 06:57:10,198 INFO Rank 0 done
2024-07-09 06:57:10,198 INFO Rank 9 done
2024-07-09 06:57:10,198 INFO Rank 1 done
2024-07-09 06:57:10,189 INFO CHECKSUM 15 14 0: 1.583251
2024-07-09 06:57:10,198 INFO Rank 4 done
2024-07-09 06:57:10,198 INFO Rank 10 done
2024-07-09 06:57:10,198 INFO Rank 2 done
2024-07-09 06:57:10,198 INFO Rank 12 done
2024-07-09 06:57:10,198 INFO Rank 5 done
2024-07-09 06:57:10,198 INFO Rank 11 done
2024-07-09 06:57:10,198 INFO Rank 3 done
2024-07-09 06:57:10,198 INFO Rank 13 done
2024-07-09 06:57:10,198 INFO Rank 6 done
2024-07-09 06:57:10,198 INFO recv 15 -> 14 # 0 at 22622206, 0.880113 0.860300
2024-07-09 06:57:10,198 INFO Rank 7 done
2024-07-09 06:57:10,198 INFO sent 15 -> 14 # 0 at 13668798, 0.880113 0.860300
2024-07-09 06:57:10,198 INFO Rank 14 done
2024-07-09 06:57:10,198 INFO Rank 15 done
