
2024-08-01 07:55:52,898 INFO Initialized rank 13 out of 16
2024-08-01 07:55:52,903 INFO Initialized rank 5 out of 16
2024-08-01 07:55:52,904 INFO Initialized rank 1 out of 16
2024-08-01 07:55:52,904 INFO Initialized rank 3 out of 16
2024-08-01 07:55:52,905 INFO Initialized rank 2 out of 16
2024-08-01 07:55:52,905 INFO Initialized rank 4 out of 16
2024-08-01 07:55:52,905 INFO Initialized rank 8 out of 16
2024-08-01 07:55:52,906 INFO Initialized rank 0 out of 16
2024-08-01 07:55:52,906 INFO Initialized rank 7 out of 16
2024-08-01 07:55:52,907 INFO Initialized rank 6 out of 16
2024-08-01 07:55:52,907 INFO Initialized rank 12 out of 16
2024-08-01 07:55:52,907 INFO Initialized rank 15 out of 16
2024-08-01 07:55:52,907 INFO Initialized rank 14 out of 16
2024-08-01 07:55:52,911 INFO Initialized rank 11 out of 16
2024-08-01 07:55:52,911 INFO Initialized rank 10 out of 16
2024-08-01 07:55:52,912 INFO Initialized rank 9 out of 16
2024-08-01 07:55:55,495 INFO Sync time
2024-08-01 07:55:55,495 INFO Sync time
2024-08-01 07:55:55,495 INFO Sending from rank 0
2024-08-01 07:55:55,495 INFO Accepting from rank 0
2024-08-01 07:55:55,495 INFO Sync time
2024-08-01 07:55:55,495 INFO Sync time
2024-08-01 07:55:55,495 INFO Sync time
2024-08-01 07:55:55,495 INFO Sync time
2024-08-01 07:55:55,495 INFO Sync time
2024-08-01 07:55:55,495 INFO Sync time
2024-08-01 07:55:55,495 INFO Sync time
2024-08-01 07:55:55,495 INFO Sync time
2024-08-01 07:55:55,495 INFO Accepting from rank 0
2024-08-01 07:55:55,495 INFO Accepting from rank 0
2024-08-01 07:55:55,495 INFO Accepting from rank 0
2024-08-01 07:55:55,495 INFO Accepting from rank 0
2024-08-01 07:55:55,495 INFO Accepting from rank 0
2024-08-01 07:55:55,495 INFO Accepting from rank 0
2024-08-01 07:55:55,495 INFO Accepting from rank 0
2024-08-01 07:55:55,495 INFO Accepting from rank 0
2024-08-01 07:55:55,502 INFO Sync time
2024-08-01 07:55:55,502 INFO Sync time
2024-08-01 07:55:55,502 INFO Accepting from rank 0
2024-08-01 07:55:55,502 INFO Accepting from rank 0
2024-08-01 07:55:55,502 INFO Sync time
2024-08-01 07:55:55,502 INFO Sync time
2024-08-01 07:55:55,502 INFO Sync time
2024-08-01 07:55:55,502 INFO Sync time
2024-08-01 07:55:55,503 INFO Accepting from rank 0
2024-08-01 07:55:55,503 INFO Accepting from rank 0
2024-08-01 07:55:55,503 INFO Accepting from rank 0
2024-08-01 07:55:55,503 INFO Accepting from rank 0
2024-08-01 07:55:55,709 INFO CHECKSUM 0 1 0: 1.362419
2024-08-01 07:55:55,708 INFO CHECKSUM 0 1 0: 1.362419
2024-08-01 07:55:55,721 INFO sent 0 -> 1 # 0 at 189657239, 0.564275 0.181035
2024-08-01 07:55:55,721 INFO recv 0 -> 1 # 0 at 191599053, 0.564275 0.181035
2024-08-01 07:55:55,999 INFO CHECKSUM 0 2 0: 1.362419
2024-08-01 07:55:56,000 INFO CHECKSUM 0 2 0: 1.362419
2024-08-01 07:55:56,014 INFO sent 0 -> 2 # 0 at 261270617, 0.564275 0.181035
2024-08-01 07:55:56,014 INFO recv 0 -> 2 # 0 at 274482212, 0.564275 0.181035
2024-08-01 07:55:56,266 INFO CHECKSUM 0 3 0: 1.362419
2024-08-01 07:55:56,268 INFO CHECKSUM 0 3 0: 1.362419
2024-08-01 07:55:56,289 INFO sent 0 -> 3 # 0 at 225115986, 0.564275 0.181035
2024-08-01 07:55:56,290 INFO recv 0 -> 3 # 0 at 248619935, 0.564275 0.181035
2024-08-01 07:55:56,515 INFO CHECKSUM 0 4 0: 1.362419
2024-08-01 07:55:56,516 INFO CHECKSUM 0 4 0: 1.362419
2024-08-01 07:55:56,529 INFO sent 0 -> 4 # 0 at 223283692, 0.564275 0.181035
2024-08-01 07:55:56,531 INFO recv 0 -> 4 # 0 at 239792914, 0.564275 0.181035
2024-08-01 07:55:56,752 INFO CHECKSUM 0 5 0: 1.362419
2024-08-01 07:55:56,753 INFO CHECKSUM 0 5 0: 1.362419
2024-08-01 07:55:56,773 INFO sent 0 -> 5 # 0 at 197251807, 0.564275 0.181035
2024-08-01 07:55:56,773 INFO recv 0 -> 5 # 0 at 218917286, 0.564275 0.181035
2024-08-01 07:55:56,930 INFO CHECKSUM 0 6 0: 1.362419
2024-08-01 07:55:56,931 INFO CHECKSUM 0 6 0: 1.362419
2024-08-01 07:55:56,953 INFO sent 0 -> 6 # 0 at 144538748, 0.564275 0.181035
2024-08-01 07:55:56,953 INFO recv 0 -> 6 # 0 at 168005927, 0.564275 0.181035
2024-08-01 07:55:57,187 INFO CHECKSUM 0 7 0: 1.362419
2024-08-01 07:55:57,188 INFO CHECKSUM 0 7 0: 1.362419
2024-08-01 07:55:57,213 INFO sent 0 -> 7 # 0 at 221940702, 0.564275 0.181035
2024-08-01 07:55:57,213 INFO recv 0 -> 7 # 0 at 243139431, 0.564275 0.181035
2024-08-01 07:55:57,410 INFO CHECKSUM 0 8 0: 1.362419
2024-08-01 07:55:57,412 INFO CHECKSUM 0 8 0: 1.362419
2024-08-01 07:55:57,421 INFO sent 0 -> 8 # 0 at 188344947, 0.564275 0.181035
2024-08-01 07:55:57,426 INFO recv 0 -> 8 # 0 at 204508109, 0.564275 0.181035
2024-08-01 07:55:57,654 INFO CHECKSUM 0 9 0: 1.362419
2024-08-01 07:55:57,656 INFO CHECKSUM 0 9 0: 1.362419
2024-08-01 07:55:57,689 INFO sent 0 -> 9 # 0 at 219408587, 0.564275 0.181035
2024-08-01 07:55:57,698 INFO recv 0 -> 9 # 0 at 263055635, 0.564275 0.181035
2024-08-01 07:55:57,942 INFO CHECKSUM 0 10 0: 1.362419
2024-08-01 07:55:57,951 INFO sent 0 -> 10 # 0 at 227686525, 0.564275 0.181035
2024-08-01 07:55:57,944 INFO CHECKSUM 0 10 0: 1.362419
2024-08-01 07:55:57,951 INFO recv 0 -> 10 # 0 at 236948317, 0.564275 0.181035
2024-08-01 07:55:58,154 INFO CHECKSUM 0 11 0: 1.362419
2024-08-01 07:55:58,165 INFO CHECKSUM 0 11 0: 1.362419
2024-08-01 07:55:58,181 INFO sent 0 -> 11 # 0 at 192266282, 0.564275 0.181035
2024-08-01 07:55:58,185 INFO recv 0 -> 11 # 0 at 224004300, 0.564275 0.181035
2024-08-01 07:55:58,423 INFO CHECKSUM 0 12 0: 1.362419
2024-08-01 07:55:58,425 INFO CHECKSUM 0 12 0: 1.362419
2024-08-01 07:55:58,439 INFO sent 0 -> 12 # 0 at 229482509, 0.564275 0.181035
2024-08-01 07:55:58,439 INFO recv 0 -> 12 # 0 at 244700117, 0.564275 0.181035
2024-08-01 07:55:58,661 INFO CHECKSUM 0 13 0: 1.362419
2024-08-01 07:55:58,670 INFO CHECKSUM 0 13 0: 1.362419
2024-08-01 07:55:58,689 INFO sent 0 -> 13 # 0 at 219250292, 0.564275 0.181035
2024-08-01 07:55:58,690 INFO recv 0 -> 13 # 0 at 248700561, 0.564275 0.181035
2024-08-01 07:55:58,900 INFO CHECKSUM 0 14 0: 1.362419
2024-08-01 07:55:58,902 INFO CHECKSUM 0 14 0: 1.362419
2024-08-01 07:55:58,921 INFO sent 0 -> 14 # 0 at 206368774, 0.564275 0.181035
2024-08-01 07:55:58,921 INFO recv 0 -> 14 # 0 at 227882277, 0.564275 0.181035
2024-08-01 07:55:59,183 INFO CHECKSUM 0 15 0: 1.362419
2024-08-01 07:55:59,184 INFO CHECKSUM 0 15 0: 1.362419
2024-08-01 07:55:59,195 INFO sent 0 -> 15 # 0 at 260298591, 0.564275 0.181035
2024-08-01 07:55:59,196 INFO Accepting from rank 1
2024-08-01 07:55:59,195 INFO Accepting from rank 1
2024-08-01 07:55:59,195 INFO Accepting from rank 1
2024-08-01 07:55:59,195 INFO Sending from rank 1
2024-08-01 07:55:59,196 INFO Accepting from rank 1
2024-08-01 07:55:59,195 INFO Accepting from rank 1
2024-08-01 07:55:59,195 INFO Accepting from rank 1
2024-08-01 07:55:59,196 INFO Accepting from rank 1
2024-08-01 07:55:59,195 INFO Accepting from rank 1
2024-08-01 07:55:59,196 INFO Accepting from rank 1
2024-08-01 07:55:59,195 INFO Accepting from rank 1
2024-08-01 07:55:59,196 INFO Accepting from rank 1
2024-08-01 07:55:59,196 INFO recv 0 -> 15 # 0 at 265473555, 0.564275 0.181035
2024-08-01 07:55:59,196 INFO Accepting from rank 1
2024-08-01 07:55:59,196 INFO Accepting from rank 1
2024-08-01 07:55:59,196 INFO Accepting from rank 1
2024-08-01 07:55:59,196 INFO Accepting from rank 1
2024-08-01 07:55:59,256 INFO CHECKSUM 1 0 0: 2.237153
2024-08-01 07:55:59,256 INFO CHECKSUM 1 0 0: 2.237153
2024-08-01 07:55:59,264 INFO recv 1 -> 0 # 0 at 38285371, 0.435761 0.840532
2024-08-01 07:55:59,269 INFO sent 1 -> 0 # 0 at 30085232, 0.435761 0.840532
2024-08-01 07:55:59,459 INFO CHECKSUM 1 2 0: 2.237153
2024-08-01 07:55:59,459 INFO CHECKSUM 1 2 0: 2.237153
2024-08-01 07:55:59,478 INFO sent 1 -> 2 # 0 at 174341605, 0.435761 0.840532
2024-08-01 07:55:59,478 INFO recv 1 -> 2 # 0 at 193626175, 0.435761 0.840532
2024-08-01 07:55:59,731 INFO CHECKSUM 1 3 0: 2.237153
2024-08-01 07:55:59,731 INFO CHECKSUM 1 3 0: 2.237153
2024-08-01 07:55:59,774 INFO sent 1 -> 3 # 0 at 225030401, 0.435761 0.840532
2024-08-01 07:55:59,774 INFO recv 1 -> 3 # 0 at 267816513, 0.435761 0.840532
2024-08-01 07:55:59,881 INFO CHECKSUM 1 4 0: 2.237153
2024-08-01 07:55:59,882 INFO CHECKSUM 1 4 0: 2.237153
2024-08-01 07:55:59,896 INFO recv 1 -> 4 # 0 at 116511708, 0.435761 0.840532
2024-08-01 07:55:59,896 INFO sent 1 -> 4 # 0 at 101763928, 0.435761 0.840532
2024-08-01 07:56:00,095 INFO CHECKSUM 1 5 0: 2.237153
2024-08-01 07:56:00,095 INFO CHECKSUM 1 5 0: 2.237153
2024-08-01 07:56:00,114 INFO sent 1 -> 5 # 0 at 193569726, 0.435761 0.840532
2024-08-01 07:56:00,114 INFO recv 1 -> 5 # 0 at 212439192, 0.435761 0.840532
2024-08-01 07:56:00,329 INFO CHECKSUM 1 6 0: 2.237153
2024-08-01 07:56:00,329 INFO CHECKSUM 1 6 0: 2.237153
2024-08-01 07:56:00,342 INFO sent 1 -> 6 # 0 at 183680320, 0.435761 0.840532
2024-08-01 07:56:00,342 INFO recv 1 -> 6 # 0 at 196902761, 0.435761 0.840532
2024-08-01 07:56:00,514 INFO CHECKSUM 1 7 0: 2.237153
2024-08-01 07:56:00,514 INFO CHECKSUM 1 7 0: 2.237153
2024-08-01 07:56:00,538 INFO sent 1 -> 7 # 0 at 159987678, 0.435761 0.840532
2024-08-01 07:56:00,539 INFO recv 1 -> 7 # 0 at 184705031, 0.435761 0.840532
2024-08-01 07:56:00,668 INFO CHECKSUM 1 8 0: 2.237153
2024-08-01 07:56:00,668 INFO CHECKSUM 1 8 0: 2.237153
2024-08-01 07:56:00,690 INFO recv 1 -> 8 # 0 at 136512178, 0.435761 0.840532
2024-08-01 07:56:00,697 INFO sent 1 -> 8 # 0 at 103043425, 0.435761 0.840532
2024-08-01 07:56:00,886 INFO CHECKSUM 1 9 0: 2.237153
2024-08-01 07:56:00,888 INFO CHECKSUM 1 9 0: 2.237153
2024-08-01 07:56:00,906 INFO sent 1 -> 9 # 0 at 163058520, 0.435761 0.840532
2024-08-01 07:56:00,906 INFO recv 1 -> 9 # 0 at 192384998, 0.435761 0.840532
2024-08-01 07:56:01,079 INFO CHECKSUM 1 10 0: 2.237153
2024-08-01 07:56:01,081 INFO CHECKSUM 1 10 0: 2.237153
2024-08-01 07:56:01,095 INFO sent 1 -> 10 # 0 at 160751972, 0.435761 0.840532
2024-08-01 07:56:01,095 INFO recv 1 -> 10 # 0 at 177144826, 0.435761 0.840532
2024-08-01 07:56:01,271 INFO CHECKSUM 1 11 0: 2.237153
2024-08-01 07:56:01,271 INFO CHECKSUM 1 11 0: 2.237153
2024-08-01 07:56:01,289 INFO sent 1 -> 11 # 0 at 168384945, 0.435761 0.840532
2024-08-01 07:56:01,289 INFO recv 1 -> 11 # 0 at 186936365, 0.435761 0.840532
2024-08-01 07:56:01,522 INFO CHECKSUM 1 12 0: 2.237153
2024-08-01 07:56:01,532 INFO CHECKSUM 1 12 0: 2.237153
2024-08-01 07:56:01,553 INFO recv 1 -> 12 # 0 at 248201665, 0.435761 0.840532
2024-08-01 07:56:01,558 INFO sent 1 -> 12 # 0 at 217497691, 0.435761 0.840532
2024-08-01 07:56:01,715 INFO CHECKSUM 1 13 0: 2.237153
2024-08-01 07:56:01,715 INFO CHECKSUM 1 13 0: 2.237153
2024-08-01 07:56:01,742 INFO sent 1 -> 13 # 0 at 155633849, 0.435761 0.840532
2024-08-01 07:56:01,742 INFO recv 1 -> 13 # 0 at 183235343, 0.435761 0.840532
2024-08-01 07:56:01,935 INFO CHECKSUM 1 14 0: 2.237153
2024-08-01 07:56:01,936 INFO CHECKSUM 1 14 0: 2.237153
2024-08-01 07:56:01,958 INFO sent 1 -> 14 # 0 at 189768834, 0.435761 0.840532
2024-08-01 07:56:01,958 INFO recv 1 -> 14 # 0 at 212226425, 0.435761 0.840532
2024-08-01 07:56:02,060 INFO CHECKSUM 1 15 0: 2.237153
2024-08-01 07:56:02,071 INFO Accepting from rank 2
2024-08-01 07:56:02,071 INFO Accepting from rank 2
2024-08-01 07:56:02,060 INFO CHECKSUM 1 15 0: 2.237153
2024-08-01 07:56:02,071 INFO Accepting from rank 2
2024-08-01 07:56:02,071 INFO sent 1 -> 15 # 0 at 98440637, 0.435761 0.840532
2024-08-01 07:56:02,071 INFO Accepting from rank 2
2024-08-01 07:56:02,071 INFO Accepting from rank 2
2024-08-01 07:56:02,071 INFO Sending from rank 2
2024-08-01 07:56:02,071 INFO Accepting from rank 2
2024-08-01 07:56:02,071 INFO Accepting from rank 2
2024-08-01 07:56:02,071 INFO Accepting from rank 2
2024-08-01 07:56:02,071 INFO Accepting from rank 2
2024-08-01 07:56:02,071 INFO Accepting from rank 2
2024-08-01 07:56:02,071 INFO Accepting from rank 2
2024-08-01 07:56:02,071 INFO Accepting from rank 2
2024-08-01 07:56:02,071 INFO Accepting from rank 2
2024-08-01 07:56:02,071 INFO Accepting from rank 2
2024-08-01 07:56:02,071 INFO recv 1 -> 15 # 0 at 109443118, 0.435761 0.840532
2024-08-01 07:56:02,071 INFO Accepting from rank 2
2024-08-01 07:56:02,123 INFO CHECKSUM 2 0 0: 1.189316
2024-08-01 07:56:02,124 INFO CHECKSUM 2 0 0: 1.189316
2024-08-01 07:56:02,138 INFO recv 2 -> 0 # 0 at 28677568, 0.913555 0.405930
2024-08-01 07:56:02,138 INFO sent 2 -> 0 # 0 at 14249817, 0.913555 0.405930
2024-08-01 07:56:02,172 INFO CHECKSUM 2 1 0: 1.189316
2024-08-01 07:56:02,177 INFO CHECKSUM 2 1 0: 1.189316
2024-08-01 07:56:02,187 INFO recv 2 -> 1 # 0 at 36836465, 0.913555 0.405930
2024-08-01 07:56:02,187 INFO sent 2 -> 1 # 0 at 22470144, 0.913555 0.405930
2024-08-01 07:56:02,375 INFO CHECKSUM 2 3 0: 1.189316
2024-08-01 07:56:02,376 INFO CHECKSUM 2 3 0: 1.189316
2024-08-01 07:56:02,394 INFO sent 2 -> 3 # 0 at 179588346, 0.913555 0.405930
2024-08-01 07:56:02,394 INFO recv 2 -> 3 # 0 at 198253059, 0.913555 0.405930
2024-08-01 07:56:02,599 INFO CHECKSUM 2 4 0: 1.189316
2024-08-01 07:56:02,616 INFO sent 2 -> 4 # 0 at 193172199, 0.913555 0.405930
2024-08-01 07:56:02,600 INFO CHECKSUM 2 4 0: 1.189316
2024-08-01 07:56:02,616 INFO recv 2 -> 4 # 0 at 209684412, 0.913555 0.405930
2024-08-01 07:56:02,787 INFO CHECKSUM 2 5 0: 1.189316
2024-08-01 07:56:02,787 INFO CHECKSUM 2 5 0: 1.189316
2024-08-01 07:56:02,796 INFO sent 2 -> 5 # 0 at 157804877, 0.913555 0.405930
2024-08-01 07:56:02,796 INFO recv 2 -> 5 # 0 at 166990419, 0.913555 0.405930
2024-08-01 07:56:02,980 INFO CHECKSUM 2 6 0: 1.189316
2024-08-01 07:56:02,980 INFO CHECKSUM 2 6 0: 1.189316
2024-08-01 07:56:03,002 INFO recv 2 -> 6 # 0 at 202130783, 0.913555 0.405930
2024-08-01 07:56:03,002 INFO sent 2 -> 6 # 0 at 180171401, 0.913555 0.405930
2024-08-01 07:56:03,170 INFO CHECKSUM 2 7 0: 1.189316
2024-08-01 07:56:03,171 INFO CHECKSUM 2 7 0: 1.189316
2024-08-01 07:56:03,202 INFO sent 2 -> 7 # 0 at 159364004, 0.913555 0.405930
2024-08-01 07:56:03,205 INFO recv 2 -> 7 # 0 at 194514983, 0.913555 0.405930
2024-08-01 07:56:03,397 INFO CHECKSUM 2 8 0: 1.189316
2024-08-01 07:56:03,396 INFO CHECKSUM 2 8 0: 1.189316
2024-08-01 07:56:03,411 INFO recv 2 -> 8 # 0 at 201592048, 0.913555 0.405930
2024-08-01 07:56:03,414 INFO sent 2 -> 8 # 0 at 186346873, 0.913555 0.405930
2024-08-01 07:56:03,583 INFO CHECKSUM 2 9 0: 1.189316
2024-08-01 07:56:03,590 INFO CHECKSUM 2 9 0: 1.189316
2024-08-01 07:56:03,609 INFO recv 2 -> 9 # 0 at 191587448, 0.913555 0.405930
2024-08-01 07:56:03,610 INFO sent 2 -> 9 # 0 at 168520056, 0.913555 0.405930
2024-08-01 07:56:03,797 INFO CHECKSUM 2 10 0: 1.189316
2024-08-01 07:56:03,798 INFO CHECKSUM 2 10 0: 1.189316
2024-08-01 07:56:03,815 INFO sent 2 -> 10 # 0 at 176585394, 0.913555 0.405930
2024-08-01 07:56:03,815 INFO recv 2 -> 10 # 0 at 194792647, 0.913555 0.405930
2024-08-01 07:56:03,991 INFO CHECKSUM 2 11 0: 1.189316
2024-08-01 07:56:03,991 INFO CHECKSUM 2 11 0: 1.189316
2024-08-01 07:56:04,021 INFO sent 2 -> 11 # 0 at 160751651, 0.913555 0.405930
2024-08-01 07:56:04,037 INFO recv 2 -> 11 # 0 at 207220768, 0.913555 0.405930
2024-08-01 07:56:04,229 INFO CHECKSUM 2 12 0: 1.189316
2024-08-01 07:56:04,229 INFO CHECKSUM 2 12 0: 1.189316
2024-08-01 07:56:04,247 INFO sent 2 -> 12 # 0 at 191540642, 0.913555 0.405930
2024-08-01 07:56:04,247 INFO recv 2 -> 12 # 0 at 209553491, 0.913555 0.405930
2024-08-01 07:56:04,420 INFO CHECKSUM 2 13 0: 1.189316
2024-08-01 07:56:04,431 INFO CHECKSUM 2 13 0: 1.189316
2024-08-01 07:56:04,457 INFO sent 2 -> 13 # 0 at 161759585, 0.913555 0.405930
2024-08-01 07:56:04,457 INFO recv 2 -> 13 # 0 at 199211384, 0.913555 0.405930
2024-08-01 07:56:04,615 INFO CHECKSUM 2 14 0: 1.189316
2024-08-01 07:56:04,616 INFO CHECKSUM 2 14 0: 1.189316
2024-08-01 07:56:04,627 INFO sent 2 -> 14 # 0 at 156998321, 0.913555 0.405930
2024-08-01 07:56:04,627 INFO recv 2 -> 14 # 0 at 168367847, 0.913555 0.405930
2024-08-01 07:56:04,818 INFO CHECKSUM 2 15 0: 1.189316
2024-08-01 07:56:04,827 INFO CHECKSUM 2 15 0: 1.189316
2024-08-01 07:56:04,841 INFO Accepting from rank 3
2024-08-01 07:56:04,841 INFO Accepting from rank 3
2024-08-01 07:56:04,841 INFO Accepting from rank 3
2024-08-01 07:56:04,841 INFO Accepting from rank 3
2024-08-01 07:56:04,841 INFO Accepting from rank 3
2024-08-01 07:56:04,841 INFO Accepting from rank 3
2024-08-01 07:56:04,841 INFO Accepting from rank 3
2024-08-01 07:56:04,841 INFO Accepting from rank 3
2024-08-01 07:56:04,841 INFO Accepting from rank 3
2024-08-01 07:56:04,841 INFO recv 2 -> 15 # 0 at 203265682, 0.913555 0.405930
2024-08-01 07:56:04,841 INFO Accepting from rank 3
2024-08-01 07:56:04,849 INFO sent 2 -> 15 # 0 at 179878596, 0.913555 0.405930
2024-08-01 07:56:04,849 INFO Accepting from rank 3
2024-08-01 07:56:04,849 INFO Accepting from rank 3
2024-08-01 07:56:04,850 INFO Accepting from rank 3
2024-08-01 07:56:04,850 INFO Accepting from rank 3
2024-08-01 07:56:04,850 INFO Sending from rank 3
2024-08-01 07:56:04,850 INFO Accepting from rank 3
2024-08-01 07:56:04,887 INFO CHECKSUM 3 0 0: 2.175085
2024-08-01 07:56:04,887 INFO CHECKSUM 3 0 0: 2.175085
2024-08-01 07:56:04,901 INFO recv 3 -> 0 # 0 at 28691815, 0.805917 0.711052
2024-08-01 07:56:04,901 INFO sent 3 -> 0 # 0 at 14205882, 0.805917 0.711052
2024-08-01 07:56:04,919 INFO CHECKSUM 3 1 0: 2.175085
2024-08-01 07:56:04,920 INFO CHECKSUM 3 1 0: 2.175085
2024-08-01 07:56:04,935 INFO recv 3 -> 1 # 0 at 29549249, 0.805917 0.711052
2024-08-01 07:56:04,935 INFO sent 3 -> 1 # 0 at 14129596, 0.805917 0.711052
2024-08-01 07:56:04,952 INFO CHECKSUM 3 2 0: 2.175085
2024-08-01 07:56:04,953 INFO CHECKSUM 3 2 0: 2.175085
2024-08-01 07:56:04,969 INFO recv 3 -> 2 # 0 at 30598984, 0.805917 0.711052
2024-08-01 07:56:04,969 INFO sent 3 -> 2 # 0 at 13548044, 0.805917 0.711052
2024-08-01 07:56:05,175 INFO CHECKSUM 3 4 0: 2.175085
2024-08-01 07:56:05,175 INFO CHECKSUM 3 4 0: 2.175085
2024-08-01 07:56:05,209 INFO recv 3 -> 4 # 0 at 227991513, 0.805917 0.711052
2024-08-01 07:56:05,210 INFO sent 3 -> 4 # 0 at 192039604, 0.805917 0.711052
2024-08-01 07:56:05,388 INFO CHECKSUM 3 5 0: 2.175085
2024-08-01 07:56:05,397 INFO CHECKSUM 3 5 0: 2.175085
2024-08-01 07:56:05,413 INFO sent 3 -> 5 # 0 at 166668344, 0.805917 0.711052
2024-08-01 07:56:05,413 INFO recv 3 -> 5 # 0 at 192044495, 0.805917 0.711052
2024-08-01 07:56:05,594 INFO CHECKSUM 3 6 0: 2.175085
2024-08-01 07:56:05,595 INFO CHECKSUM 3 6 0: 2.175085
2024-08-01 07:56:05,610 INFO sent 3 -> 6 # 0 at 170943941, 0.805917 0.711052
2024-08-01 07:56:05,610 INFO recv 3 -> 6 # 0 at 187110012, 0.805917 0.711052
2024-08-01 07:56:05,796 INFO CHECKSUM 3 7 0: 2.175085
2024-08-01 07:56:05,796 INFO CHECKSUM 3 7 0: 2.175085
2024-08-01 07:56:05,831 INFO sent 3 -> 7 # 0 at 169773504, 0.805917 0.711052
2024-08-01 07:56:05,831 INFO recv 3 -> 7 # 0 at 205393165, 0.805917 0.711052
2024-08-01 07:56:05,992 INFO CHECKSUM 3 8 0: 2.175085
2024-08-01 07:56:05,992 INFO CHECKSUM 3 8 0: 2.175085
2024-08-01 07:56:06,016 INFO recv 3 -> 8 # 0 at 181362902, 0.805917 0.711052
2024-08-01 07:56:06,017 INFO sent 3 -> 8 # 0 at 157175543, 0.805917 0.711052
2024-08-01 07:56:06,200 INFO CHECKSUM 3 9 0: 2.175085
2024-08-01 07:56:06,201 INFO CHECKSUM 3 9 0: 2.175085
2024-08-01 07:56:06,217 INFO sent 3 -> 9 # 0 at 178864891, 0.805917 0.711052
2024-08-01 07:56:06,217 INFO recv 3 -> 9 # 0 at 195995681, 0.805917 0.711052
2024-08-01 07:56:06,378 INFO CHECKSUM 3 10 0: 2.175085
2024-08-01 07:56:06,378 INFO CHECKSUM 3 10 0: 2.175085
2024-08-01 07:56:06,402 INFO recv 3 -> 10 # 0 at 184172447, 0.805917 0.711052
2024-08-01 07:56:06,410 INFO sent 3 -> 10 # 0 at 159939174, 0.805917 0.711052
2024-08-01 07:56:06,606 INFO CHECKSUM 3 11 0: 2.175085
2024-08-01 07:56:06,607 INFO CHECKSUM 3 11 0: 2.175085
2024-08-01 07:56:06,626 INFO recv 3 -> 11 # 0 at 200587017, 0.805917 0.711052
2024-08-01 07:56:06,627 INFO sent 3 -> 11 # 0 at 180308014, 0.805917 0.711052
2024-08-01 07:56:06,768 INFO CHECKSUM 3 12 0: 2.175085
2024-08-01 07:56:06,768 INFO CHECKSUM 3 12 0: 2.175085
2024-08-01 07:56:06,778 INFO sent 3 -> 12 # 0 at 138130236, 0.805917 0.711052
2024-08-01 07:56:06,778 INFO recv 3 -> 12 # 0 at 148149073, 0.805917 0.711052
2024-08-01 07:56:06,954 INFO CHECKSUM 3 13 0: 2.175085
2024-08-01 07:56:06,955 INFO CHECKSUM 3 13 0: 2.175085
2024-08-01 07:56:06,972 INFO sent 3 -> 13 # 0 at 164030966, 0.805917 0.711052
2024-08-01 07:56:06,972 INFO recv 3 -> 13 # 0 at 181634454, 0.805917 0.711052
2024-08-01 07:56:07,155 INFO CHECKSUM 3 14 0: 2.175085
2024-08-01 07:56:07,155 INFO CHECKSUM 3 14 0: 2.175085
2024-08-01 07:56:07,175 INFO sent 3 -> 14 # 0 at 173032541, 0.805917 0.711052
2024-08-01 07:56:07,175 INFO recv 3 -> 14 # 0 at 192500745, 0.805917 0.711052
2024-08-01 07:56:07,386 INFO CHECKSUM 3 15 0: 2.175085
2024-08-01 07:56:07,387 INFO CHECKSUM 3 15 0: 2.175085
2024-08-01 07:56:07,413 INFO Accepting from rank 4
2024-08-01 07:56:07,413 INFO Accepting from rank 4
2024-08-01 07:56:07,413 INFO Accepting from rank 4
2024-08-01 07:56:07,413 INFO Accepting from rank 4
2024-08-01 07:56:07,413 INFO Sending from rank 4
2024-08-01 07:56:07,413 INFO Accepting from rank 4
2024-08-01 07:56:07,414 INFO Accepting from rank 4
2024-08-01 07:56:07,414 INFO Accepting from rank 4
2024-08-01 07:56:07,418 INFO Accepting from rank 4
2024-08-01 07:56:07,418 INFO Accepting from rank 4
2024-08-01 07:56:07,418 INFO sent 3 -> 15 # 0 at 196396237, 0.805917 0.711052
2024-08-01 07:56:07,418 INFO Accepting from rank 4
2024-08-01 07:56:07,418 INFO Accepting from rank 4
2024-08-01 07:56:07,418 INFO Accepting from rank 4
2024-08-01 07:56:07,418 INFO Accepting from rank 4
2024-08-01 07:56:07,418 INFO recv 3 -> 15 # 0 at 219790426, 0.805917 0.711052
2024-08-01 07:56:07,418 INFO Accepting from rank 4
2024-08-01 07:56:07,418 INFO Accepting from rank 4
2024-08-01 07:56:07,449 INFO CHECKSUM 4 0 0: 0.920663
2024-08-01 07:56:07,450 INFO CHECKSUM 4 0 0: 0.920663
2024-08-01 07:56:07,461 INFO recv 4 -> 0 # 0 at 28217389, 0.014493 0.095892
2024-08-01 07:56:07,461 INFO sent 4 -> 0 # 0 at 16374585, 0.014493 0.095892
2024-08-01 07:56:07,481 INFO CHECKSUM 4 1 0: 0.920663
2024-08-01 07:56:07,481 INFO CHECKSUM 4 1 0: 0.920663
2024-08-01 07:56:07,493 INFO recv 4 -> 1 # 0 at 26892545, 0.014493 0.095892
2024-08-01 07:56:07,493 INFO sent 4 -> 1 # 0 at 14081491, 0.014493 0.095892
2024-08-01 07:56:07,517 INFO CHECKSUM 4 2 0: 0.920663
2024-08-01 07:56:07,516 INFO CHECKSUM 4 2 0: 0.920663
2024-08-01 07:56:07,530 INFO recv 4 -> 2 # 0 at 28198794, 0.014493 0.095892
2024-08-01 07:56:07,530 INFO sent 4 -> 2 # 0 at 14260628, 0.014493 0.095892
2024-08-01 07:56:07,566 INFO CHECKSUM 4 3 0: 0.920663
2024-08-01 07:56:07,566 INFO CHECKSUM 4 3 0: 0.920663
2024-08-01 07:56:07,582 INFO recv 4 -> 3 # 0 at 38365404, 0.014493 0.095892
2024-08-01 07:56:07,582 INFO sent 4 -> 3 # 0 at 22516418, 0.014493 0.095892
2024-08-01 07:56:07,760 INFO CHECKSUM 4 5 0: 0.920663
2024-08-01 07:56:07,760 INFO CHECKSUM 4 5 0: 0.920663
2024-08-01 07:56:07,771 INFO sent 4 -> 5 # 0 at 176423240, 0.014493 0.095892
2024-08-01 07:56:07,771 INFO recv 4 -> 5 # 0 at 187309829, 0.014493 0.095892
2024-08-01 07:56:07,983 INFO CHECKSUM 4 6 0: 0.920663
2024-08-01 07:56:07,983 INFO CHECKSUM 4 6 0: 0.920663
2024-08-01 07:56:07,994 INFO sent 4 -> 6 # 0 at 185575939, 0.014493 0.095892
2024-08-01 07:56:07,994 INFO recv 4 -> 6 # 0 at 196493638, 0.014493 0.095892
2024-08-01 07:56:08,207 INFO CHECKSUM 4 7 0: 0.920663
2024-08-01 07:56:08,208 INFO CHECKSUM 4 7 0: 0.920663
2024-08-01 07:56:08,219 INFO sent 4 -> 7 # 0 at 202085795, 0.014493 0.095892
2024-08-01 07:56:08,219 INFO recv 4 -> 7 # 0 at 214401685, 0.014493 0.095892
2024-08-01 07:56:08,434 INFO CHECKSUM 4 8 0: 0.920663
2024-08-01 07:56:08,435 INFO CHECKSUM 4 8 0: 0.920663
2024-08-01 07:56:08,450 INFO recv 4 -> 8 # 0 at 219963636, 0.014493 0.095892
2024-08-01 07:56:08,450 INFO sent 4 -> 8 # 0 at 204153283, 0.014493 0.095892
2024-08-01 07:56:08,614 INFO CHECKSUM 4 9 0: 0.920663
2024-08-01 07:56:08,615 INFO CHECKSUM 4 9 0: 0.920663
2024-08-01 07:56:08,628 INFO sent 4 -> 9 # 0 at 157123045, 0.014493 0.095892
2024-08-01 07:56:08,628 INFO recv 4 -> 9 # 0 at 170985462, 0.014493 0.095892
2024-08-01 07:56:08,819 INFO CHECKSUM 4 10 0: 0.920663
2024-08-01 07:56:08,820 INFO CHECKSUM 4 10 0: 0.920663
2024-08-01 07:56:08,841 INFO sent 4 -> 10 # 0 at 173798093, 0.014493 0.095892
2024-08-01 07:56:08,841 INFO recv 4 -> 10 # 0 at 195982775, 0.014493 0.095892
2024-08-01 07:56:08,972 INFO CHECKSUM 4 11 0: 0.920663
2024-08-01 07:56:08,973 INFO CHECKSUM 4 11 0: 0.920663
2024-08-01 07:56:08,986 INFO sent 4 -> 11 # 0 at 106034493, 0.014493 0.095892
2024-08-01 07:56:08,986 INFO recv 4 -> 11 # 0 at 119270892, 0.014493 0.095892
2024-08-01 07:56:09,205 INFO CHECKSUM 4 12 0: 0.920663
2024-08-01 07:56:09,205 INFO CHECKSUM 4 12 0: 0.920663
2024-08-01 07:56:09,226 INFO sent 4 -> 12 # 0 at 210921600, 0.014493 0.095892
2024-08-01 07:56:09,226 INFO recv 4 -> 12 # 0 at 232034113, 0.014493 0.095892
2024-08-01 07:56:09,415 INFO CHECKSUM 4 13 0: 0.920663
2024-08-01 07:56:09,415 INFO CHECKSUM 4 13 0: 0.920663
2024-08-01 07:56:09,441 INFO sent 4 -> 13 # 0 at 157477843, 0.014493 0.095892
2024-08-01 07:56:09,441 INFO recv 4 -> 13 # 0 at 183560903, 0.014493 0.095892
2024-08-01 07:56:09,655 INFO CHECKSUM 4 14 0: 0.920663
2024-08-01 07:56:09,656 INFO CHECKSUM 4 14 0: 0.920663
2024-08-01 07:56:09,674 INFO sent 4 -> 14 # 0 at 190024180, 0.014493 0.095892
2024-08-01 07:56:09,674 INFO recv 4 -> 14 # 0 at 208387174, 0.014493 0.095892
2024-08-01 07:56:09,879 INFO CHECKSUM 4 15 0: 0.920663
2024-08-01 07:56:09,879 INFO CHECKSUM 4 15 0: 0.920663
2024-08-01 07:56:09,898 INFO Sending from rank 5
2024-08-01 07:56:09,898 INFO Accepting from rank 5
2024-08-01 07:56:09,898 INFO Accepting from rank 5
2024-08-01 07:56:09,898 INFO Accepting from rank 5
2024-08-01 07:56:09,898 INFO Accepting from rank 5
2024-08-01 07:56:09,898 INFO Accepting from rank 5
2024-08-01 07:56:09,898 INFO Accepting from rank 5
2024-08-01 07:56:09,898 INFO Accepting from rank 5
2024-08-01 07:56:09,898 INFO Accepting from rank 5
2024-08-01 07:56:09,898 INFO Accepting from rank 5
2024-08-01 07:56:09,898 INFO Accepting from rank 5
2024-08-01 07:56:09,898 INFO Accepting from rank 5
2024-08-01 07:56:09,898 INFO Accepting from rank 5
2024-08-01 07:56:09,898 INFO sent 4 -> 15 # 0 at 173989313, 0.014493 0.095892
2024-08-01 07:56:09,898 INFO recv 4 -> 15 # 0 at 193106669, 0.014493 0.095892
2024-08-01 07:56:09,898 INFO Accepting from rank 5
2024-08-01 07:56:09,899 INFO Accepting from rank 5
2024-08-01 07:56:09,899 INFO Accepting from rank 5
2024-08-01 07:56:10,008 INFO CHECKSUM 5 0 0: 1.557714
2024-08-01 07:56:10,008 INFO CHECKSUM 5 0 0: 1.557714
2024-08-01 07:56:10,022 INFO recv 5 -> 0 # 0 at 96089702, 0.692800 0.857763
2024-08-01 07:56:10,029 INFO sent 5 -> 0 # 0 at 81514380, 0.692800 0.857763
2024-08-01 07:56:10,071 INFO CHECKSUM 5 1 0: 1.557714
2024-08-01 07:56:10,072 INFO CHECKSUM 5 1 0: 1.557714
2024-08-01 07:56:10,089 INFO recv 5 -> 1 # 0 at 36008187, 0.692800 0.857763
2024-08-01 07:56:10,089 INFO sent 5 -> 1 # 0 at 13688419, 0.692800 0.857763
2024-08-01 07:56:10,105 INFO CHECKSUM 5 2 0: 1.557714
2024-08-01 07:56:10,105 INFO CHECKSUM 5 2 0: 1.557714
2024-08-01 07:56:10,121 INFO recv 5 -> 2 # 0 at 30652548, 0.692800 0.857763
2024-08-01 07:56:10,121 INFO sent 5 -> 2 # 0 at 14402904, 0.692800 0.857763
2024-08-01 07:56:10,149 INFO CHECKSUM 5 3 0: 1.557714
2024-08-01 07:56:10,148 INFO CHECKSUM 5 3 0: 1.557714
2024-08-01 07:56:10,162 INFO recv 5 -> 3 # 0 at 28486128, 0.692800 0.857763
2024-08-01 07:56:10,162 INFO sent 5 -> 3 # 0 at 14217464, 0.692800 0.857763
2024-08-01 07:56:10,205 INFO CHECKSUM 5 4 0: 1.557714
2024-08-01 07:56:10,206 INFO CHECKSUM 5 4 0: 1.557714
2024-08-01 07:56:10,214 INFO recv 5 -> 4 # 0 at 39427523, 0.692800 0.857763
2024-08-01 07:56:10,214 INFO sent 5 -> 4 # 0 at 31350309, 0.692800 0.857763
2024-08-01 07:56:10,395 INFO CHECKSUM 5 6 0: 1.557714
2024-08-01 07:56:10,395 INFO CHECKSUM 5 6 0: 1.557714
2024-08-01 07:56:10,411 INFO sent 5 -> 6 # 0 at 177062318, 0.692800 0.857763
2024-08-01 07:56:10,411 INFO recv 5 -> 6 # 0 at 193022791, 0.692800 0.857763
2024-08-01 07:56:10,569 INFO CHECKSUM 5 7 0: 1.557714
2024-08-01 07:56:10,569 INFO CHECKSUM 5 7 0: 1.557714
2024-08-01 07:56:10,586 INFO sent 5 -> 7 # 0 at 146779218, 0.692800 0.857763
2024-08-01 07:56:10,586 INFO recv 5 -> 7 # 0 at 164037986, 0.692800 0.857763
2024-08-01 07:56:10,763 INFO CHECKSUM 5 8 0: 1.557714
2024-08-01 07:56:10,763 INFO CHECKSUM 5 8 0: 1.557714
2024-08-01 07:56:10,779 INFO sent 5 -> 8 # 0 at 156570855, 0.692800 0.857763
2024-08-01 07:56:10,779 INFO recv 5 -> 8 # 0 at 172671578, 0.692800 0.857763
2024-08-01 07:56:10,986 INFO CHECKSUM 5 9 0: 1.557714
2024-08-01 07:56:10,987 INFO CHECKSUM 5 9 0: 1.557714
2024-08-01 07:56:11,017 INFO recv 5 -> 9 # 0 at 224206701, 0.692800 0.857763
2024-08-01 07:56:11,026 INFO sent 5 -> 9 # 0 at 187858232, 0.692800 0.857763
2024-08-01 07:56:11,186 INFO CHECKSUM 5 10 0: 1.557714
2024-08-01 07:56:11,187 INFO CHECKSUM 5 10 0: 1.557714
2024-08-01 07:56:11,205 INFO sent 5 -> 10 # 0 at 157314777, 0.692800 0.857763
2024-08-01 07:56:11,205 INFO recv 5 -> 10 # 0 at 176675771, 0.692800 0.857763
2024-08-01 07:56:11,407 INFO CHECKSUM 5 11 0: 1.557714
2024-08-01 07:56:11,408 INFO CHECKSUM 5 11 0: 1.557714
2024-08-01 07:56:11,434 INFO sent 5 -> 11 # 0 at 181596496, 0.692800 0.857763
2024-08-01 07:56:11,434 INFO recv 5 -> 11 # 0 at 209192335, 0.692800 0.857763
2024-08-01 07:56:11,614 INFO CHECKSUM 5 12 0: 1.557714
2024-08-01 07:56:11,615 INFO CHECKSUM 5 12 0: 1.557714
2024-08-01 07:56:11,633 INFO recv 5 -> 12 # 0 at 198354455, 0.692800 0.857763
2024-08-01 07:56:11,634 INFO sent 5 -> 12 # 0 at 179544839, 0.692800 0.857763
2024-08-01 07:56:11,835 INFO CHECKSUM 5 13 0: 1.557714
2024-08-01 07:56:11,836 INFO CHECKSUM 5 13 0: 1.557714
2024-08-01 07:56:11,855 INFO recv 5 -> 13 # 0 at 218876706, 0.692800 0.857763
2024-08-01 07:56:11,858 INFO sent 5 -> 13 # 0 at 198698601, 0.692800 0.857763
2024-08-01 07:56:12,044 INFO CHECKSUM 5 14 0: 1.557714
2024-08-01 07:56:12,044 INFO CHECKSUM 5 14 0: 1.557714
2024-08-01 07:56:12,073 INFO recv 5 -> 14 # 0 at 207787434, 0.692800 0.857763
2024-08-01 07:56:12,081 INFO sent 5 -> 14 # 0 at 178372558, 0.692800 0.857763
2024-08-01 07:56:12,259 INFO CHECKSUM 5 15 0: 1.557714
2024-08-01 07:56:12,260 INFO CHECKSUM 5 15 0: 1.557714
2024-08-01 07:56:12,284 INFO Accepting from rank 6
2024-08-01 07:56:12,284 INFO Accepting from rank 6
2024-08-01 07:56:12,284 INFO Accepting from rank 6
2024-08-01 07:56:12,284 INFO Accepting from rank 6
2024-08-01 07:56:12,284 INFO Accepting from rank 6
2024-08-01 07:56:12,284 INFO Accepting from rank 6
2024-08-01 07:56:12,284 INFO Accepting from rank 6
2024-08-01 07:56:12,284 INFO sent 5 -> 15 # 0 at 173948915, 0.692800 0.857763
2024-08-01 07:56:12,284 INFO Accepting from rank 6
2024-08-01 07:56:12,284 INFO Accepting from rank 6
2024-08-01 07:56:12,284 INFO Sending from rank 6
2024-08-01 07:56:12,284 INFO Accepting from rank 6
2024-08-01 07:56:12,284 INFO Accepting from rank 6
2024-08-01 07:56:12,284 INFO Accepting from rank 6
2024-08-01 07:56:12,284 INFO recv 5 -> 15 # 0 at 198456503, 0.692800 0.857763
2024-08-01 07:56:12,284 INFO Accepting from rank 6
2024-08-01 07:56:12,284 INFO Accepting from rank 6
2024-08-01 07:56:12,284 INFO Accepting from rank 6
2024-08-01 07:56:12,321 INFO CHECKSUM 6 0 0: 0.513983
2024-08-01 07:56:12,321 INFO CHECKSUM 6 0 0: 0.513983
2024-08-01 07:56:12,329 INFO recv 6 -> 0 # 0 at 24348186, 0.257251 0.022143
2024-08-01 07:56:12,329 INFO sent 6 -> 0 # 0 at 15786405, 0.257251 0.022143
2024-08-01 07:56:12,354 INFO CHECKSUM 6 1 0: 0.513983
2024-08-01 07:56:12,355 INFO CHECKSUM 6 1 0: 0.513983
2024-08-01 07:56:12,374 INFO recv 6 -> 1 # 0 at 34164482, 0.257251 0.022143
2024-08-01 07:56:12,374 INFO sent 6 -> 1 # 0 at 14335112, 0.257251 0.022143
2024-08-01 07:56:12,413 INFO CHECKSUM 6 2 0: 0.513983
2024-08-01 07:56:12,413 INFO CHECKSUM 6 2 0: 0.513983
2024-08-01 07:56:12,422 INFO recv 6 -> 2 # 0 at 32233517, 0.257251 0.022143
2024-08-01 07:56:12,422 INFO sent 6 -> 2 # 0 at 23456150, 0.257251 0.022143
2024-08-01 07:56:12,437 INFO CHECKSUM 6 3 0: 0.513983
2024-08-01 07:56:12,436 INFO CHECKSUM 6 3 0: 0.513983
2024-08-01 07:56:12,457 INFO recv 6 -> 3 # 0 at 35488255, 0.257251 0.022143
2024-08-01 07:56:12,457 INFO sent 6 -> 3 # 0 at 14266479, 0.257251 0.022143
2024-08-01 07:56:12,481 INFO CHECKSUM 6 4 0: 0.513983
2024-08-01 07:56:12,482 INFO CHECKSUM 6 4 0: 0.513983
2024-08-01 07:56:12,498 INFO sent 6 -> 4 # 0 at 14385931, 0.257251 0.022143
2024-08-01 07:56:12,498 INFO recv 6 -> 4 # 0 at 31258120, 0.257251 0.022143
2024-08-01 07:56:12,519 INFO CHECKSUM 6 5 0: 0.513983
2024-08-01 07:56:12,520 INFO CHECKSUM 6 5 0: 0.513983
2024-08-01 07:56:12,534 INFO sent 6 -> 5 # 0 at 13768654, 0.257251 0.022143
2024-08-01 07:56:12,542 INFO recv 6 -> 5 # 0 at 36321423, 0.257251 0.022143
2024-08-01 07:56:12,731 INFO CHECKSUM 6 7 0: 0.513983
2024-08-01 07:56:12,731 INFO CHECKSUM 6 7 0: 0.513983
2024-08-01 07:56:12,741 INFO sent 6 -> 7 # 0 at 181285784, 0.257251 0.022143
2024-08-01 07:56:12,741 INFO recv 6 -> 7 # 0 at 192033414, 0.257251 0.022143
2024-08-01 07:56:12,925 INFO CHECKSUM 6 8 0: 0.513983
2024-08-01 07:56:12,924 INFO CHECKSUM 6 8 0: 0.513983
2024-08-01 07:56:12,937 INFO recv 6 -> 8 # 0 at 191983031, 0.257251 0.022143
2024-08-01 07:56:12,937 INFO sent 6 -> 8 # 0 at 179122231, 0.257251 0.022143
2024-08-01 07:56:13,127 INFO CHECKSUM 6 9 0: 0.513983
2024-08-01 07:56:13,127 INFO CHECKSUM 6 9 0: 0.513983
2024-08-01 07:56:13,136 INFO sent 6 -> 9 # 0 at 173405801, 0.257251 0.022143
2024-08-01 07:56:13,136 INFO recv 6 -> 9 # 0 at 182843471, 0.257251 0.022143
2024-08-01 07:56:13,319 INFO CHECKSUM 6 10 0: 0.513983
2024-08-01 07:56:13,319 INFO CHECKSUM 6 10 0: 0.513983
2024-08-01 07:56:13,334 INFO sent 6 -> 10 # 0 at 175235308, 0.257251 0.022143
2024-08-01 07:56:13,334 INFO recv 6 -> 10 # 0 at 190649015, 0.257251 0.022143
2024-08-01 07:56:13,525 INFO CHECKSUM 6 11 0: 0.513983
2024-08-01 07:56:13,541 INFO sent 6 -> 11 # 0 at 178425941, 0.257251 0.022143
2024-08-01 07:56:13,525 INFO CHECKSUM 6 11 0: 0.513983
2024-08-01 07:56:13,541 INFO recv 6 -> 11 # 0 at 195327892, 0.257251 0.022143
2024-08-01 07:56:13,691 INFO CHECKSUM 6 12 0: 0.513983
2024-08-01 07:56:13,691 INFO CHECKSUM 6 12 0: 0.513983
2024-08-01 07:56:13,722 INFO sent 6 -> 12 # 0 at 128641717, 0.257251 0.022143
2024-08-01 07:56:13,722 INFO recv 6 -> 12 # 0 at 159721511, 0.257251 0.022143
2024-08-01 07:56:13,944 INFO CHECKSUM 6 13 0: 0.513983
2024-08-01 07:56:13,952 INFO CHECKSUM 6 13 0: 0.513983
2024-08-01 07:56:13,978 INFO sent 6 -> 13 # 0 at 194813011, 0.257251 0.022143
2024-08-01 07:56:13,978 INFO recv 6 -> 13 # 0 at 223466771, 0.257251 0.022143
2024-08-01 07:56:14,159 INFO CHECKSUM 6 14 0: 0.513983
2024-08-01 07:56:14,159 INFO CHECKSUM 6 14 0: 0.513983
2024-08-01 07:56:14,194 INFO recv 6 -> 14 # 0 at 200990016, 0.257251 0.022143
2024-08-01 07:56:14,201 INFO sent 6 -> 14 # 0 at 165830330, 0.257251 0.022143
2024-08-01 07:56:14,404 INFO CHECKSUM 6 15 0: 0.513983
2024-08-01 07:56:14,404 INFO CHECKSUM 6 15 0: 0.513983
2024-08-01 07:56:14,420 INFO Accepting from rank 7
2024-08-01 07:56:14,425 INFO Accepting from rank 7
2024-08-01 07:56:14,425 INFO Accepting from rank 7
2024-08-01 07:56:14,425 INFO Accepting from rank 7
2024-08-01 07:56:14,425 INFO Accepting from rank 7
2024-08-01 07:56:14,425 INFO Accepting from rank 7
2024-08-01 07:56:14,425 INFO Accepting from rank 7
2024-08-01 07:56:14,425 INFO Accepting from rank 7
2024-08-01 07:56:14,425 INFO Accepting from rank 7
2024-08-01 07:56:14,425 INFO Accepting from rank 7
2024-08-01 07:56:14,425 INFO Accepting from rank 7
2024-08-01 07:56:14,425 INFO Sending from rank 7
2024-08-01 07:56:14,425 INFO Accepting from rank 7
2024-08-01 07:56:14,425 INFO Accepting from rank 7
2024-08-01 07:56:14,425 INFO sent 6 -> 15 # 0 at 186279832, 0.257251 0.022143
2024-08-01 07:56:14,425 INFO recv 6 -> 15 # 0 at 207807932, 0.257251 0.022143
2024-08-01 07:56:14,425 INFO Accepting from rank 7
2024-08-01 07:56:14,425 INFO Accepting from rank 7
2024-08-01 07:56:14,554 INFO CHECKSUM 7 0 0: 1.642247
2024-08-01 07:56:14,551 INFO CHECKSUM 7 0 0: 1.642247
2024-08-01 07:56:14,565 INFO recv 7 -> 0 # 0 at 111378223, 0.947647 0.419420
2024-08-01 07:56:14,569 INFO sent 7 -> 0 # 0 at 96441280, 0.947647 0.419420
2024-08-01 07:56:14,585 INFO CHECKSUM 7 1 0: 1.642247
2024-08-01 07:56:14,586 INFO CHECKSUM 7 1 0: 1.642247
2024-08-01 07:56:14,603 INFO recv 7 -> 1 # 0 at 32213247, 0.947647 0.419420
2024-08-01 07:56:14,603 INFO sent 7 -> 1 # 0 at 14857315, 0.947647 0.419420
2024-08-01 07:56:14,676 INFO CHECKSUM 7 2 0: 1.642247
2024-08-01 07:56:14,675 INFO CHECKSUM 7 2 0: 1.642247
2024-08-01 07:56:14,693 INFO recv 7 -> 2 # 0 at 89941873, 0.947647 0.419420
2024-08-01 07:56:14,693 INFO sent 7 -> 2 # 0 at 72020130, 0.947647 0.419420
2024-08-01 07:56:14,712 INFO CHECKSUM 7 3 0: 1.642247
2024-08-01 07:56:14,713 INFO CHECKSUM 7 3 0: 1.642247
2024-08-01 07:56:14,725 INFO recv 7 -> 3 # 0 at 27971435, 0.947647 0.419420
2024-08-01 07:56:14,725 INFO sent 7 -> 3 # 0 at 14716150, 0.947647 0.419420
2024-08-01 07:56:14,740 INFO CHECKSUM 7 4 0: 1.642247
2024-08-01 07:56:14,740 INFO CHECKSUM 7 4 0: 1.642247
2024-08-01 07:56:14,754 INFO recv 7 -> 4 # 0 at 28627613, 0.947647 0.419420
2024-08-01 07:56:14,754 INFO sent 7 -> 4 # 0 at 14032195, 0.947647 0.419420
2024-08-01 07:56:14,772 INFO CHECKSUM 7 5 0: 1.642247
2024-08-01 07:56:14,772 INFO CHECKSUM 7 5 0: 1.642247
2024-08-01 07:56:14,784 INFO recv 7 -> 5 # 0 at 26205247, 0.947647 0.419420
2024-08-01 07:56:14,784 INFO sent 7 -> 5 # 0 at 14502337, 0.947647 0.419420
2024-08-01 07:56:14,798 INFO CHECKSUM 7 6 0: 1.642247
2024-08-01 07:56:14,798 INFO CHECKSUM 7 6 0: 1.642247
2024-08-01 07:56:14,813 INFO recv 7 -> 6 # 0 at 29308622, 0.947647 0.419420
2024-08-01 07:56:14,813 INFO sent 7 -> 6 # 0 at 13815114, 0.947647 0.419420
2024-08-01 07:56:15,019 INFO CHECKSUM 7 8 0: 1.642247
2024-08-01 07:56:15,019 INFO CHECKSUM 7 8 0: 1.642247
2024-08-01 07:56:15,029 INFO sent 7 -> 8 # 0 at 197364626, 0.947647 0.419420
2024-08-01 07:56:15,029 INFO recv 7 -> 8 # 0 at 207264533, 0.947647 0.419420
2024-08-01 07:56:15,219 INFO CHECKSUM 7 9 0: 1.642247
2024-08-01 07:56:15,220 INFO CHECKSUM 7 9 0: 1.642247
2024-08-01 07:56:15,237 INFO sent 7 -> 9 # 0 at 170281688, 0.947647 0.419420
2024-08-01 07:56:15,237 INFO recv 7 -> 9 # 0 at 195214732, 0.947647 0.419420
2024-08-01 07:56:15,423 INFO CHECKSUM 7 10 0: 1.642247
2024-08-01 07:56:15,424 INFO CHECKSUM 7 10 0: 1.642247
2024-08-01 07:56:15,434 INFO sent 7 -> 10 # 0 at 176907419, 0.947647 0.419420
2024-08-01 07:56:15,434 INFO recv 7 -> 10 # 0 at 188007313, 0.947647 0.419420
2024-08-01 07:56:15,610 INFO CHECKSUM 7 11 0: 1.642247
2024-08-01 07:56:15,619 INFO CHECKSUM 7 11 0: 1.642247
2024-08-01 07:56:15,644 INFO sent 7 -> 11 # 0 at 165098011, 0.947647 0.419420
2024-08-01 07:56:15,644 INFO recv 7 -> 11 # 0 at 198348394, 0.947647 0.419420
2024-08-01 07:56:15,912 INFO CHECKSUM 7 12 0: 1.642247
2024-08-01 07:56:15,912 INFO CHECKSUM 7 12 0: 1.642247
2024-08-01 07:56:15,930 INFO sent 7 -> 12 # 0 at 258379697, 0.947647 0.419420
2024-08-01 07:56:15,930 INFO recv 7 -> 12 # 0 at 277200853, 0.947647 0.419420
2024-08-01 07:56:16,130 INFO CHECKSUM 7 13 0: 1.642247
2024-08-01 07:56:16,140 INFO CHECKSUM 7 13 0: 1.642247
2024-08-01 07:56:16,149 INFO recv 7 -> 13 # 0 at 204135936, 0.947647 0.419420
2024-08-01 07:56:16,150 INFO sent 7 -> 13 # 0 at 185782078, 0.947647 0.419420
2024-08-01 07:56:16,326 INFO CHECKSUM 7 14 0: 1.642247
2024-08-01 07:56:16,327 INFO CHECKSUM 7 14 0: 1.642247
2024-08-01 07:56:16,346 INFO sent 7 -> 14 # 0 at 165288269, 0.947647 0.419420
2024-08-01 07:56:16,346 INFO recv 7 -> 14 # 0 at 185341499, 0.947647 0.419420
2024-08-01 07:56:16,546 INFO CHECKSUM 7 15 0: 1.642247
2024-08-01 07:56:16,547 INFO CHECKSUM 7 15 0: 1.642247
2024-08-01 07:56:16,560 INFO Accepting from rank 8
2024-08-01 07:56:16,560 INFO Accepting from rank 8
2024-08-01 07:56:16,560 INFO Accepting from rank 8
2024-08-01 07:56:16,560 INFO Accepting from rank 8
2024-08-01 07:56:16,560 INFO Sending from rank 8
2024-08-01 07:56:16,560 INFO Accepting from rank 8
2024-08-01 07:56:16,560 INFO Accepting from rank 8
2024-08-01 07:56:16,560 INFO recv 7 -> 15 # 0 at 201873887, 0.947647 0.419420
2024-08-01 07:56:16,560 INFO Accepting from rank 8
2024-08-01 07:56:16,560 INFO Accepting from rank 8
2024-08-01 07:56:16,560 INFO Accepting from rank 8
2024-08-01 07:56:16,566 INFO Accepting from rank 8
2024-08-01 07:56:16,566 INFO Accepting from rank 8
2024-08-01 07:56:16,570 INFO Accepting from rank 8
2024-08-01 07:56:16,570 INFO Accepting from rank 8
2024-08-01 07:56:16,574 INFO Accepting from rank 8
2024-08-01 07:56:16,574 INFO sent 7 -> 15 # 0 at 188246865, 0.947647 0.419420
2024-08-01 07:56:16,574 INFO Accepting from rank 8
2024-08-01 07:56:16,655 INFO CHECKSUM 8 0 0: 2.106912
2024-08-01 07:56:16,656 INFO CHECKSUM 8 0 0: 2.106912
2024-08-01 07:56:16,664 INFO recv 8 -> 0 # 0 at 78771677, 0.403457 0.919201
2024-08-01 07:56:16,664 INFO sent 8 -> 0 # 0 at 70139522, 0.403457 0.919201
2024-08-01 07:56:16,689 INFO CHECKSUM 8 1 0: 2.106912
2024-08-01 07:56:16,698 INFO CHECKSUM 8 1 0: 2.106912
2024-08-01 07:56:16,713 INFO recv 8 -> 1 # 0 at 38713878, 0.403457 0.919201
2024-08-01 07:56:16,713 INFO sent 8 -> 1 # 0 at 14603422, 0.403457 0.919201
2024-08-01 07:56:16,739 INFO CHECKSUM 8 2 0: 2.106912
2024-08-01 07:56:16,739 INFO CHECKSUM 8 2 0: 2.106912
2024-08-01 07:56:16,758 INFO recv 8 -> 2 # 0 at 39439657, 0.403457 0.919201
2024-08-01 07:56:16,758 INFO sent 8 -> 2 # 0 at 20562970, 0.403457 0.919201
2024-08-01 07:56:16,772 INFO CHECKSUM 8 3 0: 2.106912
2024-08-01 07:56:16,773 INFO CHECKSUM 8 3 0: 2.106912
2024-08-01 07:56:16,792 INFO sent 8 -> 3 # 0 at 14266591, 0.403457 0.919201
2024-08-01 07:56:16,802 INFO recv 8 -> 3 # 0 at 43617576, 0.403457 0.919201
2024-08-01 07:56:16,819 INFO CHECKSUM 8 4 0: 2.106912
2024-08-01 07:56:16,820 INFO CHECKSUM 8 4 0: 2.106912
2024-08-01 07:56:16,837 INFO recv 8 -> 4 # 0 at 32201950, 0.403457 0.919201
2024-08-01 07:56:16,837 INFO sent 8 -> 4 # 0 at 14013172, 0.403457 0.919201
2024-08-01 07:56:16,852 INFO CHECKSUM 8 5 0: 2.106912
2024-08-01 07:56:16,852 INFO CHECKSUM 8 5 0: 2.106912
2024-08-01 07:56:16,869 INFO recv 8 -> 5 # 0 at 31418191, 0.403457 0.919201
2024-08-01 07:56:16,869 INFO sent 8 -> 5 # 0 at 13947234, 0.403457 0.919201
2024-08-01 07:56:16,947 INFO CHECKSUM 8 6 0: 2.106912
2024-08-01 07:56:16,948 INFO CHECKSUM 8 6 0: 2.106912
2024-08-01 07:56:16,964 INFO sent 8 -> 6 # 0 at 73919451, 0.403457 0.919201
2024-08-01 07:56:16,964 INFO recv 8 -> 6 # 0 at 90900491, 0.403457 0.919201
2024-08-01 07:56:16,980 INFO CHECKSUM 8 7 0: 2.106912
2024-08-01 07:56:16,980 INFO CHECKSUM 8 7 0: 2.106912
2024-08-01 07:56:17,000 INFO recv 8 -> 7 # 0 at 35132178, 0.403457 0.919201
2024-08-01 07:56:17,000 INFO sent 8 -> 7 # 0 at 14571360, 0.403457 0.919201
2024-08-01 07:56:17,214 INFO CHECKSUM 8 9 0: 2.106912
2024-08-01 07:56:17,214 INFO CHECKSUM 8 9 0: 2.106912
2024-08-01 07:56:17,225 INFO sent 8 -> 9 # 0 at 199768757, 0.403457 0.919201
2024-08-01 07:56:17,233 INFO recv 8 -> 9 # 0 at 219209571, 0.403457 0.919201
2024-08-01 07:56:17,418 INFO CHECKSUM 8 10 0: 2.106912
2024-08-01 07:56:17,419 INFO CHECKSUM 8 10 0: 2.106912
2024-08-01 07:56:17,434 INFO sent 8 -> 10 # 0 at 180121515, 0.403457 0.919201
2024-08-01 07:56:17,434 INFO recv 8 -> 10 # 0 at 195670553, 0.403457 0.919201
2024-08-01 07:56:17,659 INFO CHECKSUM 8 11 0: 2.106912
2024-08-01 07:56:17,659 INFO CHECKSUM 8 11 0: 2.106912
2024-08-01 07:56:17,686 INFO sent 8 -> 11 # 0 at 213172002, 0.403457 0.919201
2024-08-01 07:56:17,701 INFO recv 8 -> 11 # 0 at 255733495, 0.403457 0.919201
2024-08-01 07:56:17,898 INFO CHECKSUM 8 12 0: 2.106912
2024-08-01 07:56:17,899 INFO CHECKSUM 8 12 0: 2.106912
2024-08-01 07:56:17,915 INFO recv 8 -> 12 # 0 at 214053070, 0.403457 0.919201
2024-08-01 07:56:17,915 INFO sent 8 -> 12 # 0 at 196990842, 0.403457 0.919201
2024-08-01 07:56:18,122 INFO CHECKSUM 8 13 0: 2.106912
2024-08-01 07:56:18,123 INFO CHECKSUM 8 13 0: 2.106912
2024-08-01 07:56:18,154 INFO sent 8 -> 13 # 0 at 177088318, 0.403457 0.919201
2024-08-01 07:56:18,162 INFO recv 8 -> 13 # 0 at 209528723, 0.403457 0.919201
2024-08-01 07:56:18,365 INFO CHECKSUM 8 14 0: 2.106912
2024-08-01 07:56:18,373 INFO CHECKSUM 8 14 0: 2.106912
2024-08-01 07:56:18,394 INFO sent 8 -> 14 # 0 at 173458297, 0.403457 0.919201
2024-08-01 07:56:18,394 INFO recv 8 -> 14 # 0 at 199516495, 0.403457 0.919201
2024-08-01 07:56:18,634 INFO CHECKSUM 8 15 0: 2.106912
2024-08-01 07:56:18,636 INFO CHECKSUM 8 15 0: 2.106912
2024-08-01 07:56:18,650 INFO Accepting from rank 9
2024-08-01 07:56:18,650 INFO Accepting from rank 9
2024-08-01 07:56:18,650 INFO Accepting from rank 9
2024-08-01 07:56:18,650 INFO sent 8 -> 15 # 0 at 216341892, 0.403457 0.919201
2024-08-01 07:56:18,650 INFO Accepting from rank 9
2024-08-01 07:56:18,650 INFO Accepting from rank 9
2024-08-01 07:56:18,650 INFO Accepting from rank 9
2024-08-01 07:56:18,650 INFO Accepting from rank 9
2024-08-01 07:56:18,650 INFO Accepting from rank 9
2024-08-01 07:56:18,650 INFO Accepting from rank 9
2024-08-01 07:56:18,650 INFO recv 8 -> 15 # 0 at 216336140, 0.403457 0.919201
2024-08-01 07:56:18,650 INFO Accepting from rank 9
2024-08-01 07:56:18,650 INFO Accepting from rank 9
2024-08-01 07:56:18,651 INFO Accepting from rank 9
2024-08-01 07:56:18,653 INFO Accepting from rank 9
2024-08-01 07:56:18,653 INFO Accepting from rank 9
2024-08-01 07:56:18,653 INFO Sending from rank 9
2024-08-01 07:56:18,653 INFO Accepting from rank 9
2024-08-01 07:56:18,707 INFO CHECKSUM 9 0 0: 1.637034
2024-08-01 07:56:18,708 INFO CHECKSUM 9 0 0: 1.637034
2024-08-01 07:56:18,722 INFO recv 9 -> 0 # 0 at 33758678, 0.865633 0.958645
2024-08-01 07:56:18,725 INFO sent 9 -> 0 # 0 at 13852220, 0.865633 0.958645
2024-08-01 07:56:18,804 INFO CHECKSUM 9 1 0: 1.637034
2024-08-01 07:56:18,804 INFO CHECKSUM 9 1 0: 1.637034
2024-08-01 07:56:18,821 INFO recv 9 -> 1 # 0 at 91990474, 0.865633 0.958645
2024-08-01 07:56:18,821 INFO sent 9 -> 1 # 0 at 74494302, 0.865633 0.958645
2024-08-01 07:56:18,841 INFO CHECKSUM 9 2 0: 1.637034
2024-08-01 07:56:18,841 INFO CHECKSUM 9 2 0: 1.637034
2024-08-01 07:56:18,862 INFO recv 9 -> 2 # 0 at 36094003, 0.865633 0.958645
2024-08-01 07:56:18,862 INFO sent 9 -> 2 # 0 at 14107875, 0.865633 0.958645
2024-08-01 07:56:18,904 INFO CHECKSUM 9 3 0: 1.637034
2024-08-01 07:56:18,912 INFO CHECKSUM 9 3 0: 1.637034
2024-08-01 07:56:18,934 INFO sent 9 -> 3 # 0 at 13562020, 0.865633 0.958645
2024-08-01 07:56:18,934 INFO recv 9 -> 3 # 0 at 48664682, 0.865633 0.958645
2024-08-01 07:56:18,952 INFO CHECKSUM 9 4 0: 1.637034
2024-08-01 07:56:18,953 INFO CHECKSUM 9 4 0: 1.637034
2024-08-01 07:56:18,969 INFO recv 9 -> 4 # 0 at 31510219, 0.865633 0.958645
2024-08-01 07:56:18,969 INFO sent 9 -> 4 # 0 at 14095330, 0.865633 0.958645
2024-08-01 07:56:19,009 INFO CHECKSUM 9 5 0: 1.637034
2024-08-01 07:56:19,009 INFO CHECKSUM 9 5 0: 1.637034
2024-08-01 07:56:19,025 INFO recv 9 -> 5 # 0 at 39223618, 0.865633 0.958645
2024-08-01 07:56:19,025 INFO sent 9 -> 5 # 0 at 23007352, 0.865633 0.958645
2024-08-01 07:56:19,075 INFO CHECKSUM 9 6 0: 1.637034
2024-08-01 07:56:19,075 INFO CHECKSUM 9 6 0: 1.637034
2024-08-01 07:56:19,086 INFO recv 9 -> 6 # 0 at 40759265, 0.865633 0.958645
2024-08-01 07:56:19,086 INFO sent 9 -> 6 # 0 at 29481524, 0.865633 0.958645
2024-08-01 07:56:19,132 INFO CHECKSUM 9 7 0: 1.637034
2024-08-01 07:56:19,132 INFO CHECKSUM 9 7 0: 1.637034
2024-08-01 07:56:19,145 INFO recv 9 -> 7 # 0 at 43190667, 0.865633 0.958645
2024-08-01 07:56:19,145 INFO sent 9 -> 7 # 0 at 29558662, 0.865633 0.958645
2024-08-01 07:56:19,179 INFO CHECKSUM 9 8 0: 1.637034
2024-08-01 07:56:19,180 INFO CHECKSUM 9 8 0: 1.637034
2024-08-01 07:56:19,192 INFO recv 9 -> 8 # 0 at 34396325, 0.865633 0.958645
2024-08-01 07:56:19,192 INFO sent 9 -> 8 # 0 at 13893681, 0.865633 0.958645
2024-08-01 07:56:19,394 INFO CHECKSUM 9 10 0: 1.637034
2024-08-01 07:56:19,395 INFO CHECKSUM 9 10 0: 1.637034
2024-08-01 07:56:19,418 INFO recv 9 -> 10 # 0 at 214184255, 0.865633 0.958645
2024-08-01 07:56:19,421 INFO sent 9 -> 10 # 0 at 190439050, 0.865633 0.958645
2024-08-01 07:56:19,626 INFO CHECKSUM 9 11 0: 1.637034
2024-08-01 07:56:19,627 INFO CHECKSUM 9 11 0: 1.637034
2024-08-01 07:56:19,658 INFO sent 9 -> 11 # 0 at 188192201, 0.865633 0.958645
2024-08-01 07:56:19,658 INFO recv 9 -> 11 # 0 at 219888942, 0.865633 0.958645
2024-08-01 07:56:19,867 INFO CHECKSUM 9 12 0: 1.637034
2024-08-01 07:56:19,867 INFO CHECKSUM 9 12 0: 1.637034
2024-08-01 07:56:19,885 INFO recv 9 -> 12 # 0 at 222683335, 0.865633 0.958645
2024-08-01 07:56:19,885 INFO sent 9 -> 12 # 0 at 204342390, 0.865633 0.958645
2024-08-01 07:56:20,002 INFO CHECKSUM 9 13 0: 1.637034
2024-08-01 07:56:20,002 INFO CHECKSUM 9 13 0: 1.637034
2024-08-01 07:56:20,015 INFO recv 9 -> 13 # 0 at 117113504, 0.865633 0.958645
2024-08-01 07:56:20,020 INFO sent 9 -> 13 # 0 at 104260084, 0.865633 0.958645
2024-08-01 07:56:20,214 INFO CHECKSUM 9 14 0: 1.637034
2024-08-01 07:56:20,214 INFO CHECKSUM 9 14 0: 1.637034
2024-08-01 07:56:20,234 INFO recv 9 -> 14 # 0 at 193159230, 0.865633 0.958645
2024-08-01 07:56:20,234 INFO sent 9 -> 14 # 0 at 172784356, 0.865633 0.958645
2024-08-01 07:56:20,353 INFO CHECKSUM 9 15 0: 1.637034
2024-08-01 07:56:20,353 INFO CHECKSUM 9 15 0: 1.637034
2024-08-01 07:56:20,367 INFO Accepting from rank 10
2024-08-01 07:56:20,372 INFO Accepting from rank 10
2024-08-01 07:56:20,373 INFO Accepting from rank 10
2024-08-01 07:56:20,373 INFO Sending from rank 10
2024-08-01 07:56:20,373 INFO Accepting from rank 10
2024-08-01 07:56:20,373 INFO Accepting from rank 10
2024-08-01 07:56:20,373 INFO sent 9 -> 15 # 0 at 106474120, 0.865633 0.958645
2024-08-01 07:56:20,373 INFO Accepting from rank 10
2024-08-01 07:56:20,373 INFO Accepting from rank 10
2024-08-01 07:56:20,373 INFO Accepting from rank 10
2024-08-01 07:56:20,374 INFO Accepting from rank 10
2024-08-01 07:56:20,373 INFO Accepting from rank 10
2024-08-01 07:56:20,374 INFO Accepting from rank 10
2024-08-01 07:56:20,374 INFO Accepting from rank 10
2024-08-01 07:56:20,374 INFO Accepting from rank 10
2024-08-01 07:56:20,375 INFO Accepting from rank 10
2024-08-01 07:56:20,375 INFO recv 9 -> 15 # 0 at 128488550, 0.865633 0.958645
2024-08-01 07:56:20,375 INFO Accepting from rank 10
2024-08-01 07:56:20,410 INFO CHECKSUM 10 0 0: 1.256171
2024-08-01 07:56:20,411 INFO CHECKSUM 10 0 0: 1.256171
2024-08-01 07:56:20,421 INFO recv 10 -> 0 # 0 at 25041634, 0.041024 0.938699
2024-08-01 07:56:20,421 INFO sent 10 -> 0 # 0 at 14126291, 0.041024 0.938699
2024-08-01 07:56:20,452 INFO CHECKSUM 10 1 0: 1.256171
2024-08-01 07:56:20,452 INFO CHECKSUM 10 1 0: 1.256171
2024-08-01 07:56:20,489 INFO sent 10 -> 1 # 0 at 21631494, 0.041024 0.938699
2024-08-01 07:56:20,489 INFO recv 10 -> 1 # 0 at 66691645, 0.041024 0.938699
2024-08-01 07:56:20,603 INFO CHECKSUM 10 2 0: 1.256171
2024-08-01 07:56:20,603 INFO CHECKSUM 10 2 0: 1.256171
2024-08-01 07:56:20,624 INFO sent 10 -> 2 # 0 at 92564367, 0.041024 0.938699
2024-08-01 07:56:20,626 INFO recv 10 -> 2 # 0 at 115835942, 0.041024 0.938699
2024-08-01 07:56:20,663 INFO CHECKSUM 10 3 0: 1.256171
2024-08-01 07:56:20,664 INFO CHECKSUM 10 3 0: 1.256171
2024-08-01 07:56:20,702 INFO sent 10 -> 3 # 0 at 27029959, 0.041024 0.938699
2024-08-01 07:56:20,709 INFO recv 10 -> 3 # 0 at 60005467, 0.041024 0.938699
2024-08-01 07:56:20,724 INFO CHECKSUM 10 4 0: 1.256171
2024-08-01 07:56:20,733 INFO CHECKSUM 10 4 0: 1.256171
2024-08-01 07:56:20,745 INFO recv 10 -> 4 # 0 at 35792338, 0.041024 0.938699
2024-08-01 07:56:20,745 INFO sent 10 -> 4 # 0 at 14903431, 0.041024 0.938699
2024-08-01 07:56:20,766 INFO CHECKSUM 10 5 0: 1.256171
2024-08-01 07:56:20,767 INFO CHECKSUM 10 5 0: 1.256171
2024-08-01 07:56:20,790 INFO sent 10 -> 5 # 0 at 14014014, 0.041024 0.938699
2024-08-01 07:56:20,793 INFO recv 10 -> 5 # 0 at 41218254, 0.041024 0.938699
2024-08-01 07:56:20,900 INFO CHECKSUM 10 6 0: 1.256171
2024-08-01 07:56:20,899 INFO CHECKSUM 10 6 0: 1.256171
2024-08-01 07:56:20,921 INFO recv 10 -> 6 # 0 at 111544821, 0.041024 0.938699
2024-08-01 07:56:20,921 INFO sent 10 -> 6 # 0 at 89152138, 0.041024 0.938699
2024-08-01 07:56:20,942 INFO CHECKSUM 10 7 0: 1.256171
2024-08-01 07:56:20,942 INFO CHECKSUM 10 7 0: 1.256171
2024-08-01 07:56:20,968 INFO recv 10 -> 7 # 0 at 40976014, 0.041024 0.938699
2024-08-01 07:56:20,968 INFO sent 10 -> 7 # 0 at 14331447, 0.041024 0.938699
2024-08-01 07:56:21,000 INFO CHECKSUM 10 8 0: 1.256171
2024-08-01 07:56:21,000 INFO CHECKSUM 10 8 0: 1.256171
2024-08-01 07:56:21,008 INFO recv 10 -> 8 # 0 at 22260909, 0.041024 0.938699
2024-08-01 07:56:21,008 INFO sent 10 -> 8 # 0 at 14060724, 0.041024 0.938699
2024-08-01 07:56:21,033 INFO CHECKSUM 10 9 0: 1.256171
2024-08-01 07:56:21,033 INFO CHECKSUM 10 9 0: 1.256171
2024-08-01 07:56:21,044 INFO sent 10 -> 9 # 0 at 13618680, 0.041024 0.938699
2024-08-01 07:56:21,044 INFO recv 10 -> 9 # 0 at 24947939, 0.041024 0.938699
2024-08-01 07:56:21,240 INFO CHECKSUM 10 11 0: 1.256171
2024-08-01 07:56:21,240 INFO CHECKSUM 10 11 0: 1.256171
2024-08-01 07:56:21,259 INFO sent 10 -> 11 # 0 at 181306423, 0.041024 0.938699
2024-08-01 07:56:21,259 INFO recv 10 -> 11 # 0 at 200626093, 0.041024 0.938699
2024-08-01 07:56:21,470 INFO CHECKSUM 10 12 0: 1.256171
2024-08-01 07:56:21,471 INFO CHECKSUM 10 12 0: 1.256171
2024-08-01 07:56:21,487 INFO recv 10 -> 12 # 0 at 216869823, 0.041024 0.938699
2024-08-01 07:56:21,487 INFO sent 10 -> 12 # 0 at 199977510, 0.041024 0.938699
2024-08-01 07:56:21,682 INFO CHECKSUM 10 13 0: 1.256171
2024-08-01 07:56:21,683 INFO CHECKSUM 10 13 0: 1.256171
2024-08-01 07:56:21,706 INFO recv 10 -> 13 # 0 at 214650346, 0.041024 0.938699
2024-08-01 07:56:21,706 INFO sent 10 -> 13 # 0 at 190577227, 0.041024 0.938699
2024-08-01 07:56:21,880 INFO CHECKSUM 10 14 0: 1.256171
2024-08-01 07:56:21,881 INFO CHECKSUM 10 14 0: 1.256171
2024-08-01 07:56:21,898 INFO recv 10 -> 14 # 0 at 176164967, 0.041024 0.938699
2024-08-01 07:56:21,898 INFO sent 10 -> 14 # 0 at 158583061, 0.041024 0.938699
2024-08-01 07:56:22,088 INFO CHECKSUM 10 15 0: 1.256171
2024-08-01 07:56:22,088 INFO CHECKSUM 10 15 0: 1.256171
2024-08-01 07:56:22,098 INFO Accepting from rank 11
2024-08-01 07:56:22,098 INFO Accepting from rank 11
2024-08-01 07:56:22,098 INFO Accepting from rank 11
2024-08-01 07:56:22,098 INFO Accepting from rank 11
2024-08-01 07:56:22,098 INFO Accepting from rank 11
2024-08-01 07:56:22,098 INFO Accepting from rank 11
2024-08-01 07:56:22,098 INFO Accepting from rank 11
2024-08-01 07:56:22,098 INFO Accepting from rank 11
2024-08-01 07:56:22,098 INFO Accepting from rank 11
2024-08-01 07:56:22,098 INFO Accepting from rank 11
2024-08-01 07:56:22,098 INFO Sending from rank 11
2024-08-01 07:56:22,098 INFO Accepting from rank 11
2024-08-01 07:56:22,098 INFO recv 10 -> 15 # 0 at 185605710, 0.041024 0.938699
2024-08-01 07:56:22,098 INFO sent 10 -> 15 # 0 at 175519487, 0.041024 0.938699
2024-08-01 07:56:22,098 INFO Accepting from rank 11
2024-08-01 07:56:22,098 INFO Accepting from rank 11
2024-08-01 07:56:22,106 INFO Accepting from rank 11
2024-08-01 07:56:22,106 INFO Accepting from rank 11
2024-08-01 07:56:22,142 INFO CHECKSUM 11 0 0: 1.418085
2024-08-01 07:56:22,158 INFO CHECKSUM 11 0 0: 1.418085
2024-08-01 07:56:22,170 INFO recv 11 -> 0 # 0 at 44177546, 0.017321 0.593649
2024-08-01 07:56:22,170 INFO sent 11 -> 0 # 0 at 13856820, 0.017321 0.593649
2024-08-01 07:56:22,231 INFO CHECKSUM 11 1 0: 1.418085
2024-08-01 07:56:22,231 INFO CHECKSUM 11 1 0: 1.418085
2024-08-01 07:56:22,257 INFO sent 11 -> 1 # 0 at 33850992, 0.017321 0.593649
2024-08-01 07:56:22,262 INFO recv 11 -> 1 # 0 at 66099593, 0.017321 0.593649
2024-08-01 07:56:22,372 INFO CHECKSUM 11 2 0: 1.418085
2024-08-01 07:56:22,372 INFO CHECKSUM 11 2 0: 1.418085
2024-08-01 07:56:22,390 INFO recv 11 -> 2 # 0 at 107929481, 0.017321 0.593649
2024-08-01 07:56:22,400 INFO sent 11 -> 2 # 0 at 90821431, 0.017321 0.593649
2024-08-01 07:56:22,515 INFO CHECKSUM 11 3 0: 1.418085
2024-08-01 07:56:22,525 INFO CHECKSUM 11 3 0: 1.418085
2024-08-01 07:56:22,533 INFO recv 11 -> 3 # 0 at 110675739, 0.017321 0.593649
2024-08-01 07:56:22,536 INFO sent 11 -> 3 # 0 at 89757237, 0.017321 0.593649
2024-08-01 07:56:22,553 INFO CHECKSUM 11 4 0: 1.418085
2024-08-01 07:56:22,562 INFO CHECKSUM 11 4 0: 1.418085
2024-08-01 07:56:22,574 INFO recv 11 -> 4 # 0 at 35533175, 0.017321 0.593649
2024-08-01 07:56:22,577 INFO sent 11 -> 4 # 0 at 14311669, 0.017321 0.593649
2024-08-01 07:56:22,600 INFO CHECKSUM 11 5 0: 1.418085
2024-08-01 07:56:22,600 INFO CHECKSUM 11 5 0: 1.418085
2024-08-01 07:56:22,617 INFO recv 11 -> 5 # 0 at 31454582, 0.017321 0.593649
2024-08-01 07:56:22,617 INFO sent 11 -> 5 # 0 at 14062778, 0.017321 0.593649
2024-08-01 07:56:22,648 INFO CHECKSUM 11 6 0: 1.418085
2024-08-01 07:56:22,648 INFO CHECKSUM 11 6 0: 1.418085
2024-08-01 07:56:22,662 INFO recv 11 -> 6 # 0 at 35608372, 0.017321 0.593649
2024-08-01 07:56:22,662 INFO sent 11 -> 6 # 0 at 22424526, 0.017321 0.593649
2024-08-01 07:56:22,688 INFO CHECKSUM 11 7 0: 1.418085
2024-08-01 07:56:22,688 INFO CHECKSUM 11 7 0: 1.418085
2024-08-01 07:56:22,714 INFO recv 11 -> 7 # 0 at 40332748, 0.017321 0.593649
2024-08-01 07:56:22,714 INFO sent 11 -> 7 # 0 at 14797688, 0.017321 0.593649
2024-08-01 07:56:22,846 INFO CHECKSUM 11 8 0: 1.418085
2024-08-01 07:56:22,847 INFO CHECKSUM 11 8 0: 1.418085
2024-08-01 07:56:22,857 INFO recv 11 -> 8 # 0 at 111503873, 0.017321 0.593649
2024-08-01 07:56:22,857 INFO sent 11 -> 8 # 0 at 89174050, 0.017321 0.593649
2024-08-01 07:56:22,975 INFO CHECKSUM 11 9 0: 1.418085
2024-08-01 07:56:22,975 INFO CHECKSUM 11 9 0: 1.418085
2024-08-01 07:56:22,986 INFO recv 11 -> 9 # 0 at 100480465, 0.017321 0.593649
2024-08-01 07:56:22,986 INFO sent 11 -> 9 # 0 at 89635321, 0.017321 0.593649
2024-08-01 07:56:23,009 INFO CHECKSUM 11 10 0: 1.418085
2024-08-01 07:56:23,010 INFO CHECKSUM 11 10 0: 1.418085
2024-08-01 07:56:23,030 INFO sent 11 -> 10 # 0 at 23019675, 0.017321 0.593649
2024-08-01 07:56:23,030 INFO recv 11 -> 10 # 0 at 43364855, 0.017321 0.593649
2024-08-01 07:56:23,251 INFO CHECKSUM 11 12 0: 1.418085
2024-08-01 07:56:23,252 INFO CHECKSUM 11 12 0: 1.418085
2024-08-01 07:56:23,260 INFO recv 11 -> 12 # 0 at 218260694, 0.017321 0.593649
2024-08-01 07:56:23,260 INFO sent 11 -> 12 # 0 at 208880754, 0.017321 0.593649
2024-08-01 07:56:23,499 INFO CHECKSUM 11 13 0: 1.418085
2024-08-01 07:56:23,500 INFO CHECKSUM 11 13 0: 1.418085
2024-08-01 07:56:23,529 INFO recv 11 -> 13 # 0 at 255208686, 0.017321 0.593649
2024-08-01 07:56:23,537 INFO sent 11 -> 13 # 0 at 225297558, 0.017321 0.593649
2024-08-01 07:56:23,745 INFO CHECKSUM 11 14 0: 1.418085
2024-08-01 07:56:23,745 INFO CHECKSUM 11 14 0: 1.418085
2024-08-01 07:56:23,766 INFO recv 11 -> 14 # 0 at 226178319, 0.017321 0.593649
2024-08-01 07:56:23,770 INFO sent 11 -> 14 # 0 at 204727333, 0.017321 0.593649
2024-08-01 07:56:24,003 INFO CHECKSUM 11 15 0: 1.418085
2024-08-01 07:56:24,004 INFO CHECKSUM 11 15 0: 1.418085
2024-08-01 07:56:24,022 INFO Accepting from rank 12
2024-08-01 07:56:24,022 INFO Accepting from rank 12
2024-08-01 07:56:24,022 INFO Sending from rank 12
2024-08-01 07:56:24,022 INFO Accepting from rank 12
2024-08-01 07:56:24,022 INFO Accepting from rank 12
2024-08-01 07:56:24,022 INFO Accepting from rank 12
2024-08-01 07:56:24,022 INFO Accepting from rank 12
2024-08-01 07:56:24,022 INFO Accepting from rank 12
2024-08-01 07:56:24,022 INFO Accepting from rank 12
2024-08-01 07:56:24,022 INFO Accepting from rank 12
2024-08-01 07:56:24,022 INFO Accepting from rank 12
2024-08-01 07:56:24,022 INFO Accepting from rank 12
2024-08-01 07:56:24,022 INFO Accepting from rank 12
2024-08-01 07:56:24,022 INFO recv 11 -> 15 # 0 at 209099052, 0.017321 0.593649
2024-08-01 07:56:24,022 INFO Accepting from rank 12
2024-08-01 07:56:24,025 INFO Accepting from rank 12
2024-08-01 07:56:24,025 INFO sent 11 -> 15 # 0 at 193104167, 0.017321 0.593649
2024-08-01 07:56:24,025 INFO Accepting from rank 12
2024-08-01 07:56:24,148 INFO CHECKSUM 12 0 0: 1.166816
2024-08-01 07:56:24,148 INFO CHECKSUM 12 0 0: 1.166816
2024-08-01 07:56:24,162 INFO recv 12 -> 0 # 0 at 109059391, 0.657309 0.093051
2024-08-01 07:56:24,162 INFO sent 12 -> 0 # 0 at 94857677, 0.657309 0.093051
2024-08-01 07:56:24,189 INFO CHECKSUM 12 1 0: 1.166816
2024-08-01 07:56:24,188 INFO CHECKSUM 12 1 0: 1.166816
2024-08-01 07:56:24,202 INFO recv 12 -> 1 # 0 at 28607934, 0.657309 0.093051
2024-08-01 07:56:24,202 INFO sent 12 -> 1 # 0 at 21570069, 0.657309 0.093051
2024-08-01 07:56:24,259 INFO CHECKSUM 12 2 0: 1.166816
2024-08-01 07:56:24,260 INFO CHECKSUM 12 2 0: 1.166816
2024-08-01 07:56:24,266 INFO recv 12 -> 2 # 0 at 36485810, 0.657309 0.093051
2024-08-01 07:56:24,266 INFO sent 12 -> 2 # 0 at 36757454, 0.657309 0.093051
2024-08-01 07:56:24,294 INFO CHECKSUM 12 3 0: 1.166816
2024-08-01 07:56:24,295 INFO CHECKSUM 12 3 0: 1.166816
2024-08-01 07:56:24,303 INFO recv 12 -> 3 # 0 at 22327389, 0.657309 0.093051
2024-08-01 07:56:24,303 INFO sent 12 -> 3 # 0 at 13936715, 0.657309 0.093051
2024-08-01 07:56:24,317 INFO CHECKSUM 12 4 0: 1.166816
2024-08-01 07:56:24,325 INFO CHECKSUM 12 4 0: 1.166816
2024-08-01 07:56:24,345 INFO recv 12 -> 4 # 0 at 42228682, 0.657309 0.093051
2024-08-01 07:56:24,345 INFO sent 12 -> 4 # 0 at 14227908, 0.657309 0.093051
2024-08-01 07:56:24,364 INFO CHECKSUM 12 5 0: 1.166816
2024-08-01 07:56:24,364 INFO CHECKSUM 12 5 0: 1.166816
2024-08-01 07:56:24,375 INFO recv 12 -> 5 # 0 at 25541701, 0.657309 0.093051
2024-08-01 07:56:24,375 INFO sent 12 -> 5 # 0 at 14028332, 0.657309 0.093051
2024-08-01 07:56:24,420 INFO CHECKSUM 12 6 0: 1.166816
2024-08-01 07:56:24,420 INFO CHECKSUM 12 6 0: 1.166816
2024-08-01 07:56:24,446 INFO sent 12 -> 6 # 0 at 33663305, 0.657309 0.093051
2024-08-01 07:56:24,446 INFO recv 12 -> 6 # 0 at 59977540, 0.657309 0.093051
2024-08-01 07:56:24,504 INFO CHECKSUM 12 7 0: 1.166816
2024-08-01 07:56:24,504 INFO CHECKSUM 12 7 0: 1.166816
2024-08-01 07:56:24,526 INFO recv 12 -> 7 # 0 at 60029010, 0.657309 0.093051
2024-08-01 07:56:24,526 INFO sent 12 -> 7 # 0 at 47764429, 0.657309 0.093051
2024-08-01 07:56:24,568 INFO CHECKSUM 12 8 0: 1.166816
2024-08-01 07:56:24,569 INFO CHECKSUM 12 8 0: 1.166816
2024-08-01 07:56:24,581 INFO recv 12 -> 8 # 0 at 27472173, 0.657309 0.093051
2024-08-01 07:56:24,581 INFO sent 12 -> 8 # 0 at 14055545, 0.657309 0.093051
2024-08-01 07:56:24,600 INFO CHECKSUM 12 9 0: 1.166816
2024-08-01 07:56:24,601 INFO CHECKSUM 12 9 0: 1.166816
2024-08-01 07:56:24,613 INFO sent 12 -> 9 # 0 at 13910043, 0.657309 0.093051
2024-08-01 07:56:24,614 INFO recv 12 -> 9 # 0 at 27114772, 0.657309 0.093051
2024-08-01 07:56:24,632 INFO CHECKSUM 12 10 0: 1.166816
2024-08-01 07:56:24,633 INFO CHECKSUM 12 10 0: 1.166816
2024-08-01 07:56:24,649 INFO sent 12 -> 10 # 0 at 13898871, 0.657309 0.093051
2024-08-01 07:56:24,649 INFO recv 12 -> 10 # 0 at 30874284, 0.657309 0.093051
2024-08-01 07:56:24,665 INFO CHECKSUM 12 11 0: 1.166816
2024-08-01 07:56:24,666 INFO CHECKSUM 12 11 0: 1.166816
2024-08-01 07:56:24,674 INFO sent 12 -> 11 # 0 at 14578557, 0.657309 0.093051
2024-08-01 07:56:24,674 INFO recv 12 -> 11 # 0 at 24051227, 0.657309 0.093051
2024-08-01 07:56:24,895 INFO CHECKSUM 12 13 0: 1.166816
2024-08-01 07:56:24,895 INFO CHECKSUM 12 13 0: 1.166816
2024-08-01 07:56:24,905 INFO sent 12 -> 13 # 0 at 197981474, 0.657309 0.093051
2024-08-01 07:56:24,905 INFO recv 12 -> 13 # 0 at 208470165, 0.657309 0.093051
2024-08-01 07:56:25,095 INFO CHECKSUM 12 14 0: 1.166816
2024-08-01 07:56:25,095 INFO CHECKSUM 12 14 0: 1.166816
2024-08-01 07:56:25,116 INFO sent 12 -> 14 # 0 at 180424882, 0.657309 0.093051
2024-08-01 07:56:25,116 INFO recv 12 -> 14 # 0 at 201667878, 0.657309 0.093051
2024-08-01 07:56:25,304 INFO CHECKSUM 12 15 0: 1.166816
2024-08-01 07:56:25,304 INFO CHECKSUM 12 15 0: 1.166816
2024-08-01 07:56:25,321 INFO Accepting from rank 13
2024-08-01 07:56:25,321 INFO Accepting from rank 13
2024-08-01 07:56:25,321 INFO Sending from rank 13
2024-08-01 07:56:25,321 INFO Accepting from rank 13
2024-08-01 07:56:25,321 INFO Accepting from rank 13
2024-08-01 07:56:25,321 INFO Accepting from rank 13
2024-08-01 07:56:25,321 INFO sent 12 -> 15 # 0 at 187435702, 0.657309 0.093051
2024-08-01 07:56:25,321 INFO recv 12 -> 15 # 0 at 205262055, 0.657309 0.093051
2024-08-01 07:56:25,321 INFO Accepting from rank 13
2024-08-01 07:56:25,321 INFO Accepting from rank 13
2024-08-01 07:56:25,326 INFO Accepting from rank 13
2024-08-01 07:56:25,326 INFO Accepting from rank 13
2024-08-01 07:56:25,326 INFO Accepting from rank 13
2024-08-01 07:56:25,326 INFO Accepting from rank 13
2024-08-01 07:56:25,329 INFO Accepting from rank 13
2024-08-01 07:56:25,329 INFO Accepting from rank 13
2024-08-01 07:56:25,330 INFO Accepting from rank 13
2024-08-01 07:56:25,330 INFO Accepting from rank 13
2024-08-01 07:56:25,372 INFO CHECKSUM 13 0 0: 1.411330
2024-08-01 07:56:25,380 INFO CHECKSUM 13 0 0: 1.411330
2024-08-01 07:56:25,394 INFO recv 13 -> 0 # 0 at 36769096, 0.384409 0.905064
2024-08-01 07:56:25,402 INFO sent 13 -> 0 # 0 at 14533480, 0.384409 0.905064
2024-08-01 07:56:25,421 INFO CHECKSUM 13 1 0: 1.411330
2024-08-01 07:56:25,420 INFO CHECKSUM 13 1 0: 1.411330
2024-08-01 07:56:25,451 INFO recv 13 -> 1 # 0 at 45095006, 0.384409 0.905064
2024-08-01 07:56:25,458 INFO sent 13 -> 1 # 0 at 14508301, 0.384409 0.905064
2024-08-01 07:56:25,560 INFO CHECKSUM 13 2 0: 1.411330
2024-08-01 07:56:25,560 INFO CHECKSUM 13 2 0: 1.411330
2024-08-01 07:56:25,577 INFO recv 13 -> 2 # 0 at 98879334, 0.384409 0.905064
2024-08-01 07:56:25,590 INFO sent 13 -> 2 # 0 at 81218990, 0.384409 0.905064
2024-08-01 07:56:25,628 INFO CHECKSUM 13 3 0: 1.411330
2024-08-01 07:56:25,628 INFO CHECKSUM 13 3 0: 1.411330
2024-08-01 07:56:25,658 INFO recv 13 -> 3 # 0 at 55890330, 0.384409 0.905064
2024-08-01 07:56:25,665 INFO sent 13 -> 3 # 0 at 22684025, 0.384409 0.905064
2024-08-01 07:56:25,739 INFO CHECKSUM 13 4 0: 1.411330
2024-08-01 07:56:25,740 INFO CHECKSUM 13 4 0: 1.411330
2024-08-01 07:56:25,751 INFO recv 13 -> 4 # 0 at 81945747, 0.384409 0.905064
2024-08-01 07:56:25,762 INFO sent 13 -> 4 # 0 at 70055533, 0.384409 0.905064
2024-08-01 07:56:25,785 INFO CHECKSUM 13 5 0: 1.411330
2024-08-01 07:56:25,794 INFO CHECKSUM 13 5 0: 1.411330
2024-08-01 07:56:25,826 INFO recv 13 -> 5 # 0 at 55521264, 0.384409 0.905064
2024-08-01 07:56:25,834 INFO sent 13 -> 5 # 0 at 14866394, 0.384409 0.905064
2024-08-01 07:56:25,850 INFO CHECKSUM 13 6 0: 1.411330
2024-08-01 07:56:25,850 INFO CHECKSUM 13 6 0: 1.411330
2024-08-01 07:56:25,866 INFO recv 13 -> 6 # 0 at 31006271, 0.384409 0.905064
2024-08-01 07:56:25,866 INFO sent 13 -> 6 # 0 at 15257912, 0.384409 0.905064
2024-08-01 07:56:25,892 INFO CHECKSUM 13 7 0: 1.411330
2024-08-01 07:56:25,892 INFO CHECKSUM 13 7 0: 1.411330
2024-08-01 07:56:25,910 INFO sent 13 -> 7 # 0 at 13967845, 0.384409 0.905064
2024-08-01 07:56:25,914 INFO recv 13 -> 7 # 0 at 36330171, 0.384409 0.905064
2024-08-01 07:56:25,930 INFO CHECKSUM 13 8 0: 1.411330
2024-08-01 07:56:25,945 INFO CHECKSUM 13 8 0: 1.411330
2024-08-01 07:56:25,959 INFO sent 13 -> 8 # 0 at 13947465, 0.384409 0.905064
2024-08-01 07:56:25,959 INFO recv 13 -> 8 # 0 at 42283667, 0.384409 0.905064
2024-08-01 07:56:25,984 INFO CHECKSUM 13 9 0: 1.411330
2024-08-01 07:56:25,984 INFO CHECKSUM 13 9 0: 1.411330
2024-08-01 07:56:26,006 INFO recv 13 -> 9 # 0 at 43019087, 0.384409 0.905064
2024-08-01 07:56:26,006 INFO sent 13 -> 9 # 0 at 21284747, 0.384409 0.905064
2024-08-01 07:56:26,024 INFO CHECKSUM 13 10 0: 1.411330
2024-08-01 07:56:26,024 INFO CHECKSUM 13 10 0: 1.411330
2024-08-01 07:56:26,042 INFO recv 13 -> 10 # 0 at 32562795, 0.384409 0.905064
2024-08-01 07:56:26,042 INFO sent 13 -> 10 # 0 at 14140379, 0.384409 0.905064
2024-08-01 07:56:26,056 INFO CHECKSUM 13 11 0: 1.411330
2024-08-01 07:56:26,057 INFO CHECKSUM 13 11 0: 1.411330
2024-08-01 07:56:26,094 INFO sent 13 -> 11 # 0 at 14003474, 0.384409 0.905064
2024-08-01 07:56:26,094 INFO recv 13 -> 11 # 0 at 52042653, 0.384409 0.905064
2024-08-01 07:56:26,124 INFO CHECKSUM 13 12 0: 1.411330
2024-08-01 07:56:26,125 INFO CHECKSUM 13 12 0: 1.411330
2024-08-01 07:56:26,137 INFO recv 13 -> 12 # 0 at 37693175, 0.384409 0.905064
2024-08-01 07:56:26,137 INFO sent 13 -> 12 # 0 at 24595585, 0.384409 0.905064
2024-08-01 07:56:26,272 INFO CHECKSUM 13 14 0: 1.411330
2024-08-01 07:56:26,272 INFO CHECKSUM 13 14 0: 1.411330
2024-08-01 07:56:26,292 INFO sent 13 -> 14 # 0 at 122784720, 0.384409 0.905064
2024-08-01 07:56:26,292 INFO recv 13 -> 14 # 0 at 143394440, 0.384409 0.905064
2024-08-01 07:56:26,526 INFO CHECKSUM 13 15 0: 1.411330
2024-08-01 07:56:26,527 INFO CHECKSUM 13 15 0: 1.411330
2024-08-01 07:56:26,554 INFO Accepting from rank 14
2024-08-01 07:56:26,558 INFO Accepting from rank 14
2024-08-01 07:56:26,558 INFO Accepting from rank 14
2024-08-01 07:56:26,558 INFO Accepting from rank 14
2024-08-01 07:56:26,558 INFO Accepting from rank 14
2024-08-01 07:56:26,558 INFO Accepting from rank 14
2024-08-01 07:56:26,558 INFO Sending from rank 14
2024-08-01 07:56:26,558 INFO Accepting from rank 14
2024-08-01 07:56:26,558 INFO Accepting from rank 14
2024-08-01 07:56:26,558 INFO sent 13 -> 15 # 0 at 222953167, 0.384409 0.905064
2024-08-01 07:56:26,558 INFO Accepting from rank 14
2024-08-01 07:56:26,558 INFO Accepting from rank 14
2024-08-01 07:56:26,558 INFO recv 13 -> 15 # 0 at 254811789, 0.384409 0.905064
2024-08-01 07:56:26,558 INFO Accepting from rank 14
2024-08-01 07:56:26,558 INFO Accepting from rank 14
2024-08-01 07:56:26,559 INFO Accepting from rank 14
2024-08-01 07:56:26,558 INFO Accepting from rank 14
2024-08-01 07:56:26,559 INFO Accepting from rank 14
2024-08-01 07:56:26,692 INFO CHECKSUM 14 0 0: 1.258114
2024-08-01 07:56:26,692 INFO CHECKSUM 14 0 0: 1.258114
2024-08-01 07:56:26,706 INFO recv 14 -> 0 # 0 at 108770744, 0.982259 0.509145
2024-08-01 07:56:26,710 INFO sent 14 -> 0 # 0 at 89116877, 0.982259 0.509145
2024-08-01 07:56:26,768 INFO CHECKSUM 14 1 0: 1.258114
2024-08-01 07:56:26,768 INFO CHECKSUM 14 1 0: 1.258114
2024-08-01 07:56:26,778 INFO recv 14 -> 1 # 0 at 32243668, 0.982259 0.509145
2024-08-01 07:56:26,778 INFO sent 14 -> 1 # 0 at 26065220, 0.982259 0.509145
2024-08-01 07:56:26,807 INFO CHECKSUM 14 2 0: 1.258114
2024-08-01 07:56:26,808 INFO CHECKSUM 14 2 0: 1.258114
2024-08-01 07:56:26,826 INFO recv 14 -> 2 # 0 at 32667434, 0.982259 0.509145
2024-08-01 07:56:26,834 INFO sent 14 -> 2 # 0 at 14086134, 0.982259 0.509145
2024-08-01 07:56:26,923 INFO CHECKSUM 14 3 0: 1.258114
2024-08-01 07:56:26,924 INFO CHECKSUM 14 3 0: 1.258114
2024-08-01 07:56:26,938 INFO recv 14 -> 3 # 0 at 96829600, 0.982259 0.509145
2024-08-01 07:56:26,938 INFO sent 14 -> 3 # 0 at 81726433, 0.982259 0.509145
2024-08-01 07:56:26,964 INFO CHECKSUM 14 4 0: 1.258114
2024-08-01 07:56:26,964 INFO CHECKSUM 14 4 0: 1.258114
2024-08-01 07:56:26,980 INFO recv 14 -> 4 # 0 at 29658250, 0.982259 0.509145
2024-08-01 07:56:26,980 INFO sent 14 -> 4 # 0 at 13798457, 0.982259 0.509145
2024-08-01 07:56:27,005 INFO CHECKSUM 14 5 0: 1.258114
2024-08-01 07:56:27,006 INFO CHECKSUM 14 5 0: 1.258114
2024-08-01 07:56:27,033 INFO sent 14 -> 5 # 0 at 14810737, 0.982259 0.509145
2024-08-01 07:56:27,035 INFO recv 14 -> 5 # 0 at 44388047, 0.982259 0.509145
2024-08-01 07:56:27,060 INFO CHECKSUM 14 6 0: 1.258114
2024-08-01 07:56:27,061 INFO CHECKSUM 14 6 0: 1.258114
2024-08-01 07:56:27,080 INFO recv 14 -> 6 # 0 at 33911282, 0.982259 0.509145
2024-08-01 07:56:27,080 INFO sent 14 -> 6 # 0 at 13913910, 0.982259 0.509145
2024-08-01 07:56:27,107 INFO CHECKSUM 14 7 0: 1.258114
2024-08-01 07:56:27,107 INFO CHECKSUM 14 7 0: 1.258114
2024-08-01 07:56:27,115 INFO recv 14 -> 7 # 0 at 32217369, 0.982259 0.509145
2024-08-01 07:56:27,115 INFO sent 14 -> 7 # 0 at 24927487, 0.982259 0.509145
2024-08-01 07:56:27,134 INFO CHECKSUM 14 8 0: 1.258114
2024-08-01 07:56:27,134 INFO CHECKSUM 14 8 0: 1.258114
2024-08-01 07:56:27,142 INFO sent 14 -> 8 # 0 at 17345562, 0.982259 0.509145
2024-08-01 07:56:27,142 INFO recv 14 -> 8 # 0 at 25170639, 0.982259 0.509145
2024-08-01 07:56:27,159 INFO CHECKSUM 14 9 0: 1.258114
2024-08-01 07:56:27,160 INFO CHECKSUM 14 9 0: 1.258114
2024-08-01 07:56:27,178 INFO sent 14 -> 9 # 0 at 13814799, 0.982259 0.509145
2024-08-01 07:56:27,178 INFO recv 14 -> 9 # 0 at 33085634, 0.982259 0.509145
2024-08-01 07:56:27,204 INFO CHECKSUM 14 10 0: 1.258114
2024-08-01 07:56:27,204 INFO CHECKSUM 14 10 0: 1.258114
2024-08-01 07:56:27,224 INFO sent 14 -> 10 # 0 at 14121833, 0.982259 0.509145
2024-08-01 07:56:27,224 INFO recv 14 -> 10 # 0 at 34359885, 0.982259 0.509145
2024-08-01 07:56:27,257 INFO CHECKSUM 14 11 0: 1.258114
2024-08-01 07:56:27,257 INFO CHECKSUM 14 11 0: 1.258114
2024-08-01 07:56:27,273 INFO sent 14 -> 11 # 0 at 19754826, 0.982259 0.509145
2024-08-01 07:56:27,273 INFO recv 14 -> 11 # 0 at 30894903, 0.982259 0.509145
2024-08-01 07:56:27,301 INFO CHECKSUM 14 12 0: 1.258114
2024-08-01 07:56:27,301 INFO CHECKSUM 14 12 0: 1.258114
2024-08-01 07:56:27,325 INFO recv 14 -> 12 # 0 at 38381277, 0.982259 0.509145
2024-08-01 07:56:27,326 INFO sent 14 -> 12 # 0 at 13973606, 0.982259 0.509145
2024-08-01 07:56:27,347 INFO CHECKSUM 14 13 0: 1.258114
2024-08-01 07:56:27,348 INFO CHECKSUM 14 13 0: 1.258114
2024-08-01 07:56:27,366 INFO recv 14 -> 13 # 0 at 32771710, 0.982259 0.509145
2024-08-01 07:56:27,366 INFO sent 14 -> 13 # 0 at 13654459, 0.982259 0.509145
2024-08-01 07:56:27,595 INFO CHECKSUM 14 15 0: 1.258114
2024-08-01 07:56:27,595 INFO CHECKSUM 14 15 0: 1.258114
2024-08-01 07:56:27,614 INFO Accepting from rank 15
2024-08-01 07:56:27,614 INFO Accepting from rank 15
2024-08-01 07:56:27,614 INFO Accepting from rank 15
2024-08-01 07:56:27,614 INFO Accepting from rank 15
2024-08-01 07:56:27,614 INFO Accepting from rank 15
2024-08-01 07:56:27,614 INFO Accepting from rank 15
2024-08-01 07:56:27,614 INFO Accepting from rank 15
2024-08-01 07:56:27,614 INFO Accepting from rank 15
2024-08-01 07:56:27,614 INFO Accepting from rank 15
2024-08-01 07:56:27,614 INFO Accepting from rank 15
2024-08-01 07:56:27,614 INFO Accepting from rank 15
2024-08-01 07:56:27,614 INFO sent 14 -> 15 # 0 at 225829313, 0.982259 0.509145
2024-08-01 07:56:27,614 INFO Accepting from rank 15
2024-08-01 07:56:27,614 INFO Accepting from rank 15
2024-08-01 07:56:27,614 INFO recv 14 -> 15 # 0 at 245100402, 0.982259 0.509145
2024-08-01 07:56:27,614 INFO Accepting from rank 15
2024-08-01 07:56:27,615 INFO Accepting from rank 15
2024-08-01 07:56:27,615 INFO Sending from rank 15
2024-08-01 07:56:27,656 INFO CHECKSUM 15 0 0: 1.043008
2024-08-01 07:56:27,656 INFO CHECKSUM 15 0 0: 1.043008
2024-08-01 07:56:27,677 INFO recv 15 -> 0 # 0 at 35920399, 0.594000 0.816238
2024-08-01 07:56:27,677 INFO sent 15 -> 0 # 0 at 14009876, 0.594000 0.816238
2024-08-01 07:56:27,704 INFO CHECKSUM 15 1 0: 1.043008
2024-08-01 07:56:27,704 INFO CHECKSUM 15 1 0: 1.043008
2024-08-01 07:56:27,717 INFO recv 15 -> 1 # 0 at 27951086, 0.594000 0.816238
2024-08-01 07:56:27,717 INFO sent 15 -> 1 # 0 at 14523441, 0.594000 0.816238
2024-08-01 07:56:27,745 INFO CHECKSUM 15 2 0: 1.043008
2024-08-01 07:56:27,744 INFO CHECKSUM 15 2 0: 1.043008
2024-08-01 07:56:27,753 INFO recv 15 -> 2 # 0 at 23379950, 0.594000 0.816238
2024-08-01 07:56:27,753 INFO sent 15 -> 2 # 0 at 17424405, 0.594000 0.816238
2024-08-01 07:56:27,775 INFO CHECKSUM 15 3 0: 1.043008
2024-08-01 07:56:27,775 INFO CHECKSUM 15 3 0: 1.043008
2024-08-01 07:56:27,798 INFO recv 15 -> 3 # 0 at 37256286, 0.594000 0.816238
2024-08-01 07:56:27,798 INFO sent 15 -> 3 # 0 at 13978104, 0.594000 0.816238
2024-08-01 07:56:27,824 INFO CHECKSUM 15 4 0: 1.043008
2024-08-01 07:56:27,823 INFO CHECKSUM 15 4 0: 1.043008
2024-08-01 07:56:27,834 INFO recv 15 -> 4 # 0 at 32626152, 0.594000 0.816238
2024-08-01 07:56:27,834 INFO sent 15 -> 4 # 0 at 21950334, 0.594000 0.816238
2024-08-01 07:56:27,939 INFO CHECKSUM 15 5 0: 1.043008
2024-08-01 07:56:27,940 INFO CHECKSUM 15 5 0: 1.043008
2024-08-01 07:56:27,952 INFO sent 15 -> 5 # 0 at 93357624, 0.594000 0.816238
2024-08-01 07:56:27,958 INFO recv 15 -> 5 # 0 at 111993721, 0.594000 0.816238
2024-08-01 07:56:27,976 INFO CHECKSUM 15 6 0: 1.043008
2024-08-01 07:56:27,984 INFO CHECKSUM 15 6 0: 1.043008
2024-08-01 07:56:27,994 INFO recv 15 -> 6 # 0 at 31934411, 0.594000 0.816238
2024-08-01 07:56:27,994 INFO sent 15 -> 6 # 0 at 14466921, 0.594000 0.816238
2024-08-01 07:56:28,020 INFO CHECKSUM 15 7 0: 1.043008
2024-08-01 07:56:28,020 INFO CHECKSUM 15 7 0: 1.043008
2024-08-01 07:56:28,037 INFO recv 15 -> 7 # 0 at 31339248, 0.594000 0.816238
2024-08-01 07:56:28,037 INFO sent 15 -> 7 # 0 at 13855608, 0.594000 0.816238
2024-08-01 07:56:28,053 INFO CHECKSUM 15 8 0: 1.043008
2024-08-01 07:56:28,054 INFO CHECKSUM 15 8 0: 1.043008
2024-08-01 07:56:28,069 INFO recv 15 -> 8 # 0 at 30204250, 0.594000 0.816238
2024-08-01 07:56:28,070 INFO sent 15 -> 8 # 0 at 13895906, 0.594000 0.816238
2024-08-01 07:56:28,104 INFO CHECKSUM 15 9 0: 1.043008
2024-08-01 07:56:28,111 INFO CHECKSUM 15 9 0: 1.043008
2024-08-01 07:56:28,137 INFO recv 15 -> 9 # 0 at 47871938, 0.594000 0.816238
2024-08-01 07:56:28,138 INFO sent 15 -> 9 # 0 at 14436723, 0.594000 0.816238
2024-08-01 07:56:28,242 INFO CHECKSUM 15 10 0: 1.043008
2024-08-01 07:56:28,243 INFO CHECKSUM 15 10 0: 1.043008
2024-08-01 07:56:28,266 INFO sent 15 -> 10 # 0 at 88751308, 0.594000 0.816238
2024-08-01 07:56:28,266 INFO recv 15 -> 10 # 0 at 112872316, 0.594000 0.816238
2024-08-01 07:56:28,312 INFO CHECKSUM 15 11 0: 1.043008
2024-08-01 07:56:28,313 INFO CHECKSUM 15 11 0: 1.043008
2024-08-01 07:56:28,342 INFO sent 15 -> 11 # 0 at 28752411, 0.594000 0.816238
2024-08-01 07:56:28,345 INFO recv 15 -> 11 # 0 at 61644295, 0.594000 0.816238
2024-08-01 07:56:28,360 INFO CHECKSUM 15 12 0: 1.043008
2024-08-01 07:56:28,360 INFO CHECKSUM 15 12 0: 1.043008
2024-08-01 07:56:28,378 INFO sent 15 -> 12 # 0 at 13984036, 0.594000 0.816238
2024-08-01 07:56:28,378 INFO recv 15 -> 12 # 0 at 31662603, 0.594000 0.816238
2024-08-01 07:56:28,408 INFO CHECKSUM 15 13 0: 1.043008
2024-08-01 07:56:28,408 INFO CHECKSUM 15 13 0: 1.043008
2024-08-01 07:56:28,425 INFO recv 15 -> 13 # 0 at 30748544, 0.594000 0.816238
2024-08-01 07:56:28,425 INFO sent 15 -> 13 # 0 at 13839707, 0.594000 0.816238
2024-08-01 07:56:28,452 INFO CHECKSUM 15 14 0: 1.043008
2024-08-01 07:56:28,452 INFO CHECKSUM 15 14 0: 1.043008
2024-08-01 07:56:28,473 INFO Rank 0 start All-Reduce
2024-08-01 07:56:28,473 INFO Rank 4 start All-Reduce
2024-08-01 07:56:28,473 INFO Rank 12 start All-Reduce
2024-08-01 07:56:28,473 INFO Rank 8 start All-Reduce
2024-08-01 07:56:28,473 INFO Rank 0 HIT BARRIER
2024-08-01 07:56:28,474 INFO Rank 5 start All-Reduce
2024-08-01 07:56:28,473 INFO Rank 9 start All-Reduce
2024-08-01 07:56:28,473 INFO Rank 1 start All-Reduce
2024-08-01 07:56:28,474 INFO Rank 1 HIT BARRIER
2024-08-01 07:56:28,474 INFO Rank 6 start All-Reduce
2024-08-01 07:56:28,473 INFO Rank 13 start All-Reduce
2024-08-01 07:56:28,473 INFO Rank 10 start All-Reduce
2024-08-01 07:56:28,473 INFO Rank 2 start All-Reduce
2024-08-01 07:56:28,474 INFO Rank 2 HIT BARRIER
2024-08-01 07:56:28,474 INFO Rank 7 start All-Reduce
2024-08-01 07:56:28,473 INFO recv 15 -> 14 # 0 at 35077383, 0.594000 0.816238
2024-08-01 07:56:28,473 INFO Rank 11 start All-Reduce
2024-08-01 07:56:28,473 INFO Rank 3 start All-Reduce
2024-08-01 07:56:28,474 INFO Rank 3 HIT BARRIER
2024-08-01 07:56:28,473 INFO sent 15 -> 14 # 0 at 13982683, 0.594000 0.816238
2024-08-01 07:56:28,473 INFO Rank 14 start All-Reduce
2024-08-01 07:56:28,473 INFO Rank 15 start All-Reduce
2024-08-01 07:56:28,486 INFO Added key: store_based_barrier_key:2 to store for rank: 11
2024-08-01 07:56:28,486 INFO Added key: store_based_barrier_key:2 to store for rank: 14
2024-08-01 07:56:28,486 INFO Added key: store_based_barrier_key:2 to store for rank: 3
2024-08-01 07:56:28,486 INFO Added key: store_based_barrier_key:2 to store for rank: 6
2024-08-01 07:56:28,486 INFO Added key: store_based_barrier_key:2 to store for rank: 10
2024-08-01 07:56:28,486 INFO Added key: store_based_barrier_key:2 to store for rank: 1
2024-08-01 07:56:28,486 INFO Added key: store_based_barrier_key:2 to store for rank: 7
2024-08-01 07:56:28,486 INFO Added key: store_based_barrier_key:2 to store for rank: 15
2024-08-01 07:56:28,486 INFO Added key: store_based_barrier_key:2 to store for rank: 8
2024-08-01 07:56:28,486 INFO Added key: store_based_barrier_key:2 to store for rank: 2
2024-08-01 07:56:28,486 INFO Added key: store_based_barrier_key:2 to store for rank: 4
2024-08-01 07:56:28,486 INFO Added key: store_based_barrier_key:2 to store for rank: 12
2024-08-01 07:56:28,486 INFO Added key: store_based_barrier_key:2 to store for rank: 9
2024-08-01 07:56:28,487 INFO Added key: store_based_barrier_key:2 to store for rank: 0
2024-08-01 07:56:28,486 INFO Added key: store_based_barrier_key:2 to store for rank: 5
2024-08-01 07:56:28,486 INFO Added key: store_based_barrier_key:2 to store for rank: 13
2024-08-01 07:56:28,487 INFO Rank 0: Completed store-based barrier for key:store_based_barrier_key:2 with 16 nodes.
2024-08-01 07:56:28,487 INFO Made group
2024-08-01 07:56:28,496 INFO Rank 3: Completed store-based barrier for key:store_based_barrier_key:2 with 16 nodes.
2024-08-01 07:56:28,496 INFO Rank 11: Completed store-based barrier for key:store_based_barrier_key:2 with 16 nodes.
2024-08-01 07:56:28,496 INFO Made group
2024-08-01 07:56:28,496 INFO Rank 1: Completed store-based barrier for key:store_based_barrier_key:2 with 16 nodes.
2024-08-01 07:56:28,496 INFO Rank 4: Completed store-based barrier for key:store_based_barrier_key:2 with 16 nodes.
2024-08-01 07:56:28,496 INFO Rank 14: Completed store-based barrier for key:store_based_barrier_key:2 with 16 nodes.
2024-08-01 07:56:28,497 INFO Made group
2024-08-01 07:56:28,496 INFO Rank 6: Completed store-based barrier for key:store_based_barrier_key:2 with 16 nodes.
2024-08-01 07:56:28,497 INFO Rank 2: Completed store-based barrier for key:store_based_barrier_key:2 with 16 nodes.
2024-08-01 07:56:28,497 INFO Rank 7: Completed store-based barrier for key:store_based_barrier_key:2 with 16 nodes.
2024-08-01 07:56:28,497 INFO Rank 13: Completed store-based barrier for key:store_based_barrier_key:2 with 16 nodes.
2024-08-01 07:56:28,496 INFO Rank 10: Completed store-based barrier for key:store_based_barrier_key:2 with 16 nodes.
2024-08-01 07:56:28,497 INFO Made group
2024-08-01 07:56:28,497 INFO Rank 5: Completed store-based barrier for key:store_based_barrier_key:2 with 16 nodes.
2024-08-01 07:56:28,497 INFO Rank 15: Completed store-based barrier for key:store_based_barrier_key:2 with 16 nodes.
2024-08-01 07:56:28,497 INFO Rank 8: Completed store-based barrier for key:store_based_barrier_key:2 with 16 nodes.
2024-08-01 07:56:28,497 INFO Rank 12: Completed store-based barrier for key:store_based_barrier_key:2 with 16 nodes.
2024-08-01 07:56:28,497 INFO Rank 9: Completed store-based barrier for key:store_based_barrier_key:2 with 16 nodes.
2024-08-01 07:56:28,779 INFO Node Reduce CHECKSUM 0: 5.331605
2024-08-01 07:56:28,781 INFO Node Reduce CHECKSUM 1: 5.331605
2024-08-01 07:56:28,784 INFO Node Reduce CHECKSUM 2: 5.331605
2024-08-01 07:56:28,797 INFO Rank 4 HIT BARRIER
2024-08-01 07:56:28,721 INFO Node Reduce CHECKSUM 3: 5.331605
2024-08-01 07:56:28,797 INFO Rank 5 HIT BARRIER
2024-08-01 07:56:28,797 INFO Node Reduce rank 0 at 311991980
2024-08-01 07:56:28,797 INFO Rank 6 HIT BARRIER
2024-08-01 07:56:28,797 INFO Node Reduce rank 1 at 311976821
2024-08-01 07:56:28,797 INFO Rank 7 HIT BARRIER
2024-08-01 07:56:28,797 INFO Node Reduce rank 2 at 311975990
2024-08-01 07:56:28,797 INFO Node Reduce rank 3 at 311976210
2024-08-01 07:56:28,808 INFO Added key: store_based_barrier_key:3 to store for rank: 3
2024-08-01 07:56:28,808 INFO Added key: store_based_barrier_key:3 to store for rank: 1
2024-08-01 07:56:28,808 INFO Added key: store_based_barrier_key:3 to store for rank: 11
2024-08-01 07:56:28,808 INFO Added key: store_based_barrier_key:3 to store for rank: 2
2024-08-01 07:56:28,808 INFO Added key: store_based_barrier_key:3 to store for rank: 6
2024-08-01 07:56:28,808 INFO Added key: store_based_barrier_key:3 to store for rank: 14
2024-08-01 07:56:28,808 INFO Added key: store_based_barrier_key:3 to store for rank: 8
2024-08-01 07:56:28,808 INFO Added key: store_based_barrier_key:3 to store for rank: 4
2024-08-01 07:56:28,808 INFO Added key: store_based_barrier_key:3 to store for rank: 15
2024-08-01 07:56:28,808 INFO Added key: store_based_barrier_key:3 to store for rank: 9
2024-08-01 07:56:28,809 INFO Added key: store_based_barrier_key:3 to store for rank: 0
2024-08-01 07:56:28,808 INFO Added key: store_based_barrier_key:3 to store for rank: 5
2024-08-01 07:56:28,808 INFO Added key: store_based_barrier_key:3 to store for rank: 13
2024-08-01 07:56:28,808 INFO Added key: store_based_barrier_key:3 to store for rank: 10
2024-08-01 07:56:28,809 INFO Rank 0: Completed store-based barrier for key:store_based_barrier_key:3 with 16 nodes.
2024-08-01 07:56:28,808 INFO Added key: store_based_barrier_key:3 to store for rank: 7
2024-08-01 07:56:28,809 INFO Added key: store_based_barrier_key:3 to store for rank: 12
2024-08-01 07:56:28,809 INFO Rank 12: Completed store-based barrier for key:store_based_barrier_key:3 with 16 nodes.
2024-08-01 07:56:28,818 INFO Rank 3: Completed store-based barrier for key:store_based_barrier_key:3 with 16 nodes.
2024-08-01 07:56:28,818 INFO Rank 1: Completed store-based barrier for key:store_based_barrier_key:3 with 16 nodes.
2024-08-01 07:56:28,818 INFO Rank 11: Completed store-based barrier for key:store_based_barrier_key:3 with 16 nodes.
2024-08-01 07:56:28,819 INFO Rank 2: Completed store-based barrier for key:store_based_barrier_key:3 with 16 nodes.
2024-08-01 07:56:28,819 INFO Rank 13: Completed store-based barrier for key:store_based_barrier_key:3 with 16 nodes.
2024-08-01 07:56:28,819 INFO Rank 8: Completed store-based barrier for key:store_based_barrier_key:3 with 16 nodes.
2024-08-01 07:56:28,819 INFO Rank 14: Completed store-based barrier for key:store_based_barrier_key:3 with 16 nodes.
2024-08-01 07:56:28,819 INFO Rank 9: Completed store-based barrier for key:store_based_barrier_key:3 with 16 nodes.
2024-08-01 07:56:28,819 INFO Rank 15: Completed store-based barrier for key:store_based_barrier_key:3 with 16 nodes.
2024-08-01 07:56:28,819 INFO Rank 10: Completed store-based barrier for key:store_based_barrier_key:3 with 16 nodes.
2024-08-01 07:56:28,820 INFO Rank 4: Completed store-based barrier for key:store_based_barrier_key:3 with 16 nodes.
2024-08-01 07:56:28,820 INFO Rank 6: Completed store-based barrier for key:store_based_barrier_key:3 with 16 nodes.
2024-08-01 07:56:28,820 INFO Made group
2024-08-01 07:56:28,820 INFO Rank 7: Completed store-based barrier for key:store_based_barrier_key:3 with 16 nodes.
2024-08-01 07:56:28,820 INFO Made group
2024-08-01 07:56:28,820 INFO Rank 5: Completed store-based barrier for key:store_based_barrier_key:3 with 16 nodes.
2024-08-01 07:56:28,820 INFO Made group
2024-08-01 07:56:28,820 INFO Made group
2024-08-01 07:56:29,109 INFO Node Reduce CHECKSUM 5: 5.532243
2024-08-01 07:56:29,113 INFO Node Reduce CHECKSUM 6: 5.532243
2024-08-01 07:56:29,126 INFO Rank 8 HIT BARRIER
2024-08-01 07:56:29,051 INFO Node Reduce CHECKSUM 7: 5.532243
2024-08-01 07:56:29,105 INFO Node Reduce CHECKSUM 4: 5.532243
2024-08-01 07:56:29,126 INFO Rank 9 HIT BARRIER
2024-08-01 07:56:29,126 INFO Node Reduce rank 4 at 318000146
2024-08-01 07:56:29,126 INFO Rank 10 HIT BARRIER
2024-08-01 07:56:29,126 INFO Node Reduce rank 5 at 318011879
2024-08-01 07:56:29,126 INFO Rank 11 HIT BARRIER
2024-08-01 07:56:29,126 INFO Node Reduce rank 6 at 317995707
2024-08-01 07:56:29,126 INFO Node Reduce rank 7 at 318004835
2024-08-01 07:56:29,131 INFO Added key: store_based_barrier_key:4 to store for rank: 3
2024-08-01 07:56:29,131 INFO Added key: store_based_barrier_key:4 to store for rank: 1
2024-08-01 07:56:29,131 INFO Added key: store_based_barrier_key:4 to store for rank: 4
2024-08-01 07:56:29,131 INFO Added key: store_based_barrier_key:4 to store for rank: 13
2024-08-01 07:56:29,131 INFO Added key: store_based_barrier_key:4 to store for rank: 11
2024-08-01 07:56:29,131 INFO Added key: store_based_barrier_key:4 to store for rank: 2
2024-08-01 07:56:29,131 INFO Added key: store_based_barrier_key:4 to store for rank: 14
2024-08-01 07:56:29,131 INFO Added key: store_based_barrier_key:4 to store for rank: 10
2024-08-01 07:56:29,131 INFO Rank 2: Completed store-based barrier for key:store_based_barrier_key:4 with 16 nodes.
2024-08-01 07:56:29,131 INFO Added key: store_based_barrier_key:4 to store for rank: 6
2024-08-01 07:56:29,131 INFO Added key: store_based_barrier_key:4 to store for rank: 8
2024-08-01 07:56:29,131 INFO Added key: store_based_barrier_key:4 to store for rank: 0
2024-08-01 07:56:29,131 INFO Added key: store_based_barrier_key:4 to store for rank: 7
2024-08-01 07:56:29,131 INFO Added key: store_based_barrier_key:4 to store for rank: 15
2024-08-01 07:56:29,131 INFO Added key: store_based_barrier_key:4 to store for rank: 9
2024-08-01 07:56:29,132 INFO Rank 0: Completed store-based barrier for key:store_based_barrier_key:4 with 16 nodes.
2024-08-01 07:56:29,131 INFO Rank 4: Completed store-based barrier for key:store_based_barrier_key:4 with 16 nodes.
2024-08-01 07:56:29,131 INFO Added key: store_based_barrier_key:4 to store for rank: 12
2024-08-01 07:56:29,131 INFO Rank 8: Completed store-based barrier for key:store_based_barrier_key:4 with 16 nodes.
2024-08-01 07:56:29,131 INFO Added key: store_based_barrier_key:4 to store for rank: 5
2024-08-01 07:56:29,131 INFO Rank 13: Completed store-based barrier for key:store_based_barrier_key:4 with 16 nodes.
2024-08-01 07:56:29,131 INFO Made group
2024-08-01 07:56:29,131 INFO Rank 6: Completed store-based barrier for key:store_based_barrier_key:4 with 16 nodes.
2024-08-01 07:56:29,131 INFO Rank 15: Completed store-based barrier for key:store_based_barrier_key:4 with 16 nodes.
2024-08-01 07:56:29,131 INFO Rank 9: Completed store-based barrier for key:store_based_barrier_key:4 with 16 nodes.
2024-08-01 07:56:29,131 INFO Rank 7: Completed store-based barrier for key:store_based_barrier_key:4 with 16 nodes.
2024-08-01 07:56:29,131 INFO Rank 12: Completed store-based barrier for key:store_based_barrier_key:4 with 16 nodes.
2024-08-01 07:56:29,131 INFO Made group
2024-08-01 07:56:29,131 INFO Rank 5: Completed store-based barrier for key:store_based_barrier_key:4 with 16 nodes.
2024-08-01 07:56:29,141 INFO Rank 3: Completed store-based barrier for key:store_based_barrier_key:4 with 16 nodes.
2024-08-01 07:56:29,141 INFO Rank 1: Completed store-based barrier for key:store_based_barrier_key:4 with 16 nodes.
2024-08-01 07:56:29,141 INFO Rank 11: Completed store-based barrier for key:store_based_barrier_key:4 with 16 nodes.
2024-08-01 07:56:29,141 INFO Made group
2024-08-01 07:56:29,141 INFO Rank 10: Completed store-based barrier for key:store_based_barrier_key:4 with 16 nodes.
2024-08-01 07:56:29,141 INFO Rank 14: Completed store-based barrier for key:store_based_barrier_key:4 with 16 nodes.
2024-08-01 07:56:29,141 INFO Made group
2024-08-01 07:56:29,488 INFO Node Reduce CHECKSUM 9: 5.843486
2024-08-01 07:56:29,492 INFO Node Reduce CHECKSUM 10: 5.843486
2024-08-01 07:56:29,429 INFO Node Reduce CHECKSUM 8: 5.843486
2024-08-01 07:56:29,428 INFO Node Reduce CHECKSUM 11: 5.843486
2024-08-01 07:56:29,506 INFO Rank 12 HIT BARRIER
2024-08-01 07:56:29,506 INFO Node Reduce rank 8 at 375725689
2024-08-01 07:56:29,506 INFO Rank 13 HIT BARRIER
2024-08-01 07:56:29,506 INFO Node Reduce rank 11 at 375732973
2024-08-01 07:56:29,506 INFO Rank 14 HIT BARRIER
2024-08-01 07:56:29,506 INFO Node Reduce rank 9 at 375715009
2024-08-01 07:56:29,506 INFO Rank 15 HIT BARRIER
2024-08-01 07:56:29,506 INFO Node Reduce rank 10 at 375733074
2024-08-01 07:56:29,514 INFO Added key: store_based_barrier_key:5 to store for rank: 3
2024-08-01 07:56:29,514 INFO Added key: store_based_barrier_key:5 to store for rank: 1
2024-08-01 07:56:29,514 INFO Added key: store_based_barrier_key:5 to store for rank: 4
2024-08-01 07:56:29,514 INFO Added key: store_based_barrier_key:5 to store for rank: 14
2024-08-01 07:56:29,514 INFO Added key: store_based_barrier_key:5 to store for rank: 11
2024-08-01 07:56:29,514 INFO Added key: store_based_barrier_key:5 to store for rank: 2
2024-08-01 07:56:29,514 INFO Added key: store_based_barrier_key:5 to store for rank: 6
2024-08-01 07:56:29,514 INFO Added key: store_based_barrier_key:5 to store for rank: 10
2024-08-01 07:56:29,514 INFO Rank 3: Completed store-based barrier for key:store_based_barrier_key:5 with 16 nodes.
2024-08-01 07:56:29,514 INFO Added key: store_based_barrier_key:5 to store for rank: 7
2024-08-01 07:56:29,514 INFO Added key: store_based_barrier_key:5 to store for rank: 8
2024-08-01 07:56:29,514 INFO Rank 1: Completed store-based barrier for key:store_based_barrier_key:5 with 16 nodes.
2024-08-01 07:56:29,514 INFO Added key: store_based_barrier_key:5 to store for rank: 5
2024-08-01 07:56:29,514 INFO Added key: store_based_barrier_key:5 to store for rank: 15
2024-08-01 07:56:29,514 INFO Added key: store_based_barrier_key:5 to store for rank: 9
2024-08-01 07:56:29,514 INFO Rank 2: Completed store-based barrier for key:store_based_barrier_key:5 with 16 nodes.
2024-08-01 07:56:29,514 INFO Rank 4: Completed store-based barrier for key:store_based_barrier_key:5 with 16 nodes.
2024-08-01 07:56:29,514 INFO Added key: store_based_barrier_key:5 to store for rank: 12
2024-08-01 07:56:29,514 INFO Rank 11: Completed store-based barrier for key:store_based_barrier_key:5 with 16 nodes.
2024-08-01 07:56:29,514 INFO Added key: store_based_barrier_key:5 to store for rank: 0
2024-08-01 07:56:29,514 INFO Rank 5: Completed store-based barrier for key:store_based_barrier_key:5 with 16 nodes.
2024-08-01 07:56:29,514 INFO Added key: store_based_barrier_key:5 to store for rank: 13
2024-08-01 07:56:29,514 INFO Rank 10: Completed store-based barrier for key:store_based_barrier_key:5 with 16 nodes.
2024-08-01 07:56:29,514 INFO Rank 0: Completed store-based barrier for key:store_based_barrier_key:5 with 16 nodes.
2024-08-01 07:56:29,514 INFO Rank 6: Completed store-based barrier for key:store_based_barrier_key:5 with 16 nodes.
2024-08-01 07:56:29,514 INFO Rank 12: Completed store-based barrier for key:store_based_barrier_key:5 with 16 nodes.
2024-08-01 07:56:29,514 INFO Rank 8: Completed store-based barrier for key:store_based_barrier_key:5 with 16 nodes.
2024-08-01 07:56:29,514 INFO Rank 7: Completed store-based barrier for key:store_based_barrier_key:5 with 16 nodes.
2024-08-01 07:56:29,514 INFO Rank 13: Completed store-based barrier for key:store_based_barrier_key:5 with 16 nodes.
2024-08-01 07:56:29,514 INFO Rank 9: Completed store-based barrier for key:store_based_barrier_key:5 with 16 nodes.
2024-08-01 07:56:29,514 INFO Rank 14: Completed store-based barrier for key:store_based_barrier_key:5 with 16 nodes.
2024-08-01 07:56:29,514 INFO Made group
2024-08-01 07:56:29,514 INFO Rank 15: Completed store-based barrier for key:store_based_barrier_key:5 with 16 nodes.
2024-08-01 07:56:29,514 INFO Made group
2024-08-01 07:56:29,514 INFO Made group
2024-08-01 07:56:29,514 INFO Made group
2024-08-01 07:56:29,779 INFO Node Reduce CHECKSUM 13: 7.850975
2024-08-01 07:56:29,781 INFO Node Reduce CHECKSUM 14: 7.850975
2024-08-01 07:56:29,778 INFO Node Reduce CHECKSUM 15: 7.850975
2024-08-01 07:56:29,778 INFO Node Reduce CHECKSUM 12: 7.850975
2024-08-01 07:56:29,797 INFO Node Reduce rank 12 at 283925248
2024-08-01 07:56:29,797 INFO Node Reduce rank 13 at 283898105
2024-08-01 07:56:29,797 INFO Node Reduce rank 14 at 283897475
2024-08-01 07:56:29,797 INFO Node Reduce rank 15 at 283930779
2024-08-01 07:56:29,815 INFO All Reduce CHECKSUM 0: 22.304092
2024-08-01 07:56:29,815 INFO All Reduce CHECKSUM 4: 22.304092
2024-08-01 07:56:29,815 INFO All Reduce CHECKSUM 1: 22.304092
2024-08-01 07:56:29,819 INFO All Reduce CHECKSUM 12: 22.304092
2024-08-01 07:56:29,815 INFO All Reduce CHECKSUM 8: 22.304092
2024-08-01 07:56:29,815 INFO All Reduce CHECKSUM 2: 22.304092
2024-08-01 07:56:29,815 INFO All Reduce CHECKSUM 5: 22.304092
2024-08-01 07:56:29,810 INFO All Reduce CHECKSUM 13: 22.304092
2024-08-01 07:56:29,815 INFO All Reduce CHECKSUM 9: 22.304092
2024-08-01 07:56:29,815 INFO All Reduce CHECKSUM 3: 22.304092
2024-08-01 07:56:29,815 INFO All Reduce CHECKSUM 6: 22.304092
2024-08-01 07:56:29,815 INFO All Reduce CHECKSUM 14: 22.304092
2024-08-01 07:56:29,810 INFO All Reduce CHECKSUM 10: 22.304092
2024-08-01 07:56:29,815 INFO All Reduce CHECKSUM 7: 22.304092
2024-08-01 07:56:29,815 INFO All Reduce CHECKSUM 15: 22.304092
2024-08-01 07:56:29,816 INFO All Reduce CHECKSUM 11: 22.304092
2024-08-01 07:56:29,831 INFO All Reduce rank 0 at 20613934
2024-08-01 07:56:29,831 INFO Rank 0 done
2024-08-01 07:56:29,831 INFO All Reduce rank 4 at 20904785
2024-08-01 07:56:29,831 INFO All Reduce rank 14 at 20754581
2024-08-01 07:56:29,831 INFO All Reduce rank 8 at 20911454
2024-08-01 07:56:29,831 INFO All Reduce rank 1 at 21216937
2024-08-01 07:56:29,831 INFO Rank 4 done
2024-08-01 07:56:29,831 INFO All Reduce rank 12 at 20942565
2024-08-01 07:56:29,831 INFO All Reduce rank 9 at 18938523
2024-08-01 07:56:29,831 INFO All Reduce rank 2 at 21218639
2024-08-01 07:56:29,831 INFO All Reduce rank 6 at 21215457
2024-08-01 07:56:29,831 INFO Rank 14 done
2024-08-01 07:56:29,831 INFO All Reduce rank 11 at 18936389
2024-08-01 07:56:29,831 INFO All Reduce rank 3 at 21218059
2024-08-01 07:56:29,831 INFO Rank 6 done
2024-08-01 07:56:29,831 INFO Rank 12 done
2024-08-01 07:56:29,831 INFO Rank 8 done
2024-08-01 07:56:29,831 INFO Rank 1 done
2024-08-01 07:56:29,831 INFO All Reduce rank 5 at 21382621
2024-08-01 07:56:29,831 INFO All Reduce rank 13 at 21053279
2024-08-01 07:56:29,831 INFO All Reduce rank 10 at 20816480
2024-08-01 07:56:29,831 INFO Rank 2 done
2024-08-01 07:56:29,831 INFO All Reduce rank 7 at 21385858
2024-08-01 07:56:29,831 INFO All Reduce rank 15 at 21052026
2024-08-01 07:56:29,831 INFO Rank 9 done
2024-08-01 07:56:29,831 INFO Rank 3 done
2024-08-01 07:56:29,831 INFO Rank 5 done
2024-08-01 07:56:29,831 INFO Rank 13 done
2024-08-01 07:56:29,831 INFO Rank 11 done
2024-08-01 07:56:29,831 INFO Rank 7 done
2024-08-01 07:56:29,831 INFO Rank 15 done
2024-08-01 07:56:29,831 INFO Rank 10 done
