
srun: Job 27947338 step creation temporarily disabled, retrying (Requested nodes are busy)
srun: Step created for StepId=27947338.3
2024-07-11 06:10:07,138 INFO Initialized rank 0 out of 16
2024-07-11 06:10:07,150 INFO Initialized rank 15 out of 16
2024-07-11 06:10:07,150 INFO Initialized rank 13 out of 16
2024-07-11 06:10:07,150 INFO Initialized rank 6 out of 16
2024-07-11 06:10:07,150 INFO Initialized rank 12 out of 16
2024-07-11 06:10:07,150 INFO Initialized rank 9 out of 16
2024-07-11 06:10:07,151 INFO Initialized rank 7 out of 16
2024-07-11 06:10:07,150 INFO Initialized rank 14 out of 16
2024-07-11 06:10:07,150 INFO Initialized rank 8 out of 16
2024-07-11 06:10:07,151 INFO Initialized rank 4 out of 16
2024-07-11 06:10:07,151 INFO Initialized rank 3 out of 16
2024-07-11 06:10:07,151 INFO Initialized rank 10 out of 16
2024-07-11 06:10:07,151 INFO Initialized rank 5 out of 16
2024-07-11 06:10:07,151 INFO Initialized rank 2 out of 16
2024-07-11 06:10:07,151 INFO Initialized rank 11 out of 16
2024-07-11 06:10:07,151 INFO Initialized rank 1 out of 16
2024-07-11 06:10:09,575 INFO Sync time
2024-07-11 06:10:09,575 INFO Sending from rank 0
2024-07-11 06:10:09,576 INFO Sync time
2024-07-11 06:10:09,576 INFO Sync time
2024-07-11 06:10:09,576 INFO Sync time
2024-07-11 06:10:09,576 INFO Accepting from rank 0
2024-07-11 06:10:09,576 INFO Sync time
2024-07-11 06:10:09,576 INFO Sync time
2024-07-11 06:10:09,576 INFO Sync time
2024-07-11 06:10:09,576 INFO Sync time
2024-07-11 06:10:09,576 INFO Sync time
2024-07-11 06:10:09,576 INFO Sync time
2024-07-11 06:10:09,576 INFO Accepting from rank 0
2024-07-11 06:10:09,576 INFO Accepting from rank 0
2024-07-11 06:10:09,576 INFO Accepting from rank 0
2024-07-11 06:10:09,576 INFO Accepting from rank 0
2024-07-11 06:10:09,576 INFO Accepting from rank 0
2024-07-11 06:10:09,576 INFO Accepting from rank 0
2024-07-11 06:10:09,576 INFO Accepting from rank 0
2024-07-11 06:10:09,576 INFO Accepting from rank 0
2024-07-11 06:10:09,578 INFO Sync time
2024-07-11 06:10:09,578 INFO Sync time
2024-07-11 06:10:09,578 INFO Accepting from rank 0
2024-07-11 06:10:09,578 INFO Sync time
2024-07-11 06:10:09,578 INFO Sync time
2024-07-11 06:10:09,578 INFO Accepting from rank 0
2024-07-11 06:10:09,578 INFO Accepting from rank 0
2024-07-11 06:10:09,578 INFO Accepting from rank 0
2024-07-11 06:10:09,587 INFO Sync time
2024-07-11 06:10:09,587 INFO Sync time
2024-07-11 06:10:09,588 INFO Accepting from rank 0
2024-07-11 06:10:09,588 INFO Accepting from rank 0
2024-07-11 06:10:09,851 INFO CHECKSUM 0 1 0: 2.117516
2024-07-11 06:10:09,851 INFO CHECKSUM 0 1 0: 2.117516
2024-07-11 06:10:09,860 INFO sent 0 -> 1 # 0 at 250288404, 0.298505 0.764290
2024-07-11 06:10:09,860 INFO recv 0 -> 1 # 0 at 252301964, 0.298505 0.764290
2024-07-11 06:10:10,086 INFO CHECKSUM 0 2 0: 2.117516
2024-07-11 06:10:10,087 INFO CHECKSUM 0 2 0: 2.117516
2024-07-11 06:10:10,104 INFO sent 0 -> 2 # 0 at 215389544, 0.298505 0.764290
2024-07-11 06:10:10,104 INFO recv 0 -> 2 # 0 at 233724930, 0.298505 0.764290
2024-07-11 06:10:10,333 INFO CHECKSUM 0 3 0: 2.117516
2024-07-11 06:10:10,335 INFO CHECKSUM 0 3 0: 2.117516
2024-07-11 06:10:10,356 INFO sent 0 -> 3 # 0 at 228850558, 0.298505 0.764290
2024-07-11 06:10:10,356 INFO recv 0 -> 3 # 0 at 251560488, 0.298505 0.764290
2024-07-11 06:10:10,545 INFO CHECKSUM 0 4 0: 2.117516
2024-07-11 06:10:10,547 INFO CHECKSUM 0 4 0: 2.117516
2024-07-11 06:10:10,560 INFO recv 0 -> 4 # 0 at 197980216, 0.298505 0.764290
2024-07-11 06:10:10,559 INFO sent 0 -> 4 # 0 at 183512287, 0.298505 0.764290
2024-07-11 06:10:10,696 INFO CHECKSUM 0 5 0: 2.117516
2024-07-11 06:10:10,707 INFO CHECKSUM 0 5 0: 2.117516
2024-07-11 06:10:10,718 INFO sent 0 -> 5 # 0 at 130659982, 0.298505 0.764290
2024-07-11 06:10:10,718 INFO recv 0 -> 5 # 0 at 153174920, 0.298505 0.764290
2024-07-11 06:10:10,892 INFO CHECKSUM 0 6 0: 2.117516
2024-07-11 06:10:10,893 INFO CHECKSUM 0 6 0: 2.117516
2024-07-11 06:10:10,924 INFO sent 0 -> 6 # 0 at 166735420, 0.298505 0.764290
2024-07-11 06:10:10,924 INFO recv 0 -> 6 # 0 at 198322368, 0.298505 0.764290
2024-07-11 06:10:11,134 INFO CHECKSUM 0 7 0: 2.117516
2024-07-11 06:10:11,135 INFO CHECKSUM 0 7 0: 2.117516
2024-07-11 06:10:11,164 INFO sent 0 -> 7 # 0 at 198042142, 0.298505 0.764290
2024-07-11 06:10:11,164 INFO recv 0 -> 7 # 0 at 228000946, 0.298505 0.764290
2024-07-11 06:10:11,397 INFO CHECKSUM 0 8 0: 2.117516
2024-07-11 06:10:11,398 INFO CHECKSUM 0 8 0: 2.117516
2024-07-11 06:10:11,416 INFO sent 0 -> 8 # 0 at 220981216, 0.298505 0.764290
2024-07-11 06:10:11,416 INFO recv 0 -> 8 # 0 at 240311439, 0.298505 0.764290
2024-07-11 06:10:11,634 INFO CHECKSUM 0 9 0: 2.117516
2024-07-11 06:10:11,645 INFO sent 0 -> 9 # 0 at 199289578, 0.298505 0.764290
2024-07-11 06:10:11,636 INFO CHECKSUM 0 9 0: 2.117516
2024-07-11 06:10:11,645 INFO recv 0 -> 9 # 0 at 210895400, 0.298505 0.764290
2024-07-11 06:10:11,852 INFO CHECKSUM 0 10 0: 2.117516
2024-07-11 06:10:11,854 INFO CHECKSUM 0 10 0: 2.117516
2024-07-11 06:10:11,868 INFO sent 0 -> 10 # 0 at 198912347, 0.298505 0.764290
2024-07-11 06:10:11,868 INFO recv 0 -> 10 # 0 at 215049578, 0.298505 0.764290
2024-07-11 06:10:12,084 INFO CHECKSUM 0 11 0: 2.117516
2024-07-11 06:10:12,085 INFO CHECKSUM 0 11 0: 2.117516
2024-07-11 06:10:12,101 INFO sent 0 -> 11 # 0 at 213207688, 0.298505 0.764290
2024-07-11 06:10:12,101 INFO recv 0 -> 11 # 0 at 230687189, 0.298505 0.764290
2024-07-11 06:10:12,338 INFO CHECKSUM 0 12 0: 2.117516
2024-07-11 06:10:12,339 INFO CHECKSUM 0 12 0: 2.117516
2024-07-11 06:10:12,348 INFO sent 0 -> 12 # 0 at 216355555, 0.298505 0.764290
2024-07-11 06:10:12,348 INFO recv 0 -> 12 # 0 at 225829502, 0.298505 0.764290
2024-07-11 06:10:12,533 INFO CHECKSUM 0 13 0: 2.117516
2024-07-11 06:10:12,536 INFO CHECKSUM 0 13 0: 2.117516
2024-07-11 06:10:12,558 INFO sent 0 -> 13 # 0 at 185277136, 0.298505 0.764290
2024-07-11 06:10:12,563 INFO recv 0 -> 13 # 0 at 214505610, 0.298505 0.764290
2024-07-11 06:10:12,785 INFO CHECKSUM 0 14 0: 2.117516
2024-07-11 06:10:12,786 INFO CHECKSUM 0 14 0: 2.117516
2024-07-11 06:10:12,810 INFO recv 0 -> 14 # 0 at 225165339, 0.298505 0.764290
2024-07-11 06:10:12,810 INFO sent 0 -> 14 # 0 at 199699632, 0.298505 0.764290
2024-07-11 06:10:13,045 INFO CHECKSUM 0 15 0: 2.117516
2024-07-11 06:10:13,046 INFO CHECKSUM 0 15 0: 2.117516
2024-07-11 06:10:13,062 INFO Accepting from rank 1
2024-07-11 06:10:13,062 INFO Accepting from rank 1
2024-07-11 06:10:13,062 INFO sent 0 -> 15 # 0 at 225551067, 0.298505 0.764290
2024-07-11 06:10:13,062 INFO Accepting from rank 1
2024-07-11 06:10:13,062 INFO Sending from rank 1
2024-07-11 06:10:13,062 INFO Accepting from rank 1
2024-07-11 06:10:13,062 INFO Accepting from rank 1
2024-07-11 06:10:13,062 INFO Accepting from rank 1
2024-07-11 06:10:13,062 INFO Accepting from rank 1
2024-07-11 06:10:13,062 INFO Accepting from rank 1
2024-07-11 06:10:13,062 INFO Accepting from rank 1
2024-07-11 06:10:13,062 INFO Accepting from rank 1
2024-07-11 06:10:13,062 INFO Accepting from rank 1
2024-07-11 06:10:13,062 INFO Accepting from rank 1
2024-07-11 06:10:13,062 INFO recv 0 -> 15 # 0 at 239695624, 0.298505 0.764290
2024-07-11 06:10:13,062 INFO Accepting from rank 1
2024-07-11 06:10:13,062 INFO Accepting from rank 1
2024-07-11 06:10:13,062 INFO Accepting from rank 1
2024-07-11 06:10:13,121 INFO CHECKSUM 1 0 0: 1.571104
2024-07-11 06:10:13,121 INFO CHECKSUM 1 0 0: 1.571104
2024-07-11 06:10:13,136 INFO recv 1 -> 0 # 0 at 44808796, 0.293114 0.456684
2024-07-11 06:10:13,136 INFO sent 1 -> 0 # 0 at 30420575, 0.293114 0.456684
2024-07-11 06:10:13,285 INFO CHECKSUM 1 2 0: 1.571104
2024-07-11 06:10:13,285 INFO CHECKSUM 1 2 0: 1.571104
2024-07-11 06:10:13,299 INFO sent 1 -> 2 # 0 at 131383904, 0.293114 0.456684
2024-07-11 06:10:13,299 INFO recv 1 -> 2 # 0 at 145789918, 0.293114 0.456684
2024-07-11 06:10:13,532 INFO CHECKSUM 1 3 0: 1.571104
2024-07-11 06:10:13,533 INFO CHECKSUM 1 3 0: 1.571104
2024-07-11 06:10:13,545 INFO sent 1 -> 3 # 0 at 210191345, 0.293114 0.456684
2024-07-11 06:10:13,545 INFO recv 1 -> 3 # 0 at 223067045, 0.293114 0.456684
2024-07-11 06:10:13,736 INFO CHECKSUM 1 4 0: 1.571104
2024-07-11 06:10:13,737 INFO CHECKSUM 1 4 0: 1.571104
2024-07-11 06:10:13,756 INFO recv 1 -> 4 # 0 at 200706314, 0.293114 0.456684
2024-07-11 06:10:13,756 INFO sent 1 -> 4 # 0 at 181006072, 0.293114 0.456684
2024-07-11 06:10:13,878 INFO CHECKSUM 1 5 0: 1.571104
2024-07-11 06:10:13,878 INFO CHECKSUM 1 5 0: 1.571104
2024-07-11 06:10:13,896 INFO recv 1 -> 5 # 0 at 130468875, 0.293114 0.456684
2024-07-11 06:10:13,896 INFO sent 1 -> 5 # 0 at 112482069, 0.293114 0.456684
2024-07-11 06:10:14,062 INFO CHECKSUM 1 6 0: 1.571104
2024-07-11 06:10:14,064 INFO CHECKSUM 1 6 0: 1.571104
2024-07-11 06:10:14,075 INFO recv 1 -> 6 # 0 at 177300898, 0.293114 0.456684
2024-07-11 06:10:14,075 INFO sent 1 -> 6 # 0 at 164303109, 0.293114 0.456684
2024-07-11 06:10:14,231 INFO CHECKSUM 1 7 0: 1.571104
2024-07-11 06:10:14,232 INFO CHECKSUM 1 7 0: 1.571104
2024-07-11 06:10:14,245 INFO recv 1 -> 7 # 0 at 137896387, 0.293114 0.456684
2024-07-11 06:10:14,245 INFO sent 1 -> 7 # 0 at 127868494, 0.293114 0.456684
2024-07-11 06:10:14,437 INFO CHECKSUM 1 8 0: 1.571104
2024-07-11 06:10:14,437 INFO CHECKSUM 1 8 0: 1.571104
2024-07-11 06:10:14,456 INFO recv 1 -> 8 # 0 at 180484096, 0.293114 0.456684
2024-07-11 06:10:14,460 INFO sent 1 -> 8 # 0 at 160839169, 0.293114 0.456684
2024-07-11 06:10:14,648 INFO CHECKSUM 1 9 0: 1.571104
2024-07-11 06:10:14,649 INFO CHECKSUM 1 9 0: 1.571104
2024-07-11 06:10:14,681 INFO sent 1 -> 9 # 0 at 187984038, 0.293114 0.456684
2024-07-11 06:10:14,681 INFO recv 1 -> 9 # 0 at 221115520, 0.293114 0.456684
2024-07-11 06:10:14,804 INFO CHECKSUM 1 10 0: 1.571104
2024-07-11 06:10:14,805 INFO CHECKSUM 1 10 0: 1.571104
2024-07-11 06:10:14,821 INFO sent 1 -> 10 # 0 at 110216382, 0.293114 0.456684
2024-07-11 06:10:14,821 INFO recv 1 -> 10 # 0 at 128042307, 0.293114 0.456684
2024-07-11 06:10:15,012 INFO CHECKSUM 1 11 0: 1.571104
2024-07-11 06:10:15,013 INFO CHECKSUM 1 11 0: 1.571104
2024-07-11 06:10:15,027 INFO sent 1 -> 11 # 0 at 187061101, 0.293114 0.456684
2024-07-11 06:10:15,027 INFO recv 1 -> 11 # 0 at 202001391, 0.293114 0.456684
2024-07-11 06:10:15,244 INFO CHECKSUM 1 12 0: 1.571104
2024-07-11 06:10:15,244 INFO CHECKSUM 1 12 0: 1.571104
2024-07-11 06:10:15,276 INFO sent 1 -> 12 # 0 at 203100660, 0.293114 0.456684
2024-07-11 06:10:15,276 INFO recv 1 -> 12 # 0 at 234523323, 0.293114 0.456684
2024-07-11 06:10:15,463 INFO CHECKSUM 1 13 0: 1.571104
2024-07-11 06:10:15,464 INFO CHECKSUM 1 13 0: 1.571104
2024-07-11 06:10:15,482 INFO recv 1 -> 13 # 0 at 176534771, 0.293114 0.456684
2024-07-11 06:10:15,482 INFO sent 1 -> 13 # 0 at 158069594, 0.293114 0.456684
2024-07-11 06:10:15,660 INFO CHECKSUM 1 14 0: 1.571104
2024-07-11 06:10:15,659 INFO CHECKSUM 1 14 0: 1.571104
2024-07-11 06:10:15,676 INFO recv 1 -> 14 # 0 at 180275075, 0.293114 0.456684
2024-07-11 06:10:15,683 INFO sent 1 -> 14 # 0 at 162276684, 0.293114 0.456684
2024-07-11 06:10:15,867 INFO CHECKSUM 1 15 0: 1.571104
2024-07-11 06:10:15,868 INFO CHECKSUM 1 15 0: 1.571104
2024-07-11 06:10:15,883 INFO Accepting from rank 2
2024-07-11 06:10:15,883 INFO Accepting from rank 2
2024-07-11 06:10:15,883 INFO Accepting from rank 2
2024-07-11 06:10:15,883 INFO Accepting from rank 2
2024-07-11 06:10:15,883 INFO Accepting from rank 2
2024-07-11 06:10:15,883 INFO Accepting from rank 2
2024-07-11 06:10:15,883 INFO sent 1 -> 15 # 0 at 167391621, 0.293114 0.456684
2024-07-11 06:10:15,883 INFO Accepting from rank 2
2024-07-11 06:10:15,883 INFO Accepting from rank 2
2024-07-11 06:10:15,883 INFO Sending from rank 2
2024-07-11 06:10:15,883 INFO Accepting from rank 2
2024-07-11 06:10:15,883 INFO Accepting from rank 2
2024-07-11 06:10:15,883 INFO recv 1 -> 15 # 0 at 173747707, 0.293114 0.456684
2024-07-11 06:10:15,883 INFO Accepting from rank 2
2024-07-11 06:10:15,883 INFO Accepting from rank 2
2024-07-11 06:10:15,883 INFO Accepting from rank 2
2024-07-11 06:10:15,883 INFO Accepting from rank 2
2024-07-11 06:10:15,883 INFO Accepting from rank 2
2024-07-11 06:10:15,944 INFO CHECKSUM 2 0 0: 2.203772
2024-07-11 06:10:15,944 INFO CHECKSUM 2 0 0: 2.203772
2024-07-11 06:10:15,960 INFO recv 2 -> 0 # 0 at 50650050, 0.116704 0.982488
2024-07-11 06:10:15,960 INFO sent 2 -> 0 # 0 at 34587056, 0.116704 0.982488
2024-07-11 06:10:15,986 INFO CHECKSUM 2 1 0: 2.203772
2024-07-11 06:10:15,984 INFO CHECKSUM 2 1 0: 2.203772
2024-07-11 06:10:15,992 INFO recv 2 -> 1 # 0 at 29954242, 0.116704 0.982488
2024-07-11 06:10:15,992 INFO sent 2 -> 1 # 0 at 22052656, 0.116704 0.982488
2024-07-11 06:10:16,125 INFO CHECKSUM 2 3 0: 2.203772
2024-07-11 06:10:16,125 INFO CHECKSUM 2 3 0: 2.203772
2024-07-11 06:10:16,141 INFO sent 2 -> 3 # 0 at 131574613, 0.116704 0.982488
2024-07-11 06:10:16,141 INFO recv 2 -> 3 # 0 at 148566055, 0.116704 0.982488
2024-07-11 06:10:16,364 INFO CHECKSUM 2 4 0: 2.203772
2024-07-11 06:10:16,364 INFO CHECKSUM 2 4 0: 2.203772
2024-07-11 06:10:16,392 INFO sent 2 -> 4 # 0 at 198701218, 0.116704 0.982488
2024-07-11 06:10:16,392 INFO recv 2 -> 4 # 0 at 226321240, 0.116704 0.982488
2024-07-11 06:10:16,547 INFO CHECKSUM 2 5 0: 2.203772
2024-07-11 06:10:16,557 INFO CHECKSUM 2 5 0: 2.203772
2024-07-11 06:10:16,571 INFO recv 2 -> 5 # 0 at 176663998, 0.116704 0.982488
2024-07-11 06:10:16,571 INFO sent 2 -> 5 # 0 at 151828255, 0.116704 0.982488
2024-07-11 06:10:16,750 INFO CHECKSUM 2 6 0: 2.203772
2024-07-11 06:10:16,750 INFO CHECKSUM 2 6 0: 2.203772
2024-07-11 06:10:16,773 INFO sent 2 -> 6 # 0 at 168192192, 0.116704 0.982488
2024-07-11 06:10:16,773 INFO recv 2 -> 6 # 0 at 191902352, 0.116704 0.982488
2024-07-11 06:10:16,949 INFO CHECKSUM 2 7 0: 2.203772
2024-07-11 06:10:16,950 INFO CHECKSUM 2 7 0: 2.203772
2024-07-11 06:10:16,966 INFO recv 2 -> 7 # 0 at 178000991, 0.116704 0.982488
2024-07-11 06:10:16,966 INFO sent 2 -> 7 # 0 at 161199486, 0.116704 0.982488
2024-07-11 06:10:17,184 INFO CHECKSUM 2 8 0: 2.203772
2024-07-11 06:10:17,198 INFO sent 2 -> 8 # 0 at 204802727, 0.116704 0.982488
2024-07-11 06:10:17,185 INFO CHECKSUM 2 8 0: 2.203772
2024-07-11 06:10:17,198 INFO recv 2 -> 8 # 0 at 218220296, 0.116704 0.982488
2024-07-11 06:10:17,372 INFO CHECKSUM 2 9 0: 2.203772
2024-07-11 06:10:17,387 INFO sent 2 -> 9 # 0 at 160846794, 0.116704 0.982488
2024-07-11 06:10:17,373 INFO CHECKSUM 2 9 0: 2.203772
2024-07-11 06:10:17,387 INFO recv 2 -> 9 # 0 at 175755949, 0.116704 0.982488
2024-07-11 06:10:17,584 INFO CHECKSUM 2 10 0: 2.203772
2024-07-11 06:10:17,585 INFO CHECKSUM 2 10 0: 2.203772
2024-07-11 06:10:17,598 INFO sent 2 -> 10 # 0 at 184331443, 0.116704 0.982488
2024-07-11 06:10:17,598 INFO recv 2 -> 10 # 0 at 198460909, 0.116704 0.982488
2024-07-11 06:10:17,781 INFO CHECKSUM 2 11 0: 2.203772
2024-07-11 06:10:17,781 INFO CHECKSUM 2 11 0: 2.203772
2024-07-11 06:10:17,804 INFO sent 2 -> 11 # 0 at 170669119, 0.116704 0.982488
2024-07-11 06:10:17,814 INFO recv 2 -> 11 # 0 at 203986357, 0.116704 0.982488
2024-07-11 06:10:18,029 INFO CHECKSUM 2 12 0: 2.203772
2024-07-11 06:10:18,029 INFO CHECKSUM 2 12 0: 2.203772
2024-07-11 06:10:18,050 INFO recv 2 -> 12 # 0 at 226517130, 0.116704 0.982488
2024-07-11 06:10:18,053 INFO sent 2 -> 12 # 0 at 197503849, 0.116704 0.982488
2024-07-11 06:10:18,231 INFO CHECKSUM 2 13 0: 2.203772
2024-07-11 06:10:18,232 INFO CHECKSUM 2 13 0: 2.203772
2024-07-11 06:10:18,250 INFO recv 2 -> 13 # 0 at 182031007, 0.116704 0.982488
2024-07-11 06:10:18,250 INFO sent 2 -> 13 # 0 at 157116518, 0.116704 0.982488
2024-07-11 06:10:18,420 INFO CHECKSUM 2 14 0: 2.203772
2024-07-11 06:10:18,421 INFO CHECKSUM 2 14 0: 2.203772
2024-07-11 06:10:18,438 INFO sent 2 -> 14 # 0 at 170317489, 0.116704 0.982488
2024-07-11 06:10:18,441 INFO recv 2 -> 14 # 0 at 191298897, 0.116704 0.982488
2024-07-11 06:10:18,604 INFO CHECKSUM 2 15 0: 2.203772
2024-07-11 06:10:18,604 INFO CHECKSUM 2 15 0: 2.203772
2024-07-11 06:10:18,623 INFO Accepting from rank 3
2024-07-11 06:10:18,623 INFO Accepting from rank 3
2024-07-11 06:10:18,623 INFO Accepting from rank 3
2024-07-11 06:10:18,623 INFO sent 2 -> 15 # 0 at 161416367, 0.116704 0.982488
2024-07-11 06:10:18,623 INFO Accepting from rank 3
2024-07-11 06:10:18,623 INFO Accepting from rank 3
2024-07-11 06:10:18,624 INFO Accepting from rank 3
2024-07-11 06:10:18,623 INFO Accepting from rank 3
2024-07-11 06:10:18,623 INFO Accepting from rank 3
2024-07-11 06:10:18,624 INFO Accepting from rank 3
2024-07-11 06:10:18,624 INFO Accepting from rank 3
2024-07-11 06:10:18,625 INFO Accepting from rank 3
2024-07-11 06:10:18,625 INFO Sending from rank 3
2024-07-11 06:10:18,630 INFO Accepting from rank 3
2024-07-11 06:10:18,630 INFO recv 2 -> 15 # 0 at 187248173, 0.116704 0.982488
2024-07-11 06:10:18,630 INFO Accepting from rank 3
2024-07-11 06:10:18,631 INFO Accepting from rank 3
2024-07-11 06:10:18,631 INFO Accepting from rank 3
2024-07-11 06:10:18,734 INFO CHECKSUM 3 0 0: 1.028524
2024-07-11 06:10:18,734 INFO CHECKSUM 3 0 0: 1.028524
2024-07-11 06:10:18,755 INFO recv 3 -> 0 # 0 at 103811665, 0.293126 0.611386
2024-07-11 06:10:18,761 INFO sent 3 -> 0 # 0 at 81822632, 0.293126 0.611386
2024-07-11 06:10:18,793 INFO CHECKSUM 3 1 0: 1.028524
2024-07-11 06:10:18,794 INFO CHECKSUM 3 1 0: 1.028524
2024-07-11 06:10:18,808 INFO recv 3 -> 1 # 0 at 28266674, 0.293126 0.611386
2024-07-11 06:10:18,808 INFO sent 3 -> 1 # 0 at 13769372, 0.293126 0.611386
2024-07-11 06:10:18,824 INFO CHECKSUM 3 2 0: 1.028524
2024-07-11 06:10:18,825 INFO CHECKSUM 3 2 0: 1.028524
2024-07-11 06:10:18,840 INFO recv 3 -> 2 # 0 at 29898564, 0.293126 0.611386
2024-07-11 06:10:18,840 INFO sent 3 -> 2 # 0 at 14144888, 0.293126 0.611386
2024-07-11 06:10:19,029 INFO CHECKSUM 3 4 0: 1.028524
2024-07-11 06:10:19,037 INFO CHECKSUM 3 4 0: 1.028524
2024-07-11 06:10:19,051 INFO recv 3 -> 4 # 0 at 196511348, 0.293126 0.611386
2024-07-11 06:10:19,051 INFO sent 3 -> 4 # 0 at 174394035, 0.293126 0.611386
2024-07-11 06:10:19,225 INFO CHECKSUM 3 5 0: 1.028524
2024-07-11 06:10:19,225 INFO CHECKSUM 3 5 0: 1.028524
2024-07-11 06:10:19,251 INFO recv 3 -> 5 # 0 at 188760852, 0.293126 0.611386
2024-07-11 06:10:19,251 INFO sent 3 -> 5 # 0 at 162742616, 0.293126 0.611386
2024-07-11 06:10:19,374 INFO CHECKSUM 3 6 0: 1.028524
2024-07-11 06:10:19,383 INFO CHECKSUM 3 6 0: 1.028524
2024-07-11 06:10:19,400 INFO sent 3 -> 6 # 0 at 116909206, 0.293126 0.611386
2024-07-11 06:10:19,400 INFO recv 3 -> 6 # 0 at 142144646, 0.293126 0.611386
2024-07-11 06:10:19,560 INFO CHECKSUM 3 7 0: 1.028524
2024-07-11 06:10:19,561 INFO CHECKSUM 3 7 0: 1.028524
2024-07-11 06:10:19,603 INFO recv 3 -> 7 # 0 at 201286685, 0.293126 0.611386
2024-07-11 06:10:19,604 INFO sent 3 -> 7 # 0 at 158187493, 0.293126 0.611386
2024-07-11 06:10:19,800 INFO CHECKSUM 3 8 0: 1.028524
2024-07-11 06:10:19,801 INFO CHECKSUM 3 8 0: 1.028524
2024-07-11 06:10:19,831 INFO sent 3 -> 8 # 0 at 178999866, 0.293126 0.611386
2024-07-11 06:10:19,831 INFO recv 3 -> 8 # 0 at 216639882, 0.293126 0.611386
2024-07-11 06:10:20,017 INFO CHECKSUM 3 9 0: 1.028524
2024-07-11 06:10:20,017 INFO CHECKSUM 3 9 0: 1.028524
2024-07-11 06:10:20,036 INFO recv 3 -> 9 # 0 at 202185477, 0.293126 0.611386
2024-07-11 06:10:20,038 INFO sent 3 -> 9 # 0 at 183379619, 0.293126 0.611386
2024-07-11 06:10:20,212 INFO CHECKSUM 3 10 0: 1.028524
2024-07-11 06:10:20,213 INFO CHECKSUM 3 10 0: 1.028524
2024-07-11 06:10:20,233 INFO recv 3 -> 10 # 0 at 194579598, 0.293126 0.611386
2024-07-11 06:10:20,240 INFO sent 3 -> 10 # 0 at 173147720, 0.293126 0.611386
2024-07-11 06:10:20,427 INFO CHECKSUM 3 11 0: 1.028524
2024-07-11 06:10:20,428 INFO CHECKSUM 3 11 0: 1.028524
2024-07-11 06:10:20,445 INFO sent 3 -> 11 # 0 at 180666044, 0.293126 0.611386
2024-07-11 06:10:20,445 INFO recv 3 -> 11 # 0 at 198773072, 0.293126 0.611386
2024-07-11 06:10:20,644 INFO CHECKSUM 3 12 0: 1.028524
2024-07-11 06:10:20,644 INFO CHECKSUM 3 12 0: 1.028524
2024-07-11 06:10:20,664 INFO sent 3 -> 12 # 0 at 187196283, 0.293126 0.611386
2024-07-11 06:10:20,664 INFO recv 3 -> 12 # 0 at 207049269, 0.293126 0.611386
2024-07-11 06:10:20,876 INFO CHECKSUM 3 13 0: 1.028524
2024-07-11 06:10:20,877 INFO CHECKSUM 3 13 0: 1.028524
2024-07-11 06:10:20,890 INFO recv 3 -> 13 # 0 at 202955582, 0.293126 0.611386
2024-07-11 06:10:20,890 INFO sent 3 -> 13 # 0 at 186600799, 0.293126 0.611386
2024-07-11 06:10:21,064 INFO CHECKSUM 3 14 0: 1.028524
2024-07-11 06:10:21,065 INFO CHECKSUM 3 14 0: 1.028524
2024-07-11 06:10:21,084 INFO sent 3 -> 14 # 0 at 160248795, 0.293126 0.611386
2024-07-11 06:10:21,084 INFO recv 3 -> 14 # 0 at 179995966, 0.293126 0.611386
2024-07-11 06:10:21,277 INFO CHECKSUM 3 15 0: 1.028524
2024-07-11 06:10:21,291 INFO Sending from rank 4
2024-07-11 06:10:21,277 INFO CHECKSUM 3 15 0: 1.028524
2024-07-11 06:10:21,291 INFO Accepting from rank 4
2024-07-11 06:10:21,291 INFO Accepting from rank 4
2024-07-11 06:10:21,291 INFO Accepting from rank 4
2024-07-11 06:10:21,291 INFO Accepting from rank 4
2024-07-11 06:10:21,291 INFO Accepting from rank 4
2024-07-11 06:10:21,291 INFO Accepting from rank 4
2024-07-11 06:10:21,291 INFO Accepting from rank 4
2024-07-11 06:10:21,291 INFO Accepting from rank 4
2024-07-11 06:10:21,291 INFO Accepting from rank 4
2024-07-11 06:10:21,291 INFO Accepting from rank 4
2024-07-11 06:10:21,291 INFO sent 3 -> 15 # 0 at 183292692, 0.293126 0.611386
2024-07-11 06:10:21,291 INFO Accepting from rank 4
2024-07-11 06:10:21,291 INFO Accepting from rank 4
2024-07-11 06:10:21,291 INFO recv 3 -> 15 # 0 at 197864780, 0.293126 0.611386
2024-07-11 06:10:21,291 INFO Accepting from rank 4
2024-07-11 06:10:21,291 INFO Accepting from rank 4
2024-07-11 06:10:21,291 INFO Accepting from rank 4
2024-07-11 06:10:21,406 INFO CHECKSUM 4 0 0: 2.109842
2024-07-11 06:10:21,405 INFO CHECKSUM 4 0 0: 2.109842
2024-07-11 06:10:21,424 INFO recv 4 -> 0 # 0 at 103999339, 0.502721 0.478914
2024-07-11 06:10:21,428 INFO sent 4 -> 0 # 0 at 85513588, 0.502721 0.478914
2024-07-11 06:10:21,489 INFO CHECKSUM 4 1 0: 2.109842
2024-07-11 06:10:21,489 INFO CHECKSUM 4 1 0: 2.109842
2024-07-11 06:10:21,504 INFO sent 4 -> 1 # 0 at 33308061, 0.502721 0.478914
2024-07-11 06:10:21,509 INFO recv 4 -> 1 # 0 at 48315548, 0.502721 0.478914
2024-07-11 06:10:21,551 INFO CHECKSUM 4 2 0: 2.109842
2024-07-11 06:10:21,551 INFO CHECKSUM 4 2 0: 2.109842
2024-07-11 06:10:21,570 INFO sent 4 -> 2 # 0 at 19944088, 0.502721 0.478914
2024-07-11 06:10:21,570 INFO recv 4 -> 2 # 0 at 38653853, 0.502721 0.478914
2024-07-11 06:10:21,597 INFO CHECKSUM 4 3 0: 2.109842
2024-07-11 06:10:21,597 INFO CHECKSUM 4 3 0: 2.109842
2024-07-11 06:10:21,611 INFO sent 4 -> 3 # 0 at 18851727, 0.502721 0.478914
2024-07-11 06:10:21,617 INFO recv 4 -> 3 # 0 at 39051023, 0.502721 0.478914
2024-07-11 06:10:21,829 INFO CHECKSUM 4 5 0: 2.109842
2024-07-11 06:10:21,829 INFO CHECKSUM 4 5 0: 2.109842
2024-07-11 06:10:21,861 INFO sent 4 -> 5 # 0 at 211406871, 0.502721 0.478914
2024-07-11 06:10:21,861 INFO recv 4 -> 5 # 0 at 243910548, 0.502721 0.478914
2024-07-11 06:10:22,068 INFO CHECKSUM 4 6 0: 2.109842
2024-07-11 06:10:22,069 INFO CHECKSUM 4 6 0: 2.109842
2024-07-11 06:10:22,086 INFO sent 4 -> 6 # 0 at 206429733, 0.502721 0.478914
2024-07-11 06:10:22,086 INFO recv 4 -> 6 # 0 at 224037356, 0.502721 0.478914
2024-07-11 06:10:22,277 INFO CHECKSUM 4 7 0: 2.109842
2024-07-11 06:10:22,277 INFO CHECKSUM 4 7 0: 2.109842
2024-07-11 06:10:22,294 INFO sent 4 -> 7 # 0 at 182888785, 0.502721 0.478914
2024-07-11 06:10:22,294 INFO recv 4 -> 7 # 0 at 194909824, 0.502721 0.478914
2024-07-11 06:10:22,469 INFO CHECKSUM 4 8 0: 2.109842
2024-07-11 06:10:22,485 INFO sent 4 -> 8 # 0 at 167641654, 0.502721 0.478914
2024-07-11 06:10:22,470 INFO CHECKSUM 4 8 0: 2.109842
2024-07-11 06:10:22,485 INFO recv 4 -> 8 # 0 at 183739505, 0.502721 0.478914
2024-07-11 06:10:22,662 INFO CHECKSUM 4 9 0: 2.109842
2024-07-11 06:10:22,663 INFO CHECKSUM 4 9 0: 2.109842
2024-07-11 06:10:22,681 INFO sent 4 -> 9 # 0 at 172832875, 0.502721 0.478914
2024-07-11 06:10:22,681 INFO recv 4 -> 9 # 0 at 191956866, 0.502721 0.478914
2024-07-11 06:10:22,870 INFO CHECKSUM 4 10 0: 2.109842
2024-07-11 06:10:22,878 INFO CHECKSUM 4 10 0: 2.109842
2024-07-11 06:10:22,894 INFO sent 4 -> 10 # 0 at 177893824, 0.502721 0.478914
2024-07-11 06:10:22,894 INFO recv 4 -> 10 # 0 at 202464894, 0.502721 0.478914
2024-07-11 06:10:23,069 INFO CHECKSUM 4 11 0: 2.109842
2024-07-11 06:10:23,069 INFO CHECKSUM 4 11 0: 2.109842
2024-07-11 06:10:23,082 INFO sent 4 -> 11 # 0 at 163060892, 0.502721 0.478914
2024-07-11 06:10:23,082 INFO recv 4 -> 11 # 0 at 176152482, 0.502721 0.478914
2024-07-11 06:10:23,276 INFO CHECKSUM 4 12 0: 2.109842
2024-07-11 06:10:23,276 INFO CHECKSUM 4 12 0: 2.109842
2024-07-11 06:10:23,290 INFO sent 4 -> 12 # 0 at 180362525, 0.502721 0.478914
2024-07-11 06:10:23,290 INFO recv 4 -> 12 # 0 at 194378455, 0.502721 0.478914
2024-07-11 06:10:23,463 INFO CHECKSUM 4 13 0: 2.109842
2024-07-11 06:10:23,464 INFO CHECKSUM 4 13 0: 2.109842
2024-07-11 06:10:23,484 INFO sent 4 -> 13 # 0 at 159737651, 0.502721 0.478914
2024-07-11 06:10:23,484 INFO recv 4 -> 13 # 0 at 179997298, 0.502721 0.478914
2024-07-11 06:10:23,672 INFO CHECKSUM 4 14 0: 2.109842
2024-07-11 06:10:23,672 INFO CHECKSUM 4 14 0: 2.109842
2024-07-11 06:10:23,686 INFO sent 4 -> 14 # 0 at 162040911, 0.502721 0.478914
2024-07-11 06:10:23,686 INFO recv 4 -> 14 # 0 at 175798359, 0.502721 0.478914
2024-07-11 06:10:23,849 INFO CHECKSUM 4 15 0: 2.109842
2024-07-11 06:10:23,849 INFO CHECKSUM 4 15 0: 2.109842
2024-07-11 06:10:23,860 INFO sent 4 -> 15 # 0 at 159132222, 0.502721 0.478914
2024-07-11 06:10:23,860 INFO Accepting from rank 5
2024-07-11 06:10:23,860 INFO Accepting from rank 5
2024-07-11 06:10:23,860 INFO Accepting from rank 5
2024-07-11 06:10:23,860 INFO Accepting from rank 5
2024-07-11 06:10:23,860 INFO Accepting from rank 5
2024-07-11 06:10:23,860 INFO Sending from rank 5
2024-07-11 06:10:23,860 INFO Accepting from rank 5
2024-07-11 06:10:23,860 INFO Accepting from rank 5
2024-07-11 06:10:23,860 INFO Accepting from rank 5
2024-07-11 06:10:23,860 INFO Accepting from rank 5
2024-07-11 06:10:23,860 INFO recv 4 -> 15 # 0 at 169540261, 0.502721 0.478914
2024-07-11 06:10:23,860 INFO Accepting from rank 5
2024-07-11 06:10:23,860 INFO Accepting from rank 5
2024-07-11 06:10:23,860 INFO Accepting from rank 5
2024-07-11 06:10:23,860 INFO Accepting from rank 5
2024-07-11 06:10:23,860 INFO Accepting from rank 5
2024-07-11 06:10:23,860 INFO Accepting from rank 5
2024-07-11 06:10:23,916 INFO CHECKSUM 5 0 0: 0.926798
2024-07-11 06:10:23,916 INFO CHECKSUM 5 0 0: 0.926798
2024-07-11 06:10:23,936 INFO recv 5 -> 0 # 0 at 45046406, 0.369611 0.130500
2024-07-11 06:10:23,936 INFO sent 5 -> 0 # 0 at 14044809, 0.369611 0.130500
2024-07-11 06:10:23,960 INFO CHECKSUM 5 1 0: 0.926798
2024-07-11 06:10:23,961 INFO CHECKSUM 5 1 0: 0.926798
2024-07-11 06:10:23,977 INFO recv 5 -> 1 # 0 at 31164265, 0.369611 0.130500
2024-07-11 06:10:23,977 INFO sent 5 -> 1 # 0 at 13934506, 0.369611 0.130500
2024-07-11 06:10:23,992 INFO CHECKSUM 5 2 0: 0.926798
2024-07-11 06:10:24,010 INFO CHECKSUM 5 2 0: 0.926798
2024-07-11 06:10:24,028 INFO recv 5 -> 2 # 0 at 50071820, 0.369611 0.130500
2024-07-11 06:10:24,028 INFO sent 5 -> 2 # 0 at 14003891, 0.369611 0.130500
2024-07-11 06:10:24,125 INFO CHECKSUM 5 3 0: 0.926798
2024-07-11 06:10:24,126 INFO CHECKSUM 5 3 0: 0.926798
2024-07-11 06:10:24,140 INFO sent 5 -> 3 # 0 at 85127054, 0.369611 0.130500
2024-07-11 06:10:24,140 INFO recv 5 -> 3 # 0 at 100197184, 0.369611 0.130500
2024-07-11 06:10:24,164 INFO CHECKSUM 5 4 0: 0.926798
2024-07-11 06:10:24,167 INFO CHECKSUM 5 4 0: 0.926798
2024-07-11 06:10:24,185 INFO recv 5 -> 4 # 0 at 42250001, 0.369611 0.130500
2024-07-11 06:10:24,185 INFO sent 5 -> 4 # 0 at 21196730, 0.369611 0.130500
2024-07-11 06:10:24,401 INFO CHECKSUM 5 6 0: 0.926798
2024-07-11 06:10:24,401 INFO CHECKSUM 5 6 0: 0.926798
2024-07-11 06:10:24,424 INFO sent 5 -> 6 # 0 at 181230359, 0.369611 0.130500
2024-07-11 06:10:24,424 INFO recv 5 -> 6 # 0 at 204239019, 0.369611 0.130500
2024-07-11 06:10:24,636 INFO CHECKSUM 5 7 0: 0.926798
2024-07-11 06:10:24,636 INFO CHECKSUM 5 7 0: 0.926798
2024-07-11 06:10:24,651 INFO sent 5 -> 7 # 0 at 200173202, 0.369611 0.130500
2024-07-11 06:10:24,651 INFO recv 5 -> 7 # 0 at 215485111, 0.369611 0.130500
2024-07-11 06:10:24,833 INFO CHECKSUM 5 8 0: 0.926798
2024-07-11 06:10:24,844 INFO sent 5 -> 8 # 0 at 181152789, 0.369611 0.130500
2024-07-11 06:10:24,833 INFO CHECKSUM 5 8 0: 0.926798
2024-07-11 06:10:24,844 INFO recv 5 -> 8 # 0 at 192658231, 0.369611 0.130500
2024-07-11 06:10:25,046 INFO CHECKSUM 5 9 0: 0.926798
2024-07-11 06:10:25,046 INFO CHECKSUM 5 9 0: 0.926798
2024-07-11 06:10:25,092 INFO recv 5 -> 9 # 0 at 237311060, 0.369611 0.130500
2024-07-11 06:10:25,095 INFO sent 5 -> 9 # 0 at 191349652, 0.369611 0.130500
2024-07-11 06:10:25,269 INFO CHECKSUM 5 10 0: 0.926798
2024-07-11 06:10:25,269 INFO CHECKSUM 5 10 0: 0.926798
2024-07-11 06:10:25,286 INFO sent 5 -> 10 # 0 at 165023621, 0.369611 0.130500
2024-07-11 06:10:25,286 INFO recv 5 -> 10 # 0 at 181930368, 0.369611 0.130500
2024-07-11 06:10:25,466 INFO CHECKSUM 5 11 0: 0.926798
2024-07-11 06:10:25,467 INFO CHECKSUM 5 11 0: 0.926798
2024-07-11 06:10:25,479 INFO sent 5 -> 11 # 0 at 159549663, 0.369611 0.130500
2024-07-11 06:10:25,479 INFO recv 5 -> 11 # 0 at 173214284, 0.369611 0.130500
2024-07-11 06:10:25,700 INFO CHECKSUM 5 12 0: 0.926798
2024-07-11 06:10:25,701 INFO CHECKSUM 5 12 0: 0.926798
2024-07-11 06:10:25,718 INFO sent 5 -> 12 # 0 at 202397300, 0.369611 0.130500
2024-07-11 06:10:25,718 INFO recv 5 -> 12 # 0 at 220529134, 0.369611 0.130500
2024-07-11 06:10:25,895 INFO CHECKSUM 5 13 0: 0.926798
2024-07-11 06:10:25,895 INFO CHECKSUM 5 13 0: 0.926798
2024-07-11 06:10:25,915 INFO recv 5 -> 13 # 0 at 187551719, 0.369611 0.130500
2024-07-11 06:10:25,916 INFO sent 5 -> 13 # 0 at 167415594, 0.369611 0.130500
2024-07-11 06:10:26,108 INFO CHECKSUM 5 14 0: 0.926798
2024-07-11 06:10:26,108 INFO CHECKSUM 5 14 0: 0.926798
2024-07-11 06:10:26,136 INFO recv 5 -> 14 # 0 at 210271402, 0.369611 0.130500
2024-07-11 06:10:26,137 INFO sent 5 -> 14 # 0 at 182225251, 0.369611 0.130500
2024-07-11 06:10:26,323 INFO CHECKSUM 5 15 0: 0.926798
2024-07-11 06:10:26,324 INFO CHECKSUM 5 15 0: 0.926798
2024-07-11 06:10:26,344 INFO Accepting from rank 6
2024-07-11 06:10:26,348 INFO Accepting from rank 6
2024-07-11 06:10:26,348 INFO Accepting from rank 6
2024-07-11 06:10:26,348 INFO Accepting from rank 6
2024-07-11 06:10:26,348 INFO Accepting from rank 6
2024-07-11 06:10:26,348 INFO sent 5 -> 15 # 0 at 169786415, 0.369611 0.130500
2024-07-11 06:10:26,348 INFO Accepting from rank 6
2024-07-11 06:10:26,348 INFO Accepting from rank 6
2024-07-11 06:10:26,348 INFO Accepting from rank 6
2024-07-11 06:10:26,348 INFO Sending from rank 6
2024-07-11 06:10:26,348 INFO Accepting from rank 6
2024-07-11 06:10:26,348 INFO Accepting from rank 6
2024-07-11 06:10:26,348 INFO Accepting from rank 6
2024-07-11 06:10:26,348 INFO recv 5 -> 15 # 0 at 185765841, 0.369611 0.130500
2024-07-11 06:10:26,348 INFO Accepting from rank 6
2024-07-11 06:10:26,348 INFO Accepting from rank 6
2024-07-11 06:10:26,348 INFO Accepting from rank 6
2024-07-11 06:10:26,348 INFO Accepting from rank 6
2024-07-11 06:10:26,397 INFO CHECKSUM 6 0 0: 1.114892
2024-07-11 06:10:26,397 INFO CHECKSUM 6 0 0: 1.114892
2024-07-11 06:10:26,405 INFO sent 6 -> 0 # 0 at 21470658, 0.306532 0.592223
2024-07-11 06:10:26,406 INFO recv 6 -> 0 # 0 at 29893424, 0.306532 0.592223
2024-07-11 06:10:26,424 INFO CHECKSUM 6 1 0: 1.114892
2024-07-11 06:10:26,425 INFO CHECKSUM 6 1 0: 1.114892
2024-07-11 06:10:26,444 INFO sent 6 -> 1 # 0 at 13963613, 0.306532 0.592223
2024-07-11 06:10:26,444 INFO recv 6 -> 1 # 0 at 33847092, 0.306532 0.592223
2024-07-11 06:10:26,493 INFO CHECKSUM 6 2 0: 1.114892
2024-07-11 06:10:26,494 INFO CHECKSUM 6 2 0: 1.114892
2024-07-11 06:10:26,500 INFO sent 6 -> 2 # 0 at 29592633, 0.306532 0.592223
2024-07-11 06:10:26,500 INFO recv 6 -> 2 # 0 at 36316766, 0.306532 0.592223
2024-07-11 06:10:26,526 INFO CHECKSUM 6 3 0: 1.114892
2024-07-11 06:10:26,535 INFO CHECKSUM 6 3 0: 1.114892
2024-07-11 06:10:26,548 INFO sent 6 -> 3 # 0 at 13884961, 0.306532 0.592223
2024-07-11 06:10:26,548 INFO recv 6 -> 3 # 0 at 36072392, 0.306532 0.592223
2024-07-11 06:10:26,567 INFO CHECKSUM 6 4 0: 1.114892
2024-07-11 06:10:26,568 INFO CHECKSUM 6 4 0: 1.114892
2024-07-11 06:10:26,577 INFO recv 6 -> 4 # 0 at 23621916, 0.306532 0.592223
2024-07-11 06:10:26,577 INFO sent 6 -> 4 # 0 at 13864871, 0.306532 0.592223
2024-07-11 06:10:26,602 INFO CHECKSUM 6 5 0: 1.114892
2024-07-11 06:10:26,602 INFO CHECKSUM 6 5 0: 1.114892
2024-07-11 06:10:26,619 INFO recv 6 -> 5 # 0 at 31838181, 0.306532 0.592223
2024-07-11 06:10:26,619 INFO sent 6 -> 5 # 0 at 13853710, 0.306532 0.592223
2024-07-11 06:10:26,850 INFO CHECKSUM 6 7 0: 1.114892
2024-07-11 06:10:26,851 INFO CHECKSUM 6 7 0: 1.114892
2024-07-11 06:10:26,859 INFO sent 6 -> 7 # 0 at 215468689, 0.306532 0.592223
2024-07-11 06:10:26,859 INFO recv 6 -> 7 # 0 at 224652084, 0.306532 0.592223
2024-07-11 06:10:26,994 INFO CHECKSUM 6 8 0: 1.114892
2024-07-11 06:10:26,994 INFO CHECKSUM 6 8 0: 1.114892
2024-07-11 06:10:27,013 INFO sent 6 -> 8 # 0 at 120319930, 0.306532 0.592223
2024-07-11 06:10:27,013 INFO recv 6 -> 8 # 0 at 140001104, 0.306532 0.592223
2024-07-11 06:10:27,208 INFO CHECKSUM 6 9 0: 1.114892
2024-07-11 06:10:27,209 INFO CHECKSUM 6 9 0: 1.114892
2024-07-11 06:10:27,229 INFO sent 6 -> 9 # 0 at 185644347, 0.306532 0.592223
2024-07-11 06:10:27,237 INFO recv 6 -> 9 # 0 at 215067802, 0.306532 0.592223
2024-07-11 06:10:27,427 INFO CHECKSUM 6 10 0: 1.114892
2024-07-11 06:10:27,427 INFO CHECKSUM 6 10 0: 1.114892
2024-07-11 06:10:27,448 INFO sent 6 -> 10 # 0 at 189396147, 0.306532 0.592223
2024-07-11 06:10:27,448 INFO recv 6 -> 10 # 0 at 210096975, 0.306532 0.592223
2024-07-11 06:10:27,613 INFO CHECKSUM 6 11 0: 1.114892
2024-07-11 06:10:27,623 INFO sent 6 -> 11 # 0 at 164477927, 0.306532 0.592223
2024-07-11 06:10:27,613 INFO CHECKSUM 6 11 0: 1.114892
2024-07-11 06:10:27,623 INFO recv 6 -> 11 # 0 at 175241030, 0.306532 0.592223
2024-07-11 06:10:27,800 INFO CHECKSUM 6 12 0: 1.114892
2024-07-11 06:10:27,801 INFO CHECKSUM 6 12 0: 1.114892
2024-07-11 06:10:27,818 INFO sent 6 -> 12 # 0 at 168410717, 0.306532 0.592223
2024-07-11 06:10:27,818 INFO recv 6 -> 12 # 0 at 186400957, 0.306532 0.592223
2024-07-11 06:10:27,930 INFO CHECKSUM 6 13 0: 1.114892
2024-07-11 06:10:27,930 INFO CHECKSUM 6 13 0: 1.114892
2024-07-11 06:10:27,951 INFO sent 6 -> 13 # 0 at 111711986, 0.306532 0.592223
2024-07-11 06:10:27,958 INFO recv 6 -> 13 # 0 at 133998373, 0.306532 0.592223
2024-07-11 06:10:28,061 INFO CHECKSUM 6 14 0: 1.114892
2024-07-11 06:10:28,061 INFO CHECKSUM 6 14 0: 1.114892
2024-07-11 06:10:28,074 INFO sent 6 -> 14 # 0 at 99480150, 0.306532 0.592223
2024-07-11 06:10:28,074 INFO recv 6 -> 14 # 0 at 112654398, 0.306532 0.592223
2024-07-11 06:10:28,269 INFO CHECKSUM 6 15 0: 1.114892
2024-07-11 06:10:28,269 INFO CHECKSUM 6 15 0: 1.114892
2024-07-11 06:10:28,283 INFO Accepting from rank 7
2024-07-11 06:10:28,283 INFO Accepting from rank 7
2024-07-11 06:10:28,283 INFO Accepting from rank 7
2024-07-11 06:10:28,283 INFO Accepting from rank 7
2024-07-11 06:10:28,283 INFO Accepting from rank 7
2024-07-11 06:10:28,283 INFO Accepting from rank 7
2024-07-11 06:10:28,283 INFO Accepting from rank 7
2024-07-11 06:10:28,283 INFO Accepting from rank 7
2024-07-11 06:10:28,283 INFO Accepting from rank 7
2024-07-11 06:10:28,283 INFO Accepting from rank 7
2024-07-11 06:10:28,283 INFO Accepting from rank 7
2024-07-11 06:10:28,283 INFO sent 6 -> 15 # 0 at 180972300, 0.306532 0.592223
2024-07-11 06:10:28,283 INFO recv 6 -> 15 # 0 at 195598381, 0.306532 0.592223
2024-07-11 06:10:28,283 INFO Accepting from rank 7
2024-07-11 06:10:28,283 INFO Sending from rank 7
2024-07-11 06:10:28,283 INFO Accepting from rank 7
2024-07-11 06:10:28,283 INFO Accepting from rank 7
2024-07-11 06:10:28,283 INFO Accepting from rank 7
2024-07-11 06:10:28,328 INFO CHECKSUM 7 0 0: 1.088358
2024-07-11 06:10:28,328 INFO CHECKSUM 7 0 0: 1.088358
2024-07-11 06:10:28,337 INFO recv 7 -> 0 # 0 at 23710297, 0.263800 0.113977
2024-07-11 06:10:28,337 INFO sent 7 -> 0 # 0 at 14653866, 0.263800 0.113977
2024-07-11 06:10:28,364 INFO CHECKSUM 7 1 0: 1.088358
2024-07-11 06:10:28,372 INFO CHECKSUM 7 1 0: 1.088358
2024-07-11 06:10:28,384 INFO sent 7 -> 1 # 0 at 13988791, 0.263800 0.113977
2024-07-11 06:10:28,384 INFO recv 7 -> 1 # 0 at 33535840, 0.263800 0.113977
2024-07-11 06:10:28,410 INFO CHECKSUM 7 2 0: 1.088358
2024-07-11 06:10:28,409 INFO CHECKSUM 7 2 0: 1.088358
2024-07-11 06:10:28,439 INFO recv 7 -> 2 # 0 at 43722222, 0.263800 0.113977
2024-07-11 06:10:28,447 INFO sent 7 -> 2 # 0 at 13742134, 0.263800 0.113977
2024-07-11 06:10:28,488 INFO CHECKSUM 7 3 0: 1.088358
2024-07-11 06:10:28,488 INFO CHECKSUM 7 3 0: 1.088358
2024-07-11 06:10:28,519 INFO recv 7 -> 3 # 0 at 45994933, 0.263800 0.113977
2024-07-11 06:10:28,521 INFO sent 7 -> 3 # 0 at 14600514, 0.263800 0.113977
2024-07-11 06:10:28,573 INFO CHECKSUM 7 4 0: 1.088358
2024-07-11 06:10:28,574 INFO CHECKSUM 7 4 0: 1.088358
2024-07-11 06:10:28,581 INFO sent 7 -> 4 # 0 at 37649111, 0.263800 0.113977
2024-07-11 06:10:28,582 INFO recv 7 -> 4 # 0 at 45902379, 0.263800 0.113977
2024-07-11 06:10:28,657 INFO CHECKSUM 7 5 0: 1.088358
2024-07-11 06:10:28,657 INFO CHECKSUM 7 5 0: 1.088358
2024-07-11 06:10:28,682 INFO recv 7 -> 5 # 0 at 99369265, 0.263800 0.113977
2024-07-11 06:10:28,682 INFO sent 7 -> 5 # 0 at 73727136, 0.263800 0.113977
2024-07-11 06:10:28,711 INFO CHECKSUM 7 6 0: 1.088358
2024-07-11 06:10:28,712 INFO CHECKSUM 7 6 0: 1.088358
2024-07-11 06:10:28,743 INFO recv 7 -> 6 # 0 at 45971402, 0.263800 0.113977
2024-07-11 06:10:28,745 INFO sent 7 -> 6 # 0 at 13941229, 0.263800 0.113977
2024-07-11 06:10:28,926 INFO CHECKSUM 7 8 0: 1.088358
2024-07-11 06:10:28,927 INFO CHECKSUM 7 8 0: 1.088358
2024-07-11 06:10:28,939 INFO sent 7 -> 8 # 0 at 164868512, 0.263800 0.113977
2024-07-11 06:10:28,939 INFO recv 7 -> 8 # 0 at 177833541, 0.263800 0.113977
2024-07-11 06:10:29,109 INFO CHECKSUM 7 9 0: 1.088358
2024-07-11 06:10:29,109 INFO CHECKSUM 7 9 0: 1.088358
2024-07-11 06:10:29,125 INFO sent 7 -> 9 # 0 at 168993502, 0.263800 0.113977
2024-07-11 06:10:29,125 INFO recv 7 -> 9 # 0 at 177091737, 0.263800 0.113977
2024-07-11 06:10:29,293 INFO CHECKSUM 7 10 0: 1.088358
2024-07-11 06:10:29,294 INFO CHECKSUM 7 10 0: 1.088358
2024-07-11 06:10:29,317 INFO sent 7 -> 10 # 0 at 167569441, 0.263800 0.113977
2024-07-11 06:10:29,317 INFO recv 7 -> 10 # 0 at 192113409, 0.263800 0.113977
2024-07-11 06:10:29,488 INFO CHECKSUM 7 11 0: 1.088358
2024-07-11 06:10:29,489 INFO CHECKSUM 7 11 0: 1.088358
2024-07-11 06:10:29,506 INFO sent 7 -> 11 # 0 at 156633489, 0.263800 0.113977
2024-07-11 06:10:29,507 INFO recv 7 -> 11 # 0 at 175763841, 0.263800 0.113977
2024-07-11 06:10:29,729 INFO CHECKSUM 7 12 0: 1.088358
2024-07-11 06:10:29,745 INFO sent 7 -> 12 # 0 at 191485004, 0.263800 0.113977
2024-07-11 06:10:29,729 INFO CHECKSUM 7 12 0: 1.088358
2024-07-11 06:10:29,745 INFO recv 7 -> 12 # 0 at 213940028, 0.263800 0.113977
2024-07-11 06:10:29,916 INFO CHECKSUM 7 13 0: 1.088358
2024-07-11 06:10:29,916 INFO CHECKSUM 7 13 0: 1.088358
2024-07-11 06:10:29,936 INFO sent 7 -> 13 # 0 at 162243619, 0.263800 0.113977
2024-07-11 06:10:29,936 INFO recv 7 -> 13 # 0 at 182357597, 0.263800 0.113977
2024-07-11 06:10:30,124 INFO CHECKSUM 7 14 0: 1.088358
2024-07-11 06:10:30,124 INFO CHECKSUM 7 14 0: 1.088358
2024-07-11 06:10:30,153 INFO sent 7 -> 14 # 0 at 177904231, 0.263800 0.113977
2024-07-11 06:10:30,153 INFO recv 7 -> 14 # 0 at 207816761, 0.263800 0.113977
2024-07-11 06:10:30,301 INFO CHECKSUM 7 15 0: 1.088358
2024-07-11 06:10:30,301 INFO CHECKSUM 7 15 0: 1.088358
2024-07-11 06:10:30,313 INFO Accepting from rank 8
2024-07-11 06:10:30,320 INFO Sending from rank 8
2024-07-11 06:10:30,320 INFO Accepting from rank 8
2024-07-11 06:10:30,320 INFO Accepting from rank 8
2024-07-11 06:10:30,323 INFO Accepting from rank 8
2024-07-11 06:10:30,323 INFO Accepting from rank 8
2024-07-11 06:10:30,324 INFO Accepting from rank 8
2024-07-11 06:10:30,324 INFO sent 7 -> 15 # 0 at 146065889, 0.263800 0.113977
2024-07-11 06:10:30,324 INFO Accepting from rank 8
2024-07-11 06:10:30,325 INFO Accepting from rank 8
2024-07-11 06:10:30,325 INFO Accepting from rank 8
2024-07-11 06:10:30,326 INFO Accepting from rank 8
2024-07-11 06:10:30,326 INFO Accepting from rank 8
2024-07-11 06:10:30,326 INFO Accepting from rank 8
2024-07-11 06:10:30,326 INFO recv 7 -> 15 # 0 at 171330608, 0.263800 0.113977
2024-07-11 06:10:30,326 INFO Accepting from rank 8
2024-07-11 06:10:30,332 INFO Accepting from rank 8
2024-07-11 06:10:30,332 INFO Accepting from rank 8
2024-07-11 06:10:30,357 INFO CHECKSUM 8 0 0: 0.974656
2024-07-11 06:10:30,358 INFO CHECKSUM 8 0 0: 0.974656
2024-07-11 06:10:30,366 INFO recv 8 -> 0 # 0 at 23046502, 0.460953 0.954062
2024-07-11 06:10:30,366 INFO sent 8 -> 0 # 0 at 14532937, 0.460953 0.954062
2024-07-11 06:10:30,391 INFO CHECKSUM 8 1 0: 0.974656
2024-07-11 06:10:30,392 INFO CHECKSUM 8 1 0: 0.974656
2024-07-11 06:10:30,409 INFO recv 8 -> 1 # 0 at 31977591, 0.460953 0.954062
2024-07-11 06:10:30,409 INFO sent 8 -> 1 # 0 at 14033011, 0.460953 0.954062
2024-07-11 06:10:30,438 INFO CHECKSUM 8 2 0: 0.974656
2024-07-11 06:10:30,439 INFO CHECKSUM 8 2 0: 0.974656
2024-07-11 06:10:30,452 INFO recv 8 -> 2 # 0 at 28375664, 0.460953 0.954062
2024-07-11 06:10:30,452 INFO sent 8 -> 2 # 0 at 14534390, 0.460953 0.954062
2024-07-11 06:10:30,481 INFO CHECKSUM 8 3 0: 0.974656
2024-07-11 06:10:30,482 INFO CHECKSUM 8 3 0: 0.974656
2024-07-11 06:10:30,501 INFO recv 8 -> 3 # 0 at 33716279, 0.460953 0.954062
2024-07-11 06:10:30,501 INFO sent 8 -> 3 # 0 at 13700528, 0.460953 0.954062
2024-07-11 06:10:30,593 INFO CHECKSUM 8 4 0: 0.974656
2024-07-11 06:10:30,594 INFO CHECKSUM 8 4 0: 0.974656
2024-07-11 06:10:30,602 INFO recv 8 -> 4 # 0 at 90702889, 0.460953 0.954062
2024-07-11 06:10:30,602 INFO sent 8 -> 4 # 0 at 81057516, 0.460953 0.954062
2024-07-11 06:10:30,626 INFO CHECKSUM 8 5 0: 0.974656
2024-07-11 06:10:30,626 INFO CHECKSUM 8 5 0: 0.974656
2024-07-11 06:10:30,648 INFO sent 8 -> 5 # 0 at 14531144, 0.460953 0.954062
2024-07-11 06:10:30,655 INFO recv 8 -> 5 # 0 at 44310242, 0.460953 0.954062
2024-07-11 06:10:30,674 INFO CHECKSUM 8 6 0: 0.974656
2024-07-11 06:10:30,674 INFO CHECKSUM 8 6 0: 0.974656
2024-07-11 06:10:30,682 INFO recv 8 -> 6 # 0 at 22054015, 0.460953 0.954062
2024-07-11 06:10:30,682 INFO sent 8 -> 6 # 0 at 13875346, 0.460953 0.954062
2024-07-11 06:10:30,707 INFO CHECKSUM 8 7 0: 0.974656
2024-07-11 06:10:30,716 INFO CHECKSUM 8 7 0: 0.974656
2024-07-11 06:10:30,723 INFO recv 8 -> 7 # 0 at 30134440, 0.460953 0.954062
2024-07-11 06:10:30,723 INFO sent 8 -> 7 # 0 at 13999116, 0.460953 0.954062
2024-07-11 06:10:30,913 INFO CHECKSUM 8 9 0: 0.974656
2024-07-11 06:10:30,913 INFO CHECKSUM 8 9 0: 0.974656
2024-07-11 06:10:30,937 INFO sent 8 -> 9 # 0 at 188146673, 0.460953 0.954062
2024-07-11 06:10:30,937 INFO recv 8 -> 9 # 0 at 212922996, 0.460953 0.954062
2024-07-11 06:10:31,070 INFO CHECKSUM 8 10 0: 0.974656
2024-07-11 06:10:31,071 INFO CHECKSUM 8 10 0: 0.974656
2024-07-11 06:10:31,085 INFO sent 8 -> 10 # 0 at 125454791, 0.460953 0.954062
2024-07-11 06:10:31,085 INFO recv 8 -> 10 # 0 at 141021075, 0.460953 0.954062
2024-07-11 06:10:31,281 INFO CHECKSUM 8 11 0: 0.974656
2024-07-11 06:10:31,282 INFO CHECKSUM 8 11 0: 0.974656
2024-07-11 06:10:31,305 INFO sent 8 -> 11 # 0 at 185541888, 0.460953 0.954062
2024-07-11 06:10:31,310 INFO recv 8 -> 11 # 0 at 212736727, 0.460953 0.954062
2024-07-11 06:10:31,508 INFO CHECKSUM 8 12 0: 0.974656
2024-07-11 06:10:31,508 INFO CHECKSUM 8 12 0: 0.974656
2024-07-11 06:10:31,528 INFO recv 8 -> 12 # 0 at 213468396, 0.460953 0.954062
2024-07-11 06:10:31,528 INFO sent 8 -> 12 # 0 at 193317957, 0.460953 0.954062
2024-07-11 06:10:31,732 INFO CHECKSUM 8 13 0: 0.974656
2024-07-11 06:10:31,733 INFO CHECKSUM 8 13 0: 0.974656
2024-07-11 06:10:31,749 INFO recv 8 -> 13 # 0 at 195299725, 0.460953 0.954062
2024-07-11 06:10:31,749 INFO sent 8 -> 13 # 0 at 180589948, 0.460953 0.954062
2024-07-11 06:10:31,923 INFO CHECKSUM 8 14 0: 0.974656
2024-07-11 06:10:31,925 INFO CHECKSUM 8 14 0: 0.974656
2024-07-11 06:10:31,935 INFO sent 8 -> 14 # 0 at 160174662, 0.460953 0.954062
2024-07-11 06:10:31,935 INFO recv 8 -> 14 # 0 at 172372452, 0.460953 0.954062
2024-07-11 06:10:32,073 INFO CHECKSUM 8 15 0: 0.974656
2024-07-11 06:10:32,073 INFO CHECKSUM 8 15 0: 0.974656
2024-07-11 06:10:32,085 INFO Accepting from rank 9
2024-07-11 06:10:32,085 INFO Accepting from rank 9
2024-07-11 06:10:32,085 INFO Accepting from rank 9
2024-07-11 06:10:32,085 INFO Sending from rank 9
2024-07-11 06:10:32,085 INFO Accepting from rank 9
2024-07-11 06:10:32,085 INFO Accepting from rank 9
2024-07-11 06:10:32,085 INFO Accepting from rank 9
2024-07-11 06:10:32,085 INFO Accepting from rank 9
2024-07-11 06:10:32,085 INFO Accepting from rank 9
2024-07-11 06:10:32,085 INFO Accepting from rank 9
2024-07-11 06:10:32,085 INFO Accepting from rank 9
2024-07-11 06:10:32,085 INFO Accepting from rank 9
2024-07-11 06:10:32,085 INFO Accepting from rank 9
2024-07-11 06:10:32,085 INFO Accepting from rank 9
2024-07-11 06:10:32,085 INFO recv 8 -> 15 # 0 at 139412371, 0.460953 0.954062
2024-07-11 06:10:32,085 INFO sent 8 -> 15 # 0 at 127264268, 0.460953 0.954062
2024-07-11 06:10:32,085 INFO Accepting from rank 9
2024-07-11 06:10:32,085 INFO Accepting from rank 9
2024-07-11 06:10:32,121 INFO CHECKSUM 9 0 0: 1.164794
2024-07-11 06:10:32,121 INFO CHECKSUM 9 0 0: 1.164794
2024-07-11 06:10:32,137 INFO recv 9 -> 0 # 0 at 30795541, 0.374355 0.428435
2024-07-11 06:10:32,137 INFO sent 9 -> 0 # 0 at 14616839, 0.374355 0.428435
2024-07-11 06:10:32,182 INFO CHECKSUM 9 1 0: 1.164794
2024-07-11 06:10:32,182 INFO CHECKSUM 9 1 0: 1.164794
2024-07-11 06:10:32,198 INFO recv 9 -> 1 # 0 at 30684357, 0.374355 0.428435
2024-07-11 06:10:32,198 INFO sent 9 -> 1 # 0 at 14238819, 0.374355 0.428435
2024-07-11 06:10:32,221 INFO CHECKSUM 9 2 0: 1.164794
2024-07-11 06:10:32,221 INFO CHECKSUM 9 2 0: 1.164794
2024-07-11 06:10:32,230 INFO recv 9 -> 2 # 0 at 23397552, 0.374355 0.428435
2024-07-11 06:10:32,230 INFO sent 9 -> 2 # 0 at 14443203, 0.374355 0.428435
2024-07-11 06:10:32,247 INFO CHECKSUM 9 3 0: 1.164794
2024-07-11 06:10:32,248 INFO CHECKSUM 9 3 0: 1.164794
2024-07-11 06:10:32,261 INFO recv 9 -> 3 # 0 at 28434638, 0.374355 0.428435
2024-07-11 06:10:32,261 INFO sent 9 -> 3 # 0 at 14468272, 0.374355 0.428435
2024-07-11 06:10:32,275 INFO CHECKSUM 9 4 0: 1.164794
2024-07-11 06:10:32,276 INFO CHECKSUM 9 4 0: 1.164794
2024-07-11 06:10:32,294 INFO recv 9 -> 4 # 0 at 32432090, 0.374355 0.428435
2024-07-11 06:10:32,294 INFO sent 9 -> 4 # 0 at 13800121, 0.374355 0.428435
2024-07-11 06:10:32,337 INFO CHECKSUM 9 5 0: 1.164794
2024-07-11 06:10:32,345 INFO CHECKSUM 9 5 0: 1.164794
2024-07-11 06:10:32,360 INFO sent 9 -> 5 # 0 at 29397125, 0.374355 0.428435
2024-07-11 06:10:32,367 INFO recv 9 -> 5 # 0 at 55619265, 0.374355 0.428435
2024-07-11 06:10:32,486 INFO CHECKSUM 9 6 0: 1.164794
2024-07-11 06:10:32,485 INFO CHECKSUM 9 6 0: 1.164794
2024-07-11 06:10:32,508 INFO sent 9 -> 6 # 0 at 93665233, 0.374355 0.428435
2024-07-11 06:10:32,515 INFO recv 9 -> 6 # 0 at 123818429, 0.374355 0.428435
2024-07-11 06:10:32,548 INFO CHECKSUM 9 7 0: 1.164794
2024-07-11 06:10:32,556 INFO CHECKSUM 9 7 0: 1.164794
2024-07-11 06:10:32,566 INFO recv 9 -> 7 # 0 at 32984637, 0.374355 0.428435
2024-07-11 06:10:32,566 INFO sent 9 -> 7 # 0 at 14578255, 0.374355 0.428435
2024-07-11 06:10:32,602 INFO CHECKSUM 9 8 0: 1.164794
2024-07-11 06:10:32,602 INFO CHECKSUM 9 8 0: 1.164794
2024-07-11 06:10:32,613 INFO recv 9 -> 8 # 0 at 33686234, 0.374355 0.428435
2024-07-11 06:10:32,613 INFO sent 9 -> 8 # 0 at 13926154, 0.374355 0.428435
2024-07-11 06:10:32,808 INFO CHECKSUM 9 10 0: 1.164794
2024-07-11 06:10:32,809 INFO CHECKSUM 9 10 0: 1.164794
2024-07-11 06:10:32,824 INFO sent 9 -> 10 # 0 at 189739972, 0.374355 0.428435
2024-07-11 06:10:32,824 INFO recv 9 -> 10 # 0 at 205194490, 0.374355 0.428435
2024-07-11 06:10:33,021 INFO CHECKSUM 9 11 0: 1.164794
2024-07-11 06:10:33,022 INFO CHECKSUM 9 11 0: 1.164794
2024-07-11 06:10:33,048 INFO sent 9 -> 11 # 0 at 185227861, 0.374355 0.428435
2024-07-11 06:10:33,048 INFO recv 9 -> 11 # 0 at 211995143, 0.374355 0.428435
2024-07-11 06:10:33,291 INFO CHECKSUM 9 12 0: 1.164794
2024-07-11 06:10:33,292 INFO CHECKSUM 9 12 0: 1.164794
2024-07-11 06:10:33,312 INFO recv 9 -> 12 # 0 at 250308503, 0.374355 0.428435
2024-07-11 06:10:33,312 INFO sent 9 -> 12 # 0 at 230022534, 0.374355 0.428435
2024-07-11 06:10:33,486 INFO CHECKSUM 9 13 0: 1.164794
2024-07-11 06:10:33,486 INFO CHECKSUM 9 13 0: 1.164794
2024-07-11 06:10:33,504 INFO recv 9 -> 13 # 0 at 176403036, 0.374355 0.428435
2024-07-11 06:10:33,504 INFO sent 9 -> 13 # 0 at 158150289, 0.374355 0.428435
2024-07-11 06:10:33,681 INFO CHECKSUM 9 14 0: 1.164794
2024-07-11 06:10:33,682 INFO CHECKSUM 9 14 0: 1.164794
2024-07-11 06:10:33,701 INFO recv 9 -> 14 # 0 at 192005913, 0.374355 0.428435
2024-07-11 06:10:33,701 INFO sent 9 -> 14 # 0 at 171927316, 0.374355 0.428435
2024-07-11 06:10:33,862 INFO CHECKSUM 9 15 0: 1.164794
2024-07-11 06:10:33,862 INFO CHECKSUM 9 15 0: 1.164794
2024-07-11 06:10:33,884 INFO Accepting from rank 10
2024-07-11 06:10:33,884 INFO Accepting from rank 10
2024-07-11 06:10:33,884 INFO Accepting from rank 10
2024-07-11 06:10:33,884 INFO Accepting from rank 10
2024-07-11 06:10:33,884 INFO Accepting from rank 10
2024-07-11 06:10:33,884 INFO Accepting from rank 10
2024-07-11 06:10:33,884 INFO Accepting from rank 10
2024-07-11 06:10:33,884 INFO Accepting from rank 10
2024-07-11 06:10:33,884 INFO Accepting from rank 10
2024-07-11 06:10:33,884 INFO Accepting from rank 10
2024-07-11 06:10:33,884 INFO Accepting from rank 10
2024-07-11 06:10:33,884 INFO Accepting from rank 10
2024-07-11 06:10:33,884 INFO Sending from rank 10
2024-07-11 06:10:33,884 INFO Accepting from rank 10
2024-07-11 06:10:33,884 INFO recv 9 -> 15 # 0 at 182017040, 0.374355 0.428435
2024-07-11 06:10:33,884 INFO sent 9 -> 15 # 0 at 159800839, 0.374355 0.428435
2024-07-11 06:10:33,884 INFO Accepting from rank 10
2024-07-11 06:10:33,884 INFO Accepting from rank 10
2024-07-11 06:10:33,993 INFO CHECKSUM 10 0 0: 2.323319
2024-07-11 06:10:33,993 INFO CHECKSUM 10 0 0: 2.323319
2024-07-11 06:10:34,004 INFO recv 10 -> 0 # 0 at 91961662, 0.198136 0.667006
2024-07-11 06:10:34,004 INFO sent 10 -> 0 # 0 at 81109387, 0.198136 0.667006
2024-07-11 06:10:34,028 INFO CHECKSUM 10 1 0: 2.323319
2024-07-11 06:10:34,028 INFO CHECKSUM 10 1 0: 2.323319
2024-07-11 06:10:34,044 INFO recv 10 -> 1 # 0 at 29859849, 0.198136 0.667006
2024-07-11 06:10:34,044 INFO sent 10 -> 1 # 0 at 13927207, 0.198136 0.667006
2024-07-11 06:10:34,067 INFO CHECKSUM 10 2 0: 2.323319
2024-07-11 06:10:34,068 INFO CHECKSUM 10 2 0: 2.323319
2024-07-11 06:10:34,085 INFO recv 10 -> 2 # 0 at 31984654, 0.198136 0.667006
2024-07-11 06:10:34,085 INFO sent 10 -> 2 # 0 at 13826442, 0.198136 0.667006
2024-07-11 06:10:34,103 INFO CHECKSUM 10 3 0: 2.323319
2024-07-11 06:10:34,113 INFO CHECKSUM 10 3 0: 2.323319
2024-07-11 06:10:34,121 INFO recv 10 -> 3 # 0 at 31949887, 0.198136 0.667006
2024-07-11 06:10:34,121 INFO sent 10 -> 3 # 0 at 13867070, 0.198136 0.667006
2024-07-11 06:10:34,208 INFO CHECKSUM 10 4 0: 2.323319
2024-07-11 06:10:34,208 INFO CHECKSUM 10 4 0: 2.323319
2024-07-11 06:10:34,228 INFO recv 10 -> 4 # 0 at 105575056, 0.198136 0.667006
2024-07-11 06:10:34,228 INFO sent 10 -> 4 # 0 at 86219903, 0.198136 0.667006
2024-07-11 06:10:34,321 INFO CHECKSUM 10 5 0: 2.323319
2024-07-11 06:10:34,321 INFO CHECKSUM 10 5 0: 2.323319
2024-07-11 06:10:34,330 INFO recv 10 -> 5 # 0 at 90374784, 0.198136 0.667006
2024-07-11 06:10:34,330 INFO sent 10 -> 5 # 0 at 86436522, 0.198136 0.667006
2024-07-11 06:10:34,354 INFO CHECKSUM 10 6 0: 2.323319
2024-07-11 06:10:34,365 INFO CHECKSUM 10 6 0: 2.323319
2024-07-11 06:10:34,378 INFO recv 10 -> 6 # 0 at 37949922, 0.198136 0.667006
2024-07-11 06:10:34,378 INFO sent 10 -> 6 # 0 at 14390561, 0.198136 0.667006
2024-07-11 06:10:34,404 INFO CHECKSUM 10 7 0: 2.323319
2024-07-11 06:10:34,405 INFO CHECKSUM 10 7 0: 2.323319
2024-07-11 06:10:34,428 INFO recv 10 -> 7 # 0 at 37405740, 0.198136 0.667006
2024-07-11 06:10:34,428 INFO sent 10 -> 7 # 0 at 13908580, 0.198136 0.667006
2024-07-11 06:10:34,537 INFO CHECKSUM 10 8 0: 2.323319
2024-07-11 06:10:34,540 INFO CHECKSUM 10 8 0: 2.323319
2024-07-11 06:10:34,549 INFO recv 10 -> 8 # 0 at 111707893, 0.198136 0.667006
2024-07-11 06:10:34,549 INFO sent 10 -> 8 # 0 at 96714175, 0.198136 0.667006
2024-07-11 06:10:34,572 INFO CHECKSUM 10 9 0: 2.323319
2024-07-11 06:10:34,572 INFO CHECKSUM 10 9 0: 2.323319
2024-07-11 06:10:34,590 INFO recv 10 -> 9 # 0 at 36245791, 0.198136 0.667006
2024-07-11 06:10:34,590 INFO sent 10 -> 9 # 0 at 18072518, 0.198136 0.667006
2024-07-11 06:10:34,727 INFO CHECKSUM 10 11 0: 2.323319
2024-07-11 06:10:34,728 INFO CHECKSUM 10 11 0: 2.323319
2024-07-11 06:10:34,739 INFO sent 10 -> 11 # 0 at 126017507, 0.198136 0.667006
2024-07-11 06:10:34,739 INFO recv 10 -> 11 # 0 at 137491434, 0.198136 0.667006
2024-07-11 06:10:34,899 INFO CHECKSUM 10 12 0: 2.323319
2024-07-11 06:10:34,900 INFO CHECKSUM 10 12 0: 2.323319
2024-07-11 06:10:34,919 INFO recv 10 -> 12 # 0 at 168665662, 0.198136 0.667006
2024-07-11 06:10:34,919 INFO sent 10 -> 12 # 0 at 149401210, 0.198136 0.667006
2024-07-11 06:10:35,041 INFO CHECKSUM 10 13 0: 2.323319
2024-07-11 06:10:35,040 INFO CHECKSUM 10 13 0: 2.323319
2024-07-11 06:10:35,054 INFO recv 10 -> 13 # 0 at 116285161, 0.198136 0.667006
2024-07-11 06:10:35,054 INFO sent 10 -> 13 # 0 at 101822737, 0.198136 0.667006
2024-07-11 06:10:35,224 INFO CHECKSUM 10 14 0: 2.323319
2024-07-11 06:10:35,225 INFO CHECKSUM 10 14 0: 2.323319
2024-07-11 06:10:35,248 INFO recv 10 -> 14 # 0 at 182168312, 0.198136 0.667006
2024-07-11 06:10:35,248 INFO sent 10 -> 14 # 0 at 158964263, 0.198136 0.667006
2024-07-11 06:10:35,444 INFO CHECKSUM 10 15 0: 2.323319
2024-07-11 06:10:35,444 INFO CHECKSUM 10 15 0: 2.323319
2024-07-11 06:10:35,461 INFO Accepting from rank 11
2024-07-11 06:10:35,461 INFO Accepting from rank 11
2024-07-11 06:10:35,461 INFO Accepting from rank 11
2024-07-11 06:10:35,461 INFO Accepting from rank 11
2024-07-11 06:10:35,461 INFO Accepting from rank 11
2024-07-11 06:10:35,461 INFO Accepting from rank 11
2024-07-11 06:10:35,461 INFO Accepting from rank 11
2024-07-11 06:10:35,461 INFO Accepting from rank 11
2024-07-11 06:10:35,461 INFO Accepting from rank 11
2024-07-11 06:10:35,461 INFO Accepting from rank 11
2024-07-11 06:10:35,461 INFO Accepting from rank 11
2024-07-11 06:10:35,461 INFO Sending from rank 11
2024-07-11 06:10:35,461 INFO Accepting from rank 11
2024-07-11 06:10:35,461 INFO recv 10 -> 15 # 0 at 198266414, 0.198136 0.667006
2024-07-11 06:10:35,461 INFO Accepting from rank 11
2024-07-11 06:10:35,461 INFO sent 10 -> 15 # 0 at 180831705, 0.198136 0.667006
2024-07-11 06:10:35,462 INFO Accepting from rank 11
2024-07-11 06:10:35,462 INFO Accepting from rank 11
2024-07-11 06:10:35,557 INFO CHECKSUM 11 0 0: 1.364424
2024-07-11 06:10:35,566 INFO CHECKSUM 11 0 0: 1.364424
2024-07-11 06:10:35,576 INFO recv 11 -> 0 # 0 at 90056732, 0.466121 0.795273
2024-07-11 06:10:35,576 INFO sent 11 -> 0 # 0 at 71282755, 0.466121 0.795273
2024-07-11 06:10:35,610 INFO CHECKSUM 11 1 0: 1.364424
2024-07-11 06:10:35,611 INFO CHECKSUM 11 1 0: 1.364424
2024-07-11 06:10:35,622 INFO recv 11 -> 1 # 0 at 26430447, 0.466121 0.795273
2024-07-11 06:10:35,622 INFO sent 11 -> 1 # 0 at 19932863, 0.466121 0.795273
2024-07-11 06:10:35,645 INFO CHECKSUM 11 2 0: 1.364424
2024-07-11 06:10:35,654 INFO recv 11 -> 2 # 0 at 31380736, 0.466121 0.795273
2024-07-11 06:10:35,645 INFO CHECKSUM 11 2 0: 1.364424
2024-07-11 06:10:35,654 INFO sent 11 -> 2 # 0 at 23032104, 0.466121 0.795273
2024-07-11 06:10:35,682 INFO CHECKSUM 11 3 0: 1.364424
2024-07-11 06:10:35,682 INFO CHECKSUM 11 3 0: 1.364424
2024-07-11 06:10:35,715 INFO recv 11 -> 3 # 0 at 51261154, 0.466121 0.795273
2024-07-11 06:10:35,715 INFO sent 11 -> 3 # 0 at 15752053, 0.466121 0.795273
2024-07-11 06:10:35,732 INFO CHECKSUM 11 4 0: 1.364424
2024-07-11 06:10:35,732 INFO CHECKSUM 11 4 0: 1.364424
2024-07-11 06:10:35,754 INFO recv 11 -> 4 # 0 at 36787607, 0.466121 0.795273
2024-07-11 06:10:35,754 INFO sent 11 -> 4 # 0 at 14706652, 0.466121 0.795273
2024-07-11 06:10:35,849 INFO CHECKSUM 11 5 0: 1.364424
2024-07-11 06:10:35,850 INFO CHECKSUM 11 5 0: 1.364424
2024-07-11 06:10:35,864 INFO recv 11 -> 5 # 0 at 100245218, 0.466121 0.795273
2024-07-11 06:10:35,864 INFO sent 11 -> 5 # 0 at 94803372, 0.466121 0.795273
2024-07-11 06:10:35,957 INFO CHECKSUM 11 6 0: 1.364424
2024-07-11 06:10:35,957 INFO CHECKSUM 11 6 0: 1.364424
2024-07-11 06:10:35,978 INFO recv 11 -> 6 # 0 at 102485968, 0.466121 0.795273
2024-07-11 06:10:35,988 INFO sent 11 -> 6 # 0 at 81001338, 0.466121 0.795273
2024-07-11 06:10:36,013 INFO CHECKSUM 11 7 0: 1.364424
2024-07-11 06:10:36,014 INFO CHECKSUM 11 7 0: 1.364424
2024-07-11 06:10:36,029 INFO recv 11 -> 7 # 0 at 35507692, 0.466121 0.795273
2024-07-11 06:10:36,029 INFO sent 11 -> 7 # 0 at 20003891, 0.466121 0.795273
2024-07-11 06:10:36,045 INFO CHECKSUM 11 8 0: 1.364424
2024-07-11 06:10:36,045 INFO CHECKSUM 11 8 0: 1.364424
2024-07-11 06:10:36,058 INFO recv 11 -> 8 # 0 at 28399316, 0.466121 0.795273
2024-07-11 06:10:36,063 INFO sent 11 -> 8 # 0 at 15795497, 0.466121 0.795273
2024-07-11 06:10:36,082 INFO CHECKSUM 11 9 0: 1.364424
2024-07-11 06:10:36,094 INFO recv 11 -> 9 # 0 at 25856131, 0.466121 0.795273
2024-07-11 06:10:36,081 INFO CHECKSUM 11 9 0: 1.364424
2024-07-11 06:10:36,094 INFO sent 11 -> 9 # 0 at 13595655, 0.466121 0.795273
2024-07-11 06:10:36,126 INFO CHECKSUM 11 10 0: 1.364424
2024-07-11 06:10:36,126 INFO CHECKSUM 11 10 0: 1.364424
2024-07-11 06:10:36,148 INFO recv 11 -> 10 # 0 at 36014334, 0.466121 0.795273
2024-07-11 06:10:36,153 INFO sent 11 -> 10 # 0 at 14072237, 0.466121 0.795273
2024-07-11 06:10:36,420 INFO CHECKSUM 11 12 0: 1.364424
2024-07-11 06:10:36,420 INFO CHECKSUM 11 12 0: 1.364424
2024-07-11 06:10:36,444 INFO recv 11 -> 12 # 0 at 265960664, 0.466121 0.795273
2024-07-11 06:10:36,446 INFO sent 11 -> 12 # 0 at 241731784, 0.466121 0.795273
2024-07-11 06:10:36,645 INFO CHECKSUM 11 13 0: 1.364424
2024-07-11 06:10:36,646 INFO CHECKSUM 11 13 0: 1.364424
2024-07-11 06:10:36,657 INFO recv 11 -> 13 # 0 at 198534773, 0.466121 0.795273
2024-07-11 06:10:36,657 INFO sent 11 -> 13 # 0 at 187192949, 0.466121 0.795273
2024-07-11 06:10:36,869 INFO CHECKSUM 11 14 0: 1.364424
2024-07-11 06:10:36,869 INFO CHECKSUM 11 14 0: 1.364424
2024-07-11 06:10:36,890 INFO recv 11 -> 14 # 0 at 222445345, 0.466121 0.795273
2024-07-11 06:10:36,890 INFO sent 11 -> 14 # 0 at 200946260, 0.466121 0.795273
2024-07-11 06:10:37,085 INFO CHECKSUM 11 15 0: 1.364424
2024-07-11 06:10:37,085 INFO CHECKSUM 11 15 0: 1.364424
2024-07-11 06:10:37,098 INFO Accepting from rank 12
2024-07-11 06:10:37,098 INFO Sending from rank 12
2024-07-11 06:10:37,098 INFO Accepting from rank 12
2024-07-11 06:10:37,098 INFO Accepting from rank 12
2024-07-11 06:10:37,098 INFO Accepting from rank 12
2024-07-11 06:10:37,098 INFO Accepting from rank 12
2024-07-11 06:10:37,098 INFO Accepting from rank 12
2024-07-11 06:10:37,098 INFO Accepting from rank 12
2024-07-11 06:10:37,098 INFO Accepting from rank 12
2024-07-11 06:10:37,098 INFO Accepting from rank 12
2024-07-11 06:10:37,098 INFO Accepting from rank 12
2024-07-11 06:10:37,098 INFO Accepting from rank 12
2024-07-11 06:10:37,098 INFO recv 11 -> 15 # 0 at 200724913, 0.466121 0.795273
2024-07-11 06:10:37,098 INFO Accepting from rank 12
2024-07-11 06:10:37,098 INFO sent 11 -> 15 # 0 at 187693276, 0.466121 0.795273
2024-07-11 06:10:37,098 INFO Accepting from rank 12
2024-07-11 06:10:37,098 INFO Accepting from rank 12
2024-07-11 06:10:37,098 INFO Accepting from rank 12
2024-07-11 06:10:37,131 INFO CHECKSUM 12 0 0: 1.955786
2024-07-11 06:10:37,132 INFO CHECKSUM 12 0 0: 1.955786
2024-07-11 06:10:37,145 INFO recv 12 -> 0 # 0 at 27833754, 0.827048 0.125623
2024-07-11 06:10:37,152 INFO sent 12 -> 0 # 0 at 14043905, 0.827048 0.125623
2024-07-11 06:10:37,172 INFO CHECKSUM 12 1 0: 1.955786
2024-07-11 06:10:37,172 INFO CHECKSUM 12 1 0: 1.955786
2024-07-11 06:10:37,198 INFO sent 12 -> 1 # 0 at 14191490, 0.827048 0.125623
2024-07-11 06:10:37,198 INFO recv 12 -> 1 # 0 at 40772918, 0.827048 0.125623
2024-07-11 06:10:37,236 INFO CHECKSUM 12 2 0: 1.955786
2024-07-11 06:10:37,237 INFO CHECKSUM 12 2 0: 1.955786
2024-07-11 06:10:37,258 INFO recv 12 -> 2 # 0 at 35891543, 0.827048 0.125623
2024-07-11 06:10:37,258 INFO sent 12 -> 2 # 0 at 14144349, 0.827048 0.125623
2024-07-11 06:10:37,286 INFO CHECKSUM 12 3 0: 1.955786
2024-07-11 06:10:37,286 INFO CHECKSUM 12 3 0: 1.955786
2024-07-11 06:10:37,305 INFO sent 12 -> 3 # 0 at 14075626, 0.827048 0.125623
2024-07-11 06:10:37,305 INFO recv 12 -> 3 # 0 at 33835460, 0.827048 0.125623
2024-07-11 06:10:37,331 INFO CHECKSUM 12 4 0: 1.955786
2024-07-11 06:10:37,332 INFO CHECKSUM 12 4 0: 1.955786
2024-07-11 06:10:37,352 INFO recv 12 -> 4 # 0 at 34310329, 0.827048 0.125623
2024-07-11 06:10:37,352 INFO sent 12 -> 4 # 0 at 13981946, 0.827048 0.125623
2024-07-11 06:10:37,402 INFO CHECKSUM 12 5 0: 1.955786
2024-07-11 06:10:37,403 INFO CHECKSUM 12 5 0: 1.955786
2024-07-11 06:10:37,429 INFO sent 12 -> 5 # 0 at 22816550, 0.827048 0.125623
2024-07-11 06:10:37,433 INFO recv 12 -> 5 # 0 at 51734919, 0.827048 0.125623
2024-07-11 06:10:37,481 INFO CHECKSUM 12 6 0: 1.955786
2024-07-11 06:10:37,482 INFO CHECKSUM 12 6 0: 1.955786
2024-07-11 06:10:37,491 INFO recv 12 -> 6 # 0 at 43071429, 0.827048 0.125623
2024-07-11 06:10:37,491 INFO sent 12 -> 6 # 0 at 33556463, 0.827048 0.125623
2024-07-11 06:10:37,533 INFO CHECKSUM 12 7 0: 1.955786
2024-07-11 06:10:37,534 INFO CHECKSUM 12 7 0: 1.955786
2024-07-11 06:10:37,542 INFO recv 12 -> 7 # 0 at 23793005, 0.827048 0.125623
2024-07-11 06:10:37,541 INFO sent 12 -> 7 # 0 at 22863239, 0.827048 0.125623
2024-07-11 06:10:37,559 INFO CHECKSUM 12 8 0: 1.955786
2024-07-11 06:10:37,560 INFO CHECKSUM 12 8 0: 1.955786
2024-07-11 06:10:37,573 INFO sent 12 -> 8 # 0 at 13964622, 0.827048 0.125623
2024-07-11 06:10:37,573 INFO recv 12 -> 8 # 0 at 28002579, 0.827048 0.125623
2024-07-11 06:10:37,683 INFO CHECKSUM 12 9 0: 1.955786
2024-07-11 06:10:37,684 INFO CHECKSUM 12 9 0: 1.955786
2024-07-11 06:10:37,705 INFO sent 12 -> 9 # 0 at 91692901, 0.827048 0.125623
2024-07-11 06:10:37,705 INFO recv 12 -> 9 # 0 at 113666428, 0.827048 0.125623
2024-07-11 06:10:37,743 INFO CHECKSUM 12 10 0: 1.955786
2024-07-11 06:10:37,744 INFO CHECKSUM 12 10 0: 1.955786
2024-07-11 06:10:37,754 INFO sent 12 -> 10 # 0 at 14396596, 0.827048 0.125623
2024-07-11 06:10:37,754 INFO recv 12 -> 10 # 0 at 25040625, 0.827048 0.125623
2024-07-11 06:10:37,779 INFO CHECKSUM 12 11 0: 1.955786
2024-07-11 06:10:37,780 INFO CHECKSUM 12 11 0: 1.955786
2024-07-11 06:10:37,790 INFO sent 12 -> 11 # 0 at 14021152, 0.827048 0.125623
2024-07-11 06:10:37,790 INFO recv 12 -> 11 # 0 at 24666501, 0.827048 0.125623
2024-07-11 06:10:37,984 INFO CHECKSUM 12 13 0: 1.955786
2024-07-11 06:10:37,984 INFO CHECKSUM 12 13 0: 1.955786
2024-07-11 06:10:38,005 INFO sent 12 -> 13 # 0 at 182618221, 0.827048 0.125623
2024-07-11 06:10:38,005 INFO recv 12 -> 13 # 0 at 203967597, 0.827048 0.125623
2024-07-11 06:10:38,195 INFO CHECKSUM 12 14 0: 1.955786
2024-07-11 06:10:38,195 INFO CHECKSUM 12 14 0: 1.955786
2024-07-11 06:10:38,208 INFO sent 12 -> 14 # 0 at 179219757, 0.827048 0.125623
2024-07-11 06:10:38,208 INFO recv 12 -> 14 # 0 at 192564221, 0.827048 0.125623
2024-07-11 06:10:38,399 INFO CHECKSUM 12 15 0: 1.955786
2024-07-11 06:10:38,400 INFO CHECKSUM 12 15 0: 1.955786
2024-07-11 06:10:38,419 INFO Sending from rank 13
2024-07-11 06:10:38,419 INFO Accepting from rank 13
2024-07-11 06:10:38,419 INFO Accepting from rank 13
2024-07-11 06:10:38,419 INFO Accepting from rank 13
2024-07-11 06:10:38,419 INFO Accepting from rank 13
2024-07-11 06:10:38,419 INFO Accepting from rank 13
2024-07-11 06:10:38,419 INFO Accepting from rank 13
2024-07-11 06:10:38,419 INFO Accepting from rank 13
2024-07-11 06:10:38,419 INFO Accepting from rank 13
2024-07-11 06:10:38,419 INFO Accepting from rank 13
2024-07-11 06:10:38,419 INFO sent 12 -> 15 # 0 at 181165815, 0.827048 0.125623
2024-07-11 06:10:38,419 INFO Accepting from rank 13
2024-07-11 06:10:38,419 INFO Accepting from rank 13
2024-07-11 06:10:38,419 INFO Accepting from rank 13
2024-07-11 06:10:38,419 INFO recv 12 -> 15 # 0 at 200788165, 0.827048 0.125623
2024-07-11 06:10:38,419 INFO Accepting from rank 13
2024-07-11 06:10:38,419 INFO Accepting from rank 13
2024-07-11 06:10:38,419 INFO Accepting from rank 13
2024-07-11 06:10:38,540 INFO CHECKSUM 13 0 0: 2.125512
2024-07-11 06:10:38,542 INFO CHECKSUM 13 0 0: 2.125512
2024-07-11 06:10:38,547 INFO sent 13 -> 0 # 0 at 89799475, 0.695449 0.266144
2024-07-11 06:10:38,547 INFO recv 13 -> 0 # 0 at 100380910, 0.695449 0.266144
2024-07-11 06:10:38,567 INFO CHECKSUM 13 1 0: 2.125512
2024-07-11 06:10:38,568 INFO CHECKSUM 13 1 0: 2.125512
2024-07-11 06:10:38,585 INFO recv 13 -> 1 # 0 at 31993262, 0.695449 0.266144
2024-07-11 06:10:38,585 INFO sent 13 -> 1 # 0 at 13953191, 0.695449 0.266144
2024-07-11 06:10:38,678 INFO CHECKSUM 13 2 0: 2.125512
2024-07-11 06:10:38,678 INFO CHECKSUM 13 2 0: 2.125512
2024-07-11 06:10:38,693 INFO recv 13 -> 2 # 0 at 99317079, 0.695449 0.266144
2024-07-11 06:10:38,696 INFO sent 13 -> 2 # 0 at 83069797, 0.695449 0.266144
2024-07-11 06:10:38,720 INFO CHECKSUM 13 3 0: 2.125512
2024-07-11 06:10:38,721 INFO CHECKSUM 13 3 0: 2.125512
2024-07-11 06:10:38,757 INFO recv 13 -> 3 # 0 at 51254070, 0.695449 0.266144
2024-07-11 06:10:38,757 INFO sent 13 -> 3 # 0 at 13951397, 0.695449 0.266144
2024-07-11 06:10:38,803 INFO CHECKSUM 13 4 0: 2.125512
2024-07-11 06:10:38,803 INFO CHECKSUM 13 4 0: 2.125512
2024-07-11 06:10:38,815 INFO recv 13 -> 4 # 0 at 37017460, 0.695449 0.266144
2024-07-11 06:10:38,815 INFO sent 13 -> 4 # 0 at 13961737, 0.695449 0.266144
2024-07-11 06:10:38,835 INFO CHECKSUM 13 5 0: 2.125512
2024-07-11 06:10:38,836 INFO CHECKSUM 13 5 0: 2.125512
2024-07-11 06:10:38,865 INFO sent 13 -> 5 # 0 at 13840102, 0.695449 0.266144
2024-07-11 06:10:38,868 INFO recv 13 -> 5 # 0 at 47137385, 0.695449 0.266144
2024-07-11 06:10:38,957 INFO CHECKSUM 13 6 0: 2.125512
2024-07-11 06:10:38,957 INFO CHECKSUM 13 6 0: 2.125512
2024-07-11 06:10:38,981 INFO recv 13 -> 6 # 0 at 94488334, 0.695449 0.266144
2024-07-11 06:10:38,981 INFO sent 13 -> 6 # 0 at 71289463, 0.695449 0.266144
2024-07-11 06:10:39,002 INFO CHECKSUM 13 7 0: 2.125512
2024-07-11 06:10:39,002 INFO CHECKSUM 13 7 0: 2.125512
2024-07-11 06:10:39,017 INFO recv 13 -> 7 # 0 at 29919074, 0.695449 0.266144
2024-07-11 06:10:39,017 INFO sent 13 -> 7 # 0 at 14214114, 0.695449 0.266144
2024-07-11 06:10:39,044 INFO CHECKSUM 13 8 0: 2.125512
2024-07-11 06:10:39,044 INFO CHECKSUM 13 8 0: 2.125512
2024-07-11 06:10:39,051 INFO recv 13 -> 8 # 0 at 21353699, 0.695449 0.266144
2024-07-11 06:10:39,051 INFO sent 13 -> 8 # 0 at 13787690, 0.695449 0.266144
2024-07-11 06:10:39,076 INFO CHECKSUM 13 9 0: 2.125512
2024-07-11 06:10:39,077 INFO CHECKSUM 13 9 0: 2.125512
2024-07-11 06:10:39,089 INFO sent 13 -> 9 # 0 at 13817528, 0.695449 0.266144
2024-07-11 06:10:39,089 INFO recv 13 -> 9 # 0 at 27279392, 0.695449 0.266144
2024-07-11 06:10:39,116 INFO CHECKSUM 13 10 0: 2.125512
2024-07-11 06:10:39,116 INFO CHECKSUM 13 10 0: 2.125512
2024-07-11 06:10:39,138 INFO recv 13 -> 10 # 0 at 36549327, 0.695449 0.266144
2024-07-11 06:10:39,141 INFO sent 13 -> 10 # 0 at 14151373, 0.695449 0.266144
2024-07-11 06:10:39,238 INFO CHECKSUM 13 11 0: 2.125512
2024-07-11 06:10:39,246 INFO CHECKSUM 13 11 0: 2.125512
2024-07-11 06:10:39,273 INFO recv 13 -> 11 # 0 at 117674684, 0.695449 0.266144
2024-07-11 06:10:39,278 INFO sent 13 -> 11 # 0 at 91407210, 0.695449 0.266144
2024-07-11 06:10:39,303 INFO CHECKSUM 13 12 0: 2.125512
2024-07-11 06:10:39,304 INFO CHECKSUM 13 12 0: 2.125512
2024-07-11 06:10:39,320 INFO recv 13 -> 12 # 0 at 30121248, 0.695449 0.266144
2024-07-11 06:10:39,320 INFO sent 13 -> 12 # 0 at 13663892, 0.695449 0.266144
2024-07-11 06:10:39,507 INFO CHECKSUM 13 14 0: 2.125512
2024-07-11 06:10:39,508 INFO CHECKSUM 13 14 0: 2.125512
2024-07-11 06:10:39,525 INFO sent 13 -> 14 # 0 at 181621626, 0.695449 0.266144
2024-07-11 06:10:39,525 INFO recv 13 -> 14 # 0 at 199776843, 0.695449 0.266144
2024-07-11 06:10:39,731 INFO CHECKSUM 13 15 0: 2.125512
2024-07-11 06:10:39,731 INFO CHECKSUM 13 15 0: 2.125512
2024-07-11 06:10:39,749 INFO Accepting from rank 14
2024-07-11 06:10:39,749 INFO Accepting from rank 14
2024-07-11 06:10:39,749 INFO Accepting from rank 14
2024-07-11 06:10:39,749 INFO Accepting from rank 14
2024-07-11 06:10:39,749 INFO Accepting from rank 14
2024-07-11 06:10:39,749 INFO Accepting from rank 14
2024-07-11 06:10:39,749 INFO Accepting from rank 14
2024-07-11 06:10:39,749 INFO Sending from rank 14
2024-07-11 06:10:39,749 INFO Accepting from rank 14
2024-07-11 06:10:39,749 INFO Accepting from rank 14
2024-07-11 06:10:39,749 INFO Accepting from rank 14
2024-07-11 06:10:39,749 INFO sent 13 -> 15 # 0 at 183261603, 0.695449 0.266144
2024-07-11 06:10:39,749 INFO Accepting from rank 14
2024-07-11 06:10:39,749 INFO Accepting from rank 14
2024-07-11 06:10:39,749 INFO recv 13 -> 15 # 0 at 201520901, 0.695449 0.266144
2024-07-11 06:10:39,749 INFO Accepting from rank 14
2024-07-11 06:10:39,749 INFO Accepting from rank 14
2024-07-11 06:10:39,749 INFO Accepting from rank 14
2024-07-11 06:10:39,784 INFO CHECKSUM 14 0 0: 1.357499
2024-07-11 06:10:39,796 INFO sent 14 -> 0 # 0 at 13946678, 0.658211 0.770370
2024-07-11 06:10:39,785 INFO CHECKSUM 14 0 0: 1.357499
2024-07-11 06:10:39,796 INFO recv 14 -> 0 # 0 at 25749477, 0.658211 0.770370
2024-07-11 06:10:39,826 INFO CHECKSUM 14 1 0: 1.357499
2024-07-11 06:10:39,826 INFO CHECKSUM 14 1 0: 1.357499
2024-07-11 06:10:39,839 INFO sent 14 -> 1 # 0 at 14469747, 0.658211 0.770370
2024-07-11 06:10:39,841 INFO recv 14 -> 1 # 0 at 29888505, 0.658211 0.770370
2024-07-11 06:10:39,858 INFO CHECKSUM 14 2 0: 1.357499
2024-07-11 06:10:39,859 INFO CHECKSUM 14 2 0: 1.357499
2024-07-11 06:10:39,872 INFO recv 14 -> 2 # 0 at 27637684, 0.658211 0.770370
2024-07-11 06:10:39,877 INFO sent 14 -> 2 # 0 at 13752262, 0.658211 0.770370
2024-07-11 06:10:39,892 INFO CHECKSUM 14 3 0: 1.357499
2024-07-11 06:10:39,892 INFO CHECKSUM 14 3 0: 1.357499
2024-07-11 06:10:39,909 INFO recv 14 -> 3 # 0 at 31802542, 0.658211 0.770370
2024-07-11 06:10:39,909 INFO sent 14 -> 3 # 0 at 14408630, 0.658211 0.770370
2024-07-11 06:10:39,936 INFO CHECKSUM 14 4 0: 1.357499
2024-07-11 06:10:39,936 INFO CHECKSUM 14 4 0: 1.357499
2024-07-11 06:10:39,951 INFO recv 14 -> 4 # 0 at 31247851, 0.658211 0.770370
2024-07-11 06:10:39,951 INFO sent 14 -> 4 # 0 at 13732143, 0.658211 0.770370
2024-07-11 06:10:39,983 INFO CHECKSUM 14 5 0: 1.357499
2024-07-11 06:10:39,983 INFO CHECKSUM 14 5 0: 1.357499
2024-07-11 06:10:40,000 INFO recv 14 -> 5 # 0 at 31791662, 0.658211 0.770370
2024-07-11 06:10:40,000 INFO sent 14 -> 5 # 0 at 14833441, 0.658211 0.770370
2024-07-11 06:10:40,023 INFO CHECKSUM 14 6 0: 1.357499
2024-07-11 06:10:40,039 INFO sent 14 -> 6 # 0 at 13861573, 0.658211 0.770370
2024-07-11 06:10:40,024 INFO CHECKSUM 14 6 0: 1.357499
2024-07-11 06:10:40,039 INFO recv 14 -> 6 # 0 at 33417002, 0.658211 0.770370
2024-07-11 06:10:40,136 INFO CHECKSUM 14 7 0: 1.357499
2024-07-11 06:10:40,145 INFO CHECKSUM 14 7 0: 1.357499
2024-07-11 06:10:40,179 INFO sent 14 -> 7 # 0 at 74291551, 0.658211 0.770370
2024-07-11 06:10:40,183 INFO recv 14 -> 7 # 0 at 123363730, 0.658211 0.770370
2024-07-11 06:10:40,216 INFO CHECKSUM 14 8 0: 1.357499
2024-07-11 06:10:40,232 INFO sent 14 -> 8 # 0 at 14389082, 0.658211 0.770370
2024-07-11 06:10:40,216 INFO CHECKSUM 14 8 0: 1.357499
2024-07-11 06:10:40,232 INFO recv 14 -> 8 # 0 at 30526037, 0.658211 0.770370
2024-07-11 06:10:40,257 INFO CHECKSUM 14 9 0: 1.357499
2024-07-11 06:10:40,258 INFO CHECKSUM 14 9 0: 1.357499
2024-07-11 06:10:40,281 INFO sent 14 -> 9 # 0 at 13575291, 0.658211 0.770370
2024-07-11 06:10:40,281 INFO recv 14 -> 9 # 0 at 37813691, 0.658211 0.770370
2024-07-11 06:10:40,308 INFO CHECKSUM 14 10 0: 1.357499
2024-07-11 06:10:40,308 INFO CHECKSUM 14 10 0: 1.357499
2024-07-11 06:10:40,319 INFO sent 14 -> 10 # 0 at 14504305, 0.658211 0.770370
2024-07-11 06:10:40,319 INFO recv 14 -> 10 # 0 at 25979810, 0.658211 0.770370
2024-07-11 06:10:40,343 INFO CHECKSUM 14 11 0: 1.357499
2024-07-11 06:10:40,353 INFO CHECKSUM 14 11 0: 1.357499
2024-07-11 06:10:40,361 INFO sent 14 -> 11 # 0 at 13996434, 0.658211 0.770370
2024-07-11 06:10:40,361 INFO recv 14 -> 11 # 0 at 31805218, 0.658211 0.770370
2024-07-11 06:10:40,471 INFO CHECKSUM 14 12 0: 1.357499
2024-07-11 06:10:40,479 INFO CHECKSUM 14 12 0: 1.357499
2024-07-11 06:10:40,485 INFO recv 14 -> 12 # 0 at 101324064, 0.658211 0.770370
2024-07-11 06:10:40,489 INFO sent 14 -> 12 # 0 at 87042630, 0.658211 0.770370
2024-07-11 06:10:40,591 INFO CHECKSUM 14 13 0: 1.357499
2024-07-11 06:10:40,592 INFO CHECKSUM 14 13 0: 1.357499
2024-07-11 06:10:40,625 INFO recv 14 -> 13 # 0 at 116989341, 0.658211 0.770370
2024-07-11 06:10:40,625 INFO sent 14 -> 13 # 0 at 83792904, 0.658211 0.770370
2024-07-11 06:10:40,821 INFO CHECKSUM 14 15 0: 1.357499
2024-07-11 06:10:40,820 INFO CHECKSUM 14 15 0: 1.357499
2024-07-11 06:10:40,834 INFO Accepting from rank 15
2024-07-11 06:10:40,834 INFO Accepting from rank 15
2024-07-11 06:10:40,834 INFO Accepting from rank 15
2024-07-11 06:10:40,834 INFO Accepting from rank 15
2024-07-11 06:10:40,834 INFO Accepting from rank 15
2024-07-11 06:10:40,834 INFO Accepting from rank 15
2024-07-11 06:10:40,834 INFO Accepting from rank 15
2024-07-11 06:10:40,834 INFO Accepting from rank 15
2024-07-11 06:10:40,834 INFO Accepting from rank 15
2024-07-11 06:10:40,834 INFO Accepting from rank 15
2024-07-11 06:10:40,834 INFO sent 14 -> 15 # 0 at 179657542, 0.658211 0.770370
2024-07-11 06:10:40,834 INFO Accepting from rank 15
2024-07-11 06:10:40,834 INFO Accepting from rank 15
2024-07-11 06:10:40,834 INFO Accepting from rank 15
2024-07-11 06:10:40,834 INFO recv 14 -> 15 # 0 at 194519498, 0.658211 0.770370
2024-07-11 06:10:40,834 INFO Accepting from rank 15
2024-07-11 06:10:40,834 INFO Accepting from rank 15
2024-07-11 06:10:40,834 INFO Sending from rank 15
2024-07-11 06:10:40,876 INFO CHECKSUM 15 0 0: 2.523633
2024-07-11 06:10:40,876 INFO CHECKSUM 15 0 0: 2.523633
2024-07-11 06:10:40,890 INFO recv 15 -> 0 # 0 at 28990155, 0.510873 0.675162
2024-07-11 06:10:40,890 INFO sent 15 -> 0 # 0 at 14016923, 0.510873 0.675162
2024-07-11 06:10:40,934 INFO CHECKSUM 15 1 0: 2.523633
2024-07-11 06:10:40,934 INFO CHECKSUM 15 1 0: 2.523633
2024-07-11 06:10:40,957 INFO recv 15 -> 1 # 0 at 53526052, 0.510873 0.675162
2024-07-11 06:10:40,966 INFO sent 15 -> 1 # 0 at 29966509, 0.510873 0.675162
2024-07-11 06:10:41,043 INFO CHECKSUM 15 2 0: 2.523633
2024-07-11 06:10:41,045 INFO CHECKSUM 15 2 0: 2.523633
2024-07-11 06:10:41,063 INFO recv 15 -> 2 # 0 at 91818714, 0.510873 0.675162
2024-07-11 06:10:41,063 INFO sent 15 -> 2 # 0 at 71805360, 0.510873 0.675162
2024-07-11 06:10:41,081 INFO CHECKSUM 15 3 0: 2.523633
2024-07-11 06:10:41,081 INFO CHECKSUM 15 3 0: 2.523633
2024-07-11 06:10:41,097 INFO recv 15 -> 3 # 0 at 30857772, 0.510873 0.675162
2024-07-11 06:10:41,097 INFO sent 15 -> 3 # 0 at 14418228, 0.510873 0.675162
2024-07-11 06:10:41,117 INFO CHECKSUM 15 4 0: 2.523633
2024-07-11 06:10:41,117 INFO CHECKSUM 15 4 0: 2.523633
2024-07-11 06:10:41,144 INFO recv 15 -> 4 # 0 at 41407152, 0.510873 0.675162
2024-07-11 06:10:41,146 INFO sent 15 -> 4 # 0 at 14381438, 0.510873 0.675162
2024-07-11 06:10:41,165 INFO CHECKSUM 15 5 0: 2.523633
2024-07-11 06:10:41,166 INFO CHECKSUM 15 5 0: 2.523633
2024-07-11 06:10:41,180 INFO recv 15 -> 5 # 0 at 28099217, 0.510873 0.675162
2024-07-11 06:10:41,180 INFO sent 15 -> 5 # 0 at 13886661, 0.510873 0.675162
2024-07-11 06:10:41,203 INFO CHECKSUM 15 6 0: 2.523633
2024-07-11 06:10:41,213 INFO CHECKSUM 15 6 0: 2.523633
2024-07-11 06:10:41,226 INFO recv 15 -> 6 # 0 at 37122614, 0.510873 0.675162
2024-07-11 06:10:41,226 INFO sent 15 -> 6 # 0 at 13998508, 0.510873 0.675162
2024-07-11 06:10:41,325 INFO CHECKSUM 15 7 0: 2.523633
2024-07-11 06:10:41,326 INFO CHECKSUM 15 7 0: 2.523633
2024-07-11 06:10:41,337 INFO recv 15 -> 7 # 0 at 99440353, 0.510873 0.675162
2024-07-11 06:10:41,337 INFO sent 15 -> 7 # 0 at 86802225, 0.510873 0.675162
2024-07-11 06:10:41,364 INFO CHECKSUM 15 8 0: 2.523633
2024-07-11 06:10:41,365 INFO CHECKSUM 15 8 0: 2.523633
2024-07-11 06:10:41,381 INFO recv 15 -> 8 # 0 at 31976470, 0.510873 0.675162
2024-07-11 06:10:41,381 INFO sent 15 -> 8 # 0 at 15133500, 0.510873 0.675162
2024-07-11 06:10:41,397 INFO CHECKSUM 15 9 0: 2.523633
2024-07-11 06:10:41,398 INFO CHECKSUM 15 9 0: 2.523633
2024-07-11 06:10:41,417 INFO sent 15 -> 9 # 0 at 13981064, 0.510873 0.675162
2024-07-11 06:10:41,417 INFO recv 15 -> 9 # 0 at 33645055, 0.510873 0.675162
2024-07-11 06:10:41,446 INFO CHECKSUM 15 10 0: 2.523633
2024-07-11 06:10:41,454 INFO CHECKSUM 15 10 0: 2.523633
2024-07-11 06:10:41,466 INFO sent 15 -> 10 # 0 at 14425463, 0.510873 0.675162
2024-07-11 06:10:41,466 INFO recv 15 -> 10 # 0 at 34082119, 0.510873 0.675162
2024-07-11 06:10:41,487 INFO CHECKSUM 15 11 0: 2.523633
2024-07-11 06:10:41,488 INFO CHECKSUM 15 11 0: 2.523633
2024-07-11 06:10:41,509 INFO sent 15 -> 11 # 0 at 14463195, 0.510873 0.675162
2024-07-11 06:10:41,509 INFO recv 15 -> 11 # 0 at 36407002, 0.510873 0.675162
2024-07-11 06:10:41,524 INFO CHECKSUM 15 12 0: 2.523633
2024-07-11 06:10:41,524 INFO CHECKSUM 15 12 0: 2.523633
2024-07-11 06:10:41,541 INFO recv 15 -> 12 # 0 at 31772778, 0.510873 0.675162
2024-07-11 06:10:41,541 INFO sent 15 -> 12 # 0 at 14433097, 0.510873 0.675162
2024-07-11 06:10:41,569 INFO CHECKSUM 15 13 0: 2.523633
2024-07-11 06:10:41,570 INFO CHECKSUM 15 13 0: 2.523633
2024-07-11 06:10:41,598 INFO recv 15 -> 13 # 0 at 42370488, 0.510873 0.675162
2024-07-11 06:10:41,598 INFO sent 15 -> 13 # 0 at 13607492, 0.510873 0.675162
2024-07-11 06:10:41,637 INFO CHECKSUM 15 14 0: 2.523633
2024-07-11 06:10:41,637 INFO CHECKSUM 15 14 0: 2.523633
2024-07-11 06:10:41,652 INFO Rank 0 start All-Reduce
2024-07-11 06:10:41,652 INFO Rank 4 start All-Reduce
2024-07-11 06:10:41,652 INFO Rank 12 start All-Reduce
2024-07-11 06:10:41,652 INFO Rank 0 HIT BARRIER
2024-07-11 06:10:41,652 INFO Rank 8 start All-Reduce
2024-07-11 06:10:41,652 INFO Rank 10 start All-Reduce
2024-07-11 06:10:41,652 INFO Rank 13 start All-Reduce
2024-07-11 06:10:41,652 INFO sent 15 -> 14 # 0 at 24631766, 0.510873 0.675162
2024-07-11 06:10:41,652 INFO recv 15 -> 14 # 0 at 39784864, 0.510873 0.675162
2024-07-11 06:10:41,652 INFO Rank 15 start All-Reduce
2024-07-11 06:10:41,652 INFO Rank 14 start All-Reduce
2024-07-11 06:10:41,659 INFO Rank 2 start All-Reduce
2024-07-11 06:10:41,659 INFO Rank 5 start All-Reduce
2024-07-11 06:10:41,660 INFO Rank 2 HIT BARRIER
2024-07-11 06:10:41,659 INFO Rank 6 start All-Reduce
2024-07-11 06:10:41,659 INFO Rank 7 start All-Reduce
2024-07-11 06:10:41,660 INFO Rank 1 start All-Reduce
2024-07-11 06:10:41,660 INFO Rank 9 start All-Reduce
2024-07-11 06:10:41,660 INFO Rank 3 start All-Reduce
2024-07-11 06:10:41,660 INFO Rank 11 start All-Reduce
2024-07-11 06:10:41,660 INFO Rank 1 HIT BARRIER
2024-07-11 06:10:41,660 INFO Rank 3 HIT BARRIER
2024-07-11 06:10:41,670 INFO Added key: store_based_barrier_key:2 to store for rank: 0
2024-07-11 06:10:41,670 INFO Added key: store_based_barrier_key:2 to store for rank: 10
2024-07-11 06:10:41,670 INFO Added key: store_based_barrier_key:2 to store for rank: 4
2024-07-11 06:10:41,670 INFO Added key: store_based_barrier_key:2 to store for rank: 13
2024-07-11 06:10:41,671 INFO Added key: store_based_barrier_key:2 to store for rank: 5
2024-07-11 06:10:41,670 INFO Added key: store_based_barrier_key:2 to store for rank: 14
2024-07-11 06:10:41,671 INFO Added key: store_based_barrier_key:2 to store for rank: 2
2024-07-11 06:10:41,670 INFO Added key: store_based_barrier_key:2 to store for rank: 8
2024-07-11 06:10:41,671 INFO Added key: store_based_barrier_key:2 to store for rank: 6
2024-07-11 06:10:41,670 INFO Added key: store_based_barrier_key:2 to store for rank: 15
2024-07-11 06:10:41,671 INFO Added key: store_based_barrier_key:2 to store for rank: 3
2024-07-11 06:10:41,671 INFO Added key: store_based_barrier_key:2 to store for rank: 9
2024-07-11 06:10:41,671 INFO Added key: store_based_barrier_key:2 to store for rank: 7
2024-07-11 06:10:41,670 INFO Added key: store_based_barrier_key:2 to store for rank: 12
2024-07-11 06:10:41,671 INFO Added key: store_based_barrier_key:2 to store for rank: 1
2024-07-11 06:10:41,671 INFO Added key: store_based_barrier_key:2 to store for rank: 11
2024-07-11 06:10:41,671 INFO Rank 3: Completed store-based barrier for key:store_based_barrier_key:2 with 16 nodes.
2024-07-11 06:10:41,671 INFO Rank 1: Completed store-based barrier for key:store_based_barrier_key:2 with 16 nodes.
2024-07-11 06:10:41,671 INFO Made group
2024-07-11 06:10:41,671 INFO Made group
2024-07-11 06:10:41,680 INFO Rank 0: Completed store-based barrier for key:store_based_barrier_key:2 with 16 nodes.
2024-07-11 06:10:41,680 INFO Made group
2024-07-11 06:10:41,681 INFO Rank 4: Completed store-based barrier for key:store_based_barrier_key:2 with 16 nodes.
2024-07-11 06:10:41,681 INFO Rank 10: Completed store-based barrier for key:store_based_barrier_key:2 with 16 nodes.
2024-07-11 06:10:41,681 INFO Rank 2: Completed store-based barrier for key:store_based_barrier_key:2 with 16 nodes.
2024-07-11 06:10:41,681 INFO Rank 8: Completed store-based barrier for key:store_based_barrier_key:2 with 16 nodes.
2024-07-11 06:10:41,681 INFO Rank 6: Completed store-based barrier for key:store_based_barrier_key:2 with 16 nodes.
2024-07-11 06:10:41,681 INFO Made group
2024-07-11 06:10:41,681 INFO Rank 7: Completed store-based barrier for key:store_based_barrier_key:2 with 16 nodes.
2024-07-11 06:10:41,681 INFO Rank 13: Completed store-based barrier for key:store_based_barrier_key:2 with 16 nodes.
2024-07-11 06:10:41,681 INFO Rank 11: Completed store-based barrier for key:store_based_barrier_key:2 with 16 nodes.
2024-07-11 06:10:41,681 INFO Rank 5: Completed store-based barrier for key:store_based_barrier_key:2 with 16 nodes.
2024-07-11 06:10:41,681 INFO Rank 12: Completed store-based barrier for key:store_based_barrier_key:2 with 16 nodes.
2024-07-11 06:10:41,681 INFO Rank 9: Completed store-based barrier for key:store_based_barrier_key:2 with 16 nodes.
2024-07-11 06:10:41,681 INFO Rank 14: Completed store-based barrier for key:store_based_barrier_key:2 with 16 nodes.
2024-07-11 06:10:41,681 INFO Rank 15: Completed store-based barrier for key:store_based_barrier_key:2 with 16 nodes.
2024-07-11 06:10:42,017 INFO Node Reduce CHECKSUM 0: 7.373819
2024-07-11 06:10:42,020 INFO Node Reduce CHECKSUM 1: 7.373819
2024-07-11 06:10:42,020 INFO Node Reduce CHECKSUM 2: 7.373819
2024-07-11 06:10:41,964 INFO Node Reduce CHECKSUM 3: 7.373819
2024-07-11 06:10:42,040 INFO Node Reduce rank 0 at 370360627
2024-07-11 06:10:42,040 INFO Node Reduce rank 3 at 368973720
2024-07-11 06:10:42,040 INFO Rank 4 HIT BARRIER
2024-07-11 06:10:42,040 INFO Node Reduce rank 1 at 368968780
2024-07-11 06:10:42,040 INFO Rank 5 HIT BARRIER
2024-07-11 06:10:42,040 INFO Node Reduce rank 2 at 369371009
2024-07-11 06:10:42,040 INFO Rank 6 HIT BARRIER
2024-07-11 06:10:42,040 INFO Rank 7 HIT BARRIER
2024-07-11 06:10:42,053 INFO Added key: store_based_barrier_key:3 to store for rank: 2
2024-07-11 06:10:42,054 INFO Added key: store_based_barrier_key:3 to store for rank: 4
2024-07-11 06:10:42,054 INFO Added key: store_based_barrier_key:3 to store for rank: 1
2024-07-11 06:10:42,054 INFO Added key: store_based_barrier_key:3 to store for rank: 10
2024-07-11 06:10:42,054 INFO Added key: store_based_barrier_key:3 to store for rank: 3
2024-07-11 06:10:42,054 INFO Added key: store_based_barrier_key:3 to store for rank: 9
2024-07-11 06:10:42,054 INFO Added key: store_based_barrier_key:3 to store for rank: 6
2024-07-11 06:10:42,054 INFO Added key: store_based_barrier_key:3 to store for rank: 13
2024-07-11 06:10:42,054 INFO Added key: store_based_barrier_key:3 to store for rank: 11
2024-07-11 06:10:42,054 INFO Added key: store_based_barrier_key:3 to store for rank: 5
2024-07-11 06:10:42,054 INFO Added key: store_based_barrier_key:3 to store for rank: 14
2024-07-11 06:10:42,054 INFO Added key: store_based_barrier_key:3 to store for rank: 0
2024-07-11 06:10:42,054 INFO Added key: store_based_barrier_key:3 to store for rank: 8
2024-07-11 06:10:42,054 INFO Added key: store_based_barrier_key:3 to store for rank: 7
2024-07-11 06:10:42,054 INFO Added key: store_based_barrier_key:3 to store for rank: 15
2024-07-11 06:10:42,054 INFO Rank 0: Completed store-based barrier for key:store_based_barrier_key:3 with 16 nodes.
2024-07-11 06:10:42,054 INFO Rank 11: Completed store-based barrier for key:store_based_barrier_key:3 with 16 nodes.
2024-07-11 06:10:42,054 INFO Rank 4: Completed store-based barrier for key:store_based_barrier_key:3 with 16 nodes.
2024-07-11 06:10:42,054 INFO Added key: store_based_barrier_key:3 to store for rank: 12
2024-07-11 06:10:42,054 INFO Rank 9: Completed store-based barrier for key:store_based_barrier_key:3 with 16 nodes.
2024-07-11 06:10:42,054 INFO Made group
2024-07-11 06:10:42,054 INFO Rank 13: Completed store-based barrier for key:store_based_barrier_key:3 with 16 nodes.
2024-07-11 06:10:42,054 INFO Rank 8: Completed store-based barrier for key:store_based_barrier_key:3 with 16 nodes.
2024-07-11 06:10:42,054 INFO Rank 6: Completed store-based barrier for key:store_based_barrier_key:3 with 16 nodes.
2024-07-11 06:10:42,054 INFO Rank 14: Completed store-based barrier for key:store_based_barrier_key:3 with 16 nodes.
2024-07-11 06:10:42,054 INFO Made group
2024-07-11 06:10:42,054 INFO Rank 12: Completed store-based barrier for key:store_based_barrier_key:3 with 16 nodes.
2024-07-11 06:10:42,054 INFO Rank 5: Completed store-based barrier for key:store_based_barrier_key:3 with 16 nodes.
2024-07-11 06:10:42,054 INFO Rank 15: Completed store-based barrier for key:store_based_barrier_key:3 with 16 nodes.
2024-07-11 06:10:42,054 INFO Rank 7: Completed store-based barrier for key:store_based_barrier_key:3 with 16 nodes.
2024-07-11 06:10:42,054 INFO Made group
2024-07-11 06:10:42,054 INFO Made group
2024-07-11 06:10:42,064 INFO Rank 2: Completed store-based barrier for key:store_based_barrier_key:3 with 16 nodes.
2024-07-11 06:10:42,064 INFO Rank 1: Completed store-based barrier for key:store_based_barrier_key:3 with 16 nodes.
2024-07-11 06:10:42,064 INFO Rank 3: Completed store-based barrier for key:store_based_barrier_key:3 with 16 nodes.
2024-07-11 06:10:42,064 INFO Rank 10: Completed store-based barrier for key:store_based_barrier_key:3 with 16 nodes.
2024-07-11 06:10:42,344 INFO Node Reduce CHECKSUM 5: 6.672869
2024-07-11 06:10:42,283 INFO Node Reduce CHECKSUM 4: 6.672869
2024-07-11 06:10:42,344 INFO Node Reduce CHECKSUM 6: 6.672869
2024-07-11 06:10:42,345 INFO Node Reduce CHECKSUM 7: 6.672869
2024-07-11 06:10:42,361 INFO Rank 8 HIT BARRIER
2024-07-11 06:10:42,361 INFO Node Reduce rank 4 at 307861022
2024-07-11 06:10:42,361 INFO Rank 9 HIT BARRIER
2024-07-11 06:10:42,361 INFO Node Reduce rank 6 at 307866101
2024-07-11 06:10:42,361 INFO Rank 10 HIT BARRIER
2024-07-11 06:10:42,361 INFO Node Reduce rank 7 at 307655565
2024-07-11 06:10:42,361 INFO Rank 11 HIT BARRIER
2024-07-11 06:10:42,361 INFO Node Reduce rank 5 at 307661907
2024-07-11 06:10:42,371 INFO Added key: store_based_barrier_key:4 to store for rank: 12
2024-07-11 06:10:42,371 INFO Added key: store_based_barrier_key:4 to store for rank: 8
2024-07-11 06:10:42,371 INFO Added key: store_based_barrier_key:4 to store for rank: 4
2024-07-11 06:10:42,371 INFO Added key: store_based_barrier_key:4 to store for rank: 5
2024-07-11 06:10:42,371 INFO Added key: store_based_barrier_key:4 to store for rank: 13
2024-07-11 06:10:42,371 INFO Added key: store_based_barrier_key:4 to store for rank: 2
2024-07-11 06:10:42,371 INFO Added key: store_based_barrier_key:4 to store for rank: 10
2024-07-11 06:10:42,371 INFO Added key: store_based_barrier_key:4 to store for rank: 6
2024-07-11 06:10:42,371 INFO Added key: store_based_barrier_key:4 to store for rank: 14
2024-07-11 06:10:42,371 INFO Added key: store_based_barrier_key:4 to store for rank: 1
2024-07-11 06:10:42,371 INFO Added key: store_based_barrier_key:4 to store for rank: 11
2024-07-11 06:10:42,371 INFO Rank 5: Completed store-based barrier for key:store_based_barrier_key:4 with 16 nodes.
2024-07-11 06:10:42,371 INFO Added key: store_based_barrier_key:4 to store for rank: 15
2024-07-11 06:10:42,371 INFO Added key: store_based_barrier_key:4 to store for rank: 3
2024-07-11 06:10:42,371 INFO Added key: store_based_barrier_key:4 to store for rank: 9
2024-07-11 06:10:42,371 INFO Added key: store_based_barrier_key:4 to store for rank: 7
2024-07-11 06:10:42,371 INFO Added key: store_based_barrier_key:4 to store for rank: 0
2024-07-11 06:10:42,371 INFO Rank 11: Completed store-based barrier for key:store_based_barrier_key:4 with 16 nodes.
2024-07-11 06:10:42,371 INFO Rank 6: Completed store-based barrier for key:store_based_barrier_key:4 with 16 nodes.
2024-07-11 06:10:42,372 INFO Rank 0: Completed store-based barrier for key:store_based_barrier_key:4 with 16 nodes.
2024-07-11 06:10:42,371 INFO Made group
2024-07-11 06:10:42,371 INFO Rank 7: Completed store-based barrier for key:store_based_barrier_key:4 with 16 nodes.
2024-07-11 06:10:42,371 INFO Rank 9: Completed store-based barrier for key:store_based_barrier_key:4 with 16 nodes.
2024-07-11 06:10:42,371 INFO Made group
2024-07-11 06:10:42,381 INFO Rank 2: Completed store-based barrier for key:store_based_barrier_key:4 with 16 nodes.
2024-07-11 06:10:42,381 INFO Rank 4: Completed store-based barrier for key:store_based_barrier_key:4 with 16 nodes.
2024-07-11 06:10:42,381 INFO Rank 1: Completed store-based barrier for key:store_based_barrier_key:4 with 16 nodes.
2024-07-11 06:10:42,381 INFO Rank 10: Completed store-based barrier for key:store_based_barrier_key:4 with 16 nodes.
2024-07-11 06:10:42,381 INFO Rank 3: Completed store-based barrier for key:store_based_barrier_key:4 with 16 nodes.
2024-07-11 06:10:42,381 INFO Made group
2024-07-11 06:10:42,381 INFO Rank 13: Completed store-based barrier for key:store_based_barrier_key:4 with 16 nodes.
2024-07-11 06:10:42,381 INFO Rank 8: Completed store-based barrier for key:store_based_barrier_key:4 with 16 nodes.
2024-07-11 06:10:42,381 INFO Rank 14: Completed store-based barrier for key:store_based_barrier_key:4 with 16 nodes.
2024-07-11 06:10:42,381 INFO Made group
2024-07-11 06:10:42,381 INFO Rank 12: Completed store-based barrier for key:store_based_barrier_key:4 with 16 nodes.
2024-07-11 06:10:42,381 INFO Rank 15: Completed store-based barrier for key:store_based_barrier_key:4 with 16 nodes.
2024-07-11 06:10:42,715 INFO Node Reduce CHECKSUM 9: 4.794903
2024-07-11 06:10:42,719 INFO Node Reduce CHECKSUM 10: 4.794903
2024-07-11 06:10:42,656 INFO Node Reduce CHECKSUM 8: 4.794903
2024-07-11 06:10:42,656 INFO Node Reduce CHECKSUM 11: 4.794903
2024-07-11 06:10:42,743 INFO Node Reduce rank 8 at 372265810
2024-07-11 06:10:42,744 INFO Node Reduce rank 9 at 372983959
2024-07-11 06:10:42,744 INFO Rank 12 HIT BARRIER
2024-07-11 06:10:42,744 INFO Node Reduce rank 10 at 373177302
2024-07-11 06:10:42,744 INFO Rank 13 HIT BARRIER
2024-07-11 06:10:42,744 INFO Node Reduce rank 11 at 372984470
2024-07-11 06:10:42,744 INFO Rank 14 HIT BARRIER
2024-07-11 06:10:42,744 INFO Rank 15 HIT BARRIER
2024-07-11 06:10:42,750 INFO Added key: store_based_barrier_key:5 to store for rank: 0
2024-07-11 06:10:42,750 INFO Added key: store_based_barrier_key:5 to store for rank: 1
2024-07-11 06:10:42,750 INFO Added key: store_based_barrier_key:5 to store for rank: 4
2024-07-11 06:10:42,750 INFO Added key: store_based_barrier_key:5 to store for rank: 2
2024-07-11 06:10:42,750 INFO Added key: store_based_barrier_key:5 to store for rank: 9
2024-07-11 06:10:42,750 INFO Added key: store_based_barrier_key:5 to store for rank: 5
2024-07-11 06:10:42,750 INFO Added key: store_based_barrier_key:5 to store for rank: 13
2024-07-11 06:10:42,750 INFO Added key: store_based_barrier_key:5 to store for rank: 3
2024-07-11 06:10:42,750 INFO Added key: store_based_barrier_key:5 to store for rank: 10
2024-07-11 06:10:42,750 INFO Added key: store_based_barrier_key:5 to store for rank: 6
2024-07-11 06:10:42,750 INFO Added key: store_based_barrier_key:5 to store for rank: 14
2024-07-11 06:10:42,750 INFO Added key: store_based_barrier_key:5 to store for rank: 11
2024-07-11 06:10:42,750 INFO Added key: store_based_barrier_key:5 to store for rank: 7
2024-07-11 06:10:42,750 INFO Added key: store_based_barrier_key:5 to store for rank: 15
2024-07-11 06:10:42,750 INFO Added key: store_based_barrier_key:5 to store for rank: 8
2024-07-11 06:10:42,750 INFO Rank 4: Completed store-based barrier for key:store_based_barrier_key:5 with 16 nodes.
2024-07-11 06:10:42,750 INFO Added key: store_based_barrier_key:5 to store for rank: 12
2024-07-11 06:10:42,750 INFO Rank 11: Completed store-based barrier for key:store_based_barrier_key:5 with 16 nodes.
2024-07-11 06:10:42,750 INFO Rank 5: Completed store-based barrier for key:store_based_barrier_key:5 with 16 nodes.
2024-07-11 06:10:42,750 INFO Rank 14: Completed store-based barrier for key:store_based_barrier_key:5 with 16 nodes.
2024-07-11 06:10:42,750 INFO Rank 8: Completed store-based barrier for key:store_based_barrier_key:5 with 16 nodes.
2024-07-11 06:10:42,750 INFO Rank 6: Completed store-based barrier for key:store_based_barrier_key:5 with 16 nodes.
2024-07-11 06:10:42,750 INFO Rank 13: Completed store-based barrier for key:store_based_barrier_key:5 with 16 nodes.
2024-07-11 06:10:42,750 INFO Rank 9: Completed store-based barrier for key:store_based_barrier_key:5 with 16 nodes.
2024-07-11 06:10:42,750 INFO Rank 7: Completed store-based barrier for key:store_based_barrier_key:5 with 16 nodes.
2024-07-11 06:10:42,750 INFO Made group
2024-07-11 06:10:42,750 INFO Rank 10: Completed store-based barrier for key:store_based_barrier_key:5 with 16 nodes.
2024-07-11 06:10:42,750 INFO Rank 15: Completed store-based barrier for key:store_based_barrier_key:5 with 16 nodes.
2024-07-11 06:10:42,750 INFO Rank 12: Completed store-based barrier for key:store_based_barrier_key:5 with 16 nodes.
2024-07-11 06:10:42,750 INFO Made group
2024-07-11 06:10:42,750 INFO Made group
2024-07-11 06:10:42,750 INFO Made group
2024-07-11 06:10:42,760 INFO Rank 1: Completed store-based barrier for key:store_based_barrier_key:5 with 16 nodes.
2024-07-11 06:10:42,760 INFO Rank 3: Completed store-based barrier for key:store_based_barrier_key:5 with 16 nodes.
2024-07-11 06:10:42,760 INFO Rank 2: Completed store-based barrier for key:store_based_barrier_key:5 with 16 nodes.
2024-07-11 06:10:42,761 INFO Rank 0: Completed store-based barrier for key:store_based_barrier_key:5 with 16 nodes.
2024-07-11 06:10:42,986 INFO Node Reduce CHECKSUM 12: 7.354235
2024-07-11 06:10:43,047 INFO Node Reduce CHECKSUM 13: 7.354235
2024-07-11 06:10:42,990 INFO Node Reduce CHECKSUM 14: 7.354235
2024-07-11 06:10:42,984 INFO Node Reduce CHECKSUM 15: 7.354235
2024-07-11 06:10:43,060 INFO Node Reduce rank 12 at 310151537
2024-07-11 06:10:43,060 INFO Node Reduce rank 13 at 310153400
2024-07-11 06:10:43,060 INFO Node Reduce rank 14 at 310172777
2024-07-11 06:10:43,060 INFO Node Reduce rank 15 at 310173780
2024-07-11 06:10:43,072 INFO All Reduce CHECKSUM 0: 24.574207
2024-07-11 06:10:43,076 INFO All Reduce CHECKSUM 12: 24.574207
2024-07-11 06:10:43,078 INFO All Reduce CHECKSUM 1: 24.574207
2024-07-11 06:10:43,078 INFO All Reduce CHECKSUM 8: 24.574207
2024-07-11 06:10:43,073 INFO All Reduce CHECKSUM 4: 24.574207
2024-07-11 06:10:43,080 INFO All Reduce CHECKSUM 2: 24.574207
2024-07-11 06:10:43,077 INFO All Reduce CHECKSUM 6: 24.574207
2024-07-11 06:10:43,076 INFO All Reduce CHECKSUM 14: 24.574207
2024-07-11 06:10:43,079 INFO All Reduce CHECKSUM 3: 24.574207
2024-07-11 06:10:43,073 INFO All Reduce CHECKSUM 9: 24.574207
2024-07-11 06:10:43,082 INFO All Reduce CHECKSUM 5: 24.574207
2024-07-11 06:10:43,078 INFO All Reduce CHECKSUM 10: 24.574207
2024-07-11 06:10:43,082 INFO All Reduce CHECKSUM 7: 24.574207
2024-07-11 06:10:43,073 INFO All Reduce CHECKSUM 11: 24.574207
2024-07-11 06:10:43,077 INFO All Reduce CHECKSUM 13: 24.574207
2024-07-11 06:10:43,076 INFO All Reduce CHECKSUM 15: 24.574207
2024-07-11 06:10:43,092 INFO All Reduce rank 0 at 20014649
2024-07-11 06:10:43,092 INFO All Reduce rank 4 at 18504426
2024-07-11 06:10:43,092 INFO All Reduce rank 12 at 18495724
2024-07-11 06:10:43,092 INFO All Reduce rank 1 at 14364454
2024-07-11 06:10:43,092 INFO All Reduce rank 8 at 18495084
2024-07-11 06:10:43,092 INFO All Reduce rank 5 at 14362794
2024-07-11 06:10:43,092 INFO All Reduce rank 13 at 18510602
2024-07-11 06:10:43,092 INFO All Reduce rank 2 at 14364865
2024-07-11 06:10:43,092 INFO All Reduce rank 9 at 18491438
2024-07-11 06:10:43,092 INFO All Reduce rank 6 at 14362283
2024-07-11 06:10:43,092 INFO All Reduce rank 14 at 18496134
2024-07-11 06:10:43,092 INFO All Reduce rank 3 at 14365026
2024-07-11 06:10:43,092 INFO All Reduce rank 10 at 18490095
2024-07-11 06:10:43,092 INFO All Reduce rank 7 at 14362673
2024-07-11 06:10:43,092 INFO All Reduce rank 15 at 18512487
2024-07-11 06:10:43,092 INFO Rank 0 done
2024-07-11 06:10:43,092 INFO All Reduce rank 11 at 18490466
2024-07-11 06:10:43,092 INFO Rank 4 done
2024-07-11 06:10:43,092 INFO Rank 14 done
2024-07-11 06:10:43,092 INFO Rank 1 done
2024-07-11 06:10:43,092 INFO Rank 8 done
2024-07-11 06:10:43,092 INFO Rank 5 done
2024-07-11 06:10:43,092 INFO Rank 12 done
2024-07-11 06:10:43,092 INFO Rank 2 done
2024-07-11 06:10:43,092 INFO Rank 9 done
2024-07-11 06:10:43,092 INFO Rank 6 done
2024-07-11 06:10:43,092 INFO Rank 13 done
2024-07-11 06:10:43,092 INFO Rank 3 done
2024-07-11 06:10:43,092 INFO Rank 10 done
2024-07-11 06:10:43,092 INFO Rank 7 done
2024-07-11 06:10:43,092 INFO Rank 15 done
2024-07-11 06:10:43,092 INFO Rank 11 done
