
2024-08-01 08:15:07,048 INFO Initialized rank 15 out of 16
2024-08-01 08:15:07,048 INFO Initialized rank 9 out of 16
2024-08-01 08:15:07,049 INFO Initialized rank 4 out of 16
2024-08-01 08:15:07,050 INFO Initialized rank 5 out of 16
2024-08-01 08:15:07,050 INFO Initialized rank 11 out of 16
2024-08-01 08:15:07,050 INFO Initialized rank 10 out of 16
2024-08-01 08:15:07,051 INFO Initialized rank 8 out of 16
2024-08-01 08:15:07,054 INFO Initialized rank 0 out of 16
2024-08-01 08:15:07,054 INFO Initialized rank 1 out of 16
2024-08-01 08:15:07,054 INFO Initialized rank 2 out of 16
2024-08-01 08:15:07,061 INFO Initialized rank 7 out of 16
2024-08-01 08:15:07,062 INFO Initialized rank 3 out of 16
2024-08-01 08:15:07,064 INFO Initialized rank 12 out of 16
2024-08-01 08:15:07,064 INFO Initialized rank 14 out of 16
2024-08-01 08:15:07,065 INFO Initialized rank 6 out of 16
2024-08-01 08:15:07,073 INFO Initialized rank 13 out of 16
2024-08-01 08:15:09,693 INFO Sync time
2024-08-01 08:15:09,693 INFO Sync time
2024-08-01 08:15:09,693 INFO Sending from rank 0
2024-08-01 08:15:09,693 INFO Sync time
2024-08-01 08:15:09,693 INFO Sync time
2024-08-01 08:15:09,693 INFO Sync time
2024-08-01 08:15:09,693 INFO Accepting from rank 0
2024-08-01 08:15:09,693 INFO Sync time
2024-08-01 08:15:09,693 INFO Sync time
2024-08-01 08:15:09,693 INFO Sync time
2024-08-01 08:15:09,694 INFO Sync time
2024-08-01 08:15:09,693 INFO Sync time
2024-08-01 08:15:09,693 INFO Accepting from rank 0
2024-08-01 08:15:09,693 INFO Sync time
2024-08-01 08:15:09,694 INFO Sync time
2024-08-01 08:15:09,693 INFO Sync time
2024-08-01 08:15:09,693 INFO Accepting from rank 0
2024-08-01 08:15:09,693 INFO Sync time
2024-08-01 08:15:09,694 INFO Accepting from rank 0
2024-08-01 08:15:09,693 INFO Accepting from rank 0
2024-08-01 08:15:09,694 INFO Sync time
2024-08-01 08:15:09,693 INFO Accepting from rank 0
2024-08-01 08:15:09,694 INFO Accepting from rank 0
2024-08-01 08:15:09,693 INFO Accepting from rank 0
2024-08-01 08:15:09,694 INFO Sync time
2024-08-01 08:15:09,693 INFO Accepting from rank 0
2024-08-01 08:15:09,693 INFO Accepting from rank 0
2024-08-01 08:15:09,694 INFO Accepting from rank 0
2024-08-01 08:15:09,693 INFO Accepting from rank 0
2024-08-01 08:15:09,693 INFO Accepting from rank 0
2024-08-01 08:15:09,694 INFO Accepting from rank 0
2024-08-01 08:15:09,693 INFO Accepting from rank 0
2024-08-01 08:15:09,984 INFO CHECKSUM 0 1 0: 1.941526
2024-08-01 08:15:09,984 INFO CHECKSUM 0 1 0: 1.941526
2024-08-01 08:15:09,995 INFO sent 0 -> 1 # 0 at 269405954, 0.668419 0.384840
2024-08-01 08:15:09,995 INFO recv 0 -> 1 # 0 at 261546091, 0.668419 0.384840
2024-08-01 08:15:10,227 INFO CHECKSUM 0 2 0: 1.941526
2024-08-01 08:15:10,228 INFO CHECKSUM 0 2 0: 1.941526
2024-08-01 08:15:10,248 INFO sent 0 -> 2 # 0 at 221616121, 0.668419 0.384840
2024-08-01 08:15:10,249 INFO recv 0 -> 2 # 0 at 243336522, 0.668419 0.384840
2024-08-01 08:15:10,519 INFO CHECKSUM 0 3 0: 1.941526
2024-08-01 08:15:10,520 INFO CHECKSUM 0 3 0: 1.941526
2024-08-01 08:15:10,534 INFO sent 0 -> 3 # 0 at 261159524, 0.668419 0.384840
2024-08-01 08:15:10,534 INFO recv 0 -> 3 # 0 at 276184960, 0.668419 0.384840
2024-08-01 08:15:10,742 INFO CHECKSUM 0 4 0: 1.941526
2024-08-01 08:15:10,754 INFO sent 0 -> 4 # 0 at 204807135, 0.668419 0.384840
2024-08-01 08:15:10,743 INFO CHECKSUM 0 4 0: 1.941526
2024-08-01 08:15:10,754 INFO recv 0 -> 4 # 0 at 216764526, 0.668419 0.384840
2024-08-01 08:15:10,994 INFO CHECKSUM 0 5 0: 1.941526
2024-08-01 08:15:10,997 INFO CHECKSUM 0 5 0: 1.941526
2024-08-01 08:15:11,006 INFO sent 0 -> 5 # 0 at 233031011, 0.668419 0.384840
2024-08-01 08:15:11,006 INFO recv 0 -> 5 # 0 at 244482959, 0.668419 0.384840
2024-08-01 08:15:11,267 INFO CHECKSUM 0 6 0: 1.941526
2024-08-01 08:15:11,269 INFO CHECKSUM 0 6 0: 1.941526
2024-08-01 08:15:11,279 INFO sent 0 -> 6 # 0 at 256787180, 0.668419 0.384840
2024-08-01 08:15:11,279 INFO recv 0 -> 6 # 0 at 268395186, 0.668419 0.384840
2024-08-01 08:15:11,484 INFO CHECKSUM 0 7 0: 1.941526
2024-08-01 08:15:11,486 INFO CHECKSUM 0 7 0: 1.941526
2024-08-01 08:15:11,497 INFO sent 0 -> 7 # 0 at 193629763, 0.668419 0.384840
2024-08-01 08:15:11,497 INFO recv 0 -> 7 # 0 at 207280896, 0.668419 0.384840
2024-08-01 08:15:11,690 INFO CHECKSUM 0 8 0: 1.941526
2024-08-01 08:15:11,693 INFO CHECKSUM 0 8 0: 1.941526
2024-08-01 08:15:11,705 INFO sent 0 -> 8 # 0 at 188002267, 0.668419 0.384840
2024-08-01 08:15:11,705 INFO recv 0 -> 8 # 0 at 202733705, 0.668419 0.384840
2024-08-01 08:15:11,954 INFO CHECKSUM 0 9 0: 1.941526
2024-08-01 08:15:11,963 INFO sent 0 -> 9 # 0 at 243222803, 0.668419 0.384840
2024-08-01 08:15:11,956 INFO CHECKSUM 0 9 0: 1.941526
2024-08-01 08:15:11,964 INFO recv 0 -> 9 # 0 at 252466207, 0.668419 0.384840
2024-08-01 08:15:12,181 INFO CHECKSUM 0 10 0: 1.941526
2024-08-01 08:15:12,182 INFO CHECKSUM 0 10 0: 1.941526
2024-08-01 08:15:12,201 INFO sent 0 -> 10 # 0 at 207181034, 0.668419 0.384840
2024-08-01 08:15:12,202 INFO recv 0 -> 10 # 0 at 228233495, 0.668419 0.384840
2024-08-01 08:15:12,410 INFO CHECKSUM 0 11 0: 1.941526
2024-08-01 08:15:12,412 INFO CHECKSUM 0 11 0: 1.941526
2024-08-01 08:15:12,437 INFO sent 0 -> 11 # 0 at 203793160, 0.668419 0.384840
2024-08-01 08:15:12,437 INFO recv 0 -> 11 # 0 at 230789751, 0.668419 0.384840
2024-08-01 08:15:12,675 INFO CHECKSUM 0 12 0: 1.941526
2024-08-01 08:15:12,677 INFO CHECKSUM 0 12 0: 1.941526
2024-08-01 08:15:12,694 INFO sent 0 -> 12 # 0 at 235001222, 0.668419 0.384840
2024-08-01 08:15:12,694 INFO recv 0 -> 12 # 0 at 254328571, 0.668419 0.384840
2024-08-01 08:15:12,914 INFO CHECKSUM 0 13 0: 1.941526
2024-08-01 08:15:12,919 INFO CHECKSUM 0 13 0: 1.941526
2024-08-01 08:15:12,933 INFO sent 0 -> 13 # 0 at 200310099, 0.668419 0.384840
2024-08-01 08:15:12,933 INFO recv 0 -> 13 # 0 at 219691281, 0.668419 0.384840
2024-08-01 08:15:13,167 INFO CHECKSUM 0 14 0: 1.941526
2024-08-01 08:15:13,168 INFO CHECKSUM 0 14 0: 1.941526
2024-08-01 08:15:13,185 INFO sent 0 -> 14 # 0 at 213401245, 0.668419 0.384840
2024-08-01 08:15:13,185 INFO recv 0 -> 14 # 0 at 232312148, 0.668419 0.384840
2024-08-01 08:15:13,415 INFO CHECKSUM 0 15 0: 1.941526
2024-08-01 08:15:13,419 INFO CHECKSUM 0 15 0: 1.941526
2024-08-01 08:15:13,434 INFO sent 0 -> 15 # 0 at 221979241, 0.668419 0.384840
2024-08-01 08:15:13,434 INFO Accepting from rank 1
2024-08-01 08:15:13,434 INFO Accepting from rank 1
2024-08-01 08:15:13,434 INFO Accepting from rank 1
2024-08-01 08:15:13,434 INFO Sending from rank 1
2024-08-01 08:15:13,434 INFO Accepting from rank 1
2024-08-01 08:15:13,434 INFO Accepting from rank 1
2024-08-01 08:15:13,434 INFO Accepting from rank 1
2024-08-01 08:15:13,434 INFO Accepting from rank 1
2024-08-01 08:15:13,434 INFO Accepting from rank 1
2024-08-01 08:15:13,434 INFO Accepting from rank 1
2024-08-01 08:15:13,434 INFO Accepting from rank 1
2024-08-01 08:15:13,434 INFO Accepting from rank 1
2024-08-01 08:15:13,434 INFO recv 0 -> 15 # 0 at 240502892, 0.668419 0.384840
2024-08-01 08:15:13,434 INFO Accepting from rank 1
2024-08-01 08:15:13,434 INFO Accepting from rank 1
2024-08-01 08:15:13,434 INFO Accepting from rank 1
2024-08-01 08:15:13,434 INFO Accepting from rank 1
2024-08-01 08:15:13,480 INFO CHECKSUM 1 0 0: 1.523592
2024-08-01 08:15:13,480 INFO CHECKSUM 1 0 0: 1.523592
2024-08-01 08:15:13,490 INFO recv 1 -> 0 # 0 at 24438474, 0.356101 0.909249
2024-08-01 08:15:13,498 INFO sent 1 -> 0 # 0 at 14098047, 0.356101 0.909249
2024-08-01 08:15:13,702 INFO CHECKSUM 1 2 0: 1.523592
2024-08-01 08:15:13,703 INFO CHECKSUM 1 2 0: 1.523592
2024-08-01 08:15:13,722 INFO sent 1 -> 2 # 0 at 199775839, 0.356101 0.909249
2024-08-01 08:15:13,722 INFO recv 1 -> 2 # 0 at 219241741, 0.356101 0.909249
2024-08-01 08:15:13,856 INFO CHECKSUM 1 3 0: 1.523592
2024-08-01 08:15:13,857 INFO CHECKSUM 1 3 0: 1.523592
2024-08-01 08:15:13,872 INFO sent 1 -> 3 # 0 at 122978689, 0.356101 0.909249
2024-08-01 08:15:13,872 INFO recv 1 -> 3 # 0 at 138356244, 0.356101 0.909249
2024-08-01 08:15:14,071 INFO CHECKSUM 1 4 0: 1.523592
2024-08-01 08:15:14,071 INFO CHECKSUM 1 4 0: 1.523592
2024-08-01 08:15:14,089 INFO sent 1 -> 4 # 0 at 188768395, 0.356101 0.909249
2024-08-01 08:15:14,089 INFO recv 1 -> 4 # 0 at 207216501, 0.356101 0.909249
2024-08-01 08:15:14,256 INFO CHECKSUM 1 5 0: 1.523592
2024-08-01 08:15:14,267 INFO sent 1 -> 5 # 0 at 165993810, 0.356101 0.909249
2024-08-01 08:15:14,256 INFO CHECKSUM 1 5 0: 1.523592
2024-08-01 08:15:14,268 INFO recv 1 -> 5 # 0 at 177924361, 0.356101 0.909249
2024-08-01 08:15:14,468 INFO CHECKSUM 1 6 0: 1.523592
2024-08-01 08:15:14,468 INFO CHECKSUM 1 6 0: 1.523592
2024-08-01 08:15:14,501 INFO sent 1 -> 6 # 0 at 190260994, 0.356101 0.909249
2024-08-01 08:15:14,501 INFO recv 1 -> 6 # 0 at 224015179, 0.356101 0.909249
2024-08-01 08:15:14,699 INFO CHECKSUM 1 7 0: 1.523592
2024-08-01 08:15:14,699 INFO CHECKSUM 1 7 0: 1.523592
2024-08-01 08:15:14,729 INFO sent 1 -> 7 # 0 at 167311432, 0.356101 0.909249
2024-08-01 08:15:14,729 INFO recv 1 -> 7 # 0 at 199381677, 0.356101 0.909249
2024-08-01 08:15:14,891 INFO CHECKSUM 1 8 0: 1.523592
2024-08-01 08:15:14,901 INFO sent 1 -> 8 # 0 at 161726819, 0.356101 0.909249
2024-08-01 08:15:14,892 INFO CHECKSUM 1 8 0: 1.523592
2024-08-01 08:15:14,901 INFO recv 1 -> 8 # 0 at 171564566, 0.356101 0.909249
2024-08-01 08:15:15,080 INFO CHECKSUM 1 9 0: 1.523592
2024-08-01 08:15:15,081 INFO CHECKSUM 1 9 0: 1.523592
2024-08-01 08:15:15,100 INFO sent 1 -> 9 # 0 at 174735233, 0.356101 0.909249
2024-08-01 08:15:15,100 INFO recv 1 -> 9 # 0 at 194273626, 0.356101 0.909249
2024-08-01 08:15:15,283 INFO CHECKSUM 1 10 0: 1.523592
2024-08-01 08:15:15,284 INFO CHECKSUM 1 10 0: 1.523592
2024-08-01 08:15:15,301 INFO recv 1 -> 10 # 0 at 187021609, 0.356101 0.909249
2024-08-01 08:15:15,314 INFO sent 1 -> 10 # 0 at 168658501, 0.356101 0.909249
2024-08-01 08:15:15,526 INFO CHECKSUM 1 11 0: 1.523592
2024-08-01 08:15:15,527 INFO CHECKSUM 1 11 0: 1.523592
2024-08-01 08:15:15,546 INFO sent 1 -> 11 # 0 at 192359452, 0.356101 0.909249
2024-08-01 08:15:15,546 INFO recv 1 -> 11 # 0 at 203573207, 0.356101 0.909249
2024-08-01 08:15:15,739 INFO CHECKSUM 1 12 0: 1.523592
2024-08-01 08:15:15,748 INFO CHECKSUM 1 12 0: 1.523592
2024-08-01 08:15:15,757 INFO recv 1 -> 12 # 0 at 207334003, 0.356101 0.909249
2024-08-01 08:15:15,766 INFO sent 1 -> 12 # 0 at 189164569, 0.356101 0.909249
2024-08-01 08:15:15,949 INFO CHECKSUM 1 13 0: 1.523592
2024-08-01 08:15:15,949 INFO CHECKSUM 1 13 0: 1.523592
2024-08-01 08:15:15,966 INFO recv 1 -> 13 # 0 at 200229533, 0.356101 0.909249
2024-08-01 08:15:15,970 INFO sent 1 -> 13 # 0 at 182776696, 0.356101 0.909249
2024-08-01 08:15:16,146 INFO CHECKSUM 1 14 0: 1.523592
2024-08-01 08:15:16,147 INFO CHECKSUM 1 14 0: 1.523592
2024-08-01 08:15:16,164 INFO recv 1 -> 14 # 0 at 186599723, 0.356101 0.909249
2024-08-01 08:15:16,178 INFO sent 1 -> 14 # 0 at 168935796, 0.356101 0.909249
2024-08-01 08:15:16,362 INFO CHECKSUM 1 15 0: 1.523592
2024-08-01 08:15:16,364 INFO CHECKSUM 1 15 0: 1.523592
2024-08-01 08:15:16,382 INFO Accepting from rank 2
2024-08-01 08:15:16,382 INFO Accepting from rank 2
2024-08-01 08:15:16,382 INFO Accepting from rank 2
2024-08-01 08:15:16,382 INFO Accepting from rank 2
2024-08-01 08:15:16,382 INFO sent 1 -> 15 # 0 at 165084666, 0.356101 0.909249
2024-08-01 08:15:16,382 INFO Accepting from rank 2
2024-08-01 08:15:16,382 INFO Accepting from rank 2
2024-08-01 08:15:16,382 INFO Accepting from rank 2
2024-08-01 08:15:16,382 INFO Sending from rank 2
2024-08-01 08:15:16,382 INFO Accepting from rank 2
2024-08-01 08:15:16,382 INFO Accepting from rank 2
2024-08-01 08:15:16,382 INFO Accepting from rank 2
2024-08-01 08:15:16,382 INFO Accepting from rank 2
2024-08-01 08:15:16,382 INFO recv 1 -> 15 # 0 at 192322960, 0.356101 0.909249
2024-08-01 08:15:16,382 INFO Accepting from rank 2
2024-08-01 08:15:16,382 INFO Accepting from rank 2
2024-08-01 08:15:16,382 INFO Accepting from rank 2
2024-08-01 08:15:16,383 INFO Accepting from rank 2
2024-08-01 08:15:16,420 INFO CHECKSUM 2 0 0: 1.840518
2024-08-01 08:15:16,421 INFO CHECKSUM 2 0 0: 1.840518
2024-08-01 08:15:16,437 INFO recv 2 -> 0 # 0 at 31111197, 0.829243 0.516283
2024-08-01 08:15:16,438 INFO sent 2 -> 0 # 0 at 13981943, 0.829243 0.516283
2024-08-01 08:15:16,472 INFO CHECKSUM 2 1 0: 1.840518
2024-08-01 08:15:16,473 INFO CHECKSUM 2 1 0: 1.840518
2024-08-01 08:15:16,485 INFO recv 2 -> 1 # 0 at 26868252, 0.829243 0.516283
2024-08-01 08:15:16,485 INFO sent 2 -> 1 # 0 at 13752199, 0.829243 0.516283
2024-08-01 08:15:16,703 INFO CHECKSUM 2 3 0: 1.840518
2024-08-01 08:15:16,704 INFO CHECKSUM 2 3 0: 1.840518
2024-08-01 08:15:16,721 INFO sent 2 -> 3 # 0 at 205400961, 0.829243 0.516283
2024-08-01 08:15:16,721 INFO recv 2 -> 3 # 0 at 223083622, 0.829243 0.516283
2024-08-01 08:15:16,822 INFO CHECKSUM 2 4 0: 1.840518
2024-08-01 08:15:16,823 INFO CHECKSUM 2 4 0: 1.840518
2024-08-01 08:15:16,838 INFO sent 2 -> 4 # 0 at 101035067, 0.829243 0.516283
2024-08-01 08:15:16,838 INFO recv 2 -> 4 # 0 at 116310435, 0.829243 0.516283
2024-08-01 08:15:17,043 INFO CHECKSUM 2 5 0: 1.840518
2024-08-01 08:15:17,044 INFO CHECKSUM 2 5 0: 1.840518
2024-08-01 08:15:17,058 INFO sent 2 -> 5 # 0 at 184996899, 0.829243 0.516283
2024-08-01 08:15:17,058 INFO recv 2 -> 5 # 0 at 200385973, 0.829243 0.516283
2024-08-01 08:15:17,215 INFO CHECKSUM 2 6 0: 1.840518
2024-08-01 08:15:17,215 INFO CHECKSUM 2 6 0: 1.840518
2024-08-01 08:15:17,225 INFO recv 2 -> 6 # 0 at 159721981, 0.829243 0.516283
2024-08-01 08:15:17,225 INFO sent 2 -> 6 # 0 at 149653007, 0.829243 0.516283
2024-08-01 08:15:17,431 INFO CHECKSUM 2 7 0: 1.840518
2024-08-01 08:15:17,431 INFO CHECKSUM 2 7 0: 1.840518
2024-08-01 08:15:17,466 INFO sent 2 -> 7 # 0 at 197501331, 0.829243 0.516283
2024-08-01 08:15:17,466 INFO recv 2 -> 7 # 0 at 232395192, 0.829243 0.516283
2024-08-01 08:15:17,672 INFO CHECKSUM 2 8 0: 1.840518
2024-08-01 08:15:17,672 INFO CHECKSUM 2 8 0: 1.840518
2024-08-01 08:15:17,689 INFO recv 2 -> 8 # 0 at 217736070, 0.829243 0.516283
2024-08-01 08:15:17,695 INFO sent 2 -> 8 # 0 at 199816558, 0.829243 0.516283
2024-08-01 08:15:17,855 INFO CHECKSUM 2 9 0: 1.840518
2024-08-01 08:15:17,856 INFO CHECKSUM 2 9 0: 1.840518
2024-08-01 08:15:17,874 INFO sent 2 -> 9 # 0 at 158134017, 0.829243 0.516283
2024-08-01 08:15:17,874 INFO recv 2 -> 9 # 0 at 176917825, 0.829243 0.516283
2024-08-01 08:15:18,072 INFO CHECKSUM 2 10 0: 1.840518
2024-08-01 08:15:18,073 INFO CHECKSUM 2 10 0: 1.840518
2024-08-01 08:15:18,085 INFO sent 2 -> 10 # 0 at 190755979, 0.829243 0.516283
2024-08-01 08:15:18,085 INFO recv 2 -> 10 # 0 at 203453065, 0.829243 0.516283
2024-08-01 08:15:18,239 INFO CHECKSUM 2 11 0: 1.840518
2024-08-01 08:15:18,240 INFO CHECKSUM 2 11 0: 1.840518
2024-08-01 08:15:18,249 INFO sent 2 -> 11 # 0 at 149790893, 0.829243 0.516283
2024-08-01 08:15:18,249 INFO recv 2 -> 11 # 0 at 159903524, 0.829243 0.516283
2024-08-01 08:15:18,471 INFO CHECKSUM 2 12 0: 1.840518
2024-08-01 08:15:18,472 INFO CHECKSUM 2 12 0: 1.840518
2024-08-01 08:15:18,497 INFO sent 2 -> 12 # 0 at 220905912, 0.829243 0.516283
2024-08-01 08:15:18,497 INFO recv 2 -> 12 # 0 at 246229124, 0.829243 0.516283
2024-08-01 08:15:18,674 INFO CHECKSUM 2 13 0: 1.840518
2024-08-01 08:15:18,674 INFO CHECKSUM 2 13 0: 1.840518
2024-08-01 08:15:18,689 INFO sent 2 -> 13 # 0 at 161061345, 0.829243 0.516283
2024-08-01 08:15:18,689 INFO recv 2 -> 13 # 0 at 175678625, 0.829243 0.516283
2024-08-01 08:15:18,866 INFO CHECKSUM 2 14 0: 1.840518
2024-08-01 08:15:18,876 INFO sent 2 -> 14 # 0 at 169023935, 0.829243 0.516283
2024-08-01 08:15:18,867 INFO CHECKSUM 2 14 0: 1.840518
2024-08-01 08:15:18,876 INFO recv 2 -> 14 # 0 at 178292754, 0.829243 0.516283
2024-08-01 08:15:19,047 INFO CHECKSUM 2 15 0: 1.840518
2024-08-01 08:15:19,047 INFO CHECKSUM 2 15 0: 1.840518
2024-08-01 08:15:19,066 INFO Accepting from rank 3
2024-08-01 08:15:19,067 INFO Accepting from rank 3
2024-08-01 08:15:19,067 INFO Accepting from rank 3
2024-08-01 08:15:19,067 INFO Accepting from rank 3
2024-08-01 08:15:19,067 INFO Accepting from rank 3
2024-08-01 08:15:19,067 INFO Accepting from rank 3
2024-08-01 08:15:19,067 INFO Accepting from rank 3
2024-08-01 08:15:19,067 INFO Accepting from rank 3
2024-08-01 08:15:19,067 INFO recv 2 -> 15 # 0 at 180659907, 0.829243 0.516283
2024-08-01 08:15:19,067 INFO Accepting from rank 3
2024-08-01 08:15:19,067 INFO Accepting from rank 3
2024-08-01 08:15:19,076 INFO Accepting from rank 3
2024-08-01 08:15:19,076 INFO Accepting from rank 3
2024-08-01 08:15:19,076 INFO Accepting from rank 3
2024-08-01 08:15:19,076 INFO sent 2 -> 15 # 0 at 160037189, 0.829243 0.516283
2024-08-01 08:15:19,076 INFO Accepting from rank 3
2024-08-01 08:15:19,076 INFO Sending from rank 3
2024-08-01 08:15:19,076 INFO Accepting from rank 3
2024-08-01 08:15:19,119 INFO CHECKSUM 3 0 0: 1.207885
2024-08-01 08:15:19,122 INFO CHECKSUM 3 0 0: 1.207885
2024-08-01 08:15:19,135 INFO recv 3 -> 0 # 0 at 37936032, 0.412681 0.124908
2024-08-01 08:15:19,135 INFO sent 3 -> 0 # 0 at 22421212, 0.412681 0.124908
2024-08-01 08:15:19,159 INFO CHECKSUM 3 1 0: 1.207885
2024-08-01 08:15:19,160 INFO CHECKSUM 3 1 0: 1.207885
2024-08-01 08:15:19,174 INFO sent 3 -> 1 # 0 at 13943899, 0.412681 0.124908
2024-08-01 08:15:19,174 INFO recv 3 -> 1 # 0 at 28718191, 0.412681 0.124908
2024-08-01 08:15:19,192 INFO CHECKSUM 3 2 0: 1.207885
2024-08-01 08:15:19,193 INFO CHECKSUM 3 2 0: 1.207885
2024-08-01 08:15:19,206 INFO recv 3 -> 2 # 0 at 27110520, 0.412681 0.124908
2024-08-01 08:15:19,206 INFO sent 3 -> 2 # 0 at 13913601, 0.412681 0.124908
2024-08-01 08:15:19,371 INFO CHECKSUM 3 4 0: 1.207885
2024-08-01 08:15:19,372 INFO CHECKSUM 3 4 0: 1.207885
2024-08-01 08:15:19,384 INFO sent 3 -> 4 # 0 at 160823436, 0.412681 0.124908
2024-08-01 08:15:19,384 INFO recv 3 -> 4 # 0 at 173147662, 0.412681 0.124908
2024-08-01 08:15:19,584 INFO CHECKSUM 3 5 0: 1.207885
2024-08-01 08:15:19,584 INFO CHECKSUM 3 5 0: 1.207885
2024-08-01 08:15:19,618 INFO recv 3 -> 5 # 0 at 225024036, 0.412681 0.124908
2024-08-01 08:15:19,625 INFO sent 3 -> 5 # 0 at 190823118, 0.412681 0.124908
2024-08-01 08:15:19,802 INFO CHECKSUM 3 6 0: 1.207885
2024-08-01 08:15:19,810 INFO CHECKSUM 3 6 0: 1.207885
2024-08-01 08:15:19,828 INFO sent 3 -> 6 # 0 at 158738814, 0.412681 0.124908
2024-08-01 08:15:19,828 INFO recv 3 -> 6 # 0 at 186692474, 0.412681 0.124908
2024-08-01 08:15:19,992 INFO CHECKSUM 3 7 0: 1.207885
2024-08-01 08:15:19,992 INFO CHECKSUM 3 7 0: 1.207885
2024-08-01 08:15:20,010 INFO sent 3 -> 7 # 0 at 163475291, 0.412681 0.124908
2024-08-01 08:15:20,010 INFO recv 3 -> 7 # 0 at 182456734, 0.412681 0.124908
2024-08-01 08:15:20,215 INFO CHECKSUM 3 8 0: 1.207885
2024-08-01 08:15:20,215 INFO CHECKSUM 3 8 0: 1.207885
2024-08-01 08:15:20,233 INFO sent 3 -> 8 # 0 at 193291289, 0.412681 0.124908
2024-08-01 08:15:20,233 INFO recv 3 -> 8 # 0 at 211107238, 0.412681 0.124908
2024-08-01 08:15:20,418 INFO CHECKSUM 3 9 0: 1.207885
2024-08-01 08:15:20,418 INFO CHECKSUM 3 9 0: 1.207885
2024-08-01 08:15:20,436 INFO sent 3 -> 9 # 0 at 167969923, 0.412681 0.124908
2024-08-01 08:15:20,436 INFO recv 3 -> 9 # 0 at 186207397, 0.412681 0.124908
2024-08-01 08:15:20,623 INFO CHECKSUM 3 10 0: 1.207885
2024-08-01 08:15:20,624 INFO CHECKSUM 3 10 0: 1.207885
2024-08-01 08:15:20,637 INFO sent 3 -> 10 # 0 at 181760155, 0.412681 0.124908
2024-08-01 08:15:20,637 INFO recv 3 -> 10 # 0 at 195208922, 0.412681 0.124908
2024-08-01 08:15:20,804 INFO CHECKSUM 3 11 0: 1.207885
2024-08-01 08:15:20,805 INFO CHECKSUM 3 11 0: 1.207885
2024-08-01 08:15:20,821 INFO sent 3 -> 11 # 0 at 158977846, 0.412681 0.124908
2024-08-01 08:15:20,821 INFO recv 3 -> 11 # 0 at 175785167, 0.412681 0.124908
2024-08-01 08:15:21,051 INFO CHECKSUM 3 12 0: 1.207885
2024-08-01 08:15:21,052 INFO CHECKSUM 3 12 0: 1.207885
2024-08-01 08:15:21,061 INFO sent 3 -> 12 # 0 at 206397082, 0.412681 0.124908
2024-08-01 08:15:21,061 INFO recv 3 -> 12 # 0 at 216475637, 0.412681 0.124908
2024-08-01 08:15:21,223 INFO CHECKSUM 3 13 0: 1.207885
2024-08-01 08:15:21,224 INFO CHECKSUM 3 13 0: 1.207885
2024-08-01 08:15:21,254 INFO sent 3 -> 13 # 0 at 156503101, 0.412681 0.124908
2024-08-01 08:15:21,254 INFO recv 3 -> 13 # 0 at 187612683, 0.412681 0.124908
2024-08-01 08:15:21,401 INFO CHECKSUM 3 14 0: 1.207885
2024-08-01 08:15:21,401 INFO CHECKSUM 3 14 0: 1.207885
2024-08-01 08:15:21,414 INFO sent 3 -> 14 # 0 at 127151068, 0.412681 0.124908
2024-08-01 08:15:21,414 INFO recv 3 -> 14 # 0 at 140263619, 0.412681 0.124908
2024-08-01 08:15:21,577 INFO CHECKSUM 3 15 0: 1.207885
2024-08-01 08:15:21,577 INFO CHECKSUM 3 15 0: 1.207885
2024-08-01 08:15:21,589 INFO Accepting from rank 4
2024-08-01 08:15:21,589 INFO Accepting from rank 4
2024-08-01 08:15:21,589 INFO Accepting from rank 4
2024-08-01 08:15:21,589 INFO Sending from rank 4
2024-08-01 08:15:21,589 INFO Accepting from rank 4
2024-08-01 08:15:21,589 INFO Accepting from rank 4
2024-08-01 08:15:21,589 INFO Accepting from rank 4
2024-08-01 08:15:21,589 INFO Accepting from rank 4
2024-08-01 08:15:21,589 INFO Accepting from rank 4
2024-08-01 08:15:21,589 INFO Accepting from rank 4
2024-08-01 08:15:21,589 INFO sent 3 -> 15 # 0 at 154044859, 0.412681 0.124908
2024-08-01 08:15:21,589 INFO Accepting from rank 4
2024-08-01 08:15:21,589 INFO Accepting from rank 4
2024-08-01 08:15:21,589 INFO Accepting from rank 4
2024-08-01 08:15:21,589 INFO Accepting from rank 4
2024-08-01 08:15:21,589 INFO recv 3 -> 15 # 0 at 166677172, 0.412681 0.124908
2024-08-01 08:15:21,589 INFO Accepting from rank 4
2024-08-01 08:15:21,589 INFO Accepting from rank 4
2024-08-01 08:15:21,691 INFO CHECKSUM 4 0 0: 1.189123
2024-08-01 08:15:21,701 INFO CHECKSUM 4 0 0: 1.189123
2024-08-01 08:15:21,710 INFO recv 4 -> 0 # 0 at 96580034, 0.860681 0.538981
2024-08-01 08:15:21,710 INFO sent 4 -> 0 # 0 at 78139505, 0.860681 0.538981
2024-08-01 08:15:21,732 INFO CHECKSUM 4 1 0: 1.189123
2024-08-01 08:15:21,733 INFO CHECKSUM 4 1 0: 1.189123
2024-08-01 08:15:21,738 INFO recv 4 -> 1 # 0 at 19695645, 0.860681 0.538981
2024-08-01 08:15:21,738 INFO sent 4 -> 1 # 0 at 14439856, 0.860681 0.538981
2024-08-01 08:15:21,761 INFO CHECKSUM 4 2 0: 1.189123
2024-08-01 08:15:21,762 INFO CHECKSUM 4 2 0: 1.189123
2024-08-01 08:15:21,777 INFO recv 4 -> 2 # 0 at 30663724, 0.860681 0.538981
2024-08-01 08:15:21,777 INFO sent 4 -> 2 # 0 at 13811889, 0.860681 0.538981
2024-08-01 08:15:21,829 INFO CHECKSUM 4 3 0: 1.189123
2024-08-01 08:15:21,828 INFO CHECKSUM 4 3 0: 1.189123
2024-08-01 08:15:21,844 INFO recv 4 -> 3 # 0 at 46991332, 0.860681 0.538981
2024-08-01 08:15:21,844 INFO sent 4 -> 3 # 0 at 31399246, 0.860681 0.538981
2024-08-01 08:15:22,067 INFO CHECKSUM 4 5 0: 1.189123
2024-08-01 08:15:22,068 INFO CHECKSUM 4 5 0: 1.189123
2024-08-01 08:15:22,085 INFO sent 4 -> 5 # 0 at 209210687, 0.860681 0.538981
2024-08-01 08:15:22,085 INFO recv 4 -> 5 # 0 at 227360674, 0.860681 0.538981
2024-08-01 08:15:22,216 INFO CHECKSUM 4 6 0: 1.189123
2024-08-01 08:15:22,217 INFO CHECKSUM 4 6 0: 1.189123
2024-08-01 08:15:22,244 INFO sent 4 -> 6 # 0 at 125332169, 0.860681 0.538981
2024-08-01 08:15:22,244 INFO recv 4 -> 6 # 0 at 153307519, 0.860681 0.538981
2024-08-01 08:15:22,452 INFO CHECKSUM 4 7 0: 1.189123
2024-08-01 08:15:22,453 INFO CHECKSUM 4 7 0: 1.189123
2024-08-01 08:15:22,473 INFO sent 4 -> 7 # 0 at 202940144, 0.860681 0.538981
2024-08-01 08:15:22,473 INFO recv 4 -> 7 # 0 at 223790184, 0.860681 0.538981
2024-08-01 08:15:22,631 INFO CHECKSUM 4 8 0: 1.189123
2024-08-01 08:15:22,632 INFO CHECKSUM 4 8 0: 1.189123
2024-08-01 08:15:22,646 INFO recv 4 -> 8 # 0 at 169374977, 0.860681 0.538981
2024-08-01 08:15:22,646 INFO sent 4 -> 8 # 0 at 154635323, 0.860681 0.538981
2024-08-01 08:15:22,839 INFO CHECKSUM 4 9 0: 1.189123
2024-08-01 08:15:22,840 INFO CHECKSUM 4 9 0: 1.189123
2024-08-01 08:15:22,853 INFO sent 4 -> 9 # 0 at 183607845, 0.860681 0.538981
2024-08-01 08:15:22,853 INFO recv 4 -> 9 # 0 at 198285925, 0.860681 0.538981
2024-08-01 08:15:23,015 INFO CHECKSUM 4 10 0: 1.189123
2024-08-01 08:15:23,016 INFO CHECKSUM 4 10 0: 1.189123
2024-08-01 08:15:23,030 INFO recv 4 -> 10 # 0 at 166928932, 0.860681 0.538981
2024-08-01 08:15:23,030 INFO sent 4 -> 10 # 0 at 152289827, 0.860681 0.538981
2024-08-01 08:15:23,228 INFO CHECKSUM 4 11 0: 1.189123
2024-08-01 08:15:23,228 INFO CHECKSUM 4 11 0: 1.189123
2024-08-01 08:15:23,243 INFO recv 4 -> 11 # 0 at 197665136, 0.860681 0.538981
2024-08-01 08:15:23,243 INFO sent 4 -> 11 # 0 at 185669611, 0.860681 0.538981
2024-08-01 08:15:23,475 INFO CHECKSUM 4 12 0: 1.189123
2024-08-01 08:15:23,476 INFO CHECKSUM 4 12 0: 1.189123
2024-08-01 08:15:23,485 INFO recv 4 -> 12 # 0 at 231242629, 0.860681 0.538981
2024-08-01 08:15:23,485 INFO sent 4 -> 12 # 0 at 221153724, 0.860681 0.538981
2024-08-01 08:15:23,603 INFO CHECKSUM 4 13 0: 1.189123
2024-08-01 08:15:23,604 INFO CHECKSUM 4 13 0: 1.189123
2024-08-01 08:15:23,624 INFO recv 4 -> 13 # 0 at 124106297, 0.860681 0.538981
2024-08-01 08:15:23,624 INFO sent 4 -> 13 # 0 at 103120650, 0.860681 0.538981
2024-08-01 08:15:23,796 INFO CHECKSUM 4 14 0: 1.189123
2024-08-01 08:15:23,798 INFO CHECKSUM 4 14 0: 1.189123
2024-08-01 08:15:23,806 INFO sent 4 -> 14 # 0 at 171348515, 0.860681 0.538981
2024-08-01 08:15:23,806 INFO recv 4 -> 14 # 0 at 181752300, 0.860681 0.538981
2024-08-01 08:15:23,993 INFO CHECKSUM 4 15 0: 1.189123
2024-08-01 08:15:23,994 INFO CHECKSUM 4 15 0: 1.189123
2024-08-01 08:15:24,007 INFO Accepting from rank 5
2024-08-01 08:15:24,007 INFO Accepting from rank 5
2024-08-01 08:15:24,007 INFO Accepting from rank 5
2024-08-01 08:15:24,007 INFO sent 4 -> 15 # 0 at 176073673, 0.860681 0.538981
2024-08-01 08:15:24,007 INFO Accepting from rank 5
2024-08-01 08:15:24,007 INFO Accepting from rank 5
2024-08-01 08:15:24,007 INFO Accepting from rank 5
2024-08-01 08:15:24,007 INFO Accepting from rank 5
2024-08-01 08:15:24,007 INFO recv 4 -> 15 # 0 at 190022187, 0.860681 0.538981
2024-08-01 08:15:24,007 INFO Accepting from rank 5
2024-08-01 08:15:24,009 INFO Accepting from rank 5
2024-08-01 08:15:24,009 INFO Accepting from rank 5
2024-08-01 08:15:24,009 INFO Sending from rank 5
2024-08-01 08:15:24,009 INFO Accepting from rank 5
2024-08-01 08:15:24,009 INFO Accepting from rank 5
2024-08-01 08:15:24,009 INFO Accepting from rank 5
2024-08-01 08:15:24,018 INFO Accepting from rank 5
2024-08-01 08:15:24,018 INFO Accepting from rank 5
2024-08-01 08:15:24,057 INFO CHECKSUM 5 0 0: 1.108281
2024-08-01 08:15:24,058 INFO CHECKSUM 5 0 0: 1.108281
2024-08-01 08:15:24,069 INFO recv 5 -> 0 # 0 at 27052357, 0.330893 0.696185
2024-08-01 08:15:24,069 INFO sent 5 -> 0 # 0 at 14465847, 0.330893 0.696185
2024-08-01 08:15:24,093 INFO CHECKSUM 5 1 0: 1.108281
2024-08-01 08:15:24,093 INFO CHECKSUM 5 1 0: 1.108281
2024-08-01 08:15:24,122 INFO recv 5 -> 1 # 0 at 43165922, 0.330893 0.696185
2024-08-01 08:15:24,122 INFO sent 5 -> 1 # 0 at 14456268, 0.330893 0.696185
2024-08-01 08:15:24,148 INFO CHECKSUM 5 2 0: 1.108281
2024-08-01 08:15:24,148 INFO CHECKSUM 5 2 0: 1.108281
2024-08-01 08:15:24,170 INFO recv 5 -> 2 # 0 at 39279234, 0.330893 0.696185
2024-08-01 08:15:24,170 INFO sent 5 -> 2 # 0 at 14294525, 0.330893 0.696185
2024-08-01 08:15:24,284 INFO CHECKSUM 5 3 0: 1.108281
2024-08-01 08:15:24,293 INFO recv 5 -> 3 # 0 at 99724389, 0.330893 0.696185
2024-08-01 08:15:24,283 INFO CHECKSUM 5 3 0: 1.108281
2024-08-01 08:15:24,294 INFO sent 5 -> 3 # 0 at 97699374, 0.330893 0.696185
2024-08-01 08:15:24,308 INFO CHECKSUM 5 4 0: 1.108281
2024-08-01 08:15:24,308 INFO CHECKSUM 5 4 0: 1.108281
2024-08-01 08:15:24,346 INFO recv 5 -> 4 # 0 at 51787330, 0.330893 0.696185
2024-08-01 08:15:24,358 INFO sent 5 -> 4 # 0 at 14195242, 0.330893 0.696185
2024-08-01 08:15:24,543 INFO CHECKSUM 5 6 0: 1.108281
2024-08-01 08:15:24,543 INFO CHECKSUM 5 6 0: 1.108281
2024-08-01 08:15:24,555 INFO sent 5 -> 6 # 0 at 180295986, 0.330893 0.696185
2024-08-01 08:15:24,555 INFO recv 5 -> 6 # 0 at 192420175, 0.330893 0.696185
2024-08-01 08:15:24,776 INFO CHECKSUM 5 7 0: 1.108281
2024-08-01 08:15:24,776 INFO CHECKSUM 5 7 0: 1.108281
2024-08-01 08:15:24,803 INFO sent 5 -> 7 # 0 at 209337804, 0.330893 0.696185
2024-08-01 08:15:24,803 INFO recv 5 -> 7 # 0 at 237393900, 0.330893 0.696185
2024-08-01 08:15:25,019 INFO CHECKSUM 5 8 0: 1.108281
2024-08-01 08:15:25,019 INFO CHECKSUM 5 8 0: 1.108281
2024-08-01 08:15:25,035 INFO recv 5 -> 8 # 0 at 206542802, 0.330893 0.696185
2024-08-01 08:15:25,042 INFO sent 5 -> 8 # 0 at 190454214, 0.330893 0.696185
2024-08-01 08:15:25,209 INFO CHECKSUM 5 9 0: 1.108281
2024-08-01 08:15:25,210 INFO CHECKSUM 5 9 0: 1.108281
2024-08-01 08:15:25,230 INFO recv 5 -> 9 # 0 at 179675250, 0.330893 0.696185
2024-08-01 08:15:25,230 INFO sent 5 -> 9 # 0 at 159298050, 0.330893 0.696185
2024-08-01 08:15:25,428 INFO CHECKSUM 5 10 0: 1.108281
2024-08-01 08:15:25,428 INFO CHECKSUM 5 10 0: 1.108281
2024-08-01 08:15:25,444 INFO recv 5 -> 10 # 0 at 202176800, 0.330893 0.696185
2024-08-01 08:15:25,444 INFO sent 5 -> 10 # 0 at 185960925, 0.330893 0.696185
2024-08-01 08:15:25,618 INFO CHECKSUM 5 11 0: 1.108281
2024-08-01 08:15:25,619 INFO CHECKSUM 5 11 0: 1.108281
2024-08-01 08:15:25,637 INFO sent 5 -> 11 # 0 at 170170693, 0.330893 0.696185
2024-08-01 08:15:25,641 INFO recv 5 -> 11 # 0 at 193326346, 0.330893 0.696185
2024-08-01 08:15:25,855 INFO CHECKSUM 5 12 0: 1.108281
2024-08-01 08:15:25,855 INFO CHECKSUM 5 12 0: 1.108281
2024-08-01 08:15:25,877 INFO recv 5 -> 12 # 0 at 234659853, 0.330893 0.696185
2024-08-01 08:15:25,882 INFO sent 5 -> 12 # 0 at 212633612, 0.330893 0.696185
2024-08-01 08:15:26,011 INFO CHECKSUM 5 13 0: 1.108281
2024-08-01 08:15:26,011 INFO CHECKSUM 5 13 0: 1.108281
2024-08-01 08:15:26,023 INFO recv 5 -> 13 # 0 at 118083409, 0.330893 0.696185
2024-08-01 08:15:26,023 INFO sent 5 -> 13 # 0 at 108988033, 0.330893 0.696185
2024-08-01 08:15:26,219 INFO CHECKSUM 5 14 0: 1.108281
2024-08-01 08:15:26,220 INFO CHECKSUM 5 14 0: 1.108281
2024-08-01 08:15:26,233 INFO sent 5 -> 14 # 0 at 182624539, 0.330893 0.696185
2024-08-01 08:15:26,233 INFO recv 5 -> 14 # 0 at 196755920, 0.330893 0.696185
2024-08-01 08:15:26,410 INFO CHECKSUM 5 15 0: 1.108281
2024-08-01 08:15:26,411 INFO CHECKSUM 5 15 0: 1.108281
2024-08-01 08:15:26,429 INFO Accepting from rank 6
2024-08-01 08:15:26,430 INFO Accepting from rank 6
2024-08-01 08:15:26,430 INFO Accepting from rank 6
2024-08-01 08:15:26,430 INFO Accepting from rank 6
2024-08-01 08:15:26,430 INFO Accepting from rank 6
2024-08-01 08:15:26,430 INFO Accepting from rank 6
2024-08-01 08:15:26,430 INFO Accepting from rank 6
2024-08-01 08:15:26,430 INFO Accepting from rank 6
2024-08-01 08:15:26,430 INFO Accepting from rank 6
2024-08-01 08:15:26,430 INFO sent 5 -> 15 # 0 at 164363908, 0.330893 0.696185
2024-08-01 08:15:26,430 INFO Accepting from rank 6
2024-08-01 08:15:26,430 INFO Accepting from rank 6
2024-08-01 08:15:26,430 INFO Sending from rank 6
2024-08-01 08:15:26,430 INFO recv 5 -> 15 # 0 at 180323435, 0.330893 0.696185
2024-08-01 08:15:26,430 INFO Accepting from rank 6
2024-08-01 08:15:26,430 INFO Accepting from rank 6
2024-08-01 08:15:26,431 INFO Accepting from rank 6
2024-08-01 08:15:26,430 INFO Accepting from rank 6
2024-08-01 08:15:26,480 INFO CHECKSUM 6 0 0: 0.748679
2024-08-01 08:15:26,480 INFO CHECKSUM 6 0 0: 0.748679
2024-08-01 08:15:26,497 INFO recv 6 -> 0 # 0 at 39217645, 0.465513 0.534801
2024-08-01 08:15:26,497 INFO sent 6 -> 0 # 0 at 22766354, 0.465513 0.534801
2024-08-01 08:15:26,563 INFO CHECKSUM 6 1 0: 0.748679
2024-08-01 08:15:26,564 INFO CHECKSUM 6 1 0: 0.748679
2024-08-01 08:15:26,571 INFO recv 6 -> 1 # 0 at 32994791, 0.465513 0.534801
2024-08-01 08:15:26,571 INFO sent 6 -> 1 # 0 at 29412795, 0.465513 0.534801
2024-08-01 08:15:26,590 INFO CHECKSUM 6 2 0: 0.748679
2024-08-01 08:15:26,590 INFO CHECKSUM 6 2 0: 0.748679
2024-08-01 08:15:26,604 INFO recv 6 -> 2 # 0 at 28627325, 0.465513 0.534801
2024-08-01 08:15:26,604 INFO sent 6 -> 2 # 0 at 13943564, 0.465513 0.534801
2024-08-01 08:15:26,620 INFO CHECKSUM 6 3 0: 0.748679
2024-08-01 08:15:26,620 INFO CHECKSUM 6 3 0: 0.748679
2024-08-01 08:15:26,635 INFO recv 6 -> 3 # 0 at 29100438, 0.465513 0.534801
2024-08-01 08:15:26,635 INFO sent 6 -> 3 # 0 at 14189080, 0.465513 0.534801
2024-08-01 08:15:26,649 INFO CHECKSUM 6 4 0: 0.748679
2024-08-01 08:15:26,650 INFO CHECKSUM 6 4 0: 0.748679
2024-08-01 08:15:26,661 INFO recv 6 -> 4 # 0 at 25785536, 0.465513 0.534801
2024-08-01 08:15:26,661 INFO sent 6 -> 4 # 0 at 13712667, 0.465513 0.534801
2024-08-01 08:15:26,679 INFO CHECKSUM 6 5 0: 0.748679
2024-08-01 08:15:26,679 INFO CHECKSUM 6 5 0: 0.748679
2024-08-01 08:15:26,697 INFO recv 6 -> 5 # 0 at 31234175, 0.465513 0.534801
2024-08-01 08:15:26,697 INFO sent 6 -> 5 # 0 at 13680194, 0.465513 0.534801
2024-08-01 08:15:26,883 INFO CHECKSUM 6 7 0: 0.748679
2024-08-01 08:15:26,884 INFO CHECKSUM 6 7 0: 0.748679
2024-08-01 08:15:26,902 INFO sent 6 -> 7 # 0 at 180731480, 0.465513 0.534801
2024-08-01 08:15:26,902 INFO recv 6 -> 7 # 0 at 199505076, 0.465513 0.534801
2024-08-01 08:15:27,072 INFO CHECKSUM 6 8 0: 0.748679
2024-08-01 08:15:27,081 INFO CHECKSUM 6 8 0: 0.748679
2024-08-01 08:15:27,096 INFO recv 6 -> 8 # 0 at 185187176, 0.465513 0.534801
2024-08-01 08:15:27,096 INFO sent 6 -> 8 # 0 at 161455471, 0.465513 0.534801
2024-08-01 08:15:27,275 INFO CHECKSUM 6 9 0: 0.748679
2024-08-01 08:15:27,275 INFO CHECKSUM 6 9 0: 0.748679
2024-08-01 08:15:27,292 INFO recv 6 -> 9 # 0 at 189927912, 0.465513 0.534801
2024-08-01 08:15:27,292 INFO sent 6 -> 9 # 0 at 173424048, 0.465513 0.534801
2024-08-01 08:15:27,463 INFO CHECKSUM 6 10 0: 0.748679
2024-08-01 08:15:27,464 INFO CHECKSUM 6 10 0: 0.748679
2024-08-01 08:15:27,479 INFO recv 6 -> 10 # 0 at 177139182, 0.465513 0.534801
2024-08-01 08:15:27,479 INFO sent 6 -> 10 # 0 at 161262818, 0.465513 0.534801
2024-08-01 08:15:27,676 INFO CHECKSUM 6 11 0: 0.748679
2024-08-01 08:15:27,676 INFO CHECKSUM 6 11 0: 0.748679
2024-08-01 08:15:27,695 INFO recv 6 -> 11 # 0 at 199545678, 0.465513 0.534801
2024-08-01 08:15:27,695 INFO sent 6 -> 11 # 0 at 179825544, 0.465513 0.534801
2024-08-01 08:15:27,907 INFO CHECKSUM 6 12 0: 0.748679
2024-08-01 08:15:27,907 INFO CHECKSUM 6 12 0: 0.748679
2024-08-01 08:15:27,929 INFO recv 6 -> 12 # 0 at 222720445, 0.465513 0.534801
2024-08-01 08:15:27,930 INFO sent 6 -> 12 # 0 at 200499905, 0.465513 0.534801
2024-08-01 08:15:28,114 INFO CHECKSUM 6 13 0: 0.748679
2024-08-01 08:15:28,115 INFO CHECKSUM 6 13 0: 0.748679
2024-08-01 08:15:28,127 INFO recv 6 -> 13 # 0 at 182161833, 0.465513 0.534801
2024-08-01 08:15:28,127 INFO sent 6 -> 13 # 0 at 169135546, 0.465513 0.534801
2024-08-01 08:15:28,323 INFO CHECKSUM 6 14 0: 0.748679
2024-08-01 08:15:28,323 INFO CHECKSUM 6 14 0: 0.748679
2024-08-01 08:15:28,336 INFO sent 6 -> 14 # 0 at 185789934, 0.465513 0.534801
2024-08-01 08:15:28,336 INFO recv 6 -> 14 # 0 at 198411534, 0.465513 0.534801
2024-08-01 08:15:28,515 INFO CHECKSUM 6 15 0: 0.748679
2024-08-01 08:15:28,516 INFO CHECKSUM 6 15 0: 0.748679
2024-08-01 08:15:28,537 INFO Accepting from rank 7
2024-08-01 08:15:28,537 INFO Accepting from rank 7
2024-08-01 08:15:28,537 INFO Accepting from rank 7
2024-08-01 08:15:28,537 INFO Accepting from rank 7
2024-08-01 08:15:28,537 INFO Accepting from rank 7
2024-08-01 08:15:28,537 INFO Accepting from rank 7
2024-08-01 08:15:28,537 INFO Accepting from rank 7
2024-08-01 08:15:28,537 INFO recv 6 -> 15 # 0 at 195300062, 0.465513 0.534801
2024-08-01 08:15:28,537 INFO Accepting from rank 7
2024-08-01 08:15:28,541 INFO Accepting from rank 7
2024-08-01 08:15:28,541 INFO Accepting from rank 7
2024-08-01 08:15:28,546 INFO Accepting from rank 7
2024-08-01 08:15:28,546 INFO Accepting from rank 7
2024-08-01 08:15:28,546 INFO Accepting from rank 7
2024-08-01 08:15:28,546 INFO Accepting from rank 7
2024-08-01 08:15:28,546 INFO sent 6 -> 15 # 0 at 173401324, 0.465513 0.534801
2024-08-01 08:15:28,546 INFO Sending from rank 7
2024-08-01 08:15:28,546 INFO Accepting from rank 7
2024-08-01 08:15:28,588 INFO CHECKSUM 7 0 0: 2.137390
2024-08-01 08:15:28,598 INFO CHECKSUM 7 0 0: 2.137390
2024-08-01 08:15:28,606 INFO recv 7 -> 0 # 0 at 36759464, 0.528221 0.470352
2024-08-01 08:15:28,608 INFO sent 7 -> 0 # 0 at 19205813, 0.528221 0.470352
2024-08-01 08:15:28,625 INFO CHECKSUM 7 1 0: 2.137390
2024-08-01 08:15:28,625 INFO CHECKSUM 7 1 0: 2.137390
2024-08-01 08:15:28,639 INFO recv 7 -> 1 # 0 at 27776684, 0.528221 0.470352
2024-08-01 08:15:28,639 INFO sent 7 -> 1 # 0 at 13783203, 0.528221 0.470352
2024-08-01 08:15:28,673 INFO CHECKSUM 7 2 0: 2.137390
2024-08-01 08:15:28,673 INFO CHECKSUM 7 2 0: 2.137390
2024-08-01 08:15:28,682 INFO recv 7 -> 2 # 0 at 31134121, 0.528221 0.470352
2024-08-01 08:15:28,682 INFO sent 7 -> 2 # 0 at 22449511, 0.528221 0.470352
2024-08-01 08:15:28,708 INFO CHECKSUM 7 3 0: 2.137390
2024-08-01 08:15:28,709 INFO CHECKSUM 7 3 0: 2.137390
2024-08-01 08:15:28,730 INFO recv 7 -> 3 # 0 at 35667507, 0.528221 0.470352
2024-08-01 08:15:28,730 INFO sent 7 -> 3 # 0 at 14433253, 0.528221 0.470352
2024-08-01 08:15:28,756 INFO CHECKSUM 7 4 0: 2.137390
2024-08-01 08:15:28,756 INFO CHECKSUM 7 4 0: 2.137390
2024-08-01 08:15:28,773 INFO recv 7 -> 4 # 0 at 32007154, 0.528221 0.470352
2024-08-01 08:15:28,773 INFO sent 7 -> 4 # 0 at 14326977, 0.528221 0.470352
2024-08-01 08:15:28,798 INFO CHECKSUM 7 5 0: 2.137390
2024-08-01 08:15:28,799 INFO CHECKSUM 7 5 0: 2.137390
2024-08-01 08:15:28,837 INFO recv 7 -> 5 # 0 at 57686564, 0.528221 0.470352
2024-08-01 08:15:28,837 INFO sent 7 -> 5 # 0 at 18467372, 0.528221 0.470352
2024-08-01 08:15:28,855 INFO CHECKSUM 7 6 0: 2.137390
2024-08-01 08:15:28,856 INFO CHECKSUM 7 6 0: 2.137390
2024-08-01 08:15:28,866 INFO recv 7 -> 6 # 0 at 24398838, 0.528221 0.470352
2024-08-01 08:15:28,866 INFO sent 7 -> 6 # 0 at 13877927, 0.528221 0.470352
2024-08-01 08:15:29,053 INFO CHECKSUM 7 8 0: 2.137390
2024-08-01 08:15:29,053 INFO CHECKSUM 7 8 0: 2.137390
2024-08-01 08:15:29,073 INFO recv 7 -> 8 # 0 at 198616664, 0.528221 0.470352
2024-08-01 08:15:29,073 INFO sent 7 -> 8 # 0 at 178893769, 0.528221 0.470352
2024-08-01 08:15:29,259 INFO CHECKSUM 7 9 0: 2.137390
2024-08-01 08:15:29,271 INFO CHECKSUM 7 9 0: 2.137390
2024-08-01 08:15:29,284 INFO recv 7 -> 9 # 0 at 187394950, 0.528221 0.470352
2024-08-01 08:15:29,284 INFO sent 7 -> 9 # 0 at 169983359, 0.528221 0.470352
2024-08-01 08:15:29,463 INFO CHECKSUM 7 10 0: 2.137390
2024-08-01 08:15:29,464 INFO CHECKSUM 7 10 0: 2.137390
2024-08-01 08:15:29,482 INFO recv 7 -> 10 # 0 at 192544085, 0.528221 0.470352
2024-08-01 08:15:29,482 INFO sent 7 -> 10 # 0 at 173907625, 0.528221 0.470352
2024-08-01 08:15:29,660 INFO CHECKSUM 7 11 0: 2.137390
2024-08-01 08:15:29,664 INFO CHECKSUM 7 11 0: 2.137390
2024-08-01 08:15:29,686 INFO recv 7 -> 11 # 0 at 188516066, 0.528221 0.470352
2024-08-01 08:15:29,686 INFO sent 7 -> 11 # 0 at 163918835, 0.528221 0.470352
2024-08-01 08:15:29,932 INFO CHECKSUM 7 12 0: 2.137390
2024-08-01 08:15:29,932 INFO CHECKSUM 7 12 0: 2.137390
2024-08-01 08:15:29,950 INFO recv 7 -> 12 # 0 at 264124280, 0.528221 0.470352
2024-08-01 08:15:29,950 INFO sent 7 -> 12 # 0 at 245739265, 0.528221 0.470352
2024-08-01 08:15:30,108 INFO CHECKSUM 7 13 0: 2.137390
2024-08-01 08:15:30,109 INFO CHECKSUM 7 13 0: 2.137390
2024-08-01 08:15:30,126 INFO recv 7 -> 13 # 0 at 176231034, 0.528221 0.470352
2024-08-01 08:15:30,126 INFO sent 7 -> 13 # 0 at 157168974, 0.528221 0.470352
2024-08-01 08:15:30,316 INFO CHECKSUM 7 14 0: 2.137390
2024-08-01 08:15:30,317 INFO CHECKSUM 7 14 0: 2.137390
2024-08-01 08:15:30,328 INFO recv 7 -> 14 # 0 at 194921339, 0.528221 0.470352
2024-08-01 08:15:30,328 INFO sent 7 -> 14 # 0 at 182527121, 0.528221 0.470352
2024-08-01 08:15:30,524 INFO CHECKSUM 7 15 0: 2.137390
2024-08-01 08:15:30,524 INFO CHECKSUM 7 15 0: 2.137390
2024-08-01 08:15:30,538 INFO Accepting from rank 8
2024-08-01 08:15:30,546 INFO Sending from rank 8
2024-08-01 08:15:30,546 INFO Accepting from rank 8
2024-08-01 08:15:30,546 INFO Accepting from rank 8
2024-08-01 08:15:30,546 INFO Accepting from rank 8
2024-08-01 08:15:30,546 INFO Accepting from rank 8
2024-08-01 08:15:30,546 INFO Accepting from rank 8
2024-08-01 08:15:30,546 INFO Accepting from rank 8
2024-08-01 08:15:30,546 INFO Accepting from rank 8
2024-08-01 08:15:30,546 INFO Accepting from rank 8
2024-08-01 08:15:30,546 INFO Accepting from rank 8
2024-08-01 08:15:30,546 INFO recv 7 -> 15 # 0 at 205260651, 0.528221 0.470352
2024-08-01 08:15:30,546 INFO Accepting from rank 8
2024-08-01 08:15:30,546 INFO Accepting from rank 8
2024-08-01 08:15:30,546 INFO sent 7 -> 15 # 0 at 182429752, 0.528221 0.470352
2024-08-01 08:15:30,546 INFO Accepting from rank 8
2024-08-01 08:15:30,557 INFO Accepting from rank 8
2024-08-01 08:15:30,557 INFO Accepting from rank 8
2024-08-01 08:15:30,582 INFO CHECKSUM 8 0 0: 1.660011
2024-08-01 08:15:30,583 INFO CHECKSUM 8 0 0: 1.660011
2024-08-01 08:15:30,595 INFO recv 8 -> 0 # 0 at 26696160, 0.988727 0.548806
2024-08-01 08:15:30,595 INFO sent 8 -> 0 # 0 at 14109391, 0.988727 0.548806
2024-08-01 08:15:30,641 INFO CHECKSUM 8 1 0: 1.660011
2024-08-01 08:15:30,640 INFO CHECKSUM 8 1 0: 1.660011
2024-08-01 08:15:30,650 INFO recv 8 -> 1 # 0 at 24025818, 0.988727 0.548806
2024-08-01 08:15:30,650 INFO sent 8 -> 1 # 0 at 22590982, 0.988727 0.548806
2024-08-01 08:15:30,756 INFO CHECKSUM 8 2 0: 1.660011
2024-08-01 08:15:30,756 INFO CHECKSUM 8 2 0: 1.660011
2024-08-01 08:15:30,767 INFO sent 8 -> 2 # 0 at 94321039, 0.988727 0.548806
2024-08-01 08:15:30,778 INFO recv 8 -> 2 # 0 at 111156673, 0.988727 0.548806
2024-08-01 08:15:30,833 INFO CHECKSUM 8 3 0: 1.660011
2024-08-01 08:15:30,845 INFO recv 8 -> 3 # 0 at 43341530, 0.988727 0.548806
2024-08-01 08:15:30,833 INFO CHECKSUM 8 3 0: 1.660011
2024-08-01 08:15:30,845 INFO sent 8 -> 3 # 0 at 39044700, 0.988727 0.548806
2024-08-01 08:15:30,872 INFO CHECKSUM 8 4 0: 1.660011
2024-08-01 08:15:30,872 INFO CHECKSUM 8 4 0: 1.660011
2024-08-01 08:15:30,890 INFO sent 8 -> 4 # 0 at 14556283, 0.988727 0.548806
2024-08-01 08:15:30,890 INFO recv 8 -> 4 # 0 at 32527162, 0.988727 0.548806
2024-08-01 08:15:30,912 INFO CHECKSUM 8 5 0: 1.660011
2024-08-01 08:15:30,913 INFO CHECKSUM 8 5 0: 1.660011
2024-08-01 08:15:30,927 INFO sent 8 -> 5 # 0 at 14461100, 0.988727 0.548806
2024-08-01 08:15:30,930 INFO recv 8 -> 5 # 0 at 31741790, 0.988727 0.548806
2024-08-01 08:15:30,952 INFO CHECKSUM 8 6 0: 1.660011
2024-08-01 08:15:30,952 INFO CHECKSUM 8 6 0: 1.660011
2024-08-01 08:15:30,970 INFO sent 8 -> 6 # 0 at 13984079, 0.988727 0.548806
2024-08-01 08:15:30,970 INFO recv 8 -> 6 # 0 at 32021842, 0.988727 0.548806
2024-08-01 08:15:30,996 INFO CHECKSUM 8 7 0: 1.660011
2024-08-01 08:15:30,996 INFO CHECKSUM 8 7 0: 1.660011
2024-08-01 08:15:31,013 INFO sent 8 -> 7 # 0 at 13917140, 0.988727 0.548806
2024-08-01 08:15:31,013 INFO recv 8 -> 7 # 0 at 31241470, 0.988727 0.548806
2024-08-01 08:15:31,231 INFO CHECKSUM 8 9 0: 1.660011
2024-08-01 08:15:31,231 INFO CHECKSUM 8 9 0: 1.660011
2024-08-01 08:15:31,256 INFO sent 8 -> 9 # 0 at 208642398, 0.988727 0.548806
2024-08-01 08:15:31,256 INFO recv 8 -> 9 # 0 at 233533471, 0.988727 0.548806
2024-08-01 08:15:31,383 INFO CHECKSUM 8 10 0: 1.660011
2024-08-01 08:15:31,384 INFO CHECKSUM 8 10 0: 1.660011
2024-08-01 08:15:31,401 INFO sent 8 -> 10 # 0 at 119065821, 0.988727 0.548806
2024-08-01 08:15:31,401 INFO recv 8 -> 10 # 0 at 137479074, 0.988727 0.548806
2024-08-01 08:15:31,616 INFO CHECKSUM 8 11 0: 1.660011
2024-08-01 08:15:31,616 INFO CHECKSUM 8 11 0: 1.660011
2024-08-01 08:15:31,627 INFO sent 8 -> 11 # 0 at 209255611, 0.988727 0.548806
2024-08-01 08:15:31,627 INFO recv 8 -> 11 # 0 at 220358084, 0.988727 0.548806
2024-08-01 08:15:31,818 INFO CHECKSUM 8 12 0: 1.660011
2024-08-01 08:15:31,820 INFO CHECKSUM 8 12 0: 1.660011
2024-08-01 08:15:31,834 INFO sent 8 -> 12 # 0 at 181181229, 0.988727 0.548806
2024-08-01 08:15:31,845 INFO recv 8 -> 12 # 0 at 207973972, 0.988727 0.548806
2024-08-01 08:15:32,035 INFO CHECKSUM 8 13 0: 1.660011
2024-08-01 08:15:32,057 INFO CHECKSUM 8 13 0: 1.660011
2024-08-01 08:15:32,078 INFO sent 8 -> 13 # 0 at 168835514, 0.988727 0.548806
2024-08-01 08:15:32,083 INFO recv 8 -> 13 # 0 at 212637308, 0.988727 0.548806
2024-08-01 08:15:32,247 INFO CHECKSUM 8 14 0: 1.660011
2024-08-01 08:15:32,248 INFO CHECKSUM 8 14 0: 1.660011
2024-08-01 08:15:32,261 INFO sent 8 -> 14 # 0 at 163170764, 0.988727 0.548806
2024-08-01 08:15:32,261 INFO recv 8 -> 14 # 0 at 177152486, 0.988727 0.548806
2024-08-01 08:15:32,427 INFO CHECKSUM 8 15 0: 1.660011
2024-08-01 08:15:32,428 INFO CHECKSUM 8 15 0: 1.660011
2024-08-01 08:15:32,446 INFO Accepting from rank 9
2024-08-01 08:15:32,446 INFO Accepting from rank 9
2024-08-01 08:15:32,446 INFO sent 8 -> 15 # 0 at 160975865, 0.988727 0.548806
2024-08-01 08:15:32,446 INFO Accepting from rank 9
2024-08-01 08:15:32,446 INFO Accepting from rank 9
2024-08-01 08:15:32,446 INFO Accepting from rank 9
2024-08-01 08:15:32,446 INFO Sending from rank 9
2024-08-01 08:15:32,446 INFO Accepting from rank 9
2024-08-01 08:15:32,446 INFO Accepting from rank 9
2024-08-01 08:15:32,446 INFO Accepting from rank 9
2024-08-01 08:15:32,446 INFO Accepting from rank 9
2024-08-01 08:15:32,446 INFO recv 8 -> 15 # 0 at 179439493, 0.988727 0.548806
2024-08-01 08:15:32,446 INFO Accepting from rank 9
2024-08-01 08:15:32,446 INFO Accepting from rank 9
2024-08-01 08:15:32,446 INFO Accepting from rank 9
2024-08-01 08:15:32,446 INFO Accepting from rank 9
2024-08-01 08:15:32,449 INFO Accepting from rank 9
2024-08-01 08:15:32,449 INFO Accepting from rank 9
2024-08-01 08:15:32,552 INFO CHECKSUM 9 0 0: 1.203801
2024-08-01 08:15:32,561 INFO CHECKSUM 9 0 0: 1.203801
2024-08-01 08:15:32,570 INFO recv 9 -> 0 # 0 at 100529252, 0.162411 0.698607
2024-08-01 08:15:32,581 INFO sent 9 -> 0 # 0 at 82472957, 0.162411 0.698607
2024-08-01 08:15:32,606 INFO CHECKSUM 9 1 0: 1.203801
2024-08-01 08:15:32,606 INFO CHECKSUM 9 1 0: 1.203801
2024-08-01 08:15:32,618 INFO recv 9 -> 1 # 0 at 35451740, 0.162411 0.698607
2024-08-01 08:15:32,618 INFO sent 9 -> 1 # 0 at 23389664, 0.162411 0.698607
2024-08-01 08:15:32,639 INFO CHECKSUM 9 2 0: 1.203801
2024-08-01 08:15:32,639 INFO CHECKSUM 9 2 0: 1.203801
2024-08-01 08:15:32,661 INFO recv 9 -> 2 # 0 at 37271160, 0.162411 0.698607
2024-08-01 08:15:32,674 INFO sent 9 -> 2 # 0 at 14749717, 0.162411 0.698607
2024-08-01 08:15:32,775 INFO CHECKSUM 9 3 0: 1.203801
2024-08-01 08:15:32,775 INFO CHECKSUM 9 3 0: 1.203801
2024-08-01 08:15:32,802 INFO recv 9 -> 3 # 0 at 106910031, 0.162411 0.698607
2024-08-01 08:15:32,806 INFO sent 9 -> 3 # 0 at 79893354, 0.162411 0.698607
2024-08-01 08:15:32,828 INFO CHECKSUM 9 4 0: 1.203801
2024-08-01 08:15:32,829 INFO CHECKSUM 9 4 0: 1.203801
2024-08-01 08:15:32,841 INFO sent 9 -> 4 # 0 at 14019226, 0.162411 0.698607
2024-08-01 08:15:32,841 INFO recv 9 -> 4 # 0 at 28447244, 0.162411 0.698607
2024-08-01 08:15:32,857 INFO CHECKSUM 9 5 0: 1.203801
2024-08-01 08:15:32,859 INFO CHECKSUM 9 5 0: 1.203801
2024-08-01 08:15:32,885 INFO sent 9 -> 5 # 0 at 14349815, 0.162411 0.698607
2024-08-01 08:15:32,886 INFO recv 9 -> 5 # 0 at 43099783, 0.162411 0.698607
2024-08-01 08:15:32,920 INFO CHECKSUM 9 6 0: 1.203801
2024-08-01 08:15:32,931 INFO CHECKSUM 9 6 0: 1.203801
2024-08-01 08:15:32,962 INFO sent 9 -> 6 # 0 at 14358221, 0.162411 0.698607
2024-08-01 08:15:32,964 INFO recv 9 -> 6 # 0 at 57848357, 0.162411 0.698607
2024-08-01 08:15:33,004 INFO CHECKSUM 9 7 0: 1.203801
2024-08-01 08:15:33,004 INFO CHECKSUM 9 7 0: 1.203801
2024-08-01 08:15:33,022 INFO sent 9 -> 7 # 0 at 14886421, 0.162411 0.698607
2024-08-01 08:15:33,022 INFO recv 9 -> 7 # 0 at 32554475, 0.162411 0.698607
2024-08-01 08:15:33,063 INFO CHECKSUM 9 8 0: 1.203801
2024-08-01 08:15:33,064 INFO CHECKSUM 9 8 0: 1.203801
2024-08-01 08:15:33,077 INFO recv 9 -> 8 # 0 at 27055865, 0.162411 0.698607
2024-08-01 08:15:33,077 INFO sent 9 -> 8 # 0 at 13776488, 0.162411 0.698607
2024-08-01 08:15:33,278 INFO CHECKSUM 9 10 0: 1.203801
2024-08-01 08:15:33,279 INFO CHECKSUM 9 10 0: 1.203801
2024-08-01 08:15:33,297 INFO sent 9 -> 10 # 0 at 188627160, 0.162411 0.698607
2024-08-01 08:15:33,297 INFO recv 9 -> 10 # 0 at 207647877, 0.162411 0.698607
2024-08-01 08:15:33,506 INFO CHECKSUM 9 11 0: 1.203801
2024-08-01 08:15:33,507 INFO CHECKSUM 9 11 0: 1.203801
2024-08-01 08:15:33,526 INFO sent 9 -> 11 # 0 at 204935317, 0.162411 0.698607
2024-08-01 08:15:33,526 INFO recv 9 -> 11 # 0 at 224801506, 0.162411 0.698607
2024-08-01 08:15:33,716 INFO CHECKSUM 9 12 0: 1.203801
2024-08-01 08:15:33,716 INFO CHECKSUM 9 12 0: 1.203801
2024-08-01 08:15:33,734 INFO recv 9 -> 12 # 0 at 206980420, 0.162411 0.698607
2024-08-01 08:15:33,734 INFO sent 9 -> 12 # 0 at 188953300, 0.162411 0.698607
2024-08-01 08:15:33,923 INFO CHECKSUM 9 13 0: 1.203801
2024-08-01 08:15:33,924 INFO CHECKSUM 9 13 0: 1.203801
2024-08-01 08:15:33,946 INFO sent 9 -> 13 # 0 at 184182336, 0.162411 0.698607
2024-08-01 08:15:33,946 INFO recv 9 -> 13 # 0 at 207147843, 0.162411 0.698607
2024-08-01 08:15:34,127 INFO CHECKSUM 9 14 0: 1.203801
2024-08-01 08:15:34,128 INFO CHECKSUM 9 14 0: 1.203801
2024-08-01 08:15:34,140 INFO recv 9 -> 14 # 0 at 169485167, 0.162411 0.698607
2024-08-01 08:15:34,140 INFO sent 9 -> 14 # 0 at 154554103, 0.162411 0.698607
2024-08-01 08:15:34,335 INFO CHECKSUM 9 15 0: 1.203801
2024-08-01 08:15:34,336 INFO CHECKSUM 9 15 0: 1.203801
2024-08-01 08:15:34,357 INFO Accepting from rank 10
2024-08-01 08:15:34,358 INFO Accepting from rank 10
2024-08-01 08:15:34,358 INFO Accepting from rank 10
2024-08-01 08:15:34,358 INFO Accepting from rank 10
2024-08-01 08:15:34,359 INFO Accepting from rank 10
2024-08-01 08:15:34,359 INFO Accepting from rank 10
2024-08-01 08:15:34,359 INFO Accepting from rank 10
2024-08-01 08:15:34,359 INFO Accepting from rank 10
2024-08-01 08:15:34,359 INFO Accepting from rank 10
2024-08-01 08:15:34,359 INFO Accepting from rank 10
2024-08-01 08:15:34,362 INFO Accepting from rank 10
2024-08-01 08:15:34,362 INFO sent 9 -> 15 # 0 at 170898349, 0.162411 0.698607
2024-08-01 08:15:34,362 INFO Accepting from rank 10
2024-08-01 08:15:34,362 INFO Sending from rank 10
2024-08-01 08:15:34,362 INFO recv 9 -> 15 # 0 at 193735203, 0.162411 0.698607
2024-08-01 08:15:34,362 INFO Accepting from rank 10
2024-08-01 08:15:34,362 INFO Accepting from rank 10
2024-08-01 08:15:34,362 INFO Accepting from rank 10
2024-08-01 08:15:34,419 INFO CHECKSUM 10 0 0: 1.418355
2024-08-01 08:15:34,419 INFO CHECKSUM 10 0 0: 1.418355
2024-08-01 08:15:34,437 INFO recv 10 -> 0 # 0 at 39987450, 0.088979 0.054569
2024-08-01 08:15:34,450 INFO sent 10 -> 0 # 0 at 22276374, 0.088979 0.054569
2024-08-01 08:15:34,473 INFO CHECKSUM 10 1 0: 1.418355
2024-08-01 08:15:34,473 INFO CHECKSUM 10 1 0: 1.418355
2024-08-01 08:15:34,488 INFO recv 10 -> 1 # 0 at 29882606, 0.088979 0.054569
2024-08-01 08:15:34,488 INFO sent 10 -> 1 # 0 at 14589698, 0.088979 0.054569
2024-08-01 08:15:34,514 INFO CHECKSUM 10 2 0: 1.418355
2024-08-01 08:15:34,515 INFO CHECKSUM 10 2 0: 1.418355
2024-08-01 08:15:34,538 INFO recv 10 -> 2 # 0 at 37527576, 0.088979 0.054569
2024-08-01 08:15:34,538 INFO sent 10 -> 2 # 0 at 14271835, 0.088979 0.054569
2024-08-01 08:15:34,555 INFO CHECKSUM 10 3 0: 1.418355
2024-08-01 08:15:34,556 INFO CHECKSUM 10 3 0: 1.418355
2024-08-01 08:15:34,565 INFO recv 10 -> 3 # 0 at 24399419, 0.088979 0.054569
2024-08-01 08:15:34,569 INFO sent 10 -> 3 # 0 at 14096034, 0.088979 0.054569
2024-08-01 08:15:34,599 INFO CHECKSUM 10 4 0: 1.418355
2024-08-01 08:15:34,599 INFO CHECKSUM 10 4 0: 1.418355
2024-08-01 08:15:34,615 INFO recv 10 -> 4 # 0 at 30403456, 0.088979 0.054569
2024-08-01 08:15:34,618 INFO sent 10 -> 4 # 0 at 14057600, 0.088979 0.054569
2024-08-01 08:15:34,661 INFO CHECKSUM 10 5 0: 1.418355
2024-08-01 08:15:34,661 INFO CHECKSUM 10 5 0: 1.418355
2024-08-01 08:15:34,678 INFO sent 10 -> 5 # 0 at 28955575, 0.088979 0.054569
2024-08-01 08:15:34,682 INFO recv 10 -> 5 # 0 at 49958867, 0.088979 0.054569
2024-08-01 08:15:34,735 INFO CHECKSUM 10 6 0: 1.418355
2024-08-01 08:15:34,735 INFO CHECKSUM 10 6 0: 1.418355
2024-08-01 08:15:34,757 INFO recv 10 -> 6 # 0 at 70729703, 0.088979 0.054569
2024-08-01 08:15:34,762 INFO sent 10 -> 6 # 0 at 37048394, 0.088979 0.054569
2024-08-01 08:15:34,806 INFO CHECKSUM 10 7 0: 1.418355
2024-08-01 08:15:34,806 INFO CHECKSUM 10 7 0: 1.418355
2024-08-01 08:15:34,822 INFO sent 10 -> 7 # 0 at 38675908, 0.088979 0.054569
2024-08-01 08:15:34,826 INFO recv 10 -> 7 # 0 at 58318879, 0.088979 0.054569
2024-08-01 08:15:34,841 INFO CHECKSUM 10 8 0: 1.418355
2024-08-01 08:15:34,841 INFO CHECKSUM 10 8 0: 1.418355
2024-08-01 08:15:34,853 INFO recv 10 -> 8 # 0 at 26779862, 0.088979 0.054569
2024-08-01 08:15:34,853 INFO sent 10 -> 8 # 0 at 14149348, 0.088979 0.054569
2024-08-01 08:15:34,871 INFO CHECKSUM 10 9 0: 1.418355
2024-08-01 08:15:34,872 INFO CHECKSUM 10 9 0: 1.418355
2024-08-01 08:15:34,886 INFO recv 10 -> 9 # 0 at 28711973, 0.088979 0.054569
2024-08-01 08:15:34,886 INFO sent 10 -> 9 # 0 at 13874567, 0.088979 0.054569
2024-08-01 08:15:35,082 INFO CHECKSUM 10 11 0: 1.418355
2024-08-01 08:15:35,084 INFO CHECKSUM 10 11 0: 1.418355
2024-08-01 08:15:35,097 INFO sent 10 -> 11 # 0 at 176312315, 0.088979 0.054569
2024-08-01 08:15:35,097 INFO recv 10 -> 11 # 0 at 191878119, 0.088979 0.054569
2024-08-01 08:15:35,339 INFO CHECKSUM 10 12 0: 1.418355
2024-08-01 08:15:35,340 INFO CHECKSUM 10 12 0: 1.418355
2024-08-01 08:15:35,355 INFO sent 10 -> 12 # 0 at 229531932, 0.088979 0.054569
2024-08-01 08:15:35,355 INFO recv 10 -> 12 # 0 at 245746561, 0.088979 0.054569
2024-08-01 08:15:35,541 INFO CHECKSUM 10 13 0: 1.418355
2024-08-01 08:15:35,541 INFO CHECKSUM 10 13 0: 1.418355
2024-08-01 08:15:35,552 INFO recv 10 -> 13 # 0 at 174576431, 0.088979 0.054569
2024-08-01 08:15:35,552 INFO sent 10 -> 13 # 0 at 171945241, 0.088979 0.054569
2024-08-01 08:15:35,746 INFO CHECKSUM 10 14 0: 1.418355
2024-08-01 08:15:35,747 INFO CHECKSUM 10 14 0: 1.418355
2024-08-01 08:15:35,778 INFO recv 10 -> 14 # 0 at 213318517, 0.088979 0.054569
2024-08-01 08:15:35,778 INFO sent 10 -> 14 # 0 at 181391646, 0.088979 0.054569
2024-08-01 08:15:35,978 INFO CHECKSUM 10 15 0: 1.418355
2024-08-01 08:15:35,987 INFO CHECKSUM 10 15 0: 1.418355
2024-08-01 08:15:36,009 INFO Accepting from rank 11
2024-08-01 08:15:36,010 INFO Accepting from rank 11
2024-08-01 08:15:36,010 INFO Accepting from rank 11
2024-08-01 08:15:36,010 INFO Accepting from rank 11
2024-08-01 08:15:36,010 INFO Accepting from rank 11
2024-08-01 08:15:36,010 INFO Accepting from rank 11
2024-08-01 08:15:36,010 INFO Accepting from rank 11
2024-08-01 08:15:36,010 INFO Sending from rank 11
2024-08-01 08:15:36,010 INFO recv 10 -> 15 # 0 at 212149585, 0.088979 0.054569
2024-08-01 08:15:36,010 INFO sent 10 -> 15 # 0 at 179799741, 0.088979 0.054569
2024-08-01 08:15:36,011 INFO Accepting from rank 11
2024-08-01 08:15:36,011 INFO Accepting from rank 11
2024-08-01 08:15:36,014 INFO Accepting from rank 11
2024-08-01 08:15:36,014 INFO Accepting from rank 11
2024-08-01 08:15:36,014 INFO Accepting from rank 11
2024-08-01 08:15:36,014 INFO Accepting from rank 11
2024-08-01 08:15:36,014 INFO Accepting from rank 11
2024-08-01 08:15:36,014 INFO Accepting from rank 11
2024-08-01 08:15:36,063 INFO CHECKSUM 11 0 0: 1.331965
2024-08-01 08:15:36,063 INFO CHECKSUM 11 0 0: 1.331965
2024-08-01 08:15:36,081 INFO recv 11 -> 0 # 0 at 48925674, 0.707861 0.673254
2024-08-01 08:15:36,083 INFO sent 11 -> 0 # 0 at 30409181, 0.707861 0.673254
2024-08-01 08:15:36,104 INFO CHECKSUM 11 1 0: 1.331965
2024-08-01 08:15:36,104 INFO CHECKSUM 11 1 0: 1.331965
2024-08-01 08:15:36,125 INFO recv 11 -> 1 # 0 at 35260601, 0.707861 0.673254
2024-08-01 08:15:36,125 INFO sent 11 -> 1 # 0 at 13956996, 0.707861 0.673254
2024-08-01 08:15:36,144 INFO CHECKSUM 11 2 0: 1.331965
2024-08-01 08:15:36,145 INFO CHECKSUM 11 2 0: 1.331965
2024-08-01 08:15:36,170 INFO sent 11 -> 2 # 0 at 15457274, 0.707861 0.673254
2024-08-01 08:15:36,178 INFO recv 11 -> 2 # 0 at 49137141, 0.707861 0.673254
2024-08-01 08:15:36,210 INFO CHECKSUM 11 3 0: 1.331965
2024-08-01 08:15:36,208 INFO CHECKSUM 11 3 0: 1.331965
2024-08-01 08:15:36,218 INFO recv 11 -> 3 # 0 at 23888904, 0.707861 0.673254
2024-08-01 08:15:36,229 INFO sent 11 -> 3 # 0 at 14530734, 0.707861 0.673254
2024-08-01 08:15:36,250 INFO CHECKSUM 11 4 0: 1.331965
2024-08-01 08:15:36,250 INFO CHECKSUM 11 4 0: 1.331965
2024-08-01 08:15:36,262 INFO sent 11 -> 4 # 0 at 20277904, 0.707861 0.673254
2024-08-01 08:15:36,262 INFO recv 11 -> 4 # 0 at 32019568, 0.707861 0.673254
2024-08-01 08:15:36,375 INFO CHECKSUM 11 5 0: 1.331965
2024-08-01 08:15:36,376 INFO CHECKSUM 11 5 0: 1.331965
2024-08-01 08:15:36,398 INFO sent 11 -> 5 # 0 at 86496828, 0.707861 0.673254
2024-08-01 08:15:36,402 INFO recv 11 -> 5 # 0 at 113121032, 0.707861 0.673254
2024-08-01 08:15:36,425 INFO CHECKSUM 11 6 0: 1.331965
2024-08-01 08:15:36,425 INFO CHECKSUM 11 6 0: 1.331965
2024-08-01 08:15:36,442 INFO sent 11 -> 6 # 0 at 13831755, 0.707861 0.673254
2024-08-01 08:15:36,442 INFO recv 11 -> 6 # 0 at 30591911, 0.707861 0.673254
2024-08-01 08:15:36,465 INFO CHECKSUM 11 7 0: 1.331965
2024-08-01 08:15:36,465 INFO CHECKSUM 11 7 0: 1.331965
2024-08-01 08:15:36,482 INFO recv 11 -> 7 # 0 at 31943200, 0.707861 0.673254
2024-08-01 08:15:36,487 INFO sent 11 -> 7 # 0 at 14483062, 0.707861 0.673254
2024-08-01 08:15:36,516 INFO CHECKSUM 11 8 0: 1.331965
2024-08-01 08:15:36,516 INFO CHECKSUM 11 8 0: 1.331965
2024-08-01 08:15:36,534 INFO recv 11 -> 8 # 0 at 31753297, 0.707861 0.673254
2024-08-01 08:15:36,537 INFO sent 11 -> 8 # 0 at 13654161, 0.707861 0.673254
2024-08-01 08:15:36,587 INFO CHECKSUM 11 9 0: 1.331965
2024-08-01 08:15:36,587 INFO CHECKSUM 11 9 0: 1.331965
2024-08-01 08:15:36,602 INFO recv 11 -> 9 # 0 at 45609539, 0.707861 0.673254
2024-08-01 08:15:36,602 INFO sent 11 -> 9 # 0 at 30395485, 0.707861 0.673254
2024-08-01 08:15:36,619 INFO CHECKSUM 11 10 0: 1.331965
2024-08-01 08:15:36,619 INFO CHECKSUM 11 10 0: 1.331965
2024-08-01 08:15:36,638 INFO sent 11 -> 10 # 0 at 14006432, 0.707861 0.673254
2024-08-01 08:15:36,638 INFO recv 11 -> 10 # 0 at 32908689, 0.707861 0.673254
2024-08-01 08:15:36,939 INFO CHECKSUM 11 12 0: 1.331965
2024-08-01 08:15:36,939 INFO CHECKSUM 11 12 0: 1.331965
2024-08-01 08:15:36,954 INFO recv 11 -> 12 # 0 at 305206224, 0.707861 0.673254
2024-08-01 08:15:36,954 INFO sent 11 -> 12 # 0 at 290252657, 0.707861 0.673254
2024-08-01 08:15:37,187 INFO CHECKSUM 11 13 0: 1.331965
2024-08-01 08:15:37,188 INFO CHECKSUM 11 13 0: 1.331965
2024-08-01 08:15:37,217 INFO sent 11 -> 13 # 0 at 221769651, 0.707861 0.673254
2024-08-01 08:15:37,221 INFO recv 11 -> 13 # 0 at 255961893, 0.707861 0.673254
2024-08-01 08:15:37,461 INFO CHECKSUM 11 14 0: 1.331965
2024-08-01 08:15:37,469 INFO CHECKSUM 11 14 0: 1.331965
2024-08-01 08:15:37,484 INFO recv 11 -> 14 # 0 at 243668198, 0.707861 0.673254
2024-08-01 08:15:37,484 INFO sent 11 -> 14 # 0 at 220403351, 0.707861 0.673254
2024-08-01 08:15:37,690 INFO CHECKSUM 11 15 0: 1.331965
2024-08-01 08:15:37,690 INFO CHECKSUM 11 15 0: 1.331965
2024-08-01 08:15:37,709 INFO Accepting from rank 12
2024-08-01 08:15:37,710 INFO Accepting from rank 12
2024-08-01 08:15:37,709 INFO Accepting from rank 12
2024-08-01 08:15:37,710 INFO Sending from rank 12
2024-08-01 08:15:37,710 INFO Accepting from rank 12
2024-08-01 08:15:37,710 INFO Accepting from rank 12
2024-08-01 08:15:37,710 INFO Accepting from rank 12
2024-08-01 08:15:37,710 INFO Accepting from rank 12
2024-08-01 08:15:37,710 INFO Accepting from rank 12
2024-08-01 08:15:37,709 INFO Accepting from rank 12
2024-08-01 08:15:37,710 INFO Accepting from rank 12
2024-08-01 08:15:37,710 INFO Accepting from rank 12
2024-08-01 08:15:37,710 INFO Accepting from rank 12
2024-08-01 08:15:37,710 INFO recv 11 -> 15 # 0 at 218910098, 0.707861 0.673254
2024-08-01 08:15:37,710 INFO sent 11 -> 15 # 0 at 198595472, 0.707861 0.673254
2024-08-01 08:15:37,710 INFO Accepting from rank 12
2024-08-01 08:15:37,710 INFO Accepting from rank 12
2024-08-01 08:15:37,710 INFO Accepting from rank 12
2024-08-01 08:15:37,743 INFO CHECKSUM 12 0 0: 1.970632
2024-08-01 08:15:37,744 INFO CHECKSUM 12 0 0: 1.970632
2024-08-01 08:15:37,759 INFO recv 12 -> 0 # 0 at 30249785, 0.231658 0.666808
2024-08-01 08:15:37,762 INFO sent 12 -> 0 # 0 at 14171409, 0.231658 0.666808
2024-08-01 08:15:37,879 INFO CHECKSUM 12 1 0: 1.970632
2024-08-01 08:15:37,880 INFO CHECKSUM 12 1 0: 1.970632
2024-08-01 08:15:37,914 INFO recv 12 -> 1 # 0 at 120022827, 0.231658 0.666808
2024-08-01 08:15:37,914 INFO sent 12 -> 1 # 0 at 85613935, 0.231658 0.666808
2024-08-01 08:15:37,942 INFO CHECKSUM 12 2 0: 1.970632
2024-08-01 08:15:37,942 INFO CHECKSUM 12 2 0: 1.970632
2024-08-01 08:15:37,958 INFO recv 12 -> 2 # 0 at 37017129, 0.231658 0.666808
2024-08-01 08:15:37,958 INFO sent 12 -> 2 # 0 at 20443478, 0.231658 0.666808
2024-08-01 08:15:37,976 INFO CHECKSUM 12 3 0: 1.970632
2024-08-01 08:15:37,995 INFO CHECKSUM 12 3 0: 1.970632
2024-08-01 08:15:38,015 INFO sent 12 -> 3 # 0 at 14413227, 0.231658 0.666808
2024-08-01 08:15:38,026 INFO recv 12 -> 3 # 0 at 65038696, 0.231658 0.666808
2024-08-01 08:15:38,041 INFO CHECKSUM 12 4 0: 1.970632
2024-08-01 08:15:38,071 INFO CHECKSUM 12 4 0: 1.970632
2024-08-01 08:15:38,085 INFO sent 12 -> 4 # 0 at 14533099, 0.231658 0.666808
2024-08-01 08:15:38,085 INFO recv 12 -> 4 # 0 at 58638359, 0.231658 0.666808
2024-08-01 08:15:38,124 INFO CHECKSUM 12 5 0: 1.970632
2024-08-01 08:15:38,125 INFO CHECKSUM 12 5 0: 1.970632
2024-08-01 08:15:38,145 INFO sent 12 -> 5 # 0 at 30974471, 0.231658 0.666808
2024-08-01 08:15:38,145 INFO recv 12 -> 5 # 0 at 52033507, 0.231658 0.666808
2024-08-01 08:15:38,219 INFO CHECKSUM 12 6 0: 1.970632
2024-08-01 08:15:38,221 INFO CHECKSUM 12 6 0: 1.970632
2024-08-01 08:15:38,244 INFO sent 12 -> 6 # 0 at 73936673, 0.231658 0.666808
2024-08-01 08:15:38,244 INFO recv 12 -> 6 # 0 at 98795118, 0.231658 0.666808
2024-08-01 08:15:38,263 INFO CHECKSUM 12 7 0: 1.970632
2024-08-01 08:15:38,265 INFO CHECKSUM 12 7 0: 1.970632
2024-08-01 08:15:38,277 INFO sent 12 -> 7 # 0 at 13984868, 0.231658 0.666808
2024-08-01 08:15:38,278 INFO recv 12 -> 7 # 0 at 28205546, 0.231658 0.666808
2024-08-01 08:15:38,297 INFO CHECKSUM 12 8 0: 1.970632
2024-08-01 08:15:38,297 INFO CHECKSUM 12 8 0: 1.970632
2024-08-01 08:15:38,313 INFO sent 12 -> 8 # 0 at 14362058, 0.231658 0.666808
2024-08-01 08:15:38,313 INFO recv 12 -> 8 # 0 at 30811609, 0.231658 0.666808
2024-08-01 08:15:38,348 INFO CHECKSUM 12 9 0: 1.970632
2024-08-01 08:15:38,349 INFO CHECKSUM 12 9 0: 1.970632
2024-08-01 08:15:38,362 INFO sent 12 -> 9 # 0 at 14039924, 0.231658 0.666808
2024-08-01 08:15:38,362 INFO recv 12 -> 9 # 0 at 27744425, 0.231658 0.666808
2024-08-01 08:15:38,388 INFO CHECKSUM 12 10 0: 1.970632
2024-08-01 08:15:38,400 INFO CHECKSUM 12 10 0: 1.970632
2024-08-01 08:15:38,410 INFO sent 12 -> 10 # 0 at 14024374, 0.231658 0.666808
2024-08-01 08:15:38,410 INFO recv 12 -> 10 # 0 at 36637752, 0.231658 0.666808
2024-08-01 08:15:38,456 INFO CHECKSUM 12 11 0: 1.970632
2024-08-01 08:15:38,456 INFO CHECKSUM 12 11 0: 1.970632
2024-08-01 08:15:38,474 INFO sent 12 -> 11 # 0 at 23595810, 0.231658 0.666808
2024-08-01 08:15:38,474 INFO recv 12 -> 11 # 0 at 33398936, 0.231658 0.666808
2024-08-01 08:15:38,711 INFO CHECKSUM 12 13 0: 1.970632
2024-08-01 08:15:38,711 INFO CHECKSUM 12 13 0: 1.970632
2024-08-01 08:15:38,734 INFO sent 12 -> 13 # 0 at 221025423, 0.231658 0.666808
2024-08-01 08:15:38,738 INFO recv 12 -> 13 # 0 at 248248934, 0.231658 0.666808
2024-08-01 08:15:38,890 INFO CHECKSUM 12 14 0: 1.970632
2024-08-01 08:15:38,891 INFO CHECKSUM 12 14 0: 1.970632
2024-08-01 08:15:38,902 INFO sent 12 -> 14 # 0 at 136264319, 0.231658 0.666808
2024-08-01 08:15:38,902 INFO recv 12 -> 14 # 0 at 147746923, 0.231658 0.666808
2024-08-01 08:15:39,065 INFO CHECKSUM 12 15 0: 1.970632
2024-08-01 08:15:39,066 INFO CHECKSUM 12 15 0: 1.970632
2024-08-01 08:15:39,077 INFO Accepting from rank 13
2024-08-01 08:15:39,077 INFO Accepting from rank 13
2024-08-01 08:15:39,077 INFO Accepting from rank 13
2024-08-01 08:15:39,077 INFO Sending from rank 13
2024-08-01 08:15:39,077 INFO Accepting from rank 13
2024-08-01 08:15:39,077 INFO Accepting from rank 13
2024-08-01 08:15:39,077 INFO Accepting from rank 13
2024-08-01 08:15:39,077 INFO Accepting from rank 13
2024-08-01 08:15:39,077 INFO Accepting from rank 13
2024-08-01 08:15:39,077 INFO Accepting from rank 13
2024-08-01 08:15:39,077 INFO sent 12 -> 15 # 0 at 148727781, 0.231658 0.666808
2024-08-01 08:15:39,077 INFO Accepting from rank 13
2024-08-01 08:15:39,077 INFO recv 12 -> 15 # 0 at 161030363, 0.231658 0.666808
2024-08-01 08:15:39,077 INFO Accepting from rank 13
2024-08-01 08:15:39,077 INFO Accepting from rank 13
2024-08-01 08:15:39,077 INFO Accepting from rank 13
2024-08-01 08:15:39,081 INFO Accepting from rank 13
2024-08-01 08:15:39,081 INFO Accepting from rank 13
2024-08-01 08:15:39,143 INFO CHECKSUM 13 0 0: 1.314539
2024-08-01 08:15:39,143 INFO CHECKSUM 13 0 0: 1.314539
2024-08-01 08:15:39,158 INFO recv 13 -> 0 # 0 at 51808434, 0.539263 0.111392
2024-08-01 08:15:39,166 INFO sent 13 -> 0 # 0 at 36212750, 0.539263 0.111392
2024-08-01 08:15:39,222 INFO CHECKSUM 13 1 0: 1.314539
2024-08-01 08:15:39,221 INFO CHECKSUM 13 1 0: 1.314539
2024-08-01 08:15:39,232 INFO recv 13 -> 1 # 0 at 54436684, 0.539263 0.111392
2024-08-01 08:15:39,232 INFO sent 13 -> 1 # 0 at 35305163, 0.539263 0.111392
2024-08-01 08:15:39,272 INFO CHECKSUM 13 2 0: 1.314539
2024-08-01 08:15:39,272 INFO CHECKSUM 13 2 0: 1.314539
2024-08-01 08:15:39,301 INFO recv 13 -> 2 # 0 at 59328682, 0.539263 0.111392
2024-08-01 08:15:39,301 INFO sent 13 -> 2 # 0 at 29724672, 0.539263 0.111392
2024-08-01 08:15:39,348 INFO CHECKSUM 13 3 0: 1.314539
2024-08-01 08:15:39,348 INFO CHECKSUM 13 3 0: 1.314539
2024-08-01 08:15:39,370 INFO recv 13 -> 3 # 0 at 53462214, 0.539263 0.111392
2024-08-01 08:15:39,375 INFO sent 13 -> 3 # 0 at 31233172, 0.539263 0.111392
2024-08-01 08:15:39,394 INFO CHECKSUM 13 4 0: 1.314539
2024-08-01 08:15:39,406 INFO sent 13 -> 4 # 0 at 17945594, 0.539263 0.111392
2024-08-01 08:15:39,394 INFO CHECKSUM 13 4 0: 1.314539
2024-08-01 08:15:39,406 INFO recv 13 -> 4 # 0 at 30630516, 0.539263 0.111392
2024-08-01 08:15:39,421 INFO CHECKSUM 13 5 0: 1.314539
2024-08-01 08:15:39,421 INFO CHECKSUM 13 5 0: 1.314539
2024-08-01 08:15:39,431 INFO sent 13 -> 5 # 0 at 14123837, 0.539263 0.111392
2024-08-01 08:15:39,431 INFO recv 13 -> 5 # 0 at 24520874, 0.539263 0.111392
2024-08-01 08:15:39,456 INFO CHECKSUM 13 6 0: 1.314539
2024-08-01 08:15:39,464 INFO CHECKSUM 13 6 0: 1.314539
2024-08-01 08:15:39,473 INFO recv 13 -> 6 # 0 at 30856313, 0.539263 0.111392
2024-08-01 08:15:39,476 INFO sent 13 -> 6 # 0 at 14108997, 0.539263 0.111392
2024-08-01 08:15:39,555 INFO CHECKSUM 13 7 0: 1.314539
2024-08-01 08:15:39,556 INFO CHECKSUM 13 7 0: 1.314539
2024-08-01 08:15:39,562 INFO sent 13 -> 7 # 0 at 73475130, 0.539263 0.111392
2024-08-01 08:15:39,562 INFO recv 13 -> 7 # 0 at 80865387, 0.539263 0.111392
2024-08-01 08:15:39,591 INFO CHECKSUM 13 8 0: 1.314539
2024-08-01 08:15:39,592 INFO CHECKSUM 13 8 0: 1.314539
2024-08-01 08:15:39,606 INFO recv 13 -> 8 # 0 at 31694660, 0.539263 0.111392
2024-08-01 08:15:39,606 INFO sent 13 -> 8 # 0 at 13804469, 0.539263 0.111392
2024-08-01 08:15:39,656 INFO CHECKSUM 13 9 0: 1.314539
2024-08-01 08:15:39,656 INFO CHECKSUM 13 9 0: 1.314539
2024-08-01 08:15:39,672 INFO sent 13 -> 9 # 0 at 34441311, 0.539263 0.111392
2024-08-01 08:15:39,672 INFO recv 13 -> 9 # 0 at 45243366, 0.539263 0.111392
2024-08-01 08:15:39,694 INFO CHECKSUM 13 10 0: 1.314539
2024-08-01 08:15:39,695 INFO CHECKSUM 13 10 0: 1.314539
2024-08-01 08:15:39,710 INFO sent 13 -> 10 # 0 at 22531791, 0.539263 0.111392
2024-08-01 08:15:39,710 INFO recv 13 -> 10 # 0 at 38425008, 0.539263 0.111392
2024-08-01 08:15:39,736 INFO CHECKSUM 13 11 0: 1.314539
2024-08-01 08:15:39,736 INFO CHECKSUM 13 11 0: 1.314539
2024-08-01 08:15:39,749 INFO recv 13 -> 11 # 0 at 27229969, 0.539263 0.111392
2024-08-01 08:15:39,749 INFO sent 13 -> 11 # 0 at 13949830, 0.539263 0.111392
2024-08-01 08:15:39,776 INFO CHECKSUM 13 12 0: 1.314539
2024-08-01 08:15:39,776 INFO CHECKSUM 13 12 0: 1.314539
2024-08-01 08:15:39,786 INFO recv 13 -> 12 # 0 at 27512480, 0.539263 0.111392
2024-08-01 08:15:39,786 INFO sent 13 -> 12 # 0 at 13785772, 0.539263 0.111392
2024-08-01 08:15:39,983 INFO CHECKSUM 13 14 0: 1.314539
2024-08-01 08:15:39,984 INFO CHECKSUM 13 14 0: 1.314539
2024-08-01 08:15:40,005 INFO recv 13 -> 14 # 0 at 204440373, 0.539263 0.111392
2024-08-01 08:15:40,009 INFO sent 13 -> 14 # 0 at 182161012, 0.539263 0.111392
2024-08-01 08:15:40,243 INFO CHECKSUM 13 15 0: 1.314539
2024-08-01 08:15:40,243 INFO CHECKSUM 13 15 0: 1.314539
2024-08-01 08:15:40,265 INFO Accepting from rank 14
2024-08-01 08:15:40,265 INFO Accepting from rank 14
2024-08-01 08:15:40,265 INFO Accepting from rank 14
2024-08-01 08:15:40,265 INFO Accepting from rank 14
2024-08-01 08:15:40,265 INFO Accepting from rank 14
2024-08-01 08:15:40,265 INFO Sending from rank 14
2024-08-01 08:15:40,265 INFO Accepting from rank 14
2024-08-01 08:15:40,265 INFO Accepting from rank 14
2024-08-01 08:15:40,265 INFO Accepting from rank 14
2024-08-01 08:15:40,265 INFO sent 13 -> 15 # 0 at 217160843, 0.539263 0.111392
2024-08-01 08:15:40,265 INFO Accepting from rank 14
2024-08-01 08:15:40,265 INFO Accepting from rank 14
2024-08-01 08:15:40,265 INFO recv 13 -> 15 # 0 at 239288220, 0.539263 0.111392
2024-08-01 08:15:40,265 INFO Accepting from rank 14
2024-08-01 08:15:40,265 INFO Accepting from rank 14
2024-08-01 08:15:40,265 INFO Accepting from rank 14
2024-08-01 08:15:40,265 INFO Accepting from rank 14
2024-08-01 08:15:40,265 INFO Accepting from rank 14
2024-08-01 08:15:40,309 INFO CHECKSUM 14 0 0: 0.327917
2024-08-01 08:15:40,309 INFO CHECKSUM 14 0 0: 0.327917
2024-08-01 08:15:40,320 INFO recv 14 -> 0 # 0 at 26500822, 0.930327 0.276007
2024-08-01 08:15:40,320 INFO sent 14 -> 0 # 0 at 15372753, 0.930327 0.276007
2024-08-01 08:15:40,339 INFO CHECKSUM 14 1 0: 0.327917
2024-08-01 08:15:40,340 INFO CHECKSUM 14 1 0: 0.327917
2024-08-01 08:15:40,366 INFO recv 14 -> 1 # 0 at 40892747, 0.930327 0.276007
2024-08-01 08:15:40,367 INFO sent 14 -> 1 # 0 at 13935302, 0.930327 0.276007
2024-08-01 08:15:40,492 INFO CHECKSUM 14 2 0: 0.327917
2024-08-01 08:15:40,506 INFO recv 14 -> 2 # 0 at 111941858, 0.930327 0.276007
2024-08-01 08:15:40,492 INFO CHECKSUM 14 2 0: 0.327917
2024-08-01 08:15:40,506 INFO sent 14 -> 2 # 0 at 89479728, 0.930327 0.276007
2024-08-01 08:15:40,525 INFO CHECKSUM 14 3 0: 0.327917
2024-08-01 08:15:40,525 INFO CHECKSUM 14 3 0: 0.327917
2024-08-01 08:15:40,538 INFO recv 14 -> 3 # 0 at 28159182, 0.930327 0.276007
2024-08-01 08:15:40,538 INFO sent 14 -> 3 # 0 at 14498341, 0.930327 0.276007
2024-08-01 08:15:40,553 INFO CHECKSUM 14 4 0: 0.327917
2024-08-01 08:15:40,563 INFO CHECKSUM 14 4 0: 0.327917
2024-08-01 08:15:40,585 INFO recv 14 -> 4 # 0 at 46018930, 0.930327 0.276007
2024-08-01 08:15:40,589 INFO sent 14 -> 4 # 0 at 14077817, 0.930327 0.276007
2024-08-01 08:15:40,604 INFO CHECKSUM 14 5 0: 0.327917
2024-08-01 08:15:40,604 INFO CHECKSUM 14 5 0: 0.327917
2024-08-01 08:15:40,622 INFO recv 14 -> 5 # 0 at 32646233, 0.930327 0.276007
2024-08-01 08:15:40,622 INFO sent 14 -> 5 # 0 at 14069822, 0.930327 0.276007
2024-08-01 08:15:40,638 INFO CHECKSUM 14 6 0: 0.327917
2024-08-01 08:15:40,638 INFO CHECKSUM 14 6 0: 0.327917
2024-08-01 08:15:40,649 INFO sent 14 -> 6 # 0 at 14836947, 0.930327 0.276007
2024-08-01 08:15:40,649 INFO recv 14 -> 6 # 0 at 26634351, 0.930327 0.276007
2024-08-01 08:15:40,665 INFO CHECKSUM 14 7 0: 0.327917
2024-08-01 08:15:40,665 INFO CHECKSUM 14 7 0: 0.327917
2024-08-01 08:15:40,678 INFO sent 14 -> 7 # 0 at 14091574, 0.930327 0.276007
2024-08-01 08:15:40,678 INFO recv 14 -> 7 # 0 at 27711218, 0.930327 0.276007
2024-08-01 08:15:40,693 INFO CHECKSUM 14 8 0: 0.327917
2024-08-01 08:15:40,694 INFO CHECKSUM 14 8 0: 0.327917
2024-08-01 08:15:40,708 INFO sent 14 -> 8 # 0 at 14401333, 0.930327 0.276007
2024-08-01 08:15:40,708 INFO recv 14 -> 8 # 0 at 28810741, 0.930327 0.276007
2024-08-01 08:15:40,724 INFO CHECKSUM 14 9 0: 0.327917
2024-08-01 08:15:40,724 INFO CHECKSUM 14 9 0: 0.327917
2024-08-01 08:15:40,746 INFO sent 14 -> 9 # 0 at 14344513, 0.930327 0.276007
2024-08-01 08:15:40,746 INFO recv 14 -> 9 # 0 at 36957013, 0.930327 0.276007
2024-08-01 08:15:40,798 INFO CHECKSUM 14 10 0: 0.327917
2024-08-01 08:15:40,798 INFO CHECKSUM 14 10 0: 0.327917
2024-08-01 08:15:40,813 INFO sent 14 -> 10 # 0 at 35719555, 0.930327 0.276007
2024-08-01 08:15:40,813 INFO recv 14 -> 10 # 0 at 50918626, 0.930327 0.276007
2024-08-01 08:15:40,836 INFO CHECKSUM 14 11 0: 0.327917
2024-08-01 08:15:40,836 INFO CHECKSUM 14 11 0: 0.327917
2024-08-01 08:15:40,862 INFO sent 14 -> 11 # 0 at 21190624, 0.930327 0.276007
2024-08-01 08:15:40,862 INFO recv 14 -> 11 # 0 at 47607642, 0.930327 0.276007
2024-08-01 08:15:40,887 INFO CHECKSUM 14 12 0: 0.327917
2024-08-01 08:15:40,888 INFO CHECKSUM 14 12 0: 0.327917
2024-08-01 08:15:40,902 INFO recv 14 -> 12 # 0 at 28507226, 0.930327 0.276007
2024-08-01 08:15:40,906 INFO sent 14 -> 12 # 0 at 13722830, 0.930327 0.276007
2024-08-01 08:15:40,936 INFO CHECKSUM 14 13 0: 0.327917
2024-08-01 08:15:40,936 INFO CHECKSUM 14 13 0: 0.327917
2024-08-01 08:15:40,954 INFO sent 14 -> 13 # 0 at 13815370, 0.930327 0.276007
2024-08-01 08:15:40,956 INFO recv 14 -> 13 # 0 at 34168984, 0.930327 0.276007
2024-08-01 08:15:41,135 INFO CHECKSUM 14 15 0: 0.327917
2024-08-01 08:15:41,136 INFO CHECKSUM 14 15 0: 0.327917
2024-08-01 08:15:41,147 INFO Accepting from rank 15
2024-08-01 08:15:41,147 INFO Accepting from rank 15
2024-08-01 08:15:41,147 INFO Accepting from rank 15
2024-08-01 08:15:41,147 INFO Accepting from rank 15
2024-08-01 08:15:41,147 INFO Accepting from rank 15
2024-08-01 08:15:41,147 INFO Accepting from rank 15
2024-08-01 08:15:41,147 INFO Accepting from rank 15
2024-08-01 08:15:41,148 INFO sent 14 -> 15 # 0 at 178755139, 0.930327 0.276007
2024-08-01 08:15:41,147 INFO Accepting from rank 15
2024-08-01 08:15:41,148 INFO recv 14 -> 15 # 0 at 191150491, 0.930327 0.276007
2024-08-01 08:15:41,148 INFO Accepting from rank 15
2024-08-01 08:15:41,148 INFO Sending from rank 15
2024-08-01 08:15:41,152 INFO Accepting from rank 15
2024-08-01 08:15:41,152 INFO Accepting from rank 15
2024-08-01 08:15:41,152 INFO Accepting from rank 15
2024-08-01 08:15:41,152 INFO Accepting from rank 15
2024-08-01 08:15:41,152 INFO Accepting from rank 15
2024-08-01 08:15:41,152 INFO Accepting from rank 15
2024-08-01 08:15:41,187 INFO CHECKSUM 15 0 0: 1.601439
2024-08-01 08:15:41,187 INFO CHECKSUM 15 0 0: 1.601439
2024-08-01 08:15:41,209 INFO recv 15 -> 0 # 0 at 44563468, 0.099292 0.000568
2024-08-01 08:15:41,216 INFO sent 15 -> 0 # 0 at 22308438, 0.099292 0.000568
2024-08-01 08:15:41,332 INFO CHECKSUM 15 1 0: 1.601439
2024-08-01 08:15:41,332 INFO CHECKSUM 15 1 0: 1.601439
2024-08-01 08:15:41,349 INFO sent 15 -> 1 # 0 at 90121469, 0.099292 0.000568
2024-08-01 08:15:41,353 INFO recv 15 -> 1 # 0 at 111391136, 0.099292 0.000568
2024-08-01 08:15:41,384 INFO CHECKSUM 15 2 0: 1.601439
2024-08-01 08:15:41,398 INFO recv 15 -> 2 # 0 at 28431176, 0.099292 0.000568
2024-08-01 08:15:41,384 INFO CHECKSUM 15 2 0: 1.601439
2024-08-01 08:15:41,398 INFO sent 15 -> 2 # 0 at 14306310, 0.099292 0.000568
2024-08-01 08:15:41,416 INFO CHECKSUM 15 3 0: 1.601439
2024-08-01 08:15:41,416 INFO CHECKSUM 15 3 0: 1.601439
2024-08-01 08:15:41,443 INFO recv 15 -> 3 # 0 at 40966179, 0.099292 0.000568
2024-08-01 08:15:41,443 INFO sent 15 -> 3 # 0 at 14608775, 0.099292 0.000568
2024-08-01 08:15:41,492 INFO CHECKSUM 15 4 0: 1.601439
2024-08-01 08:15:41,498 INFO sent 15 -> 4 # 0 at 25893086, 0.099292 0.000568
2024-08-01 08:15:41,492 INFO CHECKSUM 15 4 0: 1.601439
2024-08-01 08:15:41,498 INFO recv 15 -> 4 # 0 at 36018428, 0.099292 0.000568
2024-08-01 08:15:41,523 INFO CHECKSUM 15 5 0: 1.601439
2024-08-01 08:15:41,524 INFO CHECKSUM 15 5 0: 1.601439
2024-08-01 08:15:41,545 INFO sent 15 -> 5 # 0 at 13957705, 0.099292 0.000568
2024-08-01 08:15:41,545 INFO recv 15 -> 5 # 0 at 35985444, 0.099292 0.000568
2024-08-01 08:15:41,580 INFO CHECKSUM 15 6 0: 1.601439
2024-08-01 08:15:41,581 INFO CHECKSUM 15 6 0: 1.601439
2024-08-01 08:15:41,594 INFO sent 15 -> 6 # 0 at 25805497, 0.099292 0.000568
2024-08-01 08:15:41,594 INFO recv 15 -> 6 # 0 at 39609478, 0.099292 0.000568
2024-08-01 08:15:41,620 INFO CHECKSUM 15 7 0: 1.601439
2024-08-01 08:15:41,621 INFO CHECKSUM 15 7 0: 1.601439
2024-08-01 08:15:41,641 INFO sent 15 -> 7 # 0 at 14130379, 0.099292 0.000568
2024-08-01 08:15:41,641 INFO recv 15 -> 7 # 0 at 35341646, 0.099292 0.000568
2024-08-01 08:15:41,656 INFO CHECKSUM 15 8 0: 1.601439
2024-08-01 08:15:41,666 INFO CHECKSUM 15 8 0: 1.601439
2024-08-01 08:15:41,674 INFO recv 15 -> 8 # 0 at 31254440, 0.099292 0.000568
2024-08-01 08:15:41,682 INFO sent 15 -> 8 # 0 at 13885635, 0.099292 0.000568
2024-08-01 08:15:41,703 INFO CHECKSUM 15 9 0: 1.601439
2024-08-01 08:15:41,717 INFO sent 15 -> 9 # 0 at 14082246, 0.099292 0.000568
2024-08-01 08:15:41,704 INFO CHECKSUM 15 9 0: 1.601439
2024-08-01 08:15:41,717 INFO recv 15 -> 9 # 0 at 28206354, 0.099292 0.000568
2024-08-01 08:15:41,736 INFO CHECKSUM 15 10 0: 1.601439
2024-08-01 08:15:41,736 INFO CHECKSUM 15 10 0: 1.601439
2024-08-01 08:15:41,766 INFO recv 15 -> 10 # 0 at 44416389, 0.099292 0.000568
2024-08-01 08:15:41,769 INFO sent 15 -> 10 # 0 at 14308364, 0.099292 0.000568
2024-08-01 08:15:41,799 INFO CHECKSUM 15 11 0: 1.601439
2024-08-01 08:15:41,800 INFO CHECKSUM 15 11 0: 1.601439
2024-08-01 08:15:41,820 INFO sent 15 -> 11 # 0 at 15669288, 0.099292 0.000568
2024-08-01 08:15:41,825 INFO recv 15 -> 11 # 0 at 39850121, 0.099292 0.000568
2024-08-01 08:15:41,860 INFO CHECKSUM 15 12 0: 1.601439
2024-08-01 08:15:41,860 INFO CHECKSUM 15 12 0: 1.601439
2024-08-01 08:15:41,877 INFO recv 15 -> 12 # 0 at 31633856, 0.099292 0.000568
2024-08-01 08:15:41,877 INFO sent 15 -> 12 # 0 at 14203130, 0.099292 0.000568
2024-08-01 08:15:41,905 INFO CHECKSUM 15 13 0: 1.601439
2024-08-01 08:15:41,904 INFO CHECKSUM 15 13 0: 1.601439
2024-08-01 08:15:41,914 INFO recv 15 -> 13 # 0 at 32209652, 0.099292 0.000568
2024-08-01 08:15:41,914 INFO sent 15 -> 13 # 0 at 22818485, 0.099292 0.000568
2024-08-01 08:15:41,940 INFO CHECKSUM 15 14 0: 1.601439
2024-08-01 08:15:41,940 INFO CHECKSUM 15 14 0: 1.601439
2024-08-01 08:15:41,954 INFO Rank 0 start All-Reduce
2024-08-01 08:15:41,954 INFO Rank 0 HIT BARRIER
2024-08-01 08:15:41,957 INFO Rank 1 start All-Reduce
2024-08-01 08:15:41,957 INFO Rank 8 start All-Reduce
2024-08-01 08:15:41,957 INFO Rank 2 start All-Reduce
2024-08-01 08:15:41,957 INFO Rank 12 start All-Reduce
2024-08-01 08:15:41,957 INFO Rank 4 start All-Reduce
2024-08-01 08:15:41,957 INFO Rank 3 start All-Reduce
2024-08-01 08:15:41,957 INFO Rank 9 start All-Reduce
2024-08-01 08:15:41,957 INFO Rank 5 start All-Reduce
2024-08-01 08:15:41,957 INFO Rank 1 HIT BARRIER
2024-08-01 08:15:41,957 INFO Rank 13 start All-Reduce
2024-08-01 08:15:41,957 INFO Rank 11 start All-Reduce
2024-08-01 08:15:41,957 INFO Rank 6 start All-Reduce
2024-08-01 08:15:41,957 INFO Rank 2 HIT BARRIER
2024-08-01 08:15:41,957 INFO sent 15 -> 14 # 0 at 13755214, 0.099292 0.000568
2024-08-01 08:15:41,957 INFO Rank 10 start All-Reduce
2024-08-01 08:15:41,957 INFO Rank 7 start All-Reduce
2024-08-01 08:15:41,957 INFO Rank 3 HIT BARRIER
2024-08-01 08:15:41,957 INFO recv 15 -> 14 # 0 at 31510809, 0.099292 0.000568
2024-08-01 08:15:41,958 INFO Added key: store_based_barrier_key:2 to store for rank: 9
2024-08-01 08:15:41,958 INFO Added key: store_based_barrier_key:2 to store for rank: 4
2024-08-01 08:15:41,958 INFO Added key: store_based_barrier_key:2 to store for rank: 3
2024-08-01 08:15:41,957 INFO Rank 14 start All-Reduce
2024-08-01 08:15:41,958 INFO Added key: store_based_barrier_key:2 to store for rank: 10
2024-08-01 08:15:41,959 INFO Added key: store_based_barrier_key:2 to store for rank: 5
2024-08-01 08:15:41,958 INFO Added key: store_based_barrier_key:2 to store for rank: 1
2024-08-01 08:15:41,957 INFO Rank 15 start All-Reduce
2024-08-01 08:15:41,958 INFO Added key: store_based_barrier_key:2 to store for rank: 11
2024-08-01 08:15:41,959 INFO Added key: store_based_barrier_key:2 to store for rank: 6
2024-08-01 08:15:41,959 INFO Added key: store_based_barrier_key:2 to store for rank: 2
2024-08-01 08:15:41,958 INFO Added key: store_based_barrier_key:2 to store for rank: 8
2024-08-01 08:15:41,959 INFO Added key: store_based_barrier_key:2 to store for rank: 7
2024-08-01 08:15:41,959 INFO Added key: store_based_barrier_key:2 to store for rank: 0
2024-08-01 08:15:41,958 INFO Added key: store_based_barrier_key:2 to store for rank: 12
2024-08-01 08:15:41,959 INFO Rank 0: Completed store-based barrier for key:store_based_barrier_key:2 with 16 nodes.
2024-08-01 08:15:41,958 INFO Added key: store_based_barrier_key:2 to store for rank: 15
2024-08-01 08:15:41,959 INFO Made group
2024-08-01 08:15:41,959 INFO Added key: store_based_barrier_key:2 to store for rank: 13
2024-08-01 08:15:41,959 INFO Added key: store_based_barrier_key:2 to store for rank: 14
2024-08-01 08:15:41,969 INFO Rank 3: Completed store-based barrier for key:store_based_barrier_key:2 with 16 nodes.
2024-08-01 08:15:41,969 INFO Rank 1: Completed store-based barrier for key:store_based_barrier_key:2 with 16 nodes.
2024-08-01 08:15:41,969 INFO Made group
2024-08-01 08:15:41,969 INFO Rank 9: Completed store-based barrier for key:store_based_barrier_key:2 with 16 nodes.
2024-08-01 08:15:41,969 INFO Made group
2024-08-01 08:15:41,969 INFO Rank 12: Completed store-based barrier for key:store_based_barrier_key:2 with 16 nodes.
2024-08-01 08:15:41,969 INFO Rank 4: Completed store-based barrier for key:store_based_barrier_key:2 with 16 nodes.
2024-08-01 08:15:41,969 INFO Rank 2: Completed store-based barrier for key:store_based_barrier_key:2 with 16 nodes.
2024-08-01 08:15:41,969 INFO Rank 10: Completed store-based barrier for key:store_based_barrier_key:2 with 16 nodes.
2024-08-01 08:15:41,969 INFO Rank 5: Completed store-based barrier for key:store_based_barrier_key:2 with 16 nodes.
2024-08-01 08:15:41,969 INFO Made group
2024-08-01 08:15:41,969 INFO Rank 15: Completed store-based barrier for key:store_based_barrier_key:2 with 16 nodes.
2024-08-01 08:15:41,969 INFO Rank 8: Completed store-based barrier for key:store_based_barrier_key:2 with 16 nodes.
2024-08-01 08:15:41,969 INFO Rank 6: Completed store-based barrier for key:store_based_barrier_key:2 with 16 nodes.
2024-08-01 08:15:41,969 INFO Rank 13: Completed store-based barrier for key:store_based_barrier_key:2 with 16 nodes.
2024-08-01 08:15:41,969 INFO Rank 11: Completed store-based barrier for key:store_based_barrier_key:2 with 16 nodes.
2024-08-01 08:15:41,969 INFO Rank 7: Completed store-based barrier for key:store_based_barrier_key:2 with 16 nodes.
2024-08-01 08:15:41,969 INFO Rank 14: Completed store-based barrier for key:store_based_barrier_key:2 with 16 nodes.
2024-08-01 08:15:42,212 INFO Node Reduce CHECKSUM 0: 4.426295
2024-08-01 08:15:42,214 INFO Node Reduce CHECKSUM 1: 4.426295
2024-08-01 08:15:42,217 INFO Node Reduce CHECKSUM 2: 4.426295
2024-08-01 08:15:42,209 INFO Node Reduce CHECKSUM 3: 4.426295
2024-08-01 08:15:42,234 INFO Rank 4 HIT BARRIER
2024-08-01 08:15:42,233 INFO Node Reduce rank 0 at 275691197
2024-08-01 08:15:42,234 INFO Rank 5 HIT BARRIER
2024-08-01 08:15:42,234 INFO Node Reduce rank 1 at 275700185
2024-08-01 08:15:42,234 INFO Rank 6 HIT BARRIER
2024-08-01 08:15:42,234 INFO Node Reduce rank 2 at 275687771
2024-08-01 08:15:42,234 INFO Rank 7 HIT BARRIER
2024-08-01 08:15:42,234 INFO Node Reduce rank 3 at 275686108
2024-08-01 08:15:42,250 INFO Added key: store_based_barrier_key:3 to store for rank: 1
2024-08-01 08:15:42,250 INFO Added key: store_based_barrier_key:3 to store for rank: 3
2024-08-01 08:15:42,250 INFO Added key: store_based_barrier_key:3 to store for rank: 2
2024-08-01 08:15:42,250 INFO Added key: store_based_barrier_key:3 to store for rank: 9
2024-08-01 08:15:42,250 INFO Added key: store_based_barrier_key:3 to store for rank: 4
2024-08-01 08:15:42,250 INFO Rank 2: Completed store-based barrier for key:store_based_barrier_key:3 with 16 nodes.
2024-08-01 08:15:42,250 INFO Added key: store_based_barrier_key:3 to store for rank: 12
2024-08-01 08:15:42,250 INFO Added key: store_based_barrier_key:3 to store for rank: 6
2024-08-01 08:15:42,250 INFO Added key: store_based_barrier_key:3 to store for rank: 0
2024-08-01 08:15:42,250 INFO Added key: store_based_barrier_key:3 to store for rank: 13
2024-08-01 08:15:42,250 INFO Added key: store_based_barrier_key:3 to store for rank: 10
2024-08-01 08:15:42,250 INFO Added key: store_based_barrier_key:3 to store for rank: 5
2024-08-01 08:15:42,251 INFO Rank 0: Completed store-based barrier for key:store_based_barrier_key:3 with 16 nodes.
2024-08-01 08:15:42,250 INFO Added key: store_based_barrier_key:3 to store for rank: 14
2024-08-01 08:15:42,250 INFO Added key: store_based_barrier_key:3 to store for rank: 11
2024-08-01 08:15:42,250 INFO Added key: store_based_barrier_key:3 to store for rank: 7
2024-08-01 08:15:42,250 INFO Added key: store_based_barrier_key:3 to store for rank: 15
2024-08-01 08:15:42,250 INFO Added key: store_based_barrier_key:3 to store for rank: 8
2024-08-01 08:15:42,250 INFO Rank 4: Completed store-based barrier for key:store_based_barrier_key:3 with 16 nodes.
2024-08-01 08:15:42,250 INFO Rank 12: Completed store-based barrier for key:store_based_barrier_key:3 with 16 nodes.
2024-08-01 08:15:42,250 INFO Rank 8: Completed store-based barrier for key:store_based_barrier_key:3 with 16 nodes.
2024-08-01 08:15:42,250 INFO Rank 6: Completed store-based barrier for key:store_based_barrier_key:3 with 16 nodes.
2024-08-01 08:15:42,250 INFO Rank 13: Completed store-based barrier for key:store_based_barrier_key:3 with 16 nodes.
2024-08-01 08:15:42,250 INFO Rank 9: Completed store-based barrier for key:store_based_barrier_key:3 with 16 nodes.
2024-08-01 08:15:42,250 INFO Made group
2024-08-01 08:15:42,250 INFO Rank 14: Completed store-based barrier for key:store_based_barrier_key:3 with 16 nodes.
2024-08-01 08:15:42,250 INFO Made group
2024-08-01 08:15:42,250 INFO Rank 15: Completed store-based barrier for key:store_based_barrier_key:3 with 16 nodes.
2024-08-01 08:15:42,250 INFO Rank 5: Completed store-based barrier for key:store_based_barrier_key:3 with 16 nodes.
2024-08-01 08:15:42,250 INFO Rank 7: Completed store-based barrier for key:store_based_barrier_key:3 with 16 nodes.
2024-08-01 08:15:42,250 INFO Made group
2024-08-01 08:15:42,250 INFO Made group
2024-08-01 08:15:42,260 INFO Rank 3: Completed store-based barrier for key:store_based_barrier_key:3 with 16 nodes.
2024-08-01 08:15:42,260 INFO Rank 1: Completed store-based barrier for key:store_based_barrier_key:3 with 16 nodes.
2024-08-01 08:15:42,261 INFO Rank 11: Completed store-based barrier for key:store_based_barrier_key:3 with 16 nodes.
2024-08-01 08:15:42,261 INFO Rank 10: Completed store-based barrier for key:store_based_barrier_key:3 with 16 nodes.
2024-08-01 08:15:42,582 INFO Node Reduce CHECKSUM 5: 5.529596
2024-08-01 08:15:42,641 INFO Node Reduce CHECKSUM 6: 5.529596
2024-08-01 08:15:42,580 INFO Node Reduce CHECKSUM 4: 5.529596
2024-08-01 08:15:42,522 INFO Node Reduce CHECKSUM 7: 5.529596
2024-08-01 08:15:42,655 INFO Rank 8 HIT BARRIER
2024-08-01 08:15:42,655 INFO Node Reduce rank 4 at 405875077
2024-08-01 08:15:42,655 INFO Node Reduce rank 5 at 405670511
2024-08-01 08:15:42,655 INFO Node Reduce rank 6 at 405882301
2024-08-01 08:15:42,655 INFO Node Reduce rank 7 at 405673136
2024-08-01 08:15:42,663 INFO Rank 10 HIT BARRIER
2024-08-01 08:15:42,666 INFO Rank 9 HIT BARRIER
2024-08-01 08:15:42,666 INFO Rank 11 HIT BARRIER
2024-08-01 08:15:42,667 INFO Added key: store_based_barrier_key:4 to store for rank: 3
2024-08-01 08:15:42,667 INFO Added key: store_based_barrier_key:4 to store for rank: 1
2024-08-01 08:15:42,667 INFO Added key: store_based_barrier_key:4 to store for rank: 2
2024-08-01 08:15:42,667 INFO Added key: store_based_barrier_key:4 to store for rank: 12
2024-08-01 08:15:42,667 INFO Added key: store_based_barrier_key:4 to store for rank: 10
2024-08-01 08:15:42,667 INFO Added key: store_based_barrier_key:4 to store for rank: 5
2024-08-01 08:15:42,667 INFO Rank 3: Completed store-based barrier for key:store_based_barrier_key:4 with 16 nodes.
2024-08-01 08:15:42,667 INFO Added key: store_based_barrier_key:4 to store for rank: 13
2024-08-01 08:15:42,667 INFO Added key: store_based_barrier_key:4 to store for rank: 11
2024-08-01 08:15:42,667 INFO Added key: store_based_barrier_key:4 to store for rank: 4
2024-08-01 08:15:42,667 INFO Rank 1: Completed store-based barrier for key:store_based_barrier_key:4 with 16 nodes.
2024-08-01 08:15:42,667 INFO Added key: store_based_barrier_key:4 to store for rank: 14
2024-08-01 08:15:42,667 INFO Added key: store_based_barrier_key:4 to store for rank: 9
2024-08-01 08:15:42,667 INFO Added key: store_based_barrier_key:4 to store for rank: 6
2024-08-01 08:15:42,667 INFO Rank 2: Completed store-based barrier for key:store_based_barrier_key:4 with 16 nodes.
2024-08-01 08:15:42,667 INFO Added key: store_based_barrier_key:4 to store for rank: 15
2024-08-01 08:15:42,667 INFO Added key: store_based_barrier_key:4 to store for rank: 8
2024-08-01 08:15:42,667 INFO Added key: store_based_barrier_key:4 to store for rank: 7
2024-08-01 08:15:42,668 INFO Added key: store_based_barrier_key:4 to store for rank: 0
2024-08-01 08:15:42,668 INFO Rank 12: Completed store-based barrier for key:store_based_barrier_key:4 with 16 nodes.
2024-08-01 08:15:42,667 INFO Rank 10: Completed store-based barrier for key:store_based_barrier_key:4 with 16 nodes.
2024-08-01 08:15:42,667 INFO Rank 5: Completed store-based barrier for key:store_based_barrier_key:4 with 16 nodes.
2024-08-01 08:15:42,668 INFO Rank 0: Completed store-based barrier for key:store_based_barrier_key:4 with 16 nodes.
2024-08-01 08:15:42,668 INFO Rank 13: Completed store-based barrier for key:store_based_barrier_key:4 with 16 nodes.
2024-08-01 08:15:42,667 INFO Rank 11: Completed store-based barrier for key:store_based_barrier_key:4 with 16 nodes.
2024-08-01 08:15:42,667 INFO Rank 4: Completed store-based barrier for key:store_based_barrier_key:4 with 16 nodes.
2024-08-01 08:15:42,668 INFO Rank 14: Completed store-based barrier for key:store_based_barrier_key:4 with 16 nodes.
2024-08-01 08:15:42,667 INFO Made group
2024-08-01 08:15:42,667 INFO Rank 6: Completed store-based barrier for key:store_based_barrier_key:4 with 16 nodes.
2024-08-01 08:15:42,668 INFO Rank 15: Completed store-based barrier for key:store_based_barrier_key:4 with 16 nodes.
2024-08-01 08:15:42,667 INFO Made group
2024-08-01 08:15:42,667 INFO Rank 7: Completed store-based barrier for key:store_based_barrier_key:4 with 16 nodes.
2024-08-01 08:15:42,667 INFO Rank 9: Completed store-based barrier for key:store_based_barrier_key:4 with 16 nodes.
2024-08-01 08:15:42,667 INFO Made group
2024-08-01 08:15:42,668 INFO Rank 8: Completed store-based barrier for key:store_based_barrier_key:4 with 16 nodes.
2024-08-01 08:15:42,668 INFO Made group
2024-08-01 08:15:42,930 INFO Node Reduce CHECKSUM 8: 6.900095
2024-08-01 08:15:42,945 INFO Rank 12 HIT BARRIER
2024-08-01 08:15:42,934 INFO Node Reduce CHECKSUM 9: 6.900095
2024-08-01 08:15:42,936 INFO Node Reduce CHECKSUM 10: 6.900095
2024-08-01 08:15:42,945 INFO Rank 13 HIT BARRIER
2024-08-01 08:15:42,934 INFO Node Reduce CHECKSUM 11: 6.900095
2024-08-01 08:15:42,945 INFO Rank 14 HIT BARRIER
2024-08-01 08:15:42,945 INFO Node Reduce rank 8 at 278221555
2024-08-01 08:15:42,945 INFO Rank 15 HIT BARRIER
2024-08-01 08:15:42,945 INFO Node Reduce rank 10 at 278215694
2024-08-01 08:15:42,945 INFO Node Reduce rank 11 at 278193922
2024-08-01 08:15:42,945 INFO Node Reduce rank 9 at 278218428
2024-08-01 08:15:42,955 INFO Added key: store_based_barrier_key:5 to store for rank: 3
2024-08-01 08:15:42,955 INFO Added key: store_based_barrier_key:5 to store for rank: 1
2024-08-01 08:15:42,955 INFO Added key: store_based_barrier_key:5 to store for rank: 10
2024-08-01 08:15:42,955 INFO Added key: store_based_barrier_key:5 to store for rank: 5
2024-08-01 08:15:42,955 INFO Added key: store_based_barrier_key:5 to store for rank: 2
2024-08-01 08:15:42,955 INFO Added key: store_based_barrier_key:5 to store for rank: 11
2024-08-01 08:15:42,955 INFO Added key: store_based_barrier_key:5 to store for rank: 4
2024-08-01 08:15:42,955 INFO Rank 3: Completed store-based barrier for key:store_based_barrier_key:5 with 16 nodes.
2024-08-01 08:15:42,955 INFO Added key: store_based_barrier_key:5 to store for rank: 12
2024-08-01 08:15:42,955 INFO Added key: store_based_barrier_key:5 to store for rank: 9
2024-08-01 08:15:42,955 INFO Added key: store_based_barrier_key:5 to store for rank: 6
2024-08-01 08:15:42,955 INFO Rank 1: Completed store-based barrier for key:store_based_barrier_key:5 with 16 nodes.
2024-08-01 08:15:42,955 INFO Added key: store_based_barrier_key:5 to store for rank: 13
2024-08-01 08:15:42,955 INFO Rank 9: Completed store-based barrier for key:store_based_barrier_key:5 with 16 nodes.
2024-08-01 08:15:42,955 INFO Added key: store_based_barrier_key:5 to store for rank: 7
2024-08-01 08:15:42,955 INFO Rank 2: Completed store-based barrier for key:store_based_barrier_key:5 with 16 nodes.
2024-08-01 08:15:42,955 INFO Added key: store_based_barrier_key:5 to store for rank: 14
2024-08-01 08:15:42,955 INFO Rank 10: Completed store-based barrier for key:store_based_barrier_key:5 with 16 nodes.
2024-08-01 08:15:42,955 INFO Rank 5: Completed store-based barrier for key:store_based_barrier_key:5 with 16 nodes.
2024-08-01 08:15:42,955 INFO Added key: store_based_barrier_key:5 to store for rank: 0
2024-08-01 08:15:42,955 INFO Added key: store_based_barrier_key:5 to store for rank: 15
2024-08-01 08:15:42,955 INFO Rank 11: Completed store-based barrier for key:store_based_barrier_key:5 with 16 nodes.
2024-08-01 08:15:42,955 INFO Rank 4: Completed store-based barrier for key:store_based_barrier_key:5 with 16 nodes.
2024-08-01 08:15:42,955 INFO Rank 0: Completed store-based barrier for key:store_based_barrier_key:5 with 16 nodes.
2024-08-01 08:15:42,955 INFO Rank 12: Completed store-based barrier for key:store_based_barrier_key:5 with 16 nodes.
2024-08-01 08:15:42,955 INFO Added key: store_based_barrier_key:5 to store for rank: 8
2024-08-01 08:15:42,955 INFO Rank 6: Completed store-based barrier for key:store_based_barrier_key:5 with 16 nodes.
2024-08-01 08:15:42,955 INFO Rank 13: Completed store-based barrier for key:store_based_barrier_key:5 with 16 nodes.
2024-08-01 08:15:42,955 INFO Rank 8: Completed store-based barrier for key:store_based_barrier_key:5 with 16 nodes.
2024-08-01 08:15:42,955 INFO Rank 7: Completed store-based barrier for key:store_based_barrier_key:5 with 16 nodes.
2024-08-01 08:15:42,955 INFO Rank 14: Completed store-based barrier for key:store_based_barrier_key:5 with 16 nodes.
2024-08-01 08:15:42,955 INFO Rank 15: Completed store-based barrier for key:store_based_barrier_key:5 with 16 nodes.
2024-08-01 08:15:42,955 INFO Made group
2024-08-01 08:15:42,955 INFO Made group
2024-08-01 08:15:42,955 INFO Made group
2024-08-01 08:15:42,955 INFO Made group
2024-08-01 08:15:43,232 INFO Node Reduce CHECKSUM 12: 6.495895
2024-08-01 08:15:43,294 INFO Node Reduce CHECKSUM 13: 6.495895
2024-08-01 08:15:43,294 INFO Node Reduce CHECKSUM 14: 6.495895
2024-08-01 08:15:43,232 INFO Node Reduce CHECKSUM 15: 6.495895
2024-08-01 08:15:43,307 INFO Node Reduce rank 12 at 352635603
2024-08-01 08:15:43,307 INFO Node Reduce rank 14 at 352639580
2024-08-01 08:15:43,307 INFO Node Reduce rank 13 at 352647496
2024-08-01 08:15:43,307 INFO Node Reduce rank 15 at 352651334
2024-08-01 08:15:43,326 INFO All Reduce CHECKSUM 0: 26.613411
2024-08-01 08:15:43,326 INFO All Reduce CHECKSUM 8: 26.613411
2024-08-01 08:15:43,331 INFO All Reduce CHECKSUM 1: 26.613411
2024-08-01 08:15:43,326 INFO All Reduce CHECKSUM 12: 26.613411
2024-08-01 08:15:43,326 INFO All Reduce CHECKSUM 4: 26.613411
2024-08-01 08:15:43,326 INFO All Reduce CHECKSUM 2: 26.613411
2024-08-01 08:15:43,326 INFO All Reduce CHECKSUM 13: 26.613411
2024-08-01 08:15:43,333 INFO All Reduce CHECKSUM 9: 26.613411
2024-08-01 08:15:43,334 INFO All Reduce CHECKSUM 5: 26.613411
2024-08-01 08:15:43,331 INFO All Reduce CHECKSUM 3: 26.613411
2024-08-01 08:15:43,326 INFO All Reduce CHECKSUM 14: 26.613411
2024-08-01 08:15:43,326 INFO All Reduce CHECKSUM 10: 26.613411
2024-08-01 08:15:43,326 INFO All Reduce CHECKSUM 6: 26.613411
2024-08-01 08:15:43,337 INFO All Reduce rank 0 at 11500125
2024-08-01 08:15:43,326 INFO All Reduce CHECKSUM 15: 26.613411
2024-08-01 08:15:43,334 INFO All Reduce CHECKSUM 11: 26.613411
2024-08-01 08:15:43,334 INFO All Reduce CHECKSUM 7: 26.613411
2024-08-01 08:15:43,337 INFO Rank 0 done
2024-08-01 08:15:43,337 INFO All Reduce rank 12 at 11487013
2024-08-01 08:15:43,337 INFO All Reduce rank 8 at 11489008
2024-08-01 08:15:43,337 INFO All Reduce rank 4 at 11458949
2024-08-01 08:15:43,338 INFO All Reduce rank 1 at 11801506
2024-08-01 08:15:43,337 INFO All Reduce rank 13 at 11487354
2024-08-01 08:15:43,337 INFO All Reduce rank 9 at 4304753
2024-08-01 08:15:43,337 INFO Rank 4 done
2024-08-01 08:15:43,338 INFO All Reduce rank 2 at 11806526
2024-08-01 08:15:43,337 INFO All Reduce rank 14 at 11488006
2024-08-01 08:15:43,337 INFO All Reduce rank 10 at 11488227
2024-08-01 08:15:43,338 INFO All Reduce rank 5 at 3732845
2024-08-01 08:15:43,338 INFO All Reduce rank 3 at 11806837
2024-08-01 08:15:43,337 INFO All Reduce rank 15 at 11484007
2024-08-01 08:15:43,337 INFO All Reduce rank 11 at 4288071
2024-08-01 08:15:43,337 INFO Rank 11 done
2024-08-01 08:15:43,338 INFO All Reduce rank 6 at 11810100
2024-08-01 08:15:43,338 INFO Rank 1 done
2024-08-01 08:15:43,337 INFO Rank 12 done
2024-08-01 08:15:43,337 INFO Rank 8 done
2024-08-01 08:15:43,338 INFO All Reduce rank 7 at 3732263
2024-08-01 08:15:43,338 INFO Rank 2 done
2024-08-01 08:15:43,337 INFO Rank 13 done
2024-08-01 08:15:43,337 INFO Rank 10 done
2024-08-01 08:15:43,338 INFO Rank 5 done
2024-08-01 08:15:43,338 INFO Rank 3 done
2024-08-01 08:15:43,337 INFO Rank 15 done
2024-08-01 08:15:43,337 INFO Rank 9 done
2024-08-01 08:15:43,338 INFO Rank 6 done
2024-08-01 08:15:43,337 INFO Rank 14 done
2024-08-01 08:15:43,338 INFO Rank 7 done
