
2024-08-01 08:09:56,896 INFO Initialized rank 8 out of 16
2024-08-01 08:09:56,896 INFO Initialized rank 11 out of 16
2024-08-01 08:09:56,897 INFO Initialized rank 10 out of 16
2024-08-01 08:09:56,897 INFO Initialized rank 5 out of 16
2024-08-01 08:09:56,897 INFO Initialized rank 9 out of 16
2024-08-01 08:09:56,897 INFO Initialized rank 6 out of 16
2024-08-01 08:09:56,897 INFO Initialized rank 15 out of 16
2024-08-01 08:09:56,897 INFO Initialized rank 14 out of 16
2024-08-01 08:09:56,897 INFO Initialized rank 13 out of 16
2024-08-01 08:09:56,898 INFO Initialized rank 2 out of 16
2024-08-01 08:09:56,899 INFO Initialized rank 0 out of 16
2024-08-01 08:09:56,900 INFO Initialized rank 7 out of 16
2024-08-01 08:09:56,907 INFO Initialized rank 12 out of 16
2024-08-01 08:09:56,908 INFO Initialized rank 4 out of 16
2024-08-01 08:09:56,910 INFO Initialized rank 1 out of 16
2024-08-01 08:09:56,911 INFO Initialized rank 3 out of 16
2024-08-01 08:09:59,518 INFO Sync time
2024-08-01 08:09:59,518 INFO Sync time
2024-08-01 08:09:59,518 INFO Sync time
2024-08-01 08:09:59,518 INFO Sending from rank 0
2024-08-01 08:09:59,518 INFO Sync time
2024-08-01 08:09:59,518 INFO Sync time
2024-08-01 08:09:59,518 INFO Sync time
2024-08-01 08:09:59,518 INFO Sync time
2024-08-01 08:09:59,518 INFO Sync time
2024-08-01 08:09:59,519 INFO Accepting from rank 0
2024-08-01 08:09:59,519 INFO Accepting from rank 0
2024-08-01 08:09:59,519 INFO Sync time
2024-08-01 08:09:59,518 INFO Sync time
2024-08-01 08:09:59,519 INFO Accepting from rank 0
2024-08-01 08:09:59,519 INFO Accepting from rank 0
2024-08-01 08:09:59,519 INFO Accepting from rank 0
2024-08-01 08:09:59,518 INFO Sync time
2024-08-01 08:09:59,519 INFO Sync time
2024-08-01 08:09:59,519 INFO Sync time
2024-08-01 08:09:59,519 INFO Sync time
2024-08-01 08:09:59,519 INFO Accepting from rank 0
2024-08-01 08:09:59,519 INFO Sync time
2024-08-01 08:09:59,519 INFO Sync time
2024-08-01 08:09:59,519 INFO Accepting from rank 0
2024-08-01 08:09:59,519 INFO Accepting from rank 0
2024-08-01 08:09:59,519 INFO Accepting from rank 0
2024-08-01 08:09:59,519 INFO Accepting from rank 0
2024-08-01 08:09:59,519 INFO Accepting from rank 0
2024-08-01 08:09:59,519 INFO Accepting from rank 0
2024-08-01 08:09:59,519 INFO Accepting from rank 0
2024-08-01 08:09:59,519 INFO Accepting from rank 0
2024-08-01 08:09:59,519 INFO Accepting from rank 0
2024-08-01 08:09:59,728 INFO CHECKSUM 0 1 0: 1.701340
2024-08-01 08:09:59,728 INFO CHECKSUM 0 1 0: 1.701340
2024-08-01 08:09:59,746 INFO sent 0 -> 1 # 0 at 183844334, 0.035411 0.698864
2024-08-01 08:09:59,746 INFO recv 0 -> 1 # 0 at 191970508, 0.035411 0.698864
2024-08-01 08:09:59,991 INFO CHECKSUM 0 2 0: 1.701340
2024-08-01 08:09:59,993 INFO CHECKSUM 0 2 0: 1.701340
2024-08-01 08:10:00,005 INFO sent 0 -> 2 # 0 at 237960288, 0.035411 0.698864
2024-08-01 08:10:00,005 INFO recv 0 -> 2 # 0 at 251932582, 0.035411 0.698864
2024-08-01 08:10:00,267 INFO CHECKSUM 0 3 0: 1.701340
2024-08-01 08:10:00,269 INFO CHECKSUM 0 3 0: 1.701340
2024-08-01 08:10:00,284 INFO sent 0 -> 3 # 0 at 257320585, 0.035411 0.698864
2024-08-01 08:10:00,284 INFO recv 0 -> 3 # 0 at 274699852, 0.035411 0.698864
2024-08-01 08:10:00,502 INFO CHECKSUM 0 4 0: 1.701340
2024-08-01 08:10:00,503 INFO CHECKSUM 0 4 0: 1.701340
2024-08-01 08:10:00,520 INFO recv 0 -> 4 # 0 at 226231339, 0.035411 0.698864
2024-08-01 08:10:00,520 INFO sent 0 -> 4 # 0 at 208585671, 0.035411 0.698864
2024-08-01 08:10:00,743 INFO CHECKSUM 0 5 0: 1.701340
2024-08-01 08:10:00,745 INFO CHECKSUM 0 5 0: 1.701340
2024-08-01 08:10:00,773 INFO sent 0 -> 5 # 0 at 201300537, 0.035411 0.698864
2024-08-01 08:10:00,773 INFO recv 0 -> 5 # 0 at 231343157, 0.035411 0.698864
2024-08-01 08:10:01,019 INFO CHECKSUM 0 6 0: 1.701340
2024-08-01 08:10:01,021 INFO CHECKSUM 0 6 0: 1.701340
2024-08-01 08:10:01,030 INFO recv 0 -> 6 # 0 at 252306888, 0.035411 0.698864
2024-08-01 08:10:01,030 INFO sent 0 -> 6 # 0 at 241702868, 0.035411 0.698864
2024-08-01 08:10:01,242 INFO CHECKSUM 0 7 0: 1.701340
2024-08-01 08:10:01,243 INFO CHECKSUM 0 7 0: 1.701340
2024-08-01 08:10:01,256 INFO sent 0 -> 7 # 0 at 208323826, 0.035411 0.698864
2024-08-01 08:10:01,256 INFO recv 0 -> 7 # 0 at 222991019, 0.035411 0.698864
2024-08-01 08:10:01,486 INFO CHECKSUM 0 8 0: 1.701340
2024-08-01 08:10:01,488 INFO CHECKSUM 0 8 0: 1.701340
2024-08-01 08:10:01,499 INFO recv 0 -> 8 # 0 at 241042611, 0.035411 0.698864
2024-08-01 08:10:01,499 INFO sent 0 -> 8 # 0 at 227652313, 0.035411 0.698864
2024-08-01 08:10:01,678 INFO CHECKSUM 0 9 0: 1.701340
2024-08-01 08:10:01,689 INFO CHECKSUM 0 9 0: 1.701340
2024-08-01 08:10:01,705 INFO recv 0 -> 9 # 0 at 179465493, 0.035411 0.698864
2024-08-01 08:10:01,705 INFO sent 0 -> 9 # 0 at 152324970, 0.035411 0.698864
2024-08-01 08:10:01,919 INFO CHECKSUM 0 10 0: 1.701340
2024-08-01 08:10:01,921 INFO CHECKSUM 0 10 0: 1.701340
2024-08-01 08:10:01,931 INFO sent 0 -> 10 # 0 at 213675901, 0.035411 0.698864
2024-08-01 08:10:01,931 INFO recv 0 -> 10 # 0 at 225098367, 0.035411 0.698864
2024-08-01 08:10:02,221 INFO CHECKSUM 0 11 0: 1.701340
2024-08-01 08:10:02,221 INFO CHECKSUM 0 11 0: 1.701340
2024-08-01 08:10:02,235 INFO sent 0 -> 11 # 0 at 277313694, 0.035411 0.698864
2024-08-01 08:10:02,247 INFO recv 0 -> 11 # 0 at 305101000, 0.035411 0.698864
2024-08-01 08:10:02,471 INFO CHECKSUM 0 12 0: 1.701340
2024-08-01 08:10:02,483 INFO CHECKSUM 0 12 0: 1.701340
2024-08-01 08:10:02,491 INFO sent 0 -> 12 # 0 at 221932157, 0.035411 0.698864
2024-08-01 08:10:02,492 INFO recv 0 -> 12 # 0 at 242219696, 0.035411 0.698864
2024-08-01 08:10:02,715 INFO CHECKSUM 0 13 0: 1.701340
2024-08-01 08:10:02,716 INFO CHECKSUM 0 13 0: 1.701340
2024-08-01 08:10:02,729 INFO sent 0 -> 13 # 0 at 216847940, 0.035411 0.698864
2024-08-01 08:10:02,729 INFO recv 0 -> 13 # 0 at 228003901, 0.035411 0.698864
2024-08-01 08:10:02,976 INFO CHECKSUM 0 14 0: 1.701340
2024-08-01 08:10:02,977 INFO CHECKSUM 0 14 0: 1.701340
2024-08-01 08:10:03,002 INFO sent 0 -> 14 # 0 at 230504013, 0.035411 0.698864
2024-08-01 08:10:03,002 INFO recv 0 -> 14 # 0 at 256503261, 0.035411 0.698864
2024-08-01 08:10:03,207 INFO CHECKSUM 0 15 0: 1.701340
2024-08-01 08:10:03,209 INFO CHECKSUM 0 15 0: 1.701340
2024-08-01 08:10:03,226 INFO sent 0 -> 15 # 0 at 193847660, 0.035411 0.698864
2024-08-01 08:10:03,226 INFO Sending from rank 1
2024-08-01 08:10:03,226 INFO Accepting from rank 1
2024-08-01 08:10:03,226 INFO Accepting from rank 1
2024-08-01 08:10:03,226 INFO Accepting from rank 1
2024-08-01 08:10:03,226 INFO Accepting from rank 1
2024-08-01 08:10:03,226 INFO Accepting from rank 1
2024-08-01 08:10:03,226 INFO Accepting from rank 1
2024-08-01 08:10:03,226 INFO Accepting from rank 1
2024-08-01 08:10:03,226 INFO Accepting from rank 1
2024-08-01 08:10:03,226 INFO Accepting from rank 1
2024-08-01 08:10:03,226 INFO Accepting from rank 1
2024-08-01 08:10:03,226 INFO Accepting from rank 1
2024-08-01 08:10:03,226 INFO Accepting from rank 1
2024-08-01 08:10:03,226 INFO recv 0 -> 15 # 0 at 212720199, 0.035411 0.698864
2024-08-01 08:10:03,226 INFO Accepting from rank 1
2024-08-01 08:10:03,226 INFO Accepting from rank 1
2024-08-01 08:10:03,226 INFO Accepting from rank 1
2024-08-01 08:10:03,331 INFO CHECKSUM 1 0 0: 0.934806
2024-08-01 08:10:03,331 INFO CHECKSUM 1 0 0: 0.934806
2024-08-01 08:10:03,339 INFO recv 1 -> 0 # 0 at 81203189, 0.757566 0.116427
2024-08-01 08:10:03,350 INFO sent 1 -> 0 # 0 at 70404708, 0.757566 0.116427
2024-08-01 08:10:03,569 INFO CHECKSUM 1 2 0: 0.934806
2024-08-01 08:10:03,569 INFO CHECKSUM 1 2 0: 0.934806
2024-08-01 08:10:03,589 INFO sent 1 -> 2 # 0 at 214629520, 0.757566 0.116427
2024-08-01 08:10:03,589 INFO recv 1 -> 2 # 0 at 235341576, 0.757566 0.116427
2024-08-01 08:10:03,783 INFO CHECKSUM 1 3 0: 0.934806
2024-08-01 08:10:03,783 INFO CHECKSUM 1 3 0: 0.934806
2024-08-01 08:10:03,799 INFO sent 1 -> 3 # 0 at 180491936, 0.757566 0.116427
2024-08-01 08:10:03,799 INFO recv 1 -> 3 # 0 at 197167546, 0.757566 0.116427
2024-08-01 08:10:03,987 INFO CHECKSUM 1 4 0: 0.934806
2024-08-01 08:10:03,987 INFO CHECKSUM 1 4 0: 0.934806
2024-08-01 08:10:04,001 INFO recv 1 -> 4 # 0 at 196226506, 0.757566 0.116427
2024-08-01 08:10:04,001 INFO sent 1 -> 4 # 0 at 182194711, 0.757566 0.116427
2024-08-01 08:10:04,104 INFO CHECKSUM 1 5 0: 0.934806
2024-08-01 08:10:04,115 INFO CHECKSUM 1 5 0: 0.934806
2024-08-01 08:10:04,137 INFO sent 1 -> 5 # 0 at 95068987, 0.757566 0.116427
2024-08-01 08:10:04,137 INFO recv 1 -> 5 # 0 at 128437110, 0.757566 0.116427
2024-08-01 08:10:04,314 INFO CHECKSUM 1 6 0: 0.934806
2024-08-01 08:10:04,315 INFO CHECKSUM 1 6 0: 0.934806
2024-08-01 08:10:04,346 INFO sent 1 -> 6 # 0 at 176404761, 0.757566 0.116427
2024-08-01 08:10:04,346 INFO recv 1 -> 6 # 0 at 208010636, 0.757566 0.116427
2024-08-01 08:10:04,478 INFO CHECKSUM 1 7 0: 0.934806
2024-08-01 08:10:04,485 INFO CHECKSUM 1 7 0: 0.934806
2024-08-01 08:10:04,503 INFO sent 1 -> 7 # 0 at 103760534, 0.757566 0.116427
2024-08-01 08:10:04,503 INFO recv 1 -> 7 # 0 at 136761956, 0.757566 0.116427
2024-08-01 08:10:04,679 INFO CHECKSUM 1 8 0: 0.934806
2024-08-01 08:10:04,679 INFO CHECKSUM 1 8 0: 0.934806
2024-08-01 08:10:04,692 INFO recv 1 -> 8 # 0 at 187847191, 0.757566 0.116427
2024-08-01 08:10:04,692 INFO sent 1 -> 8 # 0 at 174735190, 0.757566 0.116427
2024-08-01 08:10:04,838 INFO CHECKSUM 1 9 0: 0.934806
2024-08-01 08:10:04,839 INFO CHECKSUM 1 9 0: 0.934806
2024-08-01 08:10:04,858 INFO sent 1 -> 9 # 0 at 145811164, 0.757566 0.116427
2024-08-01 08:10:04,858 INFO recv 1 -> 9 # 0 at 165401982, 0.757566 0.116427
2024-08-01 08:10:05,042 INFO CHECKSUM 1 10 0: 0.934806
2024-08-01 08:10:05,044 INFO CHECKSUM 1 10 0: 0.934806
2024-08-01 08:10:05,067 INFO recv 1 -> 10 # 0 at 201489228, 0.757566 0.116427
2024-08-01 08:10:05,070 INFO sent 1 -> 10 # 0 at 176558378, 0.757566 0.116427
2024-08-01 08:10:05,241 INFO CHECKSUM 1 11 0: 0.934806
2024-08-01 08:10:05,241 INFO CHECKSUM 1 11 0: 0.934806
2024-08-01 08:10:05,258 INFO sent 1 -> 11 # 0 at 162953863, 0.757566 0.116427
2024-08-01 08:10:05,270 INFO recv 1 -> 11 # 0 at 192007606, 0.757566 0.116427
2024-08-01 08:10:05,456 INFO CHECKSUM 1 12 0: 0.934806
2024-08-01 08:10:05,467 INFO sent 1 -> 12 # 0 at 171023140, 0.757566 0.116427
2024-08-01 08:10:05,457 INFO CHECKSUM 1 12 0: 0.934806
2024-08-01 08:10:05,467 INFO recv 1 -> 12 # 0 at 184724483, 0.757566 0.116427
2024-08-01 08:10:05,676 INFO CHECKSUM 1 13 0: 0.934806
2024-08-01 08:10:05,676 INFO CHECKSUM 1 13 0: 0.934806
2024-08-01 08:10:05,701 INFO recv 1 -> 13 # 0 at 223260088, 0.757566 0.116427
2024-08-01 08:10:05,706 INFO sent 1 -> 13 # 0 at 197787520, 0.757566 0.116427
2024-08-01 08:10:05,888 INFO CHECKSUM 1 14 0: 0.934806
2024-08-01 08:10:05,899 INFO sent 1 -> 14 # 0 at 169085012, 0.757566 0.116427
2024-08-01 08:10:05,888 INFO CHECKSUM 1 14 0: 0.934806
2024-08-01 08:10:05,899 INFO recv 1 -> 14 # 0 at 180721375, 0.757566 0.116427
2024-08-01 08:10:06,127 INFO CHECKSUM 1 15 0: 0.934806
2024-08-01 08:10:06,127 INFO CHECKSUM 1 15 0: 0.934806
2024-08-01 08:10:06,145 INFO Accepting from rank 2
2024-08-01 08:10:06,146 INFO Accepting from rank 2
2024-08-01 08:10:06,146 INFO Accepting from rank 2
2024-08-01 08:10:06,146 INFO Accepting from rank 2
2024-08-01 08:10:06,150 INFO Accepting from rank 2
2024-08-01 08:10:06,150 INFO Accepting from rank 2
2024-08-01 08:10:06,150 INFO Accepting from rank 2
2024-08-01 08:10:06,150 INFO Accepting from rank 2
2024-08-01 08:10:06,150 INFO Accepting from rank 2
2024-08-01 08:10:06,150 INFO recv 1 -> 15 # 0 at 244760021, 0.757566 0.116427
2024-08-01 08:10:06,150 INFO Accepting from rank 2
2024-08-01 08:10:06,154 INFO Accepting from rank 2
2024-08-01 08:10:06,154 INFO Sending from rank 2
2024-08-01 08:10:06,154 INFO Accepting from rank 2
2024-08-01 08:10:06,154 INFO Accepting from rank 2
2024-08-01 08:10:06,154 INFO sent 1 -> 15 # 0 at 221694009, 0.757566 0.116427
2024-08-01 08:10:06,154 INFO Accepting from rank 2
2024-08-01 08:10:06,154 INFO Accepting from rank 2
2024-08-01 08:10:06,256 INFO CHECKSUM 2 0 0: 1.611555
2024-08-01 08:10:06,255 INFO CHECKSUM 2 0 0: 1.611555
2024-08-01 08:10:06,266 INFO recv 2 -> 0 # 0 at 84482885, 0.930620 0.810484
2024-08-01 08:10:06,266 INFO sent 2 -> 0 # 0 at 73963442, 0.930620 0.810484
2024-08-01 08:10:06,293 INFO CHECKSUM 2 1 0: 1.611555
2024-08-01 08:10:06,292 INFO CHECKSUM 2 1 0: 1.611555
2024-08-01 08:10:06,302 INFO recv 2 -> 1 # 0 at 23735909, 0.930620 0.810484
2024-08-01 08:10:06,302 INFO sent 2 -> 1 # 0 at 14173391, 0.930620 0.810484
2024-08-01 08:10:06,507 INFO CHECKSUM 2 3 0: 1.611555
2024-08-01 08:10:06,507 INFO CHECKSUM 2 3 0: 1.611555
2024-08-01 08:10:06,524 INFO sent 2 -> 3 # 0 at 204502244, 0.930620 0.810484
2024-08-01 08:10:06,524 INFO recv 2 -> 3 # 0 at 222024206, 0.930620 0.810484
2024-08-01 08:10:06,626 INFO CHECKSUM 2 4 0: 1.611555
2024-08-01 08:10:06,627 INFO CHECKSUM 2 4 0: 1.611555
2024-08-01 08:10:06,650 INFO sent 2 -> 4 # 0 at 100822777, 0.930620 0.810484
2024-08-01 08:10:06,650 INFO recv 2 -> 4 # 0 at 123980062, 0.930620 0.810484
2024-08-01 08:10:06,859 INFO CHECKSUM 2 5 0: 1.611555
2024-08-01 08:10:06,860 INFO CHECKSUM 2 5 0: 1.611555
2024-08-01 08:10:06,876 INFO sent 2 -> 5 # 0 at 202070974, 0.930620 0.810484
2024-08-01 08:10:06,876 INFO recv 2 -> 5 # 0 at 219231664, 0.930620 0.810484
2024-08-01 08:10:07,053 INFO CHECKSUM 2 6 0: 1.611555
2024-08-01 08:10:07,053 INFO CHECKSUM 2 6 0: 1.611555
2024-08-01 08:10:07,076 INFO sent 2 -> 6 # 0 at 167490133, 0.930620 0.810484
2024-08-01 08:10:07,076 INFO recv 2 -> 6 # 0 at 191097154, 0.930620 0.810484
2024-08-01 08:10:07,274 INFO CHECKSUM 2 7 0: 1.611555
2024-08-01 08:10:07,275 INFO CHECKSUM 2 7 0: 1.611555
2024-08-01 08:10:07,292 INFO recv 2 -> 7 # 0 at 181854070, 0.930620 0.810484
2024-08-01 08:10:07,292 INFO sent 2 -> 7 # 0 at 163705012, 0.930620 0.810484
2024-08-01 08:10:07,499 INFO CHECKSUM 2 8 0: 1.611555
2024-08-01 08:10:07,499 INFO CHECKSUM 2 8 0: 1.611555
2024-08-01 08:10:07,511 INFO recv 2 -> 8 # 0 at 205925077, 0.930620 0.810484
2024-08-01 08:10:07,511 INFO sent 2 -> 8 # 0 at 193302398, 0.930620 0.810484
2024-08-01 08:10:07,628 INFO CHECKSUM 2 9 0: 1.611555
2024-08-01 08:10:07,628 INFO CHECKSUM 2 9 0: 1.611555
2024-08-01 08:10:07,645 INFO sent 2 -> 9 # 0 at 102554357, 0.930620 0.810484
2024-08-01 08:10:07,645 INFO recv 2 -> 9 # 0 at 120056142, 0.930620 0.810484
2024-08-01 08:10:07,851 INFO CHECKSUM 2 10 0: 1.611555
2024-08-01 08:10:07,860 INFO CHECKSUM 2 10 0: 1.611555
2024-08-01 08:10:07,890 INFO sent 2 -> 10 # 0 at 189111243, 0.930620 0.810484
2024-08-01 08:10:07,894 INFO recv 2 -> 10 # 0 at 232099709, 0.930620 0.810484
2024-08-01 08:10:08,056 INFO CHECKSUM 2 11 0: 1.611555
2024-08-01 08:10:08,057 INFO CHECKSUM 2 11 0: 1.611555
2024-08-01 08:10:08,070 INFO recv 2 -> 11 # 0 at 171600663, 0.930620 0.810484
2024-08-01 08:10:08,070 INFO sent 2 -> 11 # 0 at 158257133, 0.930620 0.810484
2024-08-01 08:10:08,299 INFO CHECKSUM 2 12 0: 1.611555
2024-08-01 08:10:08,300 INFO CHECKSUM 2 12 0: 1.611555
2024-08-01 08:10:08,325 INFO sent 2 -> 12 # 0 at 229083413, 0.930620 0.810484
2024-08-01 08:10:08,325 INFO recv 2 -> 12 # 0 at 255294411, 0.930620 0.810484
2024-08-01 08:10:08,534 INFO CHECKSUM 2 13 0: 1.611555
2024-08-01 08:10:08,545 INFO CHECKSUM 2 13 0: 1.611555
2024-08-01 08:10:08,570 INFO sent 2 -> 13 # 0 at 192263273, 0.930620 0.810484
2024-08-01 08:10:08,570 INFO recv 2 -> 13 # 0 at 227498682, 0.930620 0.810484
2024-08-01 08:10:08,738 INFO CHECKSUM 2 14 0: 1.611555
2024-08-01 08:10:08,739 INFO CHECKSUM 2 14 0: 1.611555
2024-08-01 08:10:08,762 INFO sent 2 -> 14 # 0 at 156386404, 0.930620 0.810484
2024-08-01 08:10:08,762 INFO recv 2 -> 14 # 0 at 179507947, 0.930620 0.810484
2024-08-01 08:10:08,959 INFO CHECKSUM 2 15 0: 1.611555
2024-08-01 08:10:08,959 INFO CHECKSUM 2 15 0: 1.611555
2024-08-01 08:10:08,981 INFO Accepting from rank 3
2024-08-01 08:10:08,981 INFO Accepting from rank 3
2024-08-01 08:10:08,981 INFO Accepting from rank 3
2024-08-01 08:10:08,981 INFO Accepting from rank 3
2024-08-01 08:10:08,981 INFO Accepting from rank 3
2024-08-01 08:10:08,981 INFO Accepting from rank 3
2024-08-01 08:10:08,981 INFO sent 2 -> 15 # 0 at 185488745, 0.930620 0.810484
2024-08-01 08:10:08,981 INFO Accepting from rank 3
2024-08-01 08:10:08,981 INFO Sending from rank 3
2024-08-01 08:10:08,982 INFO Accepting from rank 3
2024-08-01 08:10:08,981 INFO Accepting from rank 3
2024-08-01 08:10:08,981 INFO Accepting from rank 3
2024-08-01 08:10:08,982 INFO Accepting from rank 3
2024-08-01 08:10:08,982 INFO Accepting from rank 3
2024-08-01 08:10:08,982 INFO Accepting from rank 3
2024-08-01 08:10:08,982 INFO Accepting from rank 3
2024-08-01 08:10:08,982 INFO recv 2 -> 15 # 0 at 208703024, 0.930620 0.810484
2024-08-01 08:10:08,982 INFO Accepting from rank 3
2024-08-01 08:10:09,016 INFO CHECKSUM 3 0 0: 1.661242
2024-08-01 08:10:09,016 INFO CHECKSUM 3 0 0: 1.661242
2024-08-01 08:10:09,030 INFO recv 3 -> 0 # 0 at 28685016, 0.642491 0.925921
2024-08-01 08:10:09,030 INFO sent 3 -> 0 # 0 at 14451678, 0.642491 0.925921
2024-08-01 08:10:09,048 INFO CHECKSUM 3 1 0: 1.661242
2024-08-01 08:10:09,049 INFO CHECKSUM 3 1 0: 1.661242
2024-08-01 08:10:09,061 INFO sent 3 -> 1 # 0 at 13768821, 0.642491 0.925921
2024-08-01 08:10:09,061 INFO recv 3 -> 1 # 0 at 26645471, 0.642491 0.925921
2024-08-01 08:10:09,077 INFO CHECKSUM 3 2 0: 1.661242
2024-08-01 08:10:09,077 INFO CHECKSUM 3 2 0: 1.661242
2024-08-01 08:10:09,087 INFO recv 3 -> 2 # 0 at 24340676, 0.642491 0.925921
2024-08-01 08:10:09,087 INFO sent 3 -> 2 # 0 at 13849958, 0.642491 0.925921
2024-08-01 08:10:09,259 INFO CHECKSUM 3 4 0: 1.661242
2024-08-01 08:10:09,260 INFO CHECKSUM 3 4 0: 1.661242
2024-08-01 08:10:09,278 INFO recv 3 -> 4 # 0 at 190526940, 0.642491 0.925921
2024-08-01 08:10:09,278 INFO sent 3 -> 4 # 0 at 171278993, 0.642491 0.925921
2024-08-01 08:10:09,403 INFO CHECKSUM 3 5 0: 1.661242
2024-08-01 08:10:09,404 INFO CHECKSUM 3 5 0: 1.661242
2024-08-01 08:10:09,420 INFO recv 3 -> 5 # 0 at 111555811, 0.642491 0.925921
2024-08-01 08:10:09,420 INFO sent 3 -> 5 # 0 at 94275396, 0.642491 0.925921
2024-08-01 08:10:09,592 INFO CHECKSUM 3 6 0: 1.661242
2024-08-01 08:10:09,592 INFO CHECKSUM 3 6 0: 1.661242
2024-08-01 08:10:09,607 INFO recv 3 -> 6 # 0 at 172910756, 0.642491 0.925921
2024-08-01 08:10:09,606 INFO sent 3 -> 6 # 0 at 158340113, 0.642491 0.925921
2024-08-01 08:10:09,778 INFO CHECKSUM 3 7 0: 1.661242
2024-08-01 08:10:09,779 INFO CHECKSUM 3 7 0: 1.661242
2024-08-01 08:10:09,806 INFO sent 3 -> 7 # 0 at 157083209, 0.642491 0.925921
2024-08-01 08:10:09,806 INFO recv 3 -> 7 # 0 at 184838585, 0.642491 0.925921
2024-08-01 08:10:09,980 INFO CHECKSUM 3 8 0: 1.661242
2024-08-01 08:10:09,980 INFO CHECKSUM 3 8 0: 1.661242
2024-08-01 08:10:09,994 INFO recv 3 -> 8 # 0 at 176516147, 0.642491 0.925921
2024-08-01 08:10:09,994 INFO sent 3 -> 8 # 0 at 159235871, 0.642491 0.925921
2024-08-01 08:10:10,191 INFO CHECKSUM 3 9 0: 1.661242
2024-08-01 08:10:10,191 INFO CHECKSUM 3 9 0: 1.661242
2024-08-01 08:10:10,217 INFO sent 3 -> 9 # 0 at 178573335, 0.642491 0.925921
2024-08-01 08:10:10,217 INFO recv 3 -> 9 # 0 at 207279682, 0.642491 0.925921
2024-08-01 08:10:10,414 INFO CHECKSUM 3 10 0: 1.661242
2024-08-01 08:10:10,423 INFO CHECKSUM 3 10 0: 1.661242
2024-08-01 08:10:10,461 INFO recv 3 -> 10 # 0 at 228706785, 0.642491 0.925921
2024-08-01 08:10:10,469 INFO sent 3 -> 10 # 0 at 181899571, 0.642491 0.925921
2024-08-01 08:10:10,628 INFO CHECKSUM 3 11 0: 1.661242
2024-08-01 08:10:10,628 INFO CHECKSUM 3 11 0: 1.661242
2024-08-01 08:10:10,650 INFO recv 3 -> 11 # 0 at 180070291, 0.642491 0.925921
2024-08-01 08:10:10,653 INFO sent 3 -> 11 # 0 at 158117794, 0.642491 0.925921
2024-08-01 08:10:10,829 INFO CHECKSUM 3 12 0: 1.661242
2024-08-01 08:10:10,829 INFO CHECKSUM 3 12 0: 1.661242
2024-08-01 08:10:10,850 INFO sent 3 -> 12 # 0 at 174086329, 0.642491 0.925921
2024-08-01 08:10:10,850 INFO recv 3 -> 12 # 0 at 195440334, 0.642491 0.925921
2024-08-01 08:10:11,019 INFO CHECKSUM 3 13 0: 1.661242
2024-08-01 08:10:11,030 INFO sent 3 -> 13 # 0 at 166103319, 0.642491 0.925921
2024-08-01 08:10:11,019 INFO CHECKSUM 3 13 0: 1.661242
2024-08-01 08:10:11,030 INFO recv 3 -> 13 # 0 at 176711675, 0.642491 0.925921
2024-08-01 08:10:11,215 INFO CHECKSUM 3 14 0: 1.661242
2024-08-01 08:10:11,216 INFO CHECKSUM 3 14 0: 1.661242
2024-08-01 08:10:11,241 INFO sent 3 -> 14 # 0 at 180890715, 0.642491 0.925921
2024-08-01 08:10:11,241 INFO recv 3 -> 14 # 0 at 207086835, 0.642491 0.925921
2024-08-01 08:10:11,410 INFO CHECKSUM 3 15 0: 1.661242
2024-08-01 08:10:11,411 INFO CHECKSUM 3 15 0: 1.661242
2024-08-01 08:10:11,429 INFO Accepting from rank 4
2024-08-01 08:10:11,429 INFO Accepting from rank 4
2024-08-01 08:10:11,429 INFO Sending from rank 4
2024-08-01 08:10:11,429 INFO Accepting from rank 4
2024-08-01 08:10:11,429 INFO Accepting from rank 4
2024-08-01 08:10:11,429 INFO Accepting from rank 4
2024-08-01 08:10:11,429 INFO Accepting from rank 4
2024-08-01 08:10:11,429 INFO Accepting from rank 4
2024-08-01 08:10:11,429 INFO Accepting from rank 4
2024-08-01 08:10:11,429 INFO Accepting from rank 4
2024-08-01 08:10:11,429 INFO Accepting from rank 4
2024-08-01 08:10:11,429 INFO sent 3 -> 15 # 0 at 152130564, 0.642491 0.925921
2024-08-01 08:10:11,429 INFO Accepting from rank 4
2024-08-01 08:10:11,429 INFO Accepting from rank 4
2024-08-01 08:10:11,429 INFO Accepting from rank 4
2024-08-01 08:10:11,430 INFO Accepting from rank 4
2024-08-01 08:10:11,429 INFO recv 3 -> 15 # 0 at 171462044, 0.642491 0.925921
2024-08-01 08:10:11,429 INFO Accepting from rank 4
2024-08-01 08:10:11,496 INFO CHECKSUM 4 0 0: 0.867671
2024-08-01 08:10:11,497 INFO CHECKSUM 4 0 0: 0.867671
2024-08-01 08:10:11,506 INFO recv 4 -> 0 # 0 at 49051765, 0.844814 0.205667
2024-08-01 08:10:11,514 INFO sent 4 -> 0 # 0 at 39234332, 0.844814 0.205667
2024-08-01 08:10:11,540 INFO CHECKSUM 4 1 0: 0.867671
2024-08-01 08:10:11,540 INFO CHECKSUM 4 1 0: 0.867671
2024-08-01 08:10:11,562 INFO recv 4 -> 1 # 0 at 37132563, 0.844814 0.205667
2024-08-01 08:10:11,562 INFO sent 4 -> 1 # 0 at 14559268, 0.844814 0.205667
2024-08-01 08:10:11,604 INFO CHECKSUM 4 2 0: 0.867671
2024-08-01 08:10:11,604 INFO CHECKSUM 4 2 0: 0.867671
2024-08-01 08:10:11,612 INFO sent 4 -> 2 # 0 at 14600578, 0.844814 0.205667
2024-08-01 08:10:11,612 INFO recv 4 -> 2 # 0 at 23105874, 0.844814 0.205667
2024-08-01 08:10:11,628 INFO CHECKSUM 4 3 0: 0.867671
2024-08-01 08:10:11,628 INFO CHECKSUM 4 3 0: 0.867671
2024-08-01 08:10:11,642 INFO sent 4 -> 3 # 0 at 14697896, 0.844814 0.205667
2024-08-01 08:10:11,642 INFO recv 4 -> 3 # 0 at 29019922, 0.844814 0.205667
2024-08-01 08:10:11,867 INFO CHECKSUM 4 5 0: 0.867671
2024-08-01 08:10:11,867 INFO CHECKSUM 4 5 0: 0.867671
2024-08-01 08:10:11,882 INFO sent 4 -> 5 # 0 at 212478014, 0.844814 0.205667
2024-08-01 08:10:11,882 INFO recv 4 -> 5 # 0 at 228376478, 0.844814 0.205667
2024-08-01 08:10:12,092 INFO CHECKSUM 4 6 0: 0.867671
2024-08-01 08:10:12,092 INFO CHECKSUM 4 6 0: 0.867671
2024-08-01 08:10:12,102 INFO sent 4 -> 6 # 0 at 194346592, 0.844814 0.205667
2024-08-01 08:10:12,102 INFO recv 4 -> 6 # 0 at 204060950, 0.844814 0.205667
2024-08-01 08:10:12,253 INFO CHECKSUM 4 7 0: 0.867671
2024-08-01 08:10:12,254 INFO CHECKSUM 4 7 0: 0.867671
2024-08-01 08:10:12,282 INFO sent 4 -> 7 # 0 at 140098661, 0.844814 0.205667
2024-08-01 08:10:12,282 INFO recv 4 -> 7 # 0 at 160032967, 0.844814 0.205667
2024-08-01 08:10:12,474 INFO CHECKSUM 4 8 0: 0.867671
2024-08-01 08:10:12,474 INFO CHECKSUM 4 8 0: 0.867671
2024-08-01 08:10:12,491 INFO recv 4 -> 8 # 0 at 188869005, 0.844814 0.205667
2024-08-01 08:10:12,491 INFO sent 4 -> 8 # 0 at 171944343, 0.844814 0.205667
2024-08-01 08:10:12,695 INFO CHECKSUM 4 9 0: 0.867671
2024-08-01 08:10:12,696 INFO CHECKSUM 4 9 0: 0.867671
2024-08-01 08:10:12,710 INFO sent 4 -> 9 # 0 at 191387878, 0.844814 0.205667
2024-08-01 08:10:12,710 INFO recv 4 -> 9 # 0 at 206367461, 0.844814 0.205667
2024-08-01 08:10:12,905 INFO CHECKSUM 4 10 0: 0.867671
2024-08-01 08:10:12,905 INFO CHECKSUM 4 10 0: 0.867671
2024-08-01 08:10:12,921 INFO recv 4 -> 10 # 0 at 200393513, 0.844814 0.205667
2024-08-01 08:10:12,921 INFO sent 4 -> 10 # 0 at 183422800, 0.844814 0.205667
2024-08-01 08:10:13,107 INFO CHECKSUM 4 11 0: 0.867671
2024-08-01 08:10:13,108 INFO CHECKSUM 4 11 0: 0.867671
2024-08-01 08:10:13,120 INFO sent 4 -> 11 # 0 at 181021927, 0.844814 0.205667
2024-08-01 08:10:13,120 INFO recv 4 -> 11 # 0 at 194277560, 0.844814 0.205667
2024-08-01 08:10:13,351 INFO CHECKSUM 4 12 0: 0.867671
2024-08-01 08:10:13,352 INFO CHECKSUM 4 12 0: 0.867671
2024-08-01 08:10:13,370 INFO sent 4 -> 12 # 0 at 227798617, 0.844814 0.205667
2024-08-01 08:10:13,371 INFO recv 4 -> 12 # 0 at 247032591, 0.844814 0.205667
2024-08-01 08:10:13,555 INFO CHECKSUM 4 13 0: 0.867671
2024-08-01 08:10:13,555 INFO CHECKSUM 4 13 0: 0.867671
2024-08-01 08:10:13,578 INFO sent 4 -> 13 # 0 at 173042703, 0.844814 0.205667
2024-08-01 08:10:13,582 INFO recv 4 -> 13 # 0 at 199998476, 0.844814 0.205667
2024-08-01 08:10:13,759 INFO CHECKSUM 4 14 0: 0.867671
2024-08-01 08:10:13,760 INFO CHECKSUM 4 14 0: 0.867671
2024-08-01 08:10:13,781 INFO sent 4 -> 14 # 0 at 175994843, 0.844814 0.205667
2024-08-01 08:10:13,781 INFO recv 4 -> 14 # 0 at 198543971, 0.844814 0.205667
2024-08-01 08:10:13,947 INFO CHECKSUM 4 15 0: 0.867671
2024-08-01 08:10:13,948 INFO CHECKSUM 4 15 0: 0.867671
2024-08-01 08:10:13,964 INFO Accepting from rank 5
2024-08-01 08:10:13,964 INFO Sending from rank 5
2024-08-01 08:10:13,964 INFO Accepting from rank 5
2024-08-01 08:10:13,964 INFO Accepting from rank 5
2024-08-01 08:10:13,964 INFO Accepting from rank 5
2024-08-01 08:10:13,964 INFO Accepting from rank 5
2024-08-01 08:10:13,964 INFO Accepting from rank 5
2024-08-01 08:10:13,964 INFO Accepting from rank 5
2024-08-01 08:10:13,964 INFO Accepting from rank 5
2024-08-01 08:10:13,964 INFO Accepting from rank 5
2024-08-01 08:10:13,964 INFO Accepting from rank 5
2024-08-01 08:10:13,964 INFO Accepting from rank 5
2024-08-01 08:10:13,965 INFO Accepting from rank 5
2024-08-01 08:10:13,964 INFO sent 4 -> 15 # 0 at 154695874, 0.844814 0.205667
2024-08-01 08:10:13,964 INFO recv 4 -> 15 # 0 at 171332955, 0.844814 0.205667
2024-08-01 08:10:13,965 INFO Accepting from rank 5
2024-08-01 08:10:13,964 INFO Accepting from rank 5
2024-08-01 08:10:13,964 INFO Accepting from rank 5
2024-08-01 08:10:14,024 INFO CHECKSUM 5 0 0: 1.555346
2024-08-01 08:10:14,025 INFO CHECKSUM 5 0 0: 1.555346
2024-08-01 08:10:14,031 INFO recv 5 -> 0 # 0 at 36772157, 0.734121 0.094260
2024-08-01 08:10:14,041 INFO sent 5 -> 0 # 0 at 30340484, 0.734121 0.094260
2024-08-01 08:10:14,072 INFO CHECKSUM 5 1 0: 1.555346
2024-08-01 08:10:14,073 INFO CHECKSUM 5 1 0: 1.555346
2024-08-01 08:10:14,090 INFO sent 5 -> 1 # 0 at 13977360, 0.734121 0.094260
2024-08-01 08:10:14,090 INFO recv 5 -> 1 # 0 at 32011323, 0.734121 0.094260
2024-08-01 08:10:14,116 INFO CHECKSUM 5 2 0: 1.555346
2024-08-01 08:10:14,117 INFO CHECKSUM 5 2 0: 1.555346
2024-08-01 08:10:14,134 INFO recv 5 -> 2 # 0 at 32001944, 0.734121 0.094260
2024-08-01 08:10:14,134 INFO sent 5 -> 2 # 0 at 13948955, 0.734121 0.094260
2024-08-01 08:10:14,157 INFO CHECKSUM 5 3 0: 1.555346
2024-08-01 08:10:14,157 INFO CHECKSUM 5 3 0: 1.555346
2024-08-01 08:10:14,170 INFO sent 5 -> 3 # 0 at 14387665, 0.734121 0.094260
2024-08-01 08:10:14,170 INFO recv 5 -> 3 # 0 at 27438821, 0.734121 0.094260
2024-08-01 08:10:14,185 INFO CHECKSUM 5 4 0: 1.555346
2024-08-01 08:10:14,186 INFO CHECKSUM 5 4 0: 1.555346
2024-08-01 08:10:14,201 INFO recv 5 -> 4 # 0 at 30035414, 0.734121 0.094260
2024-08-01 08:10:14,201 INFO sent 5 -> 4 # 0 at 13649646, 0.734121 0.094260
2024-08-01 08:10:14,425 INFO CHECKSUM 5 6 0: 1.555346
2024-08-01 08:10:14,425 INFO CHECKSUM 5 6 0: 1.555346
2024-08-01 08:10:14,441 INFO sent 5 -> 6 # 0 at 207452975, 0.734121 0.094260
2024-08-01 08:10:14,441 INFO recv 5 -> 6 # 0 at 224001839, 0.734121 0.094260
2024-08-01 08:10:14,655 INFO CHECKSUM 5 7 0: 1.555346
2024-08-01 08:10:14,656 INFO CHECKSUM 5 7 0: 1.555346
2024-08-01 08:10:14,682 INFO sent 5 -> 7 # 0 at 199766226, 0.734121 0.094260
2024-08-01 08:10:14,682 INFO recv 5 -> 7 # 0 at 225977418, 0.734121 0.094260
2024-08-01 08:10:14,851 INFO CHECKSUM 5 8 0: 1.555346
2024-08-01 08:10:14,851 INFO CHECKSUM 5 8 0: 1.555346
2024-08-01 08:10:14,870 INFO recv 5 -> 8 # 0 at 176535434, 0.734121 0.094260
2024-08-01 08:10:14,874 INFO sent 5 -> 8 # 0 at 157651091, 0.734121 0.094260
2024-08-01 08:10:15,016 INFO CHECKSUM 5 9 0: 1.555346
2024-08-01 08:10:15,016 INFO CHECKSUM 5 9 0: 1.555346
2024-08-01 08:10:15,032 INFO recv 5 -> 9 # 0 at 126559032, 0.734121 0.094260
2024-08-01 08:10:15,032 INFO sent 5 -> 9 # 0 at 113893623, 0.734121 0.094260
2024-08-01 08:10:15,204 INFO CHECKSUM 5 10 0: 1.555346
2024-08-01 08:10:15,205 INFO CHECKSUM 5 10 0: 1.555346
2024-08-01 08:10:15,214 INFO recv 5 -> 10 # 0 at 173023031, 0.734121 0.094260
2024-08-01 08:10:15,226 INFO sent 5 -> 10 # 0 at 162937687, 0.734121 0.094260
2024-08-01 08:10:15,403 INFO CHECKSUM 5 11 0: 1.555346
2024-08-01 08:10:15,403 INFO CHECKSUM 5 11 0: 1.555346
2024-08-01 08:10:15,418 INFO recv 5 -> 11 # 0 at 180564385, 0.734121 0.094260
2024-08-01 08:10:15,418 INFO sent 5 -> 11 # 0 at 165488150, 0.734121 0.094260
2024-08-01 08:10:15,611 INFO CHECKSUM 5 12 0: 1.555346
2024-08-01 08:10:15,612 INFO CHECKSUM 5 12 0: 1.555346
2024-08-01 08:10:15,627 INFO sent 5 -> 12 # 0 at 181638863, 0.734121 0.094260
2024-08-01 08:10:15,627 INFO recv 5 -> 12 # 0 at 197959149, 0.734121 0.094260
2024-08-01 08:10:15,796 INFO CHECKSUM 5 13 0: 1.555346
2024-08-01 08:10:15,805 INFO CHECKSUM 5 13 0: 1.555346
2024-08-01 08:10:15,815 INFO sent 5 -> 13 # 0 at 161642115, 0.734121 0.094260
2024-08-01 08:10:15,815 INFO recv 5 -> 13 # 0 at 180715634, 0.734121 0.094260
2024-08-01 08:10:15,979 INFO CHECKSUM 5 14 0: 1.555346
2024-08-01 08:10:15,980 INFO CHECKSUM 5 14 0: 1.555346
2024-08-01 08:10:16,006 INFO recv 5 -> 14 # 0 at 187585651, 0.734121 0.094260
2024-08-01 08:10:16,010 INFO sent 5 -> 14 # 0 at 160939524, 0.734121 0.094260
2024-08-01 08:10:16,223 INFO CHECKSUM 5 15 0: 1.555346
2024-08-01 08:10:16,224 INFO CHECKSUM 5 15 0: 1.555346
2024-08-01 08:10:16,234 INFO Accepting from rank 6
2024-08-01 08:10:16,234 INFO Accepting from rank 6
2024-08-01 08:10:16,234 INFO Accepting from rank 6
2024-08-01 08:10:16,234 INFO Accepting from rank 6
2024-08-01 08:10:16,234 INFO Accepting from rank 6
2024-08-01 08:10:16,234 INFO Sending from rank 6
2024-08-01 08:10:16,234 INFO Accepting from rank 6
2024-08-01 08:10:16,234 INFO Accepting from rank 6
2024-08-01 08:10:16,234 INFO Accepting from rank 6
2024-08-01 08:10:16,234 INFO Accepting from rank 6
2024-08-01 08:10:16,234 INFO Accepting from rank 6
2024-08-01 08:10:16,234 INFO Accepting from rank 6
2024-08-01 08:10:16,234 INFO Accepting from rank 6
2024-08-01 08:10:16,234 INFO sent 5 -> 15 # 0 at 186088016, 0.734121 0.094260
2024-08-01 08:10:16,234 INFO Accepting from rank 6
2024-08-01 08:10:16,234 INFO recv 5 -> 15 # 0 at 192329272, 0.734121 0.094260
2024-08-01 08:10:16,234 INFO Accepting from rank 6
2024-08-01 08:10:16,234 INFO Accepting from rank 6
2024-08-01 08:10:16,272 INFO CHECKSUM 6 0 0: 1.538993
2024-08-01 08:10:16,273 INFO CHECKSUM 6 0 0: 1.538993
2024-08-01 08:10:16,286 INFO sent 6 -> 0 # 0 at 14597532, 0.296171 0.332125
2024-08-01 08:10:16,286 INFO recv 6 -> 0 # 0 at 28287249, 0.296171 0.332125
2024-08-01 08:10:16,303 INFO CHECKSUM 6 1 0: 1.538993
2024-08-01 08:10:16,304 INFO CHECKSUM 6 1 0: 1.538993
2024-08-01 08:10:16,316 INFO sent 6 -> 1 # 0 at 14403556, 0.296171 0.332125
2024-08-01 08:10:16,316 INFO recv 6 -> 1 # 0 at 27523415, 0.296171 0.332125
2024-08-01 08:10:16,340 INFO CHECKSUM 6 2 0: 1.538993
2024-08-01 08:10:16,341 INFO CHECKSUM 6 2 0: 1.538993
2024-08-01 08:10:16,367 INFO recv 6 -> 2 # 0 at 41747895, 0.296171 0.332125
2024-08-01 08:10:16,367 INFO sent 6 -> 2 # 0 at 14793541, 0.296171 0.332125
2024-08-01 08:10:16,392 INFO CHECKSUM 6 3 0: 1.538993
2024-08-01 08:10:16,392 INFO CHECKSUM 6 3 0: 1.538993
2024-08-01 08:10:16,409 INFO recv 6 -> 3 # 0 at 31538370, 0.296171 0.332125
2024-08-01 08:10:16,409 INFO sent 6 -> 3 # 0 at 21416468, 0.296171 0.332125
2024-08-01 08:10:16,435 INFO CHECKSUM 6 4 0: 1.538993
2024-08-01 08:10:16,436 INFO CHECKSUM 6 4 0: 1.538993
2024-08-01 08:10:16,462 INFO recv 6 -> 4 # 0 at 40509835, 0.296171 0.332125
2024-08-01 08:10:16,462 INFO sent 6 -> 4 # 0 at 13771210, 0.296171 0.332125
2024-08-01 08:10:16,511 INFO CHECKSUM 6 5 0: 1.538993
2024-08-01 08:10:16,512 INFO CHECKSUM 6 5 0: 1.538993
2024-08-01 08:10:16,523 INFO recv 6 -> 5 # 0 at 40823062, 0.296171 0.332125
2024-08-01 08:10:16,523 INFO sent 6 -> 5 # 0 at 29294067, 0.296171 0.332125
2024-08-01 08:10:16,730 INFO CHECKSUM 6 7 0: 1.538993
2024-08-01 08:10:16,730 INFO CHECKSUM 6 7 0: 1.538993
2024-08-01 08:10:16,744 INFO sent 6 -> 7 # 0 at 191996788, 0.296171 0.332125
2024-08-01 08:10:16,744 INFO recv 6 -> 7 # 0 at 206103999, 0.296171 0.332125
2024-08-01 08:10:16,854 INFO CHECKSUM 6 8 0: 1.538993
2024-08-01 08:10:16,855 INFO CHECKSUM 6 8 0: 1.538993
2024-08-01 08:10:16,873 INFO sent 6 -> 8 # 0 at 108080687, 0.296171 0.332125
2024-08-01 08:10:16,873 INFO recv 6 -> 8 # 0 at 127021655, 0.296171 0.332125
2024-08-01 08:10:17,003 INFO CHECKSUM 6 9 0: 1.538993
2024-08-01 08:10:17,004 INFO CHECKSUM 6 9 0: 1.538993
2024-08-01 08:10:17,034 INFO sent 6 -> 9 # 0 at 119369666, 0.296171 0.332125
2024-08-01 08:10:17,034 INFO recv 6 -> 9 # 0 at 150724273, 0.296171 0.332125
2024-08-01 08:10:17,218 INFO CHECKSUM 6 10 0: 1.538993
2024-08-01 08:10:17,218 INFO CHECKSUM 6 10 0: 1.538993
2024-08-01 08:10:17,227 INFO recv 6 -> 10 # 0 at 177017665, 0.296171 0.332125
2024-08-01 08:10:17,227 INFO sent 6 -> 10 # 0 at 168011001, 0.296171 0.332125
2024-08-01 08:10:17,422 INFO CHECKSUM 6 11 0: 1.538993
2024-08-01 08:10:17,423 INFO CHECKSUM 6 11 0: 1.538993
2024-08-01 08:10:17,438 INFO sent 6 -> 11 # 0 at 184157825, 0.296171 0.332125
2024-08-01 08:10:17,438 INFO recv 6 -> 11 # 0 at 200036954, 0.296171 0.332125
2024-08-01 08:10:17,587 INFO CHECKSUM 6 12 0: 1.538993
2024-08-01 08:10:17,587 INFO CHECKSUM 6 12 0: 1.538993
2024-08-01 08:10:17,614 INFO recv 6 -> 12 # 0 at 169030839, 0.296171 0.332125
2024-08-01 08:10:17,615 INFO sent 6 -> 12 # 0 at 141072368, 0.296171 0.332125
2024-08-01 08:10:17,814 INFO CHECKSUM 6 13 0: 1.538993
2024-08-01 08:10:17,815 INFO CHECKSUM 6 13 0: 1.538993
2024-08-01 08:10:17,830 INFO recv 6 -> 13 # 0 at 184820238, 0.296171 0.332125
2024-08-01 08:10:17,833 INFO sent 6 -> 13 # 0 at 160217875, 0.296171 0.332125
2024-08-01 08:10:18,032 INFO CHECKSUM 6 14 0: 1.538993
2024-08-01 08:10:18,033 INFO CHECKSUM 6 14 0: 1.538993
2024-08-01 08:10:18,045 INFO sent 6 -> 14 # 0 at 182021024, 0.296171 0.332125
2024-08-01 08:10:18,045 INFO recv 6 -> 14 # 0 at 195000613, 0.296171 0.332125
2024-08-01 08:10:18,162 INFO CHECKSUM 6 15 0: 1.538993
2024-08-01 08:10:18,163 INFO CHECKSUM 6 15 0: 1.538993
2024-08-01 08:10:18,187 INFO Accepting from rank 7
2024-08-01 08:10:18,187 INFO Accepting from rank 7
2024-08-01 08:10:18,187 INFO Accepting from rank 7
2024-08-01 08:10:18,187 INFO Accepting from rank 7
2024-08-01 08:10:18,187 INFO Accepting from rank 7
2024-08-01 08:10:18,187 INFO Accepting from rank 7
2024-08-01 08:10:18,187 INFO Accepting from rank 7
2024-08-01 08:10:18,187 INFO Accepting from rank 7
2024-08-01 08:10:18,187 INFO Accepting from rank 7
2024-08-01 08:10:18,187 INFO Accepting from rank 7
2024-08-01 08:10:18,187 INFO Accepting from rank 7
2024-08-01 08:10:18,187 INFO Sending from rank 7
2024-08-01 08:10:18,187 INFO Accepting from rank 7
2024-08-01 08:10:18,187 INFO Accepting from rank 7
2024-08-01 08:10:18,187 INFO sent 6 -> 15 # 0 at 103394594, 0.296171 0.332125
2024-08-01 08:10:18,187 INFO recv 6 -> 15 # 0 at 128461677, 0.296171 0.332125
2024-08-01 08:10:18,187 INFO Accepting from rank 7
2024-08-01 08:10:18,187 INFO Accepting from rank 7
2024-08-01 08:10:18,247 INFO CHECKSUM 7 0 0: 1.986124
2024-08-01 08:10:18,256 INFO CHECKSUM 7 0 0: 1.986124
2024-08-01 08:10:18,268 INFO sent 7 -> 0 # 0 at 16870618, 0.929154 0.301266
2024-08-01 08:10:18,268 INFO recv 7 -> 0 # 0 at 49648356, 0.929154 0.301266
2024-08-01 08:10:18,300 INFO CHECKSUM 7 1 0: 1.986124
2024-08-01 08:10:18,300 INFO CHECKSUM 7 1 0: 1.986124
2024-08-01 08:10:18,313 INFO sent 7 -> 1 # 0 at 22690939, 0.929154 0.301266
2024-08-01 08:10:18,313 INFO recv 7 -> 1 # 0 at 36209441, 0.929154 0.301266
2024-08-01 08:10:18,329 INFO CHECKSUM 7 2 0: 1.986124
2024-08-01 08:10:18,342 INFO sent 7 -> 2 # 0 at 14199461, 0.929154 0.301266
2024-08-01 08:10:18,329 INFO CHECKSUM 7 2 0: 1.986124
2024-08-01 08:10:18,342 INFO recv 7 -> 2 # 0 at 27558683, 0.929154 0.301266
2024-08-01 08:10:18,358 INFO CHECKSUM 7 3 0: 1.986124
2024-08-01 08:10:18,358 INFO CHECKSUM 7 3 0: 1.986124
2024-08-01 08:10:18,378 INFO sent 7 -> 3 # 0 at 14622621, 0.929154 0.301266
2024-08-01 08:10:18,378 INFO recv 7 -> 3 # 0 at 34799521, 0.929154 0.301266
2024-08-01 08:10:18,392 INFO CHECKSUM 7 4 0: 1.986124
2024-08-01 08:10:18,393 INFO CHECKSUM 7 4 0: 1.986124
2024-08-01 08:10:18,408 INFO recv 7 -> 4 # 0 at 29611972, 0.929154 0.301266
2024-08-01 08:10:18,415 INFO sent 7 -> 4 # 0 at 13544021, 0.929154 0.301266
2024-08-01 08:10:18,430 INFO CHECKSUM 7 5 0: 1.986124
2024-08-01 08:10:18,429 INFO CHECKSUM 7 5 0: 1.986124
2024-08-01 08:10:18,441 INFO recv 7 -> 5 # 0 at 26110296, 0.929154 0.301266
2024-08-01 08:10:18,441 INFO sent 7 -> 5 # 0 at 14073887, 0.929154 0.301266
2024-08-01 08:10:18,457 INFO CHECKSUM 7 6 0: 1.986124
2024-08-01 08:10:18,457 INFO CHECKSUM 7 6 0: 1.986124
2024-08-01 08:10:18,478 INFO recv 7 -> 6 # 0 at 35379751, 0.929154 0.301266
2024-08-01 08:10:18,478 INFO sent 7 -> 6 # 0 at 14453413, 0.929154 0.301266
2024-08-01 08:10:18,671 INFO CHECKSUM 7 8 0: 1.986124
2024-08-01 08:10:18,671 INFO CHECKSUM 7 8 0: 1.986124
2024-08-01 08:10:18,693 INFO recv 7 -> 8 # 0 at 199582426, 0.929154 0.301266
2024-08-01 08:10:18,693 INFO sent 7 -> 8 # 0 at 168034556, 0.929154 0.301266
2024-08-01 08:10:18,878 INFO CHECKSUM 7 9 0: 1.986124
2024-08-01 08:10:18,879 INFO CHECKSUM 7 9 0: 1.986124
2024-08-01 08:10:18,894 INFO recv 7 -> 9 # 0 at 196636666, 0.929154 0.301266
2024-08-01 08:10:18,894 INFO sent 7 -> 9 # 0 at 179899682, 0.929154 0.301266
2024-08-01 08:10:19,089 INFO CHECKSUM 7 10 0: 1.986124
2024-08-01 08:10:19,088 INFO CHECKSUM 7 10 0: 1.986124
2024-08-01 08:10:19,100 INFO recv 7 -> 10 # 0 at 178816279, 0.929154 0.301266
2024-08-01 08:10:19,099 INFO sent 7 -> 10 # 0 at 167876238, 0.929154 0.301266
2024-08-01 08:10:19,228 INFO CHECKSUM 7 11 0: 1.986124
2024-08-01 08:10:19,228 INFO CHECKSUM 7 11 0: 1.986124
2024-08-01 08:10:19,239 INFO sent 7 -> 11 # 0 at 118653719, 0.929154 0.301266
2024-08-01 08:10:19,239 INFO recv 7 -> 11 # 0 at 129892290, 0.929154 0.301266
2024-08-01 08:10:19,380 INFO CHECKSUM 7 12 0: 1.986124
2024-08-01 08:10:19,380 INFO CHECKSUM 7 12 0: 1.986124
2024-08-01 08:10:19,401 INFO recv 7 -> 12 # 0 at 158641680, 0.929154 0.301266
2024-08-01 08:10:19,410 INFO sent 7 -> 12 # 0 at 137731043, 0.929154 0.301266
2024-08-01 08:10:19,595 INFO CHECKSUM 7 13 0: 1.986124
2024-08-01 08:10:19,596 INFO CHECKSUM 7 13 0: 1.986124
2024-08-01 08:10:19,615 INFO recv 7 -> 13 # 0 at 197440746, 0.929154 0.301266
2024-08-01 08:10:19,621 INFO sent 7 -> 13 # 0 at 177477297, 0.929154 0.301266
2024-08-01 08:10:19,787 INFO CHECKSUM 7 14 0: 1.986124
2024-08-01 08:10:19,788 INFO CHECKSUM 7 14 0: 1.986124
2024-08-01 08:10:19,804 INFO recv 7 -> 14 # 0 at 177543725, 0.929154 0.301266
2024-08-01 08:10:19,813 INFO sent 7 -> 14 # 0 at 160813129, 0.929154 0.301266
2024-08-01 08:10:20,003 INFO CHECKSUM 7 15 0: 1.986124
2024-08-01 08:10:20,003 INFO CHECKSUM 7 15 0: 1.986124
2024-08-01 08:10:20,026 INFO Accepting from rank 8
2024-08-01 08:10:20,026 INFO Accepting from rank 8
2024-08-01 08:10:20,026 INFO Accepting from rank 8
2024-08-01 08:10:20,026 INFO Sending from rank 8
2024-08-01 08:10:20,026 INFO Accepting from rank 8
2024-08-01 08:10:20,026 INFO Accepting from rank 8
2024-08-01 08:10:20,026 INFO Accepting from rank 8
2024-08-01 08:10:20,026 INFO Accepting from rank 8
2024-08-01 08:10:20,026 INFO Accepting from rank 8
2024-08-01 08:10:20,026 INFO Accepting from rank 8
2024-08-01 08:10:20,026 INFO Accepting from rank 8
2024-08-01 08:10:20,026 INFO Accepting from rank 8
2024-08-01 08:10:20,026 INFO Accepting from rank 8
2024-08-01 08:10:20,026 INFO sent 7 -> 15 # 0 at 169010367, 0.929154 0.301266
2024-08-01 08:10:20,026 INFO Accepting from rank 8
2024-08-01 08:10:20,030 INFO Accepting from rank 8
2024-08-01 08:10:20,030 INFO recv 7 -> 15 # 0 at 195571377, 0.929154 0.301266
2024-08-01 08:10:20,030 INFO Accepting from rank 8
2024-08-01 08:10:20,063 INFO CHECKSUM 8 0 0: 2.341560
2024-08-01 08:10:20,064 INFO CHECKSUM 8 0 0: 2.341560
2024-08-01 08:10:20,073 INFO sent 8 -> 0 # 0 at 14561023, 0.235021 0.664405
2024-08-01 08:10:20,073 INFO recv 8 -> 0 # 0 at 24555180, 0.235021 0.664405
2024-08-01 08:10:20,099 INFO CHECKSUM 8 1 0: 2.341560
2024-08-01 08:10:20,100 INFO CHECKSUM 8 1 0: 2.341560
2024-08-01 08:10:20,122 INFO recv 8 -> 1 # 0 at 36488630, 0.235021 0.664405
2024-08-01 08:10:20,122 INFO sent 8 -> 1 # 0 at 13891018, 0.235021 0.664405
2024-08-01 08:10:20,148 INFO CHECKSUM 8 2 0: 2.341560
2024-08-01 08:10:20,149 INFO CHECKSUM 8 2 0: 2.341560
2024-08-01 08:10:20,160 INFO sent 8 -> 2 # 0 at 13965593, 0.235021 0.664405
2024-08-01 08:10:20,160 INFO recv 8 -> 2 # 0 at 26183119, 0.235021 0.664405
2024-08-01 08:10:20,189 INFO CHECKSUM 8 3 0: 2.341560
2024-08-01 08:10:20,188 INFO CHECKSUM 8 3 0: 2.341560
2024-08-01 08:10:20,203 INFO sent 8 -> 3 # 0 at 14219933, 0.235021 0.664405
2024-08-01 08:10:20,203 INFO recv 8 -> 3 # 0 at 29346932, 0.235021 0.664405
2024-08-01 08:10:20,243 INFO CHECKSUM 8 4 0: 2.341560
2024-08-01 08:10:20,243 INFO CHECKSUM 8 4 0: 2.341560
2024-08-01 08:10:20,258 INFO sent 8 -> 4 # 0 at 20889956, 0.235021 0.664405
2024-08-01 08:10:20,258 INFO recv 8 -> 4 # 0 at 36000413, 0.235021 0.664405
2024-08-01 08:10:20,288 INFO CHECKSUM 8 5 0: 2.341560
2024-08-01 08:10:20,289 INFO CHECKSUM 8 5 0: 2.341560
2024-08-01 08:10:20,310 INFO sent 8 -> 5 # 0 at 14279068, 0.235021 0.664405
2024-08-01 08:10:20,310 INFO recv 8 -> 5 # 0 at 35814463, 0.235021 0.664405
2024-08-01 08:10:20,328 INFO CHECKSUM 8 6 0: 2.341560
2024-08-01 08:10:20,329 INFO CHECKSUM 8 6 0: 2.341560
2024-08-01 08:10:20,336 INFO sent 8 -> 6 # 0 at 14546324, 0.235021 0.664405
2024-08-01 08:10:20,336 INFO recv 8 -> 6 # 0 at 22176451, 0.235021 0.664405
2024-08-01 08:10:20,360 INFO CHECKSUM 8 7 0: 2.341560
2024-08-01 08:10:20,360 INFO CHECKSUM 8 7 0: 2.341560
2024-08-01 08:10:20,374 INFO sent 8 -> 7 # 0 at 13867663, 0.235021 0.664405
2024-08-01 08:10:20,374 INFO recv 8 -> 7 # 0 at 28104931, 0.235021 0.664405
2024-08-01 08:10:20,586 INFO CHECKSUM 8 9 0: 2.341560
2024-08-01 08:10:20,595 INFO CHECKSUM 8 9 0: 2.341560
2024-08-01 08:10:20,618 INFO sent 8 -> 9 # 0 at 191755069, 0.235021 0.664405
2024-08-01 08:10:20,618 INFO recv 8 -> 9 # 0 at 223400958, 0.235021 0.664405
2024-08-01 08:10:20,813 INFO CHECKSUM 8 10 0: 2.341560
2024-08-01 08:10:20,814 INFO CHECKSUM 8 10 0: 2.341560
2024-08-01 08:10:20,830 INFO sent 8 -> 10 # 0 at 181801414, 0.235021 0.664405
2024-08-01 08:10:20,830 INFO recv 8 -> 10 # 0 at 198216337, 0.235021 0.664405
2024-08-01 08:10:21,019 INFO CHECKSUM 8 11 0: 2.341560
2024-08-01 08:10:21,019 INFO CHECKSUM 8 11 0: 2.341560
2024-08-01 08:10:21,033 INFO sent 8 -> 11 # 0 at 182344584, 0.235021 0.664405
2024-08-01 08:10:21,033 INFO recv 8 -> 11 # 0 at 197070595, 0.235021 0.664405
2024-08-01 08:10:21,235 INFO CHECKSUM 8 12 0: 2.341560
2024-08-01 08:10:21,235 INFO CHECKSUM 8 12 0: 2.341560
2024-08-01 08:10:21,255 INFO sent 8 -> 12 # 0 at 192779278, 0.235021 0.664405
2024-08-01 08:10:21,255 INFO recv 8 -> 12 # 0 at 213038605, 0.235021 0.664405
2024-08-01 08:10:21,458 INFO CHECKSUM 8 13 0: 2.341560
2024-08-01 08:10:21,471 INFO sent 8 -> 13 # 0 at 200109073, 0.235021 0.664405
2024-08-01 08:10:21,459 INFO CHECKSUM 8 13 0: 2.341560
2024-08-01 08:10:21,471 INFO recv 8 -> 13 # 0 at 204866088, 0.235021 0.664405
2024-08-01 08:10:21,593 INFO CHECKSUM 8 14 0: 2.341560
2024-08-01 08:10:21,594 INFO CHECKSUM 8 14 0: 2.341560
2024-08-01 08:10:21,622 INFO sent 8 -> 14 # 0 at 110498061, 0.235021 0.664405
2024-08-01 08:10:21,626 INFO recv 8 -> 14 # 0 at 143815084, 0.235021 0.664405
2024-08-01 08:10:21,821 INFO CHECKSUM 8 15 0: 2.341560
2024-08-01 08:10:21,822 INFO CHECKSUM 8 15 0: 2.341560
2024-08-01 08:10:21,839 INFO sent 8 -> 15 # 0 at 191766060, 0.235021 0.664405
2024-08-01 08:10:21,839 INFO Accepting from rank 9
2024-08-01 08:10:21,839 INFO Accepting from rank 9
2024-08-01 08:10:21,839 INFO Accepting from rank 9
2024-08-01 08:10:21,839 INFO Accepting from rank 9
2024-08-01 08:10:21,839 INFO Sending from rank 9
2024-08-01 08:10:21,839 INFO Accepting from rank 9
2024-08-01 08:10:21,839 INFO Accepting from rank 9
2024-08-01 08:10:21,839 INFO Accepting from rank 9
2024-08-01 08:10:21,839 INFO Accepting from rank 9
2024-08-01 08:10:21,839 INFO Accepting from rank 9
2024-08-01 08:10:21,839 INFO Accepting from rank 9
2024-08-01 08:10:21,839 INFO Accepting from rank 9
2024-08-01 08:10:21,839 INFO Accepting from rank 9
2024-08-01 08:10:21,839 INFO Accepting from rank 9
2024-08-01 08:10:21,839 INFO recv 8 -> 15 # 0 at 209384884, 0.235021 0.664405
2024-08-01 08:10:21,839 INFO Accepting from rank 9
2024-08-01 08:10:21,839 INFO Accepting from rank 9
2024-08-01 08:10:21,875 INFO CHECKSUM 9 0 0: 0.958808
2024-08-01 08:10:21,881 INFO CHECKSUM 9 0 0: 0.958808
2024-08-01 08:10:21,893 INFO sent 9 -> 0 # 0 at 14073270, 0.265151 0.009850
2024-08-01 08:10:21,893 INFO recv 9 -> 0 # 0 at 32189576, 0.265151 0.009850
2024-08-01 08:10:21,913 INFO CHECKSUM 9 1 0: 0.958808
2024-08-01 08:10:21,913 INFO CHECKSUM 9 1 0: 0.958808
2024-08-01 08:10:21,929 INFO recv 9 -> 1 # 0 at 30868527, 0.265151 0.009850
2024-08-01 08:10:21,929 INFO sent 9 -> 1 # 0 at 14237558, 0.265151 0.009850
2024-08-01 08:10:21,943 INFO CHECKSUM 9 2 0: 0.958808
2024-08-01 08:10:21,944 INFO CHECKSUM 9 2 0: 0.958808
2024-08-01 08:10:21,961 INFO recv 9 -> 2 # 0 at 31757121, 0.265151 0.009850
2024-08-01 08:10:21,961 INFO sent 9 -> 2 # 0 at 13830782, 0.265151 0.009850
2024-08-01 08:10:21,981 INFO CHECKSUM 9 3 0: 0.958808
2024-08-01 08:10:21,982 INFO CHECKSUM 9 3 0: 0.958808
2024-08-01 08:10:21,993 INFO sent 9 -> 3 # 0 at 14666877, 0.265151 0.009850
2024-08-01 08:10:21,993 INFO recv 9 -> 3 # 0 at 27189149, 0.265151 0.009850
2024-08-01 08:10:22,099 INFO CHECKSUM 9 4 0: 0.958808
2024-08-01 08:10:22,099 INFO CHECKSUM 9 4 0: 0.958808
2024-08-01 08:10:22,131 INFO recv 9 -> 4 # 0 at 121327220, 0.265151 0.009850
2024-08-01 08:10:22,131 INFO sent 9 -> 4 # 0 at 80653552, 0.265151 0.009850
2024-08-01 08:10:22,146 INFO CHECKSUM 9 5 0: 0.958808
2024-08-01 08:10:22,146 INFO CHECKSUM 9 5 0: 0.958808
2024-08-01 08:10:22,165 INFO sent 9 -> 5 # 0 at 14162693, 0.265151 0.009850
2024-08-01 08:10:22,165 INFO recv 9 -> 5 # 0 at 34073399, 0.265151 0.009850
2024-08-01 08:10:22,184 INFO CHECKSUM 9 6 0: 0.958808
2024-08-01 08:10:22,184 INFO CHECKSUM 9 6 0: 0.958808
2024-08-01 08:10:22,201 INFO sent 9 -> 6 # 0 at 14431743, 0.265151 0.009850
2024-08-01 08:10:22,201 INFO recv 9 -> 6 # 0 at 31196283, 0.265151 0.009850
2024-08-01 08:10:22,215 INFO CHECKSUM 9 7 0: 0.958808
2024-08-01 08:10:22,215 INFO CHECKSUM 9 7 0: 0.958808
2024-08-01 08:10:22,234 INFO recv 9 -> 7 # 0 at 32876229, 0.265151 0.009850
2024-08-01 08:10:22,236 INFO sent 9 -> 7 # 0 at 14116214, 0.265151 0.009850
2024-08-01 08:10:22,251 INFO CHECKSUM 9 8 0: 0.958808
2024-08-01 08:10:22,251 INFO CHECKSUM 9 8 0: 0.958808
2024-08-01 08:10:22,261 INFO recv 9 -> 8 # 0 at 24690176, 0.265151 0.009850
2024-08-01 08:10:22,261 INFO sent 9 -> 8 # 0 at 14435060, 0.265151 0.009850
2024-08-01 08:10:22,493 INFO CHECKSUM 9 10 0: 0.958808
2024-08-01 08:10:22,497 INFO CHECKSUM 9 10 0: 0.958808
2024-08-01 08:10:22,534 INFO recv 9 -> 10 # 0 at 260678805, 0.265151 0.009850
2024-08-01 08:10:22,538 INFO sent 9 -> 10 # 0 at 219872022, 0.265151 0.009850
2024-08-01 08:10:22,680 INFO CHECKSUM 9 11 0: 0.958808
2024-08-01 08:10:22,681 INFO CHECKSUM 9 11 0: 0.958808
2024-08-01 08:10:22,714 INFO sent 9 -> 11 # 0 at 125985183, 0.265151 0.009850
2024-08-01 08:10:22,714 INFO recv 9 -> 11 # 0 at 159507176, 0.265151 0.009850
2024-08-01 08:10:22,975 INFO CHECKSUM 9 12 0: 0.958808
2024-08-01 08:10:22,976 INFO CHECKSUM 9 12 0: 0.958808
2024-08-01 08:10:22,986 INFO sent 9 -> 12 # 0 at 245328018, 0.265151 0.009850
2024-08-01 08:10:22,986 INFO recv 9 -> 12 # 0 at 256673591, 0.265151 0.009850
2024-08-01 08:10:23,106 INFO CHECKSUM 9 13 0: 0.958808
2024-08-01 08:10:23,116 INFO sent 9 -> 13 # 0 at 109490686, 0.265151 0.009850
2024-08-01 08:10:23,107 INFO CHECKSUM 9 13 0: 0.958808
2024-08-01 08:10:23,116 INFO recv 9 -> 13 # 0 at 119986213, 0.265151 0.009850
2024-08-01 08:10:23,298 INFO CHECKSUM 9 14 0: 0.958808
2024-08-01 08:10:23,298 INFO CHECKSUM 9 14 0: 0.958808
2024-08-01 08:10:23,316 INFO sent 9 -> 14 # 0 at 175168083, 0.265151 0.009850
2024-08-01 08:10:23,316 INFO recv 9 -> 14 # 0 at 193731617, 0.265151 0.009850
2024-08-01 08:10:23,507 INFO CHECKSUM 9 15 0: 0.958808
2024-08-01 08:10:23,516 INFO Accepting from rank 10
2024-08-01 08:10:23,516 INFO Accepting from rank 10
2024-08-01 08:10:23,516 INFO Accepting from rank 10
2024-08-01 08:10:23,507 INFO CHECKSUM 9 15 0: 0.958808
2024-08-01 08:10:23,516 INFO Accepting from rank 10
2024-08-01 08:10:23,516 INFO Sending from rank 10
2024-08-01 08:10:23,516 INFO Accepting from rank 10
2024-08-01 08:10:23,516 INFO Accepting from rank 10
2024-08-01 08:10:23,516 INFO Accepting from rank 10
2024-08-01 08:10:23,516 INFO sent 9 -> 15 # 0 at 165348718, 0.265151 0.009850
2024-08-01 08:10:23,516 INFO recv 9 -> 15 # 0 at 179025794, 0.265151 0.009850
2024-08-01 08:10:23,516 INFO Accepting from rank 10
2024-08-01 08:10:23,516 INFO Accepting from rank 10
2024-08-01 08:10:23,522 INFO Accepting from rank 10
2024-08-01 08:10:23,522 INFO Accepting from rank 10
2024-08-01 08:10:23,522 INFO Accepting from rank 10
2024-08-01 08:10:23,522 INFO Accepting from rank 10
2024-08-01 08:10:23,529 INFO Accepting from rank 10
2024-08-01 08:10:23,529 INFO Accepting from rank 10
2024-08-01 08:10:23,571 INFO CHECKSUM 10 0 0: 2.184472
2024-08-01 08:10:23,571 INFO CHECKSUM 10 0 0: 2.184472
2024-08-01 08:10:23,589 INFO recv 10 -> 0 # 0 at 40019290, 0.941535 0.612998
2024-08-01 08:10:23,589 INFO sent 10 -> 0 # 0 at 21725780, 0.941535 0.612998
2024-08-01 08:10:23,624 INFO CHECKSUM 10 1 0: 2.184472
2024-08-01 08:10:23,625 INFO CHECKSUM 10 1 0: 2.184472
2024-08-01 08:10:23,638 INFO sent 10 -> 1 # 0 at 25897207, 0.941535 0.612998
2024-08-01 08:10:23,638 INFO recv 10 -> 1 # 0 at 40050499, 0.941535 0.612998
2024-08-01 08:10:23,656 INFO CHECKSUM 10 2 0: 2.184472
2024-08-01 08:10:23,666 INFO CHECKSUM 10 2 0: 2.184472
2024-08-01 08:10:23,678 INFO sent 10 -> 2 # 0 at 14462542, 0.941535 0.612998
2024-08-01 08:10:23,678 INFO recv 10 -> 2 # 0 at 36422701, 0.941535 0.612998
2024-08-01 08:10:23,772 INFO CHECKSUM 10 3 0: 2.184472
2024-08-01 08:10:23,772 INFO CHECKSUM 10 3 0: 2.184472
2024-08-01 08:10:23,785 INFO recv 10 -> 3 # 0 at 99960078, 0.941535 0.612998
2024-08-01 08:10:23,785 INFO sent 10 -> 3 # 0 at 86318161, 0.941535 0.612998
2024-08-01 08:10:23,815 INFO CHECKSUM 10 4 0: 2.184472
2024-08-01 08:10:23,815 INFO CHECKSUM 10 4 0: 2.184472
2024-08-01 08:10:23,826 INFO sent 10 -> 4 # 0 at 22903675, 0.941535 0.612998
2024-08-01 08:10:23,826 INFO recv 10 -> 4 # 0 at 34382668, 0.941535 0.612998
2024-08-01 08:10:23,846 INFO CHECKSUM 10 5 0: 2.184472
2024-08-01 08:10:23,846 INFO CHECKSUM 10 5 0: 2.184472
2024-08-01 08:10:23,858 INFO sent 10 -> 5 # 0 at 13947918, 0.941535 0.612998
2024-08-01 08:10:23,858 INFO recv 10 -> 5 # 0 at 26493909, 0.941535 0.612998
2024-08-01 08:10:23,880 INFO CHECKSUM 10 6 0: 2.184472
2024-08-01 08:10:23,880 INFO CHECKSUM 10 6 0: 2.184472
2024-08-01 08:10:23,898 INFO recv 10 -> 6 # 0 at 31960914, 0.941535 0.612998
2024-08-01 08:10:23,906 INFO sent 10 -> 6 # 0 at 13996472, 0.941535 0.612998
2024-08-01 08:10:23,962 INFO CHECKSUM 10 7 0: 2.184472
2024-08-01 08:10:23,962 INFO CHECKSUM 10 7 0: 2.184472
2024-08-01 08:10:23,974 INFO sent 10 -> 7 # 0 at 28150308, 0.941535 0.612998
2024-08-01 08:10:23,974 INFO recv 10 -> 7 # 0 at 39723389, 0.941535 0.612998
2024-08-01 08:10:24,019 INFO CHECKSUM 10 8 0: 2.184472
2024-08-01 08:10:24,020 INFO CHECKSUM 10 8 0: 2.184472
2024-08-01 08:10:24,042 INFO recv 10 -> 8 # 0 at 37138939, 0.941535 0.612998
2024-08-01 08:10:24,042 INFO sent 10 -> 8 # 0 at 13734686, 0.941535 0.612998
2024-08-01 08:10:24,071 INFO CHECKSUM 10 9 0: 2.184472
2024-08-01 08:10:24,072 INFO CHECKSUM 10 9 0: 2.184472
2024-08-01 08:10:24,086 INFO recv 10 -> 9 # 0 at 28485265, 0.941535 0.612998
2024-08-01 08:10:24,086 INFO sent 10 -> 9 # 0 at 13604265, 0.941535 0.612998
2024-08-01 08:10:24,275 INFO CHECKSUM 10 11 0: 2.184472
2024-08-01 08:10:24,275 INFO CHECKSUM 10 11 0: 2.184472
2024-08-01 08:10:24,293 INFO sent 10 -> 11 # 0 at 185705034, 0.941535 0.612998
2024-08-01 08:10:24,293 INFO recv 10 -> 11 # 0 at 203727763, 0.941535 0.612998
2024-08-01 08:10:24,514 INFO CHECKSUM 10 12 0: 2.184472
2024-08-01 08:10:24,514 INFO CHECKSUM 10 12 0: 2.184472
2024-08-01 08:10:24,530 INFO recv 10 -> 12 # 0 at 224175941, 0.941535 0.612998
2024-08-01 08:10:24,530 INFO sent 10 -> 12 # 0 at 207987580, 0.941535 0.612998
2024-08-01 08:10:24,751 INFO CHECKSUM 10 13 0: 2.184472
2024-08-01 08:10:24,752 INFO CHECKSUM 10 13 0: 2.184472
2024-08-01 08:10:24,766 INFO sent 10 -> 13 # 0 at 202544156, 0.941535 0.612998
2024-08-01 08:10:24,766 INFO recv 10 -> 13 # 0 at 213439321, 0.941535 0.612998
2024-08-01 08:10:24,935 INFO CHECKSUM 10 14 0: 2.184472
2024-08-01 08:10:24,935 INFO CHECKSUM 10 14 0: 2.184472
2024-08-01 08:10:24,966 INFO sent 10 -> 14 # 0 at 161257738, 0.941535 0.612998
2024-08-01 08:10:24,966 INFO recv 10 -> 14 # 0 at 192735579, 0.941535 0.612998
2024-08-01 08:10:25,164 INFO CHECKSUM 10 15 0: 2.184472
2024-08-01 08:10:25,164 INFO CHECKSUM 10 15 0: 2.184472
2024-08-01 08:10:25,175 INFO Accepting from rank 11
2024-08-01 08:10:25,175 INFO Accepting from rank 11
2024-08-01 08:10:25,175 INFO Accepting from rank 11
2024-08-01 08:10:25,175 INFO Accepting from rank 11
2024-08-01 08:10:25,175 INFO Accepting from rank 11
2024-08-01 08:10:25,175 INFO Accepting from rank 11
2024-08-01 08:10:25,175 INFO Accepting from rank 11
2024-08-01 08:10:25,175 INFO Accepting from rank 11
2024-08-01 08:10:25,175 INFO Accepting from rank 11
2024-08-01 08:10:25,175 INFO Sending from rank 11
2024-08-01 08:10:25,175 INFO Accepting from rank 11
2024-08-01 08:10:25,175 INFO Accepting from rank 11
2024-08-01 08:10:25,175 INFO Accepting from rank 11
2024-08-01 08:10:25,175 INFO sent 10 -> 15 # 0 at 194021766, 0.941535 0.612998
2024-08-01 08:10:25,175 INFO Accepting from rank 11
2024-08-01 08:10:25,175 INFO recv 10 -> 15 # 0 at 205654764, 0.941535 0.612998
2024-08-01 08:10:25,175 INFO Accepting from rank 11
2024-08-01 08:10:25,175 INFO Accepting from rank 11
2024-08-01 08:10:25,211 INFO CHECKSUM 11 0 0: 1.818994
2024-08-01 08:10:25,212 INFO CHECKSUM 11 0 0: 1.818994
2024-08-01 08:10:25,226 INFO recv 11 -> 0 # 0 at 29044088, 0.121390 0.806185
2024-08-01 08:10:25,226 INFO sent 11 -> 0 # 0 at 14326480, 0.121390 0.806185
2024-08-01 08:10:25,276 INFO CHECKSUM 11 1 0: 1.818994
2024-08-01 08:10:25,276 INFO CHECKSUM 11 1 0: 1.818994
2024-08-01 08:10:25,286 INFO sent 11 -> 1 # 0 at 22669673, 0.121390 0.806185
2024-08-01 08:10:25,286 INFO recv 11 -> 1 # 0 at 23609614, 0.121390 0.806185
2024-08-01 08:10:25,304 INFO CHECKSUM 11 2 0: 1.818994
2024-08-01 08:10:25,305 INFO CHECKSUM 11 2 0: 1.818994
2024-08-01 08:10:25,317 INFO recv 11 -> 2 # 0 at 26860495, 0.121390 0.806185
2024-08-01 08:10:25,317 INFO sent 11 -> 2 # 0 at 13699618, 0.121390 0.806185
2024-08-01 08:10:25,353 INFO CHECKSUM 11 3 0: 1.818994
2024-08-01 08:10:25,353 INFO CHECKSUM 11 3 0: 1.818994
2024-08-01 08:10:25,370 INFO recv 11 -> 3 # 0 at 47160565, 0.121390 0.806185
2024-08-01 08:10:25,370 INFO sent 11 -> 3 # 0 at 30983060, 0.121390 0.806185
2024-08-01 08:10:25,391 INFO CHECKSUM 11 4 0: 1.818994
2024-08-01 08:10:25,392 INFO CHECKSUM 11 4 0: 1.818994
2024-08-01 08:10:25,402 INFO sent 11 -> 4 # 0 at 13969831, 0.121390 0.806185
2024-08-01 08:10:25,402 INFO recv 11 -> 4 # 0 at 24576433, 0.121390 0.806185
2024-08-01 08:10:25,430 INFO CHECKSUM 11 5 0: 1.818994
2024-08-01 08:10:25,430 INFO CHECKSUM 11 5 0: 1.818994
2024-08-01 08:10:25,447 INFO recv 11 -> 5 # 0 at 31712484, 0.121390 0.806185
2024-08-01 08:10:25,447 INFO sent 11 -> 5 # 0 at 14206068, 0.121390 0.806185
2024-08-01 08:10:25,464 INFO CHECKSUM 11 6 0: 1.818994
2024-08-01 08:10:25,464 INFO CHECKSUM 11 6 0: 1.818994
2024-08-01 08:10:25,477 INFO recv 11 -> 6 # 0 at 27542982, 0.121390 0.806185
2024-08-01 08:10:25,477 INFO sent 11 -> 6 # 0 at 14068933, 0.121390 0.806185
2024-08-01 08:10:25,492 INFO CHECKSUM 11 7 0: 1.818994
2024-08-01 08:10:25,492 INFO CHECKSUM 11 7 0: 1.818994
2024-08-01 08:10:25,513 INFO sent 11 -> 7 # 0 at 14408959, 0.121390 0.806185
2024-08-01 08:10:25,513 INFO recv 11 -> 7 # 0 at 35671567, 0.121390 0.806185
2024-08-01 08:10:25,543 INFO CHECKSUM 11 8 0: 1.818994
2024-08-01 08:10:25,543 INFO CHECKSUM 11 8 0: 1.818994
2024-08-01 08:10:25,557 INFO recv 11 -> 8 # 0 at 35358931, 0.121390 0.806185
2024-08-01 08:10:25,566 INFO sent 11 -> 8 # 0 at 13472902, 0.121390 0.806185
2024-08-01 08:10:25,603 INFO CHECKSUM 11 9 0: 1.818994
2024-08-01 08:10:25,603 INFO CHECKSUM 11 9 0: 1.818994
2024-08-01 08:10:25,625 INFO recv 11 -> 9 # 0 at 36071647, 0.121390 0.806185
2024-08-01 08:10:25,625 INFO sent 11 -> 9 # 0 at 13815574, 0.121390 0.806185
2024-08-01 08:10:25,651 INFO CHECKSUM 11 10 0: 1.818994
2024-08-01 08:10:25,652 INFO CHECKSUM 11 10 0: 1.818994
2024-08-01 08:10:25,658 INFO recv 11 -> 10 # 0 at 20215443, 0.121390 0.806185
2024-08-01 08:10:25,662 INFO sent 11 -> 10 # 0 at 13881270, 0.121390 0.806185
2024-08-01 08:10:25,948 INFO CHECKSUM 11 12 0: 1.818994
2024-08-01 08:10:25,948 INFO CHECKSUM 11 12 0: 1.818994
2024-08-01 08:10:25,963 INFO sent 11 -> 12 # 0 at 273362172, 0.121390 0.806185
2024-08-01 08:10:25,963 INFO recv 11 -> 12 # 0 at 288597438, 0.121390 0.806185
2024-08-01 08:10:26,211 INFO CHECKSUM 11 13 0: 1.818994
2024-08-01 08:10:26,211 INFO CHECKSUM 11 13 0: 1.818994
2024-08-01 08:10:26,242 INFO recv 11 -> 13 # 0 at 273711598, 0.121390 0.806185
2024-08-01 08:10:26,245 INFO sent 11 -> 13 # 0 at 242456031, 0.121390 0.806185
2024-08-01 08:10:26,453 INFO CHECKSUM 11 14 0: 1.818994
2024-08-01 08:10:26,453 INFO CHECKSUM 11 14 0: 1.818994
2024-08-01 08:10:26,469 INFO sent 11 -> 14 # 0 at 201972081, 0.121390 0.806185
2024-08-01 08:10:26,469 INFO recv 11 -> 14 # 0 at 218855033, 0.121390 0.806185
2024-08-01 08:10:26,675 INFO CHECKSUM 11 15 0: 1.818994
2024-08-01 08:10:26,676 INFO CHECKSUM 11 15 0: 1.818994
2024-08-01 08:10:26,693 INFO Accepting from rank 12
2024-08-01 08:10:26,693 INFO Accepting from rank 12
2024-08-01 08:10:26,693 INFO Accepting from rank 12
2024-08-01 08:10:26,693 INFO Sending from rank 12
2024-08-01 08:10:26,693 INFO Accepting from rank 12
2024-08-01 08:10:26,693 INFO Accepting from rank 12
2024-08-01 08:10:26,693 INFO Accepting from rank 12
2024-08-01 08:10:26,693 INFO sent 11 -> 15 # 0 at 185286736, 0.121390 0.806185
2024-08-01 08:10:26,694 INFO Accepting from rank 12
2024-08-01 08:10:26,697 INFO Accepting from rank 12
2024-08-01 08:10:26,697 INFO Accepting from rank 12
2024-08-01 08:10:26,697 INFO Accepting from rank 12
2024-08-01 08:10:26,697 INFO Accepting from rank 12
2024-08-01 08:10:26,697 INFO Accepting from rank 12
2024-08-01 08:10:26,697 INFO Accepting from rank 12
2024-08-01 08:10:26,697 INFO Accepting from rank 12
2024-08-01 08:10:26,697 INFO recv 11 -> 15 # 0 at 207911503, 0.121390 0.806185
2024-08-01 08:10:26,697 INFO Accepting from rank 12
2024-08-01 08:10:26,727 INFO CHECKSUM 12 0 0: 1.323206
2024-08-01 08:10:26,728 INFO CHECKSUM 12 0 0: 1.323206
2024-08-01 08:10:26,738 INFO recv 12 -> 0 # 0 at 25257253, 0.494451 0.198853
2024-08-01 08:10:26,739 INFO sent 12 -> 0 # 0 at 14212428, 0.494451 0.198853
2024-08-01 08:10:26,839 INFO CHECKSUM 12 1 0: 1.323206
2024-08-01 08:10:26,839 INFO CHECKSUM 12 1 0: 1.323206
2024-08-01 08:10:26,857 INFO sent 12 -> 1 # 0 at 81669561, 0.494451 0.198853
2024-08-01 08:10:26,862 INFO recv 12 -> 1 # 0 at 100279845, 0.494451 0.198853
2024-08-01 08:10:26,879 INFO CHECKSUM 12 2 0: 1.323206
2024-08-01 08:10:26,880 INFO CHECKSUM 12 2 0: 1.323206
2024-08-01 08:10:26,890 INFO recv 12 -> 2 # 0 at 24978735, 0.494451 0.198853
2024-08-01 08:10:26,890 INFO sent 12 -> 2 # 0 at 14627130, 0.494451 0.198853
2024-08-01 08:10:26,988 INFO CHECKSUM 12 3 0: 1.323206
2024-08-01 08:10:26,988 INFO CHECKSUM 12 3 0: 1.323206
2024-08-01 08:10:27,013 INFO recv 12 -> 3 # 0 at 112195240, 0.494451 0.198853
2024-08-01 08:10:27,013 INFO sent 12 -> 3 # 0 at 86468319, 0.494451 0.198853
2024-08-01 08:10:27,062 INFO CHECKSUM 12 4 0: 1.323206
2024-08-01 08:10:27,062 INFO CHECKSUM 12 4 0: 1.323206
2024-08-01 08:10:27,082 INFO recv 12 -> 4 # 0 at 52824411, 0.494451 0.198853
2024-08-01 08:10:27,082 INFO sent 12 -> 4 # 0 at 32549589, 0.494451 0.198853
2024-08-01 08:10:27,103 INFO CHECKSUM 12 5 0: 1.323206
2024-08-01 08:10:27,103 INFO CHECKSUM 12 5 0: 1.323206
2024-08-01 08:10:27,118 INFO recv 12 -> 5 # 0 at 30097944, 0.494451 0.198853
2024-08-01 08:10:27,118 INFO sent 12 -> 5 # 0 at 14536967, 0.494451 0.198853
2024-08-01 08:10:27,144 INFO CHECKSUM 12 6 0: 1.323206
2024-08-01 08:10:27,145 INFO CHECKSUM 12 6 0: 1.323206
2024-08-01 08:10:27,162 INFO recv 12 -> 6 # 0 at 31523578, 0.494451 0.198853
2024-08-01 08:10:27,162 INFO sent 12 -> 6 # 0 at 14299056, 0.494451 0.198853
2024-08-01 08:10:27,177 INFO CHECKSUM 12 7 0: 1.323206
2024-08-01 08:10:27,177 INFO CHECKSUM 12 7 0: 1.323206
2024-08-01 08:10:27,197 INFO recv 12 -> 7 # 0 at 34724441, 0.494451 0.198853
2024-08-01 08:10:27,197 INFO sent 12 -> 7 # 0 at 14392035, 0.494451 0.198853
2024-08-01 08:10:27,225 INFO CHECKSUM 12 8 0: 1.323206
2024-08-01 08:10:27,226 INFO CHECKSUM 12 8 0: 1.323206
2024-08-01 08:10:27,237 INFO recv 12 -> 8 # 0 at 32114104, 0.494451 0.198853
2024-08-01 08:10:27,237 INFO sent 12 -> 8 # 0 at 20055638, 0.494451 0.198853
2024-08-01 08:10:27,257 INFO CHECKSUM 12 9 0: 1.323206
2024-08-01 08:10:27,257 INFO CHECKSUM 12 9 0: 1.323206
2024-08-01 08:10:27,270 INFO recv 12 -> 9 # 0 at 27333140, 0.494451 0.198853
2024-08-01 08:10:27,270 INFO sent 12 -> 9 # 0 at 14388459, 0.494451 0.198853
2024-08-01 08:10:27,284 INFO CHECKSUM 12 10 0: 1.323206
2024-08-01 08:10:27,285 INFO CHECKSUM 12 10 0: 1.323206
2024-08-01 08:10:27,305 INFO sent 12 -> 10 # 0 at 13857631, 0.494451 0.198853
2024-08-01 08:10:27,305 INFO recv 12 -> 10 # 0 at 35162461, 0.494451 0.198853
2024-08-01 08:10:27,320 INFO CHECKSUM 12 11 0: 1.323206
2024-08-01 08:10:27,320 INFO CHECKSUM 12 11 0: 1.323206
2024-08-01 08:10:27,337 INFO recv 12 -> 11 # 0 at 31779458, 0.494451 0.198853
2024-08-01 08:10:27,337 INFO sent 12 -> 11 # 0 at 14478433, 0.494451 0.198853
2024-08-01 08:10:27,463 INFO CHECKSUM 12 13 0: 1.323206
2024-08-01 08:10:27,463 INFO CHECKSUM 12 13 0: 1.323206
2024-08-01 08:10:27,497 INFO sent 12 -> 13 # 0 at 122304660, 0.494451 0.198853
2024-08-01 08:10:27,502 INFO recv 12 -> 13 # 0 at 161807828, 0.494451 0.198853
2024-08-01 08:10:27,723 INFO CHECKSUM 12 14 0: 1.323206
2024-08-01 08:10:27,724 INFO CHECKSUM 12 14 0: 1.323206
2024-08-01 08:10:27,738 INFO sent 12 -> 14 # 0 at 209450039, 0.494451 0.198853
2024-08-01 08:10:27,738 INFO recv 12 -> 14 # 0 at 224045218, 0.494451 0.198853
2024-08-01 08:10:27,923 INFO CHECKSUM 12 15 0: 1.323206
2024-08-01 08:10:27,923 INFO CHECKSUM 12 15 0: 1.323206
2024-08-01 08:10:27,945 INFO Accepting from rank 13
2024-08-01 08:10:27,945 INFO Accepting from rank 13
2024-08-01 08:10:27,945 INFO Accepting from rank 13
2024-08-01 08:10:27,945 INFO Accepting from rank 13
2024-08-01 08:10:27,945 INFO sent 12 -> 15 # 0 at 173547620, 0.494451 0.198853
2024-08-01 08:10:27,945 INFO Accepting from rank 13
2024-08-01 08:10:27,945 INFO Accepting from rank 13
2024-08-01 08:10:27,945 INFO Accepting from rank 13
2024-08-01 08:10:27,945 INFO Accepting from rank 13
2024-08-01 08:10:27,945 INFO Accepting from rank 13
2024-08-01 08:10:27,946 INFO Accepting from rank 13
2024-08-01 08:10:27,945 INFO Accepting from rank 13
2024-08-01 08:10:27,946 INFO Accepting from rank 13
2024-08-01 08:10:27,946 INFO Accepting from rank 13
2024-08-01 08:10:27,946 INFO Accepting from rank 13
2024-08-01 08:10:27,951 INFO Sending from rank 13
2024-08-01 08:10:27,951 INFO recv 12 -> 15 # 0 at 202181522, 0.494451 0.198853
2024-08-01 08:10:27,952 INFO Accepting from rank 13
2024-08-01 08:10:27,989 INFO CHECKSUM 13 0 0: 1.285937
2024-08-01 08:10:27,996 INFO CHECKSUM 13 0 0: 1.285937
2024-08-01 08:10:28,009 INFO recv 13 -> 0 # 0 at 35227225, 0.025294 0.852620
2024-08-01 08:10:28,016 INFO sent 13 -> 0 # 0 at 14469235, 0.025294 0.852620
2024-08-01 08:10:28,048 INFO CHECKSUM 13 1 0: 1.285937
2024-08-01 08:10:28,049 INFO CHECKSUM 13 1 0: 1.285937
2024-08-01 08:10:28,072 INFO sent 13 -> 1 # 0 at 14189072, 0.025294 0.852620
2024-08-01 08:10:28,072 INFO recv 13 -> 1 # 0 at 38098024, 0.025294 0.852620
2024-08-01 08:10:28,172 INFO CHECKSUM 13 2 0: 1.285937
2024-08-01 08:10:28,172 INFO CHECKSUM 13 2 0: 1.285937
2024-08-01 08:10:28,189 INFO recv 13 -> 2 # 0 at 102963742, 0.025294 0.852620
2024-08-01 08:10:28,194 INFO sent 13 -> 2 # 0 at 85534342, 0.025294 0.852620
2024-08-01 08:10:28,232 INFO CHECKSUM 13 3 0: 1.285937
2024-08-01 08:10:28,232 INFO CHECKSUM 13 3 0: 1.285937
2024-08-01 08:10:28,254 INFO recv 13 -> 3 # 0 at 51727465, 0.025294 0.852620
2024-08-01 08:10:28,254 INFO sent 13 -> 3 # 0 at 30679630, 0.025294 0.852620
2024-08-01 08:10:28,269 INFO CHECKSUM 13 4 0: 1.285937
2024-08-01 08:10:28,270 INFO CHECKSUM 13 4 0: 1.285937
2024-08-01 08:10:28,286 INFO recv 13 -> 4 # 0 at 31206363, 0.025294 0.852620
2024-08-01 08:10:28,286 INFO sent 13 -> 4 # 0 at 14112184, 0.025294 0.852620
2024-08-01 08:10:28,335 INFO CHECKSUM 13 5 0: 1.285937
2024-08-01 08:10:28,335 INFO CHECKSUM 13 5 0: 1.285937
2024-08-01 08:10:28,346 INFO recv 13 -> 5 # 0 at 32248622, 0.025294 0.852620
2024-08-01 08:10:28,346 INFO sent 13 -> 5 # 0 at 21708296, 0.025294 0.852620
2024-08-01 08:10:28,387 INFO CHECKSUM 13 6 0: 1.285937
2024-08-01 08:10:28,388 INFO CHECKSUM 13 6 0: 1.285937
2024-08-01 08:10:28,394 INFO recv 13 -> 6 # 0 at 37294131, 0.025294 0.852620
2024-08-01 08:10:28,394 INFO sent 13 -> 6 # 0 at 29244602, 0.025294 0.852620
2024-08-01 08:10:28,420 INFO CHECKSUM 13 7 0: 1.285937
2024-08-01 08:10:28,427 INFO CHECKSUM 13 7 0: 1.285937
2024-08-01 08:10:28,439 INFO recv 13 -> 7 # 0 at 36443592, 0.025294 0.852620
2024-08-01 08:10:28,439 INFO sent 13 -> 7 # 0 at 13416157, 0.025294 0.852620
2024-08-01 08:10:28,453 INFO CHECKSUM 13 8 0: 1.285937
2024-08-01 08:10:28,454 INFO CHECKSUM 13 8 0: 1.285937
2024-08-01 08:10:28,464 INFO recv 13 -> 8 # 0 at 24993762, 0.025294 0.852620
2024-08-01 08:10:28,470 INFO sent 13 -> 8 # 0 at 13890645, 0.025294 0.852620
2024-08-01 08:10:28,510 INFO CHECKSUM 13 9 0: 1.285937
2024-08-01 08:10:28,511 INFO CHECKSUM 13 9 0: 1.285937
2024-08-01 08:10:28,522 INFO recv 13 -> 9 # 0 at 26073467, 0.025294 0.852620
2024-08-01 08:10:28,522 INFO sent 13 -> 9 # 0 at 14013443, 0.025294 0.852620
2024-08-01 08:10:28,548 INFO CHECKSUM 13 10 0: 1.285937
2024-08-01 08:10:28,549 INFO CHECKSUM 13 10 0: 1.285937
2024-08-01 08:10:28,570 INFO sent 13 -> 10 # 0 at 14425621, 0.025294 0.852620
2024-08-01 08:10:28,570 INFO recv 13 -> 10 # 0 at 35746479, 0.025294 0.852620
2024-08-01 08:10:28,595 INFO CHECKSUM 13 11 0: 1.285937
2024-08-01 08:10:28,604 INFO CHECKSUM 13 11 0: 1.285937
2024-08-01 08:10:28,611 INFO recv 13 -> 11 # 0 at 30839892, 0.025294 0.852620
2024-08-01 08:10:28,611 INFO sent 13 -> 11 # 0 at 14323053, 0.025294 0.852620
2024-08-01 08:10:28,631 INFO CHECKSUM 13 12 0: 1.285937
2024-08-01 08:10:28,631 INFO CHECKSUM 13 12 0: 1.285937
2024-08-01 08:10:28,645 INFO sent 13 -> 12 # 0 at 13665089, 0.025294 0.852620
2024-08-01 08:10:28,645 INFO recv 13 -> 12 # 0 at 28040512, 0.025294 0.852620
2024-08-01 08:10:28,859 INFO CHECKSUM 13 14 0: 1.285937
2024-08-01 08:10:28,859 INFO CHECKSUM 13 14 0: 1.285937
2024-08-01 08:10:28,874 INFO sent 13 -> 14 # 0 at 212900398, 0.025294 0.852620
2024-08-01 08:10:28,874 INFO recv 13 -> 14 # 0 at 228318871, 0.025294 0.852620
2024-08-01 08:10:29,068 INFO CHECKSUM 13 15 0: 1.285937
2024-08-01 08:10:29,084 INFO Accepting from rank 14
2024-08-01 08:10:29,069 INFO CHECKSUM 13 15 0: 1.285937
2024-08-01 08:10:29,089 INFO Accepting from rank 14
2024-08-01 08:10:29,097 INFO Accepting from rank 14
2024-08-01 08:10:29,097 INFO Accepting from rank 14
2024-08-01 08:10:29,098 INFO Accepting from rank 14
2024-08-01 08:10:29,098 INFO Sending from rank 14
2024-08-01 08:10:29,098 INFO sent 13 -> 15 # 0 at 180262317, 0.025294 0.852620
2024-08-01 08:10:29,098 INFO recv 13 -> 15 # 0 at 210270286, 0.025294 0.852620
2024-08-01 08:10:29,098 INFO Accepting from rank 14
2024-08-01 08:10:29,098 INFO Accepting from rank 14
2024-08-01 08:10:29,102 INFO Accepting from rank 14
2024-08-01 08:10:29,102 INFO Accepting from rank 14
2024-08-01 08:10:29,102 INFO Accepting from rank 14
2024-08-01 08:10:29,102 INFO Accepting from rank 14
2024-08-01 08:10:29,108 INFO Accepting from rank 14
2024-08-01 08:10:29,108 INFO Accepting from rank 14
2024-08-01 08:10:29,109 INFO Accepting from rank 14
2024-08-01 08:10:29,109 INFO Accepting from rank 14
2024-08-01 08:10:29,140 INFO CHECKSUM 14 0 0: 1.578973
2024-08-01 08:10:29,140 INFO CHECKSUM 14 0 0: 1.578973
2024-08-01 08:10:29,156 INFO recv 14 -> 0 # 0 at 30380125, 0.978206 0.986151
2024-08-01 08:10:29,156 INFO sent 14 -> 0 # 0 at 14896132, 0.978206 0.986151
2024-08-01 08:10:29,212 INFO CHECKSUM 14 1 0: 1.578973
2024-08-01 08:10:29,213 INFO CHECKSUM 14 1 0: 1.578973
2024-08-01 08:10:29,225 INFO recv 14 -> 1 # 0 at 51487261, 0.978206 0.986151
2024-08-01 08:10:29,225 INFO sent 14 -> 1 # 0 at 37924233, 0.978206 0.986151
2024-08-01 08:10:29,250 INFO CHECKSUM 14 2 0: 1.578973
2024-08-01 08:10:29,251 INFO CHECKSUM 14 2 0: 1.578973
2024-08-01 08:10:29,259 INFO recv 14 -> 2 # 0 at 22906889, 0.978206 0.986151
2024-08-01 08:10:29,259 INFO sent 14 -> 2 # 0 at 13927106, 0.978206 0.986151
2024-08-01 08:10:29,279 INFO CHECKSUM 14 3 0: 1.578973
2024-08-01 08:10:29,279 INFO CHECKSUM 14 3 0: 1.578973
2024-08-01 08:10:29,285 INFO recv 14 -> 3 # 0 at 21311341, 0.978206 0.986151
2024-08-01 08:10:29,285 INFO sent 14 -> 3 # 0 at 14753105, 0.978206 0.986151
2024-08-01 08:10:29,336 INFO CHECKSUM 14 4 0: 1.578973
2024-08-01 08:10:29,336 INFO CHECKSUM 14 4 0: 1.578973
2024-08-01 08:10:29,353 INFO recv 14 -> 4 # 0 at 47769364, 0.978206 0.986151
2024-08-01 08:10:29,353 INFO sent 14 -> 4 # 0 at 29899440, 0.978206 0.986151
2024-08-01 08:10:29,371 INFO CHECKSUM 14 5 0: 1.578973
2024-08-01 08:10:29,372 INFO CHECKSUM 14 5 0: 1.578973
2024-08-01 08:10:29,399 INFO recv 14 -> 5 # 0 at 42215189, 0.978206 0.986151
2024-08-01 08:10:29,399 INFO sent 14 -> 5 # 0 at 14458765, 0.978206 0.986151
2024-08-01 08:10:29,418 INFO CHECKSUM 14 6 0: 1.578973
2024-08-01 08:10:29,419 INFO CHECKSUM 14 6 0: 1.578973
2024-08-01 08:10:29,438 INFO recv 14 -> 6 # 0 at 34130530, 0.978206 0.986151
2024-08-01 08:10:29,438 INFO sent 14 -> 6 # 0 at 14219051, 0.978206 0.986151
2024-08-01 08:10:29,471 INFO CHECKSUM 14 7 0: 1.578973
2024-08-01 08:10:29,471 INFO CHECKSUM 14 7 0: 1.578973
2024-08-01 08:10:29,483 INFO sent 14 -> 7 # 0 at 20421806, 0.978206 0.986151
2024-08-01 08:10:29,483 INFO recv 14 -> 7 # 0 at 32217552, 0.978206 0.986151
2024-08-01 08:10:29,497 INFO CHECKSUM 14 8 0: 1.578973
2024-08-01 08:10:29,498 INFO CHECKSUM 14 8 0: 1.578973
2024-08-01 08:10:29,509 INFO recv 14 -> 8 # 0 at 26112533, 0.978206 0.986151
2024-08-01 08:10:29,509 INFO sent 14 -> 8 # 0 at 13863613, 0.978206 0.986151
2024-08-01 08:10:29,529 INFO CHECKSUM 14 9 0: 1.578973
2024-08-01 08:10:29,529 INFO CHECKSUM 14 9 0: 1.578973
2024-08-01 08:10:29,537 INFO recv 14 -> 9 # 0 at 22639094, 0.978206 0.986151
2024-08-01 08:10:29,537 INFO sent 14 -> 9 # 0 at 14215655, 0.978206 0.986151
2024-08-01 08:10:29,555 INFO CHECKSUM 14 10 0: 1.578973
2024-08-01 08:10:29,556 INFO CHECKSUM 14 10 0: 1.578973
2024-08-01 08:10:29,573 INFO recv 14 -> 10 # 0 at 32517153, 0.978206 0.986151
2024-08-01 08:10:29,573 INFO sent 14 -> 10 # 0 at 14190906, 0.978206 0.986151
2024-08-01 08:10:29,592 INFO CHECKSUM 14 11 0: 1.578973
2024-08-01 08:10:29,593 INFO CHECKSUM 14 11 0: 1.578973
2024-08-01 08:10:29,618 INFO sent 14 -> 11 # 0 at 13805070, 0.978206 0.986151
2024-08-01 08:10:29,625 INFO recv 14 -> 11 # 0 at 46625531, 0.978206 0.986151
2024-08-01 08:10:29,720 INFO CHECKSUM 14 12 0: 1.578973
2024-08-01 08:10:29,720 INFO CHECKSUM 14 12 0: 1.578973
2024-08-01 08:10:29,734 INFO recv 14 -> 12 # 0 at 96581132, 0.978206 0.986151
2024-08-01 08:10:29,734 INFO sent 14 -> 12 # 0 at 82287297, 0.978206 0.986151
2024-08-01 08:10:29,844 INFO CHECKSUM 14 13 0: 1.578973
2024-08-01 08:10:29,845 INFO CHECKSUM 14 13 0: 1.578973
2024-08-01 08:10:29,858 INFO recv 14 -> 13 # 0 at 109966680, 0.978206 0.986151
2024-08-01 08:10:29,858 INFO sent 14 -> 13 # 0 at 95918880, 0.978206 0.986151
2024-08-01 08:10:30,051 INFO CHECKSUM 14 15 0: 1.578973
2024-08-01 08:10:30,052 INFO CHECKSUM 14 15 0: 1.578973
2024-08-01 08:10:30,077 INFO Accepting from rank 15
2024-08-01 08:10:30,085 INFO Accepting from rank 15
2024-08-01 08:10:30,085 INFO Accepting from rank 15
2024-08-01 08:10:30,085 INFO Accepting from rank 15
2024-08-01 08:10:30,085 INFO Accepting from rank 15
2024-08-01 08:10:30,085 INFO Accepting from rank 15
2024-08-01 08:10:30,085 INFO Accepting from rank 15
2024-08-01 08:10:30,085 INFO Accepting from rank 15
2024-08-01 08:10:30,085 INFO Accepting from rank 15
2024-08-01 08:10:30,085 INFO Accepting from rank 15
2024-08-01 08:10:30,085 INFO Accepting from rank 15
2024-08-01 08:10:30,085 INFO Accepting from rank 15
2024-08-01 08:10:30,085 INFO recv 14 -> 15 # 0 at 219353568, 0.978206 0.986151
2024-08-01 08:10:30,085 INFO sent 14 -> 15 # 0 at 185819041, 0.978206 0.986151
2024-08-01 08:10:30,085 INFO Sending from rank 15
2024-08-01 08:10:30,085 INFO Accepting from rank 15
2024-08-01 08:10:30,090 INFO Accepting from rank 15
2024-08-01 08:10:30,090 INFO Accepting from rank 15
2024-08-01 08:10:30,105 INFO CHECKSUM 15 0 0: 1.884730
2024-08-01 08:10:30,106 INFO CHECKSUM 15 0 0: 1.884730
2024-08-01 08:10:30,122 INFO recv 15 -> 0 # 0 at 31371727, 0.618243 0.760228
2024-08-01 08:10:30,122 INFO sent 15 -> 0 # 0 at 14473102, 0.618243 0.760228
2024-08-01 08:10:30,158 INFO CHECKSUM 15 1 0: 1.884730
2024-08-01 08:10:30,165 INFO CHECKSUM 15 1 0: 1.884730
2024-08-01 08:10:30,181 INFO recv 15 -> 1 # 0 at 47583371, 0.618243 0.760228
2024-08-01 08:10:30,181 INFO sent 15 -> 1 # 0 at 24159741, 0.618243 0.760228
2024-08-01 08:10:30,207 INFO CHECKSUM 15 2 0: 1.884730
2024-08-01 08:10:30,208 INFO CHECKSUM 15 2 0: 1.884730
2024-08-01 08:10:30,222 INFO recv 15 -> 2 # 0 at 35010597, 0.618243 0.760228
2024-08-01 08:10:30,222 INFO sent 15 -> 2 # 0 at 20012233, 0.618243 0.760228
2024-08-01 08:10:30,244 INFO CHECKSUM 15 3 0: 1.884730
2024-08-01 08:10:30,244 INFO CHECKSUM 15 3 0: 1.884730
2024-08-01 08:10:30,265 INFO recv 15 -> 3 # 0 at 35391211, 0.618243 0.760228
2024-08-01 08:10:30,273 INFO sent 15 -> 3 # 0 at 14008984, 0.618243 0.760228
2024-08-01 08:10:30,292 INFO CHECKSUM 15 4 0: 1.884730
2024-08-01 08:10:30,293 INFO CHECKSUM 15 4 0: 1.884730
2024-08-01 08:10:30,309 INFO sent 15 -> 4 # 0 at 14943804, 0.618243 0.760228
2024-08-01 08:10:30,309 INFO recv 15 -> 4 # 0 at 31991845, 0.618243 0.760228
2024-08-01 08:10:30,324 INFO CHECKSUM 15 5 0: 1.884730
2024-08-01 08:10:30,324 INFO CHECKSUM 15 5 0: 1.884730
2024-08-01 08:10:30,338 INFO recv 15 -> 5 # 0 at 28509045, 0.618243 0.760228
2024-08-01 08:10:30,338 INFO sent 15 -> 5 # 0 at 14106223, 0.618243 0.760228
2024-08-01 08:10:30,415 INFO CHECKSUM 15 6 0: 1.884730
2024-08-01 08:10:30,416 INFO CHECKSUM 15 6 0: 1.884730
2024-08-01 08:10:30,429 INFO sent 15 -> 6 # 0 at 74151370, 0.618243 0.760228
2024-08-01 08:10:30,429 INFO recv 15 -> 6 # 0 at 88039243, 0.618243 0.760228
2024-08-01 08:10:30,451 INFO CHECKSUM 15 7 0: 1.884730
2024-08-01 08:10:30,452 INFO CHECKSUM 15 7 0: 1.884730
2024-08-01 08:10:30,473 INFO recv 15 -> 7 # 0 at 36081311, 0.618243 0.760228
2024-08-01 08:10:30,473 INFO sent 15 -> 7 # 0 at 14000638, 0.618243 0.760228
2024-08-01 08:10:30,498 INFO CHECKSUM 15 8 0: 1.884730
2024-08-01 08:10:30,498 INFO CHECKSUM 15 8 0: 1.884730
2024-08-01 08:10:30,518 INFO recv 15 -> 8 # 0 at 36011932, 0.618243 0.760228
2024-08-01 08:10:30,518 INFO sent 15 -> 8 # 0 at 16335057, 0.618243 0.760228
2024-08-01 08:10:30,545 INFO CHECKSUM 15 9 0: 1.884730
2024-08-01 08:10:30,545 INFO CHECKSUM 15 9 0: 1.884730
2024-08-01 08:10:30,554 INFO recv 15 -> 9 # 0 at 32143721, 0.618243 0.760228
2024-08-01 08:10:30,554 INFO sent 15 -> 9 # 0 at 23165907, 0.618243 0.760228
2024-08-01 08:10:30,580 INFO CHECKSUM 15 10 0: 1.884730
2024-08-01 08:10:30,580 INFO CHECKSUM 15 10 0: 1.884730
2024-08-01 08:10:30,597 INFO sent 15 -> 10 # 0 at 15017116, 0.618243 0.760228
2024-08-01 08:10:30,597 INFO recv 15 -> 10 # 0 at 32642114, 0.618243 0.760228
2024-08-01 08:10:30,615 INFO CHECKSUM 15 11 0: 1.884730
2024-08-01 08:10:30,615 INFO CHECKSUM 15 11 0: 1.884730
2024-08-01 08:10:30,629 INFO recv 15 -> 11 # 0 at 29078531, 0.618243 0.760228
2024-08-01 08:10:30,629 INFO sent 15 -> 11 # 0 at 14633312, 0.618243 0.760228
2024-08-01 08:10:30,689 INFO CHECKSUM 15 12 0: 1.884730
2024-08-01 08:10:30,690 INFO CHECKSUM 15 12 0: 1.884730
2024-08-01 08:10:30,696 INFO recv 15 -> 12 # 0 at 39230481, 0.618243 0.760228
2024-08-01 08:10:30,696 INFO sent 15 -> 12 # 0 at 27225685, 0.618243 0.760228
2024-08-01 08:10:30,716 INFO CHECKSUM 15 13 0: 1.884730
2024-08-01 08:10:30,717 INFO CHECKSUM 15 13 0: 1.884730
2024-08-01 08:10:30,726 INFO recv 15 -> 13 # 0 at 23085411, 0.618243 0.760228
2024-08-01 08:10:30,726 INFO sent 15 -> 13 # 0 at 13808967, 0.618243 0.760228
2024-08-01 08:10:30,744 INFO CHECKSUM 15 14 0: 1.884730
2024-08-01 08:10:30,744 INFO CHECKSUM 15 14 0: 1.884730
2024-08-01 08:10:30,755 INFO Rank 8 start All-Reduce
2024-08-01 08:10:30,755 INFO Rank 4 start All-Reduce
2024-08-01 08:10:30,755 INFO Rank 0 start All-Reduce
2024-08-01 08:10:30,755 INFO Rank 12 start All-Reduce
2024-08-01 08:10:30,755 INFO Rank 1 start All-Reduce
2024-08-01 08:10:30,755 INFO Rank 10 start All-Reduce
2024-08-01 08:10:30,755 INFO Rank 6 start All-Reduce
2024-08-01 08:10:30,755 INFO Rank 2 start All-Reduce
2024-08-01 08:10:30,755 INFO Rank 13 start All-Reduce
2024-08-01 08:10:30,755 INFO Rank 5 start All-Reduce
2024-08-01 08:10:30,755 INFO Rank 3 start All-Reduce
2024-08-01 08:10:30,755 INFO recv 15 -> 14 # 0 at 25196407, 0.618243 0.760228
2024-08-01 08:10:30,755 INFO Rank 7 start All-Reduce
2024-08-01 08:10:30,755 INFO Rank 2 HIT BARRIER
2024-08-01 08:10:30,755 INFO sent 15 -> 14 # 0 at 14044663, 0.618243 0.760228
2024-08-01 08:10:30,755 INFO Rank 3 HIT BARRIER
2024-08-01 08:10:30,755 INFO Rank 14 start All-Reduce
2024-08-01 08:10:30,755 INFO Rank 1 HIT BARRIER
2024-08-01 08:10:30,755 INFO Rank 15 start All-Reduce
2024-08-01 08:10:30,755 INFO Rank 0 HIT BARRIER
2024-08-01 08:10:30,757 INFO Rank 9 start All-Reduce
2024-08-01 08:10:30,757 INFO Rank 11 start All-Reduce
2024-08-01 08:10:30,762 INFO Added key: store_based_barrier_key:2 to store for rank: 12
2024-08-01 08:10:30,762 INFO Added key: store_based_barrier_key:2 to store for rank: 10
2024-08-01 08:10:30,762 INFO Added key: store_based_barrier_key:2 to store for rank: 5
2024-08-01 08:10:30,762 INFO Added key: store_based_barrier_key:2 to store for rank: 1
2024-08-01 08:10:30,762 INFO Added key: store_based_barrier_key:2 to store for rank: 15
2024-08-01 08:10:30,762 INFO Added key: store_based_barrier_key:2 to store for rank: 9
2024-08-01 08:10:30,762 INFO Added key: store_based_barrier_key:2 to store for rank: 6
2024-08-01 08:10:30,762 INFO Added key: store_based_barrier_key:2 to store for rank: 13
2024-08-01 08:10:30,762 INFO Added key: store_based_barrier_key:2 to store for rank: 11
2024-08-01 08:10:30,762 INFO Added key: store_based_barrier_key:2 to store for rank: 4
2024-08-01 08:10:30,762 INFO Added key: store_based_barrier_key:2 to store for rank: 3
2024-08-01 08:10:30,762 INFO Added key: store_based_barrier_key:2 to store for rank: 14
2024-08-01 08:10:30,762 INFO Added key: store_based_barrier_key:2 to store for rank: 8
2024-08-01 08:10:30,762 INFO Added key: store_based_barrier_key:2 to store for rank: 7
2024-08-01 08:10:30,762 INFO Added key: store_based_barrier_key:2 to store for rank: 2
2024-08-01 08:10:30,762 INFO Added key: store_based_barrier_key:2 to store for rank: 0
2024-08-01 08:10:30,763 INFO Rank 0: Completed store-based barrier for key:store_based_barrier_key:2 with 16 nodes.
2024-08-01 08:10:30,763 INFO Made group
2024-08-01 08:10:30,772 INFO Rank 1: Completed store-based barrier for key:store_based_barrier_key:2 with 16 nodes.
2024-08-01 08:10:30,772 INFO Rank 4: Completed store-based barrier for key:store_based_barrier_key:2 with 16 nodes.
2024-08-01 08:10:30,772 INFO Made group
2024-08-01 08:10:30,772 INFO Rank 12: Completed store-based barrier for key:store_based_barrier_key:2 with 16 nodes.
2024-08-01 08:10:30,773 INFO Rank 3: Completed store-based barrier for key:store_based_barrier_key:2 with 16 nodes.
2024-08-01 08:10:30,773 INFO Rank 11: Completed store-based barrier for key:store_based_barrier_key:2 with 16 nodes.
2024-08-01 08:10:30,772 INFO Rank 5: Completed store-based barrier for key:store_based_barrier_key:2 with 16 nodes.
2024-08-01 08:10:30,773 INFO Rank 2: Completed store-based barrier for key:store_based_barrier_key:2 with 16 nodes.
2024-08-01 08:10:30,772 INFO Rank 15: Completed store-based barrier for key:store_based_barrier_key:2 with 16 nodes.
2024-08-01 08:10:30,773 INFO Rank 10: Completed store-based barrier for key:store_based_barrier_key:2 with 16 nodes.
2024-08-01 08:10:30,772 INFO Rank 6: Completed store-based barrier for key:store_based_barrier_key:2 with 16 nodes.
2024-08-01 08:10:30,773 INFO Made group
2024-08-01 08:10:30,772 INFO Rank 13: Completed store-based barrier for key:store_based_barrier_key:2 with 16 nodes.
2024-08-01 08:10:30,773 INFO Rank 8: Completed store-based barrier for key:store_based_barrier_key:2 with 16 nodes.
2024-08-01 08:10:30,773 INFO Rank 7: Completed store-based barrier for key:store_based_barrier_key:2 with 16 nodes.
2024-08-01 08:10:30,773 INFO Made group
2024-08-01 08:10:30,772 INFO Rank 14: Completed store-based barrier for key:store_based_barrier_key:2 with 16 nodes.
2024-08-01 08:10:30,773 INFO Rank 9: Completed store-based barrier for key:store_based_barrier_key:2 with 16 nodes.
2024-08-01 08:10:31,028 INFO Node Reduce CHECKSUM 0: 5.919773
2024-08-01 08:10:31,084 INFO Node Reduce CHECKSUM 1: 5.919773
2024-08-01 08:10:31,032 INFO Node Reduce CHECKSUM 2: 5.919773
2024-08-01 08:10:31,029 INFO Node Reduce CHECKSUM 3: 5.919773
2024-08-01 08:10:31,105 INFO Node Reduce rank 0 at 343753327
2024-08-01 08:10:31,106 INFO Rank 4 HIT BARRIER
2024-08-01 08:10:31,113 INFO Node Reduce rank 2 at 351960258
2024-08-01 08:10:31,113 INFO Node Reduce rank 3 at 351970048
2024-08-01 08:10:31,113 INFO Rank 5 HIT BARRIER
2024-08-01 08:10:31,113 INFO Node Reduce rank 1 at 351969457
2024-08-01 08:10:31,113 INFO Rank 6 HIT BARRIER
2024-08-01 08:10:31,113 INFO Rank 7 HIT BARRIER
2024-08-01 08:10:31,119 INFO Added key: store_based_barrier_key:3 to store for rank: 0
2024-08-01 08:10:31,119 INFO Added key: store_based_barrier_key:3 to store for rank: 12
2024-08-01 08:10:31,119 INFO Added key: store_based_barrier_key:3 to store for rank: 10
2024-08-01 08:10:31,119 INFO Added key: store_based_barrier_key:3 to store for rank: 2
2024-08-01 08:10:31,119 INFO Added key: store_based_barrier_key:3 to store for rank: 15
2024-08-01 08:10:31,119 INFO Added key: store_based_barrier_key:3 to store for rank: 9
2024-08-01 08:10:31,119 INFO Added key: store_based_barrier_key:3 to store for rank: 1
2024-08-01 08:10:31,119 INFO Added key: store_based_barrier_key:3 to store for rank: 13
2024-08-01 08:10:31,119 INFO Added key: store_based_barrier_key:3 to store for rank: 11
2024-08-01 08:10:31,119 INFO Added key: store_based_barrier_key:3 to store for rank: 5
2024-08-01 08:10:31,119 INFO Added key: store_based_barrier_key:3 to store for rank: 3
2024-08-01 08:10:31,119 INFO Added key: store_based_barrier_key:3 to store for rank: 14
2024-08-01 08:10:31,119 INFO Added key: store_based_barrier_key:3 to store for rank: 8
2024-08-01 08:10:31,119 INFO Added key: store_based_barrier_key:3 to store for rank: 6
2024-08-01 08:10:31,119 INFO Rank 1: Completed store-based barrier for key:store_based_barrier_key:3 with 16 nodes.
2024-08-01 08:10:31,120 INFO Rank 14: Completed store-based barrier for key:store_based_barrier_key:3 with 16 nodes.
2024-08-01 08:10:31,120 INFO Rank 9: Completed store-based barrier for key:store_based_barrier_key:3 with 16 nodes.
2024-08-01 08:10:31,119 INFO Added key: store_based_barrier_key:3 to store for rank: 4
2024-08-01 08:10:31,120 INFO Rank 2: Completed store-based barrier for key:store_based_barrier_key:3 with 16 nodes.
2024-08-01 08:10:31,120 INFO Rank 10: Completed store-based barrier for key:store_based_barrier_key:3 with 16 nodes.
2024-08-01 08:10:31,119 INFO Added key: store_based_barrier_key:3 to store for rank: 7
2024-08-01 08:10:31,120 INFO Rank 3: Completed store-based barrier for key:store_based_barrier_key:3 with 16 nodes.
2024-08-01 08:10:31,120 INFO Rank 11: Completed store-based barrier for key:store_based_barrier_key:3 with 16 nodes.
2024-08-01 08:10:31,120 INFO Rank 5: Completed store-based barrier for key:store_based_barrier_key:3 with 16 nodes.
2024-08-01 08:10:31,120 INFO Rank 8: Completed store-based barrier for key:store_based_barrier_key:3 with 16 nodes.
2024-08-01 08:10:31,120 INFO Rank 4: Completed store-based barrier for key:store_based_barrier_key:3 with 16 nodes.
2024-08-01 08:10:31,120 INFO Rank 6: Completed store-based barrier for key:store_based_barrier_key:3 with 16 nodes.
2024-08-01 08:10:31,120 INFO Made group
2024-08-01 08:10:31,120 INFO Made group
2024-08-01 08:10:31,120 INFO Made group
2024-08-01 08:10:31,120 INFO Rank 7: Completed store-based barrier for key:store_based_barrier_key:3 with 16 nodes.
2024-08-01 08:10:31,120 INFO Made group
2024-08-01 08:10:31,129 INFO Rank 0: Completed store-based barrier for key:store_based_barrier_key:3 with 16 nodes.
2024-08-01 08:10:31,130 INFO Rank 12: Completed store-based barrier for key:store_based_barrier_key:3 with 16 nodes.
2024-08-01 08:10:31,130 INFO Rank 15: Completed store-based barrier for key:store_based_barrier_key:3 with 16 nodes.
2024-08-01 08:10:31,130 INFO Rank 13: Completed store-based barrier for key:store_based_barrier_key:3 with 16 nodes.
2024-08-01 08:10:31,435 INFO Node Reduce CHECKSUM 5: 5.203156
2024-08-01 08:10:31,451 INFO Rank 8 HIT BARRIER
2024-08-01 08:10:31,437 INFO Node Reduce CHECKSUM 6: 5.203156
2024-08-01 08:10:31,451 INFO Rank 9 HIT BARRIER
2024-08-01 08:10:31,435 INFO Node Reduce CHECKSUM 7: 5.203156
2024-08-01 08:10:31,451 INFO Rank 11 HIT BARRIER
2024-08-01 08:10:31,432 INFO Node Reduce CHECKSUM 4: 5.203156
2024-08-01 08:10:31,451 INFO Rank 10 HIT BARRIER
2024-08-01 08:10:31,451 INFO Node Reduce rank 4 at 332297051
2024-08-01 08:10:31,451 INFO Node Reduce rank 5 at 332301590
2024-08-01 08:10:31,451 INFO Node Reduce rank 6 at 332300457
2024-08-01 08:10:31,451 INFO Node Reduce rank 7 at 332304495
2024-08-01 08:10:31,454 INFO Added key: store_based_barrier_key:4 to store for rank: 1
2024-08-01 08:10:31,454 INFO Added key: store_based_barrier_key:4 to store for rank: 10
2024-08-01 08:10:31,454 INFO Added key: store_based_barrier_key:4 to store for rank: 5
2024-08-01 08:10:31,454 INFO Added key: store_based_barrier_key:4 to store for rank: 12
2024-08-01 08:10:31,454 INFO Added key: store_based_barrier_key:4 to store for rank: 9
2024-08-01 08:10:31,454 INFO Added key: store_based_barrier_key:4 to store for rank: 4
2024-08-01 08:10:31,454 INFO Added key: store_based_barrier_key:4 to store for rank: 3
2024-08-01 08:10:31,454 INFO Added key: store_based_barrier_key:4 to store for rank: 11
2024-08-01 08:10:31,454 INFO Added key: store_based_barrier_key:4 to store for rank: 6
2024-08-01 08:10:31,454 INFO Added key: store_based_barrier_key:4 to store for rank: 2
2024-08-01 08:10:31,454 INFO Added key: store_based_barrier_key:4 to store for rank: 14
2024-08-01 08:10:31,454 INFO Added key: store_based_barrier_key:4 to store for rank: 8
2024-08-01 08:10:31,454 INFO Added key: store_based_barrier_key:4 to store for rank: 7
2024-08-01 08:10:31,455 INFO Added key: store_based_barrier_key:4 to store for rank: 0
2024-08-01 08:10:31,454 INFO Added key: store_based_barrier_key:4 to store for rank: 15
2024-08-01 08:10:31,455 INFO Rank 0: Completed store-based barrier for key:store_based_barrier_key:4 with 16 nodes.
2024-08-01 08:10:31,454 INFO Added key: store_based_barrier_key:4 to store for rank: 13
2024-08-01 08:10:31,464 INFO Rank 1: Completed store-based barrier for key:store_based_barrier_key:4 with 16 nodes.
2024-08-01 08:10:31,465 INFO Rank 12: Completed store-based barrier for key:store_based_barrier_key:4 with 16 nodes.
2024-08-01 08:10:31,465 INFO Rank 9: Completed store-based barrier for key:store_based_barrier_key:4 with 16 nodes.
2024-08-01 08:10:31,465 INFO Rank 4: Completed store-based barrier for key:store_based_barrier_key:4 with 16 nodes.
2024-08-01 08:10:31,465 INFO Rank 3: Completed store-based barrier for key:store_based_barrier_key:4 with 16 nodes.
2024-08-01 08:10:31,465 INFO Rank 15: Completed store-based barrier for key:store_based_barrier_key:4 with 16 nodes.
2024-08-01 08:10:31,465 INFO Rank 2: Completed store-based barrier for key:store_based_barrier_key:4 with 16 nodes.
2024-08-01 08:10:31,465 INFO Rank 13: Completed store-based barrier for key:store_based_barrier_key:4 with 16 nodes.
2024-08-01 08:10:31,465 INFO Rank 10: Completed store-based barrier for key:store_based_barrier_key:4 with 16 nodes.
2024-08-01 08:10:31,465 INFO Made group
2024-08-01 08:10:31,465 INFO Rank 5: Completed store-based barrier for key:store_based_barrier_key:4 with 16 nodes.
2024-08-01 08:10:31,465 INFO Rank 14: Completed store-based barrier for key:store_based_barrier_key:4 with 16 nodes.
2024-08-01 08:10:31,465 INFO Rank 11: Completed store-based barrier for key:store_based_barrier_key:4 with 16 nodes.
2024-08-01 08:10:31,465 INFO Rank 6: Completed store-based barrier for key:store_based_barrier_key:4 with 16 nodes.
2024-08-01 08:10:31,465 INFO Made group
2024-08-01 08:10:31,465 INFO Rank 7: Completed store-based barrier for key:store_based_barrier_key:4 with 16 nodes.
2024-08-01 08:10:31,465 INFO Made group
2024-08-01 08:10:31,465 INFO Rank 8: Completed store-based barrier for key:store_based_barrier_key:4 with 16 nodes.
2024-08-01 08:10:31,465 INFO Made group
2024-08-01 08:10:31,742 INFO Node Reduce CHECKSUM 8: 7.687429
2024-08-01 08:10:31,743 INFO Node Reduce CHECKSUM 9: 7.687429
2024-08-01 08:10:31,744 INFO Node Reduce CHECKSUM 10: 7.687429
2024-08-01 08:10:31,741 INFO Node Reduce CHECKSUM 11: 7.687429
2024-08-01 08:10:31,762 INFO Rank 12 HIT BARRIER
2024-08-01 08:10:31,762 INFO Node Reduce rank 8 at 308059675
2024-08-01 08:10:31,762 INFO Rank 14 HIT BARRIER
2024-08-01 08:10:31,762 INFO Node Reduce rank 9 at 308088000
2024-08-01 08:10:31,762 INFO Node Reduce rank 10 at 308067280
2024-08-01 08:10:31,762 INFO Node Reduce rank 11 at 308064033
2024-08-01 08:10:31,766 INFO Rank 13 HIT BARRIER
2024-08-01 08:10:31,766 INFO Rank 15 HIT BARRIER
2024-08-01 08:10:31,773 INFO Added key: store_based_barrier_key:5 to store for rank: 0
2024-08-01 08:10:31,773 INFO Added key: store_based_barrier_key:5 to store for rank: 2
2024-08-01 08:10:31,774 INFO Added key: store_based_barrier_key:5 to store for rank: 8
2024-08-01 08:10:31,774 INFO Added key: store_based_barrier_key:5 to store for rank: 6
2024-08-01 08:10:31,774 INFO Added key: store_based_barrier_key:5 to store for rank: 1
2024-08-01 08:10:31,774 INFO Added key: store_based_barrier_key:5 to store for rank: 10
2024-08-01 08:10:31,774 INFO Added key: store_based_barrier_key:5 to store for rank: 4
2024-08-01 08:10:31,774 INFO Added key: store_based_barrier_key:5 to store for rank: 3
2024-08-01 08:10:31,774 INFO Added key: store_based_barrier_key:5 to store for rank: 12
2024-08-01 08:10:31,774 INFO Added key: store_based_barrier_key:5 to store for rank: 9
2024-08-01 08:10:31,774 INFO Added key: store_based_barrier_key:5 to store for rank: 5
2024-08-01 08:10:31,774 INFO Rank 2: Completed store-based barrier for key:store_based_barrier_key:5 with 16 nodes.
2024-08-01 08:10:31,774 INFO Added key: store_based_barrier_key:5 to store for rank: 15
2024-08-01 08:10:31,774 INFO Added key: store_based_barrier_key:5 to store for rank: 11
2024-08-01 08:10:31,774 INFO Added key: store_based_barrier_key:5 to store for rank: 7
2024-08-01 08:10:31,774 INFO Rank 1: Completed store-based barrier for key:store_based_barrier_key:5 with 16 nodes.
2024-08-01 08:10:31,774 INFO Added key: store_based_barrier_key:5 to store for rank: 13
2024-08-01 08:10:31,774 INFO Rank 8: Completed store-based barrier for key:store_based_barrier_key:5 with 16 nodes.
2024-08-01 08:10:31,774 INFO Rank 5: Completed store-based barrier for key:store_based_barrier_key:5 with 16 nodes.
2024-08-01 08:10:31,774 INFO Rank 3: Completed store-based barrier for key:store_based_barrier_key:5 with 16 nodes.
2024-08-01 08:10:31,774 INFO Added key: store_based_barrier_key:5 to store for rank: 14
2024-08-01 08:10:31,774 INFO Rank 10: Completed store-based barrier for key:store_based_barrier_key:5 with 16 nodes.
2024-08-01 08:10:31,774 INFO Rank 4: Completed store-based barrier for key:store_based_barrier_key:5 with 16 nodes.
2024-08-01 08:10:31,774 INFO Rank 12: Completed store-based barrier for key:store_based_barrier_key:5 with 16 nodes.
2024-08-01 08:10:31,774 INFO Rank 9: Completed store-based barrier for key:store_based_barrier_key:5 with 16 nodes.
2024-08-01 08:10:31,774 INFO Rank 6: Completed store-based barrier for key:store_based_barrier_key:5 with 16 nodes.
2024-08-01 08:10:31,774 INFO Rank 13: Completed store-based barrier for key:store_based_barrier_key:5 with 16 nodes.
2024-08-01 08:10:31,774 INFO Rank 11: Completed store-based barrier for key:store_based_barrier_key:5 with 16 nodes.
2024-08-01 08:10:31,774 INFO Rank 7: Completed store-based barrier for key:store_based_barrier_key:5 with 16 nodes.
2024-08-01 08:10:31,774 INFO Rank 14: Completed store-based barrier for key:store_based_barrier_key:5 with 16 nodes.
2024-08-01 08:10:31,774 INFO Made group
2024-08-01 08:10:31,774 INFO Rank 15: Completed store-based barrier for key:store_based_barrier_key:5 with 16 nodes.
2024-08-01 08:10:31,774 INFO Made group
2024-08-01 08:10:31,774 INFO Made group
2024-08-01 08:10:31,774 INFO Made group
2024-08-01 08:10:31,783 INFO Rank 0: Completed store-based barrier for key:store_based_barrier_key:5 with 16 nodes.
2024-08-01 08:10:32,093 INFO Node Reduce CHECKSUM 13: 6.151219
2024-08-01 08:10:32,095 INFO Node Reduce CHECKSUM 14: 6.151219
2024-08-01 08:10:32,090 INFO Node Reduce CHECKSUM 15: 6.151219
2024-08-01 08:10:32,080 INFO Node Reduce CHECKSUM 12: 6.151219
2024-08-01 08:10:32,112 INFO Node Reduce rank 12 at 338716995
2024-08-01 08:10:32,112 INFO Node Reduce rank 13 at 338720542
2024-08-01 08:10:32,112 INFO Node Reduce rank 14 at 338719059
2024-08-01 08:10:32,112 INFO Node Reduce rank 15 at 338724380
2024-08-01 08:10:32,122 INFO All Reduce CHECKSUM 0: 22.791164
2024-08-01 08:10:32,122 INFO All Reduce CHECKSUM 8: 22.791164
2024-08-01 08:10:32,122 INFO All Reduce CHECKSUM 4: 22.791164
2024-08-01 08:10:32,122 INFO All Reduce CHECKSUM 1: 22.791164
2024-08-01 08:10:32,122 INFO All Reduce CHECKSUM 12: 22.791164
2024-08-01 08:10:32,122 INFO All Reduce CHECKSUM 9: 22.791164
2024-08-01 08:10:32,122 INFO All Reduce CHECKSUM 5: 22.791164
2024-08-01 08:10:32,122 INFO All Reduce CHECKSUM 2: 22.791164
2024-08-01 08:10:32,122 INFO All Reduce CHECKSUM 13: 22.791164
2024-08-01 08:10:32,122 INFO All Reduce CHECKSUM 11: 22.791164
2024-08-01 08:10:32,122 INFO All Reduce CHECKSUM 6: 22.791164
2024-08-01 08:10:32,122 INFO All Reduce CHECKSUM 3: 22.791164
2024-08-01 08:10:32,122 INFO All Reduce CHECKSUM 14: 22.791164
2024-08-01 08:10:32,122 INFO All Reduce CHECKSUM 10: 22.791164
2024-08-01 08:10:32,122 INFO All Reduce CHECKSUM 7: 22.791164
2024-08-01 08:10:32,122 INFO All Reduce rank 0 at 497179
2024-08-01 08:10:32,122 INFO All Reduce CHECKSUM 15: 22.791164
2024-08-01 08:10:32,122 INFO All Reduce rank 8 at 499364
2024-08-01 08:10:32,122 INFO All Reduce rank 4 at 497083
2024-08-01 08:10:32,122 INFO All Reduce rank 1 at 497369
2024-08-01 08:10:32,122 INFO All Reduce rank 12 at 495319
2024-08-01 08:10:32,122 INFO All Reduce rank 9 at 499144
2024-08-01 08:10:32,122 INFO All Reduce rank 5 at 498666
2024-08-01 08:10:32,122 INFO All Reduce rank 3 at 498472
2024-08-01 08:10:32,122 INFO All Reduce rank 13 at 491631
2024-08-01 08:10:32,122 INFO All Reduce rank 11 at 496419
2024-08-01 08:10:32,122 INFO All Reduce rank 6 at 501021
2024-08-01 08:10:32,122 INFO All Reduce rank 2 at 506767
2024-08-01 08:10:32,122 INFO All Reduce rank 14 at 494407
2024-08-01 08:10:32,122 INFO All Reduce rank 10 at 499985
2024-08-01 08:10:32,122 INFO All Reduce rank 7 at 500410
2024-08-01 08:10:32,122 INFO Rank 0 done
2024-08-01 08:10:32,122 INFO All Reduce rank 15 at 495339
2024-08-01 08:10:32,122 INFO Rank 8 done
2024-08-01 08:10:32,122 INFO Rank 4 done
2024-08-01 08:10:32,122 INFO Rank 1 done
2024-08-01 08:10:32,122 INFO Rank 12 done
2024-08-01 08:10:32,122 INFO Rank 9 done
2024-08-01 08:10:32,122 INFO Rank 7 done
2024-08-01 08:10:32,122 INFO Rank 3 done
2024-08-01 08:10:32,122 INFO Rank 13 done
2024-08-01 08:10:32,122 INFO Rank 10 done
2024-08-01 08:10:32,122 INFO Rank 5 done
2024-08-01 08:10:32,122 INFO Rank 2 done
2024-08-01 08:10:32,122 INFO Rank 14 done
2024-08-01 08:10:32,122 INFO Rank 11 done
2024-08-01 08:10:32,122 INFO Rank 6 done
2024-08-01 08:10:32,122 INFO Rank 15 done
