
srun: Step created for StepId=30104147.1
2024-09-03 14:07:09,210 INFO Initialized rank 9 out of 16
2024-09-03 14:07:09,210 INFO Initialized rank 10 out of 16
2024-09-03 14:07:09,211 INFO Initialized rank 1 out of 16
2024-09-03 14:07:09,211 INFO Initialized rank 3 out of 16
2024-09-03 14:07:09,212 INFO Initialized rank 15 out of 16
2024-09-03 14:07:09,212 INFO Initialized rank 5 out of 16
2024-09-03 14:07:09,212 INFO Initialized rank 6 out of 16
2024-09-03 14:07:09,213 INFO Initialized rank 14 out of 16
2024-09-03 14:07:09,213 INFO Initialized rank 12 out of 16
2024-09-03 14:07:09,213 INFO Initialized rank 13 out of 16
2024-09-03 14:07:09,214 INFO Initialized rank 0 out of 16
2024-09-03 14:07:09,216 INFO Initialized rank 2 out of 16
2024-09-03 14:07:09,216 INFO Initialized rank 8 out of 16
2024-09-03 14:07:09,216 INFO Initialized rank 7 out of 16
2024-09-03 14:07:09,222 INFO Initialized rank 4 out of 16
2024-09-03 14:07:09,233 INFO Initialized rank 11 out of 16
2024-09-03 14:07:11,614 INFO Sync time
2024-09-03 14:07:11,614 INFO Sync time
2024-09-03 14:07:11,614 INFO Sync time
2024-09-03 14:07:11,614 INFO Sync time
2024-09-03 14:07:11,614 INFO Sending from rank 0
2024-09-03 14:07:11,614 INFO Sync time
2024-09-03 14:07:11,614 INFO Accepting from rank 0
2024-09-03 14:07:11,614 INFO Sync time
2024-09-03 14:07:11,614 INFO Sync time
2024-09-03 14:07:11,614 INFO Sync time
2024-09-03 14:07:11,614 INFO Sync time
2024-09-03 14:07:11,614 INFO Sync time
2024-09-03 14:07:11,614 INFO Sync time
2024-09-03 14:07:11,614 INFO Sync time
2024-09-03 14:07:11,614 INFO Sync time
2024-09-03 14:07:11,614 INFO Sync time
2024-09-03 14:07:11,614 INFO Accepting from rank 0
2024-09-03 14:07:11,614 INFO Sync time
2024-09-03 14:07:11,614 INFO Accepting from rank 0
2024-09-03 14:07:11,614 INFO Sync time
2024-09-03 14:07:11,614 INFO Accepting from rank 0
2024-09-03 14:07:11,615 INFO Accepting from rank 0
2024-09-03 14:07:11,614 INFO Accepting from rank 0
2024-09-03 14:07:11,615 INFO Accepting from rank 0
2024-09-03 14:07:11,614 INFO Accepting from rank 0
2024-09-03 14:07:11,615 INFO Accepting from rank 0
2024-09-03 14:07:11,614 INFO Accepting from rank 0
2024-09-03 14:07:11,615 INFO Accepting from rank 0
2024-09-03 14:07:11,614 INFO Accepting from rank 0
2024-09-03 14:07:11,615 INFO Accepting from rank 0
2024-09-03 14:07:11,614 INFO Accepting from rank 0
2024-09-03 14:07:11,615 INFO Accepting from rank 0
2024-09-03 14:07:20,545 INFO CHECKSUM 0 1 0: 1.298105
2024-09-03 14:07:20,545 INFO CHECKSUM 0 1 0: 1.298105
2024-09-03 14:07:21,479 INFO sent 0 -> 1 # 0 at 1104740112, 0.199060 0.886775
2024-09-03 14:07:21,479 INFO recv 0 -> 1 # 0 at 1104641967, 0.199060 0.886775
2024-09-03 14:07:30,460 INFO CHECKSUM 0 2 0: 1.513645
2024-09-03 14:07:30,461 INFO CHECKSUM 0 2 0: 1.513645
2024-09-03 14:07:31,464 INFO sent 0 -> 2 # 0 at 1226086669, 0.355949 0.461421
2024-09-03 14:07:31,464 INFO recv 0 -> 2 # 0 at 1219589355, 0.355949 0.461421
2024-09-03 14:07:40,448 INFO CHECKSUM 0 3 0: 1.248982
2024-09-03 14:07:40,449 INFO CHECKSUM 0 3 0: 1.248982
2024-09-03 14:07:41,361 INFO sent 0 -> 3 # 0 at 1165135253, 0.038116 0.993316
2024-09-03 14:07:41,361 INFO recv 0 -> 3 # 0 at 1164678466, 0.038116 0.993316
2024-09-03 14:07:50,228 INFO CHECKSUM 0 4 0: 1.621065
2024-09-03 14:07:50,232 INFO CHECKSUM 0 4 0: 1.621065
2024-09-03 14:07:51,300 INFO sent 0 -> 4 # 0 at 1243821655, 0.604840 0.106782
2024-09-03 14:07:51,302 INFO recv 0 -> 4 # 0 at 1243733398, 0.604840 0.106782
2024-09-03 14:08:00,215 INFO CHECKSUM 0 5 0: 2.402814
2024-09-03 14:08:00,217 INFO CHECKSUM 0 5 0: 2.402814
2024-09-03 14:08:01,264 INFO sent 0 -> 5 # 0 at 1245323730, 0.241022 0.230100
2024-09-03 14:08:01,264 INFO recv 0 -> 5 # 0 at 1238379272, 0.241022 0.230100
2024-09-03 14:08:10,235 INFO CHECKSUM 0 6 0: 0.464789
2024-09-03 14:08:10,236 INFO CHECKSUM 0 6 0: 0.464789
2024-09-03 14:08:11,212 INFO recv 0 -> 6 # 0 at 1180219238, 0.435538 0.798883
2024-09-03 14:08:11,212 INFO sent 0 -> 6 # 0 at 1181796875, 0.435538 0.798883
2024-09-03 14:08:20,191 INFO CHECKSUM 0 7 0: 1.948889
2024-09-03 14:08:20,192 INFO CHECKSUM 0 7 0: 1.948889
2024-09-03 14:08:21,315 INFO sent 0 -> 7 # 0 at 1336007812, 0.386543 0.373278
2024-09-03 14:08:21,315 INFO recv 0 -> 7 # 0 at 1333251220, 0.386543 0.373278
2024-09-03 14:08:30,276 INFO CHECKSUM 0 8 0: 1.322856
2024-09-03 14:08:30,277 INFO CHECKSUM 0 8 0: 1.322856
2024-09-03 14:08:31,331 INFO sent 0 -> 8 # 0 at 1264471679, 0.374973 0.536802
2024-09-03 14:08:31,331 INFO recv 0 -> 8 # 0 at 1264476806, 0.374973 0.536802
2024-09-03 14:08:40,281 INFO CHECKSUM 0 9 0: 1.626532
2024-09-03 14:08:40,283 INFO CHECKSUM 0 9 0: 1.626532
2024-09-03 14:08:41,340 INFO sent 0 -> 9 # 0 at 1245512451, 0.551296 0.217974
2024-09-03 14:08:41,360 INFO recv 0 -> 9 # 0 at 1245498291, 0.551296 0.217974
2024-09-03 14:08:50,266 INFO CHECKSUM 0 10 0: 1.962549
2024-09-03 14:08:50,267 INFO CHECKSUM 0 10 0: 1.962549
2024-09-03 14:08:51,304 INFO sent 0 -> 10 # 0 at 1218183715, 0.556483 0.411820
2024-09-03 14:08:51,304 INFO recv 0 -> 10 # 0 at 1215315795, 0.556483 0.411820
2024-09-03 14:09:00,179 INFO CHECKSUM 0 11 0: 1.090979
2024-09-03 14:09:00,190 INFO CHECKSUM 0 11 0: 1.090979
2024-09-03 14:09:01,370 INFO sent 0 -> 11 # 0 at 1375418579, 0.033243 0.170431
2024-09-03 14:09:01,370 INFO recv 0 -> 11 # 0 at 1369102539, 0.033243 0.170431
2024-09-03 14:09:10,288 INFO CHECKSUM 0 12 0: 0.772719
2024-09-03 14:09:10,289 INFO CHECKSUM 0 12 0: 0.772719
2024-09-03 14:09:11,403 INFO sent 0 -> 12 # 0 at 1347612915, 0.731683 0.277971
2024-09-03 14:09:11,403 INFO recv 0 -> 12 # 0 at 1346984985, 0.731683 0.277971
2024-09-03 14:09:20,353 INFO CHECKSUM 0 13 0: 0.804345
2024-09-03 14:09:20,354 INFO CHECKSUM 0 13 0: 0.804345
2024-09-03 14:09:21,376 INFO sent 0 -> 13 # 0 at 1242068725, 0.727365 0.775997
2024-09-03 14:09:21,376 INFO recv 0 -> 13 # 0 at 1231744140, 0.727365 0.775997
2024-09-03 14:09:30,297 INFO CHECKSUM 0 14 0: 0.391136
2024-09-03 14:09:30,299 INFO CHECKSUM 0 14 0: 0.391136
2024-09-03 14:09:31,447 INFO recv 0 -> 14 # 0 at 1325931396, 0.340832 0.976906
2024-09-03 14:09:31,446 INFO sent 0 -> 14 # 0 at 1332684082, 0.340832 0.976906
2024-09-03 14:09:40,401 INFO CHECKSUM 0 15 0: 1.445861
2024-09-03 14:09:40,402 INFO CHECKSUM 0 15 0: 1.445861
2024-09-03 14:09:41,528 INFO sent 0 -> 15 # 0 at 1294912109, 0.382093 0.041353
2024-09-03 14:09:41,528 INFO Accepting from rank 1
2024-09-03 14:09:41,528 INFO Accepting from rank 1
2024-09-03 14:09:41,528 INFO Accepting from rank 1
2024-09-03 14:09:41,528 INFO Accepting from rank 1
2024-09-03 14:09:41,528 INFO Accepting from rank 1
2024-09-03 14:09:41,529 INFO Accepting from rank 1
2024-09-03 14:09:41,528 INFO Accepting from rank 1
2024-09-03 14:09:41,529 INFO Accepting from rank 1
2024-09-03 14:09:41,528 INFO recv 0 -> 15 # 0 at 1294892089, 0.382093 0.041353
2024-09-03 14:09:41,528 INFO Accepting from rank 1
2024-09-03 14:09:41,535 INFO Accepting from rank 1
2024-09-03 14:09:41,535 INFO Sending from rank 1
2024-09-03 14:09:41,535 INFO Accepting from rank 1
2024-09-03 14:09:41,535 INFO Accepting from rank 1
2024-09-03 14:09:41,535 INFO Accepting from rank 1
2024-09-03 14:09:41,535 INFO Accepting from rank 1
2024-09-03 14:09:41,541 INFO Accepting from rank 1
2024-09-03 14:09:50,323 INFO CHECKSUM 1 0 0: 0.687676
2024-09-03 14:09:50,324 INFO CHECKSUM 1 0 0: 0.687676
2024-09-03 14:09:51,376 INFO recv 1 -> 0 # 0 at 1066766113, 0.029635 0.867152
2024-09-03 14:09:51,376 INFO sent 1 -> 0 # 0 at 1066712768, 0.029635 0.867152
2024-09-03 14:10:00,319 INFO CHECKSUM 1 2 0: 1.208193
2024-09-03 14:10:00,319 INFO CHECKSUM 1 2 0: 1.208193
2024-09-03 14:10:01,532 INFO sent 1 -> 2 # 0 at 1403532958, 0.727093 0.061858
2024-09-03 14:10:01,532 INFO recv 1 -> 2 # 0 at 1403535888, 0.727093 0.061858
2024-09-03 14:10:10,480 INFO CHECKSUM 1 3 0: 2.012918
2024-09-03 14:10:10,480 INFO CHECKSUM 1 3 0: 2.012918
2024-09-03 14:10:11,495 INFO sent 1 -> 3 # 0 at 1198928222, 0.453302 0.445996
2024-09-03 14:10:11,495 INFO recv 1 -> 3 # 0 at 1198912109, 0.453302 0.445996
2024-09-03 14:10:20,451 INFO CHECKSUM 1 4 0: 1.056689
2024-09-03 14:10:20,451 INFO CHECKSUM 1 4 0: 1.056689
2024-09-03 14:10:21,579 INFO sent 1 -> 4 # 0 at 1295287475, 0.504405 0.686462
2024-09-03 14:10:21,579 INFO recv 1 -> 4 # 0 at 1295323852, 0.504405 0.686462
2024-09-03 14:10:30,490 INFO CHECKSUM 1 5 0: 1.654714
2024-09-03 14:10:30,492 INFO CHECKSUM 1 5 0: 1.654714
2024-09-03 14:10:31,568 INFO sent 1 -> 5 # 0 at 1251951049, 0.266329 0.673885
2024-09-03 14:10:31,568 INFO recv 1 -> 5 # 0 at 1251967407, 0.266329 0.673885
2024-09-03 14:10:40,505 INFO CHECKSUM 1 6 0: 1.716900
2024-09-03 14:10:40,506 INFO CHECKSUM 1 6 0: 1.716900
2024-09-03 14:10:41,507 INFO sent 1 -> 6 # 0 at 1154350708, 0.847692 0.398479
2024-09-03 14:10:41,507 INFO recv 1 -> 6 # 0 at 1154324584, 0.847692 0.398479
2024-09-03 14:10:50,371 INFO CHECKSUM 1 7 0: 1.604187
2024-09-03 14:10:50,372 INFO CHECKSUM 1 7 0: 1.604187
2024-09-03 14:10:51,355 INFO sent 1 -> 7 # 0 at 1079532836, 0.801846 0.140562
2024-09-03 14:10:51,355 INFO recv 1 -> 7 # 0 at 1079513549, 0.801846 0.140562
2024-09-03 14:11:00,281 INFO CHECKSUM 1 8 0: 1.935580
2024-09-03 14:11:00,282 INFO CHECKSUM 1 8 0: 1.935580
2024-09-03 14:11:01,454 INFO recv 1 -> 8 # 0 at 1348798339, 0.923112 0.315919
2024-09-03 14:11:01,454 INFO sent 1 -> 8 # 0 at 1348755249, 0.923112 0.315919
2024-09-03 14:11:10,223 INFO CHECKSUM 1 9 0: 0.568069
2024-09-03 14:11:10,223 INFO CHECKSUM 1 9 0: 0.568069
2024-09-03 14:11:11,372 INFO sent 1 -> 9 # 0 at 1255624633, 0.725845 0.491560
2024-09-03 14:11:11,372 INFO recv 1 -> 9 # 0 at 1255607299, 0.725845 0.491560
2024-09-03 14:11:20,293 INFO CHECKSUM 1 10 0: 1.427256
2024-09-03 14:11:20,294 INFO CHECKSUM 1 10 0: 1.427256
2024-09-03 14:11:21,466 INFO recv 1 -> 10 # 0 at 1351210815, 0.251144 0.482928
2024-09-03 14:11:21,478 INFO sent 1 -> 10 # 0 at 1351225952, 0.251144 0.482928
2024-09-03 14:11:30,342 INFO CHECKSUM 1 11 0: 1.285863
2024-09-03 14:11:30,351 INFO CHECKSUM 1 11 0: 1.285863
2024-09-03 14:11:31,442 INFO sent 1 -> 11 # 0 at 1195301391, 0.298098 0.467930
2024-09-03 14:11:31,444 INFO recv 1 -> 11 # 0 at 1195321777, 0.298098 0.467930
2024-09-03 14:11:40,365 INFO CHECKSUM 1 12 0: 1.632903
2024-09-03 14:11:40,365 INFO CHECKSUM 1 12 0: 1.632903
2024-09-03 14:11:41,548 INFO sent 1 -> 12 # 0 at 1364345092, 0.021806 0.501437
2024-09-03 14:11:41,548 INFO recv 1 -> 12 # 0 at 1370640991, 0.021806 0.501437
2024-09-03 14:11:50,466 INFO CHECKSUM 1 13 0: 1.893833
2024-09-03 14:11:50,466 INFO CHECKSUM 1 13 0: 1.893833
2024-09-03 14:11:51,597 INFO sent 1 -> 13 # 0 at 1294895385, 0.421264 0.495318
2024-09-03 14:11:51,597 INFO recv 1 -> 13 # 0 at 1294912353, 0.421264 0.495318
2024-09-03 14:12:00,558 INFO CHECKSUM 1 14 0: 2.320107
2024-09-03 14:12:00,559 INFO CHECKSUM 1 14 0: 2.320107
2024-09-03 14:12:01,625 INFO sent 1 -> 14 # 0 at 1261376342, 0.886975 0.337765
2024-09-03 14:12:01,626 INFO recv 1 -> 14 # 0 at 1265612304, 0.886975 0.337765
2024-09-03 14:12:10,552 INFO CHECKSUM 1 15 0: 1.701445
2024-09-03 14:12:10,553 INFO CHECKSUM 1 15 0: 1.701445
2024-09-03 14:12:11,776 INFO Accepting from rank 2
2024-09-03 14:12:11,782 INFO Accepting from rank 2
2024-09-03 14:12:11,782 INFO Accepting from rank 2
2024-09-03 14:12:11,782 INFO Accepting from rank 2
2024-09-03 14:12:11,782 INFO Accepting from rank 2
2024-09-03 14:12:11,782 INFO Accepting from rank 2
2024-09-03 14:12:11,782 INFO Accepting from rank 2
2024-09-03 14:12:11,782 INFO sent 1 -> 15 # 0 at 1383146606, 0.910939 0.830860
2024-09-03 14:12:11,782 INFO Accepting from rank 2
2024-09-03 14:12:11,782 INFO Accepting from rank 2
2024-09-03 14:12:11,782 INFO Accepting from rank 2
2024-09-03 14:12:11,782 INFO Sending from rank 2
2024-09-03 14:12:11,782 INFO Accepting from rank 2
2024-09-03 14:12:11,782 INFO Accepting from rank 2
2024-09-03 14:12:11,782 INFO recv 1 -> 15 # 0 at 1385175781, 0.910939 0.830860
2024-09-03 14:12:11,782 INFO Accepting from rank 2
2024-09-03 14:12:11,783 INFO Accepting from rank 2
2024-09-03 14:12:11,802 INFO Accepting from rank 2
2024-09-03 14:12:20,589 INFO CHECKSUM 2 0 0: 1.782053
2024-09-03 14:12:20,592 INFO CHECKSUM 2 0 0: 1.782053
2024-09-03 14:12:21,741 INFO recv 2 -> 0 # 0 at 1174450805, 0.137152 0.589276
2024-09-03 14:12:21,741 INFO sent 2 -> 0 # 0 at 1174411987, 0.137152 0.589276
2024-09-03 14:12:30,600 INFO CHECKSUM 2 1 0: 2.353831
2024-09-03 14:12:30,600 INFO CHECKSUM 2 1 0: 2.353831
2024-09-03 14:12:31,644 INFO recv 2 -> 1 # 0 at 1133712646, 0.419859 0.544420
2024-09-03 14:12:31,644 INFO sent 2 -> 1 # 0 at 1133693115, 0.419859 0.544420
2024-09-03 14:12:40,579 INFO CHECKSUM 2 3 0: 1.418197
2024-09-03 14:12:40,579 INFO CHECKSUM 2 3 0: 1.418197
2024-09-03 14:12:41,594 INFO sent 2 -> 3 # 0 at 1200393066, 0.410796 0.201003
2024-09-03 14:12:41,594 INFO recv 2 -> 3 # 0 at 1200077514, 0.410796 0.201003
2024-09-03 14:12:50,471 INFO CHECKSUM 2 4 0: 2.219679
2024-09-03 14:12:50,471 INFO CHECKSUM 2 4 0: 2.219679
2024-09-03 14:12:51,391 INFO recv 2 -> 4 # 0 at 1074397216, 0.840412 0.091771
2024-09-03 14:12:51,391 INFO sent 2 -> 4 # 0 at 1074369506, 0.840412 0.091771
2024-09-03 14:13:00,285 INFO CHECKSUM 2 5 0: 0.897955
2024-09-03 14:13:00,293 INFO CHECKSUM 2 5 0: 0.897955
2024-09-03 14:13:01,510 INFO sent 2 -> 5 # 0 at 1381754028, 0.036830 0.677759
2024-09-03 14:13:01,510 INFO recv 2 -> 5 # 0 at 1381765380, 0.036830 0.677759
2024-09-03 14:13:10,413 INFO CHECKSUM 2 6 0: 0.794795
2024-09-03 14:13:10,413 INFO CHECKSUM 2 6 0: 0.794795
2024-09-03 14:13:11,485 INFO sent 2 -> 6 # 0 at 1235142333, 0.921755 0.321766
2024-09-03 14:13:11,485 INFO recv 2 -> 6 # 0 at 1235143066, 0.921755 0.321766
2024-09-03 14:13:20,359 INFO CHECKSUM 2 7 0: 0.635787
2024-09-03 14:13:20,359 INFO CHECKSUM 2 7 0: 0.635787
2024-09-03 14:13:21,338 INFO recv 2 -> 7 # 0 at 1130695434, 0.148203 0.455201
2024-09-03 14:13:21,338 INFO sent 2 -> 7 # 0 at 1136893310, 0.148203 0.455201
2024-09-03 14:13:30,222 INFO CHECKSUM 2 8 0: 2.101208
2024-09-03 14:13:30,222 INFO CHECKSUM 2 8 0: 2.101208
2024-09-03 14:13:31,356 INFO sent 2 -> 8 # 0 at 1299088256, 0.564415 0.937782
2024-09-03 14:13:31,356 INFO recv 2 -> 8 # 0 at 1299087280, 0.564415 0.937782
2024-09-03 14:13:40,210 INFO CHECKSUM 2 9 0: 0.636496
2024-09-03 14:13:40,211 INFO CHECKSUM 2 9 0: 0.636496
2024-09-03 14:13:41,357 INFO sent 2 -> 9 # 0 at 1318752319, 0.207402 0.956315
2024-09-03 14:13:41,357 INFO recv 2 -> 9 # 0 at 1318767089, 0.207402 0.956315
2024-09-03 14:13:50,269 INFO CHECKSUM 2 10 0: 1.462837
2024-09-03 14:13:50,269 INFO CHECKSUM 2 10 0: 1.462837
2024-09-03 14:13:51,386 INFO recv 2 -> 10 # 0 at 1278051879, 0.617948 0.031497
2024-09-03 14:13:51,386 INFO sent 2 -> 10 # 0 at 1278081909, 0.617948 0.031497
2024-09-03 14:14:00,268 INFO CHECKSUM 2 11 0: 1.276763
2024-09-03 14:14:00,269 INFO CHECKSUM 2 11 0: 1.276763
2024-09-03 14:14:01,343 INFO sent 2 -> 11 # 0 at 1232543457, 0.782352 0.138795
2024-09-03 14:14:01,344 INFO recv 2 -> 11 # 0 at 1233246948, 0.782352 0.138795
2024-09-03 14:14:10,283 INFO CHECKSUM 2 12 0: 1.605394
2024-09-03 14:14:10,284 INFO CHECKSUM 2 12 0: 1.605394
2024-09-03 14:14:11,486 INFO recv 2 -> 12 # 0 at 1373359497, 0.083205 0.290313
2024-09-03 14:14:11,493 INFO sent 2 -> 12 # 0 at 1373338989, 0.083205 0.290313
2024-09-03 14:14:20,395 INFO CHECKSUM 2 13 0: 1.753454
2024-09-03 14:14:20,395 INFO CHECKSUM 2 13 0: 1.753454
2024-09-03 14:14:21,515 INFO sent 2 -> 13 # 0 at 1266949218, 0.861180 0.179801
2024-09-03 14:14:21,524 INFO recv 2 -> 13 # 0 at 1266933227, 0.861180 0.179801
2024-09-03 14:14:30,421 INFO CHECKSUM 2 14 0: 1.521049
2024-09-03 14:14:30,421 INFO CHECKSUM 2 14 0: 1.521049
2024-09-03 14:14:31,462 INFO sent 2 -> 14 # 0 at 1217793945, 0.483812 0.065030
2024-09-03 14:14:31,462 INFO recv 2 -> 14 # 0 at 1217809692, 0.483812 0.065030
2024-09-03 14:14:40,372 INFO CHECKSUM 2 15 0: 2.195868
2024-09-03 14:14:40,373 INFO CHECKSUM 2 15 0: 2.195868
2024-09-03 14:14:41,454 INFO Accepting from rank 3
2024-09-03 14:14:41,455 INFO Accepting from rank 3
2024-09-03 14:14:41,455 INFO Accepting from rank 3
2024-09-03 14:14:41,455 INFO Accepting from rank 3
2024-09-03 14:14:41,455 INFO Accepting from rank 3
2024-09-03 14:14:41,455 INFO sent 2 -> 15 # 0 at 1249989990, 0.476192 0.240475
2024-09-03 14:14:41,455 INFO Accepting from rank 3
2024-09-03 14:14:41,455 INFO Accepting from rank 3
2024-09-03 14:14:41,455 INFO Accepting from rank 3
2024-09-03 14:14:41,455 INFO Sending from rank 3
2024-09-03 14:14:41,455 INFO Accepting from rank 3
2024-09-03 14:14:41,455 INFO Accepting from rank 3
2024-09-03 14:14:41,464 INFO Accepting from rank 3
2024-09-03 14:14:41,464 INFO recv 2 -> 15 # 0 at 1249941040, 0.476192 0.240475
2024-09-03 14:14:41,464 INFO Accepting from rank 3
2024-09-03 14:14:41,467 INFO Accepting from rank 3
2024-09-03 14:14:41,467 INFO Accepting from rank 3
2024-09-03 14:14:41,480 INFO Accepting from rank 3
2024-09-03 14:14:50,276 INFO CHECKSUM 3 0 0: 1.086684
2024-09-03 14:14:50,275 INFO CHECKSUM 3 0 0: 1.086684
2024-09-03 14:14:51,296 INFO recv 3 -> 0 # 0 at 1108835693, 0.757604 0.506484
2024-09-03 14:14:51,296 INFO sent 3 -> 0 # 0 at 1108841308, 0.757604 0.506484
2024-09-03 14:15:00,071 INFO CHECKSUM 3 1 0: 1.560593
2024-09-03 14:15:00,072 INFO CHECKSUM 3 1 0: 1.560593
2024-09-03 14:15:01,003 INFO recv 3 -> 1 # 0 at 947850708, 0.159100 0.093692
2024-09-03 14:15:01,003 INFO sent 3 -> 1 # 0 at 947869201, 0.159100 0.093692
2024-09-03 14:15:09,763 INFO CHECKSUM 3 2 0: 1.629853
2024-09-03 14:15:09,763 INFO CHECKSUM 3 2 0: 1.629853
2024-09-03 14:15:10,779 INFO recv 3 -> 2 # 0 at 1030383178, 0.165160 0.725079
2024-09-03 14:15:10,779 INFO sent 3 -> 2 # 0 at 1030367065, 0.165160 0.725079
2024-09-03 14:15:19,671 INFO CHECKSUM 3 4 0: 1.684054
2024-09-03 14:15:19,671 INFO CHECKSUM 3 4 0: 1.684054
2024-09-03 14:15:20,676 INFO recv 3 -> 4 # 0 at 1158660278, 0.136227 0.656877
2024-09-03 14:15:20,676 INFO sent 3 -> 4 # 0 at 1158459106, 0.136227 0.656877
2024-09-03 14:15:29,627 INFO CHECKSUM 3 5 0: 1.033919
2024-09-03 14:15:29,628 INFO CHECKSUM 3 5 0: 1.033919
2024-09-03 14:15:30,842 INFO sent 3 -> 5 # 0 at 1446318847, 0.926132 0.647497
2024-09-03 14:15:30,842 INFO recv 3 -> 5 # 0 at 1446328369, 0.926132 0.647497
2024-09-03 14:15:39,722 INFO CHECKSUM 3 6 0: 2.546696
2024-09-03 14:15:39,723 INFO CHECKSUM 3 6 0: 2.546696
2024-09-03 14:15:40,780 INFO recv 3 -> 6 # 0 at 1222480468, 0.378021 0.846015
2024-09-03 14:15:40,780 INFO sent 3 -> 6 # 0 at 1222477294, 0.378021 0.846015
2024-09-03 14:15:49,647 INFO CHECKSUM 3 7 0: 2.073009
2024-09-03 14:15:49,648 INFO CHECKSUM 3 7 0: 2.073009
2024-09-03 14:15:50,840 INFO recv 3 -> 7 # 0 at 1353278320, 0.798379 0.435877
2024-09-03 14:15:50,840 INFO sent 3 -> 7 # 0 at 1353260864, 0.798379 0.435877
2024-09-03 14:15:59,662 INFO CHECKSUM 3 8 0: 2.355355
2024-09-03 14:15:59,662 INFO CHECKSUM 3 8 0: 2.355355
2024-09-03 14:16:00,748 INFO sent 3 -> 8 # 0 at 1258728149, 0.784820 0.045396
2024-09-03 14:16:00,748 INFO recv 3 -> 8 # 0 at 1258763549, 0.784820 0.045396
2024-09-03 14:16:09,683 INFO CHECKSUM 3 9 0: 1.883276
2024-09-03 14:16:09,684 INFO CHECKSUM 3 9 0: 1.883276
2024-09-03 14:16:10,697 INFO recv 3 -> 9 # 0 at 1203680297, 0.343886 0.502270
2024-09-03 14:16:10,703 INFO sent 3 -> 9 # 0 at 1203609252, 0.343886 0.502270
2024-09-03 14:16:19,552 INFO CHECKSUM 3 10 0: 1.011137
2024-09-03 14:16:19,552 INFO CHECKSUM 3 10 0: 1.011137
2024-09-03 14:16:20,659 INFO sent 3 -> 10 # 0 at 1257756958, 0.735411 0.539161
2024-09-03 14:16:20,660 INFO recv 3 -> 10 # 0 at 1257790771, 0.735411 0.539161
2024-09-03 14:16:29,622 INFO CHECKSUM 3 11 0: 1.584381
2024-09-03 14:16:29,622 INFO CHECKSUM 3 11 0: 1.584381
2024-09-03 14:16:30,876 INFO sent 3 -> 11 # 0 at 1488432006, 0.295190 0.472236
2024-09-03 14:16:30,876 INFO recv 3 -> 11 # 0 at 1488401367, 0.295190 0.472236
2024-09-03 14:16:39,798 INFO CHECKSUM 3 12 0: 0.917906
2024-09-03 14:16:39,798 INFO CHECKSUM 3 12 0: 0.917906
2024-09-03 14:16:41,016 INFO recv 3 -> 12 # 0 at 1391864501, 0.422395 0.854961
2024-09-03 14:16:41,016 INFO sent 3 -> 12 # 0 at 1391869995, 0.422395 0.854961
2024-09-03 14:16:49,936 INFO CHECKSUM 3 13 0: 2.060267
2024-09-03 14:16:49,943 INFO CHECKSUM 3 13 0: 2.060267
2024-09-03 14:16:51,247 INFO recv 3 -> 13 # 0 at 1503860717, 0.931171 0.200035
2024-09-03 14:16:51,247 INFO sent 3 -> 13 # 0 at 1503848388, 0.931171 0.200035
2024-09-03 14:17:00,199 INFO CHECKSUM 3 14 0: 1.376494
2024-09-03 14:17:00,199 INFO CHECKSUM 3 14 0: 1.376494
2024-09-03 14:17:01,369 INFO sent 3 -> 14 # 0 at 1356287353, 0.080861 0.374540
2024-09-03 14:17:01,370 INFO recv 3 -> 14 # 0 at 1356305908, 0.080861 0.374540
2024-09-03 14:17:10,250 INFO CHECKSUM 3 15 0: 1.233327
2024-09-03 14:17:10,269 INFO CHECKSUM 3 15 0: 1.233327
2024-09-03 14:17:11,456 INFO Accepting from rank 4
2024-09-03 14:17:11,456 INFO Accepting from rank 4
2024-09-03 14:17:11,456 INFO Accepting from rank 4
2024-09-03 14:17:11,456 INFO Accepting from rank 4
2024-09-03 14:17:11,456 INFO Sending from rank 4
2024-09-03 14:17:11,456 INFO Accepting from rank 4
2024-09-03 14:17:11,456 INFO Accepting from rank 4
2024-09-03 14:17:11,456 INFO Accepting from rank 4
2024-09-03 14:17:11,456 INFO Accepting from rank 4
2024-09-03 14:17:11,456 INFO Accepting from rank 4
2024-09-03 14:17:11,463 INFO Accepting from rank 4
2024-09-03 14:17:11,463 INFO sent 3 -> 15 # 0 at 1368632690, 0.970165 0.357691
2024-09-03 14:17:11,464 INFO Accepting from rank 4
2024-09-03 14:17:11,464 INFO Accepting from rank 4
2024-09-03 14:17:11,464 INFO Accepting from rank 4
2024-09-03 14:17:11,464 INFO recv 3 -> 15 # 0 at 1370604370, 0.970165 0.357691
2024-09-03 14:17:11,464 INFO Accepting from rank 4
2024-09-03 14:17:11,487 INFO Accepting from rank 4
2024-09-03 14:17:20,320 INFO CHECKSUM 4 0 0: 1.540318
2024-09-03 14:17:20,321 INFO CHECKSUM 4 0 0: 1.540318
2024-09-03 14:17:21,359 INFO sent 4 -> 0 # 0 at 1130061645, 0.150559 0.051628
2024-09-03 14:17:21,359 INFO recv 4 -> 0 # 0 at 1130336059, 0.150559 0.051628
2024-09-03 14:17:30,191 INFO CHECKSUM 4 1 0: 0.870275
2024-09-03 14:17:30,192 INFO CHECKSUM 4 1 0: 0.870275
2024-09-03 14:17:31,309 INFO sent 4 -> 1 # 0 at 1215575317, 0.576659 0.707814
2024-09-03 14:17:31,309 INFO recv 4 -> 1 # 0 at 1208357299, 0.576659 0.707814
2024-09-03 14:17:40,073 INFO CHECKSUM 4 2 0: 1.998372
2024-09-03 14:17:40,073 INFO CHECKSUM 4 2 0: 1.998372
2024-09-03 14:17:41,339 INFO recv 4 -> 2 # 0 at 1269235595, 0.523294 0.926751
2024-09-03 14:17:41,339 INFO sent 4 -> 2 # 0 at 1269212036, 0.523294 0.926751
2024-09-03 14:17:50,121 INFO CHECKSUM 4 3 0: 1.531279
2024-09-03 14:17:50,121 INFO CHECKSUM 4 3 0: 1.531279
2024-09-03 14:17:51,194 INFO recv 4 -> 3 # 0 at 1099344360, 0.796773 0.766704
2024-09-03 14:17:51,194 INFO sent 4 -> 3 # 0 at 1104261596, 0.796773 0.766704
2024-09-03 14:18:00,138 INFO CHECKSUM 4 5 0: 1.067514
2024-09-03 14:18:00,141 INFO CHECKSUM 4 5 0: 1.067514
2024-09-03 14:18:01,210 INFO sent 4 -> 5 # 0 at 1249680053, 0.929293 0.757714
2024-09-03 14:18:01,210 INFO recv 4 -> 5 # 0 at 1249754638, 0.929293 0.757714
2024-09-03 14:18:10,168 INFO CHECKSUM 4 6 0: 1.380310
2024-09-03 14:18:10,168 INFO CHECKSUM 4 6 0: 1.380310
2024-09-03 14:18:11,213 INFO sent 4 -> 6 # 0 at 1257904174, 0.246116 0.556334
2024-09-03 14:18:11,213 INFO recv 4 -> 6 # 0 at 1257906127, 0.246116 0.556334
2024-09-03 14:18:20,137 INFO CHECKSUM 4 7 0: 1.461378
2024-09-03 14:18:20,138 INFO CHECKSUM 4 7 0: 1.461378
2024-09-03 14:18:21,088 INFO sent 4 -> 7 # 0 at 1137339233, 0.479303 0.413985
2024-09-03 14:18:21,088 INFO recv 4 -> 7 # 0 at 1136993896, 0.479303 0.413985
2024-09-03 14:18:29,967 INFO CHECKSUM 4 8 0: 1.574891
2024-09-03 14:18:29,968 INFO CHECKSUM 4 8 0: 1.574891
2024-09-03 14:18:31,117 INFO sent 4 -> 8 # 0 at 1254683105, 0.882233 0.076784
2024-09-03 14:18:31,117 INFO recv 4 -> 8 # 0 at 1254860595, 0.882233 0.076784
2024-09-03 14:18:40,006 INFO CHECKSUM 4 9 0: 1.226536
2024-09-03 14:18:40,006 INFO CHECKSUM 4 9 0: 1.226536
2024-09-03 14:18:41,076 INFO recv 4 -> 9 # 0 at 1233240966, 0.056053 0.827362
2024-09-03 14:18:41,076 INFO sent 4 -> 9 # 0 at 1233219604, 0.056053 0.827362
2024-09-03 14:18:49,907 INFO CHECKSUM 4 10 0: 1.029996
2024-09-03 14:18:49,907 INFO CHECKSUM 4 10 0: 1.029996
2024-09-03 14:18:51,079 INFO recv 4 -> 10 # 0 at 1274577636, 0.603992 0.697662
2024-09-03 14:18:51,079 INFO sent 4 -> 10 # 0 at 1274622802, 0.603992 0.697662
2024-09-03 14:19:00,007 INFO CHECKSUM 4 11 0: 0.668097
2024-09-03 14:19:00,007 INFO CHECKSUM 4 11 0: 0.668097
2024-09-03 14:19:01,072 INFO recv 4 -> 11 # 0 at 1246528442, 0.123114 0.255600
2024-09-03 14:19:01,072 INFO sent 4 -> 11 # 0 at 1247271850, 0.123114 0.255600
2024-09-03 14:19:10,013 INFO CHECKSUM 4 12 0: 1.438945
2024-09-03 14:19:10,013 INFO CHECKSUM 4 12 0: 1.438945
2024-09-03 14:19:11,114 INFO sent 4 -> 12 # 0 at 1311849487, 0.888115 0.312897
2024-09-03 14:19:11,114 INFO recv 4 -> 12 # 0 at 1311817749, 0.888115 0.312897
2024-09-03 14:19:19,979 INFO CHECKSUM 4 13 0: 1.288375
2024-09-03 14:19:19,980 INFO CHECKSUM 4 13 0: 1.288375
2024-09-03 14:19:21,044 INFO sent 4 -> 13 # 0 at 1217555053, 0.907160 0.125254
2024-09-03 14:19:21,044 INFO recv 4 -> 13 # 0 at 1217550415, 0.907160 0.125254
2024-09-03 14:19:29,986 INFO CHECKSUM 4 14 0: 1.826944
2024-09-03 14:19:29,987 INFO CHECKSUM 4 14 0: 1.826944
2024-09-03 14:19:31,354 INFO sent 4 -> 14 # 0 at 1534821655, 0.730525 0.072507
2024-09-03 14:19:31,354 INFO recv 4 -> 14 # 0 at 1534830932, 0.730525 0.072507
2024-09-03 14:19:40,268 INFO CHECKSUM 4 15 0: 1.200218
2024-09-03 14:19:40,269 INFO CHECKSUM 4 15 0: 1.200218
2024-09-03 14:19:41,364 INFO sent 4 -> 15 # 0 at 1252949829, 0.115976 0.616675
2024-09-03 14:19:41,364 INFO Accepting from rank 5
2024-09-03 14:19:41,364 INFO Accepting from rank 5
2024-09-03 14:19:41,364 INFO Accepting from rank 5
2024-09-03 14:19:41,364 INFO Accepting from rank 5
2024-09-03 14:19:41,364 INFO Accepting from rank 5
2024-09-03 14:19:41,364 INFO Accepting from rank 5
2024-09-03 14:19:41,364 INFO Accepting from rank 5
2024-09-03 14:19:41,366 INFO Sending from rank 5
2024-09-03 14:19:41,366 INFO Accepting from rank 5
2024-09-03 14:19:41,370 INFO Accepting from rank 5
2024-09-03 14:19:41,370 INFO Accepting from rank 5
2024-09-03 14:19:41,370 INFO Accepting from rank 5
2024-09-03 14:19:41,370 INFO Accepting from rank 5
2024-09-03 14:19:41,370 INFO Accepting from rank 5
2024-09-03 14:19:41,370 INFO recv 4 -> 15 # 0 at 1244773925, 0.115976 0.616675
2024-09-03 14:19:41,371 INFO Accepting from rank 5
2024-09-03 14:19:41,376 INFO Accepting from rank 5
2024-09-03 14:19:50,196 INFO CHECKSUM 5 0 0: 2.367694
2024-09-03 14:19:50,188 INFO CHECKSUM 5 0 0: 2.367694
2024-09-03 14:19:51,228 INFO sent 5 -> 0 # 0 at 1121688476, 0.913135 0.025953
2024-09-03 14:19:51,228 INFO recv 5 -> 0 # 0 at 1129426635, 0.913135 0.025953
2024-09-03 14:19:59,983 INFO CHECKSUM 5 1 0: 2.088856
2024-09-03 14:19:59,983 INFO CHECKSUM 5 1 0: 2.088856
2024-09-03 14:20:01,143 INFO recv 5 -> 1 # 0 at 1180802612, 0.107029 0.726077
2024-09-03 14:20:01,149 INFO sent 5 -> 1 # 0 at 1180819213, 0.107029 0.726077
2024-09-03 14:20:09,956 INFO CHECKSUM 5 2 0: 1.948811
2024-09-03 14:20:09,957 INFO CHECKSUM 5 2 0: 1.948811
2024-09-03 14:20:11,005 INFO sent 5 -> 2 # 0 at 1109602294, 0.682336 0.319275
2024-09-03 14:20:11,005 INFO recv 5 -> 2 # 0 at 1113601318, 0.682336 0.319275
2024-09-03 14:20:19,711 INFO CHECKSUM 5 3 0: 1.469825
2024-09-03 14:20:19,711 INFO CHECKSUM 5 3 0: 1.469825
2024-09-03 14:20:20,830 INFO recv 5 -> 3 # 0 at 1119556030, 0.709212 0.125992
2024-09-03 14:20:20,833 INFO sent 5 -> 3 # 0 at 1119525024, 0.709212 0.125992
2024-09-03 14:20:29,551 INFO CHECKSUM 5 4 0: 1.421620
2024-09-03 14:20:29,551 INFO CHECKSUM 5 4 0: 1.421620
2024-09-03 14:20:30,620 INFO recv 5 -> 4 # 0 at 1085276733, 0.904047 0.081082
2024-09-03 14:20:30,620 INFO sent 5 -> 4 # 0 at 1085228027, 0.904047 0.081082
2024-09-03 14:20:39,527 INFO CHECKSUM 5 6 0: 2.096611
2024-09-03 14:20:39,527 INFO CHECKSUM 5 6 0: 2.096611
2024-09-03 14:20:40,649 INFO sent 5 -> 6 # 0 at 1291956542, 0.639911 0.228686
2024-09-03 14:20:40,649 INFO recv 5 -> 6 # 0 at 1291936645, 0.639911 0.228686
2024-09-03 14:20:49,571 INFO CHECKSUM 5 7 0: 1.948726
2024-09-03 14:20:49,571 INFO CHECKSUM 5 7 0: 1.948726
2024-09-03 14:20:50,529 INFO sent 5 -> 7 # 0 at 1125307617, 0.981151 0.431182
2024-09-03 14:20:50,529 INFO recv 5 -> 7 # 0 at 1125344116, 0.981151 0.431182
2024-09-03 14:20:59,430 INFO CHECKSUM 5 8 0: 1.430438
2024-09-03 14:20:59,429 INFO CHECKSUM 5 8 0: 1.430438
2024-09-03 14:21:00,448 INFO recv 5 -> 8 # 0 at 1185906005, 0.417842 0.838408
2024-09-03 14:21:00,448 INFO sent 5 -> 8 # 0 at 1185863403, 0.417842 0.838408
2024-09-03 14:21:09,367 INFO CHECKSUM 5 9 0: 1.044466
2024-09-03 14:21:09,366 INFO CHECKSUM 5 9 0: 1.044466
2024-09-03 14:21:10,424 INFO recv 5 -> 9 # 0 at 1245679321, 0.801851 0.685741
2024-09-03 14:21:10,424 INFO sent 5 -> 9 # 0 at 1245698486, 0.801851 0.685741
2024-09-03 14:21:19,310 INFO CHECKSUM 5 10 0: 2.659378
2024-09-03 14:21:19,309 INFO CHECKSUM 5 10 0: 2.659378
2024-09-03 14:21:20,600 INFO recv 5 -> 10 # 0 at 1475825927, 0.427453 0.362243
2024-09-03 14:21:20,600 INFO sent 5 -> 10 # 0 at 1475805786, 0.427453 0.362243
2024-09-03 14:21:29,502 INFO CHECKSUM 5 11 0: 1.329676
2024-09-03 14:21:29,490 INFO CHECKSUM 5 11 0: 1.329676
2024-09-03 14:21:30,533 INFO sent 5 -> 11 # 0 at 1227651000, 0.552480 0.218515
2024-09-03 14:21:30,539 INFO recv 5 -> 11 # 0 at 1227619506, 0.552480 0.218515
2024-09-03 14:21:39,687 INFO CHECKSUM 5 12 0: 1.087962
2024-09-03 14:21:39,687 INFO CHECKSUM 5 12 0: 1.087962
2024-09-03 14:21:40,670 INFO recv 5 -> 12 # 0 at 1148691528, 0.620461 0.850587
2024-09-03 14:21:40,679 INFO sent 5 -> 12 # 0 at 1148664550, 0.620461 0.850587
2024-09-03 14:21:49,557 INFO CHECKSUM 5 13 0: 1.111729
2024-09-03 14:21:49,565 INFO CHECKSUM 5 13 0: 1.111729
2024-09-03 14:21:50,696 INFO sent 5 -> 13 # 0 at 1323693115, 0.729440 0.119952
2024-09-03 14:21:50,699 INFO recv 5 -> 13 # 0 at 1323704345, 0.729440 0.119952
2024-09-03 14:21:59,607 INFO CHECKSUM 5 14 0: 1.199927
2024-09-03 14:21:59,607 INFO CHECKSUM 5 14 0: 1.199927
2024-09-03 14:22:00,589 INFO sent 5 -> 14 # 0 at 1219222412, 0.730100 0.205135
2024-09-03 14:22:00,589 INFO recv 5 -> 14 # 0 at 1219243164, 0.730100 0.205135
2024-09-03 14:22:09,456 INFO CHECKSUM 5 15 0: 1.750885
2024-09-03 14:22:09,457 INFO CHECKSUM 5 15 0: 1.750885
2024-09-03 14:22:10,478 INFO Accepting from rank 6
2024-09-03 14:22:10,478 INFO Accepting from rank 6
2024-09-03 14:22:10,478 INFO Accepting from rank 6
2024-09-03 14:22:10,478 INFO Accepting from rank 6
2024-09-03 14:22:10,478 INFO Accepting from rank 6
2024-09-03 14:22:10,478 INFO sent 5 -> 15 # 0 at 1180213378, 0.334756 0.666975
2024-09-03 14:22:10,478 INFO Accepting from rank 6
2024-09-03 14:22:10,478 INFO Accepting from rank 6
2024-09-03 14:22:10,478 INFO Accepting from rank 6
2024-09-03 14:22:10,478 INFO Sending from rank 6
2024-09-03 14:22:10,478 INFO Accepting from rank 6
2024-09-03 14:22:10,479 INFO Accepting from rank 6
2024-09-03 14:22:10,478 INFO Accepting from rank 6
2024-09-03 14:22:10,478 INFO Accepting from rank 6
2024-09-03 14:22:10,478 INFO recv 5 -> 15 # 0 at 1181669555, 0.334756 0.666975
2024-09-03 14:22:10,479 INFO Accepting from rank 6
2024-09-03 14:22:10,478 INFO Accepting from rank 6
2024-09-03 14:22:10,502 INFO Accepting from rank 6
2024-09-03 14:22:19,190 INFO CHECKSUM 6 0 0: 1.234962
2024-09-03 14:22:19,189 INFO CHECKSUM 6 0 0: 1.234962
2024-09-03 14:22:20,466 INFO sent 6 -> 0 # 0 at 1300733032, 0.232140 0.105651
2024-09-03 14:22:20,466 INFO recv 6 -> 0 # 0 at 1301023559, 0.232140 0.105651
2024-09-03 14:22:29,161 INFO CHECKSUM 6 1 0: 1.798192
2024-09-03 14:22:29,162 INFO CHECKSUM 6 1 0: 1.798192
2024-09-03 14:22:30,305 INFO sent 6 -> 1 # 0 at 1145914550, 0.920771 0.013209
2024-09-03 14:22:30,314 INFO recv 6 -> 1 # 0 at 1145912841, 0.920771 0.013209
2024-09-03 14:22:39,046 INFO CHECKSUM 6 2 0: 1.361944
2024-09-03 14:22:39,045 INFO CHECKSUM 6 2 0: 1.361944
2024-09-03 14:22:40,244 INFO recv 6 -> 2 # 0 at 1213313232, 0.713415 0.108022
2024-09-03 14:22:40,244 INFO sent 6 -> 2 # 0 at 1213326416, 0.713415 0.108022
2024-09-03 14:22:48,937 INFO CHECKSUM 6 3 0: 1.807828
2024-09-03 14:22:48,937 INFO CHECKSUM 6 3 0: 1.807828
2024-09-03 14:22:49,989 INFO recv 6 -> 3 # 0 at 1062459960, 0.993923 0.834043
2024-09-03 14:22:49,989 INFO sent 6 -> 3 # 0 at 1062477661, 0.993923 0.834043
2024-09-03 14:22:58,711 INFO CHECKSUM 6 4 0: 1.685642
2024-09-03 14:22:58,711 INFO CHECKSUM 6 4 0: 1.685642
2024-09-03 14:22:59,898 INFO recv 6 -> 4 # 0 at 1192793090, 0.993842 0.021262
2024-09-03 14:22:59,898 INFO sent 6 -> 4 # 0 at 1192763427, 0.993842 0.021262
2024-09-03 14:23:08,658 INFO CHECKSUM 6 5 0: 1.601833
2024-09-03 14:23:08,656 INFO CHECKSUM 6 5 0: 1.601833
2024-09-03 14:23:09,841 INFO recv 6 -> 5 # 0 at 1201131713, 0.257462 0.458343
2024-09-03 14:23:09,841 INFO sent 6 -> 5 # 0 at 1201307495, 0.257462 0.458343
2024-09-03 14:23:18,763 INFO CHECKSUM 6 7 0: 1.479730
2024-09-03 14:23:18,764 INFO CHECKSUM 6 7 0: 1.479730
2024-09-03 14:23:19,893 INFO sent 6 -> 7 # 0 at 1282706420, 0.228500 0.229980
2024-09-03 14:23:19,898 INFO recv 6 -> 7 # 0 at 1282702392, 0.228500 0.229980
2024-09-03 14:23:28,801 INFO CHECKSUM 6 8 0: 0.687678
2024-09-03 14:23:28,802 INFO CHECKSUM 6 8 0: 0.687678
2024-09-03 14:23:29,810 INFO recv 6 -> 8 # 0 at 1181635864, 0.390803 0.442736
2024-09-03 14:23:29,821 INFO sent 6 -> 8 # 0 at 1181621948, 0.390803 0.442736
2024-09-03 14:23:38,739 INFO CHECKSUM 6 9 0: 1.170598
2024-09-03 14:23:38,739 INFO CHECKSUM 6 9 0: 1.170598
2024-09-03 14:23:39,853 INFO recv 6 -> 9 # 0 at 1298158203, 0.540610 0.031282
2024-09-03 14:23:39,853 INFO sent 6 -> 9 # 0 at 1309850463, 0.540610 0.031282
2024-09-03 14:23:48,819 INFO CHECKSUM 6 10 0: 1.813573
2024-09-03 14:23:48,819 INFO CHECKSUM 6 10 0: 1.813573
2024-09-03 14:23:49,903 INFO recv 6 -> 10 # 0 at 1286766723, 0.540619 0.619912
2024-09-03 14:23:49,903 INFO sent 6 -> 10 # 0 at 1281299926, 0.540619 0.619912
2024-09-03 14:23:58,808 INFO CHECKSUM 6 11 0: 1.134657
2024-09-03 14:23:58,808 INFO CHECKSUM 6 11 0: 1.134657
2024-09-03 14:23:59,834 INFO recv 6 -> 11 # 0 at 1169015991, 0.556219 0.994532
2024-09-03 14:23:59,834 INFO sent 6 -> 11 # 0 at 1167545532, 0.556219 0.994532
2024-09-03 14:24:08,729 INFO CHECKSUM 6 12 0: 2.093171
2024-09-03 14:24:08,730 INFO CHECKSUM 6 12 0: 2.093171
2024-09-03 14:24:09,711 INFO sent 6 -> 12 # 0 at 1173876342, 0.219562 0.367366
2024-09-03 14:24:09,711 INFO recv 6 -> 12 # 0 at 1173922607, 0.219562 0.367366
2024-09-03 14:24:18,672 INFO CHECKSUM 6 13 0: 2.427860
2024-09-03 14:24:18,672 INFO CHECKSUM 6 13 0: 2.427860
2024-09-03 14:24:19,724 INFO sent 6 -> 13 # 0 at 1221046020, 0.017529 0.466954
2024-09-03 14:24:19,724 INFO recv 6 -> 13 # 0 at 1228409423, 0.017529 0.466954
2024-09-03 14:24:28,613 INFO CHECKSUM 6 14 0: 1.342036
2024-09-03 14:24:28,614 INFO CHECKSUM 6 14 0: 1.342036
2024-09-03 14:24:29,835 INFO sent 6 -> 14 # 0 at 1386488037, 0.667479 0.140477
2024-09-03 14:24:29,835 INFO recv 6 -> 14 # 0 at 1386519531, 0.667479 0.140477
2024-09-03 14:24:38,758 INFO CHECKSUM 6 15 0: 1.838060
2024-09-03 14:24:38,757 INFO CHECKSUM 6 15 0: 1.838060
2024-09-03 14:24:40,024 INFO Accepting from rank 7
2024-09-03 14:24:40,024 INFO Accepting from rank 7
2024-09-03 14:24:40,024 INFO Accepting from rank 7
2024-09-03 14:24:40,024 INFO Accepting from rank 7
2024-09-03 14:24:40,024 INFO Accepting from rank 7
2024-09-03 14:24:40,024 INFO Accepting from rank 7
2024-09-03 14:24:40,024 INFO Accepting from rank 7
2024-09-03 14:24:40,024 INFO Accepting from rank 7
2024-09-03 14:24:40,024 INFO Accepting from rank 7
2024-09-03 14:24:40,024 INFO Sending from rank 7
2024-09-03 14:24:40,024 INFO Accepting from rank 7
2024-09-03 14:24:40,024 INFO Accepting from rank 7
2024-09-03 14:24:40,024 INFO Accepting from rank 7
2024-09-03 14:24:40,024 INFO sent 6 -> 15 # 0 at 1457202758, 0.257909 0.945776
2024-09-03 14:24:40,024 INFO recv 6 -> 15 # 0 at 1452212890, 0.257909 0.945776
2024-09-03 14:24:40,024 INFO Accepting from rank 7
2024-09-03 14:24:40,024 INFO Accepting from rank 7
2024-09-03 14:24:40,042 INFO Accepting from rank 7
2024-09-03 14:24:48,839 INFO CHECKSUM 7 0 0: 1.655002
2024-09-03 14:24:48,838 INFO CHECKSUM 7 0 0: 1.655002
2024-09-03 14:24:49,932 INFO recv 7 -> 0 # 0 at 1128979858, 0.894589 0.002735
2024-09-03 14:24:49,932 INFO sent 7 -> 0 # 0 at 1124394897, 0.894589 0.002735
2024-09-03 14:24:58,680 INFO CHECKSUM 7 1 0: 0.746465
2024-09-03 14:24:58,680 INFO CHECKSUM 7 1 0: 0.746465
2024-09-03 14:24:59,881 INFO sent 7 -> 1 # 0 at 1208572265, 0.227787 0.165243
2024-09-03 14:24:59,886 INFO recv 7 -> 1 # 0 at 1209524536, 0.227787 0.165243
2024-09-03 14:25:08,712 INFO CHECKSUM 7 2 0: 0.421396
2024-09-03 14:25:08,720 INFO CHECKSUM 7 2 0: 0.421396
2024-09-03 14:25:09,899 INFO sent 7 -> 2 # 0 at 1271479736, 0.446296 0.682432
2024-09-03 14:25:09,899 INFO recv 7 -> 2 # 0 at 1278893676, 0.446296 0.682432
2024-09-03 14:25:18,700 INFO CHECKSUM 7 3 0: 1.924132
2024-09-03 14:25:18,700 INFO CHECKSUM 7 3 0: 1.924132
2024-09-03 14:25:19,884 INFO sent 7 -> 3 # 0 at 1249541870, 0.083293 0.699357
2024-09-03 14:25:19,884 INFO recv 7 -> 3 # 0 at 1257671264, 0.083293 0.699357
2024-09-03 14:25:28,676 INFO CHECKSUM 7 4 0: 1.121507
2024-09-03 14:25:28,677 INFO CHECKSUM 7 4 0: 1.121507
2024-09-03 14:25:29,969 INFO recv 7 -> 4 # 0 at 1316597412, 0.832963 0.820144
2024-09-03 14:25:29,969 INFO sent 7 -> 4 # 0 at 1316381103, 0.832963 0.820144
2024-09-03 14:25:38,683 INFO CHECKSUM 7 5 0: 0.700753
2024-09-03 14:25:38,683 INFO CHECKSUM 7 5 0: 0.700753
2024-09-03 14:25:39,921 INFO recv 7 -> 5 # 0 at 1236046630, 0.176142 0.448011
2024-09-03 14:25:39,921 INFO sent 7 -> 5 # 0 at 1236063964, 0.176142 0.448011
2024-09-03 14:25:48,665 INFO CHECKSUM 7 6 0: 1.627659
2024-09-03 14:25:48,666 INFO CHECKSUM 7 6 0: 1.627659
2024-09-03 14:25:49,692 INFO recv 7 -> 6 # 0 at 1036908935, 0.573208 0.438023
2024-09-03 14:25:49,692 INFO sent 7 -> 6 # 0 at 1036927490, 0.573208 0.438023
2024-09-03 14:25:58,507 INFO CHECKSUM 7 8 0: 1.674204
2024-09-03 14:25:58,506 INFO CHECKSUM 7 8 0: 1.674204
2024-09-03 14:25:59,574 INFO recv 7 -> 8 # 0 at 1168078857, 0.207141 0.570968
2024-09-03 14:25:59,574 INFO sent 7 -> 8 # 0 at 1168051757, 0.207141 0.570968
2024-09-03 14:26:08,474 INFO CHECKSUM 7 9 0: 2.127868
2024-09-03 14:26:08,463 INFO CHECKSUM 7 9 0: 2.127868
2024-09-03 14:26:09,507 INFO recv 7 -> 9 # 0 at 1203996704, 0.694958 0.615075
2024-09-03 14:26:09,507 INFO sent 7 -> 9 # 0 at 1203919067, 0.694958 0.615075
2024-09-03 14:26:18,457 INFO CHECKSUM 7 10 0: 1.637063
2024-09-03 14:26:18,456 INFO CHECKSUM 7 10 0: 1.637063
2024-09-03 14:26:19,580 INFO recv 7 -> 10 # 0 at 1309037597, 0.512665 0.933885
2024-09-03 14:26:19,579 INFO sent 7 -> 10 # 0 at 1301424072, 0.512665 0.933885
2024-09-03 14:26:28,490 INFO CHECKSUM 7 11 0: 1.059408
2024-09-03 14:26:28,490 INFO CHECKSUM 7 11 0: 1.059408
2024-09-03 14:26:29,598 INFO recv 7 -> 11 # 0 at 1303680419, 0.355882 0.556257
2024-09-03 14:26:29,598 INFO sent 7 -> 11 # 0 at 1303687377, 0.355882 0.556257
2024-09-03 14:26:38,578 INFO CHECKSUM 7 12 0: 1.765474
2024-09-03 14:26:38,578 INFO CHECKSUM 7 12 0: 1.765474
2024-09-03 14:26:39,742 INFO sent 7 -> 12 # 0 at 1375501708, 0.247341 0.034887
2024-09-03 14:26:39,742 INFO recv 7 -> 12 # 0 at 1375483764, 0.247341 0.034887
2024-09-03 14:26:48,621 INFO CHECKSUM 7 13 0: 1.720972
2024-09-03 14:26:48,630 INFO CHECKSUM 7 13 0: 1.720972
2024-09-03 14:26:49,751 INFO sent 7 -> 13 # 0 at 1292515747, 0.756584 0.193847
2024-09-03 14:26:49,751 INFO recv 7 -> 13 # 0 at 1290090942, 0.756584 0.193847
2024-09-03 14:26:58,598 INFO CHECKSUM 7 14 0: 1.599110
2024-09-03 14:26:58,598 INFO CHECKSUM 7 14 0: 1.599110
2024-09-03 14:26:59,530 INFO recv 7 -> 14 # 0 at 1073694335, 0.379040 0.985880
2024-09-03 14:26:59,533 INFO sent 7 -> 14 # 0 at 1073749023, 0.379040 0.985880
2024-09-03 14:27:08,409 INFO CHECKSUM 7 15 0: 1.184132
2024-09-03 14:27:08,409 INFO CHECKSUM 7 15 0: 1.184132
2024-09-03 14:27:09,453 INFO Accepting from rank 8
2024-09-03 14:27:09,453 INFO Sending from rank 8
2024-09-03 14:27:09,453 INFO Accepting from rank 8
2024-09-03 14:27:09,453 INFO Accepting from rank 8
2024-09-03 14:27:09,453 INFO Accepting from rank 8
2024-09-03 14:27:09,453 INFO Accepting from rank 8
2024-09-03 14:27:09,453 INFO Accepting from rank 8
2024-09-03 14:27:09,453 INFO Accepting from rank 8
2024-09-03 14:27:09,453 INFO Accepting from rank 8
2024-09-03 14:27:09,454 INFO Accepting from rank 8
2024-09-03 14:27:09,454 INFO Accepting from rank 8
2024-09-03 14:27:09,454 INFO Accepting from rank 8
2024-09-03 14:27:09,453 INFO Accepting from rank 8
2024-09-03 14:27:09,454 INFO sent 7 -> 15 # 0 at 1203570556, 0.565536 0.225923
2024-09-03 14:27:09,454 INFO recv 7 -> 15 # 0 at 1202134277, 0.565536 0.225923
2024-09-03 14:27:09,454 INFO Accepting from rank 8
2024-09-03 14:27:09,454 INFO Accepting from rank 8
2024-09-03 14:27:09,483 INFO Accepting from rank 8
2024-09-03 14:27:18,780 INFO CHECKSUM 8 0 0: 1.114958
2024-09-03 14:27:18,773 INFO CHECKSUM 8 0 0: 1.114958
2024-09-03 14:27:19,976 INFO sent 8 -> 0 # 0 at 1236103515, 0.895975 0.279966
2024-09-03 14:27:19,976 INFO recv 8 -> 0 # 0 at 1236380737, 0.895975 0.279966
2024-09-03 14:27:29,302 INFO CHECKSUM 8 1 0: 1.937148
2024-09-03 14:27:29,303 INFO CHECKSUM 8 1 0: 1.937148
2024-09-03 14:27:30,390 INFO sent 8 -> 1 # 0 at 1109097045, 0.166743 0.117755
2024-09-03 14:27:30,390 INFO recv 8 -> 1 # 0 at 1108907104, 0.166743 0.117755
2024-09-03 14:27:39,756 INFO CHECKSUM 8 2 0: 1.846894
2024-09-03 14:27:39,757 INFO CHECKSUM 8 2 0: 1.846894
2024-09-03 14:27:41,002 INFO recv 8 -> 2 # 0 at 1325780395, 0.627046 0.715624
2024-09-03 14:27:41,002 INFO sent 8 -> 2 # 0 at 1328743408, 0.627046 0.715624
2024-09-03 14:27:50,312 INFO CHECKSUM 8 3 0: 1.041250
2024-09-03 14:27:50,313 INFO CHECKSUM 8 3 0: 1.041250
2024-09-03 14:27:51,613 INFO sent 8 -> 3 # 0 at 1322543701, 0.501148 0.059647
2024-09-03 14:27:51,613 INFO recv 8 -> 3 # 0 at 1314633544, 0.501148 0.059647
2024-09-03 14:28:00,938 INFO CHECKSUM 8 4 0: 2.147053
2024-09-03 14:28:00,938 INFO CHECKSUM 8 4 0: 2.147053
2024-09-03 14:28:01,964 INFO sent 8 -> 4 # 0 at 1039902343, 0.364217 0.973659
2024-09-03 14:28:01,964 INFO recv 8 -> 4 # 0 at 1039906494, 0.364217 0.973659
2024-09-03 14:28:11,257 INFO CHECKSUM 8 5 0: 1.795241
2024-09-03 14:28:11,267 INFO CHECKSUM 8 5 0: 1.795241
2024-09-03 14:28:12,303 INFO sent 8 -> 5 # 0 at 1059570922, 0.691966 0.403958
2024-09-03 14:28:12,303 INFO recv 8 -> 5 # 0 at 1059563720, 0.691966 0.403958
2024-09-03 14:28:21,625 INFO CHECKSUM 8 6 0: 0.604231
2024-09-03 14:28:21,625 INFO CHECKSUM 8 6 0: 0.604231
2024-09-03 14:28:22,687 INFO sent 8 -> 6 # 0 at 1082998657, 0.577274 0.865690
2024-09-03 14:28:22,687 INFO recv 8 -> 6 # 0 at 1082992187, 0.577274 0.865690
2024-09-03 14:28:31,990 INFO CHECKSUM 8 7 0: 1.873769
2024-09-03 14:28:31,990 INFO CHECKSUM 8 7 0: 1.873769
2024-09-03 14:28:33,163 INFO sent 8 -> 7 # 0 at 1197271484, 0.878093 0.840647
2024-09-03 14:28:33,163 INFO recv 8 -> 7 # 0 at 1196394653, 0.878093 0.840647
2024-09-03 14:28:42,689 INFO CHECKSUM 8 9 0: 0.618692
2024-09-03 14:28:42,690 INFO CHECKSUM 8 9 0: 0.618692
2024-09-03 14:28:43,713 INFO sent 8 -> 9 # 0 at 1250250610, 0.072670 0.495045
2024-09-03 14:28:43,713 INFO recv 8 -> 9 # 0 at 1244480224, 0.072670 0.495045
2024-09-03 14:28:53,233 INFO CHECKSUM 8 10 0: 1.266352
2024-09-03 14:28:53,234 INFO CHECKSUM 8 10 0: 1.266352
2024-09-03 14:28:54,160 INFO sent 8 -> 10 # 0 at 1143421508, 0.603531 0.427929
2024-09-03 14:28:54,161 INFO recv 8 -> 10 # 0 at 1143440795, 0.603531 0.427929
2024-09-03 14:29:03,731 INFO CHECKSUM 8 11 0: 1.599981
2024-09-03 14:29:03,732 INFO CHECKSUM 8 11 0: 1.599981
2024-09-03 14:29:04,928 INFO sent 8 -> 11 # 0 at 1394459960, 0.607226 0.406268
2024-09-03 14:29:04,928 INFO recv 8 -> 11 # 0 at 1388688720, 0.607226 0.406268
2024-09-03 14:29:14,447 INFO CHECKSUM 8 12 0: 1.920720
2024-09-03 14:29:14,446 INFO CHECKSUM 8 12 0: 1.920720
2024-09-03 14:29:15,499 INFO sent 8 -> 12 # 0 at 1237658447, 0.344896 0.393016
2024-09-03 14:29:15,499 INFO recv 8 -> 12 # 0 at 1241913940, 0.344896 0.393016
2024-09-03 14:29:24,989 INFO CHECKSUM 8 13 0: 2.118806
2024-09-03 14:29:24,990 INFO CHECKSUM 8 13 0: 2.118806
2024-09-03 14:29:25,995 INFO sent 8 -> 13 # 0 at 1169047607, 0.158147 0.178309
2024-09-03 14:29:25,995 INFO recv 8 -> 13 # 0 at 1167795898, 0.158147 0.178309
2024-09-03 14:29:35,449 INFO CHECKSUM 8 14 0: 1.599105
2024-09-03 14:29:35,452 INFO CHECKSUM 8 14 0: 1.599105
2024-09-03 14:29:36,655 INFO sent 8 -> 14 # 0 at 1362713623, 0.534233 0.378754
2024-09-03 14:29:36,655 INFO recv 8 -> 14 # 0 at 1361818359, 0.534233 0.378754
2024-09-03 14:29:46,169 INFO CHECKSUM 8 15 0: 0.816720
2024-09-03 14:29:46,172 INFO CHECKSUM 8 15 0: 0.816720
2024-09-03 14:29:47,336 INFO Accepting from rank 9
2024-09-03 14:29:47,336 INFO sent 8 -> 15 # 0 at 1346703247, 0.389251 0.759820
2024-09-03 14:29:47,336 INFO Accepting from rank 9
2024-09-03 14:29:47,336 INFO Accepting from rank 9
2024-09-03 14:29:47,336 INFO Accepting from rank 9
2024-09-03 14:29:47,336 INFO Accepting from rank 9
2024-09-03 14:29:47,336 INFO Accepting from rank 9
2024-09-03 14:29:47,336 INFO Sending from rank 9
2024-09-03 14:29:47,336 INFO Accepting from rank 9
2024-09-03 14:29:47,336 INFO Accepting from rank 9
2024-09-03 14:29:47,336 INFO Accepting from rank 9
2024-09-03 14:29:47,336 INFO Accepting from rank 9
2024-09-03 14:29:47,337 INFO Accepting from rank 9
2024-09-03 14:29:47,336 INFO recv 8 -> 15 # 0 at 1346689575, 0.389251 0.759820
2024-09-03 14:29:47,336 INFO Accepting from rank 9
2024-09-03 14:29:47,337 INFO Accepting from rank 9
2024-09-03 14:29:47,336 INFO Accepting from rank 9
2024-09-03 14:29:47,349 INFO Accepting from rank 9
2024-09-03 14:29:56,186 INFO CHECKSUM 9 0 0: 2.365438
2024-09-03 14:29:56,186 INFO CHECKSUM 9 0 0: 2.365438
2024-09-03 14:29:57,503 INFO sent 9 -> 0 # 0 at 1398375366, 0.406991 0.626642
2024-09-03 14:29:57,503 INFO recv 9 -> 0 # 0 at 1407546508, 0.406991 0.626642
2024-09-03 14:30:06,266 INFO CHECKSUM 9 1 0: 2.589805
2024-09-03 14:30:06,266 INFO CHECKSUM 9 1 0: 2.589805
2024-09-03 14:30:07,595 INFO sent 9 -> 1 # 0 at 1344245239, 0.234619 0.810781
2024-09-03 14:30:07,595 INFO recv 9 -> 1 # 0 at 1344271118, 0.234619 0.810781
2024-09-03 14:30:16,382 INFO CHECKSUM 9 2 0: 1.846656
2024-09-03 14:30:16,382 INFO CHECKSUM 9 2 0: 1.846656
2024-09-03 14:30:17,451 INFO sent 9 -> 2 # 0 at 1082211059, 0.478381 0.240929
2024-09-03 14:30:17,451 INFO recv 9 -> 2 # 0 at 1082191040, 0.478381 0.240929
2024-09-03 14:30:26,236 INFO CHECKSUM 9 3 0: 0.610264
2024-09-03 14:30:26,237 INFO CHECKSUM 9 3 0: 0.610264
2024-09-03 14:30:27,363 INFO sent 9 -> 3 # 0 at 1140232421, 0.131793 0.663333
2024-09-03 14:30:27,371 INFO recv 9 -> 3 # 0 at 1138731689, 0.131793 0.663333
2024-09-03 14:30:36,219 INFO CHECKSUM 9 4 0: 1.221238
2024-09-03 14:30:36,227 INFO CHECKSUM 9 4 0: 1.221238
2024-09-03 14:30:37,418 INFO sent 9 -> 4 # 0 at 1284502441, 0.753814 0.515345
2024-09-03 14:30:37,418 INFO recv 9 -> 4 # 0 at 1288692871, 0.753814 0.515345
2024-09-03 14:30:46,174 INFO CHECKSUM 9 5 0: 0.905600
2024-09-03 14:30:46,174 INFO CHECKSUM 9 5 0: 0.905600
2024-09-03 14:30:47,392 INFO sent 9 -> 5 # 0 at 1219457153, 0.751256 0.434135
2024-09-03 14:30:47,392 INFO recv 9 -> 5 # 0 at 1219460327, 0.751256 0.434135
2024-09-03 14:30:56,206 INFO CHECKSUM 9 6 0: 0.997518
2024-09-03 14:30:56,207 INFO CHECKSUM 9 6 0: 0.997518
2024-09-03 14:30:57,338 INFO sent 9 -> 6 # 0 at 1169182861, 0.465406 0.341199
2024-09-03 14:30:57,338 INFO recv 9 -> 6 # 0 at 1169345947, 0.465406 0.341199
2024-09-03 14:31:06,106 INFO CHECKSUM 9 7 0: 2.016660
2024-09-03 14:31:06,107 INFO CHECKSUM 9 7 0: 2.016660
2024-09-03 14:31:07,244 INFO sent 9 -> 7 # 0 at 1140670043, 0.271326 0.224966
2024-09-03 14:31:07,245 INFO recv 9 -> 7 # 0 at 1140625488, 0.271326 0.224966
2024-09-03 14:31:16,036 INFO CHECKSUM 9 8 0: 2.046067
2024-09-03 14:31:16,036 INFO CHECKSUM 9 8 0: 2.046067
2024-09-03 14:31:17,122 INFO recv 9 -> 8 # 0 at 1115594116, 0.033087 0.093221
2024-09-03 14:31:17,128 INFO sent 9 -> 8 # 0 at 1115610595, 0.033087 0.093221
2024-09-03 14:31:26,069 INFO CHECKSUM 9 10 0: 0.679804
2024-09-03 14:31:26,070 INFO CHECKSUM 9 10 0: 0.679804
2024-09-03 14:31:27,116 INFO sent 9 -> 10 # 0 at 1229045410, 0.793446 0.510419
2024-09-03 14:31:27,116 INFO recv 9 -> 10 # 0 at 1229047485, 0.793446 0.510419
2024-09-03 14:31:36,049 INFO CHECKSUM 9 11 0: 0.788221
2024-09-03 14:31:36,048 INFO CHECKSUM 9 11 0: 0.788221
2024-09-03 14:31:37,164 INFO sent 9 -> 11 # 0 at 1297068115, 0.019410 0.960947
2024-09-03 14:31:37,164 INFO recv 9 -> 11 # 0 at 1297038696, 0.019410 0.960947
2024-09-03 14:31:46,113 INFO CHECKSUM 9 12 0: 1.278771
2024-09-03 14:31:46,114 INFO CHECKSUM 9 12 0: 1.278771
2024-09-03 14:31:47,243 INFO sent 9 -> 12 # 0 at 1299611816, 0.083429 0.861849
2024-09-03 14:31:47,243 INFO recv 9 -> 12 # 0 at 1299640747, 0.083429 0.861849
2024-09-03 14:31:56,193 INFO CHECKSUM 9 13 0: 2.018319
2024-09-03 14:31:56,193 INFO CHECKSUM 9 13 0: 2.018319
2024-09-03 14:31:57,446 INFO sent 9 -> 13 # 0 at 1440448852, 0.194816 0.918073
2024-09-03 14:31:57,446 INFO recv 9 -> 13 # 0 at 1440425048, 0.194816 0.918073
2024-09-03 14:32:06,366 INFO CHECKSUM 9 14 0: 2.157305
2024-09-03 14:32:06,366 INFO CHECKSUM 9 14 0: 2.157305
2024-09-03 14:32:07,530 INFO sent 9 -> 14 # 0 at 1326967895, 0.335045 0.846494
2024-09-03 14:32:07,530 INFO recv 9 -> 14 # 0 at 1326973876, 0.335045 0.846494
2024-09-03 14:32:16,462 INFO CHECKSUM 9 15 0: 1.045918
2024-09-03 14:32:16,462 INFO CHECKSUM 9 15 0: 1.045918
2024-09-03 14:32:17,644 INFO Accepting from rank 10
2024-09-03 14:32:17,644 INFO Accepting from rank 10
2024-09-03 14:32:17,644 INFO Accepting from rank 10
2024-09-03 14:32:17,644 INFO Accepting from rank 10
2024-09-03 14:32:17,644 INFO Accepting from rank 10
2024-09-03 14:32:17,650 INFO Sending from rank 10
2024-09-03 14:32:17,644 INFO Accepting from rank 10
2024-09-03 14:32:17,650 INFO Accepting from rank 10
2024-09-03 14:32:17,644 INFO Accepting from rank 10
2024-09-03 14:32:17,660 INFO sent 9 -> 15 # 0 at 1355922729, 0.698880 0.625641
2024-09-03 14:32:17,644 INFO Accepting from rank 10
2024-09-03 14:32:17,650 INFO Accepting from rank 10
2024-09-03 14:32:17,644 INFO Accepting from rank 10
2024-09-03 14:32:17,660 INFO Accepting from rank 10
2024-09-03 14:32:17,644 INFO Accepting from rank 10
2024-09-03 14:32:17,650 INFO recv 9 -> 15 # 0 at 1355892578, 0.698880 0.625641
2024-09-03 14:32:17,677 INFO Accepting from rank 10
2024-09-03 14:32:17,650 INFO Accepting from rank 10
2024-09-03 14:32:26,399 INFO CHECKSUM 10 0 0: 1.613676
2024-09-03 14:32:26,400 INFO CHECKSUM 10 0 0: 1.613676
2024-09-03 14:32:27,501 INFO sent 10 -> 0 # 0 at 1117047363, 0.648792 0.931322
2024-09-03 14:32:27,501 INFO recv 10 -> 0 # 0 at 1117104003, 0.648792 0.931322
2024-09-03 14:32:36,344 INFO CHECKSUM 10 1 0: 1.958798
2024-09-03 14:32:36,345 INFO CHECKSUM 10 1 0: 1.958798
2024-09-03 14:32:37,426 INFO sent 10 -> 1 # 0 at 1168490112, 0.855370 0.216459
2024-09-03 14:32:37,434 INFO recv 10 -> 1 # 0 at 1168516479, 0.855370 0.216459
2024-09-03 14:32:46,189 INFO CHECKSUM 10 2 0: 2.208257
2024-09-03 14:32:46,190 INFO CHECKSUM 10 2 0: 2.208257
2024-09-03 14:32:47,181 INFO sent 10 -> 2 # 0 at 1006819152, 0.493576 0.365316
2024-09-03 14:32:47,181 INFO recv 10 -> 2 # 0 at 1006794494, 0.493576 0.365316
2024-09-03 14:32:55,977 INFO CHECKSUM 10 3 0: 2.152933
2024-09-03 14:32:55,978 INFO CHECKSUM 10 3 0: 2.152933
2024-09-03 14:32:56,954 INFO sent 10 -> 3 # 0 at 984896301, 0.306440 0.074612
2024-09-03 14:32:56,962 INFO recv 10 -> 3 # 0 at 984870117, 0.306440 0.074612
2024-09-03 14:33:05,722 INFO CHECKSUM 10 4 0: 1.712515
2024-09-03 14:33:06,804 INFO sent 10 -> 4 # 0 at 1096883422, 0.840593 0.632792
2024-09-03 14:33:05,723 INFO CHECKSUM 10 4 0: 1.712515
2024-09-03 14:33:06,804 INFO recv 10 -> 4 # 0 at 1096874633, 0.840593 0.632792
2024-09-03 14:33:15,655 INFO CHECKSUM 10 5 0: 2.049681
2024-09-03 14:33:15,656 INFO CHECKSUM 10 5 0: 2.049681
2024-09-03 14:33:16,637 INFO sent 10 -> 5 # 0 at 1060890380, 0.449657 0.462365
2024-09-03 14:33:16,637 INFO recv 10 -> 5 # 0 at 1060898071, 0.449657 0.462365
2024-09-03 14:33:25,441 INFO CHECKSUM 10 6 0: 1.378829
2024-09-03 14:33:25,442 INFO CHECKSUM 10 6 0: 1.378829
2024-09-03 14:33:26,555 INFO sent 10 -> 6 # 0 at 1128737060, 0.419204 0.634223
2024-09-03 14:33:26,555 INFO recv 10 -> 6 # 0 at 1128762207, 0.419204 0.634223
2024-09-03 14:33:35,402 INFO CHECKSUM 10 7 0: 1.482423
2024-09-03 14:33:35,402 INFO CHECKSUM 10 7 0: 1.482423
2024-09-03 14:33:36,541 INFO sent 10 -> 7 # 0 at 1220879150, 0.522167 0.519976
2024-09-03 14:33:36,541 INFO recv 10 -> 7 # 0 at 1210367919, 0.522167 0.519976
2024-09-03 14:33:45,321 INFO CHECKSUM 10 8 0: 1.444138
2024-09-03 14:33:45,321 INFO CHECKSUM 10 8 0: 1.444138
2024-09-03 14:33:46,387 INFO recv 10 -> 8 # 0 at 1080141235, 0.873648 0.661105
2024-09-03 14:33:46,387 INFO sent 10 -> 8 # 0 at 1080141845, 0.873648 0.661105
2024-09-03 14:33:55,238 INFO CHECKSUM 10 9 0: 2.107549
2024-09-03 14:33:55,238 INFO CHECKSUM 10 9 0: 2.107549
2024-09-03 14:33:56,365 INFO recv 10 -> 9 # 0 at 1217760620, 0.862782 0.720820
2024-09-03 14:33:56,365 INFO sent 10 -> 9 # 0 at 1217704833, 0.862782 0.720820
2024-09-03 14:34:05,293 INFO CHECKSUM 10 11 0: 1.130081
2024-09-03 14:34:05,294 INFO CHECKSUM 10 11 0: 1.130081
2024-09-03 14:34:06,419 INFO sent 10 -> 11 # 0 at 1307344482, 0.106168 0.689805
2024-09-03 14:34:06,419 INFO recv 10 -> 11 # 0 at 1307378051, 0.106168 0.689805
2024-09-03 14:34:15,329 INFO CHECKSUM 10 12 0: 1.171234
2024-09-03 14:34:15,329 INFO CHECKSUM 10 12 0: 1.171234
2024-09-03 14:34:16,408 INFO sent 10 -> 12 # 0 at 1258636108, 0.710070 0.656079
2024-09-03 14:34:16,408 INFO recv 10 -> 12 # 0 at 1258679443, 0.710070 0.656079
2024-09-03 14:34:25,321 INFO CHECKSUM 10 13 0: 1.928923
2024-09-03 14:34:25,321 INFO CHECKSUM 10 13 0: 1.928923
2024-09-03 14:34:26,345 INFO sent 10 -> 13 # 0 at 1173544433, 0.395598 0.266738
2024-09-03 14:34:26,347 INFO recv 10 -> 13 # 0 at 1173553222, 0.395598 0.266738
2024-09-03 14:34:35,265 INFO CHECKSUM 10 14 0: 1.793024
2024-09-03 14:34:35,275 INFO CHECKSUM 10 14 0: 1.793024
2024-09-03 14:34:36,399 INFO sent 10 -> 14 # 0 at 1284201904, 0.734895 0.012924
2024-09-03 14:34:36,399 INFO recv 10 -> 14 # 0 at 1284181396, 0.734895 0.012924
2024-09-03 14:34:45,302 INFO CHECKSUM 10 15 0: 1.135045
2024-09-03 14:34:45,302 INFO CHECKSUM 10 15 0: 1.135045
2024-09-03 14:34:46,397 INFO Accepting from rank 11
2024-09-03 14:34:46,397 INFO Accepting from rank 11
2024-09-03 14:34:46,397 INFO Accepting from rank 11
2024-09-03 14:34:46,397 INFO Accepting from rank 11
2024-09-03 14:34:46,397 INFO Accepting from rank 11
2024-09-03 14:34:46,397 INFO Accepting from rank 11
2024-09-03 14:34:46,397 INFO Accepting from rank 11
2024-09-03 14:34:46,397 INFO Accepting from rank 11
2024-09-03 14:34:46,397 INFO sent 10 -> 15 # 0 at 1268429199, 0.044511 0.582675
2024-09-03 14:34:46,397 INFO Accepting from rank 11
2024-09-03 14:34:46,397 INFO Accepting from rank 11
2024-09-03 14:34:46,397 INFO Accepting from rank 11
2024-09-03 14:34:46,397 INFO Sending from rank 11
2024-09-03 14:34:46,397 INFO Accepting from rank 11
2024-09-03 14:34:46,397 INFO recv 10 -> 15 # 0 at 1266204101, 0.044511 0.582675
2024-09-03 14:34:46,397 INFO Accepting from rank 11
2024-09-03 14:34:46,397 INFO Accepting from rank 11
2024-09-03 14:34:46,420 INFO Accepting from rank 11
2024-09-03 14:34:55,175 INFO CHECKSUM 11 0 0: 1.196862
2024-09-03 14:34:55,175 INFO CHECKSUM 11 0 0: 1.196862
2024-09-03 14:34:56,328 INFO recv 11 -> 0 # 0 at 1158259643, 0.299892 0.893414
2024-09-03 14:34:56,328 INFO sent 11 -> 0 # 0 at 1158248535, 0.299892 0.893414
2024-09-03 14:35:05,095 INFO CHECKSUM 11 1 0: 1.634594
2024-09-03 14:35:05,095 INFO CHECKSUM 11 1 0: 1.634594
2024-09-03 14:35:06,202 INFO sent 11 -> 1 # 0 at 1121199462, 0.565372 0.907368
2024-09-03 14:35:06,202 INFO recv 11 -> 1 # 0 at 1123138549, 0.565372 0.907368
2024-09-03 14:35:15,028 INFO CHECKSUM 11 2 0: 1.033558
2024-09-03 14:35:15,028 INFO CHECKSUM 11 2 0: 1.033558
2024-09-03 14:35:16,350 INFO sent 11 -> 2 # 0 at 1407461181, 0.694306 0.447598
2024-09-03 14:35:16,350 INFO recv 11 -> 2 # 0 at 1409554199, 0.694306 0.447598
2024-09-03 14:35:25,107 INFO CHECKSUM 11 3 0: 1.406628
2024-09-03 14:35:25,106 INFO CHECKSUM 11 3 0: 1.406628
2024-09-03 14:35:26,317 INFO sent 11 -> 3 # 0 at 1206381835, 0.253867 0.252243
2024-09-03 14:35:26,318 INFO recv 11 -> 3 # 0 at 1212613647, 0.253867 0.252243
2024-09-03 14:35:35,052 INFO CHECKSUM 11 4 0: 0.859280
2024-09-03 14:35:35,053 INFO CHECKSUM 11 4 0: 0.859280
2024-09-03 14:35:36,177 INFO sent 11 -> 4 # 0 at 1139708251, 0.009799 0.055781
2024-09-03 14:35:36,177 INFO recv 11 -> 4 # 0 at 1139729125, 0.009799 0.055781
2024-09-03 14:35:45,134 INFO CHECKSUM 11 5 0: 1.413531
2024-09-03 14:35:45,134 INFO CHECKSUM 11 5 0: 1.413531
2024-09-03 14:35:46,282 INFO sent 11 -> 5 # 0 at 1155078613, 0.983798 0.615429
2024-09-03 14:35:46,283 INFO recv 11 -> 5 # 0 at 1155065917, 0.983798 0.615429
2024-09-03 14:35:55,122 INFO CHECKSUM 11 6 0: 1.228676
2024-09-03 14:35:55,122 INFO CHECKSUM 11 6 0: 1.228676
2024-09-03 14:35:56,236 INFO sent 11 -> 6 # 0 at 1181585815, 0.762513 0.679177
2024-09-03 14:35:56,236 INFO recv 11 -> 6 # 0 at 1184275878, 0.762513 0.679177
2024-09-03 14:36:05,008 INFO CHECKSUM 11 7 0: 1.967944
2024-09-03 14:36:05,008 INFO CHECKSUM 11 7 0: 1.967944
2024-09-03 14:36:06,144 INFO sent 11 -> 7 # 0 at 1141677734, 0.335844 0.297561
2024-09-03 14:36:06,144 INFO recv 11 -> 7 # 0 at 1142105712, 0.335844 0.297561
2024-09-03 14:36:14,856 INFO CHECKSUM 11 8 0: 1.986271
2024-09-03 14:36:14,856 INFO CHECKSUM 11 8 0: 1.986271
2024-09-03 14:36:16,016 INFO recv 11 -> 8 # 0 at 1177564086, 0.665428 0.552484
2024-09-03 14:36:16,016 INFO sent 11 -> 8 # 0 at 1170026000, 0.665428 0.552484
2024-09-03 14:36:24,806 INFO CHECKSUM 11 9 0: 0.737522
2024-09-03 14:36:24,807 INFO CHECKSUM 11 9 0: 0.737522
2024-09-03 14:36:25,839 INFO recv 11 -> 9 # 0 at 1038856811, 0.659756 0.142091
2024-09-03 14:36:25,839 INFO sent 11 -> 9 # 0 at 1033421020, 0.659756 0.142091
2024-09-03 14:36:34,582 INFO CHECKSUM 11 10 0: 0.860036
2024-09-03 14:36:34,583 INFO CHECKSUM 11 10 0: 0.860036
2024-09-03 14:36:35,675 INFO recv 11 -> 10 # 0 at 1106549804, 0.826628 0.656020
2024-09-03 14:36:35,675 INFO sent 11 -> 10 # 0 at 1106572265, 0.826628 0.656020
2024-09-03 14:36:44,646 INFO CHECKSUM 11 12 0: 2.240460
2024-09-03 14:36:44,646 INFO CHECKSUM 11 12 0: 2.240460
2024-09-03 14:36:45,691 INFO sent 11 -> 12 # 0 at 1296263061, 0.770743 0.242255
2024-09-03 14:36:45,691 INFO recv 11 -> 12 # 0 at 1296252807, 0.770743 0.242255
2024-09-03 14:36:54,690 INFO CHECKSUM 11 13 0: 1.069729
2024-09-03 14:36:54,690 INFO CHECKSUM 11 13 0: 1.069729
2024-09-03 14:36:55,724 INFO recv 11 -> 13 # 0 at 1259494750, 0.729598 0.722358
2024-09-03 14:36:55,728 INFO sent 11 -> 13 # 0 at 1268782104, 0.729598 0.722358
2024-09-03 14:37:04,673 INFO CHECKSUM 11 14 0: 1.675423
2024-09-03 14:37:04,673 INFO CHECKSUM 11 14 0: 1.675423
2024-09-03 14:37:05,768 INFO recv 11 -> 14 # 0 at 1277351318, 0.818415 0.573027
2024-09-03 14:37:05,768 INFO sent 11 -> 14 # 0 at 1277343627, 0.818415 0.573027
2024-09-03 14:37:14,709 INFO CHECKSUM 11 15 0: 1.524861
2024-09-03 14:37:14,709 INFO CHECKSUM 11 15 0: 1.524861
2024-09-03 14:37:15,848 INFO Accepting from rank 12
2024-09-03 14:37:15,854 INFO Accepting from rank 12
2024-09-03 14:37:15,854 INFO Accepting from rank 12
2024-09-03 14:37:15,854 INFO Accepting from rank 12
2024-09-03 14:37:15,854 INFO Sending from rank 12
2024-09-03 14:37:15,854 INFO Accepting from rank 12
2024-09-03 14:37:15,854 INFO Accepting from rank 12
2024-09-03 14:37:15,854 INFO Accepting from rank 12
2024-09-03 14:37:15,854 INFO Accepting from rank 12
2024-09-03 14:37:15,854 INFO Accepting from rank 12
2024-09-03 14:37:15,854 INFO Accepting from rank 12
2024-09-03 14:37:15,854 INFO Accepting from rank 12
2024-09-03 14:37:15,854 INFO Accepting from rank 12
2024-09-03 14:37:15,854 INFO sent 11 -> 15 # 0 at 1338338867, 0.331541 0.251751
2024-09-03 14:37:15,854 INFO Accepting from rank 12
2024-09-03 14:37:15,854 INFO recv 11 -> 15 # 0 at 1334308349, 0.331541 0.251751
2024-09-03 14:37:15,854 INFO Accepting from rank 12
2024-09-03 14:37:15,877 INFO Accepting from rank 12
2024-09-03 14:37:24,633 INFO CHECKSUM 12 0 0: 1.480640
2024-09-03 14:37:24,633 INFO CHECKSUM 12 0 0: 1.480640
2024-09-03 14:37:25,747 INFO sent 12 -> 0 # 0 at 1129076782, 0.830175 0.792857
2024-09-03 14:37:25,747 INFO recv 12 -> 0 # 0 at 1129121215, 0.830175 0.792857
2024-09-03 14:37:34,601 INFO CHECKSUM 12 1 0: 1.173584
2024-09-03 14:37:34,602 INFO CHECKSUM 12 1 0: 1.173584
2024-09-03 14:37:35,690 INFO recv 12 -> 1 # 0 at 1091655883, 0.390174 0.624653
2024-09-03 14:37:35,690 INFO sent 12 -> 1 # 0 at 1091691406, 0.390174 0.624653
2024-09-03 14:37:44,489 INFO CHECKSUM 12 2 0: 1.893473
2024-09-03 14:37:44,489 INFO CHECKSUM 12 2 0: 1.893473
2024-09-03 14:37:45,563 INFO sent 12 -> 2 # 0 at 1088876953, 0.654839 0.767190
2024-09-03 14:37:45,563 INFO recv 12 -> 2 # 0 at 1088873413, 0.654839 0.767190
2024-09-03 14:37:54,408 INFO CHECKSUM 12 3 0: 1.285144
2024-09-03 14:37:54,409 INFO CHECKSUM 12 3 0: 1.285144
2024-09-03 14:37:55,574 INFO sent 12 -> 3 # 0 at 1248276611, 0.304791 0.445979
2024-09-03 14:37:55,578 INFO recv 12 -> 3 # 0 at 1240980957, 0.304791 0.445979
2024-09-03 14:38:04,403 INFO CHECKSUM 12 4 0: 1.480461
2024-09-03 14:38:04,402 INFO CHECKSUM 12 4 0: 1.480461
2024-09-03 14:38:05,611 INFO recv 12 -> 4 # 0 at 1239156372, 0.273937 0.602879
2024-09-03 14:38:05,611 INFO sent 12 -> 4 # 0 at 1239129272, 0.273937 0.602879
2024-09-03 14:38:14,409 INFO CHECKSUM 12 5 0: 2.007176
2024-09-03 14:38:14,410 INFO CHECKSUM 12 5 0: 2.007176
2024-09-03 14:38:15,470 INFO recv 12 -> 5 # 0 at 1075939575, 0.029499 0.162115
2024-09-03 14:38:15,470 INFO sent 12 -> 5 # 0 at 1075987426, 0.029499 0.162115
2024-09-03 14:38:24,276 INFO CHECKSUM 12 6 0: 1.508716
2024-09-03 14:38:24,284 INFO CHECKSUM 12 6 0: 1.508716
2024-09-03 14:38:25,496 INFO sent 12 -> 6 # 0 at 1224461303, 0.685689 0.342116
2024-09-03 14:38:25,497 INFO recv 12 -> 6 # 0 at 1224441650, 0.685689 0.342116
2024-09-03 14:38:34,284 INFO CHECKSUM 12 7 0: 0.679810
2024-09-03 14:38:34,284 INFO CHECKSUM 12 7 0: 0.679810
2024-09-03 14:38:35,308 INFO recv 12 -> 7 # 0 at 1040574462, 0.850432 0.627876
2024-09-03 14:38:35,308 INFO sent 12 -> 7 # 0 at 1040581909, 0.850432 0.627876
2024-09-03 14:38:44,125 INFO CHECKSUM 12 8 0: 1.542798
2024-09-03 14:38:44,127 INFO CHECKSUM 12 8 0: 1.542798
2024-09-03 14:38:45,059 INFO recv 12 -> 8 # 0 at 947695007, 0.111820 0.220912
2024-09-03 14:38:45,059 INFO sent 12 -> 8 # 0 at 947668762, 0.111820 0.220912
2024-09-03 14:38:53,850 INFO CHECKSUM 12 9 0: 1.893998
2024-09-03 14:38:53,860 INFO CHECKSUM 12 9 0: 1.893998
2024-09-03 14:38:55,151 INFO sent 12 -> 9 # 0 at 1313625122, 0.455482 0.456088
2024-09-03 14:38:55,151 INFO recv 12 -> 9 # 0 at 1313634887, 0.455482 0.456088
2024-09-03 14:39:03,938 INFO CHECKSUM 12 10 0: 2.207275
2024-09-03 14:39:03,939 INFO CHECKSUM 12 10 0: 2.207275
2024-09-03 14:39:04,906 INFO recv 12 -> 10 # 0 at 972886535, 0.206603 0.077226
2024-09-03 14:39:04,906 INFO sent 12 -> 10 # 0 at 972936279, 0.206603 0.077226
2024-09-03 14:39:13,674 INFO CHECKSUM 12 11 0: 1.825316
2024-09-03 14:39:13,673 INFO CHECKSUM 12 11 0: 1.825316
2024-09-03 14:39:14,857 INFO recv 12 -> 11 # 0 at 1192789672, 0.688909 0.375159
2024-09-03 14:39:14,857 INFO sent 12 -> 11 # 0 at 1192782348, 0.688909 0.375159
2024-09-03 14:39:23,863 INFO CHECKSUM 12 13 0: 1.223493
2024-09-03 14:39:23,863 INFO CHECKSUM 12 13 0: 1.223493
2024-09-03 14:39:24,782 INFO sent 12 -> 13 # 0 at 1097179321, 0.762631 0.500661
2024-09-03 14:39:24,782 INFO recv 12 -> 13 # 0 at 1097173828, 0.762631 0.500661
2024-09-03 14:39:33,735 INFO CHECKSUM 12 14 0: 1.369843
2024-09-03 14:39:33,735 INFO CHECKSUM 12 14 0: 1.369843
2024-09-03 14:39:34,883 INFO sent 12 -> 14 # 0 at 1335986938, 0.764398 0.398362
2024-09-03 14:39:34,883 INFO recv 12 -> 14 # 0 at 1336023803, 0.764398 0.398362
2024-09-03 14:39:43,797 INFO CHECKSUM 12 15 0: 2.411507
2024-09-03 14:39:44,955 INFO Accepting from rank 13
2024-09-03 14:39:44,955 INFO Accepting from rank 13
2024-09-03 14:39:43,798 INFO CHECKSUM 12 15 0: 2.411507
2024-09-03 14:39:44,955 INFO Accepting from rank 13
2024-09-03 14:39:44,955 INFO Accepting from rank 13
2024-09-03 14:39:44,955 INFO Accepting from rank 13
2024-09-03 14:39:44,955 INFO sent 12 -> 15 # 0 at 1346651611, 0.016477 0.914584
2024-09-03 14:39:44,955 INFO Accepting from rank 13
2024-09-03 14:39:44,955 INFO Accepting from rank 13
2024-09-03 14:39:44,955 INFO Accepting from rank 13
2024-09-03 14:39:44,955 INFO Sending from rank 13
2024-09-03 14:39:44,955 INFO Accepting from rank 13
2024-09-03 14:39:44,955 INFO Accepting from rank 13
2024-09-03 14:39:44,955 INFO Accepting from rank 13
2024-09-03 14:39:44,955 INFO recv 12 -> 15 # 0 at 1346658935, 0.016477 0.914584
2024-09-03 14:39:44,955 INFO Accepting from rank 13
2024-09-03 14:39:44,962 INFO Accepting from rank 13
2024-09-03 14:39:44,962 INFO Accepting from rank 13
2024-09-03 14:39:44,981 INFO Accepting from rank 13
2024-09-03 14:39:53,808 INFO CHECKSUM 13 0 0: 1.142931
2024-09-03 14:39:53,809 INFO CHECKSUM 13 0 0: 1.142931
2024-09-03 14:39:55,112 INFO recv 13 -> 0 # 0 at 1376220947, 0.876315 0.961613
2024-09-03 14:39:55,118 INFO sent 13 -> 0 # 0 at 1375941528, 0.876315 0.961613
2024-09-03 14:40:03,909 INFO CHECKSUM 13 1 0: 1.773467
2024-09-03 14:40:03,909 INFO CHECKSUM 13 1 0: 1.773467
2024-09-03 14:40:05,086 INFO recv 13 -> 1 # 0 at 1191700805, 0.704683 0.345850
2024-09-03 14:40:05,086 INFO sent 13 -> 1 # 0 at 1177812988, 0.704683 0.345850
2024-09-03 14:40:13,818 INFO CHECKSUM 13 2 0: 1.313740
2024-09-03 14:40:13,819 INFO CHECKSUM 13 2 0: 1.313740
2024-09-03 14:40:15,034 INFO recv 13 -> 2 # 0 at 1221870605, 0.125163 0.889181
2024-09-03 14:40:15,038 INFO sent 13 -> 2 # 0 at 1221681884, 0.125163 0.889181
2024-09-03 14:40:23,785 INFO CHECKSUM 13 3 0: 2.043476
2024-09-03 14:40:23,786 INFO CHECKSUM 13 3 0: 2.043476
2024-09-03 14:40:24,890 INFO sent 13 -> 3 # 0 at 1114159912, 0.441014 0.092220
2024-09-03 14:40:24,890 INFO recv 13 -> 3 # 0 at 1111332641, 0.441014 0.092220
2024-09-03 14:40:33,596 INFO CHECKSUM 13 4 0: 1.861408
2024-09-03 14:40:33,595 INFO CHECKSUM 13 4 0: 1.861408
2024-09-03 14:40:34,878 INFO recv 13 -> 4 # 0 at 1287265625, 0.683417 0.408722
2024-09-03 14:40:34,883 INFO sent 13 -> 4 # 0 at 1287257812, 0.683417 0.408722
2024-09-03 14:40:43,610 INFO CHECKSUM 13 5 0: 2.201387
2024-09-03 14:40:43,611 INFO CHECKSUM 13 5 0: 2.201387
2024-09-03 14:40:44,689 INFO recv 13 -> 5 # 0 at 1081809936, 0.418868 0.363189
2024-09-03 14:40:44,696 INFO sent 13 -> 5 # 0 at 1081806884, 0.418868 0.363189
2024-09-03 14:40:53,424 INFO CHECKSUM 13 6 0: 2.193397
2024-09-03 14:40:53,424 INFO CHECKSUM 13 6 0: 2.193397
2024-09-03 14:40:54,476 INFO recv 13 -> 6 # 0 at 1072834106, 0.115500 0.483041
2024-09-03 14:40:54,476 INFO sent 13 -> 6 # 0 at 1072832031, 0.115500 0.483041
2024-09-03 14:41:03,224 INFO CHECKSUM 13 7 0: 1.224288
2024-09-03 14:41:03,224 INFO CHECKSUM 13 7 0: 1.224288
2024-09-03 14:41:04,276 INFO sent 13 -> 7 # 0 at 1067177368, 0.115686 0.475882
2024-09-03 14:41:04,278 INFO recv 13 -> 7 # 0 at 1067191406, 0.115686 0.475882
2024-09-03 14:41:13,018 INFO CHECKSUM 13 8 0: 2.172180
2024-09-03 14:41:13,018 INFO CHECKSUM 13 8 0: 2.172180
2024-09-03 14:41:14,154 INFO recv 13 -> 8 # 0 at 1150161132, 0.533194 0.807292
2024-09-03 14:41:14,154 INFO sent 13 -> 8 # 0 at 1150120239, 0.533194 0.807292
2024-09-03 14:41:22,888 INFO CHECKSUM 13 9 0: 1.828267
2024-09-03 14:41:22,888 INFO CHECKSUM 13 9 0: 1.828267
2024-09-03 14:41:24,122 INFO recv 13 -> 9 # 0 at 1246629150, 0.954529 0.733540
2024-09-03 14:41:24,122 INFO sent 13 -> 9 # 0 at 1246653930, 0.954529 0.733540
2024-09-03 14:41:32,913 INFO CHECKSUM 13 10 0: 1.948924
2024-09-03 14:41:32,913 INFO CHECKSUM 13 10 0: 1.948924
2024-09-03 14:41:34,091 INFO recv 13 -> 10 # 0 at 1197952270, 0.849391 0.505204
2024-09-03 14:41:34,091 INFO sent 13 -> 10 # 0 at 1197984008, 0.849391 0.505204
2024-09-03 14:41:42,921 INFO CHECKSUM 13 11 0: 1.439922
2024-09-03 14:41:42,922 INFO CHECKSUM 13 11 0: 1.439922
2024-09-03 14:41:43,930 INFO recv 13 -> 11 # 0 at 1102750976, 0.423855 0.378333
2024-09-03 14:41:43,930 INFO sent 13 -> 11 # 0 at 1112569946, 0.423855 0.378333
2024-09-03 14:41:52,681 INFO CHECKSUM 13 12 0: 0.603208
2024-09-03 14:41:52,681 INFO CHECKSUM 13 12 0: 0.603208
2024-09-03 14:41:53,804 INFO recv 13 -> 12 # 0 at 1121865234, 0.436263 0.736075
2024-09-03 14:41:53,804 INFO sent 13 -> 12 # 0 at 1121837036, 0.436263 0.736075
2024-09-03 14:42:02,771 INFO CHECKSUM 13 14 0: 0.782414
2024-09-03 14:42:02,771 INFO CHECKSUM 13 14 0: 0.782414
2024-09-03 14:42:04,014 INFO sent 13 -> 14 # 0 at 1441228881, 0.779972 0.136664
2024-09-03 14:42:04,014 INFO recv 13 -> 14 # 0 at 1441204223, 0.779972 0.136664
2024-09-03 14:42:12,949 INFO CHECKSUM 13 15 0: 2.127078
2024-09-03 14:42:12,949 INFO CHECKSUM 13 15 0: 2.127078
2024-09-03 14:42:14,169 INFO Accepting from rank 14
2024-09-03 14:42:14,169 INFO Accepting from rank 14
2024-09-03 14:42:14,169 INFO Accepting from rank 14
2024-09-03 14:42:14,169 INFO Accepting from rank 14
2024-09-03 14:42:14,169 INFO Accepting from rank 14
2024-09-03 14:42:14,169 INFO Accepting from rank 14
2024-09-03 14:42:14,169 INFO Accepting from rank 14
2024-09-03 14:42:14,169 INFO Accepting from rank 14
2024-09-03 14:42:14,169 INFO Sending from rank 14
2024-09-03 14:42:14,169 INFO Accepting from rank 14
2024-09-03 14:42:14,170 INFO Accepting from rank 14
2024-09-03 14:42:14,170 INFO Accepting from rank 14
2024-09-03 14:42:14,170 INFO Accepting from rank 14
2024-09-03 14:42:14,170 INFO Accepting from rank 14
2024-09-03 14:42:14,176 INFO sent 13 -> 15 # 0 at 1404632324, 0.344254 0.325138
2024-09-03 14:42:14,176 INFO recv 13 -> 15 # 0 at 1404614135, 0.344254 0.325138
2024-09-03 14:42:14,176 INFO Accepting from rank 14
2024-09-03 14:42:14,193 INFO Accepting from rank 14
2024-09-03 14:42:22,950 INFO CHECKSUM 14 0 0: 1.258443
2024-09-03 14:42:22,950 INFO CHECKSUM 14 0 0: 1.258443
2024-09-03 14:42:23,998 INFO sent 14 -> 0 # 0 at 1070584350, 0.461597 0.051666
2024-09-03 14:42:23,998 INFO recv 14 -> 0 # 0 at 1073406250, 0.461597 0.051666
2024-09-03 14:42:32,792 INFO CHECKSUM 14 1 0: 0.813382
2024-09-03 14:42:32,793 INFO CHECKSUM 14 1 0: 0.813382
2024-09-03 14:42:34,157 INFO sent 14 -> 1 # 0 at 1394213623, 0.888464 0.108734
2024-09-03 14:42:34,157 INFO recv 14 -> 1 # 0 at 1394171020, 0.888464 0.108734
2024-09-03 14:42:42,945 INFO CHECKSUM 14 2 0: 1.645743
2024-09-03 14:42:42,946 INFO CHECKSUM 14 2 0: 1.645743
2024-09-03 14:42:44,026 INFO sent 14 -> 2 # 0 at 1088530395, 0.318281 0.767727
2024-09-03 14:42:44,026 INFO recv 14 -> 2 # 0 at 1096034301, 0.318281 0.767727
2024-09-03 14:42:52,844 INFO CHECKSUM 14 3 0: 2.131631
2024-09-03 14:42:52,844 INFO CHECKSUM 14 3 0: 2.131631
2024-09-03 14:42:53,978 INFO recv 14 -> 3 # 0 at 1165250732, 0.168881 0.208299
2024-09-03 14:42:53,978 INFO sent 14 -> 3 # 0 at 1174283325, 0.168881 0.208299
2024-09-03 14:43:02,761 INFO CHECKSUM 14 4 0: 0.830417
2024-09-03 14:43:02,761 INFO CHECKSUM 14 4 0: 0.830417
2024-09-03 14:43:04,090 INFO recv 14 -> 4 # 0 at 1330659545, 0.674107 0.507267
2024-09-03 14:43:04,096 INFO sent 14 -> 4 # 0 at 1330630737, 0.674107 0.507267
2024-09-03 14:43:12,826 INFO CHECKSUM 14 5 0: 1.224010
2024-09-03 14:43:12,825 INFO CHECKSUM 14 5 0: 1.224010
2024-09-03 14:43:13,931 INFO sent 14 -> 5 # 0 at 1106157592, 0.515033 0.397285
2024-09-03 14:43:13,937 INFO recv 14 -> 5 # 0 at 1106116821, 0.515033 0.397285
2024-09-03 14:43:22,689 INFO CHECKSUM 14 6 0: 1.335010
2024-09-03 14:43:22,689 INFO CHECKSUM 14 6 0: 1.335010
2024-09-03 14:43:23,806 INFO sent 14 -> 6 # 0 at 1139815185, 0.883506 0.556128
2024-09-03 14:43:23,806 INFO recv 14 -> 6 # 0 at 1135971923, 0.883506 0.556128
2024-09-03 14:43:32,578 INFO CHECKSUM 14 7 0: 1.073963
2024-09-03 14:43:32,579 INFO CHECKSUM 14 7 0: 1.073963
2024-09-03 14:43:33,696 INFO recv 14 -> 7 # 0 at 1127761474, 0.978437 0.262129
2024-09-03 14:43:33,696 INFO sent 14 -> 7 # 0 at 1128140869, 0.978437 0.262129
2024-09-03 14:43:42,503 INFO CHECKSUM 14 8 0: 1.548549
2024-09-03 14:43:42,502 INFO CHECKSUM 14 8 0: 1.548549
2024-09-03 14:43:43,594 INFO recv 14 -> 8 # 0 at 1179501586, 0.484536 0.343675
2024-09-03 14:43:43,594 INFO sent 14 -> 8 # 0 at 1179271606, 0.484536 0.343675
2024-09-03 14:43:52,354 INFO CHECKSUM 14 9 0: 1.635702
2024-09-03 14:43:52,355 INFO CHECKSUM 14 9 0: 1.635702
2024-09-03 14:43:53,404 INFO recv 14 -> 9 # 0 at 1042527221, 0.149915 0.715486
2024-09-03 14:43:53,404 INFO sent 14 -> 9 # 0 at 1048347656, 0.149915 0.715486
2024-09-03 14:44:02,235 INFO CHECKSUM 14 10 0: 1.477058
2024-09-03 14:44:02,234 INFO CHECKSUM 14 10 0: 1.477058
2024-09-03 14:44:03,279 INFO recv 14 -> 10 # 0 at 1141423339, 0.564273 0.785276
2024-09-03 14:44:03,279 INFO sent 14 -> 10 # 0 at 1141442749, 0.564273 0.785276
2024-09-03 14:44:12,043 INFO CHECKSUM 14 11 0: 1.968530
2024-09-03 14:44:12,043 INFO CHECKSUM 14 11 0: 1.968530
2024-09-03 14:44:13,208 INFO sent 14 -> 11 # 0 at 1176681518, 0.166840 0.284740
2024-09-03 14:44:13,210 INFO recv 14 -> 11 # 0 at 1176647216, 0.166840 0.284740
2024-09-03 14:44:22,010 INFO CHECKSUM 14 12 0: 1.968666
2024-09-03 14:44:22,010 INFO CHECKSUM 14 12 0: 1.968666
2024-09-03 14:44:23,202 INFO recv 14 -> 12 # 0 at 1274290527, 0.617154 0.627305
2024-09-03 14:44:23,202 INFO sent 14 -> 12 # 0 at 1274314697, 0.617154 0.627305
2024-09-03 14:44:31,954 INFO CHECKSUM 14 13 0: 2.002129
2024-09-03 14:44:31,955 INFO CHECKSUM 14 13 0: 2.002129
2024-09-03 14:44:33,052 INFO recv 14 -> 13 # 0 at 1122700927, 0.136184 0.190361
2024-09-03 14:44:33,052 INFO sent 14 -> 13 # 0 at 1122678955, 0.136184 0.190361
2024-09-03 14:44:41,974 INFO CHECKSUM 14 15 0: 1.482514
2024-09-03 14:44:42,924 INFO Accepting from rank 15
2024-09-03 14:44:41,974 INFO CHECKSUM 14 15 0: 1.482514
2024-09-03 14:44:42,924 INFO Accepting from rank 15
2024-09-03 14:44:42,924 INFO Accepting from rank 15
2024-09-03 14:44:42,924 INFO Accepting from rank 15
2024-09-03 14:44:42,924 INFO Accepting from rank 15
2024-09-03 14:44:42,924 INFO Accepting from rank 15
2024-09-03 14:44:42,924 INFO Accepting from rank 15
2024-09-03 14:44:42,924 INFO Accepting from rank 15
2024-09-03 14:44:42,924 INFO sent 14 -> 15 # 0 at 1125412353, 0.495540 0.762368
2024-09-03 14:44:42,924 INFO Accepting from rank 15
2024-09-03 14:44:42,924 INFO recv 14 -> 15 # 0 at 1125448242, 0.495540 0.762368
2024-09-03 14:44:42,924 INFO Accepting from rank 15
2024-09-03 14:44:42,924 INFO Sending from rank 15
2024-09-03 14:44:42,932 INFO Accepting from rank 15
2024-09-03 14:44:42,948 INFO Accepting from rank 15
2024-09-03 14:44:42,931 INFO Accepting from rank 15
2024-09-03 14:44:42,932 INFO Accepting from rank 15
2024-09-03 14:44:42,931 INFO Accepting from rank 15
2024-09-03 14:44:51,650 INFO CHECKSUM 15 0 0: 1.841719
2024-09-03 14:44:51,651 INFO CHECKSUM 15 0 0: 1.841719
2024-09-03 14:44:52,816 INFO recv 15 -> 0 # 0 at 1182141845, 0.918957 0.644346
2024-09-03 14:44:52,825 INFO sent 15 -> 0 # 0 at 1173970092, 0.918957 0.644346
2024-09-03 14:45:01,575 INFO CHECKSUM 15 1 0: 1.665795
2024-09-03 14:45:01,576 INFO CHECKSUM 15 1 0: 1.665795
2024-09-03 14:45:02,645 INFO recv 15 -> 1 # 0 at 1077252441, 0.946316 0.261601
2024-09-03 14:45:02,645 INFO sent 15 -> 1 # 0 at 1077247436, 0.946316 0.261601
2024-09-03 14:45:11,385 INFO CHECKSUM 15 2 0: 1.599474
2024-09-03 14:45:11,385 INFO CHECKSUM 15 2 0: 1.599474
2024-09-03 14:45:12,616 INFO recv 15 -> 2 # 0 at 1214109863, 0.672188 0.468671
2024-09-03 14:45:12,619 INFO sent 15 -> 2 # 0 at 1214080566, 0.672188 0.468671
2024-09-03 14:45:21,437 INFO CHECKSUM 15 3 0: 1.718306
2024-09-03 14:45:21,437 INFO CHECKSUM 15 3 0: 1.718306
2024-09-03 14:45:22,571 INFO sent 15 -> 3 # 0 at 1225744750, 0.385133 0.812329
2024-09-03 14:45:22,573 INFO recv 15 -> 3 # 0 at 1225762084, 0.385133 0.812329
2024-09-03 14:45:31,327 INFO CHECKSUM 15 4 0: 1.468965
2024-09-03 14:45:31,327 INFO CHECKSUM 15 4 0: 1.468965
2024-09-03 14:45:32,795 INFO recv 15 -> 4 # 0 at 1506314453, 0.843863 0.869286
2024-09-03 14:45:32,795 INFO sent 15 -> 4 # 0 at 1504171752, 0.843863 0.869286
2024-09-03 14:45:41,595 INFO CHECKSUM 15 5 0: 1.770165
2024-09-03 14:45:41,595 INFO CHECKSUM 15 5 0: 1.770165
2024-09-03 14:45:42,872 INFO sent 15 -> 5 # 0 at 1366306884, 0.236455 0.515859
2024-09-03 14:45:42,872 INFO recv 15 -> 5 # 0 at 1361881835, 0.236455 0.515859
2024-09-03 14:45:51,596 INFO CHECKSUM 15 6 0: 1.324954
2024-09-03 14:45:51,596 INFO CHECKSUM 15 6 0: 1.324954
2024-09-03 14:45:52,574 INFO recv 15 -> 6 # 0 at 981378051, 0.295918 0.152467
2024-09-03 14:45:52,574 INFO sent 15 -> 6 # 0 at 981430786, 0.295918 0.152467
2024-09-03 14:46:01,392 INFO CHECKSUM 15 7 0: 0.968063
2024-09-03 14:46:01,392 INFO CHECKSUM 15 7 0: 0.968063
2024-09-03 14:46:02,580 INFO recv 15 -> 7 # 0 at 1270134399, 0.894225 0.228423
2024-09-03 14:46:02,580 INFO sent 15 -> 7 # 0 at 1270124267, 0.894225 0.228423
2024-09-03 14:46:11,353 INFO CHECKSUM 15 8 0: 1.715820
2024-09-03 14:46:11,353 INFO CHECKSUM 15 8 0: 1.715820
2024-09-03 14:46:12,461 INFO sent 15 -> 8 # 0 at 1123699951, 0.689719 0.030205
2024-09-03 14:46:12,461 INFO recv 15 -> 8 # 0 at 1123734497, 0.689719 0.030205
2024-09-03 14:46:21,224 INFO CHECKSUM 15 9 0: 1.907998
2024-09-03 14:46:21,234 INFO CHECKSUM 15 9 0: 1.907998
2024-09-03 14:46:22,394 INFO recv 15 -> 9 # 0 at 1175566406, 0.741720 0.997929
2024-09-03 14:46:22,394 INFO sent 15 -> 9 # 0 at 1177066650, 0.741720 0.997929
2024-09-03 14:46:31,250 INFO CHECKSUM 15 10 0: 1.247326
2024-09-03 14:46:31,250 INFO CHECKSUM 15 10 0: 1.247326
2024-09-03 14:46:32,399 INFO recv 15 -> 10 # 0 at 1226533203, 0.167242 0.757179
2024-09-03 14:46:32,399 INFO sent 15 -> 10 # 0 at 1226550537, 0.167242 0.757179
2024-09-03 14:46:41,194 INFO CHECKSUM 15 11 0: 2.519841
2024-09-03 14:46:41,193 INFO CHECKSUM 15 11 0: 2.519841
2024-09-03 14:46:42,456 INFO sent 15 -> 11 # 0 at 1275595336, 0.330852 0.160303
2024-09-03 14:46:42,456 INFO recv 15 -> 11 # 0 at 1275574829, 0.330852 0.160303
2024-09-03 14:46:51,234 INFO CHECKSUM 15 12 0: 1.933120
2024-09-03 14:46:51,235 INFO CHECKSUM 15 12 0: 1.933120
2024-09-03 14:46:52,352 INFO recv 15 -> 12 # 0 at 1139543334, 0.762835 0.480286
2024-09-03 14:46:52,352 INFO sent 15 -> 12 # 0 at 1139549560, 0.762835 0.480286
2024-09-03 14:47:01,149 INFO CHECKSUM 15 13 0: 1.139669
2024-09-03 14:47:01,148 INFO CHECKSUM 15 13 0: 1.139669
2024-09-03 14:47:02,296 INFO recv 15 -> 13 # 0 at 1159777221, 0.159197 0.032569
2024-09-03 14:47:02,296 INFO sent 15 -> 13 # 0 at 1159790039, 0.159197 0.032569
2024-09-03 14:47:11,035 INFO CHECKSUM 15 14 0: 1.573215
2024-09-03 14:47:12,265 INFO Rank 8 start All-Reduce
2024-09-03 14:47:12,265 INFO Rank 4 start All-Reduce
2024-09-03 14:47:11,035 INFO CHECKSUM 15 14 0: 1.573215
2024-09-03 14:47:12,265 INFO Rank 0 start All-Reduce
2024-09-03 14:47:12,265 INFO Rank 6 start All-Reduce
2024-09-03 14:47:12,265 INFO Rank 12 start All-Reduce
2024-09-03 14:47:12,265 INFO Rank 1 start All-Reduce
2024-09-03 14:47:12,265 INFO Rank 9 start All-Reduce
2024-09-03 14:47:12,265 INFO Rank 13 start All-Reduce
2024-09-03 14:47:12,265 INFO Rank 2 start All-Reduce
2024-09-03 14:47:12,265 INFO Rank 10 start All-Reduce
2024-09-03 14:47:12,265 INFO recv 15 -> 14 # 0 at 1243957885, 0.570368 0.866415
2024-09-03 14:47:12,265 INFO Rank 3 start All-Reduce
2024-09-03 14:47:12,265 INFO Rank 11 start All-Reduce
2024-09-03 14:47:12,265 INFO sent 15 -> 14 # 0 at 1243937011, 0.570368 0.866415
2024-09-03 14:47:12,265 INFO Rank 14 start All-Reduce
2024-09-03 14:47:12,273 INFO Rank 5 start All-Reduce
2024-09-03 14:47:12,273 INFO Rank 7 start All-Reduce
2024-09-03 14:47:12,278 INFO Rank 15 start All-Reduce
2024-09-03 14:47:20,954 INFO Rank 3 HIT BARRIER
2024-09-03 14:47:20,958 INFO Rank 2 HIT BARRIER
2024-09-03 14:47:20,972 INFO Rank 1 HIT BARRIER
2024-09-03 14:47:20,980 INFO Rank 0 HIT BARRIER
2024-09-03 14:47:20,981 INFO Added key: store_based_barrier_key:2 to store for rank: 2
2024-09-03 14:47:20,981 INFO Added key: store_based_barrier_key:2 to store for rank: 8
2024-09-03 14:47:20,981 INFO Added key: store_based_barrier_key:2 to store for rank: 4
2024-09-03 14:47:20,981 INFO Added key: store_based_barrier_key:2 to store for rank: 12
2024-09-03 14:47:20,981 INFO Added key: store_based_barrier_key:2 to store for rank: 1
2024-09-03 14:47:20,981 INFO Added key: store_based_barrier_key:2 to store for rank: 6
2024-09-03 14:47:20,982 INFO Added key: store_based_barrier_key:2 to store for rank: 3
2024-09-03 14:47:20,982 INFO Added key: store_based_barrier_key:2 to store for rank: 9
2024-09-03 14:47:20,981 INFO Added key: store_based_barrier_key:2 to store for rank: 5
2024-09-03 14:47:20,982 INFO Added key: store_based_barrier_key:2 to store for rank: 14
2024-09-03 14:47:20,982 INFO Added key: store_based_barrier_key:2 to store for rank: 0
2024-09-03 14:47:20,982 INFO Added key: store_based_barrier_key:2 to store for rank: 10
2024-09-03 14:47:20,981 INFO Added key: store_based_barrier_key:2 to store for rank: 7
2024-09-03 14:47:20,982 INFO Rank 14: Completed store-based barrier for key:store_based_barrier_key:2 with 16 nodes.
2024-09-03 14:47:20,982 INFO Rank 0: Completed store-based barrier for key:store_based_barrier_key:2 with 16 nodes.
2024-09-03 14:47:20,982 INFO Added key: store_based_barrier_key:2 to store for rank: 11
2024-09-03 14:47:20,982 INFO Added key: store_based_barrier_key:2 to store for rank: 13
2024-09-03 14:47:20,982 INFO Made group
2024-09-03 14:47:20,982 INFO Rank 11: Completed store-based barrier for key:store_based_barrier_key:2 with 16 nodes.
2024-09-03 14:47:20,982 INFO Added key: store_based_barrier_key:2 to store for rank: 15
2024-09-03 14:47:20,982 INFO Rank 9: Completed store-based barrier for key:store_based_barrier_key:2 with 16 nodes.
2024-09-03 14:47:20,982 INFO Rank 13: Completed store-based barrier for key:store_based_barrier_key:2 with 16 nodes.
2024-09-03 14:47:20,982 INFO Rank 10: Completed store-based barrier for key:store_based_barrier_key:2 with 16 nodes.
2024-09-03 14:47:20,982 INFO Rank 15: Completed store-based barrier for key:store_based_barrier_key:2 with 16 nodes.
2024-09-03 14:47:20,992 INFO Rank 4: Completed store-based barrier for key:store_based_barrier_key:2 with 16 nodes.
2024-09-03 14:47:20,991 INFO Rank 2: Completed store-based barrier for key:store_based_barrier_key:2 with 16 nodes.
2024-09-03 14:47:20,992 INFO Rank 8: Completed store-based barrier for key:store_based_barrier_key:2 with 16 nodes.
2024-09-03 14:47:20,992 INFO Rank 6: Completed store-based barrier for key:store_based_barrier_key:2 with 16 nodes.
2024-09-03 14:47:20,992 INFO Rank 12: Completed store-based barrier for key:store_based_barrier_key:2 with 16 nodes.
2024-09-03 14:47:20,991 INFO Made group
2024-09-03 14:47:20,992 INFO Rank 5: Completed store-based barrier for key:store_based_barrier_key:2 with 16 nodes.
2024-09-03 14:47:20,992 INFO Rank 1: Completed store-based barrier for key:store_based_barrier_key:2 with 16 nodes.
2024-09-03 14:47:20,992 INFO Rank 7: Completed store-based barrier for key:store_based_barrier_key:2 with 16 nodes.
2024-09-03 14:47:20,992 INFO Made group
2024-09-03 14:47:20,992 INFO Rank 3: Completed store-based barrier for key:store_based_barrier_key:2 with 16 nodes.
2024-09-03 14:47:20,992 INFO Made group
2024-09-03 14:47:21,255 INFO Node Reduce CHECKSUM 0: 5.805536
2024-09-03 14:47:21,318 INFO Node Reduce CHECKSUM 2: 5.805536
2024-09-03 14:47:21,252 INFO Node Reduce CHECKSUM 3: 5.805536
2024-09-03 14:47:21,258 INFO Node Reduce CHECKSUM 1: 5.805536
2024-09-03 14:47:25,280 INFO Node Reduce rank 0 at 4299276643
2024-09-03 14:47:25,280 INFO Node Reduce rank 1 at 4298828706
2024-09-03 14:47:25,280 INFO Node Reduce rank 2 at 4299337992
2024-09-03 14:47:25,280 INFO Node Reduce rank 3 at 4298828114
2024-09-03 14:47:33,981 INFO Rank 7 HIT BARRIER
2024-09-03 14:47:33,991 INFO Rank 5 HIT BARRIER
2024-09-03 14:47:33,997 INFO Rank 4 HIT BARRIER
2024-09-03 14:47:33,998 INFO Rank 6 HIT BARRIER
2024-09-03 14:47:34,003 INFO Added key: store_based_barrier_key:3 to store for rank: 0
2024-09-03 14:47:34,004 INFO Added key: store_based_barrier_key:3 to store for rank: 9
2024-09-03 14:47:34,004 INFO Added key: store_based_barrier_key:3 to store for rank: 4
2024-09-03 14:47:34,003 INFO Added key: store_based_barrier_key:3 to store for rank: 12
2024-09-03 14:47:34,004 INFO Added key: store_based_barrier_key:3 to store for rank: 2
2024-09-03 14:47:34,004 INFO Added key: store_based_barrier_key:3 to store for rank: 10
2024-09-03 14:47:34,004 INFO Added key: store_based_barrier_key:3 to store for rank: 5
2024-09-03 14:47:34,004 INFO Added key: store_based_barrier_key:3 to store for rank: 14
2024-09-03 14:47:34,004 INFO Added key: store_based_barrier_key:3 to store for rank: 1
2024-09-03 14:47:34,004 INFO Added key: store_based_barrier_key:3 to store for rank: 11
2024-09-03 14:47:34,004 INFO Added key: store_based_barrier_key:3 to store for rank: 7
2024-09-03 14:47:34,004 INFO Added key: store_based_barrier_key:3 to store for rank: 13
2024-09-03 14:47:34,004 INFO Added key: store_based_barrier_key:3 to store for rank: 3
2024-09-03 14:47:34,004 INFO Added key: store_based_barrier_key:3 to store for rank: 8
2024-09-03 14:47:34,004 INFO Added key: store_based_barrier_key:3 to store for rank: 6
2024-09-03 14:47:34,004 INFO Added key: store_based_barrier_key:3 to store for rank: 15
2024-09-03 14:47:34,004 INFO Rank 2: Completed store-based barrier for key:store_based_barrier_key:3 with 16 nodes.
2024-09-03 14:47:34,004 INFO Rank 11: Completed store-based barrier for key:store_based_barrier_key:3 with 16 nodes.
2024-09-03 14:47:34,004 INFO Rank 4: Completed store-based barrier for key:store_based_barrier_key:3 with 16 nodes.
2024-09-03 14:47:34,004 INFO Rank 14: Completed store-based barrier for key:store_based_barrier_key:3 with 16 nodes.
2024-09-03 14:47:34,004 INFO Rank 1: Completed store-based barrier for key:store_based_barrier_key:3 with 16 nodes.
2024-09-03 14:47:34,004 INFO Rank 9: Completed store-based barrier for key:store_based_barrier_key:3 with 16 nodes.
2024-09-03 14:47:34,004 INFO Rank 5: Completed store-based barrier for key:store_based_barrier_key:3 with 16 nodes.
2024-09-03 14:47:34,004 INFO Rank 15: Completed store-based barrier for key:store_based_barrier_key:3 with 16 nodes.
2024-09-03 14:47:34,004 INFO Rank 3: Completed store-based barrier for key:store_based_barrier_key:3 with 16 nodes.
2024-09-03 14:47:34,004 INFO Rank 10: Completed store-based barrier for key:store_based_barrier_key:3 with 16 nodes.
2024-09-03 14:47:34,004 INFO Rank 6: Completed store-based barrier for key:store_based_barrier_key:3 with 16 nodes.
2024-09-03 14:47:34,004 INFO Rank 13: Completed store-based barrier for key:store_based_barrier_key:3 with 16 nodes.
2024-09-03 14:47:34,013 INFO Rank 0: Completed store-based barrier for key:store_based_barrier_key:3 with 16 nodes.
2024-09-03 14:47:34,004 INFO Rank 8: Completed store-based barrier for key:store_based_barrier_key:3 with 16 nodes.
2024-09-03 14:47:34,004 INFO Rank 7: Completed store-based barrier for key:store_based_barrier_key:3 with 16 nodes.
2024-09-03 14:47:34,005 INFO Made group
2024-09-03 14:47:34,014 INFO Rank 12: Completed store-based barrier for key:store_based_barrier_key:3 with 16 nodes.
2024-09-03 14:47:34,005 INFO Made group
2024-09-03 14:47:34,005 INFO Made group
2024-09-03 14:47:34,005 INFO Made group
2024-09-03 14:47:34,332 INFO Node Reduce CHECKSUM 6: 4.624695
2024-09-03 14:47:34,270 INFO Node Reduce CHECKSUM 4: 4.624695
2024-09-03 14:47:34,329 INFO Node Reduce CHECKSUM 5: 4.624695
2024-09-03 14:47:34,269 INFO Node Reduce CHECKSUM 7: 4.624695
2024-09-03 14:47:37,596 INFO Node Reduce rank 4 at 3593112321
2024-09-03 14:47:37,596 INFO Node Reduce rank 5 at 3592826211
2024-09-03 14:47:37,596 INFO Node Reduce rank 6 at 3592792195
2024-09-03 14:47:37,596 INFO Node Reduce rank 7 at 3592821572
2024-09-03 14:47:46,335 INFO Rank 11 HIT BARRIER
2024-09-03 14:47:46,341 INFO Rank 10 HIT BARRIER
2024-09-03 14:47:46,348 INFO Rank 9 HIT BARRIER
2024-09-03 14:47:46,907 INFO Rank 8 HIT BARRIER
2024-09-03 14:47:46,908 INFO Added key: store_based_barrier_key:4 to store for rank: 8
2024-09-03 14:47:46,908 INFO Added key: store_based_barrier_key:4 to store for rank: 4
2024-09-03 14:47:46,908 INFO Added key: store_based_barrier_key:4 to store for rank: 12
2024-09-03 14:47:46,908 INFO Added key: store_based_barrier_key:4 to store for rank: 10
2024-09-03 14:47:46,908 INFO Added key: store_based_barrier_key:4 to store for rank: 6
2024-09-03 14:47:46,908 INFO Added key: store_based_barrier_key:4 to store for rank: 2
2024-09-03 14:47:46,908 INFO Added key: store_based_barrier_key:4 to store for rank: 9
2024-09-03 14:47:46,908 INFO Added key: store_based_barrier_key:4 to store for rank: 5
2024-09-03 14:47:46,908 INFO Added key: store_based_barrier_key:4 to store for rank: 13
2024-09-03 14:47:46,908 INFO Added key: store_based_barrier_key:4 to store for rank: 1
2024-09-03 14:47:46,908 INFO Added key: store_based_barrier_key:4 to store for rank: 11
2024-09-03 14:47:46,908 INFO Added key: store_based_barrier_key:4 to store for rank: 7
2024-09-03 14:47:46,908 INFO Added key: store_based_barrier_key:4 to store for rank: 14
2024-09-03 14:47:46,908 INFO Added key: store_based_barrier_key:4 to store for rank: 3
2024-09-03 14:47:46,908 INFO Rank 10: Completed store-based barrier for key:store_based_barrier_key:4 with 16 nodes.
2024-09-03 14:47:46,908 INFO Rank 6: Completed store-based barrier for key:store_based_barrier_key:4 with 16 nodes.
2024-09-03 14:47:46,908 INFO Added key: store_based_barrier_key:4 to store for rank: 15
2024-09-03 14:47:46,908 INFO Added key: store_based_barrier_key:4 to store for rank: 0
2024-09-03 14:47:46,908 INFO Made group
2024-09-03 14:47:46,908 INFO Rank 5: Completed store-based barrier for key:store_based_barrier_key:4 with 16 nodes.
2024-09-03 14:47:46,908 INFO Rank 14: Completed store-based barrier for key:store_based_barrier_key:4 with 16 nodes.
2024-09-03 14:47:46,909 INFO Rank 0: Completed store-based barrier for key:store_based_barrier_key:4 with 16 nodes.
2024-09-03 14:47:46,908 INFO Rank 9: Completed store-based barrier for key:store_based_barrier_key:4 with 16 nodes.
2024-09-03 14:47:46,908 INFO Rank 7: Completed store-based barrier for key:store_based_barrier_key:4 with 16 nodes.
2024-09-03 14:47:46,908 INFO Rank 13: Completed store-based barrier for key:store_based_barrier_key:4 with 16 nodes.
2024-09-03 14:47:46,908 INFO Rank 11: Completed store-based barrier for key:store_based_barrier_key:4 with 16 nodes.
2024-09-03 14:47:46,908 INFO Made group
2024-09-03 14:47:46,908 INFO Rank 15: Completed store-based barrier for key:store_based_barrier_key:4 with 16 nodes.
2024-09-03 14:47:46,908 INFO Made group
2024-09-03 14:47:46,918 INFO Rank 2: Completed store-based barrier for key:store_based_barrier_key:4 with 16 nodes.
2024-09-03 14:47:46,918 INFO Rank 1: Completed store-based barrier for key:store_based_barrier_key:4 with 16 nodes.
2024-09-03 14:47:46,918 INFO Rank 8: Completed store-based barrier for key:store_based_barrier_key:4 with 16 nodes.
2024-09-03 14:47:46,918 INFO Rank 4: Completed store-based barrier for key:store_based_barrier_key:4 with 16 nodes.
2024-09-03 14:47:46,918 INFO Rank 12: Completed store-based barrier for key:store_based_barrier_key:4 with 16 nodes.
2024-09-03 14:47:46,918 INFO Rank 3: Completed store-based barrier for key:store_based_barrier_key:4 with 16 nodes.
2024-09-03 14:47:46,918 INFO Made group
2024-09-03 14:47:47,215 INFO Node Reduce CHECKSUM 8: 5.785326
2024-09-03 14:47:47,211 INFO Node Reduce CHECKSUM 11: 5.785326
2024-09-03 14:47:47,264 INFO Node Reduce CHECKSUM 9: 5.785326
2024-09-03 14:47:47,267 INFO Node Reduce CHECKSUM 10: 5.785326
2024-09-03 14:47:51,565 INFO Node Reduce rank 8 at 4657635310
2024-09-03 14:47:51,565 INFO Node Reduce rank 9 at 4657139671
2024-09-03 14:47:51,565 INFO Node Reduce rank 10 at 4657469669
2024-09-03 14:47:51,565 INFO Node Reduce rank 11 at 4657130844
2024-09-03 14:48:00,273 INFO Rank 14 HIT BARRIER
2024-09-03 14:48:00,292 INFO Rank 13 HIT BARRIER
2024-09-03 14:48:00,301 INFO Rank 12 HIT BARRIER
2024-09-03 14:48:00,304 INFO Rank 15 HIT BARRIER
2024-09-03 14:48:00,318 INFO Added key: store_based_barrier_key:5 to store for rank: 2
2024-09-03 14:48:00,318 INFO Added key: store_based_barrier_key:5 to store for rank: 1
2024-09-03 14:48:00,318 INFO Added key: store_based_barrier_key:5 to store for rank: 11
2024-09-03 14:48:00,318 INFO Added key: store_based_barrier_key:5 to store for rank: 4
2024-09-03 14:48:00,319 INFO Added key: store_based_barrier_key:5 to store for rank: 12
2024-09-03 14:48:00,318 INFO Added key: store_based_barrier_key:5 to store for rank: 3
2024-09-03 14:48:00,318 INFO Added key: store_based_barrier_key:5 to store for rank: 8
2024-09-03 14:48:00,319 INFO Added key: store_based_barrier_key:5 to store for rank: 5
2024-09-03 14:48:00,319 INFO Added key: store_based_barrier_key:5 to store for rank: 14
2024-09-03 14:48:00,319 INFO Rank 2: Completed store-based barrier for key:store_based_barrier_key:5 with 16 nodes.
2024-09-03 14:48:00,319 INFO Added key: store_based_barrier_key:5 to store for rank: 9
2024-09-03 14:48:00,318 INFO Added key: store_based_barrier_key:5 to store for rank: 7
2024-09-03 14:48:00,319 INFO Added key: store_based_barrier_key:5 to store for rank: 13
2024-09-03 14:48:00,319 INFO Rank 1: Completed store-based barrier for key:store_based_barrier_key:5 with 16 nodes.
2024-09-03 14:48:00,319 INFO Added key: store_based_barrier_key:5 to store for rank: 10
2024-09-03 14:48:00,319 INFO Added key: store_based_barrier_key:5 to store for rank: 6
2024-09-03 14:48:00,319 INFO Added key: store_based_barrier_key:5 to store for rank: 15
2024-09-03 14:48:00,319 INFO Rank 3: Completed store-based barrier for key:store_based_barrier_key:5 with 16 nodes.
2024-09-03 14:48:00,319 INFO Rank 11: Completed store-based barrier for key:store_based_barrier_key:5 with 16 nodes.
2024-09-03 14:48:00,319 INFO Rank 4: Completed store-based barrier for key:store_based_barrier_key:5 with 16 nodes.
2024-09-03 14:48:00,319 INFO Rank 14: Completed store-based barrier for key:store_based_barrier_key:5 with 16 nodes.
2024-09-03 14:48:00,319 INFO Added key: store_based_barrier_key:5 to store for rank: 0
2024-09-03 14:48:00,319 INFO Rank 8: Completed store-based barrier for key:store_based_barrier_key:5 with 16 nodes.
2024-09-03 14:48:00,319 INFO Rank 7: Completed store-based barrier for key:store_based_barrier_key:5 with 16 nodes.
2024-09-03 14:48:00,319 INFO Rank 12: Completed store-based barrier for key:store_based_barrier_key:5 with 16 nodes.
2024-09-03 14:48:00,319 INFO Rank 0: Completed store-based barrier for key:store_based_barrier_key:5 with 16 nodes.
2024-09-03 14:48:00,319 INFO Rank 9: Completed store-based barrier for key:store_based_barrier_key:5 with 16 nodes.
2024-09-03 14:48:00,319 INFO Rank 5: Completed store-based barrier for key:store_based_barrier_key:5 with 16 nodes.
2024-09-03 14:48:00,319 INFO Made group
2024-09-03 14:48:00,319 INFO Rank 10: Completed store-based barrier for key:store_based_barrier_key:5 with 16 nodes.
2024-09-03 14:48:00,319 INFO Rank 6: Completed store-based barrier for key:store_based_barrier_key:5 with 16 nodes.
2024-09-03 14:48:00,319 INFO Made group
2024-09-03 14:48:00,319 INFO Rank 13: Completed store-based barrier for key:store_based_barrier_key:5 with 16 nodes.
2024-09-03 14:48:00,319 INFO Rank 15: Completed store-based barrier for key:store_based_barrier_key:5 with 16 nodes.
2024-09-03 14:48:00,319 INFO Made group
2024-09-03 14:48:00,319 INFO Made group
2024-09-03 14:48:00,586 INFO Node Reduce CHECKSUM 12: 8.425488
2024-09-03 14:48:00,587 INFO Node Reduce CHECKSUM 13: 8.425488
2024-09-03 14:48:00,647 INFO Node Reduce CHECKSUM 14: 8.425488
2024-09-03 14:48:00,585 INFO Node Reduce CHECKSUM 15: 8.425488
2024-09-03 14:48:04,077 INFO Node Reduce rank 12 at 3758693783
2024-09-03 14:48:04,077 INFO Node Reduce rank 13 at 3758693172
2024-09-03 14:48:04,077 INFO Node Reduce rank 14 at 3758696858
2024-09-03 14:48:04,077 INFO Node Reduce rank 15 at 3758695536
2024-09-03 14:48:13,397 INFO All Reduce CHECKSUM 14: 25.627508
2024-09-03 14:48:13,373 INFO All Reduce CHECKSUM 0: 25.627508
2024-09-03 14:48:13,397 INFO All Reduce CHECKSUM 15: 25.627508
2024-09-03 14:48:13,395 INFO All Reduce CHECKSUM 1: 25.627508
2024-09-03 14:48:13,386 INFO All Reduce CHECKSUM 2: 25.627508
2024-09-03 14:48:13,394 INFO All Reduce CHECKSUM 3: 25.627508
2024-09-03 14:48:13,384 INFO All Reduce CHECKSUM 4: 25.627508
2024-09-03 14:48:13,394 INFO All Reduce CHECKSUM 5: 25.627508
2024-09-03 14:48:13,386 INFO All Reduce CHECKSUM 6: 25.627508
2024-09-03 14:48:13,396 INFO All Reduce CHECKSUM 7: 25.627508
2024-09-03 14:48:13,382 INFO All Reduce CHECKSUM 8: 25.627508
2024-09-03 14:48:13,384 INFO All Reduce CHECKSUM 12: 25.627508
2024-09-03 14:48:13,392 INFO All Reduce CHECKSUM 9: 25.627508
2024-09-03 14:48:13,397 INFO All Reduce CHECKSUM 13: 25.627508
2024-09-03 14:48:13,394 INFO All Reduce CHECKSUM 10: 25.627508
2024-09-03 14:48:13,392 INFO All Reduce CHECKSUM 11: 25.627508
2024-09-03 14:48:21,832 INFO All Reduce rank 12 at 8448222990
2024-09-03 14:48:21,832 INFO All Reduce rank 0 at 8459606361
2024-09-03 14:48:21,832 INFO All Reduce rank 1 at 8437995729
2024-09-03 14:48:21,832 INFO All Reduce rank 8 at 8449987300
2024-09-03 14:48:21,832 INFO All Reduce rank 4 at 8448225468
2024-09-03 14:48:21,832 INFO All Reduce rank 13 at 8440018988
2024-09-03 14:48:21,832 INFO All Reduce rank 2 at 8446586340
2024-09-03 14:48:21,832 INFO All Reduce rank 9 at 8440021875
2024-09-03 14:48:21,832 INFO All Reduce rank 5 at 8438591844
2024-09-03 14:48:21,832 INFO All Reduce rank 14 at 8440015251
2024-09-03 14:48:21,832 INFO All Reduce rank 3 at 8437990098
2024-09-03 14:48:21,832 INFO All Reduce rank 10 at 8440016835
2024-09-03 14:48:21,832 INFO All Reduce rank 6 at 8446584829
2024-09-03 14:48:21,832 INFO All Reduce rank 15 at 8440013438
2024-09-03 14:48:21,832 INFO Rank 0 done
2024-09-03 14:48:21,832 INFO All Reduce rank 11 at 8440024130
2024-09-03 14:48:21,832 INFO All Reduce rank 7 at 8438585480
2024-09-03 14:48:21,832 INFO Rank 12 done
2024-09-03 14:48:21,832 INFO Rank 1 done
2024-09-03 14:48:21,832 INFO Rank 8 done
2024-09-03 14:48:21,832 INFO Rank 4 done
2024-09-03 14:48:21,832 INFO Rank 13 done
2024-09-03 14:48:21,832 INFO Rank 2 done
2024-09-03 14:48:21,832 INFO Rank 9 done
2024-09-03 14:48:21,832 INFO Rank 5 done
2024-09-03 14:48:21,832 INFO Rank 14 done
2024-09-03 14:48:21,832 INFO Rank 3 done
2024-09-03 14:48:21,832 INFO Rank 10 done
2024-09-03 14:48:21,832 INFO Rank 6 done
2024-09-03 14:48:21,832 INFO Rank 15 done
2024-09-03 14:48:21,832 INFO Rank 11 done
2024-09-03 14:48:21,832 INFO Rank 7 done
