
2024-08-01 08:02:54,317 INFO Initialized rank 0 out of 16
2024-08-01 08:02:54,324 INFO Initialized rank 4 out of 16
2024-08-01 08:02:54,324 INFO Initialized rank 1 out of 16
2024-08-01 08:02:54,324 INFO Initialized rank 5 out of 16
2024-08-01 08:02:54,324 INFO Initialized rank 2 out of 16
2024-08-01 08:02:54,324 INFO Initialized rank 6 out of 16
2024-08-01 08:02:54,324 INFO Initialized rank 8 out of 16
2024-08-01 08:02:54,324 INFO Initialized rank 14 out of 16
2024-08-01 08:02:54,324 INFO Initialized rank 3 out of 16
2024-08-01 08:02:54,324 INFO Initialized rank 7 out of 16
2024-08-01 08:02:54,324 INFO Initialized rank 11 out of 16
2024-08-01 08:02:54,324 INFO Initialized rank 15 out of 16
2024-08-01 08:02:54,324 INFO Initialized rank 9 out of 16
2024-08-01 08:02:54,324 INFO Initialized rank 12 out of 16
2024-08-01 08:02:54,324 INFO Initialized rank 10 out of 16
2024-08-01 08:02:54,324 INFO Initialized rank 13 out of 16
2024-08-01 08:02:56,858 INFO Sync time
2024-08-01 08:02:56,858 INFO Sending from rank 0
2024-08-01 08:02:56,858 INFO Sync time
2024-08-01 08:02:56,858 INFO Sync time
2024-08-01 08:02:56,858 INFO Sync time
2024-08-01 08:02:56,858 INFO Sync time
2024-08-01 08:02:56,859 INFO Accepting from rank 0
2024-08-01 08:02:56,859 INFO Accepting from rank 0
2024-08-01 08:02:56,858 INFO Sync time
2024-08-01 08:02:56,859 INFO Accepting from rank 0
2024-08-01 08:02:56,858 INFO Sync time
2024-08-01 08:02:56,859 INFO Sync time
2024-08-01 08:02:56,858 INFO Sync time
2024-08-01 08:02:56,859 INFO Sync time
2024-08-01 08:02:56,859 INFO Accepting from rank 0
2024-08-01 08:02:56,859 INFO Accepting from rank 0
2024-08-01 08:02:56,859 INFO Accepting from rank 0
2024-08-01 08:02:56,859 INFO Accepting from rank 0
2024-08-01 08:02:56,859 INFO Accepting from rank 0
2024-08-01 08:02:56,859 INFO Accepting from rank 0
2024-08-01 08:02:56,861 INFO Sync time
2024-08-01 08:02:56,861 INFO Sync time
2024-08-01 08:02:56,861 INFO Sync time
2024-08-01 08:02:56,861 INFO Sync time
2024-08-01 08:02:56,861 INFO Sync time
2024-08-01 08:02:56,861 INFO Sync time
2024-08-01 08:02:56,861 INFO Accepting from rank 0
2024-08-01 08:02:56,861 INFO Accepting from rank 0
2024-08-01 08:02:56,861 INFO Accepting from rank 0
2024-08-01 08:02:56,861 INFO Accepting from rank 0
2024-08-01 08:02:56,861 INFO Accepting from rank 0
2024-08-01 08:02:56,861 INFO Accepting from rank 0
2024-08-01 08:02:57,115 INFO CHECKSUM 0 1 0: 2.106506
2024-08-01 08:02:57,117 INFO CHECKSUM 0 1 0: 2.106506
2024-08-01 08:02:57,132 INFO sent 0 -> 1 # 0 at 230097797, 0.047051 0.159844
2024-08-01 08:02:57,132 INFO recv 0 -> 1 # 0 at 234039491, 0.047051 0.159844
2024-08-01 08:02:57,435 INFO CHECKSUM 0 2 0: 2.106506
2024-08-01 08:02:57,436 INFO CHECKSUM 0 2 0: 2.106506
2024-08-01 08:02:57,447 INFO sent 0 -> 2 # 0 at 277591805, 0.047051 0.159844
2024-08-01 08:02:57,447 INFO recv 0 -> 2 # 0 at 289761982, 0.047051 0.159844
2024-08-01 08:02:57,676 INFO CHECKSUM 0 3 0: 2.106506
2024-08-01 08:02:57,677 INFO CHECKSUM 0 3 0: 2.106506
2024-08-01 08:02:57,693 INFO sent 0 -> 3 # 0 at 222116952, 0.047051 0.159844
2024-08-01 08:02:57,693 INFO recv 0 -> 3 # 0 at 239195958, 0.047051 0.159844
2024-08-01 08:02:57,883 INFO CHECKSUM 0 4 0: 2.106506
2024-08-01 08:02:57,885 INFO CHECKSUM 0 4 0: 2.106506
2024-08-01 08:02:57,900 INFO sent 0 -> 4 # 0 at 177886841, 0.047051 0.159844
2024-08-01 08:02:57,900 INFO recv 0 -> 4 # 0 at 194278046, 0.047051 0.159844
2024-08-01 08:02:58,107 INFO CHECKSUM 0 5 0: 2.106506
2024-08-01 08:02:58,109 INFO CHECKSUM 0 5 0: 2.106506
2024-08-01 08:02:58,118 INFO sent 0 -> 5 # 0 at 193873049, 0.047051 0.159844
2024-08-01 08:02:58,118 INFO recv 0 -> 5 # 0 at 204065776, 0.047051 0.159844
2024-08-01 08:02:58,359 INFO CHECKSUM 0 6 0: 2.106506
2024-08-01 08:02:58,360 INFO CHECKSUM 0 6 0: 2.106506
2024-08-01 08:02:58,378 INFO sent 0 -> 6 # 0 at 212949247, 0.047051 0.159844
2024-08-01 08:02:58,378 INFO recv 0 -> 6 # 0 at 232443285, 0.047051 0.159844
2024-08-01 08:02:58,575 INFO CHECKSUM 0 7 0: 2.106506
2024-08-01 08:02:58,577 INFO CHECKSUM 0 7 0: 2.106506
2024-08-01 08:02:58,598 INFO sent 0 -> 7 # 0 at 185169699, 0.047051 0.159844
2024-08-01 08:02:58,598 INFO recv 0 -> 7 # 0 at 208038836, 0.047051 0.159844
2024-08-01 08:02:58,802 INFO CHECKSUM 0 8 0: 2.106506
2024-08-01 08:02:58,804 INFO CHECKSUM 0 8 0: 2.106506
2024-08-01 08:02:58,812 INFO recv 0 -> 8 # 0 at 209052939, 0.047051 0.159844
2024-08-01 08:02:58,812 INFO sent 0 -> 8 # 0 at 199084181, 0.047051 0.159844
2024-08-01 08:02:58,994 INFO CHECKSUM 0 9 0: 2.106506
2024-08-01 08:02:58,997 INFO CHECKSUM 0 9 0: 2.106506
2024-08-01 08:02:59,013 INFO sent 0 -> 9 # 0 at 172445082, 0.047051 0.159844
2024-08-01 08:02:59,025 INFO recv 0 -> 9 # 0 at 203744458, 0.047051 0.159844
2024-08-01 08:02:59,290 INFO CHECKSUM 0 10 0: 2.106506
2024-08-01 08:02:59,293 INFO CHECKSUM 0 10 0: 2.106506
2024-08-01 08:02:59,321 INFO sent 0 -> 10 # 0 at 256827119, 0.047051 0.159844
2024-08-01 08:02:59,321 INFO recv 0 -> 10 # 0 at 287179831, 0.047051 0.159844
2024-08-01 08:02:59,504 INFO CHECKSUM 0 11 0: 2.106506
2024-08-01 08:02:59,506 INFO CHECKSUM 0 11 0: 2.106506
2024-08-01 08:02:59,522 INFO sent 0 -> 11 # 0 at 170463791, 0.047051 0.159844
2024-08-01 08:02:59,526 INFO recv 0 -> 11 # 0 at 192327429, 0.047051 0.159844
2024-08-01 08:02:59,719 INFO CHECKSUM 0 12 0: 2.106506
2024-08-01 08:02:59,723 INFO CHECKSUM 0 12 0: 2.106506
2024-08-01 08:02:59,737 INFO sent 0 -> 12 # 0 at 193042907, 0.047051 0.159844
2024-08-01 08:02:59,738 INFO recv 0 -> 12 # 0 at 211653958, 0.047051 0.159844
2024-08-01 08:02:59,940 INFO CHECKSUM 0 13 0: 2.106506
2024-08-01 08:02:59,941 INFO CHECKSUM 0 13 0: 2.106506
2024-08-01 08:02:59,955 INFO recv 0 -> 13 # 0 at 206750136, 0.047051 0.159844
2024-08-01 08:02:59,955 INFO sent 0 -> 13 # 0 at 191172258, 0.047051 0.159844
2024-08-01 08:03:00,189 INFO CHECKSUM 0 14 0: 2.106506
2024-08-01 08:03:00,190 INFO CHECKSUM 0 14 0: 2.106506
2024-08-01 08:03:00,199 INFO recv 0 -> 14 # 0 at 216126655, 0.047051 0.159844
2024-08-01 08:03:00,199 INFO sent 0 -> 14 # 0 at 206883887, 0.047051 0.159844
2024-08-01 08:03:00,383 INFO CHECKSUM 0 15 0: 2.106506
2024-08-01 08:03:00,385 INFO CHECKSUM 0 15 0: 2.106506
2024-08-01 08:03:00,395 INFO Sending from rank 1
2024-08-01 08:03:00,395 INFO Accepting from rank 1
2024-08-01 08:03:00,395 INFO Accepting from rank 1
2024-08-01 08:03:00,395 INFO sent 0 -> 15 # 0 at 182090569, 0.047051 0.159844
2024-08-01 08:03:00,395 INFO Accepting from rank 1
2024-08-01 08:03:00,395 INFO Accepting from rank 1
2024-08-01 08:03:00,395 INFO Accepting from rank 1
2024-08-01 08:03:00,395 INFO Accepting from rank 1
2024-08-01 08:03:00,395 INFO Accepting from rank 1
2024-08-01 08:03:00,395 INFO Accepting from rank 1
2024-08-01 08:03:00,395 INFO Accepting from rank 1
2024-08-01 08:03:00,395 INFO Accepting from rank 1
2024-08-01 08:03:00,395 INFO recv 0 -> 15 # 0 at 193560327, 0.047051 0.159844
2024-08-01 08:03:00,395 INFO Accepting from rank 1
2024-08-01 08:03:00,395 INFO Accepting from rank 1
2024-08-01 08:03:00,395 INFO Accepting from rank 1
2024-08-01 08:03:00,405 INFO Accepting from rank 1
2024-08-01 08:03:00,405 INFO Accepting from rank 1
2024-08-01 08:03:00,491 INFO CHECKSUM 1 0 0: 1.550690
2024-08-01 08:03:00,491 INFO CHECKSUM 1 0 0: 1.550690
2024-08-01 08:03:00,505 INFO recv 1 -> 0 # 0 at 83792931, 0.321950 0.316429
2024-08-01 08:03:00,514 INFO sent 1 -> 0 # 0 at 65771215, 0.321950 0.316429
2024-08-01 08:03:00,740 INFO CHECKSUM 1 2 0: 1.550690
2024-08-01 08:03:00,740 INFO CHECKSUM 1 2 0: 1.550690
2024-08-01 08:03:00,762 INFO sent 1 -> 2 # 0 at 222748661, 0.321950 0.316429
2024-08-01 08:03:00,762 INFO recv 1 -> 2 # 0 at 244452027, 0.321950 0.316429
2024-08-01 08:03:00,967 INFO CHECKSUM 1 3 0: 1.550690
2024-08-01 08:03:00,978 INFO CHECKSUM 1 3 0: 1.550690
2024-08-01 08:03:00,992 INFO sent 1 -> 3 # 0 at 193270806, 0.321950 0.316429
2024-08-01 08:03:00,992 INFO recv 1 -> 3 # 0 at 217621681, 0.321950 0.316429
2024-08-01 08:03:01,159 INFO CHECKSUM 1 4 0: 1.550690
2024-08-01 08:03:01,169 INFO CHECKSUM 1 4 0: 1.550690
2024-08-01 08:03:01,186 INFO recv 1 -> 4 # 0 at 188492372, 0.321950 0.316429
2024-08-01 08:03:01,190 INFO sent 1 -> 4 # 0 at 161199249, 0.321950 0.316429
2024-08-01 08:03:01,370 INFO CHECKSUM 1 5 0: 1.550690
2024-08-01 08:03:01,370 INFO CHECKSUM 1 5 0: 1.550690
2024-08-01 08:03:01,387 INFO recv 1 -> 5 # 0 at 177436104, 0.321950 0.316429
2024-08-01 08:03:01,387 INFO sent 1 -> 5 # 0 at 159978385, 0.321950 0.316429
2024-08-01 08:03:01,583 INFO CHECKSUM 1 6 0: 1.550690
2024-08-01 08:03:01,584 INFO CHECKSUM 1 6 0: 1.550690
2024-08-01 08:03:01,593 INFO sent 1 -> 6 # 0 at 169816252, 0.321950 0.316429
2024-08-01 08:03:01,593 INFO recv 1 -> 6 # 0 at 180161726, 0.321950 0.316429
2024-08-01 08:03:01,791 INFO CHECKSUM 1 7 0: 1.550690
2024-08-01 08:03:01,791 INFO CHECKSUM 1 7 0: 1.550690
2024-08-01 08:03:01,802 INFO recv 1 -> 7 # 0 at 197118271, 0.321950 0.316429
2024-08-01 08:03:01,810 INFO sent 1 -> 7 # 0 at 185481280, 0.321950 0.316429
2024-08-01 08:03:01,979 INFO CHECKSUM 1 8 0: 1.550690
2024-08-01 08:03:01,979 INFO CHECKSUM 1 8 0: 1.550690
2024-08-01 08:03:01,999 INFO sent 1 -> 8 # 0 at 169274166, 0.321950 0.316429
2024-08-01 08:03:01,999 INFO recv 1 -> 8 # 0 at 189503637, 0.321950 0.316429
2024-08-01 08:03:02,191 INFO CHECKSUM 1 9 0: 1.550690
2024-08-01 08:03:02,191 INFO CHECKSUM 1 9 0: 1.550690
2024-08-01 08:03:02,209 INFO recv 1 -> 9 # 0 at 207114449, 0.321950 0.316429
2024-08-01 08:03:02,209 INFO sent 1 -> 9 # 0 at 188762510, 0.321950 0.316429
2024-08-01 08:03:02,366 INFO CHECKSUM 1 10 0: 1.550690
2024-08-01 08:03:02,367 INFO CHECKSUM 1 10 0: 1.550690
2024-08-01 08:03:02,382 INFO sent 1 -> 10 # 0 at 148899703, 0.321950 0.316429
2024-08-01 08:03:02,382 INFO recv 1 -> 10 # 0 at 165104977, 0.321950 0.316429
2024-08-01 08:03:02,574 INFO CHECKSUM 1 11 0: 1.550690
2024-08-01 08:03:02,575 INFO CHECKSUM 1 11 0: 1.550690
2024-08-01 08:03:02,595 INFO sent 1 -> 11 # 0 at 180657435, 0.321950 0.316429
2024-08-01 08:03:02,601 INFO recv 1 -> 11 # 0 at 207720959, 0.321950 0.316429
2024-08-01 08:03:02,778 INFO CHECKSUM 1 12 0: 1.550690
2024-08-01 08:03:02,779 INFO CHECKSUM 1 12 0: 1.550690
2024-08-01 08:03:02,794 INFO recv 1 -> 12 # 0 at 161109809, 0.321950 0.316429
2024-08-01 08:03:02,794 INFO sent 1 -> 12 # 0 at 144858458, 0.321950 0.316429
2024-08-01 08:03:02,987 INFO CHECKSUM 1 13 0: 1.550690
2024-08-01 08:03:02,992 INFO CHECKSUM 1 13 0: 1.550690
2024-08-01 08:03:03,003 INFO recv 1 -> 13 # 0 at 197350383, 0.321950 0.316429
2024-08-01 08:03:03,003 INFO sent 1 -> 13 # 0 at 181083416, 0.321950 0.316429
2024-08-01 08:03:03,174 INFO CHECKSUM 1 14 0: 1.550690
2024-08-01 08:03:03,175 INFO CHECKSUM 1 14 0: 1.550690
2024-08-01 08:03:03,205 INFO sent 1 -> 14 # 0 at 160036677, 0.321950 0.316429
2024-08-01 08:03:03,205 INFO recv 1 -> 14 # 0 at 191223725, 0.321950 0.316429
2024-08-01 08:03:03,379 INFO CHECKSUM 1 15 0: 1.550690
2024-08-01 08:03:03,380 INFO CHECKSUM 1 15 0: 1.550690
2024-08-01 08:03:03,397 INFO Accepting from rank 2
2024-08-01 08:03:03,397 INFO Accepting from rank 2
2024-08-01 08:03:03,397 INFO Accepting from rank 2
2024-08-01 08:03:03,397 INFO Accepting from rank 2
2024-08-01 08:03:03,397 INFO Accepting from rank 2
2024-08-01 08:03:03,397 INFO Accepting from rank 2
2024-08-01 08:03:03,397 INFO Accepting from rank 2
2024-08-01 08:03:03,397 INFO Accepting from rank 2
2024-08-01 08:03:03,397 INFO Accepting from rank 2
2024-08-01 08:03:03,397 INFO recv 1 -> 15 # 0 at 179235492, 0.321950 0.316429
2024-08-01 08:03:03,397 INFO Accepting from rank 2
2024-08-01 08:03:03,402 INFO Sending from rank 2
2024-08-01 08:03:03,402 INFO Accepting from rank 2
2024-08-01 08:03:03,402 INFO Accepting from rank 2
2024-08-01 08:03:03,402 INFO sent 1 -> 15 # 0 at 161222675, 0.321950 0.316429
2024-08-01 08:03:03,402 INFO Accepting from rank 2
2024-08-01 08:03:03,402 INFO Accepting from rank 2
2024-08-01 08:03:03,402 INFO Accepting from rank 2
2024-08-01 08:03:03,444 INFO CHECKSUM 2 0 0: 1.337892
2024-08-01 08:03:03,445 INFO CHECKSUM 2 0 0: 1.337892
2024-08-01 08:03:03,465 INFO recv 2 -> 0 # 0 at 35535710, 0.352678 0.351577
2024-08-01 08:03:03,465 INFO sent 2 -> 0 # 0 at 14619592, 0.352678 0.351577
2024-08-01 08:03:03,509 INFO CHECKSUM 2 1 0: 1.337892
2024-08-01 08:03:03,509 INFO CHECKSUM 2 1 0: 1.337892
2024-08-01 08:03:03,527 INFO recv 2 -> 1 # 0 at 48532010, 0.352678 0.351577
2024-08-01 08:03:03,527 INFO sent 2 -> 1 # 0 at 30851463, 0.352678 0.351577
2024-08-01 08:03:03,739 INFO CHECKSUM 2 3 0: 1.337892
2024-08-01 08:03:03,740 INFO CHECKSUM 2 3 0: 1.337892
2024-08-01 08:03:03,770 INFO sent 2 -> 3 # 0 at 212582368, 0.352678 0.351577
2024-08-01 08:03:03,770 INFO recv 2 -> 3 # 0 at 243148994, 0.352678 0.351577
2024-08-01 08:03:03,947 INFO CHECKSUM 2 4 0: 1.337892
2024-08-01 08:03:03,947 INFO CHECKSUM 2 4 0: 1.337892
2024-08-01 08:03:03,962 INFO sent 2 -> 4 # 0 at 159977994, 0.352678 0.351577
2024-08-01 08:03:03,962 INFO recv 2 -> 4 # 0 at 175425697, 0.352678 0.351577
2024-08-01 08:03:04,127 INFO CHECKSUM 2 5 0: 1.337892
2024-08-01 08:03:04,127 INFO CHECKSUM 2 5 0: 1.337892
2024-08-01 08:03:04,139 INFO sent 2 -> 5 # 0 at 153021485, 0.352678 0.351577
2024-08-01 08:03:04,139 INFO recv 2 -> 5 # 0 at 165319882, 0.352678 0.351577
2024-08-01 08:03:04,244 INFO CHECKSUM 2 6 0: 1.337892
2024-08-01 08:03:04,244 INFO CHECKSUM 2 6 0: 1.337892
2024-08-01 08:03:04,260 INFO sent 2 -> 6 # 0 at 104073992, 0.352678 0.351577
2024-08-01 08:03:04,260 INFO recv 2 -> 6 # 0 at 120835205, 0.352678 0.351577
2024-08-01 08:03:04,459 INFO CHECKSUM 2 7 0: 1.337892
2024-08-01 08:03:04,462 INFO CHECKSUM 2 7 0: 1.337892
2024-08-01 08:03:04,485 INFO sent 2 -> 7 # 0 at 185036673, 0.352678 0.351577
2024-08-01 08:03:04,485 INFO recv 2 -> 7 # 0 at 211198801, 0.352678 0.351577
2024-08-01 08:03:04,693 INFO CHECKSUM 2 8 0: 1.337892
2024-08-01 08:03:04,693 INFO CHECKSUM 2 8 0: 1.337892
2024-08-01 08:03:04,718 INFO recv 2 -> 8 # 0 at 212273401, 0.352678 0.351577
2024-08-01 08:03:04,718 INFO sent 2 -> 8 # 0 at 187547746, 0.352678 0.351577
2024-08-01 08:03:04,907 INFO CHECKSUM 2 9 0: 1.337892
2024-08-01 08:03:04,907 INFO CHECKSUM 2 9 0: 1.337892
2024-08-01 08:03:04,948 INFO sent 2 -> 9 # 0 at 180298062, 0.352678 0.351577
2024-08-01 08:03:04,954 INFO recv 2 -> 9 # 0 at 227425214, 0.352678 0.351577
2024-08-01 08:03:05,130 INFO CHECKSUM 2 10 0: 1.337892
2024-08-01 08:03:05,131 INFO CHECKSUM 2 10 0: 1.337892
2024-08-01 08:03:05,147 INFO sent 2 -> 10 # 0 at 161032749, 0.352678 0.351577
2024-08-01 08:03:05,147 INFO recv 2 -> 10 # 0 at 177790727, 0.352678 0.351577
2024-08-01 08:03:05,331 INFO CHECKSUM 2 11 0: 1.337892
2024-08-01 08:03:05,331 INFO CHECKSUM 2 11 0: 1.337892
2024-08-01 08:03:05,349 INFO recv 2 -> 11 # 0 at 180504970, 0.352678 0.351577
2024-08-01 08:03:05,349 INFO sent 2 -> 11 # 0 at 161735474, 0.352678 0.351577
2024-08-01 08:03:05,568 INFO CHECKSUM 2 12 0: 1.337892
2024-08-01 08:03:05,568 INFO CHECKSUM 2 12 0: 1.337892
2024-08-01 08:03:05,587 INFO recv 2 -> 12 # 0 at 236108670, 0.352678 0.351577
2024-08-01 08:03:05,587 INFO sent 2 -> 12 # 0 at 217084635, 0.352678 0.351577
2024-08-01 08:03:05,747 INFO CHECKSUM 2 13 0: 1.337892
2024-08-01 08:03:05,747 INFO CHECKSUM 2 13 0: 1.337892
2024-08-01 08:03:05,765 INFO recv 2 -> 13 # 0 at 175496875, 0.352678 0.351577
2024-08-01 08:03:05,765 INFO sent 2 -> 13 # 0 at 157125332, 0.352678 0.351577
2024-08-01 08:03:05,932 INFO CHECKSUM 2 14 0: 1.337892
2024-08-01 08:03:05,932 INFO CHECKSUM 2 14 0: 1.337892
2024-08-01 08:03:05,957 INFO recv 2 -> 14 # 0 at 184372034, 0.352678 0.351577
2024-08-01 08:03:05,957 INFO sent 2 -> 14 # 0 at 158638179, 0.352678 0.351577
2024-08-01 08:03:06,144 INFO CHECKSUM 2 15 0: 1.337892
2024-08-01 08:03:06,144 INFO CHECKSUM 2 15 0: 1.337892
2024-08-01 08:03:06,169 INFO Accepting from rank 3
2024-08-01 08:03:06,178 INFO Accepting from rank 3
2024-08-01 08:03:06,178 INFO Accepting from rank 3
2024-08-01 08:03:06,178 INFO Accepting from rank 3
2024-08-01 08:03:06,178 INFO Accepting from rank 3
2024-08-01 08:03:06,178 INFO Accepting from rank 3
2024-08-01 08:03:06,178 INFO Accepting from rank 3
2024-08-01 08:03:06,178 INFO recv 2 -> 15 # 0 at 208274667, 0.352678 0.351577
2024-08-01 08:03:06,178 INFO Accepting from rank 3
2024-08-01 08:03:06,185 INFO Accepting from rank 3
2024-08-01 08:03:06,185 INFO Accepting from rank 3
2024-08-01 08:03:06,185 INFO Accepting from rank 3
2024-08-01 08:03:06,185 INFO Accepting from rank 3
2024-08-01 08:03:06,185 INFO sent 2 -> 15 # 0 at 173764308, 0.352678 0.351577
2024-08-01 08:03:06,185 INFO Accepting from rank 3
2024-08-01 08:03:06,185 INFO Sending from rank 3
2024-08-01 08:03:06,185 INFO Accepting from rank 3
2024-08-01 08:03:06,185 INFO Accepting from rank 3
2024-08-01 08:03:06,222 INFO CHECKSUM 3 0 0: 0.512334
2024-08-01 08:03:06,221 INFO CHECKSUM 3 0 0: 0.512334
2024-08-01 08:03:06,241 INFO recv 3 -> 0 # 0 at 33915885, 0.783699 0.927267
2024-08-01 08:03:06,257 INFO sent 3 -> 0 # 0 at 14254398, 0.783699 0.927267
2024-08-01 08:03:06,370 INFO CHECKSUM 3 1 0: 0.512334
2024-08-01 08:03:06,371 INFO CHECKSUM 3 1 0: 0.512334
2024-08-01 08:03:06,379 INFO recv 3 -> 1 # 0 at 100912914, 0.783699 0.927267
2024-08-01 08:03:06,379 INFO sent 3 -> 1 # 0 at 92628083, 0.783699 0.927267
2024-08-01 08:03:06,425 INFO CHECKSUM 3 2 0: 0.512334
2024-08-01 08:03:06,426 INFO CHECKSUM 3 2 0: 0.512334
2024-08-01 08:03:06,437 INFO recv 3 -> 2 # 0 at 27394675, 0.783699 0.927267
2024-08-01 08:03:06,437 INFO sent 3 -> 2 # 0 at 15304022, 0.783699 0.927267
2024-08-01 08:03:06,627 INFO CHECKSUM 3 4 0: 0.512334
2024-08-01 08:03:06,628 INFO CHECKSUM 3 4 0: 0.512334
2024-08-01 08:03:06,650 INFO sent 3 -> 4 # 0 at 177720870, 0.783699 0.927267
2024-08-01 08:03:06,650 INFO recv 3 -> 4 # 0 at 200048800, 0.783699 0.927267
2024-08-01 08:03:06,820 INFO CHECKSUM 3 5 0: 0.512334
2024-08-01 08:03:06,829 INFO sent 3 -> 5 # 0 at 161612526, 0.783699 0.927267
2024-08-01 08:03:06,820 INFO CHECKSUM 3 5 0: 0.512334
2024-08-01 08:03:06,829 INFO recv 3 -> 5 # 0 at 170426939, 0.783699 0.927267
2024-08-01 08:03:07,034 INFO CHECKSUM 3 6 0: 0.512334
2024-08-01 08:03:07,035 INFO CHECKSUM 3 6 0: 0.512334
2024-08-01 08:03:07,047 INFO sent 3 -> 6 # 0 at 203967761, 0.783699 0.927267
2024-08-01 08:03:07,047 INFO recv 3 -> 6 # 0 at 217058817, 0.783699 0.927267
2024-08-01 08:03:07,202 INFO CHECKSUM 3 7 0: 0.512334
2024-08-01 08:03:07,203 INFO CHECKSUM 3 7 0: 0.512334
2024-08-01 08:03:07,232 INFO sent 3 -> 7 # 0 at 151633667, 0.783699 0.927267
2024-08-01 08:03:07,232 INFO recv 3 -> 7 # 0 at 181145653, 0.783699 0.927267
2024-08-01 08:03:07,407 INFO CHECKSUM 3 8 0: 0.512334
2024-08-01 08:03:07,408 INFO CHECKSUM 3 8 0: 0.512334
2024-08-01 08:03:07,429 INFO sent 3 -> 8 # 0 at 165147225, 0.783699 0.927267
2024-08-01 08:03:07,429 INFO recv 3 -> 8 # 0 at 187752736, 0.783699 0.927267
2024-08-01 08:03:07,619 INFO CHECKSUM 3 9 0: 0.512334
2024-08-01 08:03:07,619 INFO CHECKSUM 3 9 0: 0.512334
2024-08-01 08:03:07,654 INFO sent 3 -> 9 # 0 at 184202264, 0.783699 0.927267
2024-08-01 08:03:07,658 INFO recv 3 -> 9 # 0 at 224034194, 0.783699 0.927267
2024-08-01 08:03:07,835 INFO CHECKSUM 3 10 0: 0.512334
2024-08-01 08:03:07,835 INFO CHECKSUM 3 10 0: 0.512334
2024-08-01 08:03:07,847 INFO sent 3 -> 10 # 0 at 165358884, 0.783699 0.927267
2024-08-01 08:03:07,847 INFO recv 3 -> 10 # 0 at 177893326, 0.783699 0.927267
2024-08-01 08:03:08,022 INFO CHECKSUM 3 11 0: 0.512334
2024-08-01 08:03:08,023 INFO CHECKSUM 3 11 0: 0.512334
2024-08-01 08:03:08,039 INFO recv 3 -> 11 # 0 at 189361804, 0.783699 0.927267
2024-08-01 08:03:08,039 INFO sent 3 -> 11 # 0 at 172739110, 0.783699 0.927267
2024-08-01 08:03:08,194 INFO CHECKSUM 3 12 0: 0.512334
2024-08-01 08:03:08,195 INFO CHECKSUM 3 12 0: 0.512334
2024-08-01 08:03:08,213 INFO sent 3 -> 12 # 0 at 146725339, 0.783699 0.927267
2024-08-01 08:03:08,213 INFO recv 3 -> 12 # 0 at 165755371, 0.783699 0.927267
2024-08-01 08:03:08,385 INFO CHECKSUM 3 13 0: 0.512334
2024-08-01 08:03:08,385 INFO CHECKSUM 3 13 0: 0.512334
2024-08-01 08:03:08,417 INFO recv 3 -> 13 # 0 at 190985573, 0.783699 0.927267
2024-08-01 08:03:08,418 INFO sent 3 -> 13 # 0 at 158999886, 0.783699 0.927267
2024-08-01 08:03:08,595 INFO CHECKSUM 3 14 0: 0.512334
2024-08-01 08:03:08,595 INFO CHECKSUM 3 14 0: 0.512334
2024-08-01 08:03:08,608 INFO recv 3 -> 14 # 0 at 183136943, 0.783699 0.927267
2024-08-01 08:03:08,608 INFO sent 3 -> 14 # 0 at 169261392, 0.783699 0.927267
2024-08-01 08:03:08,724 INFO CHECKSUM 3 15 0: 0.512334
2024-08-01 08:03:08,724 INFO CHECKSUM 3 15 0: 0.512334
2024-08-01 08:03:08,742 INFO Accepting from rank 4
2024-08-01 08:03:08,742 INFO Accepting from rank 4
2024-08-01 08:03:08,742 INFO Accepting from rank 4
2024-08-01 08:03:08,742 INFO Sending from rank 4
2024-08-01 08:03:08,742 INFO Accepting from rank 4
2024-08-01 08:03:08,742 INFO Accepting from rank 4
2024-08-01 08:03:08,742 INFO Accepting from rank 4
2024-08-01 08:03:08,742 INFO Accepting from rank 4
2024-08-01 08:03:08,742 INFO Accepting from rank 4
2024-08-01 08:03:08,742 INFO Accepting from rank 4
2024-08-01 08:03:08,742 INFO Accepting from rank 4
2024-08-01 08:03:08,742 INFO Accepting from rank 4
2024-08-01 08:03:08,742 INFO Accepting from rank 4
2024-08-01 08:03:08,742 INFO recv 3 -> 15 # 0 at 123186177, 0.783699 0.927267
2024-08-01 08:03:08,742 INFO sent 3 -> 15 # 0 at 105467611, 0.783699 0.927267
2024-08-01 08:03:08,742 INFO Accepting from rank 4
2024-08-01 08:03:08,742 INFO Accepting from rank 4
2024-08-01 08:03:08,742 INFO Accepting from rank 4
2024-08-01 08:03:08,851 INFO CHECKSUM 4 0 0: 1.080924
2024-08-01 08:03:08,852 INFO CHECKSUM 4 0 0: 1.080924
2024-08-01 08:03:08,858 INFO recv 4 -> 0 # 0 at 88727038, 0.184334 0.438863
2024-08-01 08:03:08,858 INFO sent 4 -> 0 # 0 at 82091353, 0.184334 0.438863
2024-08-01 08:03:08,903 INFO CHECKSUM 4 1 0: 1.080924
2024-08-01 08:03:08,904 INFO CHECKSUM 4 1 0: 1.080924
2024-08-01 08:03:08,926 INFO sent 4 -> 1 # 0 at 13850705, 0.184334 0.438863
2024-08-01 08:03:08,928 INFO recv 4 -> 1 # 0 at 38286646, 0.184334 0.438863
2024-08-01 08:03:08,967 INFO CHECKSUM 4 2 0: 1.080924
2024-08-01 08:03:08,968 INFO CHECKSUM 4 2 0: 1.080924
2024-08-01 08:03:08,983 INFO recv 4 -> 2 # 0 at 45278654, 0.184334 0.438863
2024-08-01 08:03:08,983 INFO sent 4 -> 2 # 0 at 29955098, 0.184334 0.438863
2024-08-01 08:03:09,012 INFO CHECKSUM 4 3 0: 1.080924
2024-08-01 08:03:09,012 INFO CHECKSUM 4 3 0: 1.080924
2024-08-01 08:03:09,043 INFO sent 4 -> 3 # 0 at 14482909, 0.184334 0.438863
2024-08-01 08:03:09,047 INFO recv 4 -> 3 # 0 at 49882846, 0.184334 0.438863
2024-08-01 08:03:09,286 INFO CHECKSUM 4 5 0: 1.080924
2024-08-01 08:03:09,287 INFO CHECKSUM 4 5 0: 1.080924
2024-08-01 08:03:09,306 INFO sent 4 -> 5 # 0 at 224519438, 0.184334 0.438863
2024-08-01 08:03:09,306 INFO recv 4 -> 5 # 0 at 240601928, 0.184334 0.438863
2024-08-01 08:03:09,428 INFO CHECKSUM 4 6 0: 1.080924
2024-08-01 08:03:09,428 INFO CHECKSUM 4 6 0: 1.080924
2024-08-01 08:03:09,443 INFO sent 4 -> 6 # 0 at 116965946, 0.184334 0.438863
2024-08-01 08:03:09,443 INFO recv 4 -> 6 # 0 at 132380581, 0.184334 0.438863
2024-08-01 08:03:09,668 INFO CHECKSUM 4 7 0: 1.080924
2024-08-01 08:03:09,668 INFO CHECKSUM 4 7 0: 1.080924
2024-08-01 08:03:09,685 INFO sent 4 -> 7 # 0 at 216999433, 0.184334 0.438863
2024-08-01 08:03:09,691 INFO recv 4 -> 7 # 0 at 240204878, 0.184334 0.438863
2024-08-01 08:03:09,875 INFO CHECKSUM 4 8 0: 1.080924
2024-08-01 08:03:09,875 INFO CHECKSUM 4 8 0: 1.080924
2024-08-01 08:03:09,893 INFO recv 4 -> 8 # 0 at 188098083, 0.184334 0.438863
2024-08-01 08:03:09,893 INFO sent 4 -> 8 # 0 at 169357687, 0.184334 0.438863
2024-08-01 08:03:10,070 INFO CHECKSUM 4 9 0: 1.080924
2024-08-01 08:03:10,071 INFO CHECKSUM 4 9 0: 1.080924
2024-08-01 08:03:10,089 INFO recv 4 -> 9 # 0 at 180228214, 0.184334 0.438863
2024-08-01 08:03:10,089 INFO sent 4 -> 9 # 0 at 160431437, 0.184334 0.438863
2024-08-01 08:03:10,289 INFO CHECKSUM 4 10 0: 1.080924
2024-08-01 08:03:10,289 INFO CHECKSUM 4 10 0: 1.080924
2024-08-01 08:03:10,310 INFO sent 4 -> 10 # 0 at 190941499, 0.184334 0.438863
2024-08-01 08:03:10,310 INFO recv 4 -> 10 # 0 at 212018930, 0.184334 0.438863
2024-08-01 08:03:10,465 INFO CHECKSUM 4 11 0: 1.080924
2024-08-01 08:03:10,480 INFO CHECKSUM 4 11 0: 1.080924
2024-08-01 08:03:10,492 INFO recv 4 -> 11 # 0 at 179387561, 0.184334 0.438863
2024-08-01 08:03:10,492 INFO sent 4 -> 11 # 0 at 152793884, 0.184334 0.438863
2024-08-01 08:03:10,696 INFO CHECKSUM 4 12 0: 1.080924
2024-08-01 08:03:10,696 INFO CHECKSUM 4 12 0: 1.080924
2024-08-01 08:03:10,714 INFO recv 4 -> 12 # 0 at 213018148, 0.184334 0.438863
2024-08-01 08:03:10,714 INFO sent 4 -> 12 # 0 at 194679684, 0.184334 0.438863
2024-08-01 08:03:10,883 INFO CHECKSUM 4 13 0: 1.080924
2024-08-01 08:03:10,883 INFO CHECKSUM 4 13 0: 1.080924
2024-08-01 08:03:10,902 INFO recv 4 -> 13 # 0 at 176780951, 0.184334 0.438863
2024-08-01 08:03:10,902 INFO sent 4 -> 13 # 0 at 157357119, 0.184334 0.438863
2024-08-01 08:03:11,099 INFO CHECKSUM 4 14 0: 1.080924
2024-08-01 08:03:11,100 INFO CHECKSUM 4 14 0: 1.080924
2024-08-01 08:03:11,111 INFO recv 4 -> 14 # 0 at 197290337, 0.184334 0.438863
2024-08-01 08:03:11,111 INFO sent 4 -> 14 # 0 at 185396422, 0.184334 0.438863
2024-08-01 08:03:11,285 INFO CHECKSUM 4 15 0: 1.080924
2024-08-01 08:03:11,286 INFO CHECKSUM 4 15 0: 1.080924
2024-08-01 08:03:11,301 INFO Accepting from rank 5
2024-08-01 08:03:11,301 INFO Accepting from rank 5
2024-08-01 08:03:11,301 INFO Accepting from rank 5
2024-08-01 08:03:11,301 INFO Accepting from rank 5
2024-08-01 08:03:11,301 INFO Accepting from rank 5
2024-08-01 08:03:11,301 INFO Accepting from rank 5
2024-08-01 08:03:11,301 INFO sent 4 -> 15 # 0 at 162931733, 0.184334 0.438863
2024-08-01 08:03:11,301 INFO Accepting from rank 5
2024-08-01 08:03:11,301 INFO Accepting from rank 5
2024-08-01 08:03:11,305 INFO Accepting from rank 5
2024-08-01 08:03:11,305 INFO Accepting from rank 5
2024-08-01 08:03:11,305 INFO Sending from rank 5
2024-08-01 08:03:11,305 INFO Accepting from rank 5
2024-08-01 08:03:11,305 INFO Accepting from rank 5
2024-08-01 08:03:11,305 INFO Accepting from rank 5
2024-08-01 08:03:11,305 INFO Accepting from rank 5
2024-08-01 08:03:11,305 INFO recv 4 -> 15 # 0 at 183230434, 0.184334 0.438863
2024-08-01 08:03:11,305 INFO Accepting from rank 5
2024-08-01 08:03:11,361 INFO CHECKSUM 5 0 0: 1.478272
2024-08-01 08:03:11,361 INFO CHECKSUM 5 0 0: 1.478272
2024-08-01 08:03:11,369 INFO recv 5 -> 0 # 0 at 35994405, 0.488883 0.686553
2024-08-01 08:03:11,378 INFO sent 5 -> 0 # 0 at 22130552, 0.488883 0.686553
2024-08-01 08:03:11,412 INFO CHECKSUM 5 1 0: 1.478272
2024-08-01 08:03:11,413 INFO CHECKSUM 5 1 0: 1.478272
2024-08-01 08:03:11,426 INFO recv 5 -> 1 # 0 at 31943149, 0.488883 0.686553
2024-08-01 08:03:11,426 INFO sent 5 -> 1 # 0 at 14990704, 0.488883 0.686553
2024-08-01 08:03:11,456 INFO CHECKSUM 5 2 0: 1.478272
2024-08-01 08:03:11,456 INFO CHECKSUM 5 2 0: 1.478272
2024-08-01 08:03:11,494 INFO sent 5 -> 2 # 0 at 13973051, 0.488883 0.686553
2024-08-01 08:03:11,494 INFO recv 5 -> 2 # 0 at 51893094, 0.488883 0.686553
2024-08-01 08:03:11,527 INFO CHECKSUM 5 3 0: 1.478272
2024-08-01 08:03:11,528 INFO CHECKSUM 5 3 0: 1.478272
2024-08-01 08:03:11,546 INFO recv 5 -> 3 # 0 at 32714258, 0.488883 0.686553
2024-08-01 08:03:11,554 INFO sent 5 -> 3 # 0 at 14553006, 0.488883 0.686553
2024-08-01 08:03:11,570 INFO CHECKSUM 5 4 0: 1.478272
2024-08-01 08:03:11,571 INFO CHECKSUM 5 4 0: 1.478272
2024-08-01 08:03:11,589 INFO recv 5 -> 4 # 0 at 32634871, 0.488883 0.686553
2024-08-01 08:03:11,593 INFO sent 5 -> 4 # 0 at 13628935, 0.488883 0.686553
2024-08-01 08:03:11,775 INFO CHECKSUM 5 6 0: 1.478272
2024-08-01 08:03:11,776 INFO CHECKSUM 5 6 0: 1.478272
2024-08-01 08:03:11,787 INFO sent 5 -> 6 # 0 at 181853506, 0.488883 0.686553
2024-08-01 08:03:11,787 INFO recv 5 -> 6 # 0 at 193514847, 0.488883 0.686553
2024-08-01 08:03:11,972 INFO CHECKSUM 5 7 0: 1.478272
2024-08-01 08:03:11,972 INFO CHECKSUM 5 7 0: 1.478272
2024-08-01 08:03:11,998 INFO sent 5 -> 7 # 0 at 182372872, 0.488883 0.686553
2024-08-01 08:03:11,998 INFO recv 5 -> 7 # 0 at 208512514, 0.488883 0.686553
2024-08-01 08:03:12,171 INFO CHECKSUM 5 8 0: 1.478272
2024-08-01 08:03:12,172 INFO CHECKSUM 5 8 0: 1.478272
2024-08-01 08:03:12,188 INFO sent 5 -> 8 # 0 at 173221056, 0.488883 0.686553
2024-08-01 08:03:12,188 INFO recv 5 -> 8 # 0 at 189724424, 0.488883 0.686553
2024-08-01 08:03:12,362 INFO CHECKSUM 5 9 0: 1.478272
2024-08-01 08:03:12,363 INFO CHECKSUM 5 9 0: 1.478272
2024-08-01 08:03:12,381 INFO recv 5 -> 9 # 0 at 180000675, 0.488883 0.686553
2024-08-01 08:03:12,382 INFO sent 5 -> 9 # 0 at 160554576, 0.488883 0.686553
2024-08-01 08:03:12,571 INFO CHECKSUM 5 10 0: 1.478272
2024-08-01 08:03:12,572 INFO CHECKSUM 5 10 0: 1.478272
2024-08-01 08:03:12,594 INFO sent 5 -> 10 # 0 at 181837765, 0.488883 0.686553
2024-08-01 08:03:12,594 INFO recv 5 -> 10 # 0 at 204679747, 0.488883 0.686553
2024-08-01 08:03:12,787 INFO CHECKSUM 5 11 0: 1.478272
2024-08-01 08:03:12,787 INFO CHECKSUM 5 11 0: 1.478272
2024-08-01 08:03:12,810 INFO sent 5 -> 11 # 0 at 185113374, 0.488883 0.686553
2024-08-01 08:03:12,810 INFO recv 5 -> 11 # 0 at 208883705, 0.488883 0.686553
2024-08-01 08:03:13,043 INFO CHECKSUM 5 12 0: 1.478272
2024-08-01 08:03:13,043 INFO CHECKSUM 5 12 0: 1.478272
2024-08-01 08:03:13,066 INFO recv 5 -> 12 # 0 at 236270454, 0.488883 0.686553
2024-08-01 08:03:13,078 INFO sent 5 -> 12 # 0 at 205496048, 0.488883 0.686553
2024-08-01 08:03:13,305 INFO CHECKSUM 5 13 0: 1.478272
2024-08-01 08:03:13,305 INFO CHECKSUM 5 13 0: 1.478272
2024-08-01 08:03:13,338 INFO sent 5 -> 13 # 0 at 198985790, 0.488883 0.686553
2024-08-01 08:03:13,338 INFO recv 5 -> 13 # 0 at 239428335, 0.488883 0.686553
2024-08-01 08:03:13,495 INFO CHECKSUM 5 14 0: 1.478272
2024-08-01 08:03:13,505 INFO CHECKSUM 5 14 0: 1.478272
2024-08-01 08:03:13,516 INFO recv 5 -> 14 # 0 at 178139439, 0.488883 0.686553
2024-08-01 08:03:13,516 INFO sent 5 -> 14 # 0 at 156855806, 0.488883 0.686553
2024-08-01 08:03:13,707 INFO CHECKSUM 5 15 0: 1.478272
2024-08-01 08:03:13,707 INFO CHECKSUM 5 15 0: 1.478272
2024-08-01 08:03:13,722 INFO Accepting from rank 6
2024-08-01 08:03:13,722 INFO Accepting from rank 6
2024-08-01 08:03:13,722 INFO Accepting from rank 6
2024-08-01 08:03:13,722 INFO Accepting from rank 6
2024-08-01 08:03:13,722 INFO Accepting from rank 6
2024-08-01 08:03:13,722 INFO Accepting from rank 6
2024-08-01 08:03:13,722 INFO Accepting from rank 6
2024-08-01 08:03:13,722 INFO Accepting from rank 6
2024-08-01 08:03:13,722 INFO Sending from rank 6
2024-08-01 08:03:13,722 INFO Accepting from rank 6
2024-08-01 08:03:13,722 INFO Accepting from rank 6
2024-08-01 08:03:13,722 INFO Accepting from rank 6
2024-08-01 08:03:13,722 INFO Accepting from rank 6
2024-08-01 08:03:13,722 INFO Accepting from rank 6
2024-08-01 08:03:13,722 INFO recv 5 -> 15 # 0 at 191746968, 0.488883 0.686553
2024-08-01 08:03:13,722 INFO sent 5 -> 15 # 0 at 176757639, 0.488883 0.686553
2024-08-01 08:03:13,722 INFO Accepting from rank 6
2024-08-01 08:03:13,722 INFO Accepting from rank 6
2024-08-01 08:03:13,767 INFO CHECKSUM 6 0 0: 1.880959
2024-08-01 08:03:13,768 INFO CHECKSUM 6 0 0: 1.880959
2024-08-01 08:03:13,782 INFO recv 6 -> 0 # 0 at 28749218, 0.807274 0.657965
2024-08-01 08:03:13,786 INFO sent 6 -> 0 # 0 at 14047686, 0.807274 0.657965
2024-08-01 08:03:13,807 INFO CHECKSUM 6 1 0: 1.880959
2024-08-01 08:03:13,819 INFO CHECKSUM 6 1 0: 1.880959
2024-08-01 08:03:13,828 INFO recv 6 -> 1 # 0 at 35811201, 0.807274 0.657965
2024-08-01 08:03:13,828 INFO sent 6 -> 1 # 0 at 14586661, 0.807274 0.657965
2024-08-01 08:03:13,844 INFO CHECKSUM 6 2 0: 1.880959
2024-08-01 08:03:13,843 INFO CHECKSUM 6 2 0: 1.880959
2024-08-01 08:03:13,856 INFO recv 6 -> 2 # 0 at 27582127, 0.807274 0.657965
2024-08-01 08:03:13,856 INFO sent 6 -> 2 # 0 at 14001517, 0.807274 0.657965
2024-08-01 08:03:13,978 INFO CHECKSUM 6 3 0: 1.880959
2024-08-01 08:03:13,979 INFO CHECKSUM 6 3 0: 1.880959
2024-08-01 08:03:13,989 INFO recv 6 -> 3 # 0 at 111523723, 0.807274 0.657965
2024-08-01 08:03:13,989 INFO sent 6 -> 3 # 0 at 111954172, 0.807274 0.657965
2024-08-01 08:03:14,010 INFO CHECKSUM 6 4 0: 1.880959
2024-08-01 08:03:14,011 INFO CHECKSUM 6 4 0: 1.880959
2024-08-01 08:03:14,025 INFO recv 6 -> 4 # 0 at 29256923, 0.807274 0.657965
2024-08-01 08:03:14,025 INFO sent 6 -> 4 # 0 at 14293522, 0.807274 0.657965
2024-08-01 08:03:14,041 INFO CHECKSUM 6 5 0: 1.880959
2024-08-01 08:03:14,041 INFO CHECKSUM 6 5 0: 1.880959
2024-08-01 08:03:14,049 INFO recv 6 -> 5 # 0 at 23010237, 0.807274 0.657965
2024-08-01 08:03:14,049 INFO sent 6 -> 5 # 0 at 14116419, 0.807274 0.657965
2024-08-01 08:03:14,305 INFO CHECKSUM 6 7 0: 1.880959
2024-08-01 08:03:14,305 INFO CHECKSUM 6 7 0: 1.880959
2024-08-01 08:03:14,315 INFO sent 6 -> 7 # 0 at 215010448, 0.807274 0.657965
2024-08-01 08:03:14,315 INFO recv 6 -> 7 # 0 at 224533244, 0.807274 0.657965
2024-08-01 08:03:14,486 INFO CHECKSUM 6 8 0: 1.880959
2024-08-01 08:03:14,487 INFO CHECKSUM 6 8 0: 1.880959
2024-08-01 08:03:14,502 INFO recv 6 -> 8 # 0 at 175527145, 0.807274 0.657965
2024-08-01 08:03:14,502 INFO sent 6 -> 8 # 0 at 159403334, 0.807274 0.657965
2024-08-01 08:03:14,689 INFO CHECKSUM 6 9 0: 1.880959
2024-08-01 08:03:14,689 INFO CHECKSUM 6 9 0: 1.880959
2024-08-01 08:03:14,704 INFO sent 6 -> 9 # 0 at 170456006, 0.807274 0.657965
2024-08-01 08:03:14,704 INFO recv 6 -> 9 # 0 at 186143208, 0.807274 0.657965
2024-08-01 08:03:14,893 INFO CHECKSUM 6 10 0: 1.880959
2024-08-01 08:03:14,894 INFO CHECKSUM 6 10 0: 1.880959
2024-08-01 08:03:14,909 INFO recv 6 -> 10 # 0 at 200817737, 0.807274 0.657965
2024-08-01 08:03:14,909 INFO sent 6 -> 10 # 0 at 185429887, 0.807274 0.657965
2024-08-01 08:03:15,095 INFO CHECKSUM 6 11 0: 1.880959
2024-08-01 08:03:15,095 INFO CHECKSUM 6 11 0: 1.880959
2024-08-01 08:03:15,114 INFO recv 6 -> 11 # 0 at 176922770, 0.807274 0.657965
2024-08-01 08:03:15,114 INFO sent 6 -> 11 # 0 at 157146350, 0.807274 0.657965
2024-08-01 08:03:15,315 INFO CHECKSUM 6 12 0: 1.880959
2024-08-01 08:03:15,325 INFO CHECKSUM 6 12 0: 1.880959
2024-08-01 08:03:15,350 INFO recv 6 -> 12 # 0 at 220171243, 0.807274 0.657965
2024-08-01 08:03:15,356 INFO sent 6 -> 12 # 0 at 185774445, 0.807274 0.657965
2024-08-01 08:03:15,555 INFO CHECKSUM 6 13 0: 1.880959
2024-08-01 08:03:15,555 INFO CHECKSUM 6 13 0: 1.880959
2024-08-01 08:03:15,572 INFO recv 6 -> 13 # 0 at 197554519, 0.807274 0.657965
2024-08-01 08:03:15,572 INFO sent 6 -> 13 # 0 at 184806047, 0.807274 0.657965
2024-08-01 08:03:15,771 INFO CHECKSUM 6 14 0: 1.880959
2024-08-01 08:03:15,771 INFO CHECKSUM 6 14 0: 1.880959
2024-08-01 08:03:15,782 INFO recv 6 -> 14 # 0 at 192222900, 0.807274 0.657965
2024-08-01 08:03:15,782 INFO sent 6 -> 14 # 0 at 181331353, 0.807274 0.657965
2024-08-01 08:03:15,943 INFO CHECKSUM 6 15 0: 1.880959
2024-08-01 08:03:15,945 INFO CHECKSUM 6 15 0: 1.880959
2024-08-01 08:03:15,962 INFO Accepting from rank 7
2024-08-01 08:03:15,970 INFO Accepting from rank 7
2024-08-01 08:03:15,977 INFO Accepting from rank 7
2024-08-01 08:03:15,977 INFO Accepting from rank 7
2024-08-01 08:03:15,977 INFO Accepting from rank 7
2024-08-01 08:03:15,977 INFO Accepting from rank 7
2024-08-01 08:03:15,977 INFO Accepting from rank 7
2024-08-01 08:03:15,977 INFO Accepting from rank 7
2024-08-01 08:03:15,977 INFO Accepting from rank 7
2024-08-01 08:03:15,977 INFO Accepting from rank 7
2024-08-01 08:03:15,977 INFO sent 6 -> 15 # 0 at 157631189, 0.807274 0.657965
2024-08-01 08:03:15,977 INFO Accepting from rank 7
2024-08-01 08:03:15,977 INFO recv 6 -> 15 # 0 at 192066485, 0.807274 0.657965
2024-08-01 08:03:15,977 INFO Sending from rank 7
2024-08-01 08:03:15,978 INFO Accepting from rank 7
2024-08-01 08:03:15,977 INFO Accepting from rank 7
2024-08-01 08:03:15,986 INFO Accepting from rank 7
2024-08-01 08:03:15,986 INFO Accepting from rank 7
2024-08-01 08:03:16,016 INFO CHECKSUM 7 0 0: 0.655569
2024-08-01 08:03:16,016 INFO CHECKSUM 7 0 0: 0.655569
2024-08-01 08:03:16,026 INFO recv 7 -> 0 # 0 at 24810881, 0.845567 0.089334
2024-08-01 08:03:16,026 INFO sent 7 -> 0 # 0 at 14755698, 0.845567 0.089334
2024-08-01 08:03:16,046 INFO CHECKSUM 7 1 0: 0.655569
2024-08-01 08:03:16,045 INFO CHECKSUM 7 1 0: 0.655569
2024-08-01 08:03:16,069 INFO recv 7 -> 1 # 0 at 38572488, 0.845567 0.089334
2024-08-01 08:03:16,069 INFO sent 7 -> 1 # 0 at 14357767, 0.845567 0.089334
2024-08-01 08:03:16,090 INFO CHECKSUM 7 2 0: 0.655569
2024-08-01 08:03:16,089 INFO CHECKSUM 7 2 0: 0.655569
2024-08-01 08:03:16,105 INFO recv 7 -> 2 # 0 at 30133429, 0.845567 0.089334
2024-08-01 08:03:16,105 INFO sent 7 -> 2 # 0 at 14795175, 0.845567 0.089334
2024-08-01 08:03:16,135 INFO CHECKSUM 7 3 0: 0.655569
2024-08-01 08:03:16,135 INFO CHECKSUM 7 3 0: 0.655569
2024-08-01 08:03:16,157 INFO recv 7 -> 3 # 0 at 50619877, 0.845567 0.089334
2024-08-01 08:03:16,157 INFO sent 7 -> 3 # 0 at 28693151, 0.845567 0.089334
2024-08-01 08:03:16,184 INFO CHECKSUM 7 4 0: 0.655569
2024-08-01 08:03:16,185 INFO CHECKSUM 7 4 0: 0.655569
2024-08-01 08:03:16,197 INFO recv 7 -> 4 # 0 at 27074354, 0.845567 0.089334
2024-08-01 08:03:16,197 INFO sent 7 -> 4 # 0 at 13821789, 0.845567 0.089334
2024-08-01 08:03:16,217 INFO CHECKSUM 7 5 0: 0.655569
2024-08-01 08:03:16,217 INFO CHECKSUM 7 5 0: 0.655569
2024-08-01 08:03:16,230 INFO recv 7 -> 5 # 0 at 27304029, 0.845567 0.089334
2024-08-01 08:03:16,230 INFO sent 7 -> 5 # 0 at 14291349, 0.845567 0.089334
2024-08-01 08:03:16,247 INFO CHECKSUM 7 6 0: 0.655569
2024-08-01 08:03:16,247 INFO CHECKSUM 7 6 0: 0.655569
2024-08-01 08:03:16,261 INFO recv 7 -> 6 # 0 at 27878071, 0.845567 0.089334
2024-08-01 08:03:16,261 INFO sent 7 -> 6 # 0 at 13797221, 0.845567 0.089334
2024-08-01 08:03:16,423 INFO CHECKSUM 7 8 0: 0.655569
2024-08-01 08:03:16,423 INFO CHECKSUM 7 8 0: 0.655569
2024-08-01 08:03:16,450 INFO recv 7 -> 8 # 0 at 188480362, 0.845567 0.089334
2024-08-01 08:03:16,453 INFO sent 7 -> 8 # 0 at 161541699, 0.845567 0.089334
2024-08-01 08:03:16,645 INFO CHECKSUM 7 9 0: 0.655569
2024-08-01 08:03:16,645 INFO CHECKSUM 7 9 0: 0.655569
2024-08-01 08:03:16,668 INFO sent 7 -> 9 # 0 at 187135162, 0.845567 0.089334
2024-08-01 08:03:16,670 INFO recv 7 -> 9 # 0 at 212890944, 0.845567 0.089334
2024-08-01 08:03:16,851 INFO CHECKSUM 7 10 0: 0.655569
2024-08-01 08:03:16,852 INFO CHECKSUM 7 10 0: 0.655569
2024-08-01 08:03:16,870 INFO sent 7 -> 10 # 0 at 171010219, 0.845567 0.089334
2024-08-01 08:03:16,870 INFO recv 7 -> 10 # 0 at 190388717, 0.845567 0.089334
2024-08-01 08:03:17,070 INFO CHECKSUM 7 11 0: 0.655569
2024-08-01 08:03:17,071 INFO CHECKSUM 7 11 0: 0.655569
2024-08-01 08:03:17,086 INFO recv 7 -> 11 # 0 at 211393783, 0.845567 0.089334
2024-08-01 08:03:17,086 INFO sent 7 -> 11 # 0 at 195728958, 0.845567 0.089334
2024-08-01 08:03:17,303 INFO CHECKSUM 7 12 0: 0.655569
2024-08-01 08:03:17,304 INFO CHECKSUM 7 12 0: 0.655569
2024-08-01 08:03:17,318 INFO recv 7 -> 12 # 0 at 226297501, 0.845567 0.089334
2024-08-01 08:03:17,318 INFO sent 7 -> 12 # 0 at 210583748, 0.845567 0.089334
2024-08-01 08:03:17,423 INFO CHECKSUM 7 13 0: 0.655569
2024-08-01 08:03:17,424 INFO CHECKSUM 7 13 0: 0.655569
2024-08-01 08:03:17,444 INFO recv 7 -> 13 # 0 at 121577354, 0.845567 0.089334
2024-08-01 08:03:17,444 INFO sent 7 -> 13 # 0 at 100495974, 0.845567 0.089334
2024-08-01 08:03:17,660 INFO CHECKSUM 7 14 0: 0.655569
2024-08-01 08:03:17,660 INFO CHECKSUM 7 14 0: 0.655569
2024-08-01 08:03:17,686 INFO recv 7 -> 14 # 0 at 220279553, 0.845567 0.089334
2024-08-01 08:03:17,690 INFO sent 7 -> 14 # 0 at 193714834, 0.845567 0.089334
2024-08-01 08:03:17,843 INFO CHECKSUM 7 15 0: 0.655569
2024-08-01 08:03:17,843 INFO CHECKSUM 7 15 0: 0.655569
2024-08-01 08:03:17,856 INFO Sending from rank 8
2024-08-01 08:03:17,856 INFO Accepting from rank 8
2024-08-01 08:03:17,856 INFO Accepting from rank 8
2024-08-01 08:03:17,856 INFO Accepting from rank 8
2024-08-01 08:03:17,856 INFO Accepting from rank 8
2024-08-01 08:03:17,856 INFO Accepting from rank 8
2024-08-01 08:03:17,856 INFO Accepting from rank 8
2024-08-01 08:03:17,856 INFO Accepting from rank 8
2024-08-01 08:03:17,856 INFO Accepting from rank 8
2024-08-01 08:03:17,856 INFO recv 7 -> 15 # 0 at 166083625, 0.845567 0.089334
2024-08-01 08:03:17,856 INFO Accepting from rank 8
2024-08-01 08:03:17,859 INFO Accepting from rank 8
2024-08-01 08:03:17,859 INFO Accepting from rank 8
2024-08-01 08:03:17,859 INFO Accepting from rank 8
2024-08-01 08:03:17,859 INFO sent 7 -> 15 # 0 at 152982650, 0.845567 0.089334
2024-08-01 08:03:17,859 INFO Accepting from rank 8
2024-08-01 08:03:17,863 INFO Accepting from rank 8
2024-08-01 08:03:17,863 INFO Accepting from rank 8
2024-08-01 08:03:17,892 INFO CHECKSUM 8 0 0: 1.730481
2024-08-01 08:03:17,893 INFO CHECKSUM 8 0 0: 1.730481
2024-08-01 08:03:17,901 INFO sent 8 -> 0 # 0 at 14401062, 0.155382 0.685677
2024-08-01 08:03:17,901 INFO recv 8 -> 0 # 0 at 23450437, 0.155382 0.685677
2024-08-01 08:03:17,931 INFO CHECKSUM 8 1 0: 1.730481
2024-08-01 08:03:17,932 INFO CHECKSUM 8 1 0: 1.730481
2024-08-01 08:03:17,946 INFO sent 8 -> 1 # 0 at 14112775, 0.155382 0.685677
2024-08-01 08:03:17,946 INFO recv 8 -> 1 # 0 at 28793533, 0.155382 0.685677
2024-08-01 08:03:17,964 INFO CHECKSUM 8 2 0: 1.730481
2024-08-01 08:03:17,965 INFO CHECKSUM 8 2 0: 1.730481
2024-08-01 08:03:17,981 INFO sent 8 -> 2 # 0 at 14608202, 0.155382 0.685677
2024-08-01 08:03:17,986 INFO recv 8 -> 2 # 0 at 36364198, 0.155382 0.685677
2024-08-01 08:03:18,008 INFO CHECKSUM 8 3 0: 1.730481
2024-08-01 08:03:18,008 INFO CHECKSUM 8 3 0: 1.730481
2024-08-01 08:03:18,030 INFO sent 8 -> 3 # 0 at 14428024, 0.155382 0.685677
2024-08-01 08:03:18,030 INFO recv 8 -> 3 # 0 at 37110638, 0.155382 0.685677
2024-08-01 08:03:18,112 INFO CHECKSUM 8 4 0: 1.730481
2024-08-01 08:03:18,121 INFO sent 8 -> 4 # 0 at 70270429, 0.155382 0.685677
2024-08-01 08:03:18,112 INFO CHECKSUM 8 4 0: 1.730481
2024-08-01 08:03:18,122 INFO recv 8 -> 4 # 0 at 79990752, 0.155382 0.685677
2024-08-01 08:03:18,148 INFO CHECKSUM 8 5 0: 1.730481
2024-08-01 08:03:18,148 INFO CHECKSUM 8 5 0: 1.730481
2024-08-01 08:03:18,165 INFO sent 8 -> 5 # 0 at 13724817, 0.155382 0.685677
2024-08-01 08:03:18,165 INFO recv 8 -> 5 # 0 at 31354840, 0.155382 0.685677
2024-08-01 08:03:18,268 INFO CHECKSUM 8 6 0: 1.730481
2024-08-01 08:03:18,268 INFO CHECKSUM 8 6 0: 1.730481
2024-08-01 08:03:18,281 INFO sent 8 -> 6 # 0 at 82130474, 0.155382 0.685677
2024-08-01 08:03:18,281 INFO recv 8 -> 6 # 0 at 95490002, 0.155382 0.685677
2024-08-01 08:03:18,312 INFO CHECKSUM 8 7 0: 1.730481
2024-08-01 08:03:18,312 INFO CHECKSUM 8 7 0: 1.730481
2024-08-01 08:03:18,327 INFO sent 8 -> 7 # 0 at 14040466, 0.155382 0.685677
2024-08-01 08:03:18,327 INFO recv 8 -> 7 # 0 at 29062858, 0.155382 0.685677
2024-08-01 08:03:18,550 INFO CHECKSUM 8 9 0: 1.730481
2024-08-01 08:03:18,551 INFO CHECKSUM 8 9 0: 1.730481
2024-08-01 08:03:18,567 INFO sent 8 -> 9 # 0 at 216381274, 0.155382 0.685677
2024-08-01 08:03:18,567 INFO recv 8 -> 9 # 0 at 233091527, 0.155382 0.685677
2024-08-01 08:03:18,747 INFO CHECKSUM 8 10 0: 1.730481
2024-08-01 08:03:18,748 INFO CHECKSUM 8 10 0: 1.730481
2024-08-01 08:03:18,762 INFO sent 8 -> 10 # 0 at 176592163, 0.155382 0.685677
2024-08-01 08:03:18,762 INFO recv 8 -> 10 # 0 at 192028774, 0.155382 0.685677
2024-08-01 08:03:18,978 INFO CHECKSUM 8 11 0: 1.730481
2024-08-01 08:03:18,978 INFO CHECKSUM 8 11 0: 1.730481
2024-08-01 08:03:19,002 INFO sent 8 -> 11 # 0 at 213223426, 0.155382 0.685677
2024-08-01 08:03:19,005 INFO recv 8 -> 11 # 0 at 240418817, 0.155382 0.685677
2024-08-01 08:03:19,209 INFO CHECKSUM 8 12 0: 1.730481
2024-08-01 08:03:19,227 INFO sent 8 -> 12 # 0 at 192726301, 0.155382 0.685677
2024-08-01 08:03:19,209 INFO CHECKSUM 8 12 0: 1.730481
2024-08-01 08:03:19,227 INFO recv 8 -> 12 # 0 at 210233569, 0.155382 0.685677
2024-08-01 08:03:19,400 INFO CHECKSUM 8 13 0: 1.730481
2024-08-01 08:03:19,401 INFO CHECKSUM 8 13 0: 1.730481
2024-08-01 08:03:19,418 INFO sent 8 -> 13 # 0 at 162454650, 0.155382 0.685677
2024-08-01 08:03:19,418 INFO recv 8 -> 13 # 0 at 179508440, 0.155382 0.685677
2024-08-01 08:03:19,594 INFO CHECKSUM 8 14 0: 1.730481
2024-08-01 08:03:19,596 INFO CHECKSUM 8 14 0: 1.730481
2024-08-01 08:03:19,622 INFO sent 8 -> 14 # 0 at 164457628, 0.155382 0.685677
2024-08-01 08:03:19,625 INFO recv 8 -> 14 # 0 at 195457168, 0.155382 0.685677
2024-08-01 08:03:19,820 INFO CHECKSUM 8 15 0: 1.730481
2024-08-01 08:03:19,821 INFO CHECKSUM 8 15 0: 1.730481
2024-08-01 08:03:19,845 INFO Accepting from rank 9
2024-08-01 08:03:19,845 INFO Accepting from rank 9
2024-08-01 08:03:19,845 INFO Accepting from rank 9
2024-08-01 08:03:19,845 INFO sent 8 -> 15 # 0 at 178329267, 0.155382 0.685677
2024-08-01 08:03:19,845 INFO Accepting from rank 9
2024-08-01 08:03:19,845 INFO Accepting from rank 9
2024-08-01 08:03:19,845 INFO Accepting from rank 9
2024-08-01 08:03:19,845 INFO Sending from rank 9
2024-08-01 08:03:19,845 INFO Accepting from rank 9
2024-08-01 08:03:19,845 INFO Accepting from rank 9
2024-08-01 08:03:19,845 INFO Accepting from rank 9
2024-08-01 08:03:19,845 INFO Accepting from rank 9
2024-08-01 08:03:19,845 INFO Accepting from rank 9
2024-08-01 08:03:19,845 INFO Accepting from rank 9
2024-08-01 08:03:19,845 INFO Accepting from rank 9
2024-08-01 08:03:19,845 INFO recv 8 -> 15 # 0 at 203749870, 0.155382 0.685677
2024-08-01 08:03:19,845 INFO Accepting from rank 9
2024-08-01 08:03:19,845 INFO Accepting from rank 9
2024-08-01 08:03:19,958 INFO CHECKSUM 9 0 0: 1.157022
2024-08-01 08:03:19,973 INFO CHECKSUM 9 0 0: 1.157022
2024-08-01 08:03:19,986 INFO recv 9 -> 0 # 0 at 108942194, 0.734786 0.431330
2024-08-01 08:03:19,993 INFO sent 9 -> 0 # 0 at 81085706, 0.734786 0.431330
2024-08-01 08:03:20,083 INFO CHECKSUM 9 1 0: 1.157022
2024-08-01 08:03:20,084 INFO CHECKSUM 9 1 0: 1.157022
2024-08-01 08:03:20,091 INFO recv 9 -> 1 # 0 at 81804314, 0.734786 0.431330
2024-08-01 08:03:20,093 INFO sent 9 -> 1 # 0 at 73894729, 0.734786 0.431330
2024-08-01 08:03:20,120 INFO CHECKSUM 9 2 0: 1.157022
2024-08-01 08:03:20,121 INFO CHECKSUM 9 2 0: 1.157022
2024-08-01 08:03:20,135 INFO recv 9 -> 2 # 0 at 29252489, 0.734786 0.431330
2024-08-01 08:03:20,137 INFO sent 9 -> 2 # 0 at 14907219, 0.734786 0.431330
2024-08-01 08:03:20,152 INFO CHECKSUM 9 3 0: 1.157022
2024-08-01 08:03:20,152 INFO CHECKSUM 9 3 0: 1.157022
2024-08-01 08:03:20,166 INFO sent 9 -> 3 # 0 at 14392595, 0.734786 0.431330
2024-08-01 08:03:20,166 INFO recv 9 -> 3 # 0 at 28574331, 0.734786 0.431330
2024-08-01 08:03:20,195 INFO CHECKSUM 9 4 0: 1.157022
2024-08-01 08:03:20,196 INFO CHECKSUM 9 4 0: 1.157022
2024-08-01 08:03:20,208 INFO recv 9 -> 4 # 0 at 32161252, 0.734786 0.431330
2024-08-01 08:03:20,218 INFO sent 9 -> 4 # 0 at 13463442, 0.734786 0.431330
2024-08-01 08:03:20,253 INFO CHECKSUM 9 5 0: 1.157022
2024-08-01 08:03:20,254 INFO CHECKSUM 9 5 0: 1.157022
2024-08-01 08:03:20,261 INFO recv 9 -> 5 # 0 at 39905151, 0.734786 0.431330
2024-08-01 08:03:20,266 INFO sent 9 -> 5 # 0 at 31444136, 0.734786 0.431330
2024-08-01 08:03:20,303 INFO CHECKSUM 9 6 0: 1.157022
2024-08-01 08:03:20,303 INFO CHECKSUM 9 6 0: 1.157022
2024-08-01 08:03:20,329 INFO sent 9 -> 6 # 0 at 23197982, 0.734786 0.431330
2024-08-01 08:03:20,330 INFO recv 9 -> 6 # 0 at 50059261, 0.734786 0.431330
2024-08-01 08:03:20,350 INFO CHECKSUM 9 7 0: 1.157022
2024-08-01 08:03:20,350 INFO CHECKSUM 9 7 0: 1.157022
2024-08-01 08:03:20,363 INFO recv 9 -> 7 # 0 at 32671191, 0.734786 0.431330
2024-08-01 08:03:20,365 INFO sent 9 -> 7 # 0 at 19827401, 0.734786 0.431330
2024-08-01 08:03:20,382 INFO CHECKSUM 9 8 0: 1.157022
2024-08-01 08:03:20,382 INFO CHECKSUM 9 8 0: 1.157022
2024-08-01 08:03:20,394 INFO recv 9 -> 8 # 0 at 26735342, 0.734786 0.431330
2024-08-01 08:03:20,399 INFO sent 9 -> 8 # 0 at 14016880, 0.734786 0.431330
2024-08-01 08:03:20,590 INFO CHECKSUM 9 10 0: 1.157022
2024-08-01 08:03:20,591 INFO CHECKSUM 9 10 0: 1.157022
2024-08-01 08:03:20,614 INFO sent 9 -> 10 # 0 at 180176114, 0.734786 0.431330
2024-08-01 08:03:20,614 INFO recv 9 -> 10 # 0 at 203787112, 0.734786 0.431330
2024-08-01 08:03:20,842 INFO CHECKSUM 9 11 0: 1.157022
2024-08-01 08:03:20,843 INFO CHECKSUM 9 11 0: 1.157022
2024-08-01 08:03:20,855 INFO sent 9 -> 11 # 0 at 223491486, 0.734786 0.431330
2024-08-01 08:03:20,855 INFO recv 9 -> 11 # 0 at 236688332, 0.734786 0.431330
2024-08-01 08:03:21,078 INFO CHECKSUM 9 12 0: 1.157022
2024-08-01 08:03:21,078 INFO CHECKSUM 9 12 0: 1.157022
2024-08-01 08:03:21,093 INFO sent 9 -> 12 # 0 at 208652208, 0.734786 0.431330
2024-08-01 08:03:21,093 INFO recv 9 -> 12 # 0 at 223711956, 0.734786 0.431330
2024-08-01 08:03:21,303 INFO CHECKSUM 9 13 0: 1.157022
2024-08-01 08:03:21,304 INFO CHECKSUM 9 13 0: 1.157022
2024-08-01 08:03:21,336 INFO sent 9 -> 13 # 0 at 193418398, 0.734786 0.431330
2024-08-01 08:03:21,336 INFO recv 9 -> 13 # 0 at 225678823, 0.734786 0.431330
2024-08-01 08:03:21,500 INFO CHECKSUM 9 14 0: 1.157022
2024-08-01 08:03:21,500 INFO CHECKSUM 9 14 0: 1.157022
2024-08-01 08:03:21,524 INFO sent 9 -> 14 # 0 at 164100097, 0.734786 0.431330
2024-08-01 08:03:21,524 INFO recv 9 -> 14 # 0 at 187702379, 0.734786 0.431330
2024-08-01 08:03:21,656 INFO CHECKSUM 9 15 0: 1.157022
2024-08-01 08:03:21,656 INFO CHECKSUM 9 15 0: 1.157022
2024-08-01 08:03:21,676 INFO Accepting from rank 10
2024-08-01 08:03:21,676 INFO Accepting from rank 10
2024-08-01 08:03:21,676 INFO Accepting from rank 10
2024-08-01 08:03:21,676 INFO Sending from rank 10
2024-08-01 08:03:21,676 INFO Accepting from rank 10
2024-08-01 08:03:21,676 INFO Accepting from rank 10
2024-08-01 08:03:21,676 INFO Accepting from rank 10
2024-08-01 08:03:21,676 INFO Accepting from rank 10
2024-08-01 08:03:21,676 INFO Accepting from rank 10
2024-08-01 08:03:21,676 INFO Accepting from rank 10
2024-08-01 08:03:21,676 INFO Accepting from rank 10
2024-08-01 08:03:21,676 INFO sent 9 -> 15 # 0 at 122336532, 0.734786 0.431330
2024-08-01 08:03:21,676 INFO Accepting from rank 10
2024-08-01 08:03:21,676 INFO Accepting from rank 10
2024-08-01 08:03:21,676 INFO Accepting from rank 10
2024-08-01 08:03:21,676 INFO recv 9 -> 15 # 0 at 142775062, 0.734786 0.431330
2024-08-01 08:03:21,676 INFO Accepting from rank 10
2024-08-01 08:03:21,676 INFO Accepting from rank 10
2024-08-01 08:03:21,795 INFO CHECKSUM 10 0 0: 1.238632
2024-08-01 08:03:21,795 INFO CHECKSUM 10 0 0: 1.238632
2024-08-01 08:03:21,802 INFO recv 10 -> 0 # 0 at 103269300, 0.463264 0.145126
2024-08-01 08:03:21,802 INFO sent 10 -> 0 # 0 at 95831223, 0.463264 0.145126
2024-08-01 08:03:21,912 INFO CHECKSUM 10 1 0: 1.238632
2024-08-01 08:03:21,912 INFO CHECKSUM 10 1 0: 1.238632
2024-08-01 08:03:21,921 INFO recv 10 -> 1 # 0 at 89243915, 0.463264 0.145126
2024-08-01 08:03:21,929 INFO sent 10 -> 1 # 0 at 79541133, 0.463264 0.145126
2024-08-01 08:03:21,956 INFO CHECKSUM 10 2 0: 1.238632
2024-08-01 08:03:21,957 INFO CHECKSUM 10 2 0: 1.238632
2024-08-01 08:03:21,967 INFO sent 10 -> 2 # 0 at 14028182, 0.463264 0.145126
2024-08-01 08:03:21,967 INFO recv 10 -> 2 # 0 at 24309193, 0.463264 0.145126
2024-08-01 08:03:21,992 INFO CHECKSUM 10 3 0: 1.238632
2024-08-01 08:03:21,993 INFO CHECKSUM 10 3 0: 1.238632
2024-08-01 08:03:22,009 INFO recv 10 -> 3 # 0 at 31538669, 0.463264 0.145126
2024-08-01 08:03:22,009 INFO sent 10 -> 3 # 0 at 14599104, 0.463264 0.145126
2024-08-01 08:03:22,033 INFO CHECKSUM 10 4 0: 1.238632
2024-08-01 08:03:22,049 INFO sent 10 -> 4 # 0 at 14456359, 0.463264 0.145126
2024-08-01 08:03:22,034 INFO CHECKSUM 10 4 0: 1.238632
2024-08-01 08:03:22,049 INFO recv 10 -> 4 # 0 at 30615807, 0.463264 0.145126
2024-08-01 08:03:22,086 INFO CHECKSUM 10 5 0: 1.238632
2024-08-01 08:03:22,087 INFO CHECKSUM 10 5 0: 1.238632
2024-08-01 08:03:22,109 INFO sent 10 -> 5 # 0 at 14189463, 0.463264 0.145126
2024-08-01 08:03:22,117 INFO recv 10 -> 5 # 0 at 45162701, 0.463264 0.145126
2024-08-01 08:03:22,131 INFO CHECKSUM 10 6 0: 1.238632
2024-08-01 08:03:22,132 INFO CHECKSUM 10 6 0: 1.238632
2024-08-01 08:03:22,154 INFO sent 10 -> 6 # 0 at 13820280, 0.463264 0.145126
2024-08-01 08:03:22,154 INFO recv 10 -> 6 # 0 at 36913643, 0.463264 0.145126
2024-08-01 08:03:22,177 INFO CHECKSUM 10 7 0: 1.238632
2024-08-01 08:03:22,177 INFO CHECKSUM 10 7 0: 1.238632
2024-08-01 08:03:22,206 INFO sent 10 -> 7 # 0 at 22295938, 0.463264 0.145126
2024-08-01 08:03:22,206 INFO recv 10 -> 7 # 0 at 50857388, 0.463264 0.145126
2024-08-01 08:03:22,261 INFO CHECKSUM 10 8 0: 1.238632
2024-08-01 08:03:22,261 INFO CHECKSUM 10 8 0: 1.238632
2024-08-01 08:03:22,272 INFO recv 10 -> 8 # 0 at 39868816, 0.463264 0.145126
2024-08-01 08:03:22,274 INFO sent 10 -> 8 # 0 at 28860246, 0.463264 0.145126
2024-08-01 08:03:22,324 INFO CHECKSUM 10 9 0: 1.238632
2024-08-01 08:03:22,324 INFO CHECKSUM 10 9 0: 1.238632
2024-08-01 08:03:22,334 INFO recv 10 -> 9 # 0 at 36104757, 0.463264 0.145126
2024-08-01 08:03:22,334 INFO sent 10 -> 9 # 0 at 26253932, 0.463264 0.145126
2024-08-01 08:03:22,485 INFO CHECKSUM 10 11 0: 1.238632
2024-08-01 08:03:22,486 INFO CHECKSUM 10 11 0: 1.238632
2024-08-01 08:03:22,510 INFO sent 10 -> 11 # 0 at 128482440, 0.463264 0.145126
2024-08-01 08:03:22,511 INFO recv 10 -> 11 # 0 at 153835775, 0.463264 0.145126
2024-08-01 08:03:22,752 INFO CHECKSUM 10 12 0: 1.238632
2024-08-01 08:03:22,752 INFO CHECKSUM 10 12 0: 1.238632
2024-08-01 08:03:22,763 INFO sent 10 -> 12 # 0 at 240665613, 0.463264 0.145126
2024-08-01 08:03:22,763 INFO recv 10 -> 12 # 0 at 251725286, 0.463264 0.145126
2024-08-01 08:03:22,999 INFO CHECKSUM 10 13 0: 1.238632
2024-08-01 08:03:23,000 INFO CHECKSUM 10 13 0: 1.238632
2024-08-01 08:03:23,013 INFO recv 10 -> 13 # 0 at 204640021, 0.463264 0.145126
2024-08-01 08:03:23,013 INFO sent 10 -> 13 # 0 at 190642717, 0.463264 0.145126
2024-08-01 08:03:23,191 INFO CHECKSUM 10 14 0: 1.238632
2024-08-01 08:03:23,191 INFO CHECKSUM 10 14 0: 1.238632
2024-08-01 08:03:23,210 INFO sent 10 -> 14 # 0 at 161233320, 0.463264 0.145126
2024-08-01 08:03:23,210 INFO recv 10 -> 14 # 0 at 180286275, 0.463264 0.145126
2024-08-01 08:03:23,395 INFO CHECKSUM 10 15 0: 1.238632
2024-08-01 08:03:23,396 INFO CHECKSUM 10 15 0: 1.238632
2024-08-01 08:03:23,417 INFO Accepting from rank 11
2024-08-01 08:03:23,417 INFO Accepting from rank 11
2024-08-01 08:03:23,417 INFO Accepting from rank 11
2024-08-01 08:03:23,417 INFO Accepting from rank 11
2024-08-01 08:03:23,417 INFO Accepting from rank 11
2024-08-01 08:03:23,417 INFO Accepting from rank 11
2024-08-01 08:03:23,417 INFO Accepting from rank 11
2024-08-01 08:03:23,417 INFO Accepting from rank 11
2024-08-01 08:03:23,417 INFO Sending from rank 11
2024-08-01 08:03:23,417 INFO Accepting from rank 11
2024-08-01 08:03:23,418 INFO Accepting from rank 11
2024-08-01 08:03:23,417 INFO Accepting from rank 11
2024-08-01 08:03:23,417 INFO sent 10 -> 15 # 0 at 179767244, 0.463264 0.145126
2024-08-01 08:03:23,417 INFO recv 10 -> 15 # 0 at 201784465, 0.463264 0.145126
2024-08-01 08:03:23,418 INFO Accepting from rank 11
2024-08-01 08:03:23,417 INFO Accepting from rank 11
2024-08-01 08:03:23,417 INFO Accepting from rank 11
2024-08-01 08:03:23,417 INFO Accepting from rank 11
2024-08-01 08:03:23,463 INFO CHECKSUM 11 0 0: 1.152573
2024-08-01 08:03:23,464 INFO CHECKSUM 11 0 0: 1.152573
2024-08-01 08:03:23,474 INFO recv 11 -> 0 # 0 at 25167489, 0.454934 0.883693
2024-08-01 08:03:23,481 INFO sent 11 -> 0 # 0 at 13975029, 0.454934 0.883693
2024-08-01 08:03:23,534 INFO CHECKSUM 11 1 0: 1.152573
2024-08-01 08:03:23,534 INFO CHECKSUM 11 1 0: 1.152573
2024-08-01 08:03:23,562 INFO sent 11 -> 1 # 0 at 31531885, 0.454934 0.883693
2024-08-01 08:03:23,563 INFO recv 11 -> 1 # 0 at 60782883, 0.454934 0.883693
2024-08-01 08:03:23,668 INFO CHECKSUM 11 2 0: 1.152573
2024-08-01 08:03:23,668 INFO CHECKSUM 11 2 0: 1.152573
2024-08-01 08:03:23,685 INFO recv 11 -> 2 # 0 at 106842342, 0.454934 0.883693
2024-08-01 08:03:23,688 INFO sent 11 -> 2 # 0 at 90009721, 0.454934 0.883693
2024-08-01 08:03:23,703 INFO CHECKSUM 11 3 0: 1.152573
2024-08-01 08:03:23,704 INFO CHECKSUM 11 3 0: 1.152573
2024-08-01 08:03:23,726 INFO recv 11 -> 3 # 0 at 37156155, 0.454934 0.883693
2024-08-01 08:03:23,733 INFO sent 11 -> 3 # 0 at 13729054, 0.454934 0.883693
2024-08-01 08:03:23,808 INFO CHECKSUM 11 4 0: 1.152573
2024-08-01 08:03:23,817 INFO sent 11 -> 4 # 0 at 70376264, 0.454934 0.883693
2024-08-01 08:03:23,809 INFO CHECKSUM 11 4 0: 1.152573
2024-08-01 08:03:23,817 INFO recv 11 -> 4 # 0 at 79956987, 0.454934 0.883693
2024-08-01 08:03:23,923 INFO CHECKSUM 11 5 0: 1.152573
2024-08-01 08:03:23,924 INFO CHECKSUM 11 5 0: 1.152573
2024-08-01 08:03:23,946 INFO sent 11 -> 5 # 0 at 90122187, 0.454934 0.883693
2024-08-01 08:03:23,946 INFO recv 11 -> 5 # 0 at 108501469, 0.454934 0.883693
2024-08-01 08:03:23,978 INFO CHECKSUM 11 6 0: 1.152573
2024-08-01 08:03:23,978 INFO CHECKSUM 11 6 0: 1.152573
2024-08-01 08:03:23,994 INFO sent 11 -> 6 # 0 at 20152830, 0.454934 0.883693
2024-08-01 08:03:23,994 INFO recv 11 -> 6 # 0 at 35463563, 0.454934 0.883693
2024-08-01 08:03:24,015 INFO CHECKSUM 11 7 0: 1.152573
2024-08-01 08:03:24,016 INFO CHECKSUM 11 7 0: 1.152573
2024-08-01 08:03:24,030 INFO sent 11 -> 7 # 0 at 14633310, 0.454934 0.883693
2024-08-01 08:03:24,030 INFO recv 11 -> 7 # 0 at 28893028, 0.454934 0.883693
2024-08-01 08:03:24,055 INFO CHECKSUM 11 8 0: 1.152573
2024-08-01 08:03:24,055 INFO CHECKSUM 11 8 0: 1.152573
2024-08-01 08:03:24,069 INFO recv 11 -> 8 # 0 at 28004663, 0.454934 0.883693
2024-08-01 08:03:24,069 INFO sent 11 -> 8 # 0 at 13625384, 0.454934 0.883693
2024-08-01 08:03:24,095 INFO CHECKSUM 11 9 0: 1.152573
2024-08-01 08:03:24,095 INFO CHECKSUM 11 9 0: 1.152573
2024-08-01 08:03:24,122 INFO recv 11 -> 9 # 0 at 40476109, 0.454934 0.883693
2024-08-01 08:03:24,122 INFO sent 11 -> 9 # 0 at 13765664, 0.454934 0.883693
2024-08-01 08:03:24,238 INFO CHECKSUM 11 10 0: 1.152573
2024-08-01 08:03:24,239 INFO CHECKSUM 11 10 0: 1.152573
2024-08-01 08:03:24,259 INFO recv 11 -> 10 # 0 at 109222645, 0.454934 0.883693
2024-08-01 08:03:24,259 INFO sent 11 -> 10 # 0 at 88215174, 0.454934 0.883693
2024-08-01 08:03:24,512 INFO CHECKSUM 11 12 0: 1.152573
2024-08-01 08:03:24,512 INFO CHECKSUM 11 12 0: 1.152573
2024-08-01 08:03:24,524 INFO sent 11 -> 12 # 0 at 251860584, 0.454934 0.883693
2024-08-01 08:03:24,524 INFO recv 11 -> 12 # 0 at 264678145, 0.454934 0.883693
2024-08-01 08:03:24,778 INFO CHECKSUM 11 13 0: 1.152573
2024-08-01 08:03:24,778 INFO CHECKSUM 11 13 0: 1.152573
2024-08-01 08:03:24,798 INFO sent 11 -> 13 # 0 at 214066355, 0.454934 0.883693
2024-08-01 08:03:24,798 INFO recv 11 -> 13 # 0 at 231067231, 0.454934 0.883693
2024-08-01 08:03:25,023 INFO CHECKSUM 11 14 0: 1.152573
2024-08-01 08:03:25,035 INFO sent 11 -> 14 # 0 at 210207111, 0.454934 0.883693
2024-08-01 08:03:25,024 INFO CHECKSUM 11 14 0: 1.152573
2024-08-01 08:03:25,035 INFO recv 11 -> 14 # 0 at 229709675, 0.454934 0.883693
2024-08-01 08:03:25,294 INFO CHECKSUM 11 15 0: 1.152573
2024-08-01 08:03:25,294 INFO CHECKSUM 11 15 0: 1.152573
2024-08-01 08:03:25,308 INFO Accepting from rank 12
2024-08-01 08:03:25,308 INFO Accepting from rank 12
2024-08-01 08:03:25,308 INFO Accepting from rank 12
2024-08-01 08:03:25,308 INFO Sending from rank 12
2024-08-01 08:03:25,308 INFO Accepting from rank 12
2024-08-01 08:03:25,308 INFO Accepting from rank 12
2024-08-01 08:03:25,308 INFO Accepting from rank 12
2024-08-01 08:03:25,308 INFO Accepting from rank 12
2024-08-01 08:03:25,308 INFO sent 11 -> 15 # 0 at 232815783, 0.454934 0.883693
2024-08-01 08:03:25,308 INFO recv 11 -> 15 # 0 at 246922259, 0.454934 0.883693
2024-08-01 08:03:25,308 INFO Accepting from rank 12
2024-08-01 08:03:25,308 INFO Accepting from rank 12
2024-08-01 08:03:25,310 INFO Accepting from rank 12
2024-08-01 08:03:25,310 INFO Accepting from rank 12
2024-08-01 08:03:25,310 INFO Accepting from rank 12
2024-08-01 08:03:25,310 INFO Accepting from rank 12
2024-08-01 08:03:25,310 INFO Accepting from rank 12
2024-08-01 08:03:25,310 INFO Accepting from rank 12
2024-08-01 08:03:25,424 INFO CHECKSUM 12 0 0: 1.778265
2024-08-01 08:03:25,425 INFO CHECKSUM 12 0 0: 1.778265
2024-08-01 08:03:25,434 INFO sent 12 -> 0 # 0 at 87222349, 0.545582 0.357984
2024-08-01 08:03:25,434 INFO recv 12 -> 0 # 0 at 96693165, 0.545582 0.357984
2024-08-01 08:03:25,448 INFO CHECKSUM 12 1 0: 1.778265
2024-08-01 08:03:25,448 INFO CHECKSUM 12 1 0: 1.778265
2024-08-01 08:03:25,464 INFO recv 12 -> 1 # 0 at 30478834, 0.545582 0.357984
2024-08-01 08:03:25,464 INFO sent 12 -> 1 # 0 at 13846550, 0.545582 0.357984
2024-08-01 08:03:25,504 INFO CHECKSUM 12 2 0: 1.778265
2024-08-01 08:03:25,504 INFO CHECKSUM 12 2 0: 1.778265
2024-08-01 08:03:25,520 INFO sent 12 -> 2 # 0 at 22882379, 0.545582 0.357984
2024-08-01 08:03:25,529 INFO recv 12 -> 2 # 0 at 48088955, 0.545582 0.357984
2024-08-01 08:03:25,557 INFO CHECKSUM 12 3 0: 1.778265
2024-08-01 08:03:25,557 INFO CHECKSUM 12 3 0: 1.778265
2024-08-01 08:03:25,563 INFO sent 12 -> 3 # 0 at 14062778, 0.545582 0.357984
2024-08-01 08:03:25,563 INFO recv 12 -> 3 # 0 at 20135121, 0.545582 0.357984
2024-08-01 08:03:25,592 INFO CHECKSUM 12 4 0: 1.778265
2024-08-01 08:03:25,593 INFO CHECKSUM 12 4 0: 1.778265
2024-08-01 08:03:25,615 INFO sent 12 -> 4 # 0 at 14321219, 0.545582 0.357984
2024-08-01 08:03:25,615 INFO recv 12 -> 4 # 0 at 37274112, 0.545582 0.357984
2024-08-01 08:03:25,643 INFO CHECKSUM 12 5 0: 1.778265
2024-08-01 08:03:25,644 INFO CHECKSUM 12 5 0: 1.778265
2024-08-01 08:03:25,658 INFO sent 12 -> 5 # 0 at 14620368, 0.545582 0.357984
2024-08-01 08:03:25,658 INFO recv 12 -> 5 # 0 at 28982422, 0.545582 0.357984
2024-08-01 08:03:25,672 INFO CHECKSUM 12 6 0: 1.778265
2024-08-01 08:03:25,673 INFO CHECKSUM 12 6 0: 1.778265
2024-08-01 08:03:25,690 INFO sent 12 -> 6 # 0 at 14064492, 0.545582 0.357984
2024-08-01 08:03:25,690 INFO recv 12 -> 6 # 0 at 31643328, 0.545582 0.357984
2024-08-01 08:03:25,779 INFO CHECKSUM 12 7 0: 1.778265
2024-08-01 08:03:25,780 INFO CHECKSUM 12 7 0: 1.778265
2024-08-01 08:03:25,802 INFO sent 12 -> 7 # 0 at 73493086, 0.545582 0.357984
2024-08-01 08:03:25,815 INFO recv 12 -> 7 # 0 at 109342429, 0.545582 0.357984
2024-08-01 08:03:25,859 INFO CHECKSUM 12 8 0: 1.778265
2024-08-01 08:03:25,859 INFO CHECKSUM 12 8 0: 1.778265
2024-08-01 08:03:25,874 INFO recv 12 -> 8 # 0 at 44519698, 0.545582 0.357984
2024-08-01 08:03:25,874 INFO sent 12 -> 8 # 0 at 30047116, 0.545582 0.357984
2024-08-01 08:03:25,912 INFO CHECKSUM 12 9 0: 1.778265
2024-08-01 08:03:25,912 INFO CHECKSUM 12 9 0: 1.778265
2024-08-01 08:03:25,925 INFO sent 12 -> 9 # 0 at 18628947, 0.545582 0.357984
2024-08-01 08:03:25,929 INFO recv 12 -> 9 # 0 at 31692186, 0.545582 0.357984
2024-08-01 08:03:26,043 INFO CHECKSUM 12 10 0: 1.778265
2024-08-01 08:03:26,044 INFO CHECKSUM 12 10 0: 1.778265
2024-08-01 08:03:26,068 INFO sent 12 -> 10 # 0 at 89517271, 0.545582 0.357984
2024-08-01 08:03:26,070 INFO recv 12 -> 10 # 0 at 116213006, 0.545582 0.357984
2024-08-01 08:03:26,166 INFO CHECKSUM 12 11 0: 1.778265
2024-08-01 08:03:26,167 INFO CHECKSUM 12 11 0: 1.778265
2024-08-01 08:03:26,181 INFO sent 12 -> 11 # 0 at 80404393, 0.545582 0.357984
2024-08-01 08:03:26,186 INFO recv 12 -> 11 # 0 at 100111630, 0.545582 0.357984
2024-08-01 08:03:26,344 INFO CHECKSUM 12 13 0: 1.778265
2024-08-01 08:03:26,345 INFO CHECKSUM 12 13 0: 1.778265
2024-08-01 08:03:26,360 INFO sent 12 -> 13 # 0 at 142105987, 0.545582 0.357984
2024-08-01 08:03:26,361 INFO recv 12 -> 13 # 0 at 159234389, 0.545582 0.357984
2024-08-01 08:03:26,563 INFO CHECKSUM 12 14 0: 1.778265
2024-08-01 08:03:26,563 INFO CHECKSUM 12 14 0: 1.778265
2024-08-01 08:03:26,596 INFO sent 12 -> 14 # 0 at 185517802, 0.545582 0.357984
2024-08-01 08:03:26,596 INFO recv 12 -> 14 # 0 at 219328643, 0.545582 0.357984
2024-08-01 08:03:26,781 INFO CHECKSUM 12 15 0: 1.778265
2024-08-01 08:03:26,780 INFO CHECKSUM 12 15 0: 1.778265
2024-08-01 08:03:26,790 INFO Accepting from rank 13
2024-08-01 08:03:26,790 INFO Sending from rank 13
2024-08-01 08:03:26,790 INFO Accepting from rank 13
2024-08-01 08:03:26,790 INFO Accepting from rank 13
2024-08-01 08:03:26,790 INFO Accepting from rank 13
2024-08-01 08:03:26,790 INFO Accepting from rank 13
2024-08-01 08:03:26,790 INFO Accepting from rank 13
2024-08-01 08:03:26,790 INFO sent 12 -> 15 # 0 at 178339699, 0.545582 0.357984
2024-08-01 08:03:26,790 INFO Accepting from rank 13
2024-08-01 08:03:26,790 INFO Accepting from rank 13
2024-08-01 08:03:26,790 INFO recv 12 -> 15 # 0 at 187245847, 0.545582 0.357984
2024-08-01 08:03:26,790 INFO Accepting from rank 13
2024-08-01 08:03:26,790 INFO Accepting from rank 13
2024-08-01 08:03:26,790 INFO Accepting from rank 13
2024-08-01 08:03:26,790 INFO Accepting from rank 13
2024-08-01 08:03:26,790 INFO Accepting from rank 13
2024-08-01 08:03:26,792 INFO Accepting from rank 13
2024-08-01 08:03:26,792 INFO Accepting from rank 13
2024-08-01 08:03:26,827 INFO CHECKSUM 13 0 0: 2.057240
2024-08-01 08:03:26,836 INFO CHECKSUM 13 0 0: 2.057240
2024-08-01 08:03:26,850 INFO recv 13 -> 0 # 0 at 37147269, 0.493347 0.665577
2024-08-01 08:03:26,858 INFO sent 13 -> 0 # 0 at 14089049, 0.493347 0.665577
2024-08-01 08:03:26,873 INFO CHECKSUM 13 1 0: 2.057240
2024-08-01 08:03:26,873 INFO CHECKSUM 13 1 0: 2.057240
2024-08-01 08:03:26,885 INFO sent 13 -> 1 # 0 at 14426502, 0.493347 0.665577
2024-08-01 08:03:26,885 INFO recv 13 -> 1 # 0 at 27266929, 0.493347 0.665577
2024-08-01 08:03:26,901 INFO CHECKSUM 13 2 0: 2.057240
2024-08-01 08:03:26,900 INFO CHECKSUM 13 2 0: 2.057240
2024-08-01 08:03:26,917 INFO sent 13 -> 2 # 0 at 14647911, 0.493347 0.665577
2024-08-01 08:03:26,917 INFO recv 13 -> 2 # 0 at 31565401, 0.493347 0.665577
2024-08-01 08:03:26,956 INFO CHECKSUM 13 3 0: 2.057240
2024-08-01 08:03:26,956 INFO CHECKSUM 13 3 0: 2.057240
2024-08-01 08:03:26,981 INFO sent 13 -> 3 # 0 at 23003223, 0.493347 0.665577
2024-08-01 08:03:26,987 INFO recv 13 -> 3 # 0 at 54320186, 0.493347 0.665577
2024-08-01 08:03:27,016 INFO CHECKSUM 13 4 0: 2.057240
2024-08-01 08:03:27,026 INFO CHECKSUM 13 4 0: 2.057240
2024-08-01 08:03:27,042 INFO sent 13 -> 4 # 0 at 14542487, 0.493347 0.665577
2024-08-01 08:03:27,042 INFO recv 13 -> 4 # 0 at 40251202, 0.493347 0.665577
2024-08-01 08:03:27,059 INFO CHECKSUM 13 5 0: 2.057240
2024-08-01 08:03:27,060 INFO CHECKSUM 13 5 0: 2.057240
2024-08-01 08:03:27,079 INFO sent 13 -> 5 # 0 at 14079411, 0.493347 0.665577
2024-08-01 08:03:27,079 INFO recv 13 -> 5 # 0 at 33331801, 0.493347 0.665577
2024-08-01 08:03:27,097 INFO CHECKSUM 13 6 0: 2.057240
2024-08-01 08:03:27,097 INFO CHECKSUM 13 6 0: 2.057240
2024-08-01 08:03:27,113 INFO sent 13 -> 6 # 0 at 13954739, 0.493347 0.665577
2024-08-01 08:03:27,113 INFO recv 13 -> 6 # 0 at 30539980, 0.493347 0.665577
2024-08-01 08:03:27,188 INFO CHECKSUM 13 7 0: 2.057240
2024-08-01 08:03:27,188 INFO CHECKSUM 13 7 0: 2.057240
2024-08-01 08:03:27,202 INFO recv 13 -> 7 # 0 at 89019090, 0.493347 0.665577
2024-08-01 08:03:27,208 INFO sent 13 -> 7 # 0 at 74681116, 0.493347 0.665577
2024-08-01 08:03:27,243 INFO CHECKSUM 13 8 0: 2.057240
2024-08-01 08:03:27,254 INFO CHECKSUM 13 8 0: 2.057240
2024-08-01 08:03:27,270 INFO recv 13 -> 8 # 0 at 55858365, 0.493347 0.665577
2024-08-01 08:03:27,274 INFO sent 13 -> 8 # 0 at 28666695, 0.493347 0.665577
2024-08-01 08:03:27,291 INFO CHECKSUM 13 9 0: 2.057240
2024-08-01 08:03:27,292 INFO CHECKSUM 13 9 0: 2.057240
2024-08-01 08:03:27,317 INFO recv 13 -> 9 # 0 at 39526365, 0.493347 0.665577
2024-08-01 08:03:27,317 INFO sent 13 -> 9 # 0 at 13806503, 0.493347 0.665577
2024-08-01 08:03:27,368 INFO CHECKSUM 13 10 0: 2.057240
2024-08-01 08:03:27,368 INFO CHECKSUM 13 10 0: 2.057240
2024-08-01 08:03:27,389 INFO recv 13 -> 10 # 0 at 35545166, 0.493347 0.665577
2024-08-01 08:03:27,389 INFO sent 13 -> 10 # 0 at 14409720, 0.493347 0.665577
2024-08-01 08:03:27,417 INFO CHECKSUM 13 11 0: 2.057240
2024-08-01 08:03:27,417 INFO CHECKSUM 13 11 0: 2.057240
2024-08-01 08:03:27,434 INFO recv 13 -> 11 # 0 at 32002364, 0.493347 0.665577
2024-08-01 08:03:27,434 INFO sent 13 -> 11 # 0 at 14423387, 0.493347 0.665577
2024-08-01 08:03:27,463 INFO CHECKSUM 13 12 0: 2.057240
2024-08-01 08:03:27,464 INFO CHECKSUM 13 12 0: 2.057240
2024-08-01 08:03:27,481 INFO recv 13 -> 12 # 0 at 32021959, 0.493347 0.665577
2024-08-01 08:03:27,481 INFO sent 13 -> 12 # 0 at 14368561, 0.493347 0.665577
2024-08-01 08:03:27,705 INFO CHECKSUM 13 14 0: 2.057240
2024-08-01 08:03:27,705 INFO CHECKSUM 13 14 0: 2.057240
2024-08-01 08:03:27,715 INFO sent 13 -> 14 # 0 at 211967585, 0.493347 0.665577
2024-08-01 08:03:27,715 INFO recv 13 -> 14 # 0 at 222206753, 0.493347 0.665577
2024-08-01 08:03:27,894 INFO CHECKSUM 13 15 0: 2.057240
2024-08-01 08:03:27,895 INFO CHECKSUM 13 15 0: 2.057240
2024-08-01 08:03:27,909 INFO Accepting from rank 14
2024-08-01 08:03:27,909 INFO Accepting from rank 14
2024-08-01 08:03:27,909 INFO Accepting from rank 14
2024-08-01 08:03:27,909 INFO Accepting from rank 14
2024-08-01 08:03:27,909 INFO Sending from rank 14
2024-08-01 08:03:27,909 INFO Accepting from rank 14
2024-08-01 08:03:27,909 INFO Accepting from rank 14
2024-08-01 08:03:27,909 INFO Accepting from rank 14
2024-08-01 08:03:27,909 INFO sent 13 -> 15 # 0 at 178813165, 0.493347 0.665577
2024-08-01 08:03:27,909 INFO Accepting from rank 14
2024-08-01 08:03:27,909 INFO Accepting from rank 14
2024-08-01 08:03:27,909 INFO Accepting from rank 14
2024-08-01 08:03:27,909 INFO recv 13 -> 15 # 0 at 193383645, 0.493347 0.665577
2024-08-01 08:03:27,909 INFO Accepting from rank 14
2024-08-01 08:03:27,909 INFO Accepting from rank 14
2024-08-01 08:03:27,909 INFO Accepting from rank 14
2024-08-01 08:03:27,909 INFO Accepting from rank 14
2024-08-01 08:03:27,909 INFO Accepting from rank 14
2024-08-01 08:03:27,948 INFO CHECKSUM 14 0 0: 1.532239
2024-08-01 08:03:27,948 INFO CHECKSUM 14 0 0: 1.532239
2024-08-01 08:03:27,962 INFO recv 14 -> 0 # 0 at 28176694, 0.712871 0.893451
2024-08-01 08:03:27,974 INFO sent 14 -> 0 # 0 at 14599548, 0.712871 0.893451
2024-08-01 08:03:28,072 INFO CHECKSUM 14 1 0: 1.532239
2024-08-01 08:03:28,072 INFO CHECKSUM 14 1 0: 1.532239
2024-08-01 08:03:28,088 INFO recv 14 -> 1 # 0 at 86696742, 0.712871 0.893451
2024-08-01 08:03:28,093 INFO sent 14 -> 1 # 0 at 82867170, 0.712871 0.893451
2024-08-01 08:03:28,116 INFO CHECKSUM 14 2 0: 1.532239
2024-08-01 08:03:28,116 INFO CHECKSUM 14 2 0: 1.532239
2024-08-01 08:03:28,142 INFO sent 14 -> 2 # 0 at 14809034, 0.712871 0.893451
2024-08-01 08:03:28,150 INFO recv 14 -> 2 # 0 at 48628767, 0.712871 0.893451
2024-08-01 08:03:28,205 INFO CHECKSUM 14 3 0: 1.532239
2024-08-01 08:03:28,206 INFO CHECKSUM 14 3 0: 1.532239
2024-08-01 08:03:28,220 INFO sent 14 -> 3 # 0 at 36261104, 0.712871 0.893451
2024-08-01 08:03:28,229 INFO recv 14 -> 3 # 0 at 59347163, 0.712871 0.893451
2024-08-01 08:03:28,244 INFO CHECKSUM 14 4 0: 1.532239
2024-08-01 08:03:28,245 INFO CHECKSUM 14 4 0: 1.532239
2024-08-01 08:03:28,261 INFO sent 14 -> 4 # 0 at 14684242, 0.712871 0.893451
2024-08-01 08:03:28,261 INFO recv 14 -> 4 # 0 at 31804721, 0.712871 0.893451
2024-08-01 08:03:28,287 INFO CHECKSUM 14 5 0: 1.532239
2024-08-01 08:03:28,287 INFO CHECKSUM 14 5 0: 1.532239
2024-08-01 08:03:28,318 INFO sent 14 -> 5 # 0 at 14009806, 0.712871 0.893451
2024-08-01 08:03:28,318 INFO recv 14 -> 5 # 0 at 45613183, 0.712871 0.893451
2024-08-01 08:03:28,412 INFO CHECKSUM 14 6 0: 1.532239
2024-08-01 08:03:28,412 INFO CHECKSUM 14 6 0: 1.532239
2024-08-01 08:03:28,427 INFO sent 14 -> 6 # 0 at 82339869, 0.712871 0.893451
2024-08-01 08:03:28,427 INFO recv 14 -> 6 # 0 at 97370677, 0.712871 0.893451
2024-08-01 08:03:28,452 INFO CHECKSUM 14 7 0: 1.532239
2024-08-01 08:03:28,462 INFO CHECKSUM 14 7 0: 1.532239
2024-08-01 08:03:28,485 INFO recv 14 -> 7 # 0 at 47766006, 0.712871 0.893451
2024-08-01 08:03:28,485 INFO sent 14 -> 7 # 0 at 14254460, 0.712871 0.893451
2024-08-01 08:03:28,512 INFO CHECKSUM 14 8 0: 1.532239
2024-08-01 08:03:28,512 INFO CHECKSUM 14 8 0: 1.532239
2024-08-01 08:03:28,522 INFO recv 14 -> 8 # 0 at 32551174, 0.712871 0.893451
2024-08-01 08:03:28,522 INFO sent 14 -> 8 # 0 at 22516962, 0.712871 0.893451
2024-08-01 08:03:28,541 INFO CHECKSUM 14 9 0: 1.532239
2024-08-01 08:03:28,542 INFO CHECKSUM 14 9 0: 1.532239
2024-08-01 08:03:28,554 INFO recv 14 -> 9 # 0 at 27103704, 0.712871 0.893451
2024-08-01 08:03:28,553 INFO sent 14 -> 9 # 0 at 14794916, 0.712871 0.893451
2024-08-01 08:03:28,576 INFO CHECKSUM 14 10 0: 1.532239
2024-08-01 08:03:28,576 INFO CHECKSUM 14 10 0: 1.532239
2024-08-01 08:03:28,597 INFO recv 14 -> 10 # 0 at 35252452, 0.712871 0.893451
2024-08-01 08:03:28,597 INFO sent 14 -> 10 # 0 at 14261704, 0.712871 0.893451
2024-08-01 08:03:28,612 INFO CHECKSUM 14 11 0: 1.532239
2024-08-01 08:03:28,613 INFO CHECKSUM 14 11 0: 1.532239
2024-08-01 08:03:28,626 INFO sent 14 -> 11 # 0 at 14067458, 0.712871 0.893451
2024-08-01 08:03:28,634 INFO recv 14 -> 11 # 0 at 35244976, 0.712871 0.893451
2024-08-01 08:03:28,661 INFO CHECKSUM 14 12 0: 1.532239
2024-08-01 08:03:28,661 INFO CHECKSUM 14 12 0: 1.532239
2024-08-01 08:03:28,678 INFO recv 14 -> 12 # 0 at 31292086, 0.712871 0.893451
2024-08-01 08:03:28,678 INFO sent 14 -> 12 # 0 at 14726855, 0.712871 0.893451
2024-08-01 08:03:28,696 INFO CHECKSUM 14 13 0: 1.532239
2024-08-01 08:03:28,696 INFO CHECKSUM 14 13 0: 1.532239
2024-08-01 08:03:28,713 INFO sent 14 -> 13 # 0 at 14226445, 0.712871 0.893451
2024-08-01 08:03:28,718 INFO recv 14 -> 13 # 0 at 37104796, 0.712871 0.893451
2024-08-01 08:03:28,932 INFO CHECKSUM 14 15 0: 1.532239
2024-08-01 08:03:28,933 INFO CHECKSUM 14 15 0: 1.532239
2024-08-01 08:03:28,946 INFO Accepting from rank 15
2024-08-01 08:03:28,946 INFO Accepting from rank 15
2024-08-01 08:03:28,946 INFO Accepting from rank 15
2024-08-01 08:03:28,946 INFO Accepting from rank 15
2024-08-01 08:03:28,946 INFO Accepting from rank 15
2024-08-01 08:03:28,946 INFO Accepting from rank 15
2024-08-01 08:03:28,946 INFO Accepting from rank 15
2024-08-01 08:03:28,946 INFO Accepting from rank 15
2024-08-01 08:03:28,946 INFO sent 14 -> 15 # 0 at 213501385, 0.712871 0.893451
2024-08-01 08:03:28,946 INFO Accepting from rank 15
2024-08-01 08:03:28,946 INFO Accepting from rank 15
2024-08-01 08:03:28,946 INFO recv 14 -> 15 # 0 at 227425264, 0.712871 0.893451
2024-08-01 08:03:28,946 INFO Accepting from rank 15
2024-08-01 08:03:28,946 INFO Accepting from rank 15
2024-08-01 08:03:28,946 INFO Accepting from rank 15
2024-08-01 08:03:28,946 INFO Sending from rank 15
2024-08-01 08:03:28,950 INFO Accepting from rank 15
2024-08-01 08:03:28,950 INFO Accepting from rank 15
2024-08-01 08:03:28,993 INFO CHECKSUM 15 0 0: 2.407658
2024-08-01 08:03:29,001 INFO CHECKSUM 15 0 0: 2.407658
2024-08-01 08:03:29,014 INFO recv 15 -> 0 # 0 at 34996069, 0.047856 0.433395
2024-08-01 08:03:29,019 INFO sent 15 -> 0 # 0 at 14027551, 0.047856 0.433395
2024-08-01 08:03:29,132 INFO CHECKSUM 15 1 0: 2.407658
2024-08-01 08:03:29,132 INFO CHECKSUM 15 1 0: 2.407658
2024-08-01 08:03:29,145 INFO sent 15 -> 1 # 0 at 97653439, 0.047856 0.433395
2024-08-01 08:03:29,145 INFO recv 15 -> 1 # 0 at 104852033, 0.047856 0.433395
2024-08-01 08:03:29,168 INFO CHECKSUM 15 2 0: 2.407658
2024-08-01 08:03:29,168 INFO CHECKSUM 15 2 0: 2.407658
2024-08-01 08:03:29,194 INFO recv 15 -> 2 # 0 at 48223936, 0.047856 0.433395
2024-08-01 08:03:29,194 INFO sent 15 -> 2 # 0 at 22706178, 0.047856 0.433395
2024-08-01 08:03:29,267 INFO CHECKSUM 15 3 0: 2.407658
2024-08-01 08:03:29,268 INFO CHECKSUM 15 3 0: 2.407658
2024-08-01 08:03:29,289 INFO sent 15 -> 3 # 0 at 70434216, 0.047856 0.433395
2024-08-01 08:03:29,292 INFO recv 15 -> 3 # 0 at 95077378, 0.047856 0.433395
2024-08-01 08:03:29,316 INFO CHECKSUM 15 4 0: 2.407658
2024-08-01 08:03:29,317 INFO CHECKSUM 15 4 0: 2.407658
2024-08-01 08:03:29,337 INFO sent 15 -> 4 # 0 at 14063980, 0.047856 0.433395
2024-08-01 08:03:29,337 INFO recv 15 -> 4 # 0 at 35085049, 0.047856 0.433395
2024-08-01 08:03:29,424 INFO CHECKSUM 15 5 0: 2.407658
2024-08-01 08:03:29,425 INFO CHECKSUM 15 5 0: 2.407658
2024-08-01 08:03:29,445 INFO sent 15 -> 5 # 0 at 86489080, 0.047856 0.433395
2024-08-01 08:03:29,445 INFO recv 15 -> 5 # 0 at 96051990, 0.047856 0.433395
2024-08-01 08:03:29,560 INFO CHECKSUM 15 6 0: 2.407658
2024-08-01 08:03:29,573 INFO sent 15 -> 6 # 0 at 94875153, 0.047856 0.433395
2024-08-01 08:03:29,560 INFO CHECKSUM 15 6 0: 2.407658
2024-08-01 08:03:29,573 INFO recv 15 -> 6 # 0 at 108437624, 0.047856 0.433395
2024-08-01 08:03:29,595 INFO CHECKSUM 15 7 0: 2.407658
2024-08-01 08:03:29,605 INFO sent 15 -> 7 # 0 at 14632622, 0.047856 0.433395
2024-08-01 08:03:29,595 INFO CHECKSUM 15 7 0: 2.407658
2024-08-01 08:03:29,605 INFO recv 15 -> 7 # 0 at 25465946, 0.047856 0.433395
2024-08-01 08:03:29,651 INFO CHECKSUM 15 8 0: 2.407658
2024-08-01 08:03:29,651 INFO CHECKSUM 15 8 0: 2.407658
2024-08-01 08:03:29,659 INFO recv 15 -> 8 # 0 at 41652000, 0.047856 0.433395
2024-08-01 08:03:29,659 INFO sent 15 -> 8 # 0 at 33093533, 0.047856 0.433395
2024-08-01 08:03:29,755 INFO CHECKSUM 15 9 0: 2.407658
2024-08-01 08:03:29,768 INFO CHECKSUM 15 9 0: 2.407658
2024-08-01 08:03:29,786 INFO recv 15 -> 9 # 0 at 115751103, 0.047856 0.433395
2024-08-01 08:03:29,786 INFO sent 15 -> 9 # 0 at 84725748, 0.047856 0.433395
2024-08-01 08:03:29,805 INFO CHECKSUM 15 10 0: 2.407658
2024-08-01 08:03:29,805 INFO CHECKSUM 15 10 0: 2.407658
2024-08-01 08:03:29,829 INFO sent 15 -> 10 # 0 at 14754427, 0.047856 0.433395
2024-08-01 08:03:29,829 INFO recv 15 -> 10 # 0 at 39247356, 0.047856 0.433395
2024-08-01 08:03:29,848 INFO CHECKSUM 15 11 0: 2.407658
2024-08-01 08:03:29,849 INFO CHECKSUM 15 11 0: 2.407658
2024-08-01 08:03:29,862 INFO sent 15 -> 11 # 0 at 13926806, 0.047856 0.433395
2024-08-01 08:03:29,862 INFO recv 15 -> 11 # 0 at 27892347, 0.047856 0.433395
2024-08-01 08:03:29,912 INFO CHECKSUM 15 12 0: 2.407658
2024-08-01 08:03:29,916 INFO CHECKSUM 15 12 0: 2.407658
2024-08-01 08:03:29,929 INFO recv 15 -> 12 # 0 at 38653674, 0.047856 0.433395
2024-08-01 08:03:29,933 INFO sent 15 -> 12 # 0 at 21100080, 0.047856 0.433395
2024-08-01 08:03:30,024 INFO CHECKSUM 15 13 0: 2.407658
2024-08-01 08:03:30,024 INFO CHECKSUM 15 13 0: 2.407658
2024-08-01 08:03:30,043 INFO recv 15 -> 13 # 0 at 96521709, 0.047856 0.433395
2024-08-01 08:03:30,043 INFO sent 15 -> 13 # 0 at 78070276, 0.047856 0.433395
2024-08-01 08:03:30,059 INFO CHECKSUM 15 14 0: 2.407658
2024-08-01 08:03:30,059 INFO CHECKSUM 15 14 0: 2.407658
2024-08-01 08:03:30,074 INFO Rank 12 start All-Reduce
2024-08-01 08:03:30,074 INFO Rank 0 start All-Reduce
2024-08-01 08:03:30,074 INFO Rank 8 start All-Reduce
2024-08-01 08:03:30,074 INFO Rank 1 start All-Reduce
2024-08-01 08:03:30,074 INFO Rank 4 start All-Reduce
2024-08-01 08:03:30,074 INFO Rank 9 start All-Reduce
2024-08-01 08:03:30,074 INFO Rank 13 start All-Reduce
2024-08-01 08:03:30,074 INFO Rank 2 start All-Reduce
2024-08-01 08:03:30,074 INFO Rank 5 start All-Reduce
2024-08-01 08:03:30,074 INFO Rank 10 start All-Reduce
2024-08-01 08:03:30,074 INFO sent 15 -> 14 # 0 at 13878672, 0.047856 0.433395
2024-08-01 08:03:30,074 INFO Rank 3 start All-Reduce
2024-08-01 08:03:30,074 INFO Rank 6 start All-Reduce
2024-08-01 08:03:30,074 INFO Rank 11 start All-Reduce
2024-08-01 08:03:30,074 INFO recv 15 -> 14 # 0 at 29506871, 0.047856 0.433395
2024-08-01 08:03:30,074 INFO Rank 3 HIT BARRIER
2024-08-01 08:03:30,074 INFO Rank 7 start All-Reduce
2024-08-01 08:03:30,074 INFO Rank 14 start All-Reduce
2024-08-01 08:03:30,074 INFO Rank 0 HIT BARRIER
2024-08-01 08:03:30,074 INFO Rank 15 start All-Reduce
2024-08-01 08:03:30,074 INFO Rank 1 HIT BARRIER
2024-08-01 08:03:30,074 INFO Rank 2 HIT BARRIER
2024-08-01 08:03:30,078 INFO Added key: store_based_barrier_key:2 to store for rank: 11
2024-08-01 08:03:30,078 INFO Added key: store_based_barrier_key:2 to store for rank: 8
2024-08-01 08:03:30,078 INFO Added key: store_based_barrier_key:2 to store for rank: 13
2024-08-01 08:03:30,078 INFO Added key: store_based_barrier_key:2 to store for rank: 2
2024-08-01 08:03:30,078 INFO Added key: store_based_barrier_key:2 to store for rank: 4
2024-08-01 08:03:30,078 INFO Added key: store_based_barrier_key:2 to store for rank: 9
2024-08-01 08:03:30,078 INFO Added key: store_based_barrier_key:2 to store for rank: 3
2024-08-01 08:03:30,078 INFO Added key: store_based_barrier_key:2 to store for rank: 6
2024-08-01 08:03:30,078 INFO Added key: store_based_barrier_key:2 to store for rank: 10
2024-08-01 08:03:30,078 INFO Added key: store_based_barrier_key:2 to store for rank: 12
2024-08-01 08:03:30,078 INFO Added key: store_based_barrier_key:2 to store for rank: 1
2024-08-01 08:03:30,078 INFO Added key: store_based_barrier_key:2 to store for rank: 7
2024-08-01 08:03:30,078 INFO Added key: store_based_barrier_key:2 to store for rank: 15
2024-08-01 08:03:30,079 INFO Added key: store_based_barrier_key:2 to store for rank: 0
2024-08-01 08:03:30,078 INFO Added key: store_based_barrier_key:2 to store for rank: 5
2024-08-01 08:03:30,078 INFO Added key: store_based_barrier_key:2 to store for rank: 14
2024-08-01 08:03:30,079 INFO Rank 0: Completed store-based barrier for key:store_based_barrier_key:2 with 16 nodes.
2024-08-01 08:03:30,079 INFO Made group
2024-08-01 08:03:30,088 INFO Rank 11: Completed store-based barrier for key:store_based_barrier_key:2 with 16 nodes.
2024-08-01 08:03:30,088 INFO Rank 2: Completed store-based barrier for key:store_based_barrier_key:2 with 16 nodes.
2024-08-01 08:03:30,089 INFO Rank 8: Completed store-based barrier for key:store_based_barrier_key:2 with 16 nodes.
2024-08-01 08:03:30,089 INFO Rank 3: Completed store-based barrier for key:store_based_barrier_key:2 with 16 nodes.
2024-08-01 08:03:30,089 INFO Rank 9: Completed store-based barrier for key:store_based_barrier_key:2 with 16 nodes.
2024-08-01 08:03:30,089 INFO Rank 13: Completed store-based barrier for key:store_based_barrier_key:2 with 16 nodes.
2024-08-01 08:03:30,089 INFO Made group
2024-08-01 08:03:30,089 INFO Rank 5: Completed store-based barrier for key:store_based_barrier_key:2 with 16 nodes.
2024-08-01 08:03:30,089 INFO Rank 10: Completed store-based barrier for key:store_based_barrier_key:2 with 16 nodes.
2024-08-01 08:03:30,089 INFO Made group
2024-08-01 08:03:30,089 INFO Rank 4: Completed store-based barrier for key:store_based_barrier_key:2 with 16 nodes.
2024-08-01 08:03:30,089 INFO Rank 14: Completed store-based barrier for key:store_based_barrier_key:2 with 16 nodes.
2024-08-01 08:03:30,089 INFO Rank 1: Completed store-based barrier for key:store_based_barrier_key:2 with 16 nodes.
2024-08-01 08:03:30,089 INFO Rank 6: Completed store-based barrier for key:store_based_barrier_key:2 with 16 nodes.
2024-08-01 08:03:30,089 INFO Rank 15: Completed store-based barrier for key:store_based_barrier_key:2 with 16 nodes.
2024-08-01 08:03:30,089 INFO Made group
2024-08-01 08:03:30,089 INFO Rank 7: Completed store-based barrier for key:store_based_barrier_key:2 with 16 nodes.
2024-08-01 08:03:30,089 INFO Rank 12: Completed store-based barrier for key:store_based_barrier_key:2 with 16 nodes.
2024-08-01 08:03:30,386 INFO Node Reduce CHECKSUM 1: 5.554352
2024-08-01 08:03:30,387 INFO Node Reduce CHECKSUM 2: 5.554352
2024-08-01 08:03:30,384 INFO Node Reduce CHECKSUM 0: 5.554352
2024-08-01 08:03:30,381 INFO Node Reduce CHECKSUM 3: 5.554352
2024-08-01 08:03:30,404 INFO Node Reduce rank 0 at 326570707
2024-08-01 08:03:30,404 INFO Node Reduce rank 2 at 326564385
2024-08-01 08:03:30,404 INFO Rank 4 HIT BARRIER
2024-08-01 08:03:30,404 INFO Rank 6 HIT BARRIER
2024-08-01 08:03:30,404 INFO Rank 5 HIT BARRIER
2024-08-01 08:03:30,404 INFO Rank 7 HIT BARRIER
2024-08-01 08:03:30,410 INFO Node Reduce rank 1 at 332359423
2024-08-01 08:03:30,410 INFO Node Reduce rank 3 at 332387368
2024-08-01 08:03:30,417 INFO Added key: store_based_barrier_key:3 to store for rank: 0
2024-08-01 08:03:30,418 INFO Added key: store_based_barrier_key:3 to store for rank: 10
2024-08-01 08:03:30,418 INFO Added key: store_based_barrier_key:3 to store for rank: 15
2024-08-01 08:03:30,418 INFO Added key: store_based_barrier_key:3 to store for rank: 2
2024-08-01 08:03:30,418 INFO Added key: store_based_barrier_key:3 to store for rank: 11
2024-08-01 08:03:30,418 INFO Added key: store_based_barrier_key:3 to store for rank: 1
2024-08-01 08:03:30,418 INFO Added key: store_based_barrier_key:3 to store for rank: 8
2024-08-01 08:03:30,418 INFO Added key: store_based_barrier_key:3 to store for rank: 12
2024-08-01 08:03:30,418 INFO Added key: store_based_barrier_key:3 to store for rank: 3
2024-08-01 08:03:30,418 INFO Added key: store_based_barrier_key:3 to store for rank: 9
2024-08-01 08:03:30,418 INFO Added key: store_based_barrier_key:3 to store for rank: 13
2024-08-01 08:03:30,418 INFO Rank 11: Completed store-based barrier for key:store_based_barrier_key:3 with 16 nodes.
2024-08-01 08:03:30,418 INFO Added key: store_based_barrier_key:3 to store for rank: 14
2024-08-01 08:03:30,419 INFO Added key: store_based_barrier_key:3 to store for rank: 4
2024-08-01 08:03:30,418 INFO Rank 8: Completed store-based barrier for key:store_based_barrier_key:3 with 16 nodes.
2024-08-01 08:03:30,418 INFO Rank 13: Completed store-based barrier for key:store_based_barrier_key:3 with 16 nodes.
2024-08-01 08:03:30,419 INFO Added key: store_based_barrier_key:3 to store for rank: 6
2024-08-01 08:03:30,418 INFO Rank 9: Completed store-based barrier for key:store_based_barrier_key:3 with 16 nodes.
2024-08-01 08:03:30,418 INFO Rank 12: Completed store-based barrier for key:store_based_barrier_key:3 with 16 nodes.
2024-08-01 08:03:30,419 INFO Added key: store_based_barrier_key:3 to store for rank: 7
2024-08-01 08:03:30,418 INFO Rank 14: Completed store-based barrier for key:store_based_barrier_key:3 with 16 nodes.
2024-08-01 08:03:30,419 INFO Added key: store_based_barrier_key:3 to store for rank: 5
2024-08-01 08:03:30,419 INFO Rank 6: Completed store-based barrier for key:store_based_barrier_key:3 with 16 nodes.
2024-08-01 08:03:30,419 INFO Rank 5: Completed store-based barrier for key:store_based_barrier_key:3 with 16 nodes.
2024-08-01 08:03:30,419 INFO Rank 7: Completed store-based barrier for key:store_based_barrier_key:3 with 16 nodes.
2024-08-01 08:03:30,419 INFO Made group
2024-08-01 08:03:30,419 INFO Rank 4: Completed store-based barrier for key:store_based_barrier_key:3 with 16 nodes.
2024-08-01 08:03:30,419 INFO Made group
2024-08-01 08:03:30,419 INFO Made group
2024-08-01 08:03:30,419 INFO Made group
2024-08-01 08:03:30,428 INFO Rank 0: Completed store-based barrier for key:store_based_barrier_key:3 with 16 nodes.
2024-08-01 08:03:30,428 INFO Rank 10: Completed store-based barrier for key:store_based_barrier_key:3 with 16 nodes.
2024-08-01 08:03:30,428 INFO Rank 2: Completed store-based barrier for key:store_based_barrier_key:3 with 16 nodes.
2024-08-01 08:03:30,428 INFO Rank 15: Completed store-based barrier for key:store_based_barrier_key:3 with 16 nodes.
2024-08-01 08:03:30,428 INFO Rank 3: Completed store-based barrier for key:store_based_barrier_key:3 with 16 nodes.
2024-08-01 08:03:30,428 INFO Rank 1: Completed store-based barrier for key:store_based_barrier_key:3 with 16 nodes.
2024-08-01 08:03:30,765 INFO Node Reduce CHECKSUM 5: 6.174159
2024-08-01 08:03:30,712 INFO Node Reduce CHECKSUM 6: 6.174159
2024-08-01 08:03:30,708 INFO Node Reduce CHECKSUM 4: 6.174159
2024-08-01 08:03:30,769 INFO Node Reduce CHECKSUM 7: 6.174159
2024-08-01 08:03:30,786 INFO Node Reduce rank 4 at 369097154
2024-08-01 08:03:30,787 INFO Rank 8 HIT BARRIER
2024-08-01 08:03:30,786 INFO Node Reduce rank 5 at 368717929
2024-08-01 08:03:30,787 INFO Rank 9 HIT BARRIER
2024-08-01 08:03:30,786 INFO Node Reduce rank 6 at 368916454
2024-08-01 08:03:30,787 INFO Rank 11 HIT BARRIER
2024-08-01 08:03:30,786 INFO Node Reduce rank 7 at 368711798
2024-08-01 08:03:30,787 INFO Rank 10 HIT BARRIER
2024-08-01 08:03:30,795 INFO Added key: store_based_barrier_key:4 to store for rank: 3
2024-08-01 08:03:30,795 INFO Added key: store_based_barrier_key:4 to store for rank: 1
2024-08-01 08:03:30,795 INFO Added key: store_based_barrier_key:4 to store for rank: 11
2024-08-01 08:03:30,795 INFO Added key: store_based_barrier_key:4 to store for rank: 15
2024-08-01 08:03:30,795 INFO Added key: store_based_barrier_key:4 to store for rank: 2
2024-08-01 08:03:30,795 INFO Added key: store_based_barrier_key:4 to store for rank: 4
2024-08-01 08:03:30,795 INFO Added key: store_based_barrier_key:4 to store for rank: 8
2024-08-01 08:03:30,795 INFO Added key: store_based_barrier_key:4 to store for rank: 12
2024-08-01 08:03:30,795 INFO Rank 2: Completed store-based barrier for key:store_based_barrier_key:4 with 16 nodes.
2024-08-01 08:03:30,795 INFO Added key: store_based_barrier_key:4 to store for rank: 6
2024-08-01 08:03:30,795 INFO Added key: store_based_barrier_key:4 to store for rank: 9
2024-08-01 08:03:30,795 INFO Added key: store_based_barrier_key:4 to store for rank: 13
2024-08-01 08:03:30,795 INFO Rank 3: Completed store-based barrier for key:store_based_barrier_key:4 with 16 nodes.
2024-08-01 08:03:30,795 INFO Added key: store_based_barrier_key:4 to store for rank: 7
2024-08-01 08:03:30,795 INFO Added key: store_based_barrier_key:4 to store for rank: 10
2024-08-01 08:03:30,795 INFO Added key: store_based_barrier_key:4 to store for rank: 14
2024-08-01 08:03:30,795 INFO Rank 1: Completed store-based barrier for key:store_based_barrier_key:4 with 16 nodes.
2024-08-01 08:03:30,795 INFO Added key: store_based_barrier_key:4 to store for rank: 5
2024-08-01 08:03:30,795 INFO Rank 11: Completed store-based barrier for key:store_based_barrier_key:4 with 16 nodes.
2024-08-01 08:03:30,795 INFO Rank 15: Completed store-based barrier for key:store_based_barrier_key:4 with 16 nodes.
2024-08-01 08:03:30,795 INFO Added key: store_based_barrier_key:4 to store for rank: 0
2024-08-01 08:03:30,795 INFO Rank 4: Completed store-based barrier for key:store_based_barrier_key:4 with 16 nodes.
2024-08-01 08:03:30,795 INFO Rank 8: Completed store-based barrier for key:store_based_barrier_key:4 with 16 nodes.
2024-08-01 08:03:30,795 INFO Rank 12: Completed store-based barrier for key:store_based_barrier_key:4 with 16 nodes.
2024-08-01 08:03:30,796 INFO Rank 0: Completed store-based barrier for key:store_based_barrier_key:4 with 16 nodes.
2024-08-01 08:03:30,795 INFO Rank 7: Completed store-based barrier for key:store_based_barrier_key:4 with 16 nodes.
2024-08-01 08:03:30,795 INFO Rank 9: Completed store-based barrier for key:store_based_barrier_key:4 with 16 nodes.
2024-08-01 08:03:30,795 INFO Rank 13: Completed store-based barrier for key:store_based_barrier_key:4 with 16 nodes.
2024-08-01 08:03:30,795 INFO Rank 5: Completed store-based barrier for key:store_based_barrier_key:4 with 16 nodes.
2024-08-01 08:03:30,795 INFO Rank 10: Completed store-based barrier for key:store_based_barrier_key:4 with 16 nodes.
2024-08-01 08:03:30,795 INFO Rank 14: Completed store-based barrier for key:store_based_barrier_key:4 with 16 nodes.
2024-08-01 08:03:30,795 INFO Rank 6: Completed store-based barrier for key:store_based_barrier_key:4 with 16 nodes.
2024-08-01 08:03:30,795 INFO Made group
2024-08-01 08:03:30,795 INFO Made group
2024-08-01 08:03:30,795 INFO Made group
2024-08-01 08:03:30,795 INFO Made group
2024-08-01 08:03:31,074 INFO Node Reduce CHECKSUM 8: 4.560239
2024-08-01 08:03:31,137 INFO Node Reduce CHECKSUM 9: 4.560239
2024-08-01 08:03:31,148 INFO Rank 12 HIT BARRIER
2024-08-01 08:03:31,137 INFO Node Reduce CHECKSUM 10: 4.560239
2024-08-01 08:03:31,148 INFO Rank 13 HIT BARRIER
2024-08-01 08:03:31,076 INFO Node Reduce CHECKSUM 11: 4.560239
2024-08-01 08:03:31,148 INFO Rank 14 HIT BARRIER
2024-08-01 08:03:31,148 INFO Node Reduce rank 8 at 354042843
2024-08-01 08:03:31,148 INFO Rank 15 HIT BARRIER
2024-08-01 08:03:31,148 INFO Node Reduce rank 9 at 354051810
2024-08-01 08:03:31,148 INFO Node Reduce rank 10 at 354039947
2024-08-01 08:03:31,148 INFO Node Reduce rank 11 at 354048725
2024-08-01 08:03:31,162 INFO Added key: store_based_barrier_key:5 to store for rank: 2
2024-08-01 08:03:31,162 INFO Added key: store_based_barrier_key:5 to store for rank: 1
2024-08-01 08:03:31,162 INFO Added key: store_based_barrier_key:5 to store for rank: 9
2024-08-01 08:03:31,162 INFO Added key: store_based_barrier_key:5 to store for rank: 12
2024-08-01 08:03:31,162 INFO Added key: store_based_barrier_key:5 to store for rank: 3
2024-08-01 08:03:31,162 INFO Added key: store_based_barrier_key:5 to store for rank: 4
2024-08-01 08:03:31,162 INFO Added key: store_based_barrier_key:5 to store for rank: 10
2024-08-01 08:03:31,162 INFO Added key: store_based_barrier_key:5 to store for rank: 13
2024-08-01 08:03:31,162 INFO Rank 2: Completed store-based barrier for key:store_based_barrier_key:5 with 16 nodes.
2024-08-01 08:03:31,162 INFO Added key: store_based_barrier_key:5 to store for rank: 7
2024-08-01 08:03:31,162 INFO Added key: store_based_barrier_key:5 to store for rank: 11
2024-08-01 08:03:31,162 INFO Added key: store_based_barrier_key:5 to store for rank: 15
2024-08-01 08:03:31,162 INFO Rank 3: Completed store-based barrier for key:store_based_barrier_key:5 with 16 nodes.
2024-08-01 08:03:31,162 INFO Added key: store_based_barrier_key:5 to store for rank: 5
2024-08-01 08:03:31,162 INFO Added key: store_based_barrier_key:5 to store for rank: 8
2024-08-01 08:03:31,162 INFO Added key: store_based_barrier_key:5 to store for rank: 14
2024-08-01 08:03:31,162 INFO Rank 1: Completed store-based barrier for key:store_based_barrier_key:5 with 16 nodes.
2024-08-01 08:03:31,162 INFO Added key: store_based_barrier_key:5 to store for rank: 6
2024-08-01 08:03:31,162 INFO Rank 11: Completed store-based barrier for key:store_based_barrier_key:5 with 16 nodes.
2024-08-01 08:03:31,162 INFO Rank 12: Completed store-based barrier for key:store_based_barrier_key:5 with 16 nodes.
2024-08-01 08:03:31,162 INFO Added key: store_based_barrier_key:5 to store for rank: 0
2024-08-01 08:03:31,162 INFO Rank 4: Completed store-based barrier for key:store_based_barrier_key:5 with 16 nodes.
2024-08-01 08:03:31,162 INFO Rank 8: Completed store-based barrier for key:store_based_barrier_key:5 with 16 nodes.
2024-08-01 08:03:31,162 INFO Rank 13: Completed store-based barrier for key:store_based_barrier_key:5 with 16 nodes.
2024-08-01 08:03:31,163 INFO Rank 0: Completed store-based barrier for key:store_based_barrier_key:5 with 16 nodes.
2024-08-01 08:03:31,162 INFO Rank 6: Completed store-based barrier for key:store_based_barrier_key:5 with 16 nodes.
2024-08-01 08:03:31,162 INFO Rank 9: Completed store-based barrier for key:store_based_barrier_key:5 with 16 nodes.
2024-08-01 08:03:31,162 INFO Rank 15: Completed store-based barrier for key:store_based_barrier_key:5 with 16 nodes.
2024-08-01 08:03:31,162 INFO Rank 7: Completed store-based barrier for key:store_based_barrier_key:5 with 16 nodes.
2024-08-01 08:03:31,162 INFO Rank 10: Completed store-based barrier for key:store_based_barrier_key:5 with 16 nodes.
2024-08-01 08:03:31,162 INFO Made group
2024-08-01 08:03:31,162 INFO Rank 5: Completed store-based barrier for key:store_based_barrier_key:5 with 16 nodes.
2024-08-01 08:03:31,162 INFO Made group
2024-08-01 08:03:31,162 INFO Rank 14: Completed store-based barrier for key:store_based_barrier_key:5 with 16 nodes.
2024-08-01 08:03:31,162 INFO Made group
2024-08-01 08:03:31,162 INFO Made group
2024-08-01 08:03:31,468 INFO Node Reduce CHECKSUM 12: 6.522481
2024-08-01 08:03:31,529 INFO Node Reduce CHECKSUM 13: 6.522481
2024-08-01 08:03:31,472 INFO Node Reduce CHECKSUM 14: 6.522481
2024-08-01 08:03:31,469 INFO Node Reduce CHECKSUM 15: 6.522481
2024-08-01 08:03:31,538 INFO Node Reduce rank 12 at 376881909
2024-08-01 08:03:31,538 INFO Node Reduce rank 14 at 376885987
2024-08-01 08:03:31,538 INFO Node Reduce rank 13 at 376890104
2024-08-01 08:03:31,538 INFO Node Reduce rank 15 at 376891006
2024-08-01 08:03:31,555 INFO All Reduce CHECKSUM 8: 25.596666
2024-08-01 08:03:31,553 INFO All Reduce CHECKSUM 12: 25.596666
2024-08-01 08:03:31,550 INFO All Reduce CHECKSUM 4: 25.596666
2024-08-01 08:03:31,555 INFO All Reduce CHECKSUM 0: 25.596666
2024-08-01 08:03:31,561 INFO All Reduce rank 0 at 11801776
2024-08-01 08:03:31,561 INFO Rank 0 done
2024-08-01 08:03:31,551 INFO All Reduce CHECKSUM 9: 25.596666
2024-08-01 08:03:31,553 INFO All Reduce CHECKSUM 13: 25.596666
2024-08-01 08:03:31,555 INFO All Reduce CHECKSUM 1: 25.596666
2024-08-01 08:03:31,561 INFO All Reduce rank 1 at 11796456
2024-08-01 08:03:31,561 INFO Rank 1 done
2024-08-01 08:03:31,551 INFO All Reduce CHECKSUM 5: 25.596666
2024-08-01 08:03:31,550 INFO All Reduce CHECKSUM 10: 25.596666
2024-08-01 08:03:31,555 INFO All Reduce CHECKSUM 14: 25.596666
2024-08-01 08:03:31,553 INFO All Reduce CHECKSUM 2: 25.596666
2024-08-01 08:03:31,561 INFO All Reduce rank 2 at 11794933
2024-08-01 08:03:31,561 INFO Rank 2 done
2024-08-01 08:03:31,551 INFO All Reduce CHECKSUM 6: 25.596666
2024-08-01 08:03:31,555 INFO All Reduce CHECKSUM 11: 25.596666
2024-08-01 08:03:31,555 INFO All Reduce CHECKSUM 15: 25.596666
2024-08-01 08:03:31,554 INFO All Reduce CHECKSUM 3: 25.596666
2024-08-01 08:03:31,561 INFO All Reduce rank 3 at 11799031
2024-08-01 08:03:31,561 INFO Rank 3 done
2024-08-01 08:03:31,554 INFO All Reduce CHECKSUM 7: 25.596666
2024-08-01 08:03:31,561 INFO All Reduce rank 8 at 11800860
2024-08-01 08:03:31,561 INFO All Reduce rank 12 at 11798897
2024-08-01 08:03:31,561 INFO Rank 12 done
2024-08-01 08:03:31,561 INFO All Reduce rank 5 at 11772406
2024-08-01 08:03:31,561 INFO All Reduce rank 9 at 10237751
2024-08-01 08:03:31,561 INFO All Reduce rank 13 at 11797423
2024-08-01 08:03:31,561 INFO Rank 13 done
2024-08-01 08:03:31,561 INFO All Reduce rank 4 at 11805871
2024-08-01 08:03:31,561 INFO All Reduce rank 10 at 11805429
2024-08-01 08:03:31,561 INFO All Reduce rank 14 at 11794348
2024-08-01 08:03:31,561 INFO Rank 14 done
2024-08-01 08:03:31,561 INFO All Reduce rank 6 at 11799439
2024-08-01 08:03:31,561 INFO All Reduce rank 11 at 10235978
2024-08-01 08:03:31,561 INFO All Reduce rank 15 at 11798706
2024-08-01 08:03:31,561 INFO Rank 15 done
2024-08-01 08:03:31,561 INFO All Reduce rank 7 at 11800390
2024-08-01 08:03:31,561 INFO Rank 8 done
2024-08-01 08:03:31,561 INFO Rank 5 done
2024-08-01 08:03:31,561 INFO Rank 11 done
2024-08-01 08:03:31,561 INFO Rank 7 done
2024-08-01 08:03:31,561 INFO Rank 9 done
2024-08-01 08:03:31,561 INFO Rank 4 done
2024-08-01 08:03:31,561 INFO Rank 10 done
2024-08-01 08:03:31,561 INFO Rank 6 done
