
2024-08-01 08:13:22,790 INFO Initialized rank 12 out of 16
2024-08-01 08:13:22,792 INFO Initialized rank 8 out of 16
2024-08-01 08:13:22,792 INFO Initialized rank 11 out of 16
2024-08-01 08:13:22,792 INFO Initialized rank 4 out of 16
2024-08-01 08:13:22,792 INFO Initialized rank 7 out of 16
2024-08-01 08:13:22,796 INFO Initialized rank 3 out of 16
2024-08-01 08:13:22,797 INFO Initialized rank 13 out of 16
2024-08-01 08:13:22,797 INFO Initialized rank 2 out of 16
2024-08-01 08:13:22,797 INFO Initialized rank 14 out of 16
2024-08-01 08:13:22,797 INFO Initialized rank 1 out of 16
2024-08-01 08:13:22,798 INFO Initialized rank 0 out of 16
2024-08-01 08:13:22,798 INFO Initialized rank 10 out of 16
2024-08-01 08:13:22,799 INFO Initialized rank 9 out of 16
2024-08-01 08:13:22,799 INFO Initialized rank 15 out of 16
2024-08-01 08:13:22,802 INFO Initialized rank 6 out of 16
2024-08-01 08:13:22,805 INFO Initialized rank 5 out of 16
2024-08-01 08:13:25,434 INFO Sync time
2024-08-01 08:13:25,434 INFO Sending from rank 0
2024-08-01 08:13:25,435 INFO Sync time
2024-08-01 08:13:25,435 INFO Sync time
2024-08-01 08:13:25,435 INFO Sync time
2024-08-01 08:13:25,435 INFO Sync time
2024-08-01 08:13:25,435 INFO Sync time
2024-08-01 08:13:25,435 INFO Sync time
2024-08-01 08:13:25,435 INFO Sync time
2024-08-01 08:13:25,435 INFO Sync time
2024-08-01 08:13:25,435 INFO Sync time
2024-08-01 08:13:25,435 INFO Accepting from rank 0
2024-08-01 08:13:25,435 INFO Sync time
2024-08-01 08:13:25,435 INFO Accepting from rank 0
2024-08-01 08:13:25,435 INFO Accepting from rank 0
2024-08-01 08:13:25,435 INFO Accepting from rank 0
2024-08-01 08:13:25,435 INFO Sync time
2024-08-01 08:13:25,435 INFO Accepting from rank 0
2024-08-01 08:13:25,435 INFO Accepting from rank 0
2024-08-01 08:13:25,436 INFO Sync time
2024-08-01 08:13:25,435 INFO Accepting from rank 0
2024-08-01 08:13:25,436 INFO Sync time
2024-08-01 08:13:25,435 INFO Accepting from rank 0
2024-08-01 08:13:25,436 INFO Sync time
2024-08-01 08:13:25,435 INFO Accepting from rank 0
2024-08-01 08:13:25,436 INFO Sync time
2024-08-01 08:13:25,436 INFO Accepting from rank 0
2024-08-01 08:13:25,435 INFO Accepting from rank 0
2024-08-01 08:13:25,436 INFO Accepting from rank 0
2024-08-01 08:13:25,436 INFO Accepting from rank 0
2024-08-01 08:13:25,435 INFO Accepting from rank 0
2024-08-01 08:13:25,436 INFO Accepting from rank 0
2024-08-01 08:13:25,692 INFO CHECKSUM 0 1 0: 2.273061
2024-08-01 08:13:25,694 INFO CHECKSUM 0 1 0: 2.273061
2024-08-01 08:13:25,706 INFO sent 0 -> 1 # 0 at 233287797, 0.737898 0.110770
2024-08-01 08:13:25,706 INFO recv 0 -> 1 # 0 at 244257237, 0.737898 0.110770
2024-08-01 08:13:25,939 INFO CHECKSUM 0 2 0: 2.273061
2024-08-01 08:13:25,940 INFO CHECKSUM 0 2 0: 2.273061
2024-08-01 08:13:25,959 INFO sent 0 -> 2 # 0 at 221432809, 0.737898 0.110770
2024-08-01 08:13:25,960 INFO recv 0 -> 2 # 0 at 242142549, 0.737898 0.110770
2024-08-01 08:13:26,218 INFO CHECKSUM 0 3 0: 2.273061
2024-08-01 08:13:26,220 INFO CHECKSUM 0 3 0: 2.273061
2024-08-01 08:13:26,242 INFO sent 0 -> 3 # 0 at 257881989, 0.737898 0.110770
2024-08-01 08:13:26,246 INFO recv 0 -> 3 # 0 at 285344335, 0.737898 0.110770
2024-08-01 08:13:26,455 INFO CHECKSUM 0 4 0: 2.273061
2024-08-01 08:13:26,457 INFO CHECKSUM 0 4 0: 2.273061
2024-08-01 08:13:26,467 INFO sent 0 -> 4 # 0 at 185806585, 0.737898 0.110770
2024-08-01 08:13:26,467 INFO recv 0 -> 4 # 0 at 197169027, 0.737898 0.110770
2024-08-01 08:13:26,659 INFO CHECKSUM 0 5 0: 2.273061
2024-08-01 08:13:26,661 INFO CHECKSUM 0 5 0: 2.273061
2024-08-01 08:13:26,678 INFO sent 0 -> 5 # 0 at 180901733, 0.737898 0.110770
2024-08-01 08:13:26,678 INFO recv 0 -> 5 # 0 at 200174061, 0.737898 0.110770
2024-08-01 08:13:26,951 INFO CHECKSUM 0 6 0: 2.273061
2024-08-01 08:13:26,953 INFO CHECKSUM 0 6 0: 2.273061
2024-08-01 08:13:26,970 INFO sent 0 -> 6 # 0 at 265438777, 0.737898 0.110770
2024-08-01 08:13:26,981 INFO recv 0 -> 6 # 0 at 295683264, 0.737898 0.110770
2024-08-01 08:13:27,202 INFO CHECKSUM 0 7 0: 2.273061
2024-08-01 08:13:27,204 INFO CHECKSUM 0 7 0: 2.273061
2024-08-01 08:13:27,217 INFO sent 0 -> 7 # 0 at 198818525, 0.737898 0.110770
2024-08-01 08:13:27,219 INFO recv 0 -> 7 # 0 at 204974094, 0.737898 0.110770
2024-08-01 08:13:27,418 INFO CHECKSUM 0 8 0: 2.273061
2024-08-01 08:13:27,421 INFO CHECKSUM 0 8 0: 2.273061
2024-08-01 08:13:27,430 INFO sent 0 -> 8 # 0 at 188824315, 0.737898 0.110770
2024-08-01 08:13:27,430 INFO recv 0 -> 8 # 0 at 200004590, 0.737898 0.110770
2024-08-01 08:13:27,638 INFO CHECKSUM 0 9 0: 2.273061
2024-08-01 08:13:27,640 INFO CHECKSUM 0 9 0: 2.273061
2024-08-01 08:13:27,654 INFO sent 0 -> 9 # 0 at 204730369, 0.737898 0.110770
2024-08-01 08:13:27,654 INFO recv 0 -> 9 # 0 at 220370030, 0.737898 0.110770
2024-08-01 08:13:27,854 INFO CHECKSUM 0 10 0: 2.273061
2024-08-01 08:13:27,856 INFO CHECKSUM 0 10 0: 2.273061
2024-08-01 08:13:27,867 INFO sent 0 -> 10 # 0 at 197872571, 0.737898 0.110770
2024-08-01 08:13:27,867 INFO recv 0 -> 10 # 0 at 211473369, 0.737898 0.110770
2024-08-01 08:13:28,053 INFO CHECKSUM 0 11 0: 2.273061
2024-08-01 08:13:28,054 INFO CHECKSUM 0 11 0: 2.273061
2024-08-01 08:13:28,070 INFO sent 0 -> 11 # 0 at 175180958, 0.737898 0.110770
2024-08-01 08:13:28,070 INFO recv 0 -> 11 # 0 at 192797712, 0.737898 0.110770
2024-08-01 08:13:28,283 INFO CHECKSUM 0 12 0: 2.273061
2024-08-01 08:13:28,285 INFO CHECKSUM 0 12 0: 2.273061
2024-08-01 08:13:28,300 INFO sent 0 -> 12 # 0 at 208961782, 0.737898 0.110770
2024-08-01 08:13:28,300 INFO recv 0 -> 12 # 0 at 225593714, 0.737898 0.110770
2024-08-01 08:13:28,511 INFO CHECKSUM 0 13 0: 2.273061
2024-08-01 08:13:28,513 INFO CHECKSUM 0 13 0: 2.273061
2024-08-01 08:13:28,530 INFO sent 0 -> 13 # 0 at 197330365, 0.737898 0.110770
2024-08-01 08:13:28,530 INFO recv 0 -> 13 # 0 at 215999986, 0.737898 0.110770
2024-08-01 08:13:28,780 INFO CHECKSUM 0 14 0: 2.273061
2024-08-01 08:13:28,781 INFO CHECKSUM 0 14 0: 2.273061
2024-08-01 08:13:28,796 INFO sent 0 -> 14 # 0 at 242303068, 0.737898 0.110770
2024-08-01 08:13:28,796 INFO recv 0 -> 14 # 0 at 258814653, 0.737898 0.110770
2024-08-01 08:13:29,012 INFO CHECKSUM 0 15 0: 2.273061
2024-08-01 08:13:29,013 INFO CHECKSUM 0 15 0: 2.273061
2024-08-01 08:13:29,029 INFO sent 0 -> 15 # 0 at 204256244, 0.737898 0.110770
2024-08-01 08:13:29,029 INFO Accepting from rank 1
2024-08-01 08:13:29,029 INFO Accepting from rank 1
2024-08-01 08:13:29,029 INFO Accepting from rank 1
2024-08-01 08:13:29,029 INFO Accepting from rank 1
2024-08-01 08:13:29,030 INFO Sending from rank 1
2024-08-01 08:13:29,030 INFO Accepting from rank 1
2024-08-01 08:13:29,030 INFO Accepting from rank 1
2024-08-01 08:13:29,030 INFO Accepting from rank 1
2024-08-01 08:13:29,034 INFO Accepting from rank 1
2024-08-01 08:13:29,034 INFO Accepting from rank 1
2024-08-01 08:13:29,034 INFO Accepting from rank 1
2024-08-01 08:13:29,034 INFO Accepting from rank 1
2024-08-01 08:13:29,034 INFO recv 0 -> 15 # 0 at 226720755, 0.737898 0.110770
2024-08-01 08:13:29,034 INFO Accepting from rank 1
2024-08-01 08:13:29,034 INFO Accepting from rank 1
2024-08-01 08:13:29,038 INFO Accepting from rank 1
2024-08-01 08:13:29,038 INFO Accepting from rank 1
2024-08-01 08:13:29,073 INFO CHECKSUM 1 0 0: 2.245565
2024-08-01 08:13:29,073 INFO CHECKSUM 1 0 0: 2.245565
2024-08-01 08:13:29,091 INFO recv 1 -> 0 # 0 at 32753873, 0.847466 0.848710
2024-08-01 08:13:29,091 INFO sent 1 -> 0 # 0 at 14297119, 0.847466 0.848710
2024-08-01 08:13:29,274 INFO CHECKSUM 1 2 0: 2.245565
2024-08-01 08:13:29,274 INFO CHECKSUM 1 2 0: 2.245565
2024-08-01 08:13:29,289 INFO sent 1 -> 2 # 0 at 180364877, 0.847466 0.848710
2024-08-01 08:13:29,289 INFO recv 1 -> 2 # 0 at 195501396, 0.847466 0.848710
2024-08-01 08:13:29,434 INFO CHECKSUM 1 3 0: 2.245565
2024-08-01 08:13:29,434 INFO CHECKSUM 1 3 0: 2.245565
2024-08-01 08:13:29,447 INFO sent 1 -> 3 # 0 at 131817589, 0.847466 0.848710
2024-08-01 08:13:29,447 INFO recv 1 -> 3 # 0 at 145217177, 0.847466 0.848710
2024-08-01 08:13:29,609 INFO CHECKSUM 1 4 0: 2.245565
2024-08-01 08:13:29,617 INFO CHECKSUM 1 4 0: 2.245565
2024-08-01 08:13:29,632 INFO sent 1 -> 4 # 0 at 158311907, 0.847466 0.848710
2024-08-01 08:13:29,632 INFO recv 1 -> 4 # 0 at 182204904, 0.847466 0.848710
2024-08-01 08:13:29,819 INFO CHECKSUM 1 5 0: 2.245565
2024-08-01 08:13:29,820 INFO CHECKSUM 1 5 0: 2.245565
2024-08-01 08:13:29,834 INFO sent 1 -> 5 # 0 at 177952193, 0.847466 0.848710
2024-08-01 08:13:29,842 INFO recv 1 -> 5 # 0 at 200623452, 0.847466 0.848710
2024-08-01 08:13:30,024 INFO CHECKSUM 1 6 0: 2.245565
2024-08-01 08:13:30,024 INFO CHECKSUM 1 6 0: 2.245565
2024-08-01 08:13:30,037 INFO sent 1 -> 6 # 0 at 162373853, 0.847466 0.848710
2024-08-01 08:13:30,037 INFO recv 1 -> 6 # 0 at 176219313, 0.847466 0.848710
2024-08-01 08:13:30,211 INFO CHECKSUM 1 7 0: 2.245565
2024-08-01 08:13:30,212 INFO CHECKSUM 1 7 0: 2.245565
2024-08-01 08:13:30,228 INFO sent 1 -> 7 # 0 at 172428899, 0.847466 0.848710
2024-08-01 08:13:30,228 INFO recv 1 -> 7 # 0 at 189659933, 0.847466 0.848710
2024-08-01 08:13:30,407 INFO CHECKSUM 1 8 0: 2.245565
2024-08-01 08:13:30,422 INFO CHECKSUM 1 8 0: 2.245565
2024-08-01 08:13:30,437 INFO sent 1 -> 8 # 0 at 162047623, 0.847466 0.848710
2024-08-01 08:13:30,437 INFO recv 1 -> 8 # 0 at 192398430, 0.847466 0.848710
2024-08-01 08:13:30,631 INFO CHECKSUM 1 9 0: 2.245565
2024-08-01 08:13:30,632 INFO CHECKSUM 1 9 0: 2.245565
2024-08-01 08:13:30,665 INFO sent 1 -> 9 # 0 at 173728205, 0.847466 0.848710
2024-08-01 08:13:30,665 INFO recv 1 -> 9 # 0 at 214499783, 0.847466 0.848710
2024-08-01 08:13:30,878 INFO CHECKSUM 1 10 0: 2.245565
2024-08-01 08:13:30,879 INFO CHECKSUM 1 10 0: 2.245565
2024-08-01 08:13:30,905 INFO sent 1 -> 10 # 0 at 183889616, 0.847466 0.848710
2024-08-01 08:13:30,905 INFO recv 1 -> 10 # 0 at 220153933, 0.847466 0.848710
2024-08-01 08:13:31,062 INFO CHECKSUM 1 11 0: 2.245565
2024-08-01 08:13:31,063 INFO CHECKSUM 1 11 0: 2.245565
2024-08-01 08:13:31,086 INFO sent 1 -> 11 # 0 at 156259959, 0.847466 0.848710
2024-08-01 08:13:31,086 INFO recv 1 -> 11 # 0 at 180900294, 0.847466 0.848710
2024-08-01 08:13:31,299 INFO CHECKSUM 1 12 0: 2.245565
2024-08-01 08:13:31,299 INFO CHECKSUM 1 12 0: 2.245565
2024-08-01 08:13:31,310 INFO sent 1 -> 12 # 0 at 201391488, 0.847466 0.848710
2024-08-01 08:13:31,310 INFO recv 1 -> 12 # 0 at 212518778, 0.847466 0.848710
2024-08-01 08:13:31,471 INFO CHECKSUM 1 13 0: 2.245565
2024-08-01 08:13:31,472 INFO CHECKSUM 1 13 0: 2.245565
2024-08-01 08:13:31,482 INFO sent 1 -> 13 # 0 at 160547971, 0.847466 0.848710
2024-08-01 08:13:31,482 INFO recv 1 -> 13 # 0 at 171074974, 0.847466 0.848710
2024-08-01 08:13:31,678 INFO CHECKSUM 1 14 0: 2.245565
2024-08-01 08:13:31,679 INFO CHECKSUM 1 14 0: 2.245565
2024-08-01 08:13:31,698 INFO sent 1 -> 14 # 0 at 187942415, 0.847466 0.848710
2024-08-01 08:13:31,698 INFO recv 1 -> 14 # 0 at 207972889, 0.847466 0.848710
2024-08-01 08:13:31,872 INFO CHECKSUM 1 15 0: 2.245565
2024-08-01 08:13:31,872 INFO CHECKSUM 1 15 0: 2.245565
2024-08-01 08:13:31,894 INFO Accepting from rank 2
2024-08-01 08:13:31,894 INFO Accepting from rank 2
2024-08-01 08:13:31,894 INFO Accepting from rank 2
2024-08-01 08:13:31,894 INFO sent 1 -> 15 # 0 at 169554654, 0.847466 0.848710
2024-08-01 08:13:31,894 INFO Sending from rank 2
2024-08-01 08:13:31,894 INFO Accepting from rank 2
2024-08-01 08:13:31,894 INFO Accepting from rank 2
2024-08-01 08:13:31,894 INFO Accepting from rank 2
2024-08-01 08:13:31,894 INFO Accepting from rank 2
2024-08-01 08:13:31,894 INFO Accepting from rank 2
2024-08-01 08:13:31,894 INFO Accepting from rank 2
2024-08-01 08:13:31,894 INFO Accepting from rank 2
2024-08-01 08:13:31,894 INFO recv 1 -> 15 # 0 at 188035601, 0.847466 0.848710
2024-08-01 08:13:31,894 INFO Accepting from rank 2
2024-08-01 08:13:31,894 INFO Accepting from rank 2
2024-08-01 08:13:31,894 INFO Accepting from rank 2
2024-08-01 08:13:31,898 INFO Accepting from rank 2
2024-08-01 08:13:31,898 INFO Accepting from rank 2
2024-08-01 08:13:31,949 INFO CHECKSUM 2 0 0: 1.664554
2024-08-01 08:13:31,949 INFO CHECKSUM 2 0 0: 1.664554
2024-08-01 08:13:31,962 INFO recv 2 -> 0 # 0 at 35897527, 0.860845 0.339741
2024-08-01 08:13:31,962 INFO sent 2 -> 0 # 0 at 22785814, 0.860845 0.339741
2024-08-01 08:13:31,980 INFO CHECKSUM 2 1 0: 1.664554
2024-08-01 08:13:31,981 INFO CHECKSUM 2 1 0: 1.664554
2024-08-01 08:13:31,994 INFO recv 2 -> 1 # 0 at 27890842, 0.860845 0.339741
2024-08-01 08:13:31,994 INFO sent 2 -> 1 # 0 at 14469933, 0.860845 0.339741
2024-08-01 08:13:32,191 INFO CHECKSUM 2 3 0: 1.664554
2024-08-01 08:13:32,192 INFO CHECKSUM 2 3 0: 1.664554
2024-08-01 08:13:32,229 INFO sent 2 -> 3 # 0 at 192188906, 0.860845 0.339741
2024-08-01 08:13:32,231 INFO recv 2 -> 3 # 0 at 232505137, 0.860845 0.339741
2024-08-01 08:13:32,427 INFO CHECKSUM 2 4 0: 1.664554
2024-08-01 08:13:32,428 INFO CHECKSUM 2 4 0: 1.664554
2024-08-01 08:13:32,457 INFO recv 2 -> 4 # 0 at 211232704, 0.860845 0.339741
2024-08-01 08:13:32,458 INFO sent 2 -> 4 # 0 at 181092521, 0.860845 0.339741
2024-08-01 08:13:32,631 INFO CHECKSUM 2 5 0: 1.664554
2024-08-01 08:13:32,632 INFO CHECKSUM 2 5 0: 1.664554
2024-08-01 08:13:32,653 INFO sent 2 -> 5 # 0 at 157225491, 0.860845 0.339741
2024-08-01 08:13:32,653 INFO recv 2 -> 5 # 0 at 179112980, 0.860845 0.339741
2024-08-01 08:13:32,837 INFO CHECKSUM 2 6 0: 1.664554
2024-08-01 08:13:32,848 INFO CHECKSUM 2 6 0: 1.664554
2024-08-01 08:13:32,860 INFO sent 2 -> 6 # 0 at 170757014, 0.860845 0.339741
2024-08-01 08:13:32,861 INFO recv 2 -> 6 # 0 at 194689951, 0.860845 0.339741
2024-08-01 08:13:33,039 INFO CHECKSUM 2 7 0: 1.664554
2024-08-01 08:13:33,051 INFO sent 2 -> 7 # 0 at 170021425, 0.860845 0.339741
2024-08-01 08:13:33,040 INFO CHECKSUM 2 7 0: 1.664554
2024-08-01 08:13:33,051 INFO recv 2 -> 7 # 0 at 181345969, 0.860845 0.339741
2024-08-01 08:13:33,222 INFO CHECKSUM 2 8 0: 1.664554
2024-08-01 08:13:33,223 INFO CHECKSUM 2 8 0: 1.664554
2024-08-01 08:13:33,246 INFO sent 2 -> 8 # 0 at 160745802, 0.860845 0.339741
2024-08-01 08:13:33,246 INFO recv 2 -> 8 # 0 at 184528180, 0.860845 0.339741
2024-08-01 08:13:33,448 INFO CHECKSUM 2 9 0: 1.664554
2024-08-01 08:13:33,449 INFO CHECKSUM 2 9 0: 1.664554
2024-08-01 08:13:33,465 INFO sent 2 -> 9 # 0 at 180634387, 0.860845 0.339741
2024-08-01 08:13:33,465 INFO recv 2 -> 9 # 0 at 198371635, 0.860845 0.339741
2024-08-01 08:13:33,634 INFO CHECKSUM 2 10 0: 1.664554
2024-08-01 08:13:33,635 INFO CHECKSUM 2 10 0: 1.664554
2024-08-01 08:13:33,657 INFO sent 2 -> 10 # 0 at 156384178, 0.860845 0.339741
2024-08-01 08:13:33,658 INFO recv 2 -> 10 # 0 at 180734273, 0.860845 0.339741
2024-08-01 08:13:33,854 INFO CHECKSUM 2 11 0: 1.664554
2024-08-01 08:13:33,855 INFO CHECKSUM 2 11 0: 1.664554
2024-08-01 08:13:33,882 INFO sent 2 -> 11 # 0 at 192682338, 0.860845 0.339741
2024-08-01 08:13:33,882 INFO recv 2 -> 11 # 0 at 219925671, 0.860845 0.339741
2024-08-01 08:13:34,131 INFO CHECKSUM 2 12 0: 1.664554
2024-08-01 08:13:34,131 INFO CHECKSUM 2 12 0: 1.664554
2024-08-01 08:13:34,162 INFO recv 2 -> 12 # 0 at 256004013, 0.860845 0.339741
2024-08-01 08:13:34,162 INFO sent 2 -> 12 # 0 at 217403225, 0.860845 0.339741
2024-08-01 08:13:34,347 INFO CHECKSUM 2 13 0: 1.664554
2024-08-01 08:13:34,348 INFO CHECKSUM 2 13 0: 1.664554
2024-08-01 08:13:34,373 INFO sent 2 -> 13 # 0 at 165558235, 0.860845 0.339741
2024-08-01 08:13:34,381 INFO recv 2 -> 13 # 0 at 200181490, 0.860845 0.339741
2024-08-01 08:13:34,559 INFO CHECKSUM 2 14 0: 1.664554
2024-08-01 08:13:34,560 INFO CHECKSUM 2 14 0: 1.664554
2024-08-01 08:13:34,581 INFO sent 2 -> 14 # 0 at 157264126, 0.860845 0.339741
2024-08-01 08:13:34,581 INFO recv 2 -> 14 # 0 at 179262341, 0.860845 0.339741
2024-08-01 08:13:34,752 INFO CHECKSUM 2 15 0: 1.664554
2024-08-01 08:13:34,759 INFO CHECKSUM 2 15 0: 1.664554
2024-08-01 08:13:34,774 INFO Accepting from rank 3
2024-08-01 08:13:34,774 INFO Accepting from rank 3
2024-08-01 08:13:34,774 INFO Accepting from rank 3
2024-08-01 08:13:34,774 INFO Accepting from rank 3
2024-08-01 08:13:34,774 INFO Accepting from rank 3
2024-08-01 08:13:34,774 INFO Accepting from rank 3
2024-08-01 08:13:34,774 INFO sent 2 -> 15 # 0 at 162059185, 0.860845 0.339741
2024-08-01 08:13:34,775 INFO Accepting from rank 3
2024-08-01 08:13:34,774 INFO Accepting from rank 3
2024-08-01 08:13:34,774 INFO Accepting from rank 3
2024-08-01 08:13:34,774 INFO Accepting from rank 3
2024-08-01 08:13:34,774 INFO Sending from rank 3
2024-08-01 08:13:34,774 INFO Accepting from rank 3
2024-08-01 08:13:34,774 INFO Accepting from rank 3
2024-08-01 08:13:34,774 INFO Accepting from rank 3
2024-08-01 08:13:34,774 INFO recv 2 -> 15 # 0 at 184642875, 0.860845 0.339741
2024-08-01 08:13:34,774 INFO Accepting from rank 3
2024-08-01 08:13:34,775 INFO Accepting from rank 3
2024-08-01 08:13:34,816 INFO CHECKSUM 3 0 0: 0.886528
2024-08-01 08:13:34,815 INFO CHECKSUM 3 0 0: 0.886528
2024-08-01 08:13:34,833 INFO recv 3 -> 0 # 0 at 32515193, 0.078772 0.097092
2024-08-01 08:13:34,834 INFO sent 3 -> 0 # 0 at 14141700, 0.078772 0.097092
2024-08-01 08:13:34,860 INFO CHECKSUM 3 1 0: 0.886528
2024-08-01 08:13:34,861 INFO CHECKSUM 3 1 0: 0.886528
2024-08-01 08:13:34,874 INFO sent 3 -> 1 # 0 at 22858595, 0.078772 0.097092
2024-08-01 08:13:34,874 INFO recv 3 -> 1 # 0 at 37280315, 0.078772 0.097092
2024-08-01 08:13:34,971 INFO CHECKSUM 3 2 0: 0.886528
2024-08-01 08:13:34,971 INFO CHECKSUM 3 2 0: 0.886528
2024-08-01 08:13:34,984 INFO recv 3 -> 2 # 0 at 101819472, 0.078772 0.097092
2024-08-01 08:13:34,984 INFO sent 3 -> 2 # 0 at 88588159, 0.078772 0.097092
2024-08-01 08:13:35,155 INFO CHECKSUM 3 4 0: 0.886528
2024-08-01 08:13:35,155 INFO CHECKSUM 3 4 0: 0.886528
2024-08-01 08:13:35,173 INFO sent 3 -> 4 # 0 at 169552811, 0.078772 0.097092
2024-08-01 08:13:35,173 INFO recv 3 -> 4 # 0 at 187926744, 0.078772 0.097092
2024-08-01 08:13:35,367 INFO CHECKSUM 3 5 0: 0.886528
2024-08-01 08:13:35,367 INFO CHECKSUM 3 5 0: 0.886528
2024-08-01 08:13:35,376 INFO recv 3 -> 5 # 0 at 193462764, 0.078772 0.097092
2024-08-01 08:13:35,378 INFO sent 3 -> 5 # 0 at 184275260, 0.078772 0.097092
2024-08-01 08:13:35,559 INFO CHECKSUM 3 6 0: 0.886528
2024-08-01 08:13:35,560 INFO CHECKSUM 3 6 0: 0.886528
2024-08-01 08:13:35,586 INFO sent 3 -> 6 # 0 at 173097268, 0.078772 0.097092
2024-08-01 08:13:35,586 INFO recv 3 -> 6 # 0 at 199965708, 0.078772 0.097092
2024-08-01 08:13:35,759 INFO CHECKSUM 3 7 0: 0.886528
2024-08-01 08:13:35,768 INFO CHECKSUM 3 7 0: 0.886528
2024-08-01 08:13:35,784 INFO sent 3 -> 7 # 0 at 170001696, 0.078772 0.097092
2024-08-01 08:13:35,784 INFO recv 3 -> 7 # 0 at 194752803, 0.078772 0.097092
2024-08-01 08:13:35,985 INFO CHECKSUM 3 8 0: 0.886528
2024-08-01 08:13:35,985 INFO CHECKSUM 3 8 0: 0.886528
2024-08-01 08:13:35,995 INFO sent 3 -> 8 # 0 at 190555255, 0.078772 0.097092
2024-08-01 08:13:35,995 INFO recv 3 -> 8 # 0 at 201566295, 0.078772 0.097092
2024-08-01 08:13:36,180 INFO CHECKSUM 3 9 0: 0.886528
2024-08-01 08:13:36,180 INFO CHECKSUM 3 9 0: 0.886528
2024-08-01 08:13:36,197 INFO recv 3 -> 9 # 0 at 192028174, 0.078772 0.097092
2024-08-01 08:13:36,206 INFO sent 3 -> 9 # 0 at 174663179, 0.078772 0.097092
2024-08-01 08:13:36,391 INFO CHECKSUM 3 10 0: 0.886528
2024-08-01 08:13:36,393 INFO CHECKSUM 3 10 0: 0.886528
2024-08-01 08:13:36,414 INFO sent 3 -> 10 # 0 at 177586327, 0.078772 0.097092
2024-08-01 08:13:36,414 INFO recv 3 -> 10 # 0 at 199692206, 0.078772 0.097092
2024-08-01 08:13:36,587 INFO CHECKSUM 3 11 0: 0.886528
2024-08-01 08:13:36,596 INFO CHECKSUM 3 11 0: 0.886528
2024-08-01 08:13:36,617 INFO sent 3 -> 11 # 0 at 161675595, 0.078772 0.097092
2024-08-01 08:13:36,617 INFO recv 3 -> 11 # 0 at 192004800, 0.078772 0.097092
2024-08-01 08:13:36,859 INFO CHECKSUM 3 12 0: 0.886528
2024-08-01 08:13:36,860 INFO CHECKSUM 3 12 0: 0.886528
2024-08-01 08:13:36,870 INFO sent 3 -> 12 # 0 at 225133454, 0.078772 0.097092
2024-08-01 08:13:36,870 INFO recv 3 -> 12 # 0 at 235968725, 0.078772 0.097092
2024-08-01 08:13:37,056 INFO CHECKSUM 3 13 0: 0.886528
2024-08-01 08:13:37,057 INFO CHECKSUM 3 13 0: 0.886528
2024-08-01 08:13:37,081 INFO recv 3 -> 13 # 0 at 205979581, 0.078772 0.097092
2024-08-01 08:13:37,082 INFO sent 3 -> 13 # 0 at 181078400, 0.078772 0.097092
2024-08-01 08:13:37,211 INFO CHECKSUM 3 14 0: 0.886528
2024-08-01 08:13:37,212 INFO CHECKSUM 3 14 0: 0.886528
2024-08-01 08:13:37,226 INFO sent 3 -> 14 # 0 at 113801459, 0.078772 0.097092
2024-08-01 08:13:37,226 INFO recv 3 -> 14 # 0 at 128568604, 0.078772 0.097092
2024-08-01 08:13:37,404 INFO CHECKSUM 3 15 0: 0.886528
2024-08-01 08:13:37,404 INFO CHECKSUM 3 15 0: 0.886528
2024-08-01 08:13:37,420 INFO Accepting from rank 4
2024-08-01 08:13:37,420 INFO Accepting from rank 4
2024-08-01 08:13:37,420 INFO Accepting from rank 4
2024-08-01 08:13:37,420 INFO Sending from rank 4
2024-08-01 08:13:37,420 INFO Accepting from rank 4
2024-08-01 08:13:37,420 INFO Accepting from rank 4
2024-08-01 08:13:37,420 INFO Accepting from rank 4
2024-08-01 08:13:37,420 INFO Accepting from rank 4
2024-08-01 08:13:37,420 INFO Accepting from rank 4
2024-08-01 08:13:37,420 INFO Accepting from rank 4
2024-08-01 08:13:37,420 INFO Accepting from rank 4
2024-08-01 08:13:37,420 INFO Accepting from rank 4
2024-08-01 08:13:37,420 INFO sent 3 -> 15 # 0 at 177752153, 0.078772 0.097092
2024-08-01 08:13:37,420 INFO Accepting from rank 4
2024-08-01 08:13:37,420 INFO recv 3 -> 15 # 0 at 194060162, 0.078772 0.097092
2024-08-01 08:13:37,420 INFO Accepting from rank 4
2024-08-01 08:13:37,420 INFO Accepting from rank 4
2024-08-01 08:13:37,420 INFO Accepting from rank 4
2024-08-01 08:13:37,460 INFO CHECKSUM 4 0 0: 1.995279
2024-08-01 08:13:37,469 INFO CHECKSUM 4 0 0: 1.995279
2024-08-01 08:13:37,482 INFO recv 4 -> 0 # 0 at 36959366, 0.231260 0.830616
2024-08-01 08:13:37,482 INFO sent 4 -> 0 # 0 at 14819102, 0.231260 0.830616
2024-08-01 08:13:37,506 INFO CHECKSUM 4 1 0: 1.995279
2024-08-01 08:13:37,505 INFO CHECKSUM 4 1 0: 1.995279
2024-08-01 08:13:37,513 INFO recv 4 -> 1 # 0 at 22542576, 0.231260 0.830616
2024-08-01 08:13:37,513 INFO sent 4 -> 1 # 0 at 14570169, 0.231260 0.830616
2024-08-01 08:13:37,528 INFO CHECKSUM 4 2 0: 1.995279
2024-08-01 08:13:37,529 INFO CHECKSUM 4 2 0: 1.995279
2024-08-01 08:13:37,542 INFO recv 4 -> 2 # 0 at 27051394, 0.231260 0.830616
2024-08-01 08:13:37,541 INFO sent 4 -> 2 # 0 at 13934838, 0.231260 0.830616
2024-08-01 08:13:37,557 INFO CHECKSUM 4 3 0: 1.995279
2024-08-01 08:13:37,556 INFO CHECKSUM 4 3 0: 1.995279
2024-08-01 08:13:37,573 INFO recv 4 -> 3 # 0 at 31531496, 0.231260 0.830616
2024-08-01 08:13:37,573 INFO sent 4 -> 3 # 0 at 14263825, 0.231260 0.830616
2024-08-01 08:13:37,727 INFO CHECKSUM 4 5 0: 1.995279
2024-08-01 08:13:37,728 INFO CHECKSUM 4 5 0: 1.995279
2024-08-01 08:13:37,741 INFO sent 4 -> 5 # 0 at 141792437, 0.231260 0.830616
2024-08-01 08:13:37,741 INFO recv 4 -> 5 # 0 at 155183221, 0.231260 0.830616
2024-08-01 08:13:37,867 INFO CHECKSUM 4 6 0: 1.995279
2024-08-01 08:13:37,867 INFO CHECKSUM 4 6 0: 1.995279
2024-08-01 08:13:37,889 INFO sent 4 -> 6 # 0 at 122849202, 0.231260 0.830616
2024-08-01 08:13:37,894 INFO recv 4 -> 6 # 0 at 150236573, 0.231260 0.830616
2024-08-01 08:13:38,167 INFO CHECKSUM 4 7 0: 1.995279
2024-08-01 08:13:38,168 INFO CHECKSUM 4 7 0: 1.995279
2024-08-01 08:13:38,190 INFO sent 4 -> 7 # 0 at 246053714, 0.231260 0.830616
2024-08-01 08:13:38,190 INFO recv 4 -> 7 # 0 at 265146348, 0.231260 0.830616
2024-08-01 08:13:38,387 INFO CHECKSUM 4 8 0: 1.995279
2024-08-01 08:13:38,387 INFO CHECKSUM 4 8 0: 1.995279
2024-08-01 08:13:38,405 INFO recv 4 -> 8 # 0 at 186463478, 0.231260 0.830616
2024-08-01 08:13:38,405 INFO sent 4 -> 8 # 0 at 168930266, 0.231260 0.830616
2024-08-01 08:13:38,607 INFO CHECKSUM 4 9 0: 1.995279
2024-08-01 08:13:38,607 INFO CHECKSUM 4 9 0: 1.995279
2024-08-01 08:13:38,624 INFO sent 4 -> 9 # 0 at 177778725, 0.231260 0.830616
2024-08-01 08:13:38,624 INFO recv 4 -> 9 # 0 at 194712479, 0.231260 0.830616
2024-08-01 08:13:38,827 INFO CHECKSUM 4 10 0: 1.995279
2024-08-01 08:13:38,828 INFO CHECKSUM 4 10 0: 1.995279
2024-08-01 08:13:38,841 INFO recv 4 -> 10 # 0 at 203534907, 0.231260 0.830616
2024-08-01 08:13:38,841 INFO sent 4 -> 10 # 0 at 188917033, 0.231260 0.830616
2024-08-01 08:13:39,038 INFO CHECKSUM 4 11 0: 1.995279
2024-08-01 08:13:39,039 INFO CHECKSUM 4 11 0: 1.995279
2024-08-01 08:13:39,049 INFO sent 4 -> 11 # 0 at 173211824, 0.231260 0.830616
2024-08-01 08:13:39,049 INFO recv 4 -> 11 # 0 at 175735360, 0.231260 0.830616
2024-08-01 08:13:39,288 INFO CHECKSUM 4 12 0: 1.995279
2024-08-01 08:13:39,288 INFO CHECKSUM 4 12 0: 1.995279
2024-08-01 08:13:39,311 INFO recv 4 -> 12 # 0 at 252652096, 0.231260 0.830616
2024-08-01 08:13:39,311 INFO sent 4 -> 12 # 0 at 229503546, 0.231260 0.830616
2024-08-01 08:13:39,472 INFO CHECKSUM 4 13 0: 1.995279
2024-08-01 08:13:39,480 INFO CHECKSUM 4 13 0: 1.995279
2024-08-01 08:13:39,498 INFO recv 4 -> 13 # 0 at 187293725, 0.231260 0.830616
2024-08-01 08:13:39,498 INFO sent 4 -> 13 # 0 at 160494826, 0.231260 0.830616
2024-08-01 08:13:39,675 INFO CHECKSUM 4 14 0: 1.995279
2024-08-01 08:13:39,676 INFO CHECKSUM 4 14 0: 1.995279
2024-08-01 08:13:39,687 INFO recv 4 -> 14 # 0 at 175091218, 0.231260 0.830616
2024-08-01 08:13:39,687 INFO sent 4 -> 14 # 0 at 163256909, 0.231260 0.830616
2024-08-01 08:13:39,884 INFO CHECKSUM 4 15 0: 1.995279
2024-08-01 08:13:39,884 INFO CHECKSUM 4 15 0: 1.995279
2024-08-01 08:13:39,897 INFO Accepting from rank 5
2024-08-01 08:13:39,897 INFO Accepting from rank 5
2024-08-01 08:13:39,897 INFO Accepting from rank 5
2024-08-01 08:13:39,897 INFO Accepting from rank 5
2024-08-01 08:13:39,897 INFO Accepting from rank 5
2024-08-01 08:13:39,897 INFO Accepting from rank 5
2024-08-01 08:13:39,897 INFO Accepting from rank 5
2024-08-01 08:13:39,897 INFO sent 4 -> 15 # 0 at 182830646, 0.231260 0.830616
2024-08-01 08:13:39,898 INFO Accepting from rank 5
2024-08-01 08:13:39,897 INFO Accepting from rank 5
2024-08-01 08:13:39,897 INFO Accepting from rank 5
2024-08-01 08:13:39,897 INFO Accepting from rank 5
2024-08-01 08:13:39,898 INFO Accepting from rank 5
2024-08-01 08:13:39,897 INFO Accepting from rank 5
2024-08-01 08:13:39,897 INFO recv 4 -> 15 # 0 at 195979757, 0.231260 0.830616
2024-08-01 08:13:39,898 INFO Sending from rank 5
2024-08-01 08:13:39,897 INFO Accepting from rank 5
2024-08-01 08:13:39,898 INFO Accepting from rank 5
2024-08-01 08:13:40,004 INFO CHECKSUM 5 0 0: 2.377324
2024-08-01 08:13:40,005 INFO CHECKSUM 5 0 0: 2.377324
2024-08-01 08:13:40,009 INFO recv 5 -> 0 # 0 at 83551957, 0.484896 0.104635
2024-08-01 08:13:40,009 INFO sent 5 -> 0 # 0 at 78072949, 0.484896 0.104635
2024-08-01 08:13:40,029 INFO CHECKSUM 5 1 0: 2.377324
2024-08-01 08:13:40,029 INFO CHECKSUM 5 1 0: 2.377324
2024-08-01 08:13:40,038 INFO recv 5 -> 1 # 0 at 23236193, 0.484896 0.104635
2024-08-01 08:13:40,038 INFO sent 5 -> 1 # 0 at 14441420, 0.484896 0.104635
2024-08-01 08:13:40,052 INFO CHECKSUM 5 2 0: 2.377324
2024-08-01 08:13:40,052 INFO CHECKSUM 5 2 0: 2.377324
2024-08-01 08:13:40,073 INFO recv 5 -> 2 # 0 at 34956653, 0.484896 0.104635
2024-08-01 08:13:40,073 INFO sent 5 -> 2 # 0 at 14168651, 0.484896 0.104635
2024-08-01 08:13:40,100 INFO CHECKSUM 5 3 0: 2.377324
2024-08-01 08:13:40,101 INFO CHECKSUM 5 3 0: 2.377324
2024-08-01 08:13:40,118 INFO recv 5 -> 3 # 0 at 32001422, 0.484896 0.104635
2024-08-01 08:13:40,118 INFO sent 5 -> 3 # 0 at 13822550, 0.484896 0.104635
2024-08-01 08:13:40,132 INFO CHECKSUM 5 4 0: 2.377324
2024-08-01 08:13:40,133 INFO CHECKSUM 5 4 0: 2.377324
2024-08-01 08:13:40,138 INFO recv 5 -> 4 # 0 at 20249437, 0.484896 0.104635
2024-08-01 08:13:40,150 INFO sent 5 -> 4 # 0 at 14180645, 0.484896 0.104635
2024-08-01 08:13:40,349 INFO CHECKSUM 5 6 0: 2.377324
2024-08-01 08:13:40,350 INFO CHECKSUM 5 6 0: 2.377324
2024-08-01 08:13:40,367 INFO sent 5 -> 6 # 0 at 183124116, 0.484896 0.104635
2024-08-01 08:13:40,367 INFO recv 5 -> 6 # 0 at 200851765, 0.484896 0.104635
2024-08-01 08:13:40,561 INFO CHECKSUM 5 7 0: 2.377324
2024-08-01 08:13:40,561 INFO CHECKSUM 5 7 0: 2.377324
2024-08-01 08:13:40,592 INFO sent 5 -> 7 # 0 at 182820106, 0.484896 0.104635
2024-08-01 08:13:40,592 INFO recv 5 -> 7 # 0 at 214359605, 0.484896 0.104635
2024-08-01 08:13:40,771 INFO CHECKSUM 5 8 0: 2.377324
2024-08-01 08:13:40,771 INFO CHECKSUM 5 8 0: 2.377324
2024-08-01 08:13:40,782 INFO recv 5 -> 8 # 0 at 171419104, 0.484896 0.104635
2024-08-01 08:13:40,782 INFO sent 5 -> 8 # 0 at 152716430, 0.484896 0.104635
2024-08-01 08:13:40,984 INFO CHECKSUM 5 9 0: 2.377324
2024-08-01 08:13:40,992 INFO CHECKSUM 5 9 0: 2.377324
2024-08-01 08:13:41,022 INFO sent 5 -> 9 # 0 at 186720716, 0.484896 0.104635
2024-08-01 08:13:41,025 INFO recv 5 -> 9 # 0 at 227967543, 0.484896 0.104635
2024-08-01 08:13:41,160 INFO CHECKSUM 5 10 0: 2.377324
2024-08-01 08:13:41,159 INFO CHECKSUM 5 10 0: 2.377324
2024-08-01 08:13:41,175 INFO recv 5 -> 10 # 0 at 141617789, 0.484896 0.104635
2024-08-01 08:13:41,177 INFO sent 5 -> 10 # 0 at 116366108, 0.484896 0.104635
2024-08-01 08:13:41,374 INFO CHECKSUM 5 11 0: 2.377324
2024-08-01 08:13:41,374 INFO CHECKSUM 5 11 0: 2.377324
2024-08-01 08:13:41,383 INFO recv 5 -> 11 # 0 at 194200821, 0.484896 0.104635
2024-08-01 08:13:41,383 INFO sent 5 -> 11 # 0 at 187665939, 0.484896 0.104635
2024-08-01 08:13:41,523 INFO CHECKSUM 5 12 0: 2.377324
2024-08-01 08:13:41,524 INFO CHECKSUM 5 12 0: 2.377324
2024-08-01 08:13:41,541 INFO recv 5 -> 12 # 0 at 154641096, 0.484896 0.104635
2024-08-01 08:13:41,541 INFO sent 5 -> 12 # 0 at 136664780, 0.484896 0.104635
2024-08-01 08:13:41,724 INFO CHECKSUM 5 13 0: 2.377324
2024-08-01 08:13:41,724 INFO CHECKSUM 5 13 0: 2.377324
2024-08-01 08:13:41,765 INFO recv 5 -> 13 # 0 at 219897029, 0.484896 0.104635
2024-08-01 08:13:41,765 INFO sent 5 -> 13 # 0 at 178018230, 0.484896 0.104635
2024-08-01 08:13:41,886 INFO CHECKSUM 5 14 0: 2.377324
2024-08-01 08:13:41,887 INFO CHECKSUM 5 14 0: 2.377324
2024-08-01 08:13:41,914 INFO recv 5 -> 14 # 0 at 128001656, 0.484896 0.104635
2024-08-01 08:13:41,914 INFO sent 5 -> 14 # 0 at 100698812, 0.484896 0.104635
2024-08-01 08:13:42,099 INFO CHECKSUM 5 15 0: 2.377324
2024-08-01 08:13:42,112 INFO Accepting from rank 6
2024-08-01 08:13:42,112 INFO Accepting from rank 6
2024-08-01 08:13:42,099 INFO CHECKSUM 5 15 0: 2.377324
2024-08-01 08:13:42,112 INFO Accepting from rank 6
2024-08-01 08:13:42,112 INFO Accepting from rank 6
2024-08-01 08:13:42,112 INFO Accepting from rank 6
2024-08-01 08:13:42,112 INFO Accepting from rank 6
2024-08-01 08:13:42,112 INFO Accepting from rank 6
2024-08-01 08:13:42,112 INFO Sending from rank 6
2024-08-01 08:13:42,112 INFO Accepting from rank 6
2024-08-01 08:13:42,112 INFO Accepting from rank 6
2024-08-01 08:13:42,112 INFO recv 5 -> 15 # 0 at 193101526, 0.484896 0.104635
2024-08-01 08:13:42,112 INFO sent 5 -> 15 # 0 at 180335831, 0.484896 0.104635
2024-08-01 08:13:42,113 INFO Accepting from rank 6
2024-08-01 08:13:42,112 INFO Accepting from rank 6
2024-08-01 08:13:42,112 INFO Accepting from rank 6
2024-08-01 08:13:42,113 INFO Accepting from rank 6
2024-08-01 08:13:42,121 INFO Accepting from rank 6
2024-08-01 08:13:42,121 INFO Accepting from rank 6
2024-08-01 08:13:42,160 INFO CHECKSUM 6 0 0: 0.910966
2024-08-01 08:13:42,173 INFO CHECKSUM 6 0 0: 0.910966
2024-08-01 08:13:42,185 INFO recv 6 -> 0 # 0 at 49480251, 0.739049 0.595762
2024-08-01 08:13:42,185 INFO sent 6 -> 0 # 0 at 23397248, 0.739049 0.595762
2024-08-01 08:13:42,216 INFO CHECKSUM 6 1 0: 0.910966
2024-08-01 08:13:42,216 INFO CHECKSUM 6 1 0: 0.910966
2024-08-01 08:13:42,233 INFO recv 6 -> 1 # 0 at 31774264, 0.739049 0.595762
2024-08-01 08:13:42,233 INFO sent 6 -> 1 # 0 at 14111139, 0.739049 0.595762
2024-08-01 08:13:42,260 INFO CHECKSUM 6 2 0: 0.910966
2024-08-01 08:13:42,261 INFO CHECKSUM 6 2 0: 0.910966
2024-08-01 08:13:42,282 INFO recv 6 -> 2 # 0 at 36381532, 0.739049 0.595762
2024-08-01 08:13:42,282 INFO sent 6 -> 2 # 0 at 14289034, 0.739049 0.595762
2024-08-01 08:13:42,334 INFO CHECKSUM 6 3 0: 0.910966
2024-08-01 08:13:42,334 INFO CHECKSUM 6 3 0: 0.910966
2024-08-01 08:13:42,345 INFO recv 6 -> 3 # 0 at 51479095, 0.739049 0.595762
2024-08-01 08:13:42,345 INFO sent 6 -> 3 # 0 at 39762617, 0.739049 0.595762
2024-08-01 08:13:42,370 INFO CHECKSUM 6 4 0: 0.910966
2024-08-01 08:13:42,375 INFO CHECKSUM 6 4 0: 0.910966
2024-08-01 08:13:42,391 INFO recv 6 -> 4 # 0 at 40594098, 0.739049 0.595762
2024-08-01 08:13:42,394 INFO sent 6 -> 4 # 0 at 19721684, 0.739049 0.595762
2024-08-01 08:13:42,479 INFO CHECKSUM 6 5 0: 0.910966
2024-08-01 08:13:42,479 INFO CHECKSUM 6 5 0: 0.910966
2024-08-01 08:13:42,491 INFO recv 6 -> 5 # 0 at 81306646, 0.739049 0.595762
2024-08-01 08:13:42,491 INFO sent 6 -> 5 # 0 at 69600827, 0.739049 0.595762
2024-08-01 08:13:42,698 INFO CHECKSUM 6 7 0: 0.910966
2024-08-01 08:13:42,709 INFO CHECKSUM 6 7 0: 0.910966
2024-08-01 08:13:42,728 INFO sent 6 -> 7 # 0 at 191031842, 0.739049 0.595762
2024-08-01 08:13:42,728 INFO recv 6 -> 7 # 0 at 221075291, 0.739049 0.595762
2024-08-01 08:13:42,919 INFO CHECKSUM 6 8 0: 0.910966
2024-08-01 08:13:42,919 INFO CHECKSUM 6 8 0: 0.910966
2024-08-01 08:13:42,934 INFO recv 6 -> 8 # 0 at 204619011, 0.739049 0.595762
2024-08-01 08:13:42,934 INFO sent 6 -> 8 # 0 at 189357346, 0.739049 0.595762
2024-08-01 08:13:43,102 INFO CHECKSUM 6 9 0: 0.910966
2024-08-01 08:13:43,103 INFO CHECKSUM 6 9 0: 0.910966
2024-08-01 08:13:43,118 INFO recv 6 -> 9 # 0 at 177967571, 0.739049 0.595762
2024-08-01 08:13:43,118 INFO sent 6 -> 9 # 0 at 161744699, 0.739049 0.595762
2024-08-01 08:13:43,310 INFO CHECKSUM 6 10 0: 0.910966
2024-08-01 08:13:43,312 INFO CHECKSUM 6 10 0: 0.910966
2024-08-01 08:13:43,331 INFO recv 6 -> 10 # 0 at 201016384, 0.739049 0.595762
2024-08-01 08:13:43,331 INFO sent 6 -> 10 # 0 at 179562052, 0.739049 0.595762
2024-08-01 08:13:43,492 INFO CHECKSUM 6 11 0: 0.910966
2024-08-01 08:13:43,493 INFO CHECKSUM 6 11 0: 0.910966
2024-08-01 08:13:43,514 INFO recv 6 -> 11 # 0 at 180628369, 0.739049 0.595762
2024-08-01 08:13:43,514 INFO sent 6 -> 11 # 0 at 158864466, 0.739049 0.595762
2024-08-01 08:13:43,727 INFO CHECKSUM 6 12 0: 0.910966
2024-08-01 08:13:43,727 INFO CHECKSUM 6 12 0: 0.910966
2024-08-01 08:13:43,738 INFO recv 6 -> 12 # 0 at 212027948, 0.739049 0.595762
2024-08-01 08:13:43,738 INFO sent 6 -> 12 # 0 at 201034368, 0.739049 0.595762
2024-08-01 08:13:43,927 INFO CHECKSUM 6 13 0: 0.910966
2024-08-01 08:13:43,927 INFO CHECKSUM 6 13 0: 0.910966
2024-08-01 08:13:43,954 INFO recv 6 -> 13 # 0 at 204736546, 0.739049 0.595762
2024-08-01 08:13:43,954 INFO sent 6 -> 13 # 0 at 177140739, 0.739049 0.595762
2024-08-01 08:13:44,142 INFO CHECKSUM 6 14 0: 0.910966
2024-08-01 08:13:44,143 INFO CHECKSUM 6 14 0: 0.910966
2024-08-01 08:13:44,155 INFO recv 6 -> 14 # 0 at 178416834, 0.739049 0.595762
2024-08-01 08:13:44,155 INFO sent 6 -> 14 # 0 at 165227689, 0.739049 0.595762
2024-08-01 08:13:44,336 INFO CHECKSUM 6 15 0: 0.910966
2024-08-01 08:13:44,335 INFO CHECKSUM 6 15 0: 0.910966
2024-08-01 08:13:44,347 INFO Accepting from rank 7
2024-08-01 08:13:44,350 INFO Accepting from rank 7
2024-08-01 08:13:44,350 INFO Accepting from rank 7
2024-08-01 08:13:44,350 INFO Accepting from rank 7
2024-08-01 08:13:44,350 INFO Accepting from rank 7
2024-08-01 08:13:44,350 INFO Accepting from rank 7
2024-08-01 08:13:44,350 INFO Accepting from rank 7
2024-08-01 08:13:44,350 INFO Accepting from rank 7
2024-08-01 08:13:44,350 INFO Sending from rank 7
2024-08-01 08:13:44,350 INFO sent 6 -> 15 # 0 at 176129849, 0.739049 0.595762
2024-08-01 08:13:44,351 INFO Accepting from rank 7
2024-08-01 08:13:44,358 INFO Accepting from rank 7
2024-08-01 08:13:44,358 INFO Accepting from rank 7
2024-08-01 08:13:44,358 INFO Accepting from rank 7
2024-08-01 08:13:44,358 INFO recv 6 -> 15 # 0 at 199633379, 0.739049 0.595762
2024-08-01 08:13:44,358 INFO Accepting from rank 7
2024-08-01 08:13:44,362 INFO Accepting from rank 7
2024-08-01 08:13:44,362 INFO Accepting from rank 7
2024-08-01 08:13:44,392 INFO CHECKSUM 7 0 0: 1.153877
2024-08-01 08:13:44,392 INFO CHECKSUM 7 0 0: 1.153877
2024-08-01 08:13:44,414 INFO recv 7 -> 0 # 0 at 36355833, 0.205839 0.327939
2024-08-01 08:13:44,425 INFO sent 7 -> 0 # 0 at 14263655, 0.205839 0.327939
2024-08-01 08:13:44,468 INFO CHECKSUM 7 1 0: 1.153877
2024-08-01 08:13:44,468 INFO CHECKSUM 7 1 0: 1.153877
2024-08-01 08:13:44,483 INFO recv 7 -> 1 # 0 at 29357812, 0.205839 0.327939
2024-08-01 08:13:44,483 INFO sent 7 -> 1 # 0 at 14341577, 0.205839 0.327939
2024-08-01 08:13:44,509 INFO CHECKSUM 7 2 0: 1.153877
2024-08-01 08:13:44,522 INFO recv 7 -> 2 # 0 at 27094016, 0.205839 0.327939
2024-08-01 08:13:44,508 INFO CHECKSUM 7 2 0: 1.153877
2024-08-01 08:13:44,522 INFO sent 7 -> 2 # 0 at 13975727, 0.205839 0.327939
2024-08-01 08:13:44,536 INFO CHECKSUM 7 3 0: 1.153877
2024-08-01 08:13:44,537 INFO CHECKSUM 7 3 0: 1.153877
2024-08-01 08:13:44,559 INFO recv 7 -> 3 # 0 at 36261751, 0.205839 0.327939
2024-08-01 08:13:44,562 INFO sent 7 -> 3 # 0 at 13908967, 0.205839 0.327939
2024-08-01 08:13:44,585 INFO CHECKSUM 7 4 0: 1.153877
2024-08-01 08:13:44,587 INFO CHECKSUM 7 4 0: 1.153877
2024-08-01 08:13:44,598 INFO sent 7 -> 4 # 0 at 15623080, 0.205839 0.327939
2024-08-01 08:13:44,598 INFO recv 7 -> 4 # 0 at 28895504, 0.205839 0.327939
2024-08-01 08:13:44,613 INFO CHECKSUM 7 5 0: 1.153877
2024-08-01 08:13:44,613 INFO CHECKSUM 7 5 0: 1.153877
2024-08-01 08:13:44,622 INFO recv 7 -> 5 # 0 at 23702429, 0.205839 0.327939
2024-08-01 08:13:44,622 INFO sent 7 -> 5 # 0 at 13773476, 0.205839 0.327939
2024-08-01 08:13:44,646 INFO CHECKSUM 7 6 0: 1.153877
2024-08-01 08:13:44,646 INFO CHECKSUM 7 6 0: 1.153877
2024-08-01 08:13:44,654 INFO recv 7 -> 6 # 0 at 22592938, 0.205839 0.327939
2024-08-01 08:13:44,654 INFO sent 7 -> 6 # 0 at 13674092, 0.205839 0.327939
2024-08-01 08:13:44,823 INFO CHECKSUM 7 8 0: 1.153877
2024-08-01 08:13:44,824 INFO CHECKSUM 7 8 0: 1.153877
2024-08-01 08:13:44,842 INFO recv 7 -> 8 # 0 at 178581346, 0.205839 0.327939
2024-08-01 08:13:44,842 INFO sent 7 -> 8 # 0 at 160234181, 0.205839 0.327939
2024-08-01 08:13:45,036 INFO CHECKSUM 7 9 0: 1.153877
2024-08-01 08:13:45,036 INFO CHECKSUM 7 9 0: 1.153877
2024-08-01 08:13:45,061 INFO recv 7 -> 9 # 0 at 208228381, 0.205839 0.327939
2024-08-01 08:13:45,061 INFO sent 7 -> 9 # 0 at 182507219, 0.205839 0.327939
2024-08-01 08:13:45,229 INFO CHECKSUM 7 10 0: 1.153877
2024-08-01 08:13:45,230 INFO CHECKSUM 7 10 0: 1.153877
2024-08-01 08:13:45,245 INFO recv 7 -> 10 # 0 at 178483647, 0.205839 0.327939
2024-08-01 08:13:45,245 INFO sent 7 -> 10 # 0 at 162751410, 0.205839 0.327939
2024-08-01 08:13:45,430 INFO CHECKSUM 7 11 0: 1.153877
2024-08-01 08:13:45,431 INFO CHECKSUM 7 11 0: 1.153877
2024-08-01 08:13:45,446 INFO recv 7 -> 11 # 0 at 192305540, 0.205839 0.327939
2024-08-01 08:13:45,449 INFO sent 7 -> 11 # 0 at 176720033, 0.205839 0.327939
2024-08-01 08:13:45,607 INFO CHECKSUM 7 12 0: 1.153877
2024-08-01 08:13:45,608 INFO CHECKSUM 7 12 0: 1.153877
2024-08-01 08:13:45,629 INFO recv 7 -> 12 # 0 at 171287134, 0.205839 0.327939
2024-08-01 08:13:45,629 INFO sent 7 -> 12 # 0 at 145932101, 0.205839 0.327939
2024-08-01 08:13:45,827 INFO CHECKSUM 7 13 0: 1.153877
2024-08-01 08:13:45,828 INFO CHECKSUM 7 13 0: 1.153877
2024-08-01 08:13:45,854 INFO recv 7 -> 13 # 0 at 214194501, 0.205839 0.327939
2024-08-01 08:13:45,854 INFO sent 7 -> 13 # 0 at 187157523, 0.205839 0.327939
2024-08-01 08:13:46,048 INFO CHECKSUM 7 14 0: 1.153877
2024-08-01 08:13:46,049 INFO CHECKSUM 7 14 0: 1.153877
2024-08-01 08:13:46,058 INFO recv 7 -> 14 # 0 at 196351347, 0.205839 0.327939
2024-08-01 08:13:46,062 INFO sent 7 -> 14 # 0 at 187142604, 0.205839 0.327939
2024-08-01 08:13:46,179 INFO CHECKSUM 7 15 0: 1.153877
2024-08-01 08:13:46,180 INFO CHECKSUM 7 15 0: 1.153877
2024-08-01 08:13:46,206 INFO Accepting from rank 8
2024-08-01 08:13:46,213 INFO Accepting from rank 8
2024-08-01 08:13:46,213 INFO Sending from rank 8
2024-08-01 08:13:46,213 INFO Accepting from rank 8
2024-08-01 08:13:46,213 INFO Accepting from rank 8
2024-08-01 08:13:46,213 INFO Accepting from rank 8
2024-08-01 08:13:46,213 INFO Accepting from rank 8
2024-08-01 08:13:46,213 INFO Accepting from rank 8
2024-08-01 08:13:46,213 INFO Accepting from rank 8
2024-08-01 08:13:46,213 INFO Accepting from rank 8
2024-08-01 08:13:46,213 INFO Accepting from rank 8
2024-08-01 08:13:46,213 INFO Accepting from rank 8
2024-08-01 08:13:46,213 INFO sent 7 -> 15 # 0 at 100776201, 0.205839 0.327939
2024-08-01 08:13:46,213 INFO recv 7 -> 15 # 0 at 135341301, 0.205839 0.327939
2024-08-01 08:13:46,214 INFO Accepting from rank 8
2024-08-01 08:13:46,214 INFO Accepting from rank 8
2024-08-01 08:13:46,217 INFO Accepting from rank 8
2024-08-01 08:13:46,217 INFO Accepting from rank 8
2024-08-01 08:13:46,251 INFO CHECKSUM 8 0 0: 1.296073
2024-08-01 08:13:46,251 INFO CHECKSUM 8 0 0: 1.296073
2024-08-01 08:13:46,266 INFO recv 8 -> 0 # 0 at 30083863, 0.949080 0.118096
2024-08-01 08:13:46,266 INFO sent 8 -> 0 # 0 at 14773211, 0.949080 0.118096
2024-08-01 08:13:46,332 INFO CHECKSUM 8 1 0: 1.296073
2024-08-01 08:13:46,332 INFO CHECKSUM 8 1 0: 1.296073
2024-08-01 08:13:46,345 INFO recv 8 -> 1 # 0 at 47934900, 0.949080 0.118096
2024-08-01 08:13:46,345 INFO sent 8 -> 1 # 0 at 34104795, 0.949080 0.118096
2024-08-01 08:13:46,376 INFO CHECKSUM 8 2 0: 1.296073
2024-08-01 08:13:46,376 INFO CHECKSUM 8 2 0: 1.296073
2024-08-01 08:13:46,390 INFO recv 8 -> 2 # 0 at 28397690, 0.949080 0.118096
2024-08-01 08:13:46,390 INFO sent 8 -> 2 # 0 at 13911597, 0.949080 0.118096
2024-08-01 08:13:46,429 INFO CHECKSUM 8 3 0: 1.296073
2024-08-01 08:13:46,429 INFO CHECKSUM 8 3 0: 1.296073
2024-08-01 08:13:46,438 INFO recv 8 -> 3 # 0 at 31289048, 0.949080 0.118096
2024-08-01 08:13:46,438 INFO sent 8 -> 3 # 0 at 22400882, 0.949080 0.118096
2024-08-01 08:13:46,464 INFO CHECKSUM 8 4 0: 1.296073
2024-08-01 08:13:46,464 INFO CHECKSUM 8 4 0: 1.296073
2024-08-01 08:13:46,478 INFO sent 8 -> 4 # 0 at 13783971, 0.949080 0.118096
2024-08-01 08:13:46,478 INFO recv 8 -> 4 # 0 at 28479758, 0.949080 0.118096
2024-08-01 08:13:46,575 INFO CHECKSUM 8 5 0: 1.296073
2024-08-01 08:13:46,576 INFO CHECKSUM 8 5 0: 1.296073
2024-08-01 08:13:46,590 INFO sent 8 -> 5 # 0 at 81351721, 0.949080 0.118096
2024-08-01 08:13:46,590 INFO recv 8 -> 5 # 0 at 96087804, 0.949080 0.118096
2024-08-01 08:13:46,675 INFO CHECKSUM 8 6 0: 1.296073
2024-08-01 08:13:46,676 INFO CHECKSUM 8 6 0: 1.296073
2024-08-01 08:13:46,698 INFO sent 8 -> 6 # 0 at 73892395, 0.949080 0.118096
2024-08-01 08:13:46,698 INFO recv 8 -> 6 # 0 at 96642028, 0.949080 0.118096
2024-08-01 08:13:46,736 INFO CHECKSUM 8 7 0: 1.296073
2024-08-01 08:13:46,737 INFO CHECKSUM 8 7 0: 1.296073
2024-08-01 08:13:46,746 INFO sent 8 -> 7 # 0 at 22676213, 0.949080 0.118096
2024-08-01 08:13:46,746 INFO recv 8 -> 7 # 0 at 23889672, 0.949080 0.118096
2024-08-01 08:13:46,970 INFO CHECKSUM 8 9 0: 1.296073
2024-08-01 08:13:46,970 INFO CHECKSUM 8 9 0: 1.296073
2024-08-01 08:13:46,986 INFO sent 8 -> 9 # 0 at 212442480, 0.949080 0.118096
2024-08-01 08:13:46,986 INFO recv 8 -> 9 # 0 at 229197147, 0.949080 0.118096
2024-08-01 08:13:47,180 INFO CHECKSUM 8 10 0: 1.296073
2024-08-01 08:13:47,180 INFO CHECKSUM 8 10 0: 1.296073
2024-08-01 08:13:47,192 INFO sent 8 -> 10 # 0 at 187779890, 0.949080 0.118096
2024-08-01 08:13:47,192 INFO recv 8 -> 10 # 0 at 199939544, 0.949080 0.118096
2024-08-01 08:13:47,390 INFO CHECKSUM 8 11 0: 1.296073
2024-08-01 08:13:47,390 INFO CHECKSUM 8 11 0: 1.296073
2024-08-01 08:13:47,410 INFO sent 8 -> 11 # 0 at 179307158, 0.949080 0.118096
2024-08-01 08:13:47,418 INFO recv 8 -> 11 # 0 at 207164446, 0.949080 0.118096
2024-08-01 08:13:47,655 INFO CHECKSUM 8 12 0: 1.296073
2024-08-01 08:13:47,655 INFO CHECKSUM 8 12 0: 1.296073
2024-08-01 08:13:47,674 INFO sent 8 -> 12 # 0 at 221109047, 0.949080 0.118096
2024-08-01 08:13:47,674 INFO recv 8 -> 12 # 0 at 240284869, 0.949080 0.118096
2024-08-01 08:13:47,835 INFO CHECKSUM 8 13 0: 1.296073
2024-08-01 08:13:47,835 INFO CHECKSUM 8 13 0: 1.296073
2024-08-01 08:13:47,849 INFO sent 8 -> 13 # 0 at 159915150, 0.949080 0.118096
2024-08-01 08:13:47,858 INFO recv 8 -> 13 # 0 at 183320716, 0.949080 0.118096
2024-08-01 08:13:48,040 INFO CHECKSUM 8 14 0: 1.296073
2024-08-01 08:13:48,040 INFO CHECKSUM 8 14 0: 1.296073
2024-08-01 08:13:48,058 INFO sent 8 -> 14 # 0 at 177417750, 0.949080 0.118096
2024-08-01 08:13:48,058 INFO recv 8 -> 14 # 0 at 195558942, 0.949080 0.118096
2024-08-01 08:13:48,226 INFO CHECKSUM 8 15 0: 1.296073
2024-08-01 08:13:48,227 INFO CHECKSUM 8 15 0: 1.296073
2024-08-01 08:13:48,242 INFO Accepting from rank 9
2024-08-01 08:13:48,243 INFO Accepting from rank 9
2024-08-01 08:13:48,243 INFO sent 8 -> 15 # 0 at 160501499, 0.949080 0.118096
2024-08-01 08:13:48,243 INFO Accepting from rank 9
2024-08-01 08:13:48,243 INFO Accepting from rank 9
2024-08-01 08:13:48,243 INFO Accepting from rank 9
2024-08-01 08:13:48,243 INFO Sending from rank 9
2024-08-01 08:13:48,243 INFO Accepting from rank 9
2024-08-01 08:13:48,243 INFO Accepting from rank 9
2024-08-01 08:13:48,243 INFO Accepting from rank 9
2024-08-01 08:13:48,243 INFO Accepting from rank 9
2024-08-01 08:13:48,243 INFO Accepting from rank 9
2024-08-01 08:13:48,243 INFO Accepting from rank 9
2024-08-01 08:13:48,243 INFO Accepting from rank 9
2024-08-01 08:13:48,243 INFO recv 8 -> 15 # 0 at 173936873, 0.949080 0.118096
2024-08-01 08:13:48,243 INFO Accepting from rank 9
2024-08-01 08:13:48,243 INFO Accepting from rank 9
2024-08-01 08:13:48,243 INFO Accepting from rank 9
2024-08-01 08:13:48,287 INFO CHECKSUM 9 0 0: 0.658892
2024-08-01 08:13:48,287 INFO CHECKSUM 9 0 0: 0.658892
2024-08-01 08:13:48,298 INFO recv 9 -> 0 # 0 at 33108447, 0.929559 0.365189
2024-08-01 08:13:48,302 INFO sent 9 -> 0 # 0 at 21888876, 0.929559 0.365189
2024-08-01 08:13:48,328 INFO CHECKSUM 9 1 0: 0.658892
2024-08-01 08:13:48,328 INFO CHECKSUM 9 1 0: 0.658892
2024-08-01 08:13:48,346 INFO recv 9 -> 1 # 0 at 32521196, 0.929559 0.365189
2024-08-01 08:13:48,353 INFO sent 9 -> 1 # 0 at 14078942, 0.929559 0.365189
2024-08-01 08:13:48,376 INFO CHECKSUM 9 2 0: 0.658892
2024-08-01 08:13:48,376 INFO CHECKSUM 9 2 0: 0.658892
2024-08-01 08:13:48,400 INFO recv 9 -> 2 # 0 at 38975796, 0.929559 0.365189
2024-08-01 08:13:48,400 INFO sent 9 -> 2 # 0 at 14663762, 0.929559 0.365189
2024-08-01 08:13:48,436 INFO CHECKSUM 9 3 0: 0.658892
2024-08-01 08:13:48,436 INFO CHECKSUM 9 3 0: 0.658892
2024-08-01 08:13:48,442 INFO recv 9 -> 3 # 0 at 20658452, 0.929559 0.365189
2024-08-01 08:13:48,442 INFO sent 9 -> 3 # 0 at 14395282, 0.929559 0.365189
2024-08-01 08:13:48,465 INFO CHECKSUM 9 4 0: 0.658892
2024-08-01 08:13:48,465 INFO CHECKSUM 9 4 0: 0.658892
2024-08-01 08:13:48,474 INFO sent 9 -> 4 # 0 at 14458324, 0.929559 0.365189
2024-08-01 08:13:48,474 INFO recv 9 -> 4 # 0 at 23506149, 0.929559 0.365189
2024-08-01 08:13:48,496 INFO CHECKSUM 9 5 0: 0.658892
2024-08-01 08:13:48,497 INFO CHECKSUM 9 5 0: 0.658892
2024-08-01 08:13:48,513 INFO sent 9 -> 5 # 0 at 21827267, 0.929559 0.365189
2024-08-01 08:13:48,513 INFO recv 9 -> 5 # 0 at 31179260, 0.929559 0.365189
2024-08-01 08:13:48,535 INFO CHECKSUM 9 6 0: 0.658892
2024-08-01 08:13:48,545 INFO CHECKSUM 9 6 0: 0.658892
2024-08-01 08:13:48,551 INFO sent 9 -> 6 # 0 at 14068552, 0.929559 0.365189
2024-08-01 08:13:48,551 INFO recv 9 -> 6 # 0 at 29965287, 0.929559 0.365189
2024-08-01 08:13:48,670 INFO CHECKSUM 9 7 0: 0.658892
2024-08-01 08:13:48,671 INFO CHECKSUM 9 7 0: 0.658892
2024-08-01 08:13:48,681 INFO sent 9 -> 7 # 0 at 100864727, 0.929559 0.365189
2024-08-01 08:13:48,681 INFO recv 9 -> 7 # 0 at 105881146, 0.929559 0.365189
2024-08-01 08:13:48,704 INFO CHECKSUM 9 8 0: 0.658892
2024-08-01 08:13:48,704 INFO CHECKSUM 9 8 0: 0.658892
2024-08-01 08:13:48,727 INFO recv 9 -> 8 # 0 at 36688920, 0.929559 0.365189
2024-08-01 08:13:48,729 INFO sent 9 -> 8 # 0 at 13604666, 0.929559 0.365189
2024-08-01 08:13:48,910 INFO CHECKSUM 9 10 0: 0.658892
2024-08-01 08:13:48,911 INFO CHECKSUM 9 10 0: 0.658892
2024-08-01 08:13:48,933 INFO sent 9 -> 10 # 0 at 180519130, 0.929559 0.365189
2024-08-01 08:13:48,933 INFO recv 9 -> 10 # 0 at 203631259, 0.929559 0.365189
2024-08-01 08:13:49,143 INFO CHECKSUM 9 11 0: 0.658892
2024-08-01 08:13:49,143 INFO CHECKSUM 9 11 0: 0.658892
2024-08-01 08:13:49,159 INFO sent 9 -> 11 # 0 at 206838643, 0.929559 0.365189
2024-08-01 08:13:49,159 INFO recv 9 -> 11 # 0 at 223701953, 0.929559 0.365189
2024-08-01 08:13:49,397 INFO CHECKSUM 9 12 0: 0.658892
2024-08-01 08:13:49,397 INFO CHECKSUM 9 12 0: 0.658892
2024-08-01 08:13:49,414 INFO recv 9 -> 12 # 0 at 225025244, 0.929559 0.365189
2024-08-01 08:13:49,421 INFO sent 9 -> 12 # 0 at 207452559, 0.929559 0.365189
2024-08-01 08:13:49,589 INFO CHECKSUM 9 13 0: 0.658892
2024-08-01 08:13:49,590 INFO CHECKSUM 9 13 0: 0.658892
2024-08-01 08:13:49,600 INFO sent 9 -> 13 # 0 at 163060150, 0.929559 0.365189
2024-08-01 08:13:49,605 INFO recv 9 -> 13 # 0 at 175225417, 0.929559 0.365189
2024-08-01 08:13:49,773 INFO CHECKSUM 9 14 0: 0.658892
2024-08-01 08:13:49,773 INFO CHECKSUM 9 14 0: 0.658892
2024-08-01 08:13:49,793 INFO sent 9 -> 14 # 0 at 164057978, 0.929559 0.365189
2024-08-01 08:13:49,793 INFO recv 9 -> 14 # 0 at 183897432, 0.929559 0.365189
2024-08-01 08:13:49,963 INFO CHECKSUM 9 15 0: 0.658892
2024-08-01 08:13:49,964 INFO CHECKSUM 9 15 0: 0.658892
2024-08-01 08:13:49,978 INFO Accepting from rank 10
2024-08-01 08:13:49,978 INFO Accepting from rank 10
2024-08-01 08:13:49,978 INFO Accepting from rank 10
2024-08-01 08:13:49,978 INFO Accepting from rank 10
2024-08-01 08:13:49,978 INFO Accepting from rank 10
2024-08-01 08:13:49,978 INFO Sending from rank 10
2024-08-01 08:13:49,978 INFO Accepting from rank 10
2024-08-01 08:13:49,978 INFO Accepting from rank 10
2024-08-01 08:13:49,978 INFO Accepting from rank 10
2024-08-01 08:13:49,978 INFO Accepting from rank 10
2024-08-01 08:13:49,978 INFO Accepting from rank 10
2024-08-01 08:13:49,978 INFO Accepting from rank 10
2024-08-01 08:13:49,978 INFO sent 9 -> 15 # 0 at 162093924, 0.929559 0.365189
2024-08-01 08:13:49,978 INFO recv 9 -> 15 # 0 at 176559990, 0.929559 0.365189
2024-08-01 08:13:49,978 INFO Accepting from rank 10
2024-08-01 08:13:49,978 INFO Accepting from rank 10
2024-08-01 08:13:49,986 INFO Accepting from rank 10
2024-08-01 08:13:49,986 INFO Accepting from rank 10
2024-08-01 08:13:50,080 INFO CHECKSUM 10 0 0: 1.223275
2024-08-01 08:13:50,080 INFO CHECKSUM 10 0 0: 1.223275
2024-08-01 08:13:50,094 INFO recv 10 -> 0 # 0 at 84170920, 0.333605 0.751531
2024-08-01 08:13:50,094 INFO sent 10 -> 0 # 0 at 70265930, 0.333605 0.751531
2024-08-01 08:13:50,116 INFO CHECKSUM 10 1 0: 1.223275
2024-08-01 08:13:50,116 INFO CHECKSUM 10 1 0: 1.223275
2024-08-01 08:13:50,133 INFO recv 10 -> 1 # 0 at 38122911, 0.333605 0.751531
2024-08-01 08:13:50,133 INFO sent 10 -> 1 # 0 at 21284758, 0.333605 0.751531
2024-08-01 08:13:50,208 INFO CHECKSUM 10 2 0: 1.223275
2024-08-01 08:13:50,208 INFO CHECKSUM 10 2 0: 1.223275
2024-08-01 08:13:50,217 INFO recv 10 -> 2 # 0 at 80265136, 0.333605 0.751531
2024-08-01 08:13:50,218 INFO sent 10 -> 2 # 0 at 70450646, 0.333605 0.751531
2024-08-01 08:13:50,233 INFO CHECKSUM 10 3 0: 1.223275
2024-08-01 08:13:50,232 INFO CHECKSUM 10 3 0: 1.223275
2024-08-01 08:13:50,250 INFO recv 10 -> 3 # 0 at 32155961, 0.333605 0.751531
2024-08-01 08:13:50,250 INFO sent 10 -> 3 # 0 at 13831574, 0.333605 0.751531
2024-08-01 08:13:50,339 INFO CHECKSUM 10 4 0: 1.223275
2024-08-01 08:13:50,355 INFO CHECKSUM 10 4 0: 1.223275
2024-08-01 08:13:50,373 INFO recv 10 -> 4 # 0 at 107814443, 0.333605 0.751531
2024-08-01 08:13:50,375 INFO sent 10 -> 4 # 0 at 73833069, 0.333605 0.751531
2024-08-01 08:13:50,408 INFO CHECKSUM 10 5 0: 1.223275
2024-08-01 08:13:50,409 INFO CHECKSUM 10 5 0: 1.223275
2024-08-01 08:13:50,423 INFO recv 10 -> 5 # 0 at 29381798, 0.333605 0.751531
2024-08-01 08:13:50,426 INFO sent 10 -> 5 # 0 at 14280963, 0.333605 0.751531
2024-08-01 08:13:50,440 INFO CHECKSUM 10 6 0: 1.223275
2024-08-01 08:13:50,440 INFO CHECKSUM 10 6 0: 1.223275
2024-08-01 08:13:50,453 INFO sent 10 -> 6 # 0 at 14095584, 0.333605 0.751531
2024-08-01 08:13:50,453 INFO recv 10 -> 6 # 0 at 26953320, 0.333605 0.751531
2024-08-01 08:13:50,482 INFO CHECKSUM 10 7 0: 1.223275
2024-08-01 08:13:50,482 INFO CHECKSUM 10 7 0: 1.223275
2024-08-01 08:13:50,501 INFO sent 10 -> 7 # 0 at 21669221, 0.333605 0.751531
2024-08-01 08:13:50,501 INFO recv 10 -> 7 # 0 at 40946431, 0.333605 0.751531
2024-08-01 08:13:50,526 INFO CHECKSUM 10 8 0: 1.223275
2024-08-01 08:13:50,525 INFO CHECKSUM 10 8 0: 1.223275
2024-08-01 08:13:50,534 INFO recv 10 -> 8 # 0 at 27108296, 0.333605 0.751531
2024-08-01 08:13:50,534 INFO sent 10 -> 8 # 0 at 18998403, 0.333605 0.751531
2024-08-01 08:13:50,551 INFO CHECKSUM 10 9 0: 1.223275
2024-08-01 08:13:50,552 INFO CHECKSUM 10 9 0: 1.223275
2024-08-01 08:13:50,565 INFO recv 10 -> 9 # 0 at 27990711, 0.333605 0.751531
2024-08-01 08:13:50,565 INFO sent 10 -> 9 # 0 at 14047341, 0.333605 0.751531
2024-08-01 08:13:50,767 INFO CHECKSUM 10 11 0: 1.223275
2024-08-01 08:13:50,768 INFO CHECKSUM 10 11 0: 1.223275
2024-08-01 08:13:50,780 INFO sent 10 -> 11 # 0 at 185368195, 0.333605 0.751531
2024-08-01 08:13:50,780 INFO recv 10 -> 11 # 0 at 197276605, 0.333605 0.751531
2024-08-01 08:13:50,999 INFO CHECKSUM 10 12 0: 1.223275
2024-08-01 08:13:50,999 INFO CHECKSUM 10 12 0: 1.223275
2024-08-01 08:13:51,018 INFO sent 10 -> 12 # 0 at 209373038, 0.333605 0.751531
2024-08-01 08:13:51,018 INFO recv 10 -> 12 # 0 at 228409725, 0.333605 0.751531
2024-08-01 08:13:51,189 INFO CHECKSUM 10 13 0: 1.223275
2024-08-01 08:13:51,198 INFO CHECKSUM 10 13 0: 1.223275
2024-08-01 08:13:51,222 INFO sent 10 -> 13 # 0 at 162071882, 0.333605 0.751531
2024-08-01 08:13:51,226 INFO recv 10 -> 13 # 0 at 198624616, 0.333605 0.751531
2024-08-01 08:13:51,411 INFO CHECKSUM 10 14 0: 1.223275
2024-08-01 08:13:51,412 INFO CHECKSUM 10 14 0: 1.223275
2024-08-01 08:13:51,434 INFO sent 10 -> 14 # 0 at 170385729, 0.333605 0.751531
2024-08-01 08:13:51,434 INFO recv 10 -> 14 # 0 at 192589835, 0.333605 0.751531
2024-08-01 08:13:51,668 INFO CHECKSUM 10 15 0: 1.223275
2024-08-01 08:13:51,668 INFO CHECKSUM 10 15 0: 1.223275
2024-08-01 08:13:51,690 INFO Accepting from rank 11
2024-08-01 08:13:51,690 INFO Accepting from rank 11
2024-08-01 08:13:51,690 INFO Accepting from rank 11
2024-08-01 08:13:51,690 INFO Accepting from rank 11
2024-08-01 08:13:51,690 INFO Accepting from rank 11
2024-08-01 08:13:51,690 INFO Accepting from rank 11
2024-08-01 08:13:51,690 INFO Accepting from rank 11
2024-08-01 08:13:51,690 INFO sent 10 -> 15 # 0 at 200313701, 0.333605 0.751531
2024-08-01 08:13:51,690 INFO Accepting from rank 11
2024-08-01 08:13:51,690 INFO Accepting from rank 11
2024-08-01 08:13:51,691 INFO Accepting from rank 11
2024-08-01 08:13:51,690 INFO Accepting from rank 11
2024-08-01 08:13:51,690 INFO recv 10 -> 15 # 0 at 223067305, 0.333605 0.751531
2024-08-01 08:13:51,691 INFO Accepting from rank 11
2024-08-01 08:13:51,698 INFO Accepting from rank 11
2024-08-01 08:13:51,698 INFO Accepting from rank 11
2024-08-01 08:13:51,701 INFO Accepting from rank 11
2024-08-01 08:13:51,701 INFO Sending from rank 11
2024-08-01 08:13:51,739 INFO CHECKSUM 11 0 0: 2.134504
2024-08-01 08:13:51,748 INFO recv 11 -> 0 # 0 at 23987783, 0.879792 0.134997
2024-08-01 08:13:51,739 INFO CHECKSUM 11 0 0: 2.134504
2024-08-01 08:13:51,748 INFO sent 11 -> 0 # 0 at 14761690, 0.879792 0.134997
2024-08-01 08:13:51,772 INFO CHECKSUM 11 1 0: 2.134504
2024-08-01 08:13:51,781 INFO recv 11 -> 1 # 0 at 24137111, 0.879792 0.134997
2024-08-01 08:13:51,771 INFO CHECKSUM 11 1 0: 2.134504
2024-08-01 08:13:51,781 INFO sent 11 -> 1 # 0 at 14013244, 0.879792 0.134997
2024-08-01 08:13:51,804 INFO CHECKSUM 11 2 0: 2.134504
2024-08-01 08:13:51,805 INFO CHECKSUM 11 2 0: 2.134504
2024-08-01 08:13:51,817 INFO recv 11 -> 2 # 0 at 27089737, 0.879792 0.134997
2024-08-01 08:13:51,817 INFO sent 11 -> 2 # 0 at 18766575, 0.879792 0.134997
2024-08-01 08:13:51,844 INFO CHECKSUM 11 3 0: 2.134504
2024-08-01 08:13:51,845 INFO CHECKSUM 11 3 0: 2.134504
2024-08-01 08:13:51,866 INFO sent 11 -> 3 # 0 at 14792459, 0.879792 0.134997
2024-08-01 08:13:51,879 INFO recv 11 -> 3 # 0 at 49524195, 0.879792 0.134997
2024-08-01 08:13:51,960 INFO CHECKSUM 11 4 0: 2.134504
2024-08-01 08:13:51,960 INFO CHECKSUM 11 4 0: 2.134504
2024-08-01 08:13:51,978 INFO recv 11 -> 4 # 0 at 97131417, 0.879792 0.134997
2024-08-01 08:13:51,982 INFO sent 11 -> 4 # 0 at 78368438, 0.879792 0.134997
2024-08-01 08:13:51,996 INFO CHECKSUM 11 5 0: 2.134504
2024-08-01 08:13:51,997 INFO CHECKSUM 11 5 0: 2.134504
2024-08-01 08:13:52,017 INFO sent 11 -> 5 # 0 at 13930265, 0.879792 0.134997
2024-08-01 08:13:52,018 INFO recv 11 -> 5 # 0 at 36090931, 0.879792 0.134997
2024-08-01 08:13:52,034 INFO CHECKSUM 11 6 0: 2.134504
2024-08-01 08:13:52,035 INFO CHECKSUM 11 6 0: 2.134504
2024-08-01 08:13:52,050 INFO recv 11 -> 6 # 0 at 29672962, 0.879792 0.134997
2024-08-01 08:13:52,052 INFO sent 11 -> 6 # 0 at 14066628, 0.879792 0.134997
2024-08-01 08:13:52,072 INFO CHECKSUM 11 7 0: 2.134504
2024-08-01 08:13:52,072 INFO CHECKSUM 11 7 0: 2.134504
2024-08-01 08:13:52,105 INFO recv 11 -> 7 # 0 at 47570059, 0.879792 0.134997
2024-08-01 08:13:52,105 INFO sent 11 -> 7 # 0 at 14630768, 0.879792 0.134997
2024-08-01 08:13:52,120 INFO CHECKSUM 11 8 0: 2.134504
2024-08-01 08:13:52,119 INFO CHECKSUM 11 8 0: 2.134504
2024-08-01 08:13:52,133 INFO recv 11 -> 8 # 0 at 27091094, 0.879792 0.134997
2024-08-01 08:13:52,133 INFO sent 11 -> 8 # 0 at 13631418, 0.879792 0.134997
2024-08-01 08:13:52,157 INFO CHECKSUM 11 9 0: 2.134504
2024-08-01 08:13:52,157 INFO CHECKSUM 11 9 0: 2.134504
2024-08-01 08:13:52,186 INFO recv 11 -> 9 # 0 at 43137094, 0.879792 0.134997
2024-08-01 08:13:52,186 INFO sent 11 -> 9 # 0 at 14191088, 0.879792 0.134997
2024-08-01 08:13:52,240 INFO CHECKSUM 11 10 0: 2.134504
2024-08-01 08:13:52,240 INFO CHECKSUM 11 10 0: 2.134504
2024-08-01 08:13:52,262 INFO recv 11 -> 10 # 0 at 52241739, 0.879792 0.134997
2024-08-01 08:13:52,262 INFO sent 11 -> 10 # 0 at 29863187, 0.879792 0.134997
2024-08-01 08:13:52,510 INFO CHECKSUM 11 12 0: 2.134504
2024-08-01 08:13:52,510 INFO CHECKSUM 11 12 0: 2.134504
2024-08-01 08:13:52,523 INFO sent 11 -> 12 # 0 at 243312118, 0.879792 0.134997
2024-08-01 08:13:52,523 INFO recv 11 -> 12 # 0 at 256796778, 0.879792 0.134997
2024-08-01 08:13:52,755 INFO CHECKSUM 11 13 0: 2.134504
2024-08-01 08:13:52,755 INFO CHECKSUM 11 13 0: 2.134504
2024-08-01 08:13:52,773 INFO recv 11 -> 13 # 0 at 236248927, 0.879792 0.134997
2024-08-01 08:13:52,773 INFO sent 11 -> 13 # 0 at 217756130, 0.879792 0.134997
2024-08-01 08:13:52,974 INFO CHECKSUM 11 14 0: 2.134504
2024-08-01 08:13:52,975 INFO CHECKSUM 11 14 0: 2.134504
2024-08-01 08:13:52,994 INFO sent 11 -> 14 # 0 at 197065638, 0.879792 0.134997
2024-08-01 08:13:52,994 INFO recv 11 -> 14 # 0 at 217093052, 0.879792 0.134997
2024-08-01 08:13:53,219 INFO CHECKSUM 11 15 0: 2.134504
2024-08-01 08:13:53,220 INFO CHECKSUM 11 15 0: 2.134504
2024-08-01 08:13:53,246 INFO Accepting from rank 12
2024-08-01 08:13:53,246 INFO Accepting from rank 12
2024-08-01 08:13:53,246 INFO Accepting from rank 12
2024-08-01 08:13:53,246 INFO Accepting from rank 12
2024-08-01 08:13:53,246 INFO Sending from rank 12
2024-08-01 08:13:53,246 INFO Accepting from rank 12
2024-08-01 08:13:53,246 INFO Accepting from rank 12
2024-08-01 08:13:53,246 INFO Accepting from rank 12
2024-08-01 08:13:53,246 INFO Accepting from rank 12
2024-08-01 08:13:53,246 INFO Accepting from rank 12
2024-08-01 08:13:53,246 INFO Accepting from rank 12
2024-08-01 08:13:53,246 INFO Accepting from rank 12
2024-08-01 08:13:53,246 INFO sent 11 -> 15 # 0 at 221801161, 0.879792 0.134997
2024-08-01 08:13:53,246 INFO recv 11 -> 15 # 0 at 248752698, 0.879792 0.134997
2024-08-01 08:13:53,246 INFO Accepting from rank 12
2024-08-01 08:13:53,246 INFO Accepting from rank 12
2024-08-01 08:13:53,249 INFO Accepting from rank 12
2024-08-01 08:13:53,249 INFO Accepting from rank 12
2024-08-01 08:13:53,307 INFO CHECKSUM 12 0 0: 1.415417
2024-08-01 08:13:53,316 INFO CHECKSUM 12 0 0: 1.415417
2024-08-01 08:13:53,330 INFO recv 12 -> 0 # 0 at 60749579, 0.392762 0.461094
2024-08-01 08:13:53,333 INFO sent 12 -> 0 # 0 at 37969169, 0.392762 0.461094
2024-08-01 08:13:53,415 INFO CHECKSUM 12 1 0: 1.415417
2024-08-01 08:13:53,416 INFO CHECKSUM 12 1 0: 1.415417
2024-08-01 08:13:53,423 INFO recv 12 -> 1 # 0 at 83294780, 0.392762 0.461094
2024-08-01 08:13:53,423 INFO sent 12 -> 1 # 0 at 76005869, 0.392762 0.461094
2024-08-01 08:13:53,447 INFO CHECKSUM 12 2 0: 1.415417
2024-08-01 08:13:53,447 INFO CHECKSUM 12 2 0: 1.415417
2024-08-01 08:13:53,469 INFO recv 12 -> 2 # 0 at 37163751, 0.392762 0.461094
2024-08-01 08:13:53,469 INFO sent 12 -> 2 # 0 at 14328002, 0.392762 0.461094
2024-08-01 08:13:53,516 INFO CHECKSUM 12 3 0: 1.415417
2024-08-01 08:13:53,530 INFO recv 12 -> 3 # 0 at 45488219, 0.392762 0.461094
2024-08-01 08:13:53,516 INFO CHECKSUM 12 3 0: 1.415417
2024-08-01 08:13:53,530 INFO sent 12 -> 3 # 0 at 31706106, 0.392762 0.461094
2024-08-01 08:13:53,550 INFO CHECKSUM 12 4 0: 1.415417
2024-08-01 08:13:53,559 INFO CHECKSUM 12 4 0: 1.415417
2024-08-01 08:13:53,571 INFO sent 12 -> 4 # 0 at 14478092, 0.392762 0.461094
2024-08-01 08:13:53,571 INFO recv 12 -> 4 # 0 at 36107122, 0.392762 0.461094
2024-08-01 08:13:53,592 INFO CHECKSUM 12 5 0: 1.415417
2024-08-01 08:13:53,593 INFO CHECKSUM 12 5 0: 1.415417
2024-08-01 08:13:53,602 INFO sent 12 -> 5 # 0 at 13963616, 0.392762 0.461094
2024-08-01 08:13:53,610 INFO recv 12 -> 5 # 0 at 31495964, 0.392762 0.461094
2024-08-01 08:13:53,625 INFO CHECKSUM 12 6 0: 1.415417
2024-08-01 08:13:53,625 INFO CHECKSUM 12 6 0: 1.415417
2024-08-01 08:13:53,641 INFO sent 12 -> 6 # 0 at 14331218, 0.392762 0.461094
2024-08-01 08:13:53,641 INFO recv 12 -> 6 # 0 at 30631559, 0.392762 0.461094
2024-08-01 08:13:53,657 INFO CHECKSUM 12 7 0: 1.415417
2024-08-01 08:13:53,657 INFO CHECKSUM 12 7 0: 1.415417
2024-08-01 08:13:53,673 INFO recv 12 -> 7 # 0 at 30783684, 0.392762 0.461094
2024-08-01 08:13:53,673 INFO sent 12 -> 7 # 0 at 14285540, 0.392762 0.461094
2024-08-01 08:13:53,707 INFO CHECKSUM 12 8 0: 1.415417
2024-08-01 08:13:53,722 INFO recv 12 -> 8 # 0 at 36953661, 0.392762 0.461094
2024-08-01 08:13:53,707 INFO CHECKSUM 12 8 0: 1.415417
2024-08-01 08:13:53,722 INFO sent 12 -> 8 # 0 at 22350940, 0.392762 0.461094
2024-08-01 08:13:53,816 INFO CHECKSUM 12 9 0: 1.415417
2024-08-01 08:13:53,816 INFO CHECKSUM 12 9 0: 1.415417
2024-08-01 08:13:53,829 INFO sent 12 -> 9 # 0 at 81532165, 0.392762 0.461094
2024-08-01 08:13:53,829 INFO recv 12 -> 9 # 0 at 95343595, 0.392762 0.461094
2024-08-01 08:13:53,843 INFO CHECKSUM 12 10 0: 1.415417
2024-08-01 08:13:53,844 INFO CHECKSUM 12 10 0: 1.415417
2024-08-01 08:13:53,850 INFO recv 12 -> 10 # 0 at 20361886, 0.392762 0.461094
2024-08-01 08:13:53,850 INFO sent 12 -> 10 # 0 at 13689856, 0.392762 0.461094
2024-08-01 08:13:53,876 INFO CHECKSUM 12 11 0: 1.415417
2024-08-01 08:13:53,876 INFO CHECKSUM 12 11 0: 1.415417
2024-08-01 08:13:53,890 INFO sent 12 -> 11 # 0 at 14754698, 0.392762 0.461094
2024-08-01 08:13:53,890 INFO recv 12 -> 11 # 0 at 28864408, 0.392762 0.461094
2024-08-01 08:13:54,071 INFO CHECKSUM 12 13 0: 1.415417
2024-08-01 08:13:54,071 INFO CHECKSUM 12 13 0: 1.415417
2024-08-01 08:13:54,093 INFO sent 12 -> 13 # 0 at 180299919, 0.392762 0.461094
2024-08-01 08:13:54,093 INFO recv 12 -> 13 # 0 at 202426595, 0.392762 0.461094
2024-08-01 08:13:54,283 INFO CHECKSUM 12 14 0: 1.415417
2024-08-01 08:13:54,284 INFO CHECKSUM 12 14 0: 1.415417
2024-08-01 08:13:54,309 INFO sent 12 -> 14 # 0 at 181175815, 0.392762 0.461094
2024-08-01 08:13:54,309 INFO recv 12 -> 14 # 0 at 207207037, 0.392762 0.461094
2024-08-01 08:13:54,559 INFO CHECKSUM 12 15 0: 1.415417
2024-08-01 08:13:54,560 INFO CHECKSUM 12 15 0: 1.415417
2024-08-01 08:13:54,576 INFO Accepting from rank 13
2024-08-01 08:13:54,576 INFO Accepting from rank 13
2024-08-01 08:13:54,576 INFO Sending from rank 13
2024-08-01 08:13:54,576 INFO Accepting from rank 13
2024-08-01 08:13:54,576 INFO Accepting from rank 13
2024-08-01 08:13:54,576 INFO Accepting from rank 13
2024-08-01 08:13:54,576 INFO Accepting from rank 13
2024-08-01 08:13:54,576 INFO Accepting from rank 13
2024-08-01 08:13:54,576 INFO Accepting from rank 13
2024-08-01 08:13:54,576 INFO Accepting from rank 13
2024-08-01 08:13:54,576 INFO sent 12 -> 15 # 0 at 234128794, 0.392762 0.461094
2024-08-01 08:13:54,576 INFO Accepting from rank 13
2024-08-01 08:13:54,576 INFO Accepting from rank 13
2024-08-01 08:13:54,576 INFO Accepting from rank 13
2024-08-01 08:13:54,576 INFO recv 12 -> 15 # 0 at 250504078, 0.392762 0.461094
2024-08-01 08:13:54,576 INFO Accepting from rank 13
2024-08-01 08:13:54,576 INFO Accepting from rank 13
2024-08-01 08:13:54,576 INFO Accepting from rank 13
2024-08-01 08:13:54,615 INFO CHECKSUM 13 0 0: 1.041815
2024-08-01 08:13:54,616 INFO CHECKSUM 13 0 0: 1.041815
2024-08-01 08:13:54,629 INFO recv 13 -> 0 # 0 at 28189229, 0.784123 0.847899
2024-08-01 08:13:54,629 INFO sent 13 -> 0 # 0 at 14139687, 0.784123 0.847899
2024-08-01 08:13:54,712 INFO CHECKSUM 13 1 0: 1.041815
2024-08-01 08:13:54,712 INFO CHECKSUM 13 1 0: 1.041815
2024-08-01 08:13:54,723 INFO recv 13 -> 1 # 0 at 85275360, 0.784123 0.847899
2024-08-01 08:13:54,723 INFO sent 13 -> 1 # 0 at 74142022, 0.784123 0.847899
2024-08-01 08:13:54,749 INFO CHECKSUM 13 2 0: 1.041815
2024-08-01 08:13:54,749 INFO CHECKSUM 13 2 0: 1.041815
2024-08-01 08:13:54,757 INFO recv 13 -> 2 # 0 at 22929532, 0.784123 0.847899
2024-08-01 08:13:54,766 INFO sent 13 -> 2 # 0 at 14500205, 0.784123 0.847899
2024-08-01 08:13:54,788 INFO CHECKSUM 13 3 0: 1.041815
2024-08-01 08:13:54,788 INFO CHECKSUM 13 3 0: 1.041815
2024-08-01 08:13:54,798 INFO sent 13 -> 3 # 0 at 21825453, 0.784123 0.847899
2024-08-01 08:13:54,798 INFO recv 13 -> 3 # 0 at 32400912, 0.784123 0.847899
2024-08-01 08:13:54,820 INFO CHECKSUM 13 4 0: 1.041815
2024-08-01 08:13:54,821 INFO CHECKSUM 13 4 0: 1.041815
2024-08-01 08:13:54,837 INFO sent 13 -> 4 # 0 at 14350506, 0.784123 0.847899
2024-08-01 08:13:54,837 INFO recv 13 -> 4 # 0 at 30998300, 0.784123 0.847899
2024-08-01 08:13:54,856 INFO CHECKSUM 13 5 0: 1.041815
2024-08-01 08:13:54,857 INFO CHECKSUM 13 5 0: 1.041815
2024-08-01 08:13:54,874 INFO sent 13 -> 5 # 0 at 14016469, 0.784123 0.847899
2024-08-01 08:13:54,874 INFO recv 13 -> 5 # 0 at 32342666, 0.784123 0.847899
2024-08-01 08:13:54,890 INFO CHECKSUM 13 6 0: 1.041815
2024-08-01 08:13:54,890 INFO CHECKSUM 13 6 0: 1.041815
2024-08-01 08:13:54,906 INFO sent 13 -> 6 # 0 at 14561784, 0.784123 0.847899
2024-08-01 08:13:54,906 INFO recv 13 -> 6 # 0 at 30464536, 0.784123 0.847899
2024-08-01 08:13:54,932 INFO CHECKSUM 13 7 0: 1.041815
2024-08-01 08:13:54,932 INFO CHECKSUM 13 7 0: 1.041815
2024-08-01 08:13:54,954 INFO sent 13 -> 7 # 0 at 14693008, 0.784123 0.847899
2024-08-01 08:13:54,954 INFO recv 13 -> 7 # 0 at 36996946, 0.784123 0.847899
2024-08-01 08:13:55,063 INFO CHECKSUM 13 8 0: 1.041815
2024-08-01 08:13:55,063 INFO CHECKSUM 13 8 0: 1.041815
2024-08-01 08:13:55,072 INFO sent 13 -> 8 # 0 at 89012202, 0.784123 0.847899
2024-08-01 08:13:55,072 INFO recv 13 -> 8 # 0 at 99571109, 0.784123 0.847899
2024-08-01 08:13:55,096 INFO CHECKSUM 13 9 0: 1.041815
2024-08-01 08:13:55,096 INFO CHECKSUM 13 9 0: 1.041815
2024-08-01 08:13:55,109 INFO recv 13 -> 9 # 0 at 28055706, 0.784123 0.847899
2024-08-01 08:13:55,109 INFO sent 13 -> 9 # 0 at 14263346, 0.784123 0.847899
2024-08-01 08:13:55,131 INFO CHECKSUM 13 10 0: 1.041815
2024-08-01 08:13:55,131 INFO CHECKSUM 13 10 0: 1.041815
2024-08-01 08:13:55,137 INFO sent 13 -> 10 # 0 at 21590919, 0.784123 0.847899
2024-08-01 08:13:55,137 INFO recv 13 -> 10 # 0 at 27761719, 0.784123 0.847899
2024-08-01 08:13:55,165 INFO CHECKSUM 13 11 0: 1.041815
2024-08-01 08:13:55,165 INFO CHECKSUM 13 11 0: 1.041815
2024-08-01 08:13:55,175 INFO recv 13 -> 11 # 0 at 24394716, 0.784123 0.847899
2024-08-01 08:13:55,175 INFO sent 13 -> 11 # 0 at 14728357, 0.784123 0.847899
2024-08-01 08:13:55,191 INFO CHECKSUM 13 12 0: 1.041815
2024-08-01 08:13:55,192 INFO CHECKSUM 13 12 0: 1.041815
2024-08-01 08:13:55,210 INFO sent 13 -> 12 # 0 at 13901616, 0.784123 0.847899
2024-08-01 08:13:55,210 INFO recv 13 -> 12 # 0 at 33164850, 0.784123 0.847899
2024-08-01 08:13:55,419 INFO CHECKSUM 13 14 0: 1.041815
2024-08-01 08:13:55,419 INFO CHECKSUM 13 14 0: 1.041815
2024-08-01 08:13:55,436 INFO sent 13 -> 14 # 0 at 181477147, 0.784123 0.847899
2024-08-01 08:13:55,436 INFO recv 13 -> 14 # 0 at 198504834, 0.784123 0.847899
2024-08-01 08:13:55,651 INFO CHECKSUM 13 15 0: 1.041815
2024-08-01 08:13:55,652 INFO CHECKSUM 13 15 0: 1.041815
2024-08-01 08:13:55,673 INFO Accepting from rank 14
2024-08-01 08:13:55,674 INFO Accepting from rank 14
2024-08-01 08:13:55,674 INFO Accepting from rank 14
2024-08-01 08:13:55,674 INFO Accepting from rank 14
2024-08-01 08:13:55,674 INFO Accepting from rank 14
2024-08-01 08:13:55,674 INFO Accepting from rank 14
2024-08-01 08:13:55,674 INFO Accepting from rank 14
2024-08-01 08:13:55,674 INFO Accepting from rank 14
2024-08-01 08:13:55,674 INFO Sending from rank 14
2024-08-01 08:13:55,674 INFO Accepting from rank 14
2024-08-01 08:13:55,674 INFO Accepting from rank 14
2024-08-01 08:13:55,674 INFO sent 13 -> 15 # 0 at 215278881, 0.784123 0.847899
2024-08-01 08:13:55,674 INFO Accepting from rank 14
2024-08-01 08:13:55,674 INFO Accepting from rank 14
2024-08-01 08:13:55,674 INFO recv 13 -> 15 # 0 at 237511611, 0.784123 0.847899
2024-08-01 08:13:55,674 INFO Accepting from rank 14
2024-08-01 08:13:55,674 INFO Accepting from rank 14
2024-08-01 08:13:55,674 INFO Accepting from rank 14
2024-08-01 08:13:55,788 INFO CHECKSUM 14 0 0: 1.559775
2024-08-01 08:13:55,788 INFO CHECKSUM 14 0 0: 1.559775
2024-08-01 08:13:55,810 INFO recv 14 -> 0 # 0 at 108955210, 0.675821 0.697208
2024-08-01 08:13:55,813 INFO sent 14 -> 0 # 0 at 82175610, 0.675821 0.697208
2024-08-01 08:13:55,900 INFO CHECKSUM 14 1 0: 1.559775
2024-08-01 08:13:55,900 INFO CHECKSUM 14 1 0: 1.559775
2024-08-01 08:13:55,913 INFO recv 14 -> 1 # 0 at 96212700, 0.675821 0.697208
2024-08-01 08:13:55,914 INFO sent 14 -> 1 # 0 at 82502944, 0.675821 0.697208
2024-08-01 08:13:55,928 INFO CHECKSUM 14 2 0: 1.559775
2024-08-01 08:13:55,929 INFO CHECKSUM 14 2 0: 1.559775
2024-08-01 08:13:55,941 INFO recv 14 -> 2 # 0 at 27728911, 0.675821 0.697208
2024-08-01 08:13:55,941 INFO sent 14 -> 2 # 0 at 14560181, 0.675821 0.697208
2024-08-01 08:13:55,956 INFO CHECKSUM 14 3 0: 1.559775
2024-08-01 08:13:55,957 INFO CHECKSUM 14 3 0: 1.559775
2024-08-01 08:13:55,985 INFO sent 14 -> 3 # 0 at 14569519, 0.675821 0.697208
2024-08-01 08:13:55,992 INFO recv 14 -> 3 # 0 at 50280945, 0.675821 0.697208
2024-08-01 08:13:56,079 INFO CHECKSUM 14 4 0: 1.559775
2024-08-01 08:13:56,080 INFO CHECKSUM 14 4 0: 1.559775
2024-08-01 08:13:56,101 INFO recv 14 -> 4 # 0 at 95774958, 0.675821 0.697208
2024-08-01 08:13:56,106 INFO sent 14 -> 4 # 0 at 74116121, 0.675821 0.697208
2024-08-01 08:13:56,140 INFO CHECKSUM 14 5 0: 1.559775
2024-08-01 08:13:56,140 INFO CHECKSUM 14 5 0: 1.559775
2024-08-01 08:13:56,154 INFO sent 14 -> 5 # 0 at 14032860, 0.675821 0.697208
2024-08-01 08:13:56,154 INFO recv 14 -> 5 # 0 at 27993717, 0.675821 0.697208
2024-08-01 08:13:56,276 INFO CHECKSUM 14 6 0: 1.559775
2024-08-01 08:13:56,276 INFO CHECKSUM 14 6 0: 1.559775
2024-08-01 08:13:56,286 INFO sent 14 -> 6 # 0 at 105903404, 0.675821 0.697208
2024-08-01 08:13:56,286 INFO recv 14 -> 6 # 0 at 103927830, 0.675821 0.697208
2024-08-01 08:13:56,306 INFO CHECKSUM 14 7 0: 1.559775
2024-08-01 08:13:56,306 INFO CHECKSUM 14 7 0: 1.559775
2024-08-01 08:13:56,327 INFO sent 14 -> 7 # 0 at 14520864, 0.675821 0.697208
2024-08-01 08:13:56,327 INFO recv 14 -> 7 # 0 at 35865513, 0.675821 0.697208
2024-08-01 08:13:56,344 INFO CHECKSUM 14 8 0: 1.559775
2024-08-01 08:13:56,344 INFO CHECKSUM 14 8 0: 1.559775
2024-08-01 08:13:56,357 INFO recv 14 -> 8 # 0 at 27956695, 0.675821 0.697208
2024-08-01 08:13:56,358 INFO sent 14 -> 8 # 0 at 14701414, 0.675821 0.697208
2024-08-01 08:13:56,451 INFO CHECKSUM 14 9 0: 1.559775
2024-08-01 08:13:56,451 INFO CHECKSUM 14 9 0: 1.559775
2024-08-01 08:13:56,482 INFO sent 14 -> 9 # 0 at 74224451, 0.675821 0.697208
2024-08-01 08:13:56,485 INFO recv 14 -> 9 # 0 at 108647108, 0.675821 0.697208
2024-08-01 08:13:56,500 INFO CHECKSUM 14 10 0: 1.559775
2024-08-01 08:13:56,500 INFO CHECKSUM 14 10 0: 1.559775
2024-08-01 08:13:56,522 INFO recv 14 -> 10 # 0 at 36510997, 0.675821 0.697208
2024-08-01 08:13:56,522 INFO sent 14 -> 10 # 0 at 14225995, 0.675821 0.697208
2024-08-01 08:13:56,548 INFO CHECKSUM 14 11 0: 1.559775
2024-08-01 08:13:56,549 INFO CHECKSUM 14 11 0: 1.559775
2024-08-01 08:13:56,569 INFO recv 14 -> 11 # 0 at 34800042, 0.675821 0.697208
2024-08-01 08:13:56,569 INFO sent 14 -> 11 # 0 at 14322841, 0.675821 0.697208
2024-08-01 08:13:56,589 INFO CHECKSUM 14 12 0: 1.559775
2024-08-01 08:13:56,590 INFO CHECKSUM 14 12 0: 1.559775
2024-08-01 08:13:56,605 INFO recv 14 -> 12 # 0 at 30154343, 0.675821 0.697208
2024-08-01 08:13:56,605 INFO sent 14 -> 12 # 0 at 13604060, 0.675821 0.697208
2024-08-01 08:13:56,704 INFO CHECKSUM 14 13 0: 1.559775
2024-08-01 08:13:56,704 INFO CHECKSUM 14 13 0: 1.559775
2024-08-01 08:13:56,714 INFO recv 14 -> 13 # 0 at 98005919, 0.675821 0.697208
2024-08-01 08:13:56,714 INFO sent 14 -> 13 # 0 at 88024781, 0.675821 0.697208
2024-08-01 08:13:56,907 INFO CHECKSUM 14 15 0: 1.559775
2024-08-01 08:13:56,907 INFO CHECKSUM 14 15 0: 1.559775
2024-08-01 08:13:56,933 INFO Accepting from rank 15
2024-08-01 08:13:56,933 INFO Accepting from rank 15
2024-08-01 08:13:56,933 INFO Accepting from rank 15
2024-08-01 08:13:56,933 INFO Accepting from rank 15
2024-08-01 08:13:56,933 INFO Accepting from rank 15
2024-08-01 08:13:56,933 INFO Accepting from rank 15
2024-08-01 08:13:56,933 INFO Accepting from rank 15
2024-08-01 08:13:56,933 INFO Accepting from rank 15
2024-08-01 08:13:56,933 INFO sent 14 -> 15 # 0 at 182595823, 0.675821 0.697208
2024-08-01 08:13:56,933 INFO recv 14 -> 15 # 0 at 209218671, 0.675821 0.697208
2024-08-01 08:13:56,933 INFO Accepting from rank 15
2024-08-01 08:13:56,933 INFO Sending from rank 15
2024-08-01 08:13:56,938 INFO Accepting from rank 15
2024-08-01 08:13:56,938 INFO Accepting from rank 15
2024-08-01 08:13:56,938 INFO Accepting from rank 15
2024-08-01 08:13:56,938 INFO Accepting from rank 15
2024-08-01 08:13:56,946 INFO Accepting from rank 15
2024-08-01 08:13:56,946 INFO Accepting from rank 15
2024-08-01 08:13:57,028 INFO CHECKSUM 15 0 0: 0.969687
2024-08-01 08:13:57,028 INFO CHECKSUM 15 0 0: 0.969687
2024-08-01 08:13:57,039 INFO recv 15 -> 0 # 0 at 85662327, 0.129415 0.393310
2024-08-01 08:13:57,039 INFO sent 15 -> 0 # 0 at 74134566, 0.129415 0.393310
2024-08-01 08:13:57,101 INFO CHECKSUM 15 1 0: 0.969687
2024-08-01 08:13:57,101 INFO CHECKSUM 15 1 0: 0.969687
2024-08-01 08:13:57,114 INFO recv 15 -> 1 # 0 at 44437662, 0.129415 0.393310
2024-08-01 08:13:57,114 INFO sent 15 -> 1 # 0 at 31172163, 0.129415 0.393310
2024-08-01 08:13:57,133 INFO CHECKSUM 15 2 0: 0.969687
2024-08-01 08:13:57,132 INFO CHECKSUM 15 2 0: 0.969687
2024-08-01 08:13:57,154 INFO recv 15 -> 2 # 0 at 36604552, 0.129415 0.393310
2024-08-01 08:13:57,154 INFO sent 15 -> 2 # 0 at 14927972, 0.129415 0.393310
2024-08-01 08:13:57,180 INFO CHECKSUM 15 3 0: 0.969687
2024-08-01 08:13:57,180 INFO CHECKSUM 15 3 0: 0.969687
2024-08-01 08:13:57,189 INFO recv 15 -> 3 # 0 at 24002051, 0.129415 0.393310
2024-08-01 08:13:57,189 INFO sent 15 -> 3 # 0 at 18808163, 0.129415 0.393310
2024-08-01 08:13:57,204 INFO CHECKSUM 15 4 0: 0.969687
2024-08-01 08:13:57,213 INFO CHECKSUM 15 4 0: 0.969687
2024-08-01 08:13:57,222 INFO sent 15 -> 4 # 0 at 14206387, 0.129415 0.393310
2024-08-01 08:13:57,222 INFO recv 15 -> 4 # 0 at 32137278, 0.129415 0.393310
2024-08-01 08:13:57,240 INFO CHECKSUM 15 5 0: 0.969687
2024-08-01 08:13:57,241 INFO CHECKSUM 15 5 0: 0.969687
2024-08-01 08:13:57,254 INFO sent 15 -> 5 # 0 at 14722214, 0.129415 0.393310
2024-08-01 08:13:57,254 INFO recv 15 -> 5 # 0 at 28861107, 0.129415 0.393310
2024-08-01 08:13:57,375 INFO CHECKSUM 15 6 0: 0.969687
2024-08-01 08:13:57,375 INFO CHECKSUM 15 6 0: 0.969687
2024-08-01 08:13:57,386 INFO sent 15 -> 6 # 0 at 84550086, 0.129415 0.393310
2024-08-01 08:13:57,386 INFO recv 15 -> 6 # 0 at 104494357, 0.129415 0.393310
2024-08-01 08:13:57,408 INFO CHECKSUM 15 7 0: 0.969687
2024-08-01 08:13:57,408 INFO CHECKSUM 15 7 0: 0.969687
2024-08-01 08:13:57,434 INFO recv 15 -> 7 # 0 at 39934680, 0.129415 0.393310
2024-08-01 08:13:57,442 INFO sent 15 -> 7 # 0 at 14207970, 0.129415 0.393310
2024-08-01 08:13:57,460 INFO CHECKSUM 15 8 0: 0.969687
2024-08-01 08:13:57,460 INFO CHECKSUM 15 8 0: 0.969687
2024-08-01 08:13:57,473 INFO recv 15 -> 8 # 0 at 27307040, 0.129415 0.393310
2024-08-01 08:13:57,473 INFO sent 15 -> 8 # 0 at 14521326, 0.129415 0.393310
2024-08-01 08:13:57,493 INFO CHECKSUM 15 9 0: 0.969687
2024-08-01 08:13:57,492 INFO CHECKSUM 15 9 0: 0.969687
2024-08-01 08:13:57,513 INFO recv 15 -> 9 # 0 at 35437463, 0.129415 0.393310
2024-08-01 08:13:57,513 INFO sent 15 -> 9 # 0 at 14581443, 0.129415 0.393310
2024-08-01 08:13:57,534 INFO CHECKSUM 15 10 0: 0.969687
2024-08-01 08:13:57,535 INFO CHECKSUM 15 10 0: 0.969687
2024-08-01 08:13:57,546 INFO sent 15 -> 10 # 0 at 14623605, 0.129415 0.393310
2024-08-01 08:13:57,546 INFO recv 15 -> 10 # 0 at 25984065, 0.129415 0.393310
2024-08-01 08:13:57,639 INFO CHECKSUM 15 11 0: 0.969687
2024-08-01 08:13:57,639 INFO CHECKSUM 15 11 0: 0.969687
2024-08-01 08:13:57,650 INFO recv 15 -> 11 # 0 at 95282546, 0.129415 0.393310
2024-08-01 08:13:57,655 INFO sent 15 -> 11 # 0 at 84356120, 0.129415 0.393310
2024-08-01 08:13:57,691 INFO CHECKSUM 15 12 0: 0.969687
2024-08-01 08:13:57,691 INFO CHECKSUM 15 12 0: 0.969687
2024-08-01 08:13:57,705 INFO recv 15 -> 12 # 0 at 35361491, 0.129415 0.393310
2024-08-01 08:13:57,705 INFO sent 15 -> 12 # 0 at 21920557, 0.129415 0.393310
2024-08-01 08:13:57,730 INFO CHECKSUM 15 13 0: 0.969687
2024-08-01 08:13:57,730 INFO CHECKSUM 15 13 0: 0.969687
2024-08-01 08:13:57,737 INFO sent 15 -> 13 # 0 at 22731436, 0.129415 0.393310
2024-08-01 08:13:57,737 INFO recv 15 -> 13 # 0 at 30139865, 0.129415 0.393310
2024-08-01 08:13:57,828 INFO CHECKSUM 15 14 0: 0.969687
2024-08-01 08:13:57,827 INFO CHECKSUM 15 14 0: 0.969687
2024-08-01 08:13:57,853 INFO Rank 0 start All-Reduce
2024-08-01 08:13:57,853 INFO Rank 0 HIT BARRIER
2024-08-01 08:13:57,853 INFO Rank 8 start All-Reduce
2024-08-01 08:13:57,853 INFO Rank 12 start All-Reduce
2024-08-01 08:13:57,853 INFO Rank 4 start All-Reduce
2024-08-01 08:13:57,861 INFO Rank 1 start All-Reduce
2024-08-01 08:13:57,861 INFO Rank 13 start All-Reduce
2024-08-01 08:13:57,861 INFO Rank 2 start All-Reduce
2024-08-01 08:13:57,861 INFO Rank 9 start All-Reduce
2024-08-01 08:13:57,861 INFO Rank 5 start All-Reduce
2024-08-01 08:13:57,861 INFO Rank 3 start All-Reduce
2024-08-01 08:13:57,861 INFO Rank 10 start All-Reduce
2024-08-01 08:13:57,861 INFO sent 15 -> 14 # 0 at 80993783, 0.129415 0.393310
2024-08-01 08:13:57,861 INFO Rank 6 start All-Reduce
2024-08-01 08:13:57,861 INFO Rank 1 HIT BARRIER
2024-08-01 08:13:57,861 INFO Rank 11 start All-Reduce
2024-08-01 08:13:57,861 INFO recv 15 -> 14 # 0 at 115215268, 0.129415 0.393310
2024-08-01 08:13:57,861 INFO Rank 7 start All-Reduce
2024-08-01 08:13:57,861 INFO Rank 3 HIT BARRIER
2024-08-01 08:13:57,861 INFO Rank 15 start All-Reduce
2024-08-01 08:13:57,861 INFO Rank 2 HIT BARRIER
2024-08-01 08:13:57,861 INFO Rank 14 start All-Reduce
2024-08-01 08:13:57,878 INFO Added key: store_based_barrier_key:2 to store for rank: 1
2024-08-01 08:13:57,878 INFO Added key: store_based_barrier_key:2 to store for rank: 6
2024-08-01 08:13:57,878 INFO Added key: store_based_barrier_key:2 to store for rank: 3
2024-08-01 08:13:57,878 INFO Added key: store_based_barrier_key:2 to store for rank: 8
2024-08-01 08:13:57,878 INFO Added key: store_based_barrier_key:2 to store for rank: 12
2024-08-01 08:13:57,878 INFO Added key: store_based_barrier_key:2 to store for rank: 2
2024-08-01 08:13:57,878 INFO Added key: store_based_barrier_key:2 to store for rank: 4
2024-08-01 08:13:57,879 INFO Added key: store_based_barrier_key:2 to store for rank: 9
2024-08-01 08:13:57,879 INFO Added key: store_based_barrier_key:2 to store for rank: 14
2024-08-01 08:13:57,879 INFO Added key: store_based_barrier_key:2 to store for rank: 5
2024-08-01 08:13:57,879 INFO Added key: store_based_barrier_key:2 to store for rank: 0
2024-08-01 08:13:57,879 INFO Added key: store_based_barrier_key:2 to store for rank: 11
2024-08-01 08:13:57,879 INFO Added key: store_based_barrier_key:2 to store for rank: 7
2024-08-01 08:13:57,879 INFO Rank 0: Completed store-based barrier for key:store_based_barrier_key:2 with 16 nodes.
2024-08-01 08:13:57,879 INFO Added key: store_based_barrier_key:2 to store for rank: 10
2024-08-01 08:13:57,879 INFO Added key: store_based_barrier_key:2 to store for rank: 15
2024-08-01 08:13:57,879 INFO Made group
2024-08-01 08:13:57,879 INFO Added key: store_based_barrier_key:2 to store for rank: 13
2024-08-01 08:13:57,879 INFO Rank 15: Completed store-based barrier for key:store_based_barrier_key:2 with 16 nodes.
2024-08-01 08:13:57,879 INFO Rank 13: Completed store-based barrier for key:store_based_barrier_key:2 with 16 nodes.
2024-08-01 08:13:57,889 INFO Rank 1: Completed store-based barrier for key:store_based_barrier_key:2 with 16 nodes.
2024-08-01 08:13:57,889 INFO Made group
2024-08-01 08:13:57,889 INFO Rank 3: Completed store-based barrier for key:store_based_barrier_key:2 with 16 nodes.
2024-08-01 08:13:57,889 INFO Rank 8: Completed store-based barrier for key:store_based_barrier_key:2 with 16 nodes.
2024-08-01 08:13:57,889 INFO Rank 12: Completed store-based barrier for key:store_based_barrier_key:2 with 16 nodes.
2024-08-01 08:13:57,889 INFO Rank 6: Completed store-based barrier for key:store_based_barrier_key:2 with 16 nodes.
2024-08-01 08:13:57,889 INFO Rank 2: Completed store-based barrier for key:store_based_barrier_key:2 with 16 nodes.
2024-08-01 08:13:57,889 INFO Rank 4: Completed store-based barrier for key:store_based_barrier_key:2 with 16 nodes.
2024-08-01 08:13:57,889 INFO Made group
2024-08-01 08:13:57,889 INFO Rank 14: Completed store-based barrier for key:store_based_barrier_key:2 with 16 nodes.
2024-08-01 08:13:57,889 INFO Rank 5: Completed store-based barrier for key:store_based_barrier_key:2 with 16 nodes.
2024-08-01 08:13:57,889 INFO Made group
2024-08-01 08:13:57,889 INFO Rank 7: Completed store-based barrier for key:store_based_barrier_key:2 with 16 nodes.
2024-08-01 08:13:57,889 INFO Rank 11: Completed store-based barrier for key:store_based_barrier_key:2 with 16 nodes.
2024-08-01 08:13:57,890 INFO Rank 9: Completed store-based barrier for key:store_based_barrier_key:2 with 16 nodes.
2024-08-01 08:13:57,890 INFO Rank 10: Completed store-based barrier for key:store_based_barrier_key:2 with 16 nodes.
2024-08-01 08:13:58,146 INFO Node Reduce CHECKSUM 0: 7.208937
2024-08-01 08:13:58,205 INFO Node Reduce CHECKSUM 1: 7.208937
2024-08-01 08:13:58,209 INFO Node Reduce CHECKSUM 2: 7.208937
2024-08-01 08:13:58,146 INFO Node Reduce CHECKSUM 3: 7.208937
2024-08-01 08:13:58,234 INFO Rank 4 HIT BARRIER
2024-08-01 08:13:58,234 INFO Node Reduce rank 0 at 356254183
2024-08-01 08:13:58,234 INFO Rank 5 HIT BARRIER
2024-08-01 08:13:58,234 INFO Node Reduce rank 1 at 356261758
2024-08-01 08:13:58,234 INFO Rank 6 HIT BARRIER
2024-08-01 08:13:58,234 INFO Node Reduce rank 2 at 356258301
2024-08-01 08:13:58,234 INFO Rank 7 HIT BARRIER
2024-08-01 08:13:58,234 INFO Node Reduce rank 3 at 356259103
2024-08-01 08:13:58,244 INFO Added key: store_based_barrier_key:3 to store for rank: 1
2024-08-01 08:13:58,244 INFO Added key: store_based_barrier_key:3 to store for rank: 3
2024-08-01 08:13:58,244 INFO Added key: store_based_barrier_key:3 to store for rank: 2
2024-08-01 08:13:58,244 INFO Added key: store_based_barrier_key:3 to store for rank: 9
2024-08-01 08:13:58,244 INFO Added key: store_based_barrier_key:3 to store for rank: 12
2024-08-01 08:13:58,244 INFO Added key: store_based_barrier_key:3 to store for rank: 6
2024-08-01 08:13:58,244 INFO Added key: store_based_barrier_key:3 to store for rank: 10
2024-08-01 08:13:58,244 INFO Added key: store_based_barrier_key:3 to store for rank: 15
2024-08-01 08:13:58,244 INFO Added key: store_based_barrier_key:3 to store for rank: 4
2024-08-01 08:13:58,244 INFO Added key: store_based_barrier_key:3 to store for rank: 0
2024-08-01 08:13:58,244 INFO Added key: store_based_barrier_key:3 to store for rank: 11
2024-08-01 08:13:58,244 INFO Added key: store_based_barrier_key:3 to store for rank: 14
2024-08-01 08:13:58,244 INFO Added key: store_based_barrier_key:3 to store for rank: 5
2024-08-01 08:13:58,244 INFO Rank 0: Completed store-based barrier for key:store_based_barrier_key:3 with 16 nodes.
2024-08-01 08:13:58,244 INFO Added key: store_based_barrier_key:3 to store for rank: 8
2024-08-01 08:13:58,244 INFO Added key: store_based_barrier_key:3 to store for rank: 13
2024-08-01 08:13:58,244 INFO Added key: store_based_barrier_key:3 to store for rank: 7
2024-08-01 08:13:58,254 INFO Rank 1: Completed store-based barrier for key:store_based_barrier_key:3 with 16 nodes.
2024-08-01 08:13:58,254 INFO Rank 3: Completed store-based barrier for key:store_based_barrier_key:3 with 16 nodes.
2024-08-01 08:13:58,254 INFO Rank 2: Completed store-based barrier for key:store_based_barrier_key:3 with 16 nodes.
2024-08-01 08:13:58,254 INFO Rank 9: Completed store-based barrier for key:store_based_barrier_key:3 with 16 nodes.
2024-08-01 08:13:58,254 INFO Rank 6: Completed store-based barrier for key:store_based_barrier_key:3 with 16 nodes.
2024-08-01 08:13:58,254 INFO Rank 10: Completed store-based barrier for key:store_based_barrier_key:3 with 16 nodes.
2024-08-01 08:13:58,254 INFO Rank 12: Completed store-based barrier for key:store_based_barrier_key:3 with 16 nodes.
2024-08-01 08:13:58,254 INFO Made group
2024-08-01 08:13:58,254 INFO Rank 11: Completed store-based barrier for key:store_based_barrier_key:3 with 16 nodes.
2024-08-01 08:13:58,254 INFO Rank 15: Completed store-based barrier for key:store_based_barrier_key:3 with 16 nodes.
2024-08-01 08:13:58,254 INFO Rank 7: Completed store-based barrier for key:store_based_barrier_key:3 with 16 nodes.
2024-08-01 08:13:58,254 INFO Rank 8: Completed store-based barrier for key:store_based_barrier_key:3 with 16 nodes.
2024-08-01 08:13:58,255 INFO Rank 14: Completed store-based barrier for key:store_based_barrier_key:3 with 16 nodes.
2024-08-01 08:13:58,254 INFO Rank 4: Completed store-based barrier for key:store_based_barrier_key:3 with 16 nodes.
2024-08-01 08:13:58,255 INFO Rank 13: Completed store-based barrier for key:store_based_barrier_key:3 with 16 nodes.
2024-08-01 08:13:58,255 INFO Made group
2024-08-01 08:13:58,255 INFO Rank 5: Completed store-based barrier for key:store_based_barrier_key:3 with 16 nodes.
2024-08-01 08:13:58,255 INFO Made group
2024-08-01 08:13:58,255 INFO Made group
2024-08-01 08:13:58,601 INFO Node Reduce CHECKSUM 4: 6.854137
2024-08-01 08:13:58,605 INFO Node Reduce CHECKSUM 5: 6.854137
2024-08-01 08:13:58,635 INFO Rank 8 HIT BARRIER
2024-08-01 08:13:58,607 INFO Node Reduce CHECKSUM 6: 6.854137
2024-08-01 08:13:58,544 INFO Node Reduce CHECKSUM 7: 6.854137
2024-08-01 08:13:58,635 INFO Node Reduce rank 4 at 391390230
2024-08-01 08:13:58,635 INFO Node Reduce rank 5 at 391393286
2024-08-01 08:13:58,635 INFO Node Reduce rank 6 at 391383277
2024-08-01 08:13:58,635 INFO Node Reduce rank 7 at 391385742
2024-08-01 08:13:58,642 INFO Rank 10 HIT BARRIER
2024-08-01 08:13:58,645 INFO Rank 9 HIT BARRIER
2024-08-01 08:13:58,645 INFO Rank 11 HIT BARRIER
2024-08-01 08:13:58,649 INFO Added key: store_based_barrier_key:4 to store for rank: 1
2024-08-01 08:13:58,649 INFO Added key: store_based_barrier_key:4 to store for rank: 3
2024-08-01 08:13:58,650 INFO Added key: store_based_barrier_key:4 to store for rank: 6
2024-08-01 08:13:58,649 INFO Added key: store_based_barrier_key:4 to store for rank: 2
2024-08-01 08:13:58,650 INFO Added key: store_based_barrier_key:4 to store for rank: 10
2024-08-01 08:13:58,650 INFO Added key: store_based_barrier_key:4 to store for rank: 12
2024-08-01 08:13:58,650 INFO Added key: store_based_barrier_key:4 to store for rank: 4
2024-08-01 08:13:58,650 INFO Added key: store_based_barrier_key:4 to store for rank: 0
2024-08-01 08:13:58,650 INFO Added key: store_based_barrier_key:4 to store for rank: 11
2024-08-01 08:13:58,650 INFO Added key: store_based_barrier_key:4 to store for rank: 15
2024-08-01 08:13:58,650 INFO Added key: store_based_barrier_key:4 to store for rank: 5
2024-08-01 08:13:58,650 INFO Rank 0: Completed store-based barrier for key:store_based_barrier_key:4 with 16 nodes.
2024-08-01 08:13:58,650 INFO Added key: store_based_barrier_key:4 to store for rank: 8
2024-08-01 08:13:58,650 INFO Added key: store_based_barrier_key:4 to store for rank: 14
2024-08-01 08:13:58,650 INFO Added key: store_based_barrier_key:4 to store for rank: 7
2024-08-01 08:13:58,650 INFO Added key: store_based_barrier_key:4 to store for rank: 9
2024-08-01 08:13:58,650 INFO Added key: store_based_barrier_key:4 to store for rank: 13
2024-08-01 08:13:58,650 INFO Rank 6: Completed store-based barrier for key:store_based_barrier_key:4 with 16 nodes.
2024-08-01 08:13:58,650 INFO Rank 10: Completed store-based barrier for key:store_based_barrier_key:4 with 16 nodes.
2024-08-01 08:13:58,650 INFO Rank 12: Completed store-based barrier for key:store_based_barrier_key:4 with 16 nodes.
2024-08-01 08:13:58,650 INFO Rank 4: Completed store-based barrier for key:store_based_barrier_key:4 with 16 nodes.
2024-08-01 08:13:58,650 INFO Rank 11: Completed store-based barrier for key:store_based_barrier_key:4 with 16 nodes.
2024-08-01 08:13:58,650 INFO Rank 13: Completed store-based barrier for key:store_based_barrier_key:4 with 16 nodes.
2024-08-01 08:13:58,650 INFO Rank 5: Completed store-based barrier for key:store_based_barrier_key:4 with 16 nodes.
2024-08-01 08:13:58,650 INFO Made group
2024-08-01 08:13:58,650 INFO Rank 15: Completed store-based barrier for key:store_based_barrier_key:4 with 16 nodes.
2024-08-01 08:13:58,650 INFO Rank 7: Completed store-based barrier for key:store_based_barrier_key:4 with 16 nodes.
2024-08-01 08:13:58,650 INFO Made group
2024-08-01 08:13:58,650 INFO Rank 14: Completed store-based barrier for key:store_based_barrier_key:4 with 16 nodes.
2024-08-01 08:13:58,650 INFO Rank 8: Completed store-based barrier for key:store_based_barrier_key:4 with 16 nodes.
2024-08-01 08:13:58,650 INFO Rank 9: Completed store-based barrier for key:store_based_barrier_key:4 with 16 nodes.
2024-08-01 08:13:58,650 INFO Made group
2024-08-01 08:13:58,650 INFO Made group
2024-08-01 08:13:58,660 INFO Rank 1: Completed store-based barrier for key:store_based_barrier_key:4 with 16 nodes.
2024-08-01 08:13:58,660 INFO Rank 2: Completed store-based barrier for key:store_based_barrier_key:4 with 16 nodes.
2024-08-01 08:13:58,660 INFO Rank 3: Completed store-based barrier for key:store_based_barrier_key:4 with 16 nodes.
2024-08-01 08:13:58,936 INFO Node Reduce CHECKSUM 9: 6.275526
2024-08-01 08:13:58,881 INFO Node Reduce CHECKSUM 8: 6.275526
2024-08-01 08:13:58,944 INFO Node Reduce CHECKSUM 10: 6.275526
2024-08-01 08:13:58,883 INFO Node Reduce CHECKSUM 11: 6.275526
2024-08-01 08:13:58,963 INFO Node Reduce rank 10 at 313316351
2024-08-01 08:13:58,963 INFO Node Reduce rank 8 at 313366799
2024-08-01 08:13:58,963 INFO Rank 12 HIT BARRIER
2024-08-01 08:13:58,963 INFO Rank 14 HIT BARRIER
2024-08-01 08:13:58,965 INFO Node Reduce rank 9 at 315746064
2024-08-01 08:13:58,965 INFO Node Reduce rank 11 at 315750583
2024-08-01 08:13:58,969 INFO Rank 13 HIT BARRIER
2024-08-01 08:13:58,969 INFO Rank 15 HIT BARRIER
2024-08-01 08:13:58,978 INFO Added key: store_based_barrier_key:5 to store for rank: 0
2024-08-01 08:13:58,978 INFO Added key: store_based_barrier_key:5 to store for rank: 1
2024-08-01 08:13:58,978 INFO Added key: store_based_barrier_key:5 to store for rank: 5
2024-08-01 08:13:58,978 INFO Added key: store_based_barrier_key:5 to store for rank: 2
2024-08-01 08:13:58,978 INFO Added key: store_based_barrier_key:5 to store for rank: 3
2024-08-01 08:13:58,978 INFO Added key: store_based_barrier_key:5 to store for rank: 8
2024-08-01 08:13:58,978 INFO Added key: store_based_barrier_key:5 to store for rank: 12
2024-08-01 08:13:58,978 INFO Added key: store_based_barrier_key:5 to store for rank: 6
2024-08-01 08:13:58,978 INFO Added key: store_based_barrier_key:5 to store for rank: 9
2024-08-01 08:13:58,978 INFO Added key: store_based_barrier_key:5 to store for rank: 14
2024-08-01 08:13:58,978 INFO Added key: store_based_barrier_key:5 to store for rank: 4
2024-08-01 08:13:58,978 INFO Added key: store_based_barrier_key:5 to store for rank: 10
2024-08-01 08:13:58,979 INFO Added key: store_based_barrier_key:5 to store for rank: 13
2024-08-01 08:13:58,978 INFO Added key: store_based_barrier_key:5 to store for rank: 7
2024-08-01 08:13:58,979 INFO Added key: store_based_barrier_key:5 to store for rank: 11
2024-08-01 08:13:58,979 INFO Added key: store_based_barrier_key:5 to store for rank: 15
2024-08-01 08:13:58,979 INFO Rank 4: Completed store-based barrier for key:store_based_barrier_key:5 with 16 nodes.
2024-08-01 08:13:58,979 INFO Rank 11: Completed store-based barrier for key:store_based_barrier_key:5 with 16 nodes.
2024-08-01 08:13:58,979 INFO Rank 13: Completed store-based barrier for key:store_based_barrier_key:5 with 16 nodes.
2024-08-01 08:13:58,979 INFO Rank 5: Completed store-based barrier for key:store_based_barrier_key:5 with 16 nodes.
2024-08-01 08:13:58,979 INFO Rank 9: Completed store-based barrier for key:store_based_barrier_key:5 with 16 nodes.
2024-08-01 08:13:58,979 INFO Rank 12: Completed store-based barrier for key:store_based_barrier_key:5 with 16 nodes.
2024-08-01 08:13:58,979 INFO Rank 7: Completed store-based barrier for key:store_based_barrier_key:5 with 16 nodes.
2024-08-01 08:13:58,979 INFO Rank 8: Completed store-based barrier for key:store_based_barrier_key:5 with 16 nodes.
2024-08-01 08:13:58,979 INFO Rank 14: Completed store-based barrier for key:store_based_barrier_key:5 with 16 nodes.
2024-08-01 08:13:58,979 INFO Rank 10: Completed store-based barrier for key:store_based_barrier_key:5 with 16 nodes.
2024-08-01 08:13:58,979 INFO Rank 15: Completed store-based barrier for key:store_based_barrier_key:5 with 16 nodes.
2024-08-01 08:13:58,979 INFO Made group
2024-08-01 08:13:58,979 INFO Made group
2024-08-01 08:13:58,979 INFO Made group
2024-08-01 08:13:58,979 INFO Made group
2024-08-01 08:13:58,988 INFO Rank 1: Completed store-based barrier for key:store_based_barrier_key:5 with 16 nodes.
2024-08-01 08:13:58,988 INFO Rank 2: Completed store-based barrier for key:store_based_barrier_key:5 with 16 nodes.
2024-08-01 08:13:58,988 INFO Rank 3: Completed store-based barrier for key:store_based_barrier_key:5 with 16 nodes.
2024-08-01 08:13:58,989 INFO Rank 0: Completed store-based barrier for key:store_based_barrier_key:5 with 16 nodes.
2024-08-01 08:13:58,989 INFO Rank 6: Completed store-based barrier for key:store_based_barrier_key:5 with 16 nodes.
2024-08-01 08:13:59,278 INFO Node Reduce CHECKSUM 13: 7.456415
2024-08-01 08:13:59,337 INFO Node Reduce CHECKSUM 14: 7.456415
2024-08-01 08:13:59,215 INFO Node Reduce CHECKSUM 15: 7.456415
2024-08-01 08:13:59,276 INFO Node Reduce CHECKSUM 12: 7.456415
2024-08-01 08:13:59,361 INFO Node Reduce rank 12 at 382780168
2024-08-01 08:13:59,361 INFO Node Reduce rank 13 at 382371086
2024-08-01 08:13:59,361 INFO Node Reduce rank 14 at 382568908
2024-08-01 08:13:59,361 INFO Node Reduce rank 15 at 382411324
2024-08-01 08:13:59,370 INFO All Reduce CHECKSUM 0: 22.254965
2024-08-01 08:13:59,375 INFO All Reduce CHECKSUM 2: 22.254965
2024-08-01 08:13:59,375 INFO All Reduce CHECKSUM 8: 22.254965
2024-08-01 08:13:59,372 INFO All Reduce CHECKSUM 12: 22.254965
2024-08-01 08:13:59,371 INFO All Reduce CHECKSUM 4: 22.254965
2024-08-01 08:13:59,373 INFO All Reduce CHECKSUM 10: 22.254965
2024-08-01 08:13:59,374 INFO All Reduce CHECKSUM 14: 22.254965
2024-08-01 08:13:59,375 INFO All Reduce CHECKSUM 6: 22.254965
2024-08-01 08:13:59,375 INFO All Reduce CHECKSUM 13: 22.254965
2024-08-01 08:13:59,375 INFO All Reduce CHECKSUM 15: 22.254965
2024-08-01 08:13:59,374 INFO All Reduce CHECKSUM 1: 22.254965
2024-08-01 08:13:59,373 INFO All Reduce CHECKSUM 9: 22.254965
2024-08-01 08:13:59,375 INFO All Reduce CHECKSUM 3: 22.254965
2024-08-01 08:13:59,373 INFO All Reduce CHECKSUM 11: 22.254965
2024-08-01 08:13:59,370 INFO All Reduce CHECKSUM 5: 22.254965
2024-08-01 08:13:59,375 INFO All Reduce CHECKSUM 7: 22.254965
2024-08-01 08:13:59,395 INFO All Reduce rank 0 at 24926805
2024-08-01 08:13:59,395 INFO All Reduce rank 1 at 24904493
2024-08-01 08:13:59,395 INFO All Reduce rank 8 at 24927634
2024-08-01 08:13:59,395 INFO Rank 8 done
2024-08-01 08:13:59,395 INFO All Reduce rank 12 at 24929060
2024-08-01 08:13:59,395 INFO All Reduce rank 4 at 24925019
2024-08-01 08:13:59,395 INFO Rank 4 done
2024-08-01 08:13:59,395 INFO All Reduce rank 3 at 24905935
2024-08-01 08:13:59,395 INFO All Reduce rank 10 at 24918167
2024-08-01 08:13:59,395 INFO Rank 10 done
2024-08-01 08:13:59,395 INFO All Reduce rank 13 at 24927738
2024-08-01 08:13:59,395 INFO All Reduce rank 6 at 24918917
2024-08-01 08:13:59,395 INFO Rank 6 done
2024-08-01 08:13:59,395 INFO All Reduce rank 2 at 24924651
2024-08-01 08:13:59,395 INFO All Reduce rank 9 at 25218987
2024-08-01 08:13:59,395 INFO Rank 9 done
2024-08-01 08:13:59,395 INFO All Reduce rank 14 at 24924370
2024-08-01 08:13:59,395 INFO Rank 0 done
2024-08-01 08:13:59,395 INFO All Reduce rank 11 at 25219118
2024-08-01 08:13:59,395 INFO Rank 11 done
2024-08-01 08:13:59,395 INFO All Reduce rank 15 at 24923819
2024-08-01 08:13:59,395 INFO All Reduce rank 5 at 25265940
2024-08-01 08:13:59,396 INFO Rank 5 done
2024-08-01 08:13:59,395 INFO Rank 1 done
2024-08-01 08:13:59,395 INFO Rank 12 done
2024-08-01 08:13:59,395 INFO All Reduce rank 7 at 25247504
2024-08-01 08:13:59,396 INFO Rank 7 done
2024-08-01 08:13:59,395 INFO Rank 3 done
2024-08-01 08:13:59,395 INFO Rank 13 done
2024-08-01 08:13:59,395 INFO Rank 2 done
2024-08-01 08:13:59,395 INFO Rank 15 done
2024-08-01 08:13:59,395 INFO Rank 14 done
