
2024-08-01 08:01:10,427 INFO Initialized rank 0 out of 16
2024-08-01 08:01:10,434 INFO Initialized rank 1 out of 16
2024-08-01 08:01:10,434 INFO Initialized rank 3 out of 16
2024-08-01 08:01:10,434 INFO Initialized rank 2 out of 16
2024-08-01 08:01:10,435 INFO Initialized rank 7 out of 16
2024-08-01 08:01:10,435 INFO Initialized rank 9 out of 16
2024-08-01 08:01:10,435 INFO Initialized rank 6 out of 16
2024-08-01 08:01:10,435 INFO Initialized rank 10 out of 16
2024-08-01 08:01:10,435 INFO Initialized rank 15 out of 16
2024-08-01 08:01:10,435 INFO Initialized rank 4 out of 16
2024-08-01 08:01:10,435 INFO Initialized rank 8 out of 16
2024-08-01 08:01:10,435 INFO Initialized rank 14 out of 16
2024-08-01 08:01:10,435 INFO Initialized rank 5 out of 16
2024-08-01 08:01:10,435 INFO Initialized rank 11 out of 16
2024-08-01 08:01:10,435 INFO Initialized rank 12 out of 16
2024-08-01 08:01:10,435 INFO Initialized rank 13 out of 16
2024-08-01 08:01:13,033 INFO Sync time
2024-08-01 08:01:13,033 INFO Sync time
2024-08-01 08:01:13,033 INFO Sync time
2024-08-01 08:01:13,033 INFO Sync time
2024-08-01 08:01:13,033 INFO Sync time
2024-08-01 08:01:13,033 INFO Sync time
2024-08-01 08:01:13,033 INFO Sync time
2024-08-01 08:01:13,033 INFO Sync time
2024-08-01 08:01:13,033 INFO Sync time
2024-08-01 08:01:13,033 INFO Sync time
2024-08-01 08:01:13,034 INFO Sending from rank 0
2024-08-01 08:01:13,033 INFO Sync time
2024-08-01 08:01:13,033 INFO Sync time
2024-08-01 08:01:13,033 INFO Sync time
2024-08-01 08:01:13,034 INFO Accepting from rank 0
2024-08-01 08:01:13,033 INFO Sync time
2024-08-01 08:01:13,033 INFO Sync time
2024-08-01 08:01:13,033 INFO Sync time
2024-08-01 08:01:13,034 INFO Accepting from rank 0
2024-08-01 08:01:13,034 INFO Accepting from rank 0
2024-08-01 08:01:13,034 INFO Accepting from rank 0
2024-08-01 08:01:13,034 INFO Accepting from rank 0
2024-08-01 08:01:13,034 INFO Accepting from rank 0
2024-08-01 08:01:13,034 INFO Accepting from rank 0
2024-08-01 08:01:13,034 INFO Accepting from rank 0
2024-08-01 08:01:13,034 INFO Accepting from rank 0
2024-08-01 08:01:13,034 INFO Accepting from rank 0
2024-08-01 08:01:13,034 INFO Accepting from rank 0
2024-08-01 08:01:13,034 INFO Accepting from rank 0
2024-08-01 08:01:13,034 INFO Accepting from rank 0
2024-08-01 08:01:13,034 INFO Accepting from rank 0
2024-08-01 08:01:13,034 INFO Accepting from rank 0
2024-08-01 08:01:13,280 INFO CHECKSUM 0 1 0: 2.322136
2024-08-01 08:01:13,281 INFO CHECKSUM 0 1 0: 2.322136
2024-08-01 08:01:13,296 INFO sent 0 -> 1 # 0 at 221042512, 0.247627 0.483800
2024-08-01 08:01:13,296 INFO recv 0 -> 1 # 0 at 225975017, 0.247627 0.483800
2024-08-01 08:01:13,543 INFO CHECKSUM 0 2 0: 2.322136
2024-08-01 08:01:13,544 INFO CHECKSUM 0 2 0: 2.322136
2024-08-01 08:01:13,560 INFO sent 0 -> 2 # 0 at 221301562, 0.247627 0.483800
2024-08-01 08:01:13,560 INFO recv 0 -> 2 # 0 at 238317936, 0.247627 0.483800
2024-08-01 08:01:13,868 INFO CHECKSUM 0 3 0: 2.322136
2024-08-01 08:01:13,869 INFO CHECKSUM 0 3 0: 2.322136
2024-08-01 08:01:13,888 INFO sent 0 -> 3 # 0 at 285368869, 0.247627 0.483800
2024-08-01 08:01:13,888 INFO recv 0 -> 3 # 0 at 293960702, 0.247627 0.483800
2024-08-01 08:01:14,077 INFO CHECKSUM 0 4 0: 2.322136
2024-08-01 08:01:14,078 INFO CHECKSUM 0 4 0: 2.322136
2024-08-01 08:01:14,093 INFO sent 0 -> 4 # 0 at 183149035, 0.247627 0.483800
2024-08-01 08:01:14,093 INFO recv 0 -> 4 # 0 at 199548631, 0.247627 0.483800
2024-08-01 08:01:14,291 INFO CHECKSUM 0 5 0: 2.322136
2024-08-01 08:01:14,293 INFO CHECKSUM 0 5 0: 2.322136
2024-08-01 08:01:14,308 INFO sent 0 -> 5 # 0 at 193362437, 0.247627 0.483800
2024-08-01 08:01:14,308 INFO recv 0 -> 5 # 0 at 210422556, 0.247627 0.483800
2024-08-01 08:01:14,495 INFO CHECKSUM 0 6 0: 2.322136
2024-08-01 08:01:14,496 INFO CHECKSUM 0 6 0: 2.322136
2024-08-01 08:01:14,506 INFO sent 0 -> 6 # 0 at 177704192, 0.247627 0.483800
2024-08-01 08:01:14,506 INFO recv 0 -> 6 # 0 at 188504407, 0.247627 0.483800
2024-08-01 08:01:14,707 INFO CHECKSUM 0 7 0: 2.322136
2024-08-01 08:01:14,708 INFO CHECKSUM 0 7 0: 2.322136
2024-08-01 08:01:14,729 INFO sent 0 -> 7 # 0 at 188888027, 0.247627 0.483800
2024-08-01 08:01:14,729 INFO recv 0 -> 7 # 0 at 211365805, 0.247627 0.483800
2024-08-01 08:01:14,961 INFO CHECKSUM 0 8 0: 2.322136
2024-08-01 08:01:14,971 INFO sent 0 -> 8 # 0 at 220084644, 0.247627 0.483800
2024-08-01 08:01:14,963 INFO CHECKSUM 0 8 0: 2.322136
2024-08-01 08:01:14,971 INFO recv 0 -> 8 # 0 at 230397981, 0.247627 0.483800
2024-08-01 08:01:15,258 INFO CHECKSUM 0 9 0: 2.322136
2024-08-01 08:01:15,260 INFO CHECKSUM 0 9 0: 2.322136
2024-08-01 08:01:15,274 INFO sent 0 -> 9 # 0 at 272847876, 0.247627 0.483800
2024-08-01 08:01:15,282 INFO recv 0 -> 9 # 0 at 296749381, 0.247627 0.483800
2024-08-01 08:01:15,493 INFO CHECKSUM 0 10 0: 2.322136
2024-08-01 08:01:15,494 INFO CHECKSUM 0 10 0: 2.322136
2024-08-01 08:01:15,503 INFO sent 0 -> 10 # 0 at 208162958, 0.247627 0.483800
2024-08-01 08:01:15,503 INFO recv 0 -> 10 # 0 at 218220713, 0.247627 0.483800
2024-08-01 08:01:15,706 INFO CHECKSUM 0 11 0: 2.322136
2024-08-01 08:01:15,707 INFO CHECKSUM 0 11 0: 2.322136
2024-08-01 08:01:15,719 INFO sent 0 -> 11 # 0 at 190011253, 0.247627 0.483800
2024-08-01 08:01:15,719 INFO recv 0 -> 11 # 0 at 203675794, 0.247627 0.483800
2024-08-01 08:01:15,940 INFO CHECKSUM 0 12 0: 2.322136
2024-08-01 08:01:15,941 INFO CHECKSUM 0 12 0: 2.322136
2024-08-01 08:01:15,963 INFO sent 0 -> 12 # 0 at 217581606, 0.247627 0.483800
2024-08-01 08:01:15,963 INFO recv 0 -> 12 # 0 at 239319921, 0.247627 0.483800
2024-08-01 08:01:16,126 INFO CHECKSUM 0 13 0: 2.322136
2024-08-01 08:01:16,127 INFO CHECKSUM 0 13 0: 2.322136
2024-08-01 08:01:16,140 INFO sent 0 -> 13 # 0 at 152589987, 0.247627 0.483800
2024-08-01 08:01:16,140 INFO recv 0 -> 13 # 0 at 166824695, 0.247627 0.483800
2024-08-01 08:01:16,359 INFO CHECKSUM 0 14 0: 2.322136
2024-08-01 08:01:16,360 INFO CHECKSUM 0 14 0: 2.322136
2024-08-01 08:01:16,378 INFO sent 0 -> 14 # 0 at 218312366, 0.247627 0.483800
2024-08-01 08:01:16,378 INFO recv 0 -> 14 # 0 at 237193055, 0.247627 0.483800
2024-08-01 08:01:16,592 INFO CHECKSUM 0 15 0: 2.322136
2024-08-01 08:01:16,602 INFO sent 0 -> 15 # 0 at 203179305, 0.247627 0.483800
2024-08-01 08:01:16,593 INFO CHECKSUM 0 15 0: 2.322136
2024-08-01 08:01:16,602 INFO Accepting from rank 1
2024-08-01 08:01:16,602 INFO Accepting from rank 1
2024-08-01 08:01:16,602 INFO Sending from rank 1
2024-08-01 08:01:16,602 INFO Accepting from rank 1
2024-08-01 08:01:16,602 INFO Accepting from rank 1
2024-08-01 08:01:16,602 INFO Accepting from rank 1
2024-08-01 08:01:16,602 INFO Accepting from rank 1
2024-08-01 08:01:16,602 INFO Accepting from rank 1
2024-08-01 08:01:16,602 INFO Accepting from rank 1
2024-08-01 08:01:16,602 INFO Accepting from rank 1
2024-08-01 08:01:16,602 INFO Accepting from rank 1
2024-08-01 08:01:16,603 INFO Accepting from rank 1
2024-08-01 08:01:16,602 INFO recv 0 -> 15 # 0 at 213420041, 0.247627 0.483800
2024-08-01 08:01:16,602 INFO Accepting from rank 1
2024-08-01 08:01:16,603 INFO Accepting from rank 1
2024-08-01 08:01:16,613 INFO Accepting from rank 1
2024-08-01 08:01:16,613 INFO Accepting from rank 1
2024-08-01 08:01:16,641 INFO CHECKSUM 1 0 0: 1.312060
2024-08-01 08:01:16,641 INFO CHECKSUM 1 0 0: 1.312060
2024-08-01 08:01:16,646 INFO recv 1 -> 0 # 0 at 19234403, 0.779421 0.230334
2024-08-01 08:01:16,664 INFO sent 1 -> 0 # 0 at 13839547, 0.779421 0.230334
2024-08-01 08:01:16,855 INFO CHECKSUM 1 2 0: 1.312060
2024-08-01 08:01:16,855 INFO CHECKSUM 1 2 0: 1.312060
2024-08-01 08:01:16,875 INFO sent 1 -> 2 # 0 at 188652933, 0.779421 0.230334
2024-08-01 08:01:16,875 INFO recv 1 -> 2 # 0 at 209266577, 0.779421 0.230334
2024-08-01 08:01:17,107 INFO CHECKSUM 1 3 0: 1.312060
2024-08-01 08:01:17,107 INFO CHECKSUM 1 3 0: 1.312060
2024-08-01 08:01:17,130 INFO sent 1 -> 3 # 0 at 220925396, 0.779421 0.230334
2024-08-01 08:01:17,130 INFO recv 1 -> 3 # 0 at 244478831, 0.779421 0.230334
2024-08-01 08:01:17,294 INFO CHECKSUM 1 4 0: 1.312060
2024-08-01 08:01:17,303 INFO CHECKSUM 1 4 0: 1.312060
2024-08-01 08:01:17,321 INFO sent 1 -> 4 # 0 at 163523869, 0.779421 0.230334
2024-08-01 08:01:17,321 INFO recv 1 -> 4 # 0 at 190381505, 0.779421 0.230334
2024-08-01 08:01:17,499 INFO CHECKSUM 1 5 0: 1.312060
2024-08-01 08:01:17,500 INFO CHECKSUM 1 5 0: 1.312060
2024-08-01 08:01:17,513 INFO sent 1 -> 5 # 0 at 176312879, 0.779421 0.230334
2024-08-01 08:01:17,513 INFO recv 1 -> 5 # 0 at 190886123, 0.779421 0.230334
2024-08-01 08:01:17,675 INFO CHECKSUM 1 6 0: 1.312060
2024-08-01 08:01:17,676 INFO CHECKSUM 1 6 0: 1.312060
2024-08-01 08:01:17,694 INFO recv 1 -> 6 # 0 at 180521145, 0.779421 0.230334
2024-08-01 08:01:17,702 INFO sent 1 -> 6 # 0 at 161097719, 0.779421 0.230334
2024-08-01 08:01:17,882 INFO CHECKSUM 1 7 0: 1.312060
2024-08-01 08:01:17,883 INFO CHECKSUM 1 7 0: 1.312060
2024-08-01 08:01:17,913 INFO sent 1 -> 7 # 0 at 176950699, 0.779421 0.230334
2024-08-01 08:01:17,914 INFO recv 1 -> 7 # 0 at 208197876, 0.779421 0.230334
2024-08-01 08:01:18,109 INFO CHECKSUM 1 8 0: 1.312060
2024-08-01 08:01:18,119 INFO sent 1 -> 8 # 0 at 191380063, 0.779421 0.230334
2024-08-01 08:01:18,109 INFO CHECKSUM 1 8 0: 1.312060
2024-08-01 08:01:18,119 INFO recv 1 -> 8 # 0 at 201654259, 0.779421 0.230334
2024-08-01 08:01:18,298 INFO CHECKSUM 1 9 0: 1.312060
2024-08-01 08:01:18,299 INFO CHECKSUM 1 9 0: 1.312060
2024-08-01 08:01:18,342 INFO sent 1 -> 9 # 0 at 163665983, 0.779421 0.230334
2024-08-01 08:01:18,342 INFO recv 1 -> 9 # 0 at 204445921, 0.779421 0.230334
2024-08-01 08:01:18,468 INFO CHECKSUM 1 10 0: 1.312060
2024-08-01 08:01:18,468 INFO CHECKSUM 1 10 0: 1.312060
2024-08-01 08:01:18,494 INFO recv 1 -> 10 # 0 at 150766854, 0.779421 0.230334
2024-08-01 08:01:18,494 INFO sent 1 -> 10 # 0 at 124522945, 0.779421 0.230334
2024-08-01 08:01:18,683 INFO CHECKSUM 1 11 0: 1.312060
2024-08-01 08:01:18,684 INFO CHECKSUM 1 11 0: 1.312060
2024-08-01 08:01:18,705 INFO sent 1 -> 11 # 0 at 161625357, 0.779421 0.230334
2024-08-01 08:01:18,721 INFO recv 1 -> 11 # 0 at 199526701, 0.779421 0.230334
2024-08-01 08:01:18,951 INFO CHECKSUM 1 12 0: 1.312060
2024-08-01 08:01:18,951 INFO CHECKSUM 1 12 0: 1.312060
2024-08-01 08:01:18,970 INFO recv 1 -> 12 # 0 at 239602342, 0.779421 0.230334
2024-08-01 08:01:18,975 INFO sent 1 -> 12 # 0 at 213171801, 0.779421 0.230334
2024-08-01 08:01:19,158 INFO CHECKSUM 1 13 0: 1.312060
2024-08-01 08:01:19,159 INFO CHECKSUM 1 13 0: 1.312060
2024-08-01 08:01:19,202 INFO sent 1 -> 13 # 0 at 167729151, 0.779421 0.230334
2024-08-01 08:01:19,202 INFO recv 1 -> 13 # 0 at 211835780, 0.779421 0.230334
2024-08-01 08:01:19,363 INFO CHECKSUM 1 14 0: 1.312060
2024-08-01 08:01:19,364 INFO CHECKSUM 1 14 0: 1.312060
2024-08-01 08:01:19,390 INFO recv 1 -> 14 # 0 at 186622450, 0.779421 0.230334
2024-08-01 08:01:19,406 INFO sent 1 -> 14 # 0 at 159884418, 0.779421 0.230334
2024-08-01 08:01:19,604 INFO CHECKSUM 1 15 0: 1.312060
2024-08-01 08:01:19,604 INFO CHECKSUM 1 15 0: 1.312060
2024-08-01 08:01:19,637 INFO Accepting from rank 2
2024-08-01 08:01:19,638 INFO Accepting from rank 2
2024-08-01 08:01:19,638 INFO Accepting from rank 2
2024-08-01 08:01:19,638 INFO sent 1 -> 15 # 0 at 194923829, 0.779421 0.230334
2024-08-01 08:01:19,638 INFO Accepting from rank 2
2024-08-01 08:01:19,638 INFO Accepting from rank 2
2024-08-01 08:01:19,638 INFO Accepting from rank 2
2024-08-01 08:01:19,638 INFO Sending from rank 2
2024-08-01 08:01:19,638 INFO Accepting from rank 2
2024-08-01 08:01:19,638 INFO Accepting from rank 2
2024-08-01 08:01:19,638 INFO Accepting from rank 2
2024-08-01 08:01:19,638 INFO recv 1 -> 15 # 0 at 219881772, 0.779421 0.230334
2024-08-01 08:01:19,638 INFO Accepting from rank 2
2024-08-01 08:01:19,638 INFO Accepting from rank 2
2024-08-01 08:01:19,638 INFO Accepting from rank 2
2024-08-01 08:01:19,638 INFO Accepting from rank 2
2024-08-01 08:01:19,641 INFO Accepting from rank 2
2024-08-01 08:01:19,641 INFO Accepting from rank 2
2024-08-01 08:01:19,692 INFO CHECKSUM 2 0 0: 0.653984
2024-08-01 08:01:19,692 INFO CHECKSUM 2 0 0: 0.653984
2024-08-01 08:01:19,706 INFO recv 2 -> 0 # 0 at 35866717, 0.318639 0.738967
2024-08-01 08:01:19,709 INFO sent 2 -> 0 # 0 at 21796906, 0.318639 0.738967
2024-08-01 08:01:19,791 INFO CHECKSUM 2 1 0: 0.653984
2024-08-01 08:01:19,791 INFO CHECKSUM 2 1 0: 0.653984
2024-08-01 08:01:19,809 INFO recv 2 -> 1 # 0 at 91573556, 0.318639 0.738967
2024-08-01 08:01:19,809 INFO sent 2 -> 1 # 0 at 73716129, 0.318639 0.738967
2024-08-01 08:01:19,953 INFO CHECKSUM 2 3 0: 0.653984
2024-08-01 08:01:19,955 INFO CHECKSUM 2 3 0: 0.653984
2024-08-01 08:01:19,978 INFO recv 2 -> 3 # 0 at 162643420, 0.318639 0.738967
2024-08-01 08:01:19,978 INFO sent 2 -> 3 # 0 at 137419804, 0.318639 0.738967
2024-08-01 08:01:20,159 INFO CHECKSUM 2 4 0: 0.653984
2024-08-01 08:01:20,165 INFO CHECKSUM 2 4 0: 0.653984
2024-08-01 08:01:20,176 INFO sent 2 -> 4 # 0 at 165595354, 0.318639 0.738967
2024-08-01 08:01:20,176 INFO recv 2 -> 4 # 0 at 182050819, 0.318639 0.738967
2024-08-01 08:01:20,347 INFO CHECKSUM 2 5 0: 0.653984
2024-08-01 08:01:20,348 INFO CHECKSUM 2 5 0: 0.653984
2024-08-01 08:01:20,368 INFO sent 2 -> 5 # 0 at 161702165, 0.318639 0.738967
2024-08-01 08:01:20,368 INFO recv 2 -> 5 # 0 at 182072361, 0.318639 0.738967
2024-08-01 08:01:20,540 INFO CHECKSUM 2 6 0: 0.653984
2024-08-01 08:01:20,541 INFO CHECKSUM 2 6 0: 0.653984
2024-08-01 08:01:20,558 INFO sent 2 -> 6 # 0 at 161244852, 0.318639 0.738967
2024-08-01 08:01:20,558 INFO recv 2 -> 6 # 0 at 179246113, 0.318639 0.738967
2024-08-01 08:01:20,750 INFO CHECKSUM 2 7 0: 0.653984
2024-08-01 08:01:20,751 INFO CHECKSUM 2 7 0: 0.653984
2024-08-01 08:01:20,769 INFO sent 2 -> 7 # 0 at 180619967, 0.318639 0.738967
2024-08-01 08:01:20,773 INFO recv 2 -> 7 # 0 at 203732611, 0.318639 0.738967
2024-08-01 08:01:20,935 INFO CHECKSUM 2 8 0: 0.653984
2024-08-01 08:01:20,935 INFO CHECKSUM 2 8 0: 0.653984
2024-08-01 08:01:20,945 INFO recv 2 -> 8 # 0 at 171323223, 0.318639 0.738967
2024-08-01 08:01:20,955 INFO sent 2 -> 8 # 0 at 161425410, 0.318639 0.738967
2024-08-01 08:01:21,151 INFO CHECKSUM 2 9 0: 0.653984
2024-08-01 08:01:21,151 INFO CHECKSUM 2 9 0: 0.653984
2024-08-01 08:01:21,164 INFO sent 2 -> 9 # 0 at 181738515, 0.318639 0.738967
2024-08-01 08:01:21,164 INFO recv 2 -> 9 # 0 at 195121534, 0.318639 0.738967
2024-08-01 08:01:21,359 INFO CHECKSUM 2 10 0: 0.653984
2024-08-01 08:01:21,369 INFO sent 2 -> 10 # 0 at 181100193, 0.318639 0.738967
2024-08-01 08:01:21,359 INFO CHECKSUM 2 10 0: 0.653984
2024-08-01 08:01:21,369 INFO recv 2 -> 10 # 0 at 191527452, 0.318639 0.738967
2024-08-01 08:01:21,578 INFO CHECKSUM 2 11 0: 0.653984
2024-08-01 08:01:21,579 INFO CHECKSUM 2 11 0: 0.653984
2024-08-01 08:01:21,609 INFO sent 2 -> 11 # 0 at 191854077, 0.318639 0.738967
2024-08-01 08:01:21,609 INFO recv 2 -> 11 # 0 at 222874071, 0.318639 0.738967
2024-08-01 08:01:21,806 INFO CHECKSUM 2 12 0: 0.653984
2024-08-01 08:01:21,806 INFO CHECKSUM 2 12 0: 0.653984
2024-08-01 08:01:21,830 INFO recv 2 -> 12 # 0 at 203578818, 0.318639 0.738967
2024-08-01 08:01:21,834 INFO sent 2 -> 12 # 0 at 180064947, 0.318639 0.738967
2024-08-01 08:01:22,013 INFO CHECKSUM 2 13 0: 0.653984
2024-08-01 08:01:22,013 INFO CHECKSUM 2 13 0: 0.653984
2024-08-01 08:01:22,025 INFO sent 2 -> 13 # 0 at 168467544, 0.318639 0.738967
2024-08-01 08:01:22,025 INFO recv 2 -> 13 # 0 at 181322181, 0.318639 0.738967
2024-08-01 08:01:22,199 INFO CHECKSUM 2 14 0: 0.653984
2024-08-01 08:01:22,199 INFO CHECKSUM 2 14 0: 0.653984
2024-08-01 08:01:22,214 INFO sent 2 -> 14 # 0 at 164760374, 0.318639 0.738967
2024-08-01 08:01:22,214 INFO recv 2 -> 14 # 0 at 179532576, 0.318639 0.738967
2024-08-01 08:01:22,372 INFO CHECKSUM 2 15 0: 0.653984
2024-08-01 08:01:22,374 INFO CHECKSUM 2 15 0: 0.653984
2024-08-01 08:01:22,391 INFO Accepting from rank 3
2024-08-01 08:01:22,391 INFO Accepting from rank 3
2024-08-01 08:01:22,391 INFO Accepting from rank 3
2024-08-01 08:01:22,391 INFO Accepting from rank 3
2024-08-01 08:01:22,391 INFO Accepting from rank 3
2024-08-01 08:01:22,391 INFO Sending from rank 3
2024-08-01 08:01:22,391 INFO Accepting from rank 3
2024-08-01 08:01:22,391 INFO Accepting from rank 3
2024-08-01 08:01:22,391 INFO Accepting from rank 3
2024-08-01 08:01:22,391 INFO sent 2 -> 15 # 0 at 153916736, 0.318639 0.738967
2024-08-01 08:01:22,391 INFO Accepting from rank 3
2024-08-01 08:01:22,391 INFO Accepting from rank 3
2024-08-01 08:01:22,391 INFO Accepting from rank 3
2024-08-01 08:01:22,391 INFO recv 2 -> 15 # 0 at 172391836, 0.318639 0.738967
2024-08-01 08:01:22,391 INFO Accepting from rank 3
2024-08-01 08:01:22,391 INFO Accepting from rank 3
2024-08-01 08:01:22,393 INFO Accepting from rank 3
2024-08-01 08:01:22,393 INFO Accepting from rank 3
2024-08-01 08:01:22,450 INFO CHECKSUM 3 0 0: 1.746596
2024-08-01 08:01:22,449 INFO CHECKSUM 3 0 0: 1.746596
2024-08-01 08:01:22,458 INFO recv 3 -> 0 # 0 at 32573245, 0.202166 0.690139
2024-08-01 08:01:22,458 INFO sent 3 -> 0 # 0 at 21870558, 0.202166 0.690139
2024-08-01 08:01:22,485 INFO CHECKSUM 3 1 0: 1.746596
2024-08-01 08:01:22,485 INFO CHECKSUM 3 1 0: 1.746596
2024-08-01 08:01:22,505 INFO recv 3 -> 1 # 0 at 34514679, 0.202166 0.690139
2024-08-01 08:01:22,505 INFO sent 3 -> 1 # 0 at 14129095, 0.202166 0.690139
2024-08-01 08:01:22,563 INFO CHECKSUM 3 2 0: 1.746596
2024-08-01 08:01:22,563 INFO CHECKSUM 3 2 0: 1.746596
2024-08-01 08:01:22,578 INFO recv 3 -> 2 # 0 at 56868971, 0.202166 0.690139
2024-08-01 08:01:22,578 INFO sent 3 -> 2 # 0 at 21619384, 0.202166 0.690139
2024-08-01 08:01:22,783 INFO CHECKSUM 3 4 0: 1.746596
2024-08-01 08:01:22,784 INFO CHECKSUM 3 4 0: 1.746596
2024-08-01 08:01:22,798 INFO sent 3 -> 4 # 0 at 185409596, 0.202166 0.690139
2024-08-01 08:01:22,798 INFO recv 3 -> 4 # 0 at 201122813, 0.202166 0.690139
2024-08-01 08:01:22,996 INFO CHECKSUM 3 5 0: 1.746596
2024-08-01 08:01:22,995 INFO CHECKSUM 3 5 0: 1.746596
2024-08-01 08:01:23,006 INFO sent 3 -> 5 # 0 at 186681911, 0.202166 0.690139
2024-08-01 08:01:23,006 INFO recv 3 -> 5 # 0 at 195979835, 0.202166 0.690139
2024-08-01 08:01:23,152 INFO CHECKSUM 3 6 0: 1.746596
2024-08-01 08:01:23,152 INFO CHECKSUM 3 6 0: 1.746596
2024-08-01 08:01:23,180 INFO sent 3 -> 6 # 0 at 106291126, 0.202166 0.690139
2024-08-01 08:01:23,180 INFO recv 3 -> 6 # 0 at 135187492, 0.202166 0.690139
2024-08-01 08:01:23,375 INFO CHECKSUM 3 7 0: 1.746596
2024-08-01 08:01:23,375 INFO CHECKSUM 3 7 0: 1.746596
2024-08-01 08:01:23,399 INFO recv 3 -> 7 # 0 at 209562269, 0.202166 0.690139
2024-08-01 08:01:23,401 INFO sent 3 -> 7 # 0 at 186256219, 0.202166 0.690139
2024-08-01 08:01:23,574 INFO CHECKSUM 3 8 0: 1.746596
2024-08-01 08:01:23,575 INFO CHECKSUM 3 8 0: 1.746596
2024-08-01 08:01:23,594 INFO recv 3 -> 8 # 0 at 183858352, 0.202166 0.690139
2024-08-01 08:01:23,598 INFO sent 3 -> 8 # 0 at 163718143, 0.202166 0.690139
2024-08-01 08:01:23,775 INFO CHECKSUM 3 9 0: 1.746596
2024-08-01 08:01:23,787 INFO CHECKSUM 3 9 0: 1.746596
2024-08-01 08:01:23,803 INFO sent 3 -> 9 # 0 at 162892040, 0.202166 0.690139
2024-08-01 08:01:23,803 INFO recv 3 -> 9 # 0 at 191025604, 0.202166 0.690139
2024-08-01 08:01:24,004 INFO CHECKSUM 3 10 0: 1.746596
2024-08-01 08:01:24,004 INFO CHECKSUM 3 10 0: 1.746596
2024-08-01 08:01:24,022 INFO sent 3 -> 10 # 0 at 170201609, 0.202166 0.690139
2024-08-01 08:01:24,022 INFO recv 3 -> 10 # 0 at 189058154, 0.202166 0.690139
2024-08-01 08:01:24,192 INFO CHECKSUM 3 11 0: 1.746596
2024-08-01 08:01:24,192 INFO CHECKSUM 3 11 0: 1.746596
2024-08-01 08:01:24,203 INFO sent 3 -> 11 # 0 at 157966058, 0.202166 0.690139
2024-08-01 08:01:24,203 INFO recv 3 -> 11 # 0 at 169178953, 0.202166 0.690139
2024-08-01 08:01:24,407 INFO CHECKSUM 3 12 0: 1.746596
2024-08-01 08:01:24,407 INFO CHECKSUM 3 12 0: 1.746596
2024-08-01 08:01:24,426 INFO sent 3 -> 12 # 0 at 192423917, 0.202166 0.690139
2024-08-01 08:01:24,426 INFO recv 3 -> 12 # 0 at 212350235, 0.202166 0.690139
2024-08-01 08:01:24,591 INFO CHECKSUM 3 13 0: 1.746596
2024-08-01 08:01:24,591 INFO CHECKSUM 3 13 0: 1.746596
2024-08-01 08:01:24,613 INFO sent 3 -> 13 # 0 at 160347541, 0.202166 0.690139
2024-08-01 08:01:24,613 INFO recv 3 -> 13 # 0 at 183089230, 0.202166 0.690139
2024-08-01 08:01:24,811 INFO CHECKSUM 3 14 0: 1.746596
2024-08-01 08:01:24,812 INFO CHECKSUM 3 14 0: 1.746596
2024-08-01 08:01:24,827 INFO sent 3 -> 14 # 0 at 194115731, 0.202166 0.690139
2024-08-01 08:01:24,827 INFO recv 3 -> 14 # 0 at 210178472, 0.202166 0.690139
2024-08-01 08:01:25,022 INFO CHECKSUM 3 15 0: 1.746596
2024-08-01 08:01:25,023 INFO CHECKSUM 3 15 0: 1.746596
2024-08-01 08:01:25,049 INFO Accepting from rank 4
2024-08-01 08:01:25,049 INFO Accepting from rank 4
2024-08-01 08:01:25,049 INFO Accepting from rank 4
2024-08-01 08:01:25,049 INFO Accepting from rank 4
2024-08-01 08:01:25,049 INFO Accepting from rank 4
2024-08-01 08:01:25,049 INFO Accepting from rank 4
2024-08-01 08:01:25,049 INFO Sending from rank 4
2024-08-01 08:01:25,049 INFO Accepting from rank 4
2024-08-01 08:01:25,049 INFO sent 3 -> 15 # 0 at 180545333, 0.202166 0.690139
2024-08-01 08:01:25,049 INFO Accepting from rank 4
2024-08-01 08:01:25,049 INFO Accepting from rank 4
2024-08-01 08:01:25,049 INFO Accepting from rank 4
2024-08-01 08:01:25,049 INFO Accepting from rank 4
2024-08-01 08:01:25,049 INFO recv 3 -> 15 # 0 at 207987391, 0.202166 0.690139
2024-08-01 08:01:25,049 INFO Accepting from rank 4
2024-08-01 08:01:25,049 INFO Accepting from rank 4
2024-08-01 08:01:25,049 INFO Accepting from rank 4
2024-08-01 08:01:25,049 INFO Accepting from rank 4
2024-08-01 08:01:25,152 INFO CHECKSUM 4 0 0: 1.686112
2024-08-01 08:01:25,151 INFO CHECKSUM 4 0 0: 1.686112
2024-08-01 08:01:25,160 INFO recv 4 -> 0 # 0 at 91013787, 0.497313 0.919056
2024-08-01 08:01:25,160 INFO sent 4 -> 0 # 0 at 82374181, 0.497313 0.919056
2024-08-01 08:01:25,177 INFO CHECKSUM 4 1 0: 1.686112
2024-08-01 08:01:25,178 INFO CHECKSUM 4 1 0: 1.686112
2024-08-01 08:01:25,194 INFO recv 4 -> 1 # 0 at 31551773, 0.497313 0.919056
2024-08-01 08:01:25,194 INFO sent 4 -> 1 # 0 at 14204741, 0.497313 0.919056
2024-08-01 08:01:25,220 INFO CHECKSUM 4 2 0: 1.686112
2024-08-01 08:01:25,220 INFO CHECKSUM 4 2 0: 1.686112
2024-08-01 08:01:25,242 INFO recv 4 -> 2 # 0 at 44102253, 0.497313 0.919056
2024-08-01 08:01:25,242 INFO sent 4 -> 2 # 0 at 22378413, 0.497313 0.919056
2024-08-01 08:01:25,267 INFO CHECKSUM 4 3 0: 1.686112
2024-08-01 08:01:25,267 INFO CHECKSUM 4 3 0: 1.686112
2024-08-01 08:01:25,285 INFO recv 4 -> 3 # 0 at 32511946, 0.497313 0.919056
2024-08-01 08:01:25,285 INFO sent 4 -> 3 # 0 at 13980446, 0.497313 0.919056
2024-08-01 08:01:25,471 INFO CHECKSUM 4 5 0: 1.686112
2024-08-01 08:01:25,472 INFO CHECKSUM 4 5 0: 1.686112
2024-08-01 08:01:25,482 INFO sent 4 -> 5 # 0 at 181762260, 0.497313 0.919056
2024-08-01 08:01:25,482 INFO recv 4 -> 5 # 0 at 192520000, 0.497313 0.919056
2024-08-01 08:01:25,699 INFO CHECKSUM 4 6 0: 1.686112
2024-08-01 08:01:25,700 INFO CHECKSUM 4 6 0: 1.686112
2024-08-01 08:01:25,718 INFO sent 4 -> 6 # 0 at 204905154, 0.497313 0.919056
2024-08-01 08:01:25,718 INFO recv 4 -> 6 # 0 at 223566062, 0.497313 0.919056
2024-08-01 08:01:25,899 INFO CHECKSUM 4 7 0: 1.686112
2024-08-01 08:01:25,900 INFO CHECKSUM 4 7 0: 1.686112
2024-08-01 08:01:25,914 INFO sent 4 -> 7 # 0 at 177344948, 0.497313 0.919056
2024-08-01 08:01:25,914 INFO recv 4 -> 7 # 0 at 192281548, 0.497313 0.919056
2024-08-01 08:01:26,102 INFO CHECKSUM 4 8 0: 1.686112
2024-08-01 08:01:26,102 INFO CHECKSUM 4 8 0: 1.686112
2024-08-01 08:01:26,119 INFO sent 4 -> 8 # 0 at 184636681, 0.497313 0.919056
2024-08-01 08:01:26,118 INFO recv 4 -> 8 # 0 at 201659590, 0.497313 0.919056
2024-08-01 08:01:26,290 INFO CHECKSUM 4 9 0: 1.686112
2024-08-01 08:01:26,290 INFO CHECKSUM 4 9 0: 1.686112
2024-08-01 08:01:26,306 INFO sent 4 -> 9 # 0 at 159899537, 0.497313 0.919056
2024-08-01 08:01:26,306 INFO recv 4 -> 9 # 0 at 176408385, 0.497313 0.919056
2024-08-01 08:01:26,490 INFO CHECKSUM 4 10 0: 1.686112
2024-08-01 08:01:26,491 INFO CHECKSUM 4 10 0: 1.686112
2024-08-01 08:01:26,511 INFO sent 4 -> 10 # 0 at 176692775, 0.497313 0.919056
2024-08-01 08:01:26,511 INFO recv 4 -> 10 # 0 at 198143891, 0.497313 0.919056
2024-08-01 08:01:26,703 INFO CHECKSUM 4 11 0: 1.686112
2024-08-01 08:01:26,703 INFO CHECKSUM 4 11 0: 1.686112
2024-08-01 08:01:26,725 INFO sent 4 -> 11 # 0 at 176774953, 0.497313 0.919056
2024-08-01 08:01:26,725 INFO recv 4 -> 11 # 0 at 199477076, 0.497313 0.919056
2024-08-01 08:01:26,868 INFO CHECKSUM 4 12 0: 1.686112
2024-08-01 08:01:26,868 INFO CHECKSUM 4 12 0: 1.686112
2024-08-01 08:01:26,884 INFO recv 4 -> 12 # 0 at 149428280, 0.497313 0.919056
2024-08-01 08:01:26,884 INFO sent 4 -> 12 # 0 at 132996264, 0.497313 0.919056
2024-08-01 08:01:27,068 INFO CHECKSUM 4 13 0: 1.686112
2024-08-01 08:01:27,068 INFO CHECKSUM 4 13 0: 1.686112
2024-08-01 08:01:27,089 INFO recv 4 -> 13 # 0 at 190829412, 0.497313 0.919056
2024-08-01 08:01:27,089 INFO sent 4 -> 13 # 0 at 169697537, 0.497313 0.919056
2024-08-01 08:01:27,255 INFO CHECKSUM 4 14 0: 1.686112
2024-08-01 08:01:27,255 INFO CHECKSUM 4 14 0: 1.686112
2024-08-01 08:01:27,269 INFO recv 4 -> 14 # 0 at 175897320, 0.497313 0.919056
2024-08-01 08:01:27,269 INFO sent 4 -> 14 # 0 at 161206881, 0.497313 0.919056
2024-08-01 08:01:27,452 INFO CHECKSUM 4 15 0: 1.686112
2024-08-01 08:01:27,452 INFO CHECKSUM 4 15 0: 1.686112
2024-08-01 08:01:27,462 INFO Accepting from rank 5
2024-08-01 08:01:27,462 INFO Accepting from rank 5
2024-08-01 08:01:27,462 INFO sent 4 -> 15 # 0 at 169454226, 0.497313 0.919056
2024-08-01 08:01:27,462 INFO Accepting from rank 5
2024-08-01 08:01:27,462 INFO Accepting from rank 5
2024-08-01 08:01:27,462 INFO Accepting from rank 5
2024-08-01 08:01:27,462 INFO Accepting from rank 5
2024-08-01 08:01:27,462 INFO Accepting from rank 5
2024-08-01 08:01:27,462 INFO Accepting from rank 5
2024-08-01 08:01:27,462 INFO Accepting from rank 5
2024-08-01 08:01:27,462 INFO Accepting from rank 5
2024-08-01 08:01:27,462 INFO recv 4 -> 15 # 0 at 179650034, 0.497313 0.919056
2024-08-01 08:01:27,462 INFO Accepting from rank 5
2024-08-01 08:01:27,462 INFO Accepting from rank 5
2024-08-01 08:01:27,464 INFO Accepting from rank 5
2024-08-01 08:01:27,464 INFO Accepting from rank 5
2024-08-01 08:01:27,470 INFO Sending from rank 5
2024-08-01 08:01:27,470 INFO Accepting from rank 5
2024-08-01 08:01:27,571 INFO CHECKSUM 5 0 0: 1.481307
2024-08-01 08:01:27,572 INFO CHECKSUM 5 0 0: 1.481307
2024-08-01 08:01:27,586 INFO recv 5 -> 0 # 0 at 93224851, 0.799004 0.632245
2024-08-01 08:01:27,588 INFO sent 5 -> 0 # 0 at 78219970, 0.799004 0.632245
2024-08-01 08:01:27,604 INFO CHECKSUM 5 1 0: 1.481307
2024-08-01 08:01:27,614 INFO CHECKSUM 5 1 0: 1.481307
2024-08-01 08:01:27,632 INFO recv 5 -> 1 # 0 at 42405280, 0.799004 0.632245
2024-08-01 08:01:27,632 INFO sent 5 -> 1 # 0 at 14700191, 0.799004 0.632245
2024-08-01 08:01:27,664 INFO CHECKSUM 5 2 0: 1.481307
2024-08-01 08:01:27,663 INFO CHECKSUM 5 2 0: 1.481307
2024-08-01 08:01:27,682 INFO recv 5 -> 2 # 0 at 32743152, 0.799004 0.632245
2024-08-01 08:01:27,689 INFO sent 5 -> 2 # 0 at 14114155, 0.799004 0.632245
2024-08-01 08:01:27,709 INFO CHECKSUM 5 3 0: 1.481307
2024-08-01 08:01:27,709 INFO CHECKSUM 5 3 0: 1.481307
2024-08-01 08:01:27,749 INFO recv 5 -> 3 # 0 at 54856008, 0.799004 0.632245
2024-08-01 08:01:27,749 INFO sent 5 -> 3 # 0 at 14330684, 0.799004 0.632245
2024-08-01 08:01:27,851 INFO CHECKSUM 5 4 0: 1.481307
2024-08-01 08:01:27,851 INFO CHECKSUM 5 4 0: 1.481307
2024-08-01 08:01:27,866 INFO sent 5 -> 4 # 0 at 81377721, 0.799004 0.632245
2024-08-01 08:01:27,866 INFO recv 5 -> 4 # 0 at 96765694, 0.799004 0.632245
2024-08-01 08:01:28,051 INFO CHECKSUM 5 6 0: 1.481307
2024-08-01 08:01:28,051 INFO CHECKSUM 5 6 0: 1.481307
2024-08-01 08:01:28,078 INFO sent 5 -> 6 # 0 at 184305750, 0.799004 0.632245
2024-08-01 08:01:28,078 INFO recv 5 -> 6 # 0 at 211630308, 0.799004 0.632245
2024-08-01 08:01:28,327 INFO CHECKSUM 5 7 0: 1.481307
2024-08-01 08:01:28,327 INFO CHECKSUM 5 7 0: 1.481307
2024-08-01 08:01:28,346 INFO sent 5 -> 7 # 0 at 220823035, 0.799004 0.632245
2024-08-01 08:01:28,346 INFO recv 5 -> 7 # 0 at 240409847, 0.799004 0.632245
2024-08-01 08:01:28,548 INFO CHECKSUM 5 8 0: 1.481307
2024-08-01 08:01:28,548 INFO CHECKSUM 5 8 0: 1.481307
2024-08-01 08:01:28,565 INFO recv 5 -> 8 # 0 at 188223182, 0.799004 0.632245
2024-08-01 08:01:28,566 INFO sent 5 -> 8 # 0 at 155079073, 0.799004 0.632245
2024-08-01 08:01:28,719 INFO CHECKSUM 5 9 0: 1.481307
2024-08-01 08:01:28,719 INFO CHECKSUM 5 9 0: 1.481307
2024-08-01 08:01:28,773 INFO sent 5 -> 9 # 0 at 149354570, 0.799004 0.632245
2024-08-01 08:01:28,773 INFO recv 5 -> 9 # 0 at 203512358, 0.799004 0.632245
2024-08-01 08:01:28,947 INFO CHECKSUM 5 10 0: 1.481307
2024-08-01 08:01:28,948 INFO CHECKSUM 5 10 0: 1.481307
2024-08-01 08:01:28,969 INFO recv 5 -> 10 # 0 at 190924669, 0.799004 0.632245
2024-08-01 08:01:28,969 INFO sent 5 -> 10 # 0 at 168900191, 0.799004 0.632245
2024-08-01 08:01:29,158 INFO CHECKSUM 5 11 0: 1.481307
2024-08-01 08:01:29,158 INFO CHECKSUM 5 11 0: 1.481307
2024-08-01 08:01:29,178 INFO sent 5 -> 11 # 0 at 172123989, 0.799004 0.632245
2024-08-01 08:01:29,189 INFO recv 5 -> 11 # 0 at 203523129, 0.799004 0.632245
2024-08-01 08:01:29,400 INFO CHECKSUM 5 12 0: 1.481307
2024-08-01 08:01:29,399 INFO CHECKSUM 5 12 0: 1.481307
2024-08-01 08:01:29,418 INFO recv 5 -> 12 # 0 at 228339232, 0.799004 0.632245
2024-08-01 08:01:29,418 INFO sent 5 -> 12 # 0 at 209107399, 0.799004 0.632245
2024-08-01 08:01:29,615 INFO CHECKSUM 5 13 0: 1.481307
2024-08-01 08:01:29,616 INFO CHECKSUM 5 13 0: 1.481307
2024-08-01 08:01:29,654 INFO sent 5 -> 13 # 0 at 166154430, 0.799004 0.632245
2024-08-01 08:01:29,654 INFO recv 5 -> 13 # 0 at 204956084, 0.799004 0.632245
2024-08-01 08:01:29,827 INFO CHECKSUM 5 14 0: 1.481307
2024-08-01 08:01:29,827 INFO CHECKSUM 5 14 0: 1.481307
2024-08-01 08:01:29,839 INFO recv 5 -> 14 # 0 at 170551233, 0.799004 0.632245
2024-08-01 08:01:29,839 INFO sent 5 -> 14 # 0 at 158670295, 0.799004 0.632245
2024-08-01 08:01:30,008 INFO CHECKSUM 5 15 0: 1.481307
2024-08-01 08:01:30,008 INFO CHECKSUM 5 15 0: 1.481307
2024-08-01 08:01:30,033 INFO Accepting from rank 6
2024-08-01 08:01:30,034 INFO Accepting from rank 6
2024-08-01 08:01:30,033 INFO Accepting from rank 6
2024-08-01 08:01:30,033 INFO Accepting from rank 6
2024-08-01 08:01:30,033 INFO Accepting from rank 6
2024-08-01 08:01:30,034 INFO Accepting from rank 6
2024-08-01 08:01:30,034 INFO Accepting from rank 6
2024-08-01 08:01:30,034 INFO Accepting from rank 6
2024-08-01 08:01:30,034 INFO recv 5 -> 15 # 0 at 190614606, 0.799004 0.632245
2024-08-01 08:01:30,034 INFO Accepting from rank 6
2024-08-01 08:01:30,034 INFO Accepting from rank 6
2024-08-01 08:01:30,041 INFO Accepting from rank 6
2024-08-01 08:01:30,042 INFO Accepting from rank 6
2024-08-01 08:01:30,042 INFO sent 5 -> 15 # 0 at 164956328, 0.799004 0.632245
2024-08-01 08:01:30,042 INFO Accepting from rank 6
2024-08-01 08:01:30,041 INFO Accepting from rank 6
2024-08-01 08:01:30,042 INFO Sending from rank 6
2024-08-01 08:01:30,042 INFO Accepting from rank 6
2024-08-01 08:01:30,152 INFO CHECKSUM 6 0 0: 1.150317
2024-08-01 08:01:30,167 INFO CHECKSUM 6 0 0: 1.150317
2024-08-01 08:01:30,182 INFO recv 6 -> 0 # 0 at 116961921, 0.733430 0.353669
2024-08-01 08:01:30,185 INFO sent 6 -> 0 # 0 at 86546809, 0.733430 0.353669
2024-08-01 08:01:30,248 INFO CHECKSUM 6 1 0: 1.150317
2024-08-01 08:01:30,249 INFO CHECKSUM 6 1 0: 1.150317
2024-08-01 08:01:30,269 INFO recv 6 -> 1 # 0 at 51797347, 0.733430 0.353669
2024-08-01 08:01:30,269 INFO sent 6 -> 1 # 0 at 33754370, 0.733430 0.353669
2024-08-01 08:01:30,295 INFO CHECKSUM 6 2 0: 1.150317
2024-08-01 08:01:30,296 INFO CHECKSUM 6 2 0: 1.150317
2024-08-01 08:01:30,309 INFO recv 6 -> 2 # 0 at 28590562, 0.733430 0.353669
2024-08-01 08:01:30,309 INFO sent 6 -> 2 # 0 at 14008981, 0.733430 0.353669
2024-08-01 08:01:30,344 INFO CHECKSUM 6 3 0: 1.150317
2024-08-01 08:01:30,344 INFO CHECKSUM 6 3 0: 1.150317
2024-08-01 08:01:30,365 INFO sent 6 -> 3 # 0 at 16013065, 0.733430 0.353669
2024-08-01 08:01:30,369 INFO recv 6 -> 3 # 0 at 39815565, 0.733430 0.353669
2024-08-01 08:01:30,395 INFO CHECKSUM 6 4 0: 1.150317
2024-08-01 08:01:30,395 INFO CHECKSUM 6 4 0: 1.150317
2024-08-01 08:01:30,405 INFO recv 6 -> 4 # 0 at 32002314, 0.733430 0.353669
2024-08-01 08:01:30,405 INFO sent 6 -> 4 # 0 at 21635543, 0.733430 0.353669
2024-08-01 08:01:30,424 INFO CHECKSUM 6 5 0: 1.150317
2024-08-01 08:01:30,425 INFO CHECKSUM 6 5 0: 1.150317
2024-08-01 08:01:30,437 INFO recv 6 -> 5 # 0 at 28014656, 0.733430 0.353669
2024-08-01 08:01:30,437 INFO sent 6 -> 5 # 0 at 14841695, 0.733430 0.353669
2024-08-01 08:01:30,624 INFO CHECKSUM 6 7 0: 1.150317
2024-08-01 08:01:30,624 INFO CHECKSUM 6 7 0: 1.150317
2024-08-01 08:01:30,645 INFO sent 6 -> 7 # 0 at 185851976, 0.733430 0.353669
2024-08-01 08:01:30,645 INFO recv 6 -> 7 # 0 at 207544790, 0.733430 0.353669
2024-08-01 08:01:30,850 INFO CHECKSUM 6 8 0: 1.150317
2024-08-01 08:01:30,851 INFO CHECKSUM 6 8 0: 1.150317
2024-08-01 08:01:30,868 INFO recv 6 -> 8 # 0 at 210838086, 0.733430 0.353669
2024-08-01 08:01:30,870 INFO sent 6 -> 8 # 0 at 193279482, 0.733430 0.353669
2024-08-01 08:01:31,036 INFO CHECKSUM 6 9 0: 1.150317
2024-08-01 08:01:31,036 INFO CHECKSUM 6 9 0: 1.150317
2024-08-01 08:01:31,049 INFO sent 6 -> 9 # 0 at 161963437, 0.733430 0.353669
2024-08-01 08:01:31,049 INFO recv 6 -> 9 # 0 at 175781664, 0.733430 0.353669
2024-08-01 08:01:31,239 INFO CHECKSUM 6 10 0: 1.150317
2024-08-01 08:01:31,239 INFO CHECKSUM 6 10 0: 1.150317
2024-08-01 08:01:31,256 INFO sent 6 -> 10 # 0 at 183566487, 0.733430 0.353669
2024-08-01 08:01:31,257 INFO recv 6 -> 10 # 0 at 201317330, 0.733430 0.353669
2024-08-01 08:01:31,435 INFO CHECKSUM 6 11 0: 1.150317
2024-08-01 08:01:31,436 INFO CHECKSUM 6 11 0: 1.150317
2024-08-01 08:01:31,452 INFO sent 6 -> 11 # 0 at 167254682, 0.733430 0.353669
2024-08-01 08:01:31,452 INFO recv 6 -> 11 # 0 at 183891557, 0.733430 0.353669
2024-08-01 08:01:31,670 INFO CHECKSUM 6 12 0: 1.150317
2024-08-01 08:01:31,671 INFO CHECKSUM 6 12 0: 1.150317
2024-08-01 08:01:31,690 INFO recv 6 -> 12 # 0 at 234593507, 0.733430 0.353669
2024-08-01 08:01:31,690 INFO sent 6 -> 12 # 0 at 214889505, 0.733430 0.353669
2024-08-01 08:01:31,904 INFO CHECKSUM 6 13 0: 1.150317
2024-08-01 08:01:31,904 INFO CHECKSUM 6 13 0: 1.150317
2024-08-01 08:01:31,930 INFO recv 6 -> 13 # 0 at 227752556, 0.733430 0.353669
2024-08-01 08:01:31,930 INFO sent 6 -> 13 # 0 at 201560091, 0.733430 0.353669
2024-08-01 08:01:32,119 INFO CHECKSUM 6 14 0: 1.150317
2024-08-01 08:01:32,120 INFO CHECKSUM 6 14 0: 1.150317
2024-08-01 08:01:32,139 INFO sent 6 -> 14 # 0 at 169270960, 0.733430 0.353669
2024-08-01 08:01:32,145 INFO recv 6 -> 14 # 0 at 194546997, 0.733430 0.353669
2024-08-01 08:01:32,327 INFO CHECKSUM 6 15 0: 1.150317
2024-08-01 08:01:32,328 INFO CHECKSUM 6 15 0: 1.150317
2024-08-01 08:01:32,337 INFO Accepting from rank 7
2024-08-01 08:01:32,337 INFO Accepting from rank 7
2024-08-01 08:01:32,337 INFO Accepting from rank 7
2024-08-01 08:01:32,337 INFO Accepting from rank 7
2024-08-01 08:01:32,337 INFO Accepting from rank 7
2024-08-01 08:01:32,337 INFO Accepting from rank 7
2024-08-01 08:01:32,337 INFO Accepting from rank 7
2024-08-01 08:01:32,337 INFO Accepting from rank 7
2024-08-01 08:01:32,337 INFO Accepting from rank 7
2024-08-01 08:01:32,337 INFO Sending from rank 7
2024-08-01 08:01:32,337 INFO Accepting from rank 7
2024-08-01 08:01:32,337 INFO recv 6 -> 15 # 0 at 192449638, 0.733430 0.353669
2024-08-01 08:01:32,337 INFO sent 6 -> 15 # 0 at 182321655, 0.733430 0.353669
2024-08-01 08:01:32,337 INFO Accepting from rank 7
2024-08-01 08:01:32,338 INFO Accepting from rank 7
2024-08-01 08:01:32,338 INFO Accepting from rank 7
2024-08-01 08:01:32,346 INFO Accepting from rank 7
2024-08-01 08:01:32,346 INFO Accepting from rank 7
2024-08-01 08:01:32,384 INFO CHECKSUM 7 0 0: 2.102735
2024-08-01 08:01:32,385 INFO CHECKSUM 7 0 0: 2.102735
2024-08-01 08:01:32,394 INFO recv 7 -> 0 # 0 at 24597448, 0.483025 0.682058
2024-08-01 08:01:32,396 INFO sent 7 -> 0 # 0 at 15371742, 0.483025 0.682058
2024-08-01 08:01:32,413 INFO CHECKSUM 7 1 0: 2.102735
2024-08-01 08:01:32,421 INFO recv 7 -> 1 # 0 at 23066175, 0.483025 0.682058
2024-08-01 08:01:32,413 INFO CHECKSUM 7 1 0: 2.102735
2024-08-01 08:01:32,421 INFO sent 7 -> 1 # 0 at 14231974, 0.483025 0.682058
2024-08-01 08:01:32,465 INFO CHECKSUM 7 2 0: 2.102735
2024-08-01 08:01:32,465 INFO CHECKSUM 7 2 0: 2.102735
2024-08-01 08:01:32,504 INFO recv 7 -> 2 # 0 at 53877190, 0.483025 0.682058
2024-08-01 08:01:32,504 INFO sent 7 -> 2 # 0 at 14353038, 0.483025 0.682058
2024-08-01 08:01:32,537 INFO CHECKSUM 7 3 0: 2.102735
2024-08-01 08:01:32,537 INFO CHECKSUM 7 3 0: 2.102735
2024-08-01 08:01:32,549 INFO recv 7 -> 3 # 0 at 27549874, 0.483025 0.682058
2024-08-01 08:01:32,549 INFO sent 7 -> 3 # 0 at 14558517, 0.483025 0.682058
2024-08-01 08:01:32,580 INFO CHECKSUM 7 4 0: 2.102735
2024-08-01 08:01:32,583 INFO CHECKSUM 7 4 0: 2.102735
2024-08-01 08:01:32,595 INFO recv 7 -> 4 # 0 at 37992996, 0.483025 0.682058
2024-08-01 08:01:32,601 INFO sent 7 -> 4 # 0 at 22854034, 0.483025 0.682058
2024-08-01 08:01:32,687 INFO CHECKSUM 7 5 0: 2.102735
2024-08-01 08:01:32,687 INFO CHECKSUM 7 5 0: 2.102735
2024-08-01 08:01:32,709 INFO recv 7 -> 5 # 0 at 91762268, 0.483025 0.682058
2024-08-01 08:01:32,709 INFO sent 7 -> 5 # 0 at 69725247, 0.483025 0.682058
2024-08-01 08:01:32,748 INFO CHECKSUM 7 6 0: 2.102735
2024-08-01 08:01:32,749 INFO CHECKSUM 7 6 0: 2.102735
2024-08-01 08:01:32,775 INFO recv 7 -> 6 # 0 at 40854993, 0.483025 0.682058
2024-08-01 08:01:32,775 INFO sent 7 -> 6 # 0 at 14451509, 0.483025 0.682058
2024-08-01 08:01:32,957 INFO CHECKSUM 7 8 0: 2.102735
2024-08-01 08:01:32,959 INFO CHECKSUM 7 8 0: 2.102735
2024-08-01 08:01:32,972 INFO sent 7 -> 8 # 0 at 170975093, 0.483025 0.682058
2024-08-01 08:01:32,972 INFO recv 7 -> 8 # 0 at 186341678, 0.483025 0.682058
2024-08-01 08:01:33,158 INFO CHECKSUM 7 9 0: 2.102735
2024-08-01 08:01:33,158 INFO CHECKSUM 7 9 0: 2.102735
2024-08-01 08:01:33,172 INFO sent 7 -> 9 # 0 at 159834291, 0.483025 0.682058
2024-08-01 08:01:33,172 INFO recv 7 -> 9 # 0 at 185364481, 0.483025 0.682058
2024-08-01 08:01:33,343 INFO CHECKSUM 7 10 0: 2.102735
2024-08-01 08:01:33,344 INFO CHECKSUM 7 10 0: 2.102735
2024-08-01 08:01:33,370 INFO recv 7 -> 10 # 0 at 194400993, 0.483025 0.682058
2024-08-01 08:01:33,374 INFO sent 7 -> 10 # 0 at 167591686, 0.483025 0.682058
2024-08-01 08:01:33,558 INFO CHECKSUM 7 11 0: 2.102735
2024-08-01 08:01:33,559 INFO CHECKSUM 7 11 0: 2.102735
2024-08-01 08:01:33,590 INFO sent 7 -> 11 # 0 at 160420907, 0.483025 0.682058
2024-08-01 08:01:33,593 INFO recv 7 -> 11 # 0 at 190987189, 0.483025 0.682058
2024-08-01 08:01:33,795 INFO CHECKSUM 7 12 0: 2.102735
2024-08-01 08:01:33,795 INFO CHECKSUM 7 12 0: 2.102735
2024-08-01 08:01:33,830 INFO recv 7 -> 12 # 0 at 236250776, 0.483025 0.682058
2024-08-01 08:01:33,831 INFO sent 7 -> 12 # 0 at 201105419, 0.483025 0.682058
2024-08-01 08:01:33,999 INFO CHECKSUM 7 13 0: 2.102735
2024-08-01 08:01:34,008 INFO CHECKSUM 7 13 0: 2.102735
2024-08-01 08:01:34,017 INFO recv 7 -> 13 # 0 at 179221124, 0.483025 0.682058
2024-08-01 08:01:34,017 INFO sent 7 -> 13 # 0 at 158376415, 0.483025 0.682058
2024-08-01 08:01:34,204 INFO CHECKSUM 7 14 0: 2.102735
2024-08-01 08:01:34,205 INFO CHECKSUM 7 14 0: 2.102735
2024-08-01 08:01:34,217 INFO recv 7 -> 14 # 0 at 187346561, 0.483025 0.682058
2024-08-01 08:01:34,226 INFO sent 7 -> 14 # 0 at 174307191, 0.483025 0.682058
2024-08-01 08:01:34,387 INFO CHECKSUM 7 15 0: 2.102735
2024-08-01 08:01:34,388 INFO CHECKSUM 7 15 0: 2.102735
2024-08-01 08:01:34,409 INFO Accepting from rank 8
2024-08-01 08:01:34,409 INFO Accepting from rank 8
2024-08-01 08:01:34,409 INFO Accepting from rank 8
2024-08-01 08:01:34,409 INFO Accepting from rank 8
2024-08-01 08:01:34,409 INFO Sending from rank 8
2024-08-01 08:01:34,409 INFO Accepting from rank 8
2024-08-01 08:01:34,409 INFO Accepting from rank 8
2024-08-01 08:01:34,409 INFO Accepting from rank 8
2024-08-01 08:01:34,409 INFO Accepting from rank 8
2024-08-01 08:01:34,409 INFO Accepting from rank 8
2024-08-01 08:01:34,409 INFO Accepting from rank 8
2024-08-01 08:01:34,409 INFO Accepting from rank 8
2024-08-01 08:01:34,409 INFO Accepting from rank 8
2024-08-01 08:01:34,409 INFO recv 7 -> 15 # 0 at 179193380, 0.483025 0.682058
2024-08-01 08:01:34,409 INFO sent 7 -> 15 # 0 at 156626884, 0.483025 0.682058
2024-08-01 08:01:34,409 INFO Accepting from rank 8
2024-08-01 08:01:34,409 INFO Accepting from rank 8
2024-08-01 08:01:34,409 INFO Accepting from rank 8
2024-08-01 08:01:34,515 INFO CHECKSUM 8 0 0: 1.299494
2024-08-01 08:01:34,530 INFO CHECKSUM 8 0 0: 1.299494
2024-08-01 08:01:34,539 INFO recv 8 -> 0 # 0 at 106592919, 0.906934 0.090016
2024-08-01 08:01:34,539 INFO sent 8 -> 0 # 0 at 83176212, 0.906934 0.090016
2024-08-01 08:01:34,565 INFO CHECKSUM 8 1 0: 1.299494
2024-08-01 08:01:34,565 INFO CHECKSUM 8 1 0: 1.299494
2024-08-01 08:01:34,586 INFO sent 8 -> 1 # 0 at 14241724, 0.906934 0.090016
2024-08-01 08:01:34,590 INFO recv 8 -> 1 # 0 at 38864630, 0.906934 0.090016
2024-08-01 08:01:34,616 INFO CHECKSUM 8 2 0: 1.299494
2024-08-01 08:01:34,616 INFO CHECKSUM 8 2 0: 1.299494
2024-08-01 08:01:34,629 INFO recv 8 -> 2 # 0 at 28209706, 0.906934 0.090016
2024-08-01 08:01:34,629 INFO sent 8 -> 2 # 0 at 14456458, 0.906934 0.090016
2024-08-01 08:01:34,645 INFO CHECKSUM 8 3 0: 1.299494
2024-08-01 08:01:34,644 INFO CHECKSUM 8 3 0: 1.299494
2024-08-01 08:01:34,658 INFO sent 8 -> 3 # 0 at 14303343, 0.906934 0.090016
2024-08-01 08:01:34,665 INFO recv 8 -> 3 # 0 at 35484871, 0.906934 0.090016
2024-08-01 08:01:34,684 INFO CHECKSUM 8 4 0: 1.299494
2024-08-01 08:01:34,685 INFO CHECKSUM 8 4 0: 1.299494
2024-08-01 08:01:34,692 INFO recv 8 -> 4 # 0 at 22135562, 0.906934 0.090016
2024-08-01 08:01:34,692 INFO sent 8 -> 4 # 0 at 14186217, 0.906934 0.090016
2024-08-01 08:01:34,722 INFO CHECKSUM 8 5 0: 1.299494
2024-08-01 08:01:34,722 INFO CHECKSUM 8 5 0: 1.299494
2024-08-01 08:01:34,731 INFO recv 8 -> 5 # 0 at 32226610, 0.906934 0.090016
2024-08-01 08:01:34,731 INFO sent 8 -> 5 # 0 at 28605203, 0.906934 0.090016
2024-08-01 08:01:34,748 INFO CHECKSUM 8 6 0: 1.299494
2024-08-01 08:01:34,749 INFO CHECKSUM 8 6 0: 1.299494
2024-08-01 08:01:34,761 INFO sent 8 -> 6 # 0 at 14030145, 0.906934 0.090016
2024-08-01 08:01:34,761 INFO recv 8 -> 6 # 0 at 27028264, 0.906934 0.090016
2024-08-01 08:01:34,775 INFO CHECKSUM 8 7 0: 1.299494
2024-08-01 08:01:34,784 INFO CHECKSUM 8 7 0: 1.299494
2024-08-01 08:01:34,794 INFO recv 8 -> 7 # 0 at 31965082, 0.906934 0.090016
2024-08-01 08:01:34,793 INFO sent 8 -> 7 # 0 at 13815821, 0.906934 0.090016
2024-08-01 08:01:34,988 INFO CHECKSUM 8 9 0: 1.299494
2024-08-01 08:01:34,987 INFO CHECKSUM 8 9 0: 1.299494
2024-08-01 08:01:35,000 INFO sent 8 -> 9 # 0 at 188921981, 0.906934 0.090016
2024-08-01 08:01:35,000 INFO recv 8 -> 9 # 0 at 200991179, 0.906934 0.090016
2024-08-01 08:01:35,214 INFO CHECKSUM 8 10 0: 1.299494
2024-08-01 08:01:35,216 INFO CHECKSUM 8 10 0: 1.299494
2024-08-01 08:01:35,224 INFO sent 8 -> 10 # 0 at 211469215, 0.906934 0.090016
2024-08-01 08:01:35,224 INFO recv 8 -> 10 # 0 at 221765840, 0.906934 0.090016
2024-08-01 08:01:35,411 INFO CHECKSUM 8 11 0: 1.299494
2024-08-01 08:01:35,412 INFO CHECKSUM 8 11 0: 1.299494
2024-08-01 08:01:35,425 INFO sent 8 -> 11 # 0 at 181646540, 0.906934 0.090016
2024-08-01 08:01:35,425 INFO recv 8 -> 11 # 0 at 195039465, 0.906934 0.090016
2024-08-01 08:01:35,659 INFO CHECKSUM 8 12 0: 1.299494
2024-08-01 08:01:35,660 INFO CHECKSUM 8 12 0: 1.299494
2024-08-01 08:01:35,669 INFO sent 8 -> 12 # 0 at 229868849, 0.906934 0.090016
2024-08-01 08:01:35,669 INFO recv 8 -> 12 # 0 at 239468273, 0.906934 0.090016
2024-08-01 08:01:35,841 INFO CHECKSUM 8 13 0: 1.299494
2024-08-01 08:01:35,842 INFO CHECKSUM 8 13 0: 1.299494
2024-08-01 08:01:35,866 INFO sent 8 -> 13 # 0 at 167862951, 0.906934 0.090016
2024-08-01 08:01:35,866 INFO recv 8 -> 13 # 0 at 191978225, 0.906934 0.090016
2024-08-01 08:01:36,044 INFO CHECKSUM 8 14 0: 1.299494
2024-08-01 08:01:36,044 INFO CHECKSUM 8 14 0: 1.299494
2024-08-01 08:01:36,058 INFO recv 8 -> 14 # 0 at 188722724, 0.906934 0.090016
2024-08-01 08:01:36,058 INFO sent 8 -> 14 # 0 at 174623678, 0.906934 0.090016
2024-08-01 08:01:36,227 INFO CHECKSUM 8 15 0: 1.299494
2024-08-01 08:01:36,228 INFO CHECKSUM 8 15 0: 1.299494
2024-08-01 08:01:36,243 INFO Accepting from rank 9
2024-08-01 08:01:36,243 INFO Accepting from rank 9
2024-08-01 08:01:36,243 INFO Accepting from rank 9
2024-08-01 08:01:36,243 INFO Accepting from rank 9
2024-08-01 08:01:36,243 INFO sent 8 -> 15 # 0 at 162029325, 0.906934 0.090016
2024-08-01 08:01:36,243 INFO Accepting from rank 9
2024-08-01 08:01:36,243 INFO Accepting from rank 9
2024-08-01 08:01:36,243 INFO Sending from rank 9
2024-08-01 08:01:36,243 INFO Accepting from rank 9
2024-08-01 08:01:36,243 INFO Accepting from rank 9
2024-08-01 08:01:36,243 INFO Accepting from rank 9
2024-08-01 08:01:36,243 INFO recv 8 -> 15 # 0 at 177737031, 0.906934 0.090016
2024-08-01 08:01:36,243 INFO Accepting from rank 9
2024-08-01 08:01:36,243 INFO Accepting from rank 9
2024-08-01 08:01:36,243 INFO Accepting from rank 9
2024-08-01 08:01:36,243 INFO Accepting from rank 9
2024-08-01 08:01:36,248 INFO Accepting from rank 9
2024-08-01 08:01:36,248 INFO Accepting from rank 9
2024-08-01 08:01:36,290 INFO CHECKSUM 9 0 0: 1.998302
2024-08-01 08:01:36,304 INFO CHECKSUM 9 0 0: 1.998302
2024-08-01 08:01:36,314 INFO recv 9 -> 0 # 0 at 38342172, 0.030444 0.358926
2024-08-01 08:01:36,314 INFO sent 9 -> 0 # 0 at 14477659, 0.030444 0.358926
2024-08-01 08:01:36,410 INFO CHECKSUM 9 1 0: 1.998302
2024-08-01 08:01:36,410 INFO CHECKSUM 9 1 0: 1.998302
2024-08-01 08:01:36,437 INFO sent 9 -> 1 # 0 at 93793907, 0.030444 0.358926
2024-08-01 08:01:36,438 INFO recv 9 -> 1 # 0 at 117983181, 0.030444 0.358926
2024-08-01 08:01:36,453 INFO CHECKSUM 9 2 0: 1.998302
2024-08-01 08:01:36,452 INFO CHECKSUM 9 2 0: 1.998302
2024-08-01 08:01:36,463 INFO recv 9 -> 2 # 0 at 24591106, 0.030444 0.358926
2024-08-01 08:01:36,463 INFO sent 9 -> 2 # 0 at 14276963, 0.030444 0.358926
2024-08-01 08:01:36,481 INFO CHECKSUM 9 3 0: 1.998302
2024-08-01 08:01:36,481 INFO CHECKSUM 9 3 0: 1.998302
2024-08-01 08:01:36,503 INFO recv 9 -> 3 # 0 at 37119814, 0.030444 0.358926
2024-08-01 08:01:36,503 INFO sent 9 -> 3 # 0 at 14853306, 0.030444 0.358926
2024-08-01 08:01:36,520 INFO CHECKSUM 9 4 0: 1.998302
2024-08-01 08:01:36,530 INFO CHECKSUM 9 4 0: 1.998302
2024-08-01 08:01:36,540 INFO recv 9 -> 4 # 0 at 34757635, 0.030444 0.358926
2024-08-01 08:01:36,540 INFO sent 9 -> 4 # 0 at 14591239, 0.030444 0.358926
2024-08-01 08:01:36,623 INFO CHECKSUM 9 5 0: 1.998302
2024-08-01 08:01:36,623 INFO CHECKSUM 9 5 0: 1.998302
2024-08-01 08:01:36,634 INFO recv 9 -> 5 # 0 at 91130763, 0.030444 0.358926
2024-08-01 08:01:36,634 INFO sent 9 -> 5 # 0 at 80142102, 0.030444 0.358926
2024-08-01 08:01:36,746 INFO CHECKSUM 9 6 0: 1.998302
2024-08-01 08:01:36,746 INFO CHECKSUM 9 6 0: 1.998302
2024-08-01 08:01:36,762 INFO recv 9 -> 6 # 0 at 116800976, 0.030444 0.358926
2024-08-01 08:01:36,762 INFO sent 9 -> 6 # 0 at 101357925, 0.030444 0.358926
2024-08-01 08:01:36,788 INFO CHECKSUM 9 7 0: 1.998302
2024-08-01 08:01:36,789 INFO CHECKSUM 9 7 0: 1.998302
2024-08-01 08:01:36,797 INFO recv 9 -> 7 # 0 at 23521168, 0.030444 0.358926
2024-08-01 08:01:36,797 INFO sent 9 -> 7 # 0 at 14448132, 0.030444 0.358926
2024-08-01 08:01:36,815 INFO CHECKSUM 9 8 0: 1.998302
2024-08-01 08:01:36,815 INFO CHECKSUM 9 8 0: 1.998302
2024-08-01 08:01:36,826 INFO recv 9 -> 8 # 0 at 25054456, 0.030444 0.358926
2024-08-01 08:01:36,826 INFO sent 9 -> 8 # 0 at 13920804, 0.030444 0.358926
2024-08-01 08:01:37,039 INFO CHECKSUM 9 10 0: 1.998302
2024-08-01 08:01:37,039 INFO CHECKSUM 9 10 0: 1.998302
2024-08-01 08:01:37,048 INFO sent 9 -> 10 # 0 at 204839992, 0.030444 0.358926
2024-08-01 08:01:37,048 INFO recv 9 -> 10 # 0 at 214406929, 0.030444 0.358926
2024-08-01 08:01:37,230 INFO CHECKSUM 9 11 0: 1.998302
2024-08-01 08:01:37,230 INFO CHECKSUM 9 11 0: 1.998302
2024-08-01 08:01:37,242 INFO sent 9 -> 11 # 0 at 178874918, 0.030444 0.358926
2024-08-01 08:01:37,242 INFO recv 9 -> 11 # 0 at 191128533, 0.030444 0.358926
2024-08-01 08:01:37,434 INFO CHECKSUM 9 12 0: 1.998302
2024-08-01 08:01:37,435 INFO CHECKSUM 9 12 0: 1.998302
2024-08-01 08:01:37,453 INFO recv 9 -> 12 # 0 at 205727968, 0.030444 0.358926
2024-08-01 08:01:37,453 INFO sent 9 -> 12 # 0 at 187002724, 0.030444 0.358926
2024-08-01 08:01:37,615 INFO CHECKSUM 9 13 0: 1.998302
2024-08-01 08:01:37,625 INFO CHECKSUM 9 13 0: 1.998302
2024-08-01 08:01:37,634 INFO recv 9 -> 13 # 0 at 179230552, 0.030444 0.358926
2024-08-01 08:01:37,634 INFO sent 9 -> 13 # 0 at 160977885, 0.030444 0.358926
2024-08-01 08:01:37,815 INFO CHECKSUM 9 14 0: 1.998302
2024-08-01 08:01:37,816 INFO CHECKSUM 9 14 0: 1.998302
2024-08-01 08:01:37,839 INFO recv 9 -> 14 # 0 at 204759945, 0.030444 0.358926
2024-08-01 08:01:37,845 INFO sent 9 -> 14 # 0 at 180962459, 0.030444 0.358926
2024-08-01 08:01:38,047 INFO CHECKSUM 9 15 0: 1.998302
2024-08-01 08:01:38,047 INFO CHECKSUM 9 15 0: 1.998302
2024-08-01 08:01:38,056 INFO Accepting from rank 10
2024-08-01 08:01:38,056 INFO Accepting from rank 10
2024-08-01 08:01:38,056 INFO Accepting from rank 10
2024-08-01 08:01:38,056 INFO Accepting from rank 10
2024-08-01 08:01:38,056 INFO Accepting from rank 10
2024-08-01 08:01:38,056 INFO Accepting from rank 10
2024-08-01 08:01:38,056 INFO Sending from rank 10
2024-08-01 08:01:38,056 INFO Accepting from rank 10
2024-08-01 08:01:38,056 INFO Accepting from rank 10
2024-08-01 08:01:38,056 INFO Accepting from rank 10
2024-08-01 08:01:38,056 INFO Accepting from rank 10
2024-08-01 08:01:38,056 INFO recv 9 -> 15 # 0 at 203159908, 0.030444 0.358926
2024-08-01 08:01:38,056 INFO Accepting from rank 10
2024-08-01 08:01:38,056 INFO sent 9 -> 15 # 0 at 194336207, 0.030444 0.358926
2024-08-01 08:01:38,056 INFO Accepting from rank 10
2024-08-01 08:01:38,056 INFO Accepting from rank 10
2024-08-01 08:01:38,056 INFO Accepting from rank 10
2024-08-01 08:01:38,056 INFO Accepting from rank 10
2024-08-01 08:01:38,100 INFO CHECKSUM 10 0 0: 1.214339
2024-08-01 08:01:38,109 INFO CHECKSUM 10 0 0: 1.214339
2024-08-01 08:01:38,118 INFO recv 10 -> 0 # 0 at 32949911, 0.924704 0.845311
2024-08-01 08:01:38,118 INFO sent 10 -> 0 # 0 at 14840550, 0.924704 0.845311
2024-08-01 08:01:38,139 INFO CHECKSUM 10 1 0: 1.214339
2024-08-01 08:01:38,140 INFO CHECKSUM 10 1 0: 1.214339
2024-08-01 08:01:38,149 INFO recv 10 -> 1 # 0 at 24497646, 0.924704 0.845311
2024-08-01 08:01:38,149 INFO sent 10 -> 1 # 0 at 14202618, 0.924704 0.845311
2024-08-01 08:01:38,170 INFO CHECKSUM 10 2 0: 1.214339
2024-08-01 08:01:38,170 INFO CHECKSUM 10 2 0: 1.214339
2024-08-01 08:01:38,185 INFO recv 10 -> 2 # 0 at 30705732, 0.924704 0.845311
2024-08-01 08:01:38,186 INFO sent 10 -> 2 # 0 at 14799401, 0.924704 0.845311
2024-08-01 08:01:38,308 INFO CHECKSUM 10 3 0: 1.214339
2024-08-01 08:01:38,308 INFO CHECKSUM 10 3 0: 1.214339
2024-08-01 08:01:38,315 INFO recv 10 -> 3 # 0 at 100412797, 0.924704 0.845311
2024-08-01 08:01:38,315 INFO sent 10 -> 3 # 0 at 97103229, 0.924704 0.845311
2024-08-01 08:01:38,332 INFO CHECKSUM 10 4 0: 1.214339
2024-08-01 08:01:38,344 INFO CHECKSUM 10 4 0: 1.214339
2024-08-01 08:01:38,362 INFO sent 10 -> 4 # 0 at 13971723, 0.924704 0.845311
2024-08-01 08:01:38,362 INFO recv 10 -> 4 # 0 at 43161432, 0.924704 0.845311
2024-08-01 08:01:38,400 INFO CHECKSUM 10 5 0: 1.214339
2024-08-01 08:01:38,400 INFO CHECKSUM 10 5 0: 1.214339
2024-08-01 08:01:38,409 INFO recv 10 -> 5 # 0 at 31494271, 0.924704 0.845311
2024-08-01 08:01:38,409 INFO sent 10 -> 5 # 0 at 22228739, 0.924704 0.845311
2024-08-01 08:01:38,425 INFO CHECKSUM 10 6 0: 1.214339
2024-08-01 08:01:38,426 INFO CHECKSUM 10 6 0: 1.214339
2024-08-01 08:01:38,437 INFO recv 10 -> 6 # 0 at 26212013, 0.924704 0.845311
2024-08-01 08:01:38,437 INFO sent 10 -> 6 # 0 at 13872130, 0.924704 0.845311
2024-08-01 08:01:38,458 INFO CHECKSUM 10 7 0: 1.214339
2024-08-01 08:01:38,458 INFO CHECKSUM 10 7 0: 1.214339
2024-08-01 08:01:38,468 INFO recv 10 -> 7 # 0 at 25195642, 0.924704 0.845311
2024-08-01 08:01:38,468 INFO sent 10 -> 7 # 0 at 15468754, 0.924704 0.845311
2024-08-01 08:01:38,483 INFO CHECKSUM 10 8 0: 1.214339
2024-08-01 08:01:38,483 INFO CHECKSUM 10 8 0: 1.214339
2024-08-01 08:01:38,503 INFO recv 10 -> 8 # 0 at 34565845, 0.924704 0.845311
2024-08-01 08:01:38,503 INFO sent 10 -> 8 # 0 at 14367546, 0.924704 0.845311
2024-08-01 08:01:38,517 INFO CHECKSUM 10 9 0: 1.214339
2024-08-01 08:01:38,518 INFO CHECKSUM 10 9 0: 1.214339
2024-08-01 08:01:38,530 INFO recv 10 -> 9 # 0 at 26380036, 0.924704 0.845311
2024-08-01 08:01:38,530 INFO sent 10 -> 9 # 0 at 13792307, 0.924704 0.845311
2024-08-01 08:01:38,651 INFO CHECKSUM 10 11 0: 1.214339
2024-08-01 08:01:38,652 INFO CHECKSUM 10 11 0: 1.214339
2024-08-01 08:01:38,667 INFO sent 10 -> 11 # 0 at 117922866, 0.924704 0.845311
2024-08-01 08:01:38,667 INFO recv 10 -> 11 # 0 at 133230308, 0.924704 0.845311
2024-08-01 08:01:38,882 INFO CHECKSUM 10 12 0: 1.214339
2024-08-01 08:01:38,884 INFO CHECKSUM 10 12 0: 1.214339
2024-08-01 08:01:38,895 INFO recv 10 -> 12 # 0 at 223406084, 0.924704 0.845311
2024-08-01 08:01:38,895 INFO sent 10 -> 12 # 0 at 210952647, 0.924704 0.845311
2024-08-01 08:01:39,060 INFO CHECKSUM 10 13 0: 1.214339
2024-08-01 08:01:39,060 INFO CHECKSUM 10 13 0: 1.214339
2024-08-01 08:01:39,081 INFO recv 10 -> 13 # 0 at 185802983, 0.924704 0.845311
2024-08-01 08:01:39,081 INFO sent 10 -> 13 # 0 at 165187565, 0.924704 0.845311
2024-08-01 08:01:39,267 INFO CHECKSUM 10 14 0: 1.214339
2024-08-01 08:01:39,267 INFO CHECKSUM 10 14 0: 1.214339
2024-08-01 08:01:39,280 INFO recv 10 -> 14 # 0 at 195689840, 0.924704 0.845311
2024-08-01 08:01:39,280 INFO sent 10 -> 14 # 0 at 182594471, 0.924704 0.845311
2024-08-01 08:01:39,447 INFO CHECKSUM 10 15 0: 1.214339
2024-08-01 08:01:39,448 INFO CHECKSUM 10 15 0: 1.214339
2024-08-01 08:01:39,465 INFO Accepting from rank 11
2024-08-01 08:01:39,465 INFO Accepting from rank 11
2024-08-01 08:01:39,465 INFO Accepting from rank 11
2024-08-01 08:01:39,465 INFO Accepting from rank 11
2024-08-01 08:01:39,465 INFO Accepting from rank 11
2024-08-01 08:01:39,465 INFO Accepting from rank 11
2024-08-01 08:01:39,465 INFO Accepting from rank 11
2024-08-01 08:01:39,465 INFO Accepting from rank 11
2024-08-01 08:01:39,465 INFO Accepting from rank 11
2024-08-01 08:01:39,465 INFO Accepting from rank 11
2024-08-01 08:01:39,465 INFO Sending from rank 11
2024-08-01 08:01:39,465 INFO sent 10 -> 15 # 0 at 159921504, 0.924704 0.845311
2024-08-01 08:01:39,465 INFO Accepting from rank 11
2024-08-01 08:01:39,469 INFO Accepting from rank 11
2024-08-01 08:01:39,469 INFO Accepting from rank 11
2024-08-01 08:01:39,469 INFO recv 10 -> 15 # 0 at 181786489, 0.924704 0.845311
2024-08-01 08:01:39,469 INFO Accepting from rank 11
2024-08-01 08:01:39,469 INFO Accepting from rank 11
2024-08-01 08:01:39,511 INFO CHECKSUM 11 0 0: 1.933810
2024-08-01 08:01:39,511 INFO CHECKSUM 11 0 0: 1.933810
2024-08-01 08:01:39,525 INFO recv 11 -> 0 # 0 at 37532590, 0.102815 0.748820
2024-08-01 08:01:39,530 INFO sent 11 -> 0 # 0 at 23117816, 0.102815 0.748820
2024-08-01 08:01:39,545 INFO CHECKSUM 11 1 0: 1.933810
2024-08-01 08:01:39,561 INFO CHECKSUM 11 1 0: 1.933810
2024-08-01 08:01:39,572 INFO recv 11 -> 1 # 0 at 41800974, 0.102815 0.748820
2024-08-01 08:01:39,575 INFO sent 11 -> 1 # 0 at 14189844, 0.102815 0.748820
2024-08-01 08:01:39,664 INFO CHECKSUM 11 2 0: 1.933810
2024-08-01 08:01:39,664 INFO CHECKSUM 11 2 0: 1.933810
2024-08-01 08:01:39,685 INFO recv 11 -> 2 # 0 at 107768637, 0.102815 0.748820
2024-08-01 08:01:39,685 INFO sent 11 -> 2 # 0 at 86290356, 0.102815 0.748820
2024-08-01 08:01:39,704 INFO CHECKSUM 11 3 0: 1.933810
2024-08-01 08:01:39,704 INFO CHECKSUM 11 3 0: 1.933810
2024-08-01 08:01:39,722 INFO recv 11 -> 3 # 0 at 33115390, 0.102815 0.748820
2024-08-01 08:01:39,722 INFO sent 11 -> 3 # 0 at 14587833, 0.102815 0.748820
2024-08-01 08:01:39,740 INFO CHECKSUM 11 4 0: 1.933810
2024-08-01 08:01:39,741 INFO CHECKSUM 11 4 0: 1.933810
2024-08-01 08:01:39,753 INFO recv 11 -> 4 # 0 at 26453110, 0.102815 0.748820
2024-08-01 08:01:39,753 INFO sent 11 -> 4 # 0 at 13768431, 0.102815 0.748820
2024-08-01 08:01:39,797 INFO CHECKSUM 11 5 0: 1.933810
2024-08-01 08:01:39,797 INFO CHECKSUM 11 5 0: 1.933810
2024-08-01 08:01:39,814 INFO recv 11 -> 5 # 0 at 32157566, 0.102815 0.748820
2024-08-01 08:01:39,817 INFO sent 11 -> 5 # 0 at 14802867, 0.102815 0.748820
2024-08-01 08:01:39,837 INFO CHECKSUM 11 6 0: 1.933810
2024-08-01 08:01:39,837 INFO CHECKSUM 11 6 0: 1.933810
2024-08-01 08:01:39,849 INFO recv 11 -> 6 # 0 at 26574234, 0.102815 0.748820
2024-08-01 08:01:39,849 INFO sent 11 -> 6 # 0 at 14283194, 0.102815 0.748820
2024-08-01 08:01:39,923 INFO CHECKSUM 11 7 0: 1.933810
2024-08-01 08:01:39,924 INFO CHECKSUM 11 7 0: 1.933810
2024-08-01 08:01:39,942 INFO recv 11 -> 7 # 0 at 92604760, 0.102815 0.748820
2024-08-01 08:01:39,943 INFO sent 11 -> 7 # 0 at 74060327, 0.102815 0.748820
2024-08-01 08:01:39,979 INFO CHECKSUM 11 8 0: 1.933810
2024-08-01 08:01:39,979 INFO CHECKSUM 11 8 0: 1.933810
2024-08-01 08:01:39,991 INFO recv 11 -> 8 # 0 at 30067977, 0.102815 0.748820
2024-08-01 08:01:40,001 INFO sent 11 -> 8 # 0 at 13934169, 0.102815 0.748820
2024-08-01 08:01:40,019 INFO CHECKSUM 11 9 0: 1.933810
2024-08-01 08:01:40,020 INFO CHECKSUM 11 9 0: 1.933810
2024-08-01 08:01:40,041 INFO recv 11 -> 9 # 0 at 36218887, 0.102815 0.748820
2024-08-01 08:01:40,041 INFO sent 11 -> 9 # 0 at 13970399, 0.102815 0.748820
2024-08-01 08:01:40,057 INFO CHECKSUM 11 10 0: 1.933810
2024-08-01 08:01:40,057 INFO CHECKSUM 11 10 0: 1.933810
2024-08-01 08:01:40,073 INFO sent 11 -> 10 # 0 at 14113427, 0.102815 0.748820
2024-08-01 08:01:40,073 INFO recv 11 -> 10 # 0 at 30636086, 0.102815 0.748820
2024-08-01 08:01:40,229 INFO CHECKSUM 11 12 0: 1.933810
2024-08-01 08:01:40,230 INFO CHECKSUM 11 12 0: 1.933810
2024-08-01 08:01:40,246 INFO recv 11 -> 12 # 0 at 164428722, 0.102815 0.748820
2024-08-01 08:01:40,246 INFO sent 11 -> 12 # 0 at 147018577, 0.102815 0.748820
2024-08-01 08:01:40,458 INFO CHECKSUM 11 13 0: 1.933810
2024-08-01 08:01:40,459 INFO CHECKSUM 11 13 0: 1.933810
2024-08-01 08:01:40,489 INFO recv 11 -> 13 # 0 at 225963023, 0.102815 0.748820
2024-08-01 08:01:40,489 INFO sent 11 -> 13 # 0 at 191515390, 0.102815 0.748820
2024-08-01 08:01:40,712 INFO CHECKSUM 11 14 0: 1.933810
2024-08-01 08:01:40,713 INFO CHECKSUM 11 14 0: 1.933810
2024-08-01 08:01:40,727 INFO recv 11 -> 14 # 0 at 236232560, 0.102815 0.748820
2024-08-01 08:01:40,727 INFO sent 11 -> 14 # 0 at 221914848, 0.102815 0.748820
2024-08-01 08:01:40,914 INFO CHECKSUM 11 15 0: 1.933810
2024-08-01 08:01:40,915 INFO CHECKSUM 11 15 0: 1.933810
2024-08-01 08:01:40,925 INFO Accepting from rank 12
2024-08-01 08:01:40,925 INFO Sending from rank 12
2024-08-01 08:01:40,925 INFO Accepting from rank 12
2024-08-01 08:01:40,925 INFO Accepting from rank 12
2024-08-01 08:01:40,925 INFO Accepting from rank 12
2024-08-01 08:01:40,925 INFO Accepting from rank 12
2024-08-01 08:01:40,925 INFO Accepting from rank 12
2024-08-01 08:01:40,925 INFO Accepting from rank 12
2024-08-01 08:01:40,925 INFO Accepting from rank 12
2024-08-01 08:01:40,925 INFO Accepting from rank 12
2024-08-01 08:01:40,925 INFO Accepting from rank 12
2024-08-01 08:01:40,925 INFO Accepting from rank 12
2024-08-01 08:01:40,925 INFO Accepting from rank 12
2024-08-01 08:01:40,925 INFO Accepting from rank 12
2024-08-01 08:01:40,925 INFO sent 11 -> 15 # 0 at 184834528, 0.102815 0.748820
2024-08-01 08:01:40,925 INFO recv 11 -> 15 # 0 at 195525651, 0.102815 0.748820
2024-08-01 08:01:40,925 INFO Accepting from rank 12
2024-08-01 08:01:40,925 INFO Accepting from rank 12
2024-08-01 08:01:41,040 INFO CHECKSUM 12 0 0: 1.167854
2024-08-01 08:01:41,040 INFO CHECKSUM 12 0 0: 1.167854
2024-08-01 08:01:41,050 INFO recv 12 -> 0 # 0 at 100835603, 0.525489 0.640393
2024-08-01 08:01:41,050 INFO sent 12 -> 0 # 0 at 91102099, 0.525489 0.640393
2024-08-01 08:01:41,079 INFO CHECKSUM 12 1 0: 1.167854
2024-08-01 08:01:41,079 INFO CHECKSUM 12 1 0: 1.167854
2024-08-01 08:01:41,094 INFO recv 12 -> 1 # 0 at 29298627, 0.525489 0.640393
2024-08-01 08:01:41,094 INFO sent 12 -> 1 # 0 at 14269689, 0.525489 0.640393
2024-08-01 08:01:41,109 INFO CHECKSUM 12 2 0: 1.167854
2024-08-01 08:01:41,109 INFO CHECKSUM 12 2 0: 1.167854
2024-08-01 08:01:41,122 INFO recv 12 -> 2 # 0 at 27050741, 0.525489 0.640393
2024-08-01 08:01:41,122 INFO sent 12 -> 2 # 0 at 14184203, 0.525489 0.640393
2024-08-01 08:01:41,141 INFO CHECKSUM 12 3 0: 1.167854
2024-08-01 08:01:41,141 INFO CHECKSUM 12 3 0: 1.167854
2024-08-01 08:01:41,162 INFO sent 12 -> 3 # 0 at 14555813, 0.525489 0.640393
2024-08-01 08:01:41,163 INFO recv 12 -> 3 # 0 at 36813864, 0.525489 0.640393
2024-08-01 08:01:41,185 INFO CHECKSUM 12 4 0: 1.167854
2024-08-01 08:01:41,188 INFO CHECKSUM 12 4 0: 1.167854
2024-08-01 08:01:41,205 INFO sent 12 -> 4 # 0 at 13945462, 0.525489 0.640393
2024-08-01 08:01:41,205 INFO recv 12 -> 4 # 0 at 34469186, 0.525489 0.640393
2024-08-01 08:01:41,220 INFO CHECKSUM 12 5 0: 1.167854
2024-08-01 08:01:41,221 INFO CHECKSUM 12 5 0: 1.167854
2024-08-01 08:01:41,226 INFO sent 12 -> 5 # 0 at 14592494, 0.525489 0.640393
2024-08-01 08:01:41,226 INFO recv 12 -> 5 # 0 at 20395479, 0.525489 0.640393
2024-08-01 08:01:41,261 INFO CHECKSUM 12 6 0: 1.167854
2024-08-01 08:01:41,262 INFO CHECKSUM 12 6 0: 1.167854
2024-08-01 08:01:41,274 INFO sent 12 -> 6 # 0 at 14479495, 0.525489 0.640393
2024-08-01 08:01:41,274 INFO recv 12 -> 6 # 0 at 26600585, 0.525489 0.640393
2024-08-01 08:01:41,292 INFO CHECKSUM 12 7 0: 1.167854
2024-08-01 08:01:41,306 INFO sent 12 -> 7 # 0 at 14053431, 0.525489 0.640393
2024-08-01 08:01:41,293 INFO CHECKSUM 12 7 0: 1.167854
2024-08-01 08:01:41,306 INFO recv 12 -> 7 # 0 at 27362542, 0.525489 0.640393
2024-08-01 08:01:41,383 INFO CHECKSUM 12 8 0: 1.167854
2024-08-01 08:01:41,392 INFO sent 12 -> 8 # 0 at 74101243, 0.525489 0.640393
2024-08-01 08:01:41,383 INFO CHECKSUM 12 8 0: 1.167854
2024-08-01 08:01:41,392 INFO recv 12 -> 8 # 0 at 83657221, 0.525489 0.640393
2024-08-01 08:01:41,413 INFO CHECKSUM 12 9 0: 1.167854
2024-08-01 08:01:41,413 INFO CHECKSUM 12 9 0: 1.167854
2024-08-01 08:01:41,421 INFO sent 12 -> 9 # 0 at 13906908, 0.525489 0.640393
2024-08-01 08:01:41,421 INFO recv 12 -> 9 # 0 at 22734596, 0.525489 0.640393
2024-08-01 08:01:41,448 INFO CHECKSUM 12 10 0: 1.167854
2024-08-01 08:01:41,448 INFO CHECKSUM 12 10 0: 1.167854
2024-08-01 08:01:41,466 INFO sent 12 -> 10 # 0 at 14489665, 0.525489 0.640393
2024-08-01 08:01:41,466 INFO recv 12 -> 10 # 0 at 32394842, 0.525489 0.640393
2024-08-01 08:01:41,492 INFO CHECKSUM 12 11 0: 1.167854
2024-08-01 08:01:41,493 INFO CHECKSUM 12 11 0: 1.167854
2024-08-01 08:01:41,506 INFO sent 12 -> 11 # 0 at 14192219, 0.525489 0.640393
2024-08-01 08:01:41,506 INFO recv 12 -> 11 # 0 at 27655199, 0.525489 0.640393
2024-08-01 08:01:41,692 INFO CHECKSUM 12 13 0: 1.167854
2024-08-01 08:01:41,692 INFO CHECKSUM 12 13 0: 1.167854
2024-08-01 08:01:41,705 INFO sent 12 -> 13 # 0 at 182292348, 0.525489 0.640393
2024-08-01 08:01:41,705 INFO recv 12 -> 13 # 0 at 196006532, 0.525489 0.640393
2024-08-01 08:01:41,883 INFO CHECKSUM 12 14 0: 1.167854
2024-08-01 08:01:41,884 INFO CHECKSUM 12 14 0: 1.167854
2024-08-01 08:01:41,914 INFO sent 12 -> 14 # 0 at 176925591, 0.525489 0.640393
2024-08-01 08:01:41,914 INFO recv 12 -> 14 # 0 at 207110844, 0.525489 0.640393
2024-08-01 08:01:42,084 INFO CHECKSUM 12 15 0: 1.167854
2024-08-01 08:01:42,085 INFO CHECKSUM 12 15 0: 1.167854
2024-08-01 08:01:42,105 INFO Accepting from rank 13
2024-08-01 08:01:42,105 INFO Accepting from rank 13
2024-08-01 08:01:42,105 INFO Sending from rank 13
2024-08-01 08:01:42,105 INFO Accepting from rank 13
2024-08-01 08:01:42,105 INFO Accepting from rank 13
2024-08-01 08:01:42,106 INFO Accepting from rank 13
2024-08-01 08:01:42,105 INFO Accepting from rank 13
2024-08-01 08:01:42,105 INFO Accepting from rank 13
2024-08-01 08:01:42,106 INFO Accepting from rank 13
2024-08-01 08:01:42,105 INFO Accepting from rank 13
2024-08-01 08:01:42,105 INFO Accepting from rank 13
2024-08-01 08:01:42,105 INFO Accepting from rank 13
2024-08-01 08:01:42,105 INFO sent 12 -> 15 # 0 at 154867327, 0.525489 0.640393
2024-08-01 08:01:42,105 INFO Accepting from rank 13
2024-08-01 08:01:42,105 INFO Accepting from rank 13
2024-08-01 08:01:42,105 INFO recv 12 -> 15 # 0 at 175520261, 0.525489 0.640393
2024-08-01 08:01:42,105 INFO Accepting from rank 13
2024-08-01 08:01:42,105 INFO Accepting from rank 13
2024-08-01 08:01:42,140 INFO CHECKSUM 13 0 0: 1.993268
2024-08-01 08:01:42,139 INFO CHECKSUM 13 0 0: 1.993268
2024-08-01 08:01:42,159 INFO recv 13 -> 0 # 0 at 33454273, 0.205607 0.257973
2024-08-01 08:01:42,159 INFO sent 13 -> 0 # 0 at 13866599, 0.205607 0.257973
2024-08-01 08:01:42,251 INFO CHECKSUM 13 1 0: 1.993268
2024-08-01 08:01:42,253 INFO CHECKSUM 13 1 0: 1.993268
2024-08-01 08:01:42,262 INFO recv 13 -> 1 # 0 at 91979108, 0.205607 0.257973
2024-08-01 08:01:42,262 INFO sent 13 -> 1 # 0 at 81390401, 0.205607 0.257973
2024-08-01 08:01:42,277 INFO CHECKSUM 13 2 0: 1.993268
2024-08-01 08:01:42,276 INFO CHECKSUM 13 2 0: 1.993268
2024-08-01 08:01:42,298 INFO recv 13 -> 2 # 0 at 35077636, 0.205607 0.257973
2024-08-01 08:01:42,298 INFO sent 13 -> 2 # 0 at 13742568, 0.205607 0.257973
2024-08-01 08:01:42,312 INFO CHECKSUM 13 3 0: 1.993268
2024-08-01 08:01:42,313 INFO CHECKSUM 13 3 0: 1.993268
2024-08-01 08:01:42,330 INFO recv 13 -> 3 # 0 at 31746710, 0.205607 0.257973
2024-08-01 08:01:42,330 INFO sent 13 -> 3 # 0 at 14511877, 0.205607 0.257973
2024-08-01 08:01:42,356 INFO CHECKSUM 13 4 0: 1.993268
2024-08-01 08:01:42,366 INFO sent 13 -> 4 # 0 at 14645136, 0.205607 0.257973
2024-08-01 08:01:42,356 INFO CHECKSUM 13 4 0: 1.993268
2024-08-01 08:01:42,366 INFO recv 13 -> 4 # 0 at 24455177, 0.205607 0.257973
2024-08-01 08:01:42,395 INFO CHECKSUM 13 5 0: 1.993268
2024-08-01 08:01:42,395 INFO CHECKSUM 13 5 0: 1.993268
2024-08-01 08:01:42,405 INFO recv 13 -> 5 # 0 at 32020078, 0.205607 0.257973
2024-08-01 08:01:42,405 INFO sent 13 -> 5 # 0 at 21685082, 0.205607 0.257973
2024-08-01 08:01:42,448 INFO CHECKSUM 13 6 0: 1.993268
2024-08-01 08:01:42,458 INFO sent 13 -> 6 # 0 at 37313901, 0.205607 0.257973
2024-08-01 08:01:42,449 INFO CHECKSUM 13 6 0: 1.993268
2024-08-01 08:01:42,458 INFO recv 13 -> 6 # 0 at 39843702, 0.205607 0.257973
2024-08-01 08:01:42,481 INFO CHECKSUM 13 7 0: 1.993268
2024-08-01 08:01:42,481 INFO CHECKSUM 13 7 0: 1.993268
2024-08-01 08:01:42,490 INFO sent 13 -> 7 # 0 at 14617823, 0.205607 0.257973
2024-08-01 08:01:42,490 INFO recv 13 -> 7 # 0 at 23140839, 0.205607 0.257973
2024-08-01 08:01:42,515 INFO CHECKSUM 13 8 0: 1.993268
2024-08-01 08:01:42,516 INFO CHECKSUM 13 8 0: 1.993268
2024-08-01 08:01:42,529 INFO sent 13 -> 8 # 0 at 13677303, 0.205607 0.257973
2024-08-01 08:01:42,529 INFO recv 13 -> 8 # 0 at 30981893, 0.205607 0.257973
2024-08-01 08:01:42,619 INFO CHECKSUM 13 9 0: 1.993268
2024-08-01 08:01:42,620 INFO CHECKSUM 13 9 0: 1.993268
2024-08-01 08:01:42,633 INFO recv 13 -> 9 # 0 at 96228790, 0.205607 0.257973
2024-08-01 08:01:42,635 INFO sent 13 -> 9 # 0 at 82186272, 0.205607 0.257973
2024-08-01 08:01:42,684 INFO CHECKSUM 13 10 0: 1.993268
2024-08-01 08:01:42,685 INFO CHECKSUM 13 10 0: 1.993268
2024-08-01 08:01:42,714 INFO sent 13 -> 10 # 0 at 30969512, 0.205607 0.257973
2024-08-01 08:01:42,714 INFO recv 13 -> 10 # 0 at 63484033, 0.205607 0.257973
2024-08-01 08:01:42,752 INFO CHECKSUM 13 11 0: 1.993268
2024-08-01 08:01:42,752 INFO CHECKSUM 13 11 0: 1.993268
2024-08-01 08:01:42,760 INFO sent 13 -> 11 # 0 at 22433420, 0.205607 0.257973
2024-08-01 08:01:42,760 INFO recv 13 -> 11 # 0 at 30244599, 0.205607 0.257973
2024-08-01 08:01:42,851 INFO CHECKSUM 13 12 0: 1.993268
2024-08-01 08:01:42,852 INFO CHECKSUM 13 12 0: 1.993268
2024-08-01 08:01:42,872 INFO recv 13 -> 12 # 0 at 102170292, 0.205607 0.257973
2024-08-01 08:01:42,872 INFO sent 13 -> 12 # 0 at 81349111, 0.205607 0.257973
2024-08-01 08:01:43,051 INFO CHECKSUM 13 14 0: 1.993268
2024-08-01 08:01:43,052 INFO CHECKSUM 13 14 0: 1.993268
2024-08-01 08:01:43,078 INFO sent 13 -> 14 # 0 at 178059266, 0.205607 0.257973
2024-08-01 08:01:43,078 INFO recv 13 -> 14 # 0 at 205017963, 0.205607 0.257973
2024-08-01 08:01:43,295 INFO CHECKSUM 13 15 0: 1.993268
2024-08-01 08:01:43,296 INFO CHECKSUM 13 15 0: 1.993268
2024-08-01 08:01:43,308 INFO Accepting from rank 14
2024-08-01 08:01:43,308 INFO Accepting from rank 14
2024-08-01 08:01:43,308 INFO Accepting from rank 14
2024-08-01 08:01:43,308 INFO Accepting from rank 14
2024-08-01 08:01:43,308 INFO Accepting from rank 14
2024-08-01 08:01:43,308 INFO Sending from rank 14
2024-08-01 08:01:43,308 INFO Accepting from rank 14
2024-08-01 08:01:43,308 INFO Accepting from rank 14
2024-08-01 08:01:43,308 INFO sent 13 -> 15 # 0 at 214057600, 0.205607 0.257973
2024-08-01 08:01:43,308 INFO Accepting from rank 14
2024-08-01 08:01:43,308 INFO Accepting from rank 14
2024-08-01 08:01:43,308 INFO Accepting from rank 14
2024-08-01 08:01:43,308 INFO recv 13 -> 15 # 0 at 226972377, 0.205607 0.257973
2024-08-01 08:01:43,308 INFO Accepting from rank 14
2024-08-01 08:01:43,308 INFO Accepting from rank 14
2024-08-01 08:01:43,308 INFO Accepting from rank 14
2024-08-01 08:01:43,308 INFO Accepting from rank 14
2024-08-01 08:01:43,308 INFO Accepting from rank 14
2024-08-01 08:01:43,361 INFO CHECKSUM 14 0 0: 1.339136
2024-08-01 08:01:43,360 INFO CHECKSUM 14 0 0: 1.339136
2024-08-01 08:01:43,370 INFO recv 14 -> 0 # 0 at 41308535, 0.908476 0.057661
2024-08-01 08:01:43,370 INFO sent 14 -> 0 # 0 at 30866171, 0.908476 0.057661
2024-08-01 08:01:43,400 INFO CHECKSUM 14 1 0: 1.339136
2024-08-01 08:01:43,400 INFO CHECKSUM 14 1 0: 1.339136
2024-08-01 08:01:43,418 INFO recv 14 -> 1 # 0 at 32014406, 0.908476 0.057661
2024-08-01 08:01:43,418 INFO sent 14 -> 1 # 0 at 14005188, 0.908476 0.057661
2024-08-01 08:01:43,435 INFO CHECKSUM 14 2 0: 1.339136
2024-08-01 08:01:43,436 INFO CHECKSUM 14 2 0: 1.339136
2024-08-01 08:01:43,450 INFO recv 14 -> 2 # 0 at 29475368, 0.908476 0.057661
2024-08-01 08:01:43,450 INFO sent 14 -> 2 # 0 at 14561554, 0.908476 0.057661
2024-08-01 08:01:43,464 INFO CHECKSUM 14 3 0: 1.339136
2024-08-01 08:01:43,465 INFO CHECKSUM 14 3 0: 1.339136
2024-08-01 08:01:43,482 INFO recv 14 -> 3 # 0 at 31519181, 0.908476 0.057661
2024-08-01 08:01:43,482 INFO sent 14 -> 3 # 0 at 14418687, 0.908476 0.057661
2024-08-01 08:01:43,519 INFO CHECKSUM 14 4 0: 1.339136
2024-08-01 08:01:43,519 INFO CHECKSUM 14 4 0: 1.339136
2024-08-01 08:01:43,529 INFO sent 14 -> 4 # 0 at 23008012, 0.908476 0.057661
2024-08-01 08:01:43,530 INFO recv 14 -> 4 # 0 at 33556326, 0.908476 0.057661
2024-08-01 08:01:43,565 INFO CHECKSUM 14 5 0: 1.339136
2024-08-01 08:01:43,565 INFO CHECKSUM 14 5 0: 1.339136
2024-08-01 08:01:43,582 INFO sent 14 -> 5 # 0 at 26825551, 0.908476 0.057661
2024-08-01 08:01:43,582 INFO recv 14 -> 5 # 0 at 51136009, 0.908476 0.057661
2024-08-01 08:01:43,602 INFO CHECKSUM 14 6 0: 1.339136
2024-08-01 08:01:43,602 INFO CHECKSUM 14 6 0: 1.339136
2024-08-01 08:01:43,618 INFO sent 14 -> 6 # 0 at 14565993, 0.908476 0.057661
2024-08-01 08:01:43,618 INFO recv 14 -> 6 # 0 at 30597902, 0.908476 0.057661
2024-08-01 08:01:43,699 INFO CHECKSUM 14 7 0: 1.339136
2024-08-01 08:01:43,709 INFO CHECKSUM 14 7 0: 1.339136
2024-08-01 08:01:43,722 INFO sent 14 -> 7 # 0 at 73986050, 0.908476 0.057661
2024-08-01 08:01:43,722 INFO recv 14 -> 7 # 0 at 97133868, 0.908476 0.057661
2024-08-01 08:01:43,747 INFO CHECKSUM 14 8 0: 1.339136
2024-08-01 08:01:43,748 INFO CHECKSUM 14 8 0: 1.339136
2024-08-01 08:01:43,774 INFO recv 14 -> 8 # 0 at 40653311, 0.908476 0.057661
2024-08-01 08:01:43,782 INFO sent 14 -> 8 # 0 at 14555361, 0.908476 0.057661
2024-08-01 08:01:43,817 INFO CHECKSUM 14 9 0: 1.339136
2024-08-01 08:01:43,825 INFO CHECKSUM 14 9 0: 1.339136
2024-08-01 08:01:43,834 INFO sent 14 -> 9 # 0 at 26931166, 0.908476 0.057661
2024-08-01 08:01:43,834 INFO recv 14 -> 9 # 0 at 44304051, 0.908476 0.057661
2024-08-01 08:01:43,868 INFO CHECKSUM 14 10 0: 1.339136
2024-08-01 08:01:43,868 INFO CHECKSUM 14 10 0: 1.339136
2024-08-01 08:01:43,878 INFO sent 14 -> 10 # 0 at 21966466, 0.908476 0.057661
2024-08-01 08:01:43,878 INFO recv 14 -> 10 # 0 at 31437764, 0.908476 0.057661
2024-08-01 08:01:43,900 INFO CHECKSUM 14 11 0: 1.339136
2024-08-01 08:01:43,900 INFO CHECKSUM 14 11 0: 1.339136
2024-08-01 08:01:43,914 INFO sent 14 -> 11 # 0 at 17930835, 0.908476 0.057661
2024-08-01 08:01:43,914 INFO recv 14 -> 11 # 0 at 31431030, 0.908476 0.057661
2024-08-01 08:01:43,932 INFO CHECKSUM 14 12 0: 1.339136
2024-08-01 08:01:43,933 INFO CHECKSUM 14 12 0: 1.339136
2024-08-01 08:01:43,946 INFO recv 14 -> 12 # 0 at 27952512, 0.908476 0.057661
2024-08-01 08:01:43,946 INFO sent 14 -> 12 # 0 at 13995458, 0.908476 0.057661
2024-08-01 08:01:43,981 INFO CHECKSUM 14 13 0: 1.339136
2024-08-01 08:01:43,980 INFO CHECKSUM 14 13 0: 1.339136
2024-08-01 08:01:43,997 INFO recv 14 -> 13 # 0 at 31373153, 0.908476 0.057661
2024-08-01 08:01:43,997 INFO sent 14 -> 13 # 0 at 14270932, 0.908476 0.057661
2024-08-01 08:01:44,192 INFO CHECKSUM 14 15 0: 1.339136
2024-08-01 08:01:44,192 INFO CHECKSUM 14 15 0: 1.339136
2024-08-01 08:01:44,203 INFO Accepting from rank 15
2024-08-01 08:01:44,203 INFO Accepting from rank 15
2024-08-01 08:01:44,203 INFO Accepting from rank 15
2024-08-01 08:01:44,203 INFO Accepting from rank 15
2024-08-01 08:01:44,203 INFO Accepting from rank 15
2024-08-01 08:01:44,203 INFO Accepting from rank 15
2024-08-01 08:01:44,203 INFO Accepting from rank 15
2024-08-01 08:01:44,203 INFO Accepting from rank 15
2024-08-01 08:01:44,203 INFO Accepting from rank 15
2024-08-01 08:01:44,203 INFO Accepting from rank 15
2024-08-01 08:01:44,203 INFO sent 14 -> 15 # 0 at 182407241, 0.908476 0.057661
2024-08-01 08:01:44,203 INFO Accepting from rank 15
2024-08-01 08:01:44,203 INFO recv 14 -> 15 # 0 at 193621125, 0.908476 0.057661
2024-08-01 08:01:44,203 INFO Accepting from rank 15
2024-08-01 08:01:44,203 INFO Sending from rank 15
2024-08-01 08:01:44,203 INFO Accepting from rank 15
2024-08-01 08:01:44,212 INFO Accepting from rank 15
2024-08-01 08:01:44,212 INFO Accepting from rank 15
2024-08-01 08:01:44,234 INFO CHECKSUM 15 0 0: 0.856302
2024-08-01 08:01:44,234 INFO CHECKSUM 15 0 0: 0.856302
2024-08-01 08:01:44,250 INFO recv 15 -> 0 # 0 at 36961059, 0.104239 0.043061
2024-08-01 08:01:44,264 INFO sent 15 -> 0 # 0 at 21636398, 0.104239 0.043061
2024-08-01 08:01:44,280 INFO CHECKSUM 15 1 0: 0.856302
2024-08-01 08:01:44,294 INFO CHECKSUM 15 1 0: 0.856302
2024-08-01 08:01:44,314 INFO recv 15 -> 1 # 0 at 47638745, 0.104239 0.043061
2024-08-01 08:01:44,316 INFO sent 15 -> 1 # 0 at 13971303, 0.104239 0.043061
2024-08-01 08:01:44,342 INFO CHECKSUM 15 2 0: 0.856302
2024-08-01 08:01:44,343 INFO CHECKSUM 15 2 0: 0.856302
2024-08-01 08:01:44,358 INFO recv 15 -> 2 # 0 at 30444016, 0.104239 0.043061
2024-08-01 08:01:44,362 INFO sent 15 -> 2 # 0 at 14784365, 0.104239 0.043061
2024-08-01 08:01:44,451 INFO CHECKSUM 15 3 0: 0.856302
2024-08-01 08:01:44,452 INFO CHECKSUM 15 3 0: 0.856302
2024-08-01 08:01:44,471 INFO recv 15 -> 3 # 0 at 99471606, 0.104239 0.043061
2024-08-01 08:01:44,474 INFO sent 15 -> 3 # 0 at 81402235, 0.104239 0.043061
2024-08-01 08:01:44,508 INFO CHECKSUM 15 4 0: 0.856302
2024-08-01 08:01:44,509 INFO CHECKSUM 15 4 0: 0.856302
2024-08-01 08:01:44,517 INFO recv 15 -> 4 # 0 at 27744613, 0.104239 0.043061
2024-08-01 08:01:44,520 INFO sent 15 -> 4 # 0 at 14151620, 0.104239 0.043061
2024-08-01 08:01:44,536 INFO CHECKSUM 15 5 0: 0.856302
2024-08-01 08:01:44,537 INFO CHECKSUM 15 5 0: 0.856302
2024-08-01 08:01:44,561 INFO sent 15 -> 5 # 0 at 14951839, 0.104239 0.043061
2024-08-01 08:01:44,561 INFO recv 15 -> 5 # 0 at 39677251, 0.104239 0.043061
2024-08-01 08:01:44,625 INFO CHECKSUM 15 6 0: 0.856302
2024-08-01 08:01:44,625 INFO CHECKSUM 15 6 0: 0.856302
2024-08-01 08:01:44,634 INFO sent 15 -> 6 # 0 at 39640244, 0.104239 0.043061
2024-08-01 08:01:44,634 INFO recv 15 -> 6 # 0 at 48430956, 0.104239 0.043061
2024-08-01 08:01:44,659 INFO CHECKSUM 15 7 0: 0.856302
2024-08-01 08:01:44,659 INFO CHECKSUM 15 7 0: 0.856302
2024-08-01 08:01:44,681 INFO sent 15 -> 7 # 0 at 13837193, 0.104239 0.043061
2024-08-01 08:01:44,681 INFO recv 15 -> 7 # 0 at 36246110, 0.104239 0.043061
2024-08-01 08:01:44,709 INFO CHECKSUM 15 8 0: 0.856302
2024-08-01 08:01:44,709 INFO CHECKSUM 15 8 0: 0.856302
2024-08-01 08:01:44,725 INFO sent 15 -> 8 # 0 at 14417334, 0.104239 0.043061
2024-08-01 08:01:44,725 INFO recv 15 -> 8 # 0 at 31102495, 0.104239 0.043061
2024-08-01 08:01:44,743 INFO CHECKSUM 15 9 0: 0.856302
2024-08-01 08:01:44,744 INFO CHECKSUM 15 9 0: 0.856302
2024-08-01 08:01:44,757 INFO sent 15 -> 9 # 0 at 13770483, 0.104239 0.043061
2024-08-01 08:01:44,757 INFO recv 15 -> 9 # 0 at 27043406, 0.104239 0.043061
2024-08-01 08:01:44,788 INFO CHECKSUM 15 10 0: 0.856302
2024-08-01 08:01:44,789 INFO CHECKSUM 15 10 0: 0.856302
2024-08-01 08:01:44,806 INFO sent 15 -> 10 # 0 at 14271623, 0.104239 0.043061
2024-08-01 08:01:44,806 INFO recv 15 -> 10 # 0 at 31996793, 0.104239 0.043061
2024-08-01 08:01:44,823 INFO CHECKSUM 15 11 0: 0.856302
2024-08-01 08:01:44,824 INFO CHECKSUM 15 11 0: 0.856302
2024-08-01 08:01:44,842 INFO sent 15 -> 11 # 0 at 14038061, 0.104239 0.043061
2024-08-01 08:01:44,842 INFO recv 15 -> 11 # 0 at 32384521, 0.104239 0.043061
2024-08-01 08:01:44,856 INFO CHECKSUM 15 12 0: 0.856302
2024-08-01 08:01:44,857 INFO CHECKSUM 15 12 0: 0.856302
2024-08-01 08:01:44,873 INFO recv 15 -> 12 # 0 at 31345199, 0.104239 0.043061
2024-08-01 08:01:44,882 INFO sent 15 -> 12 # 0 at 14295589, 0.104239 0.043061
2024-08-01 08:01:45,011 INFO CHECKSUM 15 13 0: 0.856302
2024-08-01 08:01:45,011 INFO CHECKSUM 15 13 0: 0.856302
2024-08-01 08:01:45,029 INFO recv 15 -> 13 # 0 at 123980846, 0.104239 0.043061
2024-08-01 08:01:45,029 INFO sent 15 -> 13 # 0 at 105304357, 0.104239 0.043061
2024-08-01 08:01:45,057 INFO CHECKSUM 15 14 0: 0.856302
2024-08-01 08:01:45,056 INFO CHECKSUM 15 14 0: 0.856302
2024-08-01 08:01:45,066 INFO Rank 0 start All-Reduce
2024-08-01 08:01:45,066 INFO Rank 8 start All-Reduce
2024-08-01 08:01:45,066 INFO Rank 1 start All-Reduce
2024-08-01 08:01:45,066 INFO Rank 2 start All-Reduce
2024-08-01 08:01:45,066 INFO Rank 12 start All-Reduce
2024-08-01 08:01:45,066 INFO Rank 4 start All-Reduce
2024-08-01 08:01:45,066 INFO Rank 9 start All-Reduce
2024-08-01 08:01:45,066 INFO Rank 3 start All-Reduce
2024-08-01 08:01:45,066 INFO Rank 5 start All-Reduce
2024-08-01 08:01:45,066 INFO Rank 10 start All-Reduce
2024-08-01 08:01:45,067 INFO Rank 0 HIT BARRIER
2024-08-01 08:01:45,066 INFO Rank 13 start All-Reduce
2024-08-01 08:01:45,066 INFO Rank 6 start All-Reduce
2024-08-01 08:01:45,066 INFO Rank 11 start All-Reduce
2024-08-01 08:01:45,067 INFO Rank 1 HIT BARRIER
2024-08-01 08:01:45,066 INFO recv 15 -> 14 # 0 at 24487065, 0.104239 0.043061
2024-08-01 08:01:45,067 INFO Rank 14 start All-Reduce
2024-08-01 08:01:45,066 INFO Rank 7 start All-Reduce
2024-08-01 08:01:45,068 INFO Added key: store_based_barrier_key:2 to store for rank: 10
2024-08-01 08:01:45,067 INFO Rank 2 HIT BARRIER
2024-08-01 08:01:45,066 INFO sent 15 -> 14 # 0 at 14171228, 0.104239 0.043061
2024-08-01 08:01:45,067 INFO Rank 15 start All-Reduce
2024-08-01 08:01:45,067 INFO Added key: store_based_barrier_key:2 to store for rank: 5
2024-08-01 08:01:45,067 INFO Added key: store_based_barrier_key:2 to store for rank: 11
2024-08-01 08:01:45,067 INFO Rank 3 HIT BARRIER
2024-08-01 08:01:45,067 INFO Added key: store_based_barrier_key:2 to store for rank: 6
2024-08-01 08:01:45,068 INFO Added key: store_based_barrier_key:2 to store for rank: 8
2024-08-01 08:01:45,068 INFO Added key: store_based_barrier_key:2 to store for rank: 1
2024-08-01 08:01:45,067 INFO Added key: store_based_barrier_key:2 to store for rank: 12
2024-08-01 08:01:45,067 INFO Added key: store_based_barrier_key:2 to store for rank: 4
2024-08-01 08:01:45,068 INFO Added key: store_based_barrier_key:2 to store for rank: 9
2024-08-01 08:01:45,068 INFO Added key: store_based_barrier_key:2 to store for rank: 3
2024-08-01 08:01:45,067 INFO Added key: store_based_barrier_key:2 to store for rank: 15
2024-08-01 08:01:45,067 INFO Added key: store_based_barrier_key:2 to store for rank: 7
2024-08-01 08:01:45,068 INFO Added key: store_based_barrier_key:2 to store for rank: 2
2024-08-01 08:01:45,067 INFO Added key: store_based_barrier_key:2 to store for rank: 13
2024-08-01 08:01:45,068 INFO Added key: store_based_barrier_key:2 to store for rank: 0
2024-08-01 08:01:45,067 INFO Added key: store_based_barrier_key:2 to store for rank: 14
2024-08-01 08:01:45,068 INFO Rank 0: Completed store-based barrier for key:store_based_barrier_key:2 with 16 nodes.
2024-08-01 08:01:45,068 INFO Made group
2024-08-01 08:01:45,078 INFO Rank 1: Completed store-based barrier for key:store_based_barrier_key:2 with 16 nodes.
2024-08-01 08:01:45,078 INFO Made group
2024-08-01 08:01:45,078 INFO Rank 4: Completed store-based barrier for key:store_based_barrier_key:2 with 16 nodes.
2024-08-01 08:01:45,078 INFO Rank 3: Completed store-based barrier for key:store_based_barrier_key:2 with 16 nodes.
2024-08-01 08:01:45,078 INFO Rank 5: Completed store-based barrier for key:store_based_barrier_key:2 with 16 nodes.
2024-08-01 08:01:45,078 INFO Rank 8: Completed store-based barrier for key:store_based_barrier_key:2 with 16 nodes.
2024-08-01 08:01:45,078 INFO Rank 2: Completed store-based barrier for key:store_based_barrier_key:2 with 16 nodes.
2024-08-01 08:01:45,078 INFO Rank 12: Completed store-based barrier for key:store_based_barrier_key:2 with 16 nodes.
2024-08-01 08:01:45,078 INFO Rank 6: Completed store-based barrier for key:store_based_barrier_key:2 with 16 nodes.
2024-08-01 08:01:45,078 INFO Rank 10: Completed store-based barrier for key:store_based_barrier_key:2 with 16 nodes.
2024-08-01 08:01:45,078 INFO Made group
2024-08-01 08:01:45,078 INFO Rank 7: Completed store-based barrier for key:store_based_barrier_key:2 with 16 nodes.
2024-08-01 08:01:45,078 INFO Rank 11: Completed store-based barrier for key:store_based_barrier_key:2 with 16 nodes.
2024-08-01 08:01:45,078 INFO Made group
2024-08-01 08:01:45,078 INFO Rank 13: Completed store-based barrier for key:store_based_barrier_key:2 with 16 nodes.
2024-08-01 08:01:45,078 INFO Rank 9: Completed store-based barrier for key:store_based_barrier_key:2 with 16 nodes.
2024-08-01 08:01:45,078 INFO Rank 14: Completed store-based barrier for key:store_based_barrier_key:2 with 16 nodes.
2024-08-01 08:01:45,078 INFO Rank 15: Completed store-based barrier for key:store_based_barrier_key:2 with 16 nodes.
2024-08-01 08:01:45,390 INFO Node Reduce CHECKSUM 0: 5.760509
2024-08-01 08:01:45,453 INFO Node Reduce CHECKSUM 1: 5.760509
2024-08-01 08:01:45,456 INFO Node Reduce CHECKSUM 2: 5.760509
2024-08-01 08:01:45,311 INFO Node Reduce CHECKSUM 3: 5.760509
2024-08-01 08:01:45,482 INFO Node Reduce rank 0 at 414688849
2024-08-01 08:01:45,482 INFO Node Reduce rank 1 at 415556664
2024-08-01 08:01:45,482 INFO Node Reduce rank 2 at 415560201
2024-08-01 08:01:45,482 INFO Rank 4 HIT BARRIER
2024-08-01 08:01:45,482 INFO Node Reduce rank 3 at 415554911
2024-08-01 08:01:45,482 INFO Rank 5 HIT BARRIER
2024-08-01 08:01:45,482 INFO Rank 6 HIT BARRIER
2024-08-01 08:01:45,482 INFO Rank 7 HIT BARRIER
2024-08-01 08:01:45,494 INFO Added key: store_based_barrier_key:3 to store for rank: 1
2024-08-01 08:01:45,494 INFO Added key: store_based_barrier_key:3 to store for rank: 2
2024-08-01 08:01:45,494 INFO Added key: store_based_barrier_key:3 to store for rank: 12
2024-08-01 08:01:45,494 INFO Added key: store_based_barrier_key:3 to store for rank: 8
2024-08-01 08:01:45,494 INFO Added key: store_based_barrier_key:3 to store for rank: 3
2024-08-01 08:01:45,494 INFO Added key: store_based_barrier_key:3 to store for rank: 10
2024-08-01 08:01:45,495 INFO Added key: store_based_barrier_key:3 to store for rank: 13
2024-08-01 08:01:45,495 INFO Added key: store_based_barrier_key:3 to store for rank: 4
2024-08-01 08:01:45,495 INFO Added key: store_based_barrier_key:3 to store for rank: 11
2024-08-01 08:01:45,495 INFO Added key: store_based_barrier_key:3 to store for rank: 0
2024-08-01 08:01:45,495 INFO Added key: store_based_barrier_key:3 to store for rank: 14
2024-08-01 08:01:45,495 INFO Added key: store_based_barrier_key:3 to store for rank: 5
2024-08-01 08:01:45,495 INFO Added key: store_based_barrier_key:3 to store for rank: 9
2024-08-01 08:01:45,495 INFO Rank 0: Completed store-based barrier for key:store_based_barrier_key:3 with 16 nodes.
2024-08-01 08:01:45,495 INFO Added key: store_based_barrier_key:3 to store for rank: 15
2024-08-01 08:01:45,495 INFO Added key: store_based_barrier_key:3 to store for rank: 6
2024-08-01 08:01:45,495 INFO Rank 9: Completed store-based barrier for key:store_based_barrier_key:3 with 16 nodes.
2024-08-01 08:01:45,495 INFO Added key: store_based_barrier_key:3 to store for rank: 7
2024-08-01 08:01:45,505 INFO Rank 1: Completed store-based barrier for key:store_based_barrier_key:3 with 16 nodes.
2024-08-01 08:01:45,505 INFO Rank 3: Completed store-based barrier for key:store_based_barrier_key:3 with 16 nodes.
2024-08-01 08:01:45,505 INFO Rank 2: Completed store-based barrier for key:store_based_barrier_key:3 with 16 nodes.
2024-08-01 08:01:45,505 INFO Rank 8: Completed store-based barrier for key:store_based_barrier_key:3 with 16 nodes.
2024-08-01 08:01:45,505 INFO Rank 12: Completed store-based barrier for key:store_based_barrier_key:3 with 16 nodes.
2024-08-01 08:01:45,505 INFO Rank 15: Completed store-based barrier for key:store_based_barrier_key:3 with 16 nodes.
2024-08-01 08:01:45,505 INFO Rank 11: Completed store-based barrier for key:store_based_barrier_key:3 with 16 nodes.
2024-08-01 08:01:45,505 INFO Rank 13: Completed store-based barrier for key:store_based_barrier_key:3 with 16 nodes.
2024-08-01 08:01:45,506 INFO Rank 4: Completed store-based barrier for key:store_based_barrier_key:3 with 16 nodes.
2024-08-01 08:01:45,505 INFO Rank 10: Completed store-based barrier for key:store_based_barrier_key:3 with 16 nodes.
2024-08-01 08:01:45,505 INFO Rank 14: Completed store-based barrier for key:store_based_barrier_key:3 with 16 nodes.
2024-08-01 08:01:45,506 INFO Rank 5: Completed store-based barrier for key:store_based_barrier_key:3 with 16 nodes.
2024-08-01 08:01:45,506 INFO Rank 6: Completed store-based barrier for key:store_based_barrier_key:3 with 16 nodes.
2024-08-01 08:01:45,506 INFO Rank 7: Completed store-based barrier for key:store_based_barrier_key:3 with 16 nodes.
2024-08-01 08:01:45,506 INFO Made group
2024-08-01 08:01:45,506 INFO Made group
2024-08-01 08:01:45,506 INFO Made group
2024-08-01 08:01:45,506 INFO Made group
2024-08-01 08:01:45,842 INFO Node Reduce CHECKSUM 4: 4.456828
2024-08-01 08:01:45,846 INFO Node Reduce CHECKSUM 5: 4.456828
2024-08-01 08:01:45,792 INFO Node Reduce CHECKSUM 6: 4.456828
2024-08-01 08:01:45,790 INFO Node Reduce CHECKSUM 7: 4.456828
2024-08-01 08:01:45,865 INFO Node Reduce rank 4 at 371409933
2024-08-01 08:01:45,866 INFO Rank 8 HIT BARRIER
2024-08-01 08:01:45,865 INFO Node Reduce rank 5 at 371418049
2024-08-01 08:01:45,866 INFO Rank 9 HIT BARRIER
2024-08-01 08:01:45,865 INFO Node Reduce rank 6 at 371418940
2024-08-01 08:01:45,866 INFO Rank 10 HIT BARRIER
2024-08-01 08:01:45,865 INFO Node Reduce rank 7 at 371416114
2024-08-01 08:01:45,866 INFO Rank 11 HIT BARRIER
2024-08-01 08:01:45,882 INFO Added key: store_based_barrier_key:4 to store for rank: 1
2024-08-01 08:01:45,882 INFO Added key: store_based_barrier_key:4 to store for rank: 2
2024-08-01 08:01:45,882 INFO Added key: store_based_barrier_key:4 to store for rank: 3
2024-08-01 08:01:45,882 INFO Rank 2: Completed store-based barrier for key:store_based_barrier_key:4 with 16 nodes.
2024-08-01 08:01:45,882 INFO Added key: store_based_barrier_key:4 to store for rank: 12
2024-08-01 08:01:45,882 INFO Added key: store_based_barrier_key:4 to store for rank: 5
2024-08-01 08:01:45,882 INFO Added key: store_based_barrier_key:4 to store for rank: 8
2024-08-01 08:01:45,882 INFO Added key: store_based_barrier_key:4 to store for rank: 0
2024-08-01 08:01:45,882 INFO Added key: store_based_barrier_key:4 to store for rank: 14
2024-08-01 08:01:45,882 INFO Added key: store_based_barrier_key:4 to store for rank: 6
2024-08-01 08:01:45,882 INFO Added key: store_based_barrier_key:4 to store for rank: 10
2024-08-01 08:01:45,883 INFO Rank 0: Completed store-based barrier for key:store_based_barrier_key:4 with 16 nodes.
2024-08-01 08:01:45,882 INFO Added key: store_based_barrier_key:4 to store for rank: 15
2024-08-01 08:01:45,882 INFO Added key: store_based_barrier_key:4 to store for rank: 4
2024-08-01 08:01:45,882 INFO Added key: store_based_barrier_key:4 to store for rank: 11
2024-08-01 08:01:45,882 INFO Added key: store_based_barrier_key:4 to store for rank: 13
2024-08-01 08:01:45,882 INFO Added key: store_based_barrier_key:4 to store for rank: 7
2024-08-01 08:01:45,882 INFO Added key: store_based_barrier_key:4 to store for rank: 9
2024-08-01 08:01:45,882 INFO Rank 12: Completed store-based barrier for key:store_based_barrier_key:4 with 16 nodes.
2024-08-01 08:01:45,882 INFO Rank 6: Completed store-based barrier for key:store_based_barrier_key:4 with 16 nodes.
2024-08-01 08:01:45,882 INFO Rank 8: Completed store-based barrier for key:store_based_barrier_key:4 with 16 nodes.
2024-08-01 08:01:45,882 INFO Rank 13: Completed store-based barrier for key:store_based_barrier_key:4 with 16 nodes.
2024-08-01 08:01:45,882 INFO Rank 5: Completed store-based barrier for key:store_based_barrier_key:4 with 16 nodes.
2024-08-01 08:01:45,882 INFO Rank 9: Completed store-based barrier for key:store_based_barrier_key:4 with 16 nodes.
2024-08-01 08:01:45,882 INFO Rank 15: Completed store-based barrier for key:store_based_barrier_key:4 with 16 nodes.
2024-08-01 08:01:45,882 INFO Rank 4: Completed store-based barrier for key:store_based_barrier_key:4 with 16 nodes.
2024-08-01 08:01:45,882 INFO Rank 10: Completed store-based barrier for key:store_based_barrier_key:4 with 16 nodes.
2024-08-01 08:01:45,882 INFO Rank 14: Completed store-based barrier for key:store_based_barrier_key:4 with 16 nodes.
2024-08-01 08:01:45,882 INFO Rank 7: Completed store-based barrier for key:store_based_barrier_key:4 with 16 nodes.
2024-08-01 08:01:45,882 INFO Rank 11: Completed store-based barrier for key:store_based_barrier_key:4 with 16 nodes.
2024-08-01 08:01:45,882 INFO Made group
2024-08-01 08:01:45,882 INFO Made group
2024-08-01 08:01:45,882 INFO Made group
2024-08-01 08:01:45,882 INFO Made group
2024-08-01 08:01:45,892 INFO Rank 3: Completed store-based barrier for key:store_based_barrier_key:4 with 16 nodes.
2024-08-01 08:01:45,892 INFO Rank 1: Completed store-based barrier for key:store_based_barrier_key:4 with 16 nodes.
2024-08-01 08:01:46,140 INFO Node Reduce CHECKSUM 8: 6.698022
2024-08-01 08:01:46,201 INFO Node Reduce CHECKSUM 9: 6.698022
2024-08-01 08:01:46,201 INFO Node Reduce CHECKSUM 10: 6.698022
2024-08-01 08:01:46,218 INFO Rank 12 HIT BARRIER
2024-08-01 08:01:46,140 INFO Node Reduce CHECKSUM 11: 6.698022
2024-08-01 08:01:46,218 INFO Rank 13 HIT BARRIER
2024-08-01 08:01:46,218 INFO Node Reduce rank 8 at 336117650
2024-08-01 08:01:46,218 INFO Rank 14 HIT BARRIER
2024-08-01 08:01:46,218 INFO Node Reduce rank 10 at 336114363
2024-08-01 08:01:46,218 INFO Rank 15 HIT BARRIER
2024-08-01 08:01:46,218 INFO Node Reduce rank 11 at 336123341
2024-08-01 08:01:46,218 INFO Node Reduce rank 9 at 336116788
2024-08-01 08:01:46,232 INFO Added key: store_based_barrier_key:5 to store for rank: 1
2024-08-01 08:01:46,232 INFO Added key: store_based_barrier_key:5 to store for rank: 2
2024-08-01 08:01:46,232 INFO Added key: store_based_barrier_key:5 to store for rank: 3
2024-08-01 08:01:46,232 INFO Added key: store_based_barrier_key:5 to store for rank: 12
2024-08-01 08:01:46,232 INFO Added key: store_based_barrier_key:5 to store for rank: 8
2024-08-01 08:01:46,233 INFO Added key: store_based_barrier_key:5 to store for rank: 0
2024-08-01 08:01:46,233 INFO Added key: store_based_barrier_key:5 to store for rank: 4
2024-08-01 08:01:46,233 INFO Added key: store_based_barrier_key:5 to store for rank: 10
2024-08-01 08:01:46,233 INFO Rank 0: Completed store-based barrier for key:store_based_barrier_key:5 with 16 nodes.
2024-08-01 08:01:46,233 INFO Added key: store_based_barrier_key:5 to store for rank: 15
2024-08-01 08:01:46,233 INFO Added key: store_based_barrier_key:5 to store for rank: 5
2024-08-01 08:01:46,233 INFO Added key: store_based_barrier_key:5 to store for rank: 11
2024-08-01 08:01:46,233 INFO Rank 15: Completed store-based barrier for key:store_based_barrier_key:5 with 16 nodes.
2024-08-01 08:01:46,233 INFO Added key: store_based_barrier_key:5 to store for rank: 7
2024-08-01 08:01:46,233 INFO Rank 10: Completed store-based barrier for key:store_based_barrier_key:5 with 16 nodes.
2024-08-01 08:01:46,233 INFO Added key: store_based_barrier_key:5 to store for rank: 13
2024-08-01 08:01:46,233 INFO Added key: store_based_barrier_key:5 to store for rank: 6
2024-08-01 08:01:46,233 INFO Added key: store_based_barrier_key:5 to store for rank: 9
2024-08-01 08:01:46,233 INFO Added key: store_based_barrier_key:5 to store for rank: 14
2024-08-01 08:01:46,233 INFO Rank 4: Completed store-based barrier for key:store_based_barrier_key:5 with 16 nodes.
2024-08-01 08:01:46,233 INFO Rank 11: Completed store-based barrier for key:store_based_barrier_key:5 with 16 nodes.
2024-08-01 08:01:46,233 INFO Made group
2024-08-01 08:01:46,233 INFO Rank 5: Completed store-based barrier for key:store_based_barrier_key:5 with 16 nodes.
2024-08-01 08:01:46,233 INFO Rank 9: Completed store-based barrier for key:store_based_barrier_key:5 with 16 nodes.
2024-08-01 08:01:46,233 INFO Rank 13: Completed store-based barrier for key:store_based_barrier_key:5 with 16 nodes.
2024-08-01 08:01:46,233 INFO Rank 6: Completed store-based barrier for key:store_based_barrier_key:5 with 16 nodes.
2024-08-01 08:01:46,233 INFO Rank 14: Completed store-based barrier for key:store_based_barrier_key:5 with 16 nodes.
2024-08-01 08:01:46,233 INFO Rank 7: Completed store-based barrier for key:store_based_barrier_key:5 with 16 nodes.
2024-08-01 08:01:46,233 INFO Made group
2024-08-01 08:01:46,233 INFO Made group
2024-08-01 08:01:46,243 INFO Rank 1: Completed store-based barrier for key:store_based_barrier_key:5 with 16 nodes.
2024-08-01 08:01:46,243 INFO Rank 3: Completed store-based barrier for key:store_based_barrier_key:5 with 16 nodes.
2024-08-01 08:01:46,243 INFO Rank 2: Completed store-based barrier for key:store_based_barrier_key:5 with 16 nodes.
2024-08-01 08:01:46,243 INFO Rank 8: Completed store-based barrier for key:store_based_barrier_key:5 with 16 nodes.
2024-08-01 08:01:46,243 INFO Rank 12: Completed store-based barrier for key:store_based_barrier_key:5 with 16 nodes.
2024-08-01 08:01:46,243 INFO Made group
2024-08-01 08:01:46,478 INFO Node Reduce CHECKSUM 12: 6.551443
2024-08-01 08:01:46,538 INFO Node Reduce CHECKSUM 13: 6.551443
2024-08-01 08:01:46,538 INFO Node Reduce CHECKSUM 14: 6.551443
2024-08-01 08:01:46,476 INFO Node Reduce CHECKSUM 15: 6.551443
2024-08-01 08:01:46,553 INFO Node Reduce rank 14 at 320760255
2024-08-01 08:01:46,553 INFO Node Reduce rank 12 at 320998616
2024-08-01 08:01:46,553 INFO Node Reduce rank 13 at 321204403
2024-08-01 08:01:46,554 INFO Node Reduce rank 15 at 321242457
2024-08-01 08:01:46,569 INFO All Reduce CHECKSUM 0: 25.206142
2024-08-01 08:01:46,568 INFO All Reduce CHECKSUM 3: 25.206142
2024-08-01 08:01:46,568 INFO All Reduce CHECKSUM 1: 25.206142
2024-08-01 08:01:46,569 INFO All Reduce CHECKSUM 12: 25.206142
2024-08-01 08:01:46,567 INFO All Reduce CHECKSUM 4: 25.206142
2024-08-01 08:01:46,570 INFO All Reduce CHECKSUM 8: 25.206142
2024-08-01 08:01:46,570 INFO All Reduce CHECKSUM 2: 25.206142
2024-08-01 08:01:46,570 INFO All Reduce CHECKSUM 13: 25.206142
2024-08-01 08:01:46,570 INFO All Reduce CHECKSUM 5: 25.206142
2024-08-01 08:01:46,566 INFO All Reduce CHECKSUM 9: 25.206142
2024-08-01 08:01:46,565 INFO All Reduce CHECKSUM 14: 25.206142
2024-08-01 08:01:46,570 INFO All Reduce CHECKSUM 6: 25.206142
2024-08-01 08:01:46,567 INFO All Reduce CHECKSUM 10: 25.206142
2024-08-01 08:01:46,572 INFO All Reduce CHECKSUM 15: 25.206142
2024-08-01 08:01:46,568 INFO All Reduce CHECKSUM 7: 25.206142
2024-08-01 08:01:46,567 INFO All Reduce CHECKSUM 11: 25.206142
2024-08-01 08:01:46,598 INFO All Reduce rank 0 at 32788912
2024-08-01 08:01:46,598 INFO All Reduce rank 1 at 32788241
2024-08-01 08:01:46,598 INFO All Reduce rank 12 at 32785236
2024-08-01 08:01:46,598 INFO All Reduce rank 4 at 32786425
2024-08-01 08:01:46,598 INFO All Reduce rank 8 at 32789013
2024-08-01 08:01:46,598 INFO All Reduce rank 2 at 32789834
2024-08-01 08:01:46,598 INFO All Reduce rank 13 at 27705725
2024-08-01 08:01:46,598 INFO All Reduce rank 5 at 32786435
2024-08-01 08:01:46,598 INFO All Reduce rank 9 at 32783783
2024-08-01 08:01:46,598 INFO All Reduce rank 3 at 32790194
2024-08-01 08:01:46,598 INFO All Reduce rank 14 at 32792230
2024-08-01 08:01:46,598 INFO All Reduce rank 6 at 32785853
2024-08-01 08:01:46,598 INFO All Reduce rank 10 at 32780597
2024-08-01 08:01:46,598 INFO Rank 0 done
2024-08-01 08:01:46,598 INFO All Reduce rank 15 at 27710504
2024-08-01 08:01:46,598 INFO All Reduce rank 7 at 32787246
2024-08-01 08:01:46,598 INFO All Reduce rank 11 at 32786289
2024-08-01 08:01:46,598 INFO Rank 1 done
2024-08-01 08:01:46,598 INFO Rank 12 done
2024-08-01 08:01:46,598 INFO Rank 4 done
2024-08-01 08:01:46,598 INFO Rank 8 done
2024-08-01 08:01:46,598 INFO Rank 2 done
2024-08-01 08:01:46,598 INFO Rank 13 done
2024-08-01 08:01:46,598 INFO Rank 5 done
2024-08-01 08:01:46,598 INFO Rank 9 done
2024-08-01 08:01:46,598 INFO Rank 3 done
2024-08-01 08:01:46,598 INFO Rank 15 done
2024-08-01 08:01:46,598 INFO Rank 6 done
2024-08-01 08:01:46,598 INFO Rank 10 done
2024-08-01 08:01:46,598 INFO Rank 14 done
2024-08-01 08:01:46,598 INFO Rank 7 done
2024-08-01 08:01:46,598 INFO Rank 11 done
