
2024-08-01 08:08:14,360 INFO Initialized rank 12 out of 16
2024-08-01 08:08:14,361 INFO Initialized rank 14 out of 16
2024-08-01 08:08:14,362 INFO Initialized rank 1 out of 16
2024-08-01 08:08:14,362 INFO Initialized rank 2 out of 16
2024-08-01 08:08:14,363 INFO Initialized rank 3 out of 16
2024-08-01 08:08:14,364 INFO Initialized rank 0 out of 16
2024-08-01 08:08:14,367 INFO Initialized rank 8 out of 16
2024-08-01 08:08:14,367 INFO Initialized rank 10 out of 16
2024-08-01 08:08:14,367 INFO Initialized rank 11 out of 16
2024-08-01 08:08:14,368 INFO Initialized rank 4 out of 16
2024-08-01 08:08:14,368 INFO Initialized rank 13 out of 16
2024-08-01 08:08:14,368 INFO Initialized rank 15 out of 16
2024-08-01 08:08:14,368 INFO Initialized rank 9 out of 16
2024-08-01 08:08:14,369 INFO Initialized rank 5 out of 16
2024-08-01 08:08:14,369 INFO Initialized rank 7 out of 16
2024-08-01 08:08:14,369 INFO Initialized rank 6 out of 16
2024-08-01 08:08:17,001 INFO Sync time
2024-08-01 08:08:17,001 INFO Sync time
2024-08-01 08:08:17,001 INFO Sync time
2024-08-01 08:08:17,002 INFO Sync time
2024-08-01 08:08:17,001 INFO Sync time
2024-08-01 08:08:17,001 INFO Sync time
2024-08-01 08:08:17,001 INFO Sync time
2024-08-01 08:08:17,002 INFO Sync time
2024-08-01 08:08:17,001 INFO Sync time
2024-08-01 08:08:17,001 INFO Sync time
2024-08-01 08:08:17,002 INFO Sync time
2024-08-01 08:08:17,002 INFO Sync time
2024-08-01 08:08:17,002 INFO Sending from rank 0
2024-08-01 08:08:17,002 INFO Sync time
2024-08-01 08:08:17,002 INFO Sync time
2024-08-01 08:08:17,002 INFO Sync time
2024-08-01 08:08:17,002 INFO Accepting from rank 0
2024-08-01 08:08:17,002 INFO Sync time
2024-08-01 08:08:17,002 INFO Accepting from rank 0
2024-08-01 08:08:17,002 INFO Accepting from rank 0
2024-08-01 08:08:17,002 INFO Accepting from rank 0
2024-08-01 08:08:17,002 INFO Accepting from rank 0
2024-08-01 08:08:17,002 INFO Accepting from rank 0
2024-08-01 08:08:17,002 INFO Accepting from rank 0
2024-08-01 08:08:17,002 INFO Accepting from rank 0
2024-08-01 08:08:17,002 INFO Accepting from rank 0
2024-08-01 08:08:17,002 INFO Accepting from rank 0
2024-08-01 08:08:17,002 INFO Accepting from rank 0
2024-08-01 08:08:17,002 INFO Accepting from rank 0
2024-08-01 08:08:17,002 INFO Accepting from rank 0
2024-08-01 08:08:17,002 INFO Accepting from rank 0
2024-08-01 08:08:17,002 INFO Accepting from rank 0
2024-08-01 08:08:17,301 INFO CHECKSUM 0 1 0: 1.569216
2024-08-01 08:08:17,302 INFO CHECKSUM 0 1 0: 1.569216
2024-08-01 08:08:17,322 INFO sent 0 -> 1 # 0 at 270160620, 0.284592 0.104650
2024-08-01 08:08:17,323 INFO recv 0 -> 1 # 0 at 288174410, 0.284592 0.104650
2024-08-01 08:08:17,547 INFO CHECKSUM 0 2 0: 1.569216
2024-08-01 08:08:17,549 INFO CHECKSUM 0 2 0: 1.569216
2024-08-01 08:08:17,562 INFO sent 0 -> 2 # 0 at 213214401, 0.284592 0.104650
2024-08-01 08:08:17,562 INFO recv 0 -> 2 # 0 at 227863409, 0.284592 0.104650
2024-08-01 08:08:17,795 INFO CHECKSUM 0 3 0: 1.569216
2024-08-01 08:08:17,796 INFO CHECKSUM 0 3 0: 1.569216
2024-08-01 08:08:17,814 INFO sent 0 -> 3 # 0 at 221874416, 0.284592 0.104650
2024-08-01 08:08:17,829 INFO recv 0 -> 3 # 0 at 256147949, 0.284592 0.104650
2024-08-01 08:08:18,032 INFO CHECKSUM 0 4 0: 1.569216
2024-08-01 08:08:18,053 INFO sent 0 -> 4 # 0 at 202003295, 0.284592 0.104650
2024-08-01 08:08:18,043 INFO CHECKSUM 0 4 0: 1.569216
2024-08-01 08:08:18,054 INFO recv 0 -> 4 # 0 at 223821708, 0.284592 0.104650
2024-08-01 08:08:18,278 INFO CHECKSUM 0 5 0: 1.569216
2024-08-01 08:08:18,280 INFO CHECKSUM 0 5 0: 1.569216
2024-08-01 08:08:18,296 INFO sent 0 -> 5 # 0 at 217415805, 0.284592 0.104650
2024-08-01 08:08:18,296 INFO recv 0 -> 5 # 0 at 234941441, 0.284592 0.104650
2024-08-01 08:08:18,543 INFO CHECKSUM 0 6 0: 1.569216
2024-08-01 08:08:18,544 INFO CHECKSUM 0 6 0: 1.569216
2024-08-01 08:08:18,557 INFO recv 0 -> 6 # 0 at 257139175, 0.284592 0.104650
2024-08-01 08:08:18,557 INFO sent 0 -> 6 # 0 at 242523749, 0.284592 0.104650
2024-08-01 08:08:18,768 INFO CHECKSUM 0 7 0: 1.569216
2024-08-01 08:08:18,778 INFO CHECKSUM 0 7 0: 1.569216
2024-08-01 08:08:18,788 INFO sent 0 -> 7 # 0 at 196416217, 0.284592 0.104650
2024-08-01 08:08:18,788 INFO recv 0 -> 7 # 0 at 218310276, 0.284592 0.104650
2024-08-01 08:08:19,014 INFO CHECKSUM 0 8 0: 1.569216
2024-08-01 08:08:19,018 INFO CHECKSUM 0 8 0: 1.569216
2024-08-01 08:08:19,024 INFO sent 0 -> 8 # 0 at 204664538, 0.284592 0.104650
2024-08-01 08:08:19,024 INFO recv 0 -> 8 # 0 at 214904952, 0.284592 0.104650
2024-08-01 08:08:19,164 INFO CHECKSUM 0 9 0: 1.569216
2024-08-01 08:08:19,165 INFO CHECKSUM 0 9 0: 1.569216
2024-08-01 08:08:19,178 INFO sent 0 -> 9 # 0 at 126673634, 0.284592 0.104650
2024-08-01 08:08:19,178 INFO recv 0 -> 9 # 0 at 140554474, 0.284592 0.104650
2024-08-01 08:08:19,383 INFO CHECKSUM 0 10 0: 1.569216
2024-08-01 08:08:19,386 INFO CHECKSUM 0 10 0: 1.569216
2024-08-01 08:08:19,402 INFO sent 0 -> 10 # 0 at 197444691, 0.284592 0.104650
2024-08-01 08:08:19,402 INFO recv 0 -> 10 # 0 at 215656194, 0.284592 0.104650
2024-08-01 08:08:19,614 INFO CHECKSUM 0 11 0: 1.569216
2024-08-01 08:08:19,616 INFO CHECKSUM 0 11 0: 1.569216
2024-08-01 08:08:19,630 INFO sent 0 -> 11 # 0 at 196740333, 0.284592 0.104650
2024-08-01 08:08:19,630 INFO recv 0 -> 11 # 0 at 205377512, 0.284592 0.104650
2024-08-01 08:08:19,883 INFO CHECKSUM 0 12 0: 1.569216
2024-08-01 08:08:19,885 INFO CHECKSUM 0 12 0: 1.569216
2024-08-01 08:08:19,898 INFO sent 0 -> 12 # 0 at 236866376, 0.284592 0.104650
2024-08-01 08:08:19,898 INFO recv 0 -> 12 # 0 at 251535366, 0.284592 0.104650
2024-08-01 08:08:20,093 INFO CHECKSUM 0 13 0: 1.569216
2024-08-01 08:08:20,094 INFO CHECKSUM 0 13 0: 1.569216
2024-08-01 08:08:20,117 INFO sent 0 -> 13 # 0 at 194800160, 0.284592 0.104650
2024-08-01 08:08:20,122 INFO recv 0 -> 13 # 0 at 224150532, 0.284592 0.104650
2024-08-01 08:08:20,312 INFO CHECKSUM 0 14 0: 1.569216
2024-08-01 08:08:20,313 INFO CHECKSUM 0 14 0: 1.569216
2024-08-01 08:08:20,326 INFO recv 0 -> 14 # 0 at 200731364, 0.284592 0.104650
2024-08-01 08:08:20,326 INFO sent 0 -> 14 # 0 at 186132640, 0.284592 0.104650
2024-08-01 08:08:20,539 INFO CHECKSUM 0 15 0: 1.569216
2024-08-01 08:08:20,541 INFO CHECKSUM 0 15 0: 1.569216
2024-08-01 08:08:20,549 INFO Accepting from rank 1
2024-08-01 08:08:20,549 INFO Accepting from rank 1
2024-08-01 08:08:20,549 INFO sent 0 -> 15 # 0 at 208642933, 0.284592 0.104650
2024-08-01 08:08:20,549 INFO Accepting from rank 1
2024-08-01 08:08:20,549 INFO Accepting from rank 1
2024-08-01 08:08:20,549 INFO Accepting from rank 1
2024-08-01 08:08:20,549 INFO Accepting from rank 1
2024-08-01 08:08:20,549 INFO Accepting from rank 1
2024-08-01 08:08:20,549 INFO recv 0 -> 15 # 0 at 218683381, 0.284592 0.104650
2024-08-01 08:08:20,549 INFO Accepting from rank 1
2024-08-01 08:08:20,549 INFO Accepting from rank 1
2024-08-01 08:08:20,549 INFO Accepting from rank 1
2024-08-01 08:08:20,553 INFO Accepting from rank 1
2024-08-01 08:08:20,553 INFO Accepting from rank 1
2024-08-01 08:08:20,562 INFO Accepting from rank 1
2024-08-01 08:08:20,562 INFO Accepting from rank 1
2024-08-01 08:08:20,562 INFO Sending from rank 1
2024-08-01 08:08:20,562 INFO Accepting from rank 1
2024-08-01 08:08:20,679 INFO CHECKSUM 1 0 0: 1.487691
2024-08-01 08:08:20,679 INFO CHECKSUM 1 0 0: 1.487691
2024-08-01 08:08:20,694 INFO recv 1 -> 0 # 0 at 101557335, 0.913775 0.689045
2024-08-01 08:08:20,697 INFO sent 1 -> 0 # 0 at 82600587, 0.913775 0.689045
2024-08-01 08:08:20,935 INFO CHECKSUM 1 2 0: 1.487691
2024-08-01 08:08:20,935 INFO CHECKSUM 1 2 0: 1.487691
2024-08-01 08:08:20,949 INFO sent 1 -> 2 # 0 at 221543637, 0.913775 0.689045
2024-08-01 08:08:20,949 INFO recv 1 -> 2 # 0 at 235423913, 0.913775 0.689045
2024-08-01 08:08:21,131 INFO CHECKSUM 1 3 0: 1.487691
2024-08-01 08:08:21,132 INFO CHECKSUM 1 3 0: 1.487691
2024-08-01 08:08:21,158 INFO sent 1 -> 3 # 0 at 181726020, 0.913775 0.689045
2024-08-01 08:08:21,158 INFO recv 1 -> 3 # 0 at 208800096, 0.913775 0.689045
2024-08-01 08:08:21,355 INFO CHECKSUM 1 4 0: 1.487691
2024-08-01 08:08:21,356 INFO CHECKSUM 1 4 0: 1.487691
2024-08-01 08:08:21,365 INFO recv 1 -> 4 # 0 at 199573980, 0.913775 0.689045
2024-08-01 08:08:21,365 INFO sent 1 -> 4 # 0 at 189850862, 0.913775 0.689045
2024-08-01 08:08:21,559 INFO CHECKSUM 1 5 0: 1.487691
2024-08-01 08:08:21,559 INFO CHECKSUM 1 5 0: 1.487691
2024-08-01 08:08:21,574 INFO sent 1 -> 5 # 0 at 172348400, 0.913775 0.689045
2024-08-01 08:08:21,574 INFO recv 1 -> 5 # 0 at 187205577, 0.913775 0.689045
2024-08-01 08:08:21,754 INFO CHECKSUM 1 6 0: 1.487691
2024-08-01 08:08:21,755 INFO CHECKSUM 1 6 0: 1.487691
2024-08-01 08:08:21,766 INFO sent 1 -> 6 # 0 at 180341720, 0.913775 0.689045
2024-08-01 08:08:21,766 INFO recv 1 -> 6 # 0 at 191640423, 0.913775 0.689045
2024-08-01 08:08:21,953 INFO CHECKSUM 1 7 0: 1.487691
2024-08-01 08:08:21,953 INFO CHECKSUM 1 7 0: 1.487691
2024-08-01 08:08:21,963 INFO recv 1 -> 7 # 0 at 188351779, 0.913775 0.689045
2024-08-01 08:08:21,963 INFO sent 1 -> 7 # 0 at 178862535, 0.913775 0.689045
2024-08-01 08:08:22,163 INFO CHECKSUM 1 8 0: 1.487691
2024-08-01 08:08:22,164 INFO CHECKSUM 1 8 0: 1.487691
2024-08-01 08:08:22,194 INFO recv 1 -> 8 # 0 at 204498845, 0.913775 0.689045
2024-08-01 08:08:22,196 INFO sent 1 -> 8 # 0 at 173826100, 0.913775 0.689045
2024-08-01 08:08:22,393 INFO CHECKSUM 1 9 0: 1.487691
2024-08-01 08:08:22,393 INFO CHECKSUM 1 9 0: 1.487691
2024-08-01 08:08:22,410 INFO sent 1 -> 9 # 0 at 186989283, 0.913775 0.689045
2024-08-01 08:08:22,410 INFO recv 1 -> 9 # 0 at 204835927, 0.913775 0.689045
2024-08-01 08:08:22,574 INFO CHECKSUM 1 10 0: 1.487691
2024-08-01 08:08:22,574 INFO CHECKSUM 1 10 0: 1.487691
2024-08-01 08:08:22,586 INFO sent 1 -> 10 # 0 at 156995635, 0.913775 0.689045
2024-08-01 08:08:22,594 INFO recv 1 -> 10 # 0 at 177032392, 0.913775 0.689045
2024-08-01 08:08:22,796 INFO CHECKSUM 1 11 0: 1.487691
2024-08-01 08:08:22,796 INFO CHECKSUM 1 11 0: 1.487691
2024-08-01 08:08:22,810 INFO sent 1 -> 11 # 0 at 197010865, 0.913775 0.689045
2024-08-01 08:08:22,810 INFO recv 1 -> 11 # 0 at 212272740, 0.913775 0.689045
2024-08-01 08:08:23,040 INFO CHECKSUM 1 12 0: 1.487691
2024-08-01 08:08:23,040 INFO CHECKSUM 1 12 0: 1.487691
2024-08-01 08:08:23,061 INFO sent 1 -> 12 # 0 at 221412535, 0.913775 0.689045
2024-08-01 08:08:23,061 INFO recv 1 -> 12 # 0 at 242570254, 0.913775 0.689045
2024-08-01 08:08:23,222 INFO CHECKSUM 1 13 0: 1.487691
2024-08-01 08:08:23,222 INFO CHECKSUM 1 13 0: 1.487691
2024-08-01 08:08:23,254 INFO sent 1 -> 13 # 0 at 156582768, 0.913775 0.689045
2024-08-01 08:08:23,266 INFO recv 1 -> 13 # 0 at 200433047, 0.913775 0.689045
2024-08-01 08:08:23,447 INFO CHECKSUM 1 14 0: 1.487691
2024-08-01 08:08:23,448 INFO CHECKSUM 1 14 0: 1.487691
2024-08-01 08:08:23,469 INFO sent 1 -> 14 # 0 at 173818325, 0.913775 0.689045
2024-08-01 08:08:23,469 INFO recv 1 -> 14 # 0 at 195672213, 0.913775 0.689045
2024-08-01 08:08:23,633 INFO CHECKSUM 1 15 0: 1.487691
2024-08-01 08:08:23,643 INFO CHECKSUM 1 15 0: 1.487691
2024-08-01 08:08:23,665 INFO Accepting from rank 2
2024-08-01 08:08:23,666 INFO Accepting from rank 2
2024-08-01 08:08:23,666 INFO Accepting from rank 2
2024-08-01 08:08:23,665 INFO Accepting from rank 2
2024-08-01 08:08:23,671 INFO sent 1 -> 15 # 0 at 164216794, 0.913775 0.689045
2024-08-01 08:08:23,671 INFO Sending from rank 2
2024-08-01 08:08:23,671 INFO Accepting from rank 2
2024-08-01 08:08:23,671 INFO Accepting from rank 2
2024-08-01 08:08:23,671 INFO Accepting from rank 2
2024-08-01 08:08:23,671 INFO Accepting from rank 2
2024-08-01 08:08:23,671 INFO Accepting from rank 2
2024-08-01 08:08:23,671 INFO Accepting from rank 2
2024-08-01 08:08:23,671 INFO Accepting from rank 2
2024-08-01 08:08:23,671 INFO Accepting from rank 2
2024-08-01 08:08:23,671 INFO Accepting from rank 2
2024-08-01 08:08:23,671 INFO recv 1 -> 15 # 0 at 201630805, 0.913775 0.689045
2024-08-01 08:08:23,671 INFO Accepting from rank 2
2024-08-01 08:08:23,671 INFO Accepting from rank 2
2024-08-01 08:08:23,725 INFO CHECKSUM 2 0 0: 1.695127
2024-08-01 08:08:23,725 INFO CHECKSUM 2 0 0: 1.695127
2024-08-01 08:08:23,737 INFO sent 2 -> 0 # 0 at 22553636, 0.430297 0.860253
2024-08-01 08:08:23,737 INFO recv 2 -> 0 # 0 at 35002961, 0.430297 0.860253
2024-08-01 08:08:23,768 INFO CHECKSUM 2 1 0: 1.695127
2024-08-01 08:08:23,769 INFO CHECKSUM 2 1 0: 1.695127
2024-08-01 08:08:23,786 INFO sent 2 -> 1 # 0 at 21758462, 0.430297 0.860253
2024-08-01 08:08:23,792 INFO recv 2 -> 1 # 0 at 46106709, 0.430297 0.860253
2024-08-01 08:08:24,007 INFO CHECKSUM 2 3 0: 1.695127
2024-08-01 08:08:24,008 INFO CHECKSUM 2 3 0: 1.695127
2024-08-01 08:08:24,028 INFO sent 2 -> 3 # 0 at 185249937, 0.430297 0.860253
2024-08-01 08:08:24,028 INFO recv 2 -> 3 # 0 at 205754941, 0.430297 0.860253
2024-08-01 08:08:24,218 INFO CHECKSUM 2 4 0: 1.695127
2024-08-01 08:08:24,219 INFO CHECKSUM 2 4 0: 1.695127
2024-08-01 08:08:24,241 INFO recv 2 -> 4 # 0 at 203763601, 0.430297 0.860253
2024-08-01 08:08:24,244 INFO sent 2 -> 4 # 0 at 181047441, 0.430297 0.860253
2024-08-01 08:08:24,354 INFO CHECKSUM 2 5 0: 1.695127
2024-08-01 08:08:24,354 INFO CHECKSUM 2 5 0: 1.695127
2024-08-01 08:08:24,363 INFO sent 2 -> 5 # 0 at 92385202, 0.430297 0.860253
2024-08-01 08:08:24,363 INFO recv 2 -> 5 # 0 at 101974550, 0.430297 0.860253
2024-08-01 08:08:24,532 INFO CHECKSUM 2 6 0: 1.695127
2024-08-01 08:08:24,541 INFO CHECKSUM 2 6 0: 1.695127
2024-08-01 08:08:24,551 INFO sent 2 -> 6 # 0 at 159589579, 0.430297 0.860253
2024-08-01 08:08:24,551 INFO recv 2 -> 6 # 0 at 179144935, 0.430297 0.860253
2024-08-01 08:08:24,719 INFO CHECKSUM 2 7 0: 1.695127
2024-08-01 08:08:24,720 INFO CHECKSUM 2 7 0: 1.695127
2024-08-01 08:08:24,754 INFO sent 2 -> 7 # 0 at 167515157, 0.430297 0.860253
2024-08-01 08:08:24,758 INFO recv 2 -> 7 # 0 at 206132663, 0.430297 0.860253
2024-08-01 08:08:24,959 INFO CHECKSUM 2 8 0: 1.695127
2024-08-01 08:08:24,960 INFO CHECKSUM 2 8 0: 1.695127
2024-08-01 08:08:24,970 INFO sent 2 -> 8 # 0 at 197664906, 0.430297 0.860253
2024-08-01 08:08:24,970 INFO recv 2 -> 8 # 0 at 208902244, 0.430297 0.860253
2024-08-01 08:08:25,163 INFO CHECKSUM 2 9 0: 1.695127
2024-08-01 08:08:25,172 INFO CHECKSUM 2 9 0: 1.695127
2024-08-01 08:08:25,187 INFO sent 2 -> 9 # 0 at 177780359, 0.430297 0.860253
2024-08-01 08:08:25,187 INFO recv 2 -> 9 # 0 at 200950426, 0.430297 0.860253
2024-08-01 08:08:25,314 INFO CHECKSUM 2 10 0: 1.695127
2024-08-01 08:08:25,314 INFO CHECKSUM 2 10 0: 1.695127
2024-08-01 08:08:25,337 INFO sent 2 -> 10 # 0 at 119415312, 0.430297 0.860253
2024-08-01 08:08:25,337 INFO recv 2 -> 10 # 0 at 143000801, 0.430297 0.860253
2024-08-01 08:08:25,510 INFO CHECKSUM 2 11 0: 1.695127
2024-08-01 08:08:25,520 INFO CHECKSUM 2 11 0: 1.695127
2024-08-01 08:08:25,538 INFO sent 2 -> 11 # 0 at 159894908, 0.430297 0.860253
2024-08-01 08:08:25,543 INFO recv 2 -> 11 # 0 at 193015643, 0.430297 0.860253
2024-08-01 08:08:25,779 INFO CHECKSUM 2 12 0: 1.695127
2024-08-01 08:08:25,779 INFO CHECKSUM 2 12 0: 1.695127
2024-08-01 08:08:25,797 INFO sent 2 -> 12 # 0 at 232396874, 0.430297 0.860253
2024-08-01 08:08:25,797 INFO recv 2 -> 12 # 0 at 250869667, 0.430297 0.860253
2024-08-01 08:08:25,996 INFO CHECKSUM 2 13 0: 1.695127
2024-08-01 08:08:25,996 INFO CHECKSUM 2 13 0: 1.695127
2024-08-01 08:08:26,010 INFO recv 2 -> 13 # 0 at 199557061, 0.430297 0.860253
2024-08-01 08:08:26,010 INFO sent 2 -> 13 # 0 at 185878370, 0.430297 0.860253
2024-08-01 08:08:26,175 INFO CHECKSUM 2 14 0: 1.695127
2024-08-01 08:08:26,176 INFO CHECKSUM 2 14 0: 1.695127
2024-08-01 08:08:26,198 INFO recv 2 -> 14 # 0 at 181715149, 0.430297 0.860253
2024-08-01 08:08:26,200 INFO sent 2 -> 14 # 0 at 159352190, 0.430297 0.860253
2024-08-01 08:08:26,375 INFO CHECKSUM 2 15 0: 1.695127
2024-08-01 08:08:26,376 INFO CHECKSUM 2 15 0: 1.695127
2024-08-01 08:08:26,398 INFO Accepting from rank 3
2024-08-01 08:08:26,398 INFO Accepting from rank 3
2024-08-01 08:08:26,398 INFO Accepting from rank 3
2024-08-01 08:08:26,398 INFO Accepting from rank 3
2024-08-01 08:08:26,398 INFO Accepting from rank 3
2024-08-01 08:08:26,398 INFO Accepting from rank 3
2024-08-01 08:08:26,398 INFO Accepting from rank 3
2024-08-01 08:08:26,398 INFO Accepting from rank 3
2024-08-01 08:08:26,398 INFO recv 2 -> 15 # 0 at 180781111, 0.430297 0.860253
2024-08-01 08:08:26,398 INFO Accepting from rank 3
2024-08-01 08:08:26,398 INFO Accepting from rank 3
2024-08-01 08:08:26,406 INFO sent 2 -> 15 # 0 at 157303399, 0.430297 0.860253
2024-08-01 08:08:26,406 INFO Accepting from rank 3
2024-08-01 08:08:26,406 INFO Accepting from rank 3
2024-08-01 08:08:26,406 INFO Accepting from rank 3
2024-08-01 08:08:26,406 INFO Accepting from rank 3
2024-08-01 08:08:26,409 INFO Accepting from rank 3
2024-08-01 08:08:26,409 INFO Sending from rank 3
2024-08-01 08:08:26,443 INFO CHECKSUM 3 0 0: 1.839111
2024-08-01 08:08:26,443 INFO CHECKSUM 3 0 0: 1.839111
2024-08-01 08:08:26,462 INFO recv 3 -> 0 # 0 at 33216815, 0.317641 0.944327
2024-08-01 08:08:26,462 INFO sent 3 -> 0 # 0 at 14062226, 0.317641 0.944327
2024-08-01 08:08:26,480 INFO CHECKSUM 3 1 0: 1.839111
2024-08-01 08:08:26,480 INFO CHECKSUM 3 1 0: 1.839111
2024-08-01 08:08:26,492 INFO recv 3 -> 1 # 0 at 26550105, 0.317641 0.944327
2024-08-01 08:08:26,492 INFO sent 3 -> 1 # 0 at 13951082, 0.317641 0.944327
2024-08-01 08:08:26,509 INFO CHECKSUM 3 2 0: 1.839111
2024-08-01 08:08:26,510 INFO CHECKSUM 3 2 0: 1.839111
2024-08-01 08:08:26,546 INFO recv 3 -> 2 # 0 at 50593144, 0.317641 0.944327
2024-08-01 08:08:26,550 INFO sent 3 -> 2 # 0 at 13771064, 0.317641 0.944327
2024-08-01 08:08:26,747 INFO CHECKSUM 3 4 0: 1.839111
2024-08-01 08:08:26,754 INFO CHECKSUM 3 4 0: 1.839111
2024-08-01 08:08:26,763 INFO recv 3 -> 4 # 0 at 193585694, 0.317641 0.944327
2024-08-01 08:08:26,768 INFO sent 3 -> 4 # 0 at 177376229, 0.317641 0.944327
2024-08-01 08:08:26,901 INFO CHECKSUM 3 5 0: 1.839111
2024-08-01 08:08:26,902 INFO CHECKSUM 3 5 0: 1.839111
2024-08-01 08:08:26,921 INFO sent 3 -> 5 # 0 at 114866057, 0.317641 0.944327
2024-08-01 08:08:26,921 INFO recv 3 -> 5 # 0 at 135384286, 0.317641 0.944327
2024-08-01 08:08:27,117 INFO CHECKSUM 3 6 0: 1.839111
2024-08-01 08:08:27,128 INFO CHECKSUM 3 6 0: 1.839111
2024-08-01 08:08:27,145 INFO recv 3 -> 6 # 0 at 211356357, 0.317641 0.944327
2024-08-01 08:08:27,145 INFO sent 3 -> 6 # 0 at 183135468, 0.317641 0.944327
2024-08-01 08:08:27,264 INFO CHECKSUM 3 7 0: 1.839111
2024-08-01 08:08:27,264 INFO CHECKSUM 3 7 0: 1.839111
2024-08-01 08:08:27,288 INFO recv 3 -> 7 # 0 at 130479850, 0.317641 0.944327
2024-08-01 08:08:27,288 INFO sent 3 -> 7 # 0 at 106808554, 0.317641 0.944327
2024-08-01 08:08:27,482 INFO CHECKSUM 3 8 0: 1.839111
2024-08-01 08:08:27,482 INFO CHECKSUM 3 8 0: 1.839111
2024-08-01 08:08:27,497 INFO sent 3 -> 8 # 0 at 179566854, 0.317641 0.944327
2024-08-01 08:08:27,497 INFO recv 3 -> 8 # 0 at 195266299, 0.317641 0.944327
2024-08-01 08:08:27,619 INFO CHECKSUM 3 9 0: 1.839111
2024-08-01 08:08:27,619 INFO CHECKSUM 3 9 0: 1.839111
2024-08-01 08:08:27,631 INFO sent 3 -> 9 # 0 at 108529784, 0.317641 0.944327
2024-08-01 08:08:27,631 INFO recv 3 -> 9 # 0 at 117835270, 0.317641 0.944327
2024-08-01 08:08:27,830 INFO CHECKSUM 3 10 0: 1.839111
2024-08-01 08:08:27,831 INFO CHECKSUM 3 10 0: 1.839111
2024-08-01 08:08:27,850 INFO sent 3 -> 10 # 0 at 188074076, 0.317641 0.944327
2024-08-01 08:08:27,850 INFO recv 3 -> 10 # 0 at 208390626, 0.317641 0.944327
2024-08-01 08:08:28,015 INFO CHECKSUM 3 11 0: 1.839111
2024-08-01 08:08:28,016 INFO CHECKSUM 3 11 0: 1.839111
2024-08-01 08:08:28,038 INFO sent 3 -> 11 # 0 at 153174363, 0.317641 0.944327
2024-08-01 08:08:28,038 INFO recv 3 -> 11 # 0 at 175853107, 0.317641 0.944327
2024-08-01 08:08:28,242 INFO CHECKSUM 3 12 0: 1.839111
2024-08-01 08:08:28,243 INFO CHECKSUM 3 12 0: 1.839111
2024-08-01 08:08:28,261 INFO sent 3 -> 12 # 0 at 192773700, 0.317641 0.944327
2024-08-01 08:08:28,261 INFO recv 3 -> 12 # 0 at 218744690, 0.317641 0.944327
2024-08-01 08:08:28,423 INFO CHECKSUM 3 13 0: 1.839111
2024-08-01 08:08:28,423 INFO CHECKSUM 3 13 0: 1.839111
2024-08-01 08:08:28,436 INFO recv 3 -> 13 # 0 at 169502873, 0.317641 0.944327
2024-08-01 08:08:28,436 INFO sent 3 -> 13 # 0 at 156222354, 0.317641 0.944327
2024-08-01 08:08:28,612 INFO CHECKSUM 3 14 0: 1.839111
2024-08-01 08:08:28,613 INFO CHECKSUM 3 14 0: 1.839111
2024-08-01 08:08:28,622 INFO recv 3 -> 14 # 0 at 186268000, 0.317641 0.944327
2024-08-01 08:08:28,634 INFO sent 3 -> 14 # 0 at 175738189, 0.317641 0.944327
2024-08-01 08:08:28,791 INFO CHECKSUM 3 15 0: 1.839111
2024-08-01 08:08:28,792 INFO CHECKSUM 3 15 0: 1.839111
2024-08-01 08:08:28,806 INFO Sending from rank 4
2024-08-01 08:08:28,806 INFO Accepting from rank 4
2024-08-01 08:08:28,806 INFO Accepting from rank 4
2024-08-01 08:08:28,806 INFO Accepting from rank 4
2024-08-01 08:08:28,806 INFO Accepting from rank 4
2024-08-01 08:08:28,806 INFO Accepting from rank 4
2024-08-01 08:08:28,806 INFO Accepting from rank 4
2024-08-01 08:08:28,806 INFO Accepting from rank 4
2024-08-01 08:08:28,806 INFO Accepting from rank 4
2024-08-01 08:08:28,806 INFO Accepting from rank 4
2024-08-01 08:08:28,806 INFO Accepting from rank 4
2024-08-01 08:08:28,806 INFO Accepting from rank 4
2024-08-01 08:08:28,806 INFO Accepting from rank 4
2024-08-01 08:08:28,806 INFO recv 3 -> 15 # 0 at 170253975, 0.317641 0.944327
2024-08-01 08:08:28,806 INFO sent 3 -> 15 # 0 at 156025063, 0.317641 0.944327
2024-08-01 08:08:28,806 INFO Accepting from rank 4
2024-08-01 08:08:28,806 INFO Accepting from rank 4
2024-08-01 08:08:28,806 INFO Accepting from rank 4
2024-08-01 08:08:28,924 INFO CHECKSUM 4 0 0: 1.868336
2024-08-01 08:08:28,923 INFO CHECKSUM 4 0 0: 1.868336
2024-08-01 08:08:28,941 INFO recv 4 -> 0 # 0 at 103999916, 0.507720 0.203150
2024-08-01 08:08:28,942 INFO sent 4 -> 0 # 0 at 86176540, 0.507720 0.203150
2024-08-01 08:08:28,992 INFO CHECKSUM 4 1 0: 1.868336
2024-08-01 08:08:28,993 INFO CHECKSUM 4 1 0: 1.868336
2024-08-01 08:08:29,002 INFO sent 4 -> 1 # 0 at 23008445, 0.507720 0.203150
2024-08-01 08:08:29,002 INFO recv 4 -> 1 # 0 at 24272412, 0.507720 0.203150
2024-08-01 08:08:29,095 INFO CHECKSUM 4 2 0: 1.868336
2024-08-01 08:08:29,096 INFO CHECKSUM 4 2 0: 1.868336
2024-08-01 08:08:29,125 INFO recv 4 -> 2 # 0 at 118631851, 0.507720 0.203150
2024-08-01 08:08:29,125 INFO sent 4 -> 2 # 0 at 89387574, 0.507720 0.203150
2024-08-01 08:08:29,146 INFO CHECKSUM 4 3 0: 1.868336
2024-08-01 08:08:29,145 INFO CHECKSUM 4 3 0: 1.868336
2024-08-01 08:08:29,154 INFO recv 4 -> 3 # 0 at 23126000, 0.507720 0.203150
2024-08-01 08:08:29,154 INFO sent 4 -> 3 # 0 at 14442854, 0.507720 0.203150
2024-08-01 08:08:29,375 INFO CHECKSUM 4 5 0: 1.868336
2024-08-01 08:08:29,375 INFO CHECKSUM 4 5 0: 1.868336
2024-08-01 08:08:29,392 INFO sent 4 -> 5 # 0 at 213603282, 0.507720 0.203150
2024-08-01 08:08:29,392 INFO recv 4 -> 5 # 0 at 230492869, 0.507720 0.203150
2024-08-01 08:08:29,579 INFO CHECKSUM 4 6 0: 1.868336
2024-08-01 08:08:29,579 INFO CHECKSUM 4 6 0: 1.868336
2024-08-01 08:08:29,596 INFO sent 4 -> 6 # 0 at 181241408, 0.507720 0.203150
2024-08-01 08:08:29,596 INFO recv 4 -> 6 # 0 at 198455613, 0.507720 0.203150
2024-08-01 08:08:29,807 INFO CHECKSUM 4 7 0: 1.868336
2024-08-01 08:08:29,807 INFO CHECKSUM 4 7 0: 1.868336
2024-08-01 08:08:29,829 INFO sent 4 -> 7 # 0 at 207039972, 0.507720 0.203150
2024-08-01 08:08:29,829 INFO recv 4 -> 7 # 0 at 228732075, 0.507720 0.203150
2024-08-01 08:08:30,051 INFO CHECKSUM 4 8 0: 1.868336
2024-08-01 08:08:30,051 INFO CHECKSUM 4 8 0: 1.868336
2024-08-01 08:08:30,067 INFO sent 4 -> 8 # 0 at 192635282, 0.507720 0.203150
2024-08-01 08:08:30,067 INFO recv 4 -> 8 # 0 at 209115696, 0.507720 0.203150
2024-08-01 08:08:30,241 INFO CHECKSUM 4 9 0: 1.868336
2024-08-01 08:08:30,242 INFO CHECKSUM 4 9 0: 1.868336
2024-08-01 08:08:30,266 INFO sent 4 -> 9 # 0 at 157309152, 0.507720 0.203150
2024-08-01 08:08:30,266 INFO recv 4 -> 9 # 0 at 181964440, 0.507720 0.203150
2024-08-01 08:08:30,467 INFO CHECKSUM 4 10 0: 1.868336
2024-08-01 08:08:30,467 INFO CHECKSUM 4 10 0: 1.868336
2024-08-01 08:08:30,477 INFO sent 4 -> 10 # 0 at 185462068, 0.507720 0.203150
2024-08-01 08:08:30,477 INFO recv 4 -> 10 # 0 at 195383125, 0.507720 0.203150
2024-08-01 08:08:30,654 INFO CHECKSUM 4 11 0: 1.868336
2024-08-01 08:08:30,662 INFO CHECKSUM 4 11 0: 1.868336
2024-08-01 08:08:30,681 INFO sent 4 -> 11 # 0 at 168296758, 0.507720 0.203150
2024-08-01 08:08:30,682 INFO recv 4 -> 11 # 0 at 191501619, 0.507720 0.203150
2024-08-01 08:08:30,862 INFO CHECKSUM 4 12 0: 1.868336
2024-08-01 08:08:30,863 INFO CHECKSUM 4 12 0: 1.868336
2024-08-01 08:08:30,875 INFO sent 4 -> 12 # 0 at 165136702, 0.507720 0.203150
2024-08-01 08:08:30,876 INFO recv 4 -> 12 # 0 at 178234311, 0.507720 0.203150
2024-08-01 08:08:31,079 INFO CHECKSUM 4 13 0: 1.868336
2024-08-01 08:08:31,080 INFO CHECKSUM 4 13 0: 1.868336
2024-08-01 08:08:31,105 INFO sent 4 -> 13 # 0 at 198719024, 0.507720 0.203150
2024-08-01 08:08:31,105 INFO recv 4 -> 13 # 0 at 224527983, 0.507720 0.203150
2024-08-01 08:08:31,215 INFO CHECKSUM 4 14 0: 1.868336
2024-08-01 08:08:31,215 INFO CHECKSUM 4 14 0: 1.868336
2024-08-01 08:08:31,228 INFO sent 4 -> 14 # 0 at 105548687, 0.507720 0.203150
2024-08-01 08:08:31,228 INFO recv 4 -> 14 # 0 at 113880455, 0.507720 0.203150
2024-08-01 08:08:31,441 INFO CHECKSUM 4 15 0: 1.868336
2024-08-01 08:08:31,441 INFO CHECKSUM 4 15 0: 1.868336
2024-08-01 08:08:31,457 INFO Accepting from rank 5
2024-08-01 08:08:31,457 INFO Accepting from rank 5
2024-08-01 08:08:31,457 INFO Accepting from rank 5
2024-08-01 08:08:31,457 INFO Accepting from rank 5
2024-08-01 08:08:31,457 INFO sent 4 -> 15 # 0 at 203240477, 0.507720 0.203150
2024-08-01 08:08:31,457 INFO Accepting from rank 5
2024-08-01 08:08:31,457 INFO Accepting from rank 5
2024-08-01 08:08:31,457 INFO Accepting from rank 5
2024-08-01 08:08:31,458 INFO Accepting from rank 5
2024-08-01 08:08:31,457 INFO Accepting from rank 5
2024-08-01 08:08:31,457 INFO recv 4 -> 15 # 0 at 220125231, 0.507720 0.203150
2024-08-01 08:08:31,458 INFO Accepting from rank 5
2024-08-01 08:08:31,460 INFO Accepting from rank 5
2024-08-01 08:08:31,460 INFO Accepting from rank 5
2024-08-01 08:08:31,465 INFO Accepting from rank 5
2024-08-01 08:08:31,465 INFO Accepting from rank 5
2024-08-01 08:08:31,466 INFO Sending from rank 5
2024-08-01 08:08:31,466 INFO Accepting from rank 5
2024-08-01 08:08:31,588 INFO CHECKSUM 5 0 0: 1.363459
2024-08-01 08:08:31,588 INFO CHECKSUM 5 0 0: 1.363459
2024-08-01 08:08:31,609 INFO recv 5 -> 0 # 0 at 112003885, 0.134086 0.896116
2024-08-01 08:08:31,609 INFO sent 5 -> 0 # 0 at 85083882, 0.134086 0.896116
2024-08-01 08:08:31,626 INFO CHECKSUM 5 1 0: 1.363459
2024-08-01 08:08:31,627 INFO CHECKSUM 5 1 0: 1.363459
2024-08-01 08:08:31,642 INFO recv 5 -> 1 # 0 at 29703308, 0.134086 0.896116
2024-08-01 08:08:31,642 INFO sent 5 -> 1 # 0 at 14552536, 0.134086 0.896116
2024-08-01 08:08:31,660 INFO CHECKSUM 5 2 0: 1.363459
2024-08-01 08:08:31,661 INFO CHECKSUM 5 2 0: 1.363459
2024-08-01 08:08:31,673 INFO sent 5 -> 2 # 0 at 15464424, 0.134086 0.896116
2024-08-01 08:08:31,673 INFO recv 5 -> 2 # 0 at 28060869, 0.134086 0.896116
2024-08-01 08:08:31,700 INFO CHECKSUM 5 3 0: 1.363459
2024-08-01 08:08:31,701 INFO CHECKSUM 5 3 0: 1.363459
2024-08-01 08:08:31,713 INFO recv 5 -> 3 # 0 at 27200299, 0.134086 0.896116
2024-08-01 08:08:31,713 INFO sent 5 -> 3 # 0 at 14093978, 0.134086 0.896116
2024-08-01 08:08:31,757 INFO CHECKSUM 5 4 0: 1.363459
2024-08-01 08:08:31,758 INFO CHECKSUM 5 4 0: 1.363459
2024-08-01 08:08:31,770 INFO recv 5 -> 4 # 0 at 40041460, 0.134086 0.896116
2024-08-01 08:08:31,778 INFO sent 5 -> 4 # 0 at 23201811, 0.134086 0.896116
2024-08-01 08:08:31,996 INFO CHECKSUM 5 6 0: 1.363459
2024-08-01 08:08:31,996 INFO CHECKSUM 5 6 0: 1.363459
2024-08-01 08:08:32,023 INFO sent 5 -> 6 # 0 at 214538775, 0.134086 0.896116
2024-08-01 08:08:32,023 INFO recv 5 -> 6 # 0 at 241989361, 0.134086 0.896116
2024-08-01 08:08:32,151 INFO CHECKSUM 5 7 0: 1.363459
2024-08-01 08:08:32,151 INFO CHECKSUM 5 7 0: 1.363459
2024-08-01 08:08:32,170 INFO sent 5 -> 7 # 0 at 125363303, 0.134086 0.896116
2024-08-01 08:08:32,170 INFO recv 5 -> 7 # 0 at 144734419, 0.134086 0.896116
2024-08-01 08:08:32,366 INFO CHECKSUM 5 8 0: 1.363459
2024-08-01 08:08:32,366 INFO CHECKSUM 5 8 0: 1.363459
2024-08-01 08:08:32,383 INFO sent 5 -> 8 # 0 at 183728980, 0.134086 0.896116
2024-08-01 08:08:32,383 INFO recv 5 -> 8 # 0 at 200824924, 0.134086 0.896116
2024-08-01 08:08:32,556 INFO CHECKSUM 5 9 0: 1.363459
2024-08-01 08:08:32,568 INFO sent 5 -> 9 # 0 at 158461025, 0.134086 0.896116
2024-08-01 08:08:32,556 INFO CHECKSUM 5 9 0: 1.363459
2024-08-01 08:08:32,568 INFO recv 5 -> 9 # 0 at 170765873, 0.134086 0.896116
2024-08-01 08:08:32,740 INFO CHECKSUM 5 10 0: 1.363459
2024-08-01 08:08:32,740 INFO CHECKSUM 5 10 0: 1.363459
2024-08-01 08:08:32,762 INFO sent 5 -> 10 # 0 at 169961926, 0.134086 0.896116
2024-08-01 08:08:32,762 INFO recv 5 -> 10 # 0 at 192018777, 0.134086 0.896116
2024-08-01 08:08:32,958 INFO CHECKSUM 5 11 0: 1.363459
2024-08-01 08:08:32,959 INFO CHECKSUM 5 11 0: 1.363459
2024-08-01 08:08:32,972 INFO sent 5 -> 11 # 0 at 184970064, 0.134086 0.896116
2024-08-01 08:08:32,972 INFO recv 5 -> 11 # 0 at 199067109, 0.134086 0.896116
2024-08-01 08:08:33,225 INFO CHECKSUM 5 12 0: 1.363459
2024-08-01 08:08:33,227 INFO CHECKSUM 5 12 0: 1.363459
2024-08-01 08:08:33,243 INFO sent 5 -> 12 # 0 at 227579251, 0.134086 0.896116
2024-08-01 08:08:33,243 INFO recv 5 -> 12 # 0 at 253140953, 0.134086 0.896116
2024-08-01 08:08:33,420 INFO CHECKSUM 5 13 0: 1.363459
2024-08-01 08:08:33,420 INFO CHECKSUM 5 13 0: 1.363459
2024-08-01 08:08:33,450 INFO sent 5 -> 13 # 0 at 166269889, 0.134086 0.896116
2024-08-01 08:08:33,465 INFO recv 5 -> 13 # 0 at 211322603, 0.134086 0.896116
2024-08-01 08:08:33,635 INFO CHECKSUM 5 14 0: 1.363459
2024-08-01 08:08:33,635 INFO CHECKSUM 5 14 0: 1.363459
2024-08-01 08:08:33,645 INFO sent 5 -> 14 # 0 at 157198197, 0.134086 0.896116
2024-08-01 08:08:33,645 INFO recv 5 -> 14 # 0 at 167512269, 0.134086 0.896116
2024-08-01 08:08:33,827 INFO CHECKSUM 5 15 0: 1.363459
2024-08-01 08:08:33,837 INFO CHECKSUM 5 15 0: 1.363459
2024-08-01 08:08:33,850 INFO Accepting from rank 6
2024-08-01 08:08:33,850 INFO Accepting from rank 6
2024-08-01 08:08:33,850 INFO Accepting from rank 6
2024-08-01 08:08:33,850 INFO Accepting from rank 6
2024-08-01 08:08:33,850 INFO Sending from rank 6
2024-08-01 08:08:33,850 INFO Accepting from rank 6
2024-08-01 08:08:33,850 INFO Accepting from rank 6
2024-08-01 08:08:33,850 INFO Accepting from rank 6
2024-08-01 08:08:33,850 INFO Accepting from rank 6
2024-08-01 08:08:33,850 INFO Accepting from rank 6
2024-08-01 08:08:33,850 INFO Accepting from rank 6
2024-08-01 08:08:33,850 INFO Accepting from rank 6
2024-08-01 08:08:33,850 INFO sent 5 -> 15 # 0 at 172505797, 0.134086 0.896116
2024-08-01 08:08:33,850 INFO recv 5 -> 15 # 0 at 195824948, 0.134086 0.896116
2024-08-01 08:08:33,850 INFO Accepting from rank 6
2024-08-01 08:08:33,850 INFO Accepting from rank 6
2024-08-01 08:08:33,850 INFO Accepting from rank 6
2024-08-01 08:08:33,850 INFO Accepting from rank 6
2024-08-01 08:08:33,917 INFO CHECKSUM 6 0 0: 1.151139
2024-08-01 08:08:33,917 INFO CHECKSUM 6 0 0: 1.151139
2024-08-01 08:08:33,930 INFO recv 6 -> 0 # 0 at 52862171, 0.717209 0.544357
2024-08-01 08:08:33,930 INFO sent 6 -> 0 # 0 at 39485602, 0.717209 0.544357
2024-08-01 08:08:33,978 INFO CHECKSUM 6 1 0: 1.151139
2024-08-01 08:08:33,978 INFO CHECKSUM 6 1 0: 1.151139
2024-08-01 08:08:33,993 INFO sent 6 -> 1 # 0 at 34512925, 0.717209 0.544357
2024-08-01 08:08:33,993 INFO recv 6 -> 1 # 0 at 50027263, 0.717209 0.544357
2024-08-01 08:08:34,027 INFO CHECKSUM 6 2 0: 1.151139
2024-08-01 08:08:34,027 INFO CHECKSUM 6 2 0: 1.151139
2024-08-01 08:08:34,036 INFO sent 6 -> 2 # 0 at 20752874, 0.717209 0.544357
2024-08-01 08:08:34,036 INFO recv 6 -> 2 # 0 at 30010019, 0.717209 0.544357
2024-08-01 08:08:34,076 INFO CHECKSUM 6 3 0: 1.151139
2024-08-01 08:08:34,076 INFO CHECKSUM 6 3 0: 1.151139
2024-08-01 08:08:34,085 INFO sent 6 -> 3 # 0 at 22585096, 0.717209 0.544357
2024-08-01 08:08:34,086 INFO recv 6 -> 3 # 0 at 32227297, 0.717209 0.544357
2024-08-01 08:08:34,104 INFO CHECKSUM 6 4 0: 1.151139
2024-08-01 08:08:34,105 INFO CHECKSUM 6 4 0: 1.151139
2024-08-01 08:08:34,117 INFO sent 6 -> 4 # 0 at 13791521, 0.717209 0.544357
2024-08-01 08:08:34,118 INFO recv 6 -> 4 # 0 at 27109514, 0.717209 0.544357
2024-08-01 08:08:34,136 INFO CHECKSUM 6 5 0: 1.151139
2024-08-01 08:08:34,136 INFO CHECKSUM 6 5 0: 1.151139
2024-08-01 08:08:34,149 INFO recv 6 -> 5 # 0 at 27553254, 0.717209 0.544357
2024-08-01 08:08:34,149 INFO sent 6 -> 5 # 0 at 14478072, 0.717209 0.544357
2024-08-01 08:08:34,335 INFO CHECKSUM 6 7 0: 1.151139
2024-08-01 08:08:34,335 INFO CHECKSUM 6 7 0: 1.151139
2024-08-01 08:08:34,347 INFO sent 6 -> 7 # 0 at 181311464, 0.717209 0.544357
2024-08-01 08:08:34,347 INFO recv 6 -> 7 # 0 at 192911537, 0.717209 0.544357
2024-08-01 08:08:34,547 INFO CHECKSUM 6 8 0: 1.151139
2024-08-01 08:08:34,547 INFO CHECKSUM 6 8 0: 1.151139
2024-08-01 08:08:34,565 INFO recv 6 -> 8 # 0 at 195575036, 0.717209 0.544357
2024-08-01 08:08:34,570 INFO sent 6 -> 8 # 0 at 177118606, 0.717209 0.544357
2024-08-01 08:08:34,767 INFO CHECKSUM 6 9 0: 1.151139
2024-08-01 08:08:34,767 INFO CHECKSUM 6 9 0: 1.151139
2024-08-01 08:08:34,779 INFO sent 6 -> 9 # 0 at 173290618, 0.717209 0.544357
2024-08-01 08:08:34,779 INFO recv 6 -> 9 # 0 at 189594105, 0.717209 0.544357
2024-08-01 08:08:34,959 INFO CHECKSUM 6 10 0: 1.151139
2024-08-01 08:08:34,959 INFO CHECKSUM 6 10 0: 1.151139
2024-08-01 08:08:34,981 INFO sent 6 -> 10 # 0 at 169561299, 0.717209 0.544357
2024-08-01 08:08:34,981 INFO recv 6 -> 10 # 0 at 192018698, 0.717209 0.544357
2024-08-01 08:08:35,162 INFO CHECKSUM 6 11 0: 1.151139
2024-08-01 08:08:35,163 INFO CHECKSUM 6 11 0: 1.151139
2024-08-01 08:08:35,178 INFO recv 6 -> 11 # 0 at 192027475, 0.717209 0.544357
2024-08-01 08:08:35,190 INFO sent 6 -> 11 # 0 at 175984459, 0.717209 0.544357
2024-08-01 08:08:35,431 INFO CHECKSUM 6 12 0: 1.151139
2024-08-01 08:08:35,432 INFO CHECKSUM 6 12 0: 1.151139
2024-08-01 08:08:35,456 INFO sent 6 -> 12 # 0 at 221792585, 0.717209 0.544357
2024-08-01 08:08:35,456 INFO recv 6 -> 12 # 0 at 250478109, 0.717209 0.544357
2024-08-01 08:08:35,643 INFO CHECKSUM 6 13 0: 1.151139
2024-08-01 08:08:35,643 INFO CHECKSUM 6 13 0: 1.151139
2024-08-01 08:08:35,668 INFO recv 6 -> 13 # 0 at 202489117, 0.717209 0.544357
2024-08-01 08:08:35,674 INFO sent 6 -> 13 # 0 at 177555153, 0.717209 0.544357
2024-08-01 08:08:35,862 INFO CHECKSUM 6 14 0: 1.151139
2024-08-01 08:08:35,870 INFO CHECKSUM 6 14 0: 1.151139
2024-08-01 08:08:35,883 INFO sent 6 -> 14 # 0 at 176670148, 0.717209 0.544357
2024-08-01 08:08:35,883 INFO recv 6 -> 14 # 0 at 197960321, 0.717209 0.544357
2024-08-01 08:08:36,083 INFO CHECKSUM 6 15 0: 1.151139
2024-08-01 08:08:36,083 INFO CHECKSUM 6 15 0: 1.151139
2024-08-01 08:08:36,098 INFO Accepting from rank 7
2024-08-01 08:08:36,106 INFO Accepting from rank 7
2024-08-01 08:08:36,106 INFO Accepting from rank 7
2024-08-01 08:08:36,106 INFO Accepting from rank 7
2024-08-01 08:08:36,106 INFO Accepting from rank 7
2024-08-01 08:08:36,106 INFO Accepting from rank 7
2024-08-01 08:08:36,106 INFO Accepting from rank 7
2024-08-01 08:08:36,106 INFO Accepting from rank 7
2024-08-01 08:08:36,106 INFO Accepting from rank 7
2024-08-01 08:08:36,106 INFO Sending from rank 7
2024-08-01 08:08:36,106 INFO Accepting from rank 7
2024-08-01 08:08:36,106 INFO Accepting from rank 7
2024-08-01 08:08:36,106 INFO Accepting from rank 7
2024-08-01 08:08:36,106 INFO sent 6 -> 15 # 0 at 181323276, 0.717209 0.544357
2024-08-01 08:08:36,106 INFO Accepting from rank 7
2024-08-01 08:08:36,106 INFO Accepting from rank 7
2024-08-01 08:08:36,106 INFO recv 6 -> 15 # 0 at 192024693, 0.717209 0.544357
2024-08-01 08:08:36,106 INFO Accepting from rank 7
2024-08-01 08:08:36,148 INFO CHECKSUM 7 0 0: 1.052152
2024-08-01 08:08:36,149 INFO CHECKSUM 7 0 0: 1.052152
2024-08-01 08:08:36,166 INFO recv 7 -> 0 # 0 at 32719446, 0.758217 0.433450
2024-08-01 08:08:36,178 INFO sent 7 -> 0 # 0 at 14758235, 0.758217 0.433450
2024-08-01 08:08:36,210 INFO CHECKSUM 7 1 0: 1.052152
2024-08-01 08:08:36,211 INFO CHECKSUM 7 1 0: 1.052152
2024-08-01 08:08:36,230 INFO sent 7 -> 1 # 0 at 13925150, 0.758217 0.433450
2024-08-01 08:08:36,234 INFO recv 7 -> 1 # 0 at 38120464, 0.758217 0.433450
2024-08-01 08:08:36,248 INFO CHECKSUM 7 2 0: 1.052152
2024-08-01 08:08:36,249 INFO CHECKSUM 7 2 0: 1.052152
2024-08-01 08:08:36,261 INFO recv 7 -> 2 # 0 at 26893738, 0.758217 0.433450
2024-08-01 08:08:36,261 INFO sent 7 -> 2 # 0 at 13813894, 0.758217 0.433450
2024-08-01 08:08:36,276 INFO CHECKSUM 7 3 0: 1.052152
2024-08-01 08:08:36,277 INFO CHECKSUM 7 3 0: 1.052152
2024-08-01 08:08:36,289 INFO sent 7 -> 3 # 0 at 14506497, 0.758217 0.433450
2024-08-01 08:08:36,289 INFO recv 7 -> 3 # 0 at 26786602, 0.758217 0.433450
2024-08-01 08:08:36,312 INFO CHECKSUM 7 4 0: 1.052152
2024-08-01 08:08:36,312 INFO CHECKSUM 7 4 0: 1.052152
2024-08-01 08:08:36,325 INFO sent 7 -> 4 # 0 at 22832866, 0.758217 0.433450
2024-08-01 08:08:36,325 INFO recv 7 -> 4 # 0 at 36674274, 0.758217 0.433450
2024-08-01 08:08:36,340 INFO CHECKSUM 7 5 0: 1.052152
2024-08-01 08:08:36,341 INFO CHECKSUM 7 5 0: 1.052152
2024-08-01 08:08:36,357 INFO recv 7 -> 5 # 0 at 31553919, 0.758217 0.433450
2024-08-01 08:08:36,357 INFO sent 7 -> 5 # 0 at 14349272, 0.758217 0.433450
2024-08-01 08:08:36,413 INFO CHECKSUM 7 6 0: 1.052152
2024-08-01 08:08:36,412 INFO CHECKSUM 7 6 0: 1.052152
2024-08-01 08:08:36,426 INFO recv 7 -> 6 # 0 at 44621898, 0.758217 0.433450
2024-08-01 08:08:36,426 INFO sent 7 -> 6 # 0 at 30306381, 0.758217 0.433450
2024-08-01 08:08:36,627 INFO CHECKSUM 7 8 0: 1.052152
2024-08-01 08:08:36,627 INFO CHECKSUM 7 8 0: 1.052152
2024-08-01 08:08:36,645 INFO sent 7 -> 8 # 0 at 184897414, 0.758217 0.433450
2024-08-01 08:08:36,645 INFO recv 7 -> 8 # 0 at 214066187, 0.758217 0.433450
2024-08-01 08:08:36,823 INFO CHECKSUM 7 9 0: 1.052152
2024-08-01 08:08:36,823 INFO CHECKSUM 7 9 0: 1.052152
2024-08-01 08:08:36,838 INFO sent 7 -> 9 # 0 at 176922487, 0.758217 0.433450
2024-08-01 08:08:36,838 INFO recv 7 -> 9 # 0 at 192164959, 0.758217 0.433450
2024-08-01 08:08:37,019 INFO CHECKSUM 7 10 0: 1.052152
2024-08-01 08:08:37,020 INFO CHECKSUM 7 10 0: 1.052152
2024-08-01 08:08:37,029 INFO sent 7 -> 10 # 0 at 176651131, 0.758217 0.433450
2024-08-01 08:08:37,029 INFO recv 7 -> 10 # 0 at 186905562, 0.758217 0.433450
2024-08-01 08:08:37,230 INFO CHECKSUM 7 11 0: 1.052152
2024-08-01 08:08:37,240 INFO CHECKSUM 7 11 0: 1.052152
2024-08-01 08:08:37,258 INFO sent 7 -> 11 # 0 at 185271970, 0.758217 0.433450
2024-08-01 08:08:37,258 INFO recv 7 -> 11 # 0 at 212867793, 0.758217 0.433450
2024-08-01 08:08:37,462 INFO CHECKSUM 7 12 0: 1.052152
2024-08-01 08:08:37,463 INFO CHECKSUM 7 12 0: 1.052152
2024-08-01 08:08:37,490 INFO recv 7 -> 12 # 0 at 229098098, 0.758217 0.433450
2024-08-01 08:08:37,497 INFO sent 7 -> 12 # 0 at 201607001, 0.758217 0.433450
2024-08-01 08:08:37,682 INFO CHECKSUM 7 13 0: 1.052152
2024-08-01 08:08:37,682 INFO CHECKSUM 7 13 0: 1.052152
2024-08-01 08:08:37,705 INFO sent 7 -> 13 # 0 at 168917181, 0.758217 0.433450
2024-08-01 08:08:37,705 INFO recv 7 -> 13 # 0 at 192005095, 0.758217 0.433450
2024-08-01 08:08:37,882 INFO CHECKSUM 7 14 0: 1.052152
2024-08-01 08:08:37,883 INFO CHECKSUM 7 14 0: 1.052152
2024-08-01 08:08:37,899 INFO sent 7 -> 14 # 0 at 164173696, 0.758217 0.433450
2024-08-01 08:08:37,899 INFO recv 7 -> 14 # 0 at 181128283, 0.758217 0.433450
2024-08-01 08:08:38,034 INFO CHECKSUM 7 15 0: 1.052152
2024-08-01 08:08:38,034 INFO CHECKSUM 7 15 0: 1.052152
2024-08-01 08:08:38,058 INFO Accepting from rank 8
2024-08-01 08:08:38,060 INFO Accepting from rank 8
2024-08-01 08:08:38,060 INFO Accepting from rank 8
2024-08-01 08:08:38,060 INFO Accepting from rank 8
2024-08-01 08:08:38,060 INFO Accepting from rank 8
2024-08-01 08:08:38,060 INFO Accepting from rank 8
2024-08-01 08:08:38,060 INFO Sending from rank 8
2024-08-01 08:08:38,060 INFO Accepting from rank 8
2024-08-01 08:08:38,060 INFO Accepting from rank 8
2024-08-01 08:08:38,060 INFO Accepting from rank 8
2024-08-01 08:08:38,060 INFO Accepting from rank 8
2024-08-01 08:08:38,060 INFO Accepting from rank 8
2024-08-01 08:08:38,060 INFO recv 7 -> 15 # 0 at 147227438, 0.758217 0.433450
2024-08-01 08:08:38,060 INFO Accepting from rank 8
2024-08-01 08:08:38,060 INFO sent 7 -> 15 # 0 at 120887037, 0.758217 0.433450
2024-08-01 08:08:38,060 INFO Accepting from rank 8
2024-08-01 08:08:38,060 INFO Accepting from rank 8
2024-08-01 08:08:38,060 INFO Accepting from rank 8
2024-08-01 08:08:38,115 INFO CHECKSUM 8 0 0: 1.010524
2024-08-01 08:08:38,114 INFO CHECKSUM 8 0 0: 1.010524
2024-08-01 08:08:38,122 INFO recv 8 -> 0 # 0 at 41411874, 0.859588 0.848217
2024-08-01 08:08:38,122 INFO sent 8 -> 0 # 0 at 33920208, 0.859588 0.848217
2024-08-01 08:08:38,150 INFO CHECKSUM 8 1 0: 1.010524
2024-08-01 08:08:38,150 INFO CHECKSUM 8 1 0: 1.010524
2024-08-01 08:08:38,167 INFO recv 8 -> 1 # 0 at 32182810, 0.859588 0.848217
2024-08-01 08:08:38,167 INFO sent 8 -> 1 # 0 at 14450848, 0.859588 0.848217
2024-08-01 08:08:38,192 INFO CHECKSUM 8 2 0: 1.010524
2024-08-01 08:08:38,191 INFO CHECKSUM 8 2 0: 1.010524
2024-08-01 08:08:38,210 INFO recv 8 -> 2 # 0 at 33313531, 0.859588 0.848217
2024-08-01 08:08:38,210 INFO sent 8 -> 2 # 0 at 21552874, 0.859588 0.848217
2024-08-01 08:08:38,236 INFO CHECKSUM 8 3 0: 1.010524
2024-08-01 08:08:38,244 INFO CHECKSUM 8 3 0: 1.010524
2024-08-01 08:08:38,253 INFO recv 8 -> 3 # 0 at 30107076, 0.859588 0.848217
2024-08-01 08:08:38,252 INFO sent 8 -> 3 # 0 at 13839839, 0.859588 0.848217
2024-08-01 08:08:38,280 INFO CHECKSUM 8 4 0: 1.010524
2024-08-01 08:08:38,281 INFO CHECKSUM 8 4 0: 1.010524
2024-08-01 08:08:38,298 INFO recv 8 -> 4 # 0 at 32008971, 0.859588 0.848217
2024-08-01 08:08:38,298 INFO sent 8 -> 4 # 0 at 14619153, 0.859588 0.848217
2024-08-01 08:08:38,331 INFO CHECKSUM 8 5 0: 1.010524
2024-08-01 08:08:38,332 INFO CHECKSUM 8 5 0: 1.010524
2024-08-01 08:08:38,346 INFO sent 8 -> 5 # 0 at 21618511, 0.859588 0.848217
2024-08-01 08:08:38,346 INFO recv 8 -> 5 # 0 at 36503081, 0.859588 0.848217
2024-08-01 08:08:38,376 INFO CHECKSUM 8 6 0: 1.010524
2024-08-01 08:08:38,376 INFO CHECKSUM 8 6 0: 1.010524
2024-08-01 08:08:38,397 INFO recv 8 -> 6 # 0 at 35566507, 0.859588 0.848217
2024-08-01 08:08:38,397 INFO sent 8 -> 6 # 0 at 14403717, 0.859588 0.848217
2024-08-01 08:08:38,424 INFO CHECKSUM 8 7 0: 1.010524
2024-08-01 08:08:38,425 INFO CHECKSUM 8 7 0: 1.010524
2024-08-01 08:08:38,455 INFO sent 8 -> 7 # 0 at 13948959, 0.859588 0.848217
2024-08-01 08:08:38,456 INFO recv 8 -> 7 # 0 at 45576668, 0.859588 0.848217
2024-08-01 08:08:38,671 INFO CHECKSUM 8 9 0: 1.010524
2024-08-01 08:08:38,672 INFO CHECKSUM 8 9 0: 1.010524
2024-08-01 08:08:38,682 INFO sent 8 -> 9 # 0 at 198838558, 0.859588 0.848217
2024-08-01 08:08:38,682 INFO recv 8 -> 9 # 0 at 198736883, 0.859588 0.848217
2024-08-01 08:08:38,890 INFO CHECKSUM 8 10 0: 1.010524
2024-08-01 08:08:38,891 INFO CHECKSUM 8 10 0: 1.010524
2024-08-01 08:08:38,918 INFO sent 8 -> 10 # 0 at 196963768, 0.859588 0.848217
2024-08-01 08:08:38,918 INFO recv 8 -> 10 # 0 at 224497833, 0.859588 0.848217
2024-08-01 08:08:39,114 INFO CHECKSUM 8 11 0: 1.010524
2024-08-01 08:08:39,114 INFO CHECKSUM 8 11 0: 1.010524
2024-08-01 08:08:39,133 INFO sent 8 -> 11 # 0 at 191473214, 0.859588 0.848217
2024-08-01 08:08:39,133 INFO recv 8 -> 11 # 0 at 210718311, 0.859588 0.848217
2024-08-01 08:08:39,345 INFO CHECKSUM 8 12 0: 1.010524
2024-08-01 08:08:39,347 INFO CHECKSUM 8 12 0: 1.010524
2024-08-01 08:08:39,361 INFO recv 8 -> 12 # 0 at 214666867, 0.859588 0.848217
2024-08-01 08:08:39,361 INFO sent 8 -> 12 # 0 at 198869508, 0.859588 0.848217
2024-08-01 08:08:39,590 INFO CHECKSUM 8 13 0: 1.010524
2024-08-01 08:08:39,590 INFO CHECKSUM 8 13 0: 1.010524
2024-08-01 08:08:39,610 INFO recv 8 -> 13 # 0 at 211548221, 0.859588 0.848217
2024-08-01 08:08:39,610 INFO sent 8 -> 13 # 0 at 199722505, 0.859588 0.848217
2024-08-01 08:08:39,803 INFO CHECKSUM 8 14 0: 1.010524
2024-08-01 08:08:39,804 INFO CHECKSUM 8 14 0: 1.010524
2024-08-01 08:08:39,818 INFO recv 8 -> 14 # 0 at 197654770, 0.859588 0.848217
2024-08-01 08:08:39,818 INFO sent 8 -> 14 # 0 at 182457863, 0.859588 0.848217
2024-08-01 08:08:39,982 INFO CHECKSUM 8 15 0: 1.010524
2024-08-01 08:08:39,983 INFO CHECKSUM 8 15 0: 1.010524
2024-08-01 08:08:40,004 INFO Accepting from rank 9
2024-08-01 08:08:40,005 INFO Accepting from rank 9
2024-08-01 08:08:40,005 INFO Accepting from rank 9
2024-08-01 08:08:40,005 INFO Accepting from rank 9
2024-08-01 08:08:40,005 INFO Accepting from rank 9
2024-08-01 08:08:40,005 INFO Accepting from rank 9
2024-08-01 08:08:40,005 INFO sent 8 -> 15 # 0 at 163506403, 0.859588 0.848217
2024-08-01 08:08:40,005 INFO Accepting from rank 9
2024-08-01 08:08:40,005 INFO Accepting from rank 9
2024-08-01 08:08:40,005 INFO Accepting from rank 9
2024-08-01 08:08:40,005 INFO Accepting from rank 9
2024-08-01 08:08:40,010 INFO Sending from rank 9
2024-08-01 08:08:40,010 INFO Accepting from rank 9
2024-08-01 08:08:40,010 INFO Accepting from rank 9
2024-08-01 08:08:40,010 INFO Accepting from rank 9
2024-08-01 08:08:40,010 INFO recv 8 -> 15 # 0 at 191705856, 0.859588 0.848217
2024-08-01 08:08:40,010 INFO Accepting from rank 9
2024-08-01 08:08:40,011 INFO Accepting from rank 9
2024-08-01 08:08:40,128 INFO CHECKSUM 9 0 0: 0.812433
2024-08-01 08:08:40,128 INFO CHECKSUM 9 0 0: 0.812433
2024-08-01 08:08:40,137 INFO recv 9 -> 0 # 0 at 100230455, 0.335813 0.023262
2024-08-01 08:08:40,137 INFO sent 9 -> 0 # 0 at 90765532, 0.335813 0.023262
2024-08-01 08:08:40,209 INFO CHECKSUM 9 1 0: 0.812433
2024-08-01 08:08:40,209 INFO CHECKSUM 9 1 0: 0.812433
2024-08-01 08:08:40,231 INFO sent 9 -> 1 # 0 at 53003704, 0.335813 0.023262
2024-08-01 08:08:40,235 INFO recv 9 -> 1 # 0 at 73336996, 0.335813 0.023262
2024-08-01 08:08:40,257 INFO CHECKSUM 9 2 0: 0.812433
2024-08-01 08:08:40,256 INFO CHECKSUM 9 2 0: 0.812433
2024-08-01 08:08:40,282 INFO recv 9 -> 2 # 0 at 45727368, 0.335813 0.023262
2024-08-01 08:08:40,282 INFO sent 9 -> 2 # 0 at 14298324, 0.335813 0.023262
2024-08-01 08:08:40,300 INFO CHECKSUM 9 3 0: 0.812433
2024-08-01 08:08:40,301 INFO CHECKSUM 9 3 0: 0.812433
2024-08-01 08:08:40,316 INFO recv 9 -> 3 # 0 at 30350917, 0.335813 0.023262
2024-08-01 08:08:40,316 INFO sent 9 -> 3 # 0 at 13980329, 0.335813 0.023262
2024-08-01 08:08:40,344 INFO CHECKSUM 9 4 0: 0.812433
2024-08-01 08:08:40,345 INFO CHECKSUM 9 4 0: 0.812433
2024-08-01 08:08:40,356 INFO recv 9 -> 4 # 0 at 26252403, 0.335813 0.023262
2024-08-01 08:08:40,356 INFO sent 9 -> 4 # 0 at 14500374, 0.335813 0.023262
2024-08-01 08:08:40,374 INFO CHECKSUM 9 5 0: 0.812433
2024-08-01 08:08:40,374 INFO CHECKSUM 9 5 0: 0.812433
2024-08-01 08:08:40,389 INFO recv 9 -> 5 # 0 at 32741250, 0.335813 0.023262
2024-08-01 08:08:40,389 INFO sent 9 -> 5 # 0 at 17550995, 0.335813 0.023262
2024-08-01 08:08:40,420 INFO CHECKSUM 9 6 0: 0.812433
2024-08-01 08:08:40,421 INFO CHECKSUM 9 6 0: 0.812433
2024-08-01 08:08:40,436 INFO recv 9 -> 6 # 0 at 29776955, 0.335813 0.023262
2024-08-01 08:08:40,436 INFO sent 9 -> 6 # 0 at 14381555, 0.335813 0.023262
2024-08-01 08:08:40,532 INFO CHECKSUM 9 7 0: 0.812433
2024-08-01 08:08:40,532 INFO CHECKSUM 9 7 0: 0.812433
2024-08-01 08:08:40,541 INFO recv 9 -> 7 # 0 at 95804952, 0.335813 0.023262
2024-08-01 08:08:40,541 INFO sent 9 -> 7 # 0 at 85651275, 0.335813 0.023262
2024-08-01 08:08:40,576 INFO CHECKSUM 9 8 0: 0.812433
2024-08-01 08:08:40,582 INFO CHECKSUM 9 8 0: 0.812433
2024-08-01 08:08:40,595 INFO recv 9 -> 8 # 0 at 42113412, 0.335813 0.023262
2024-08-01 08:08:40,595 INFO sent 9 -> 8 # 0 at 22355424, 0.335813 0.023262
2024-08-01 08:08:40,788 INFO CHECKSUM 9 10 0: 0.812433
2024-08-01 08:08:40,788 INFO CHECKSUM 9 10 0: 0.812433
2024-08-01 08:08:40,798 INFO recv 9 -> 10 # 0 at 196026197, 0.335813 0.023262
2024-08-01 08:08:40,805 INFO sent 9 -> 10 # 0 at 186007278, 0.335813 0.023262
2024-08-01 08:08:40,991 INFO CHECKSUM 9 11 0: 0.812433
2024-08-01 08:08:40,992 INFO CHECKSUM 9 11 0: 0.812433
2024-08-01 08:08:41,002 INFO sent 9 -> 11 # 0 at 184696917, 0.335813 0.023262
2024-08-01 08:08:41,002 INFO recv 9 -> 11 # 0 at 195264546, 0.335813 0.023262
2024-08-01 08:08:41,154 INFO CHECKSUM 9 12 0: 0.812433
2024-08-01 08:08:41,163 INFO CHECKSUM 9 12 0: 0.812433
2024-08-01 08:08:41,180 INFO recv 9 -> 12 # 0 at 166484680, 0.335813 0.023262
2024-08-01 08:08:41,179 INFO sent 9 -> 12 # 0 at 140437841, 0.335813 0.023262
2024-08-01 08:08:41,355 INFO CHECKSUM 9 13 0: 0.812433
2024-08-01 08:08:41,355 INFO CHECKSUM 9 13 0: 0.812433
2024-08-01 08:08:41,370 INFO recv 9 -> 13 # 0 at 180480540, 0.335813 0.023262
2024-08-01 08:08:41,370 INFO sent 9 -> 13 # 0 at 165828467, 0.335813 0.023262
2024-08-01 08:08:41,551 INFO CHECKSUM 9 14 0: 0.812433
2024-08-01 08:08:41,552 INFO CHECKSUM 9 14 0: 0.812433
2024-08-01 08:08:41,569 INFO recv 9 -> 14 # 0 at 187589679, 0.335813 0.023262
2024-08-01 08:08:41,569 INFO sent 9 -> 14 # 0 at 169428981, 0.335813 0.023262
2024-08-01 08:08:41,734 INFO CHECKSUM 9 15 0: 0.812433
2024-08-01 08:08:41,735 INFO CHECKSUM 9 15 0: 0.812433
2024-08-01 08:08:41,750 INFO Accepting from rank 10
2024-08-01 08:08:41,754 INFO Accepting from rank 10
2024-08-01 08:08:41,761 INFO Accepting from rank 10
2024-08-01 08:08:41,761 INFO Accepting from rank 10
2024-08-01 08:08:41,761 INFO Accepting from rank 10
2024-08-01 08:08:41,761 INFO Sending from rank 10
2024-08-01 08:08:41,761 INFO Accepting from rank 10
2024-08-01 08:08:41,761 INFO Accepting from rank 10
2024-08-01 08:08:41,761 INFO Accepting from rank 10
2024-08-01 08:08:41,761 INFO Accepting from rank 10
2024-08-01 08:08:41,761 INFO sent 9 -> 15 # 0 at 161024920, 0.335813 0.023262
2024-08-01 08:08:41,761 INFO Accepting from rank 10
2024-08-01 08:08:41,761 INFO Accepting from rank 10
2024-08-01 08:08:41,762 INFO Accepting from rank 10
2024-08-01 08:08:41,761 INFO Accepting from rank 10
2024-08-01 08:08:41,762 INFO recv 9 -> 15 # 0 at 188678988, 0.335813 0.023262
2024-08-01 08:08:41,762 INFO Accepting from rank 10
2024-08-01 08:08:41,762 INFO Accepting from rank 10
2024-08-01 08:08:41,798 INFO CHECKSUM 10 0 0: 1.052816
2024-08-01 08:08:41,799 INFO CHECKSUM 10 0 0: 1.052816
2024-08-01 08:08:41,808 INFO recv 10 -> 0 # 0 at 24541832, 0.572791 0.338877
2024-08-01 08:08:41,826 INFO sent 10 -> 0 # 0 at 14172450, 0.572791 0.338877
2024-08-01 08:08:41,946 INFO CHECKSUM 10 1 0: 1.052816
2024-08-01 08:08:41,948 INFO CHECKSUM 10 1 0: 1.052816
2024-08-01 08:08:41,957 INFO recv 10 -> 1 # 0 at 115602999, 0.572791 0.338877
2024-08-01 08:08:41,957 INFO sent 10 -> 1 # 0 at 112298808, 0.572791 0.338877
2024-08-01 08:08:41,984 INFO CHECKSUM 10 2 0: 1.052816
2024-08-01 08:08:41,985 INFO CHECKSUM 10 2 0: 1.052816
2024-08-01 08:08:42,005 INFO sent 10 -> 2 # 0 at 14076546, 0.572791 0.338877
2024-08-01 08:08:42,010 INFO recv 10 -> 2 # 0 at 39748495, 0.572791 0.338877
2024-08-01 08:08:42,046 INFO CHECKSUM 10 3 0: 1.052816
2024-08-01 08:08:42,057 INFO recv 10 -> 3 # 0 at 32294516, 0.572791 0.338877
2024-08-01 08:08:42,046 INFO CHECKSUM 10 3 0: 1.052816
2024-08-01 08:08:42,057 INFO sent 10 -> 3 # 0 at 20900344, 0.572791 0.338877
2024-08-01 08:08:42,076 INFO CHECKSUM 10 4 0: 1.052816
2024-08-01 08:08:42,077 INFO CHECKSUM 10 4 0: 1.052816
2024-08-01 08:08:42,090 INFO recv 10 -> 4 # 0 at 27979421, 0.572791 0.338877
2024-08-01 08:08:42,090 INFO sent 10 -> 4 # 0 at 13965090, 0.572791 0.338877
2024-08-01 08:08:42,120 INFO CHECKSUM 10 5 0: 1.052816
2024-08-01 08:08:42,120 INFO CHECKSUM 10 5 0: 1.052816
2024-08-01 08:08:42,138 INFO recv 10 -> 5 # 0 at 32041384, 0.572791 0.338877
2024-08-01 08:08:42,138 INFO sent 10 -> 5 # 0 at 14490095, 0.572791 0.338877
2024-08-01 08:08:42,232 INFO CHECKSUM 10 6 0: 1.052816
2024-08-01 08:08:42,232 INFO CHECKSUM 10 6 0: 1.052816
2024-08-01 08:08:42,246 INFO recv 10 -> 6 # 0 at 95342727, 0.572791 0.338877
2024-08-01 08:08:42,245 INFO sent 10 -> 6 # 0 at 81630640, 0.572791 0.338877
2024-08-01 08:08:42,269 INFO CHECKSUM 10 7 0: 1.052816
2024-08-01 08:08:42,269 INFO CHECKSUM 10 7 0: 1.052816
2024-08-01 08:08:42,282 INFO recv 10 -> 7 # 0 at 28011654, 0.572791 0.338877
2024-08-01 08:08:42,282 INFO sent 10 -> 7 # 0 at 14267273, 0.572791 0.338877
2024-08-01 08:08:42,311 INFO CHECKSUM 10 8 0: 1.052816
2024-08-01 08:08:42,312 INFO CHECKSUM 10 8 0: 1.052816
2024-08-01 08:08:42,326 INFO recv 10 -> 8 # 0 at 28747750, 0.572791 0.338877
2024-08-01 08:08:42,326 INFO sent 10 -> 8 # 0 at 13912389, 0.572791 0.338877
2024-08-01 08:08:42,360 INFO CHECKSUM 10 9 0: 1.052816
2024-08-01 08:08:42,359 INFO CHECKSUM 10 9 0: 1.052816
2024-08-01 08:08:42,377 INFO recv 10 -> 9 # 0 at 41765350, 0.572791 0.338877
2024-08-01 08:08:42,377 INFO sent 10 -> 9 # 0 at 23865030, 0.572791 0.338877
2024-08-01 08:08:42,599 INFO CHECKSUM 10 11 0: 1.052816
2024-08-01 08:08:42,599 INFO CHECKSUM 10 11 0: 1.052816
2024-08-01 08:08:42,618 INFO sent 10 -> 11 # 0 at 216277507, 0.572791 0.338877
2024-08-01 08:08:42,618 INFO recv 10 -> 11 # 0 at 235434404, 0.572791 0.338877
2024-08-01 08:08:42,787 INFO CHECKSUM 10 12 0: 1.052816
2024-08-01 08:08:42,788 INFO CHECKSUM 10 12 0: 1.052816
2024-08-01 08:08:42,814 INFO recv 10 -> 12 # 0 at 180292616, 0.572791 0.338877
2024-08-01 08:08:42,814 INFO sent 10 -> 12 # 0 at 154075008, 0.572791 0.338877
2024-08-01 08:08:43,040 INFO CHECKSUM 10 13 0: 1.052816
2024-08-01 08:08:43,040 INFO CHECKSUM 10 13 0: 1.052816
2024-08-01 08:08:43,051 INFO sent 10 -> 13 # 0 at 189757731, 0.572791 0.338877
2024-08-01 08:08:43,051 INFO recv 10 -> 13 # 0 at 197185822, 0.572791 0.338877
2024-08-01 08:08:43,232 INFO CHECKSUM 10 14 0: 1.052816
2024-08-01 08:08:43,233 INFO CHECKSUM 10 14 0: 1.052816
2024-08-01 08:08:43,245 INFO recv 10 -> 14 # 0 at 179728373, 0.572791 0.338877
2024-08-01 08:08:43,245 INFO sent 10 -> 14 # 0 at 166218099, 0.572791 0.338877
2024-08-01 08:08:43,431 INFO CHECKSUM 10 15 0: 1.052816
2024-08-01 08:08:43,432 INFO CHECKSUM 10 15 0: 1.052816
2024-08-01 08:08:43,461 INFO Accepting from rank 11
2024-08-01 08:08:43,461 INFO Accepting from rank 11
2024-08-01 08:08:43,461 INFO Accepting from rank 11
2024-08-01 08:08:43,461 INFO Accepting from rank 11
2024-08-01 08:08:43,462 INFO Accepting from rank 11
2024-08-01 08:08:43,462 INFO Accepting from rank 11
2024-08-01 08:08:43,462 INFO Accepting from rank 11
2024-08-01 08:08:43,462 INFO Accepting from rank 11
2024-08-01 08:08:43,462 INFO Accepting from rank 11
2024-08-01 08:08:43,462 INFO Accepting from rank 11
2024-08-01 08:08:43,466 INFO Accepting from rank 11
2024-08-01 08:08:43,466 INFO sent 10 -> 15 # 0 at 181755456, 0.572791 0.338877
2024-08-01 08:08:43,466 INFO Accepting from rank 11
2024-08-01 08:08:43,474 INFO Accepting from rank 11
2024-08-01 08:08:43,474 INFO recv 10 -> 15 # 0 at 224689015, 0.572791 0.338877
2024-08-01 08:08:43,474 INFO Accepting from rank 11
2024-08-01 08:08:43,477 INFO Accepting from rank 11
2024-08-01 08:08:43,477 INFO Sending from rank 11
2024-08-01 08:08:43,540 INFO CHECKSUM 11 0 0: 0.810219
2024-08-01 08:08:43,540 INFO CHECKSUM 11 0 0: 0.810219
2024-08-01 08:08:43,554 INFO recv 11 -> 0 # 0 at 46714031, 0.300007 0.875696
2024-08-01 08:08:43,557 INFO sent 11 -> 0 # 0 at 33096999, 0.300007 0.875696
2024-08-01 08:08:43,635 INFO CHECKSUM 11 1 0: 0.810219
2024-08-01 08:08:43,636 INFO CHECKSUM 11 1 0: 0.810219
2024-08-01 08:08:43,657 INFO recv 11 -> 1 # 0 at 96087502, 0.300007 0.875696
2024-08-01 08:08:43,658 INFO sent 11 -> 1 # 0 at 73971889, 0.300007 0.875696
2024-08-01 08:08:43,686 INFO CHECKSUM 11 2 0: 0.810219
2024-08-01 08:08:43,686 INFO CHECKSUM 11 2 0: 0.810219
2024-08-01 08:08:43,710 INFO recv 11 -> 2 # 0 at 39735029, 0.300007 0.875696
2024-08-01 08:08:43,710 INFO sent 11 -> 2 # 0 at 14188321, 0.300007 0.875696
2024-08-01 08:08:43,736 INFO CHECKSUM 11 3 0: 0.810219
2024-08-01 08:08:43,738 INFO CHECKSUM 11 3 0: 0.810219
2024-08-01 08:08:43,762 INFO recv 11 -> 3 # 0 at 39999519, 0.300007 0.875696
2024-08-01 08:08:43,770 INFO sent 11 -> 3 # 0 at 15095514, 0.300007 0.875696
2024-08-01 08:08:43,848 INFO CHECKSUM 11 4 0: 0.810219
2024-08-01 08:08:43,856 INFO CHECKSUM 11 4 0: 0.810219
2024-08-01 08:08:43,874 INFO recv 11 -> 4 # 0 at 96414003, 0.300007 0.875696
2024-08-01 08:08:43,875 INFO sent 11 -> 4 # 0 at 70147743, 0.300007 0.875696
2024-08-01 08:08:43,892 INFO CHECKSUM 11 5 0: 0.810219
2024-08-01 08:08:43,891 INFO CHECKSUM 11 5 0: 0.810219
2024-08-01 08:08:43,900 INFO recv 11 -> 5 # 0 at 22861480, 0.300007 0.875696
2024-08-01 08:08:43,900 INFO sent 11 -> 5 # 0 at 13861049, 0.300007 0.875696
2024-08-01 08:08:43,931 INFO CHECKSUM 11 6 0: 0.810219
2024-08-01 08:08:43,931 INFO CHECKSUM 11 6 0: 0.810219
2024-08-01 08:08:43,941 INFO recv 11 -> 6 # 0 at 31231925, 0.300007 0.875696
2024-08-01 08:08:43,941 INFO sent 11 -> 6 # 0 at 21112624, 0.300007 0.875696
2024-08-01 08:08:43,987 INFO CHECKSUM 11 7 0: 0.810219
2024-08-01 08:08:43,987 INFO CHECKSUM 11 7 0: 0.810219
2024-08-01 08:08:43,996 INFO recv 11 -> 7 # 0 at 43060862, 0.300007 0.875696
2024-08-01 08:08:43,996 INFO sent 11 -> 7 # 0 at 33626431, 0.300007 0.875696
2024-08-01 08:08:44,011 INFO CHECKSUM 11 8 0: 0.810219
2024-08-01 08:08:44,012 INFO CHECKSUM 11 8 0: 0.810219
2024-08-01 08:08:44,023 INFO recv 11 -> 8 # 0 at 26379496, 0.300007 0.875696
2024-08-01 08:08:44,023 INFO sent 11 -> 8 # 0 at 14457061, 0.300007 0.875696
2024-08-01 08:08:44,037 INFO CHECKSUM 11 9 0: 0.810219
2024-08-01 08:08:44,038 INFO CHECKSUM 11 9 0: 0.810219
2024-08-01 08:08:44,065 INFO recv 11 -> 9 # 0 at 41670126, 0.300007 0.875696
2024-08-01 08:08:44,065 INFO sent 11 -> 9 # 0 at 13746638, 0.300007 0.875696
2024-08-01 08:08:44,097 INFO CHECKSUM 11 10 0: 0.810219
2024-08-01 08:08:44,096 INFO CHECKSUM 11 10 0: 0.810219
2024-08-01 08:08:44,122 INFO recv 11 -> 10 # 0 at 39996523, 0.300007 0.875696
2024-08-01 08:08:44,122 INFO sent 11 -> 10 # 0 at 14089270, 0.300007 0.875696
2024-08-01 08:08:44,410 INFO CHECKSUM 11 12 0: 0.810219
2024-08-01 08:08:44,420 INFO CHECKSUM 11 12 0: 0.810219
2024-08-01 08:08:44,445 INFO recv 11 -> 12 # 0 at 305525253, 0.300007 0.875696
2024-08-01 08:08:44,450 INFO sent 11 -> 12 # 0 at 260821593, 0.300007 0.875696
2024-08-01 08:08:44,649 INFO CHECKSUM 11 13 0: 0.810219
2024-08-01 08:08:44,649 INFO CHECKSUM 11 13 0: 0.810219
2024-08-01 08:08:44,670 INFO recv 11 -> 13 # 0 at 216587083, 0.300007 0.875696
2024-08-01 08:08:44,670 INFO sent 11 -> 13 # 0 at 195562852, 0.300007 0.875696
2024-08-01 08:08:44,908 INFO CHECKSUM 11 14 0: 0.810219
2024-08-01 08:08:44,908 INFO CHECKSUM 11 14 0: 0.810219
2024-08-01 08:08:44,924 INFO recv 11 -> 14 # 0 at 243009584, 0.300007 0.875696
2024-08-01 08:08:44,924 INFO sent 11 -> 14 # 0 at 226093836, 0.300007 0.875696
2024-08-01 08:08:45,146 INFO CHECKSUM 11 15 0: 0.810219
2024-08-01 08:08:45,155 INFO CHECKSUM 11 15 0: 0.810219
2024-08-01 08:08:45,168 INFO Accepting from rank 12
2024-08-01 08:08:45,168 INFO Accepting from rank 12
2024-08-01 08:08:45,168 INFO Sending from rank 12
2024-08-01 08:08:45,168 INFO Accepting from rank 12
2024-08-01 08:08:45,168 INFO Accepting from rank 12
2024-08-01 08:08:45,168 INFO Accepting from rank 12
2024-08-01 08:08:45,168 INFO Accepting from rank 12
2024-08-01 08:08:45,168 INFO Accepting from rank 12
2024-08-01 08:08:45,168 INFO recv 11 -> 15 # 0 at 242103430, 0.300007 0.875696
2024-08-01 08:08:45,168 INFO sent 11 -> 15 # 0 at 219998434, 0.300007 0.875696
2024-08-01 08:08:45,168 INFO Accepting from rank 12
2024-08-01 08:08:45,168 INFO Accepting from rank 12
2024-08-01 08:08:45,170 INFO Accepting from rank 12
2024-08-01 08:08:45,170 INFO Accepting from rank 12
2024-08-01 08:08:45,170 INFO Accepting from rank 12
2024-08-01 08:08:45,170 INFO Accepting from rank 12
2024-08-01 08:08:45,170 INFO Accepting from rank 12
2024-08-01 08:08:45,170 INFO Accepting from rank 12
2024-08-01 08:08:45,204 INFO CHECKSUM 12 0 0: 2.116585
2024-08-01 08:08:45,204 INFO CHECKSUM 12 0 0: 2.116585
2024-08-01 08:08:45,218 INFO recv 12 -> 0 # 0 at 28537349, 0.210852 0.909072
2024-08-01 08:08:45,218 INFO sent 12 -> 0 # 0 at 14205644, 0.210852 0.909072
2024-08-01 08:08:45,257 INFO CHECKSUM 12 1 0: 2.116585
2024-08-01 08:08:45,258 INFO CHECKSUM 12 1 0: 2.116585
2024-08-01 08:08:45,274 INFO sent 12 -> 1 # 0 at 20117587, 0.210852 0.909072
2024-08-01 08:08:45,274 INFO recv 12 -> 1 # 0 at 30395112, 0.210852 0.909072
2024-08-01 08:08:45,299 INFO CHECKSUM 12 2 0: 2.116585
2024-08-01 08:08:45,300 INFO CHECKSUM 12 2 0: 2.116585
2024-08-01 08:08:45,318 INFO recv 12 -> 2 # 0 at 32580708, 0.210852 0.909072
2024-08-01 08:08:45,318 INFO sent 12 -> 2 # 0 at 13826371, 0.210852 0.909072
2024-08-01 08:08:45,374 INFO CHECKSUM 12 3 0: 2.116585
2024-08-01 08:08:45,375 INFO CHECKSUM 12 3 0: 2.116585
2024-08-01 08:08:45,397 INFO sent 12 -> 3 # 0 at 36854341, 0.210852 0.909072
2024-08-01 08:08:45,404 INFO recv 12 -> 3 # 0 at 67370567, 0.210852 0.909072
2024-08-01 08:08:45,436 INFO CHECKSUM 12 4 0: 2.116585
2024-08-01 08:08:45,437 INFO CHECKSUM 12 4 0: 2.116585
2024-08-01 08:08:45,445 INFO recv 12 -> 4 # 0 at 28126876, 0.210852 0.909072
2024-08-01 08:08:45,445 INFO sent 12 -> 4 # 0 at 18670647, 0.210852 0.909072
2024-08-01 08:08:45,467 INFO CHECKSUM 12 5 0: 2.116585
2024-08-01 08:08:45,468 INFO CHECKSUM 12 5 0: 2.116585
2024-08-01 08:08:45,482 INFO recv 12 -> 5 # 0 at 29247939, 0.210852 0.909072
2024-08-01 08:08:45,482 INFO sent 12 -> 5 # 0 at 14182109, 0.210852 0.909072
2024-08-01 08:08:45,511 INFO CHECKSUM 12 6 0: 2.116585
2024-08-01 08:08:45,526 INFO recv 12 -> 6 # 0 at 36194073, 0.210852 0.909072
2024-08-01 08:08:45,511 INFO CHECKSUM 12 6 0: 2.116585
2024-08-01 08:08:45,526 INFO sent 12 -> 6 # 0 at 21079389, 0.210852 0.909072
2024-08-01 08:08:45,568 INFO CHECKSUM 12 7 0: 2.116585
2024-08-01 08:08:45,569 INFO CHECKSUM 12 7 0: 2.116585
2024-08-01 08:08:45,579 INFO recv 12 -> 7 # 0 at 40736226, 0.210852 0.909072
2024-08-01 08:08:45,579 INFO sent 12 -> 7 # 0 at 31363904, 0.210852 0.909072
2024-08-01 08:08:45,600 INFO CHECKSUM 12 8 0: 2.116585
2024-08-01 08:08:45,600 INFO CHECKSUM 12 8 0: 2.116585
2024-08-01 08:08:45,610 INFO recv 12 -> 8 # 0 at 25691266, 0.210852 0.909072
2024-08-01 08:08:45,610 INFO sent 12 -> 8 # 0 at 14736141, 0.210852 0.909072
2024-08-01 08:08:45,640 INFO CHECKSUM 12 9 0: 2.116585
2024-08-01 08:08:45,640 INFO CHECKSUM 12 9 0: 2.116585
2024-08-01 08:08:45,658 INFO sent 12 -> 9 # 0 at 14376195, 0.210852 0.909072
2024-08-01 08:08:45,658 INFO recv 12 -> 9 # 0 at 31962327, 0.210852 0.909072
2024-08-01 08:08:45,684 INFO CHECKSUM 12 10 0: 2.116585
2024-08-01 08:08:45,694 INFO CHECKSUM 12 10 0: 2.116585
2024-08-01 08:08:45,704 INFO sent 12 -> 10 # 0 at 14080392, 0.210852 0.909072
2024-08-01 08:08:45,704 INFO recv 12 -> 10 # 0 at 33781571, 0.210852 0.909072
2024-08-01 08:08:45,748 INFO CHECKSUM 12 11 0: 2.116585
2024-08-01 08:08:45,748 INFO CHECKSUM 12 11 0: 2.116585
2024-08-01 08:08:45,772 INFO sent 12 -> 11 # 0 at 14518460, 0.210852 0.909072
2024-08-01 08:08:45,772 INFO recv 12 -> 11 # 0 at 39079813, 0.210852 0.909072
2024-08-01 08:08:46,001 INFO CHECKSUM 12 13 0: 2.116585
2024-08-01 08:08:46,001 INFO CHECKSUM 12 13 0: 2.116585
2024-08-01 08:08:46,015 INFO sent 12 -> 13 # 0 at 215032154, 0.210852 0.909072
2024-08-01 08:08:46,015 INFO recv 12 -> 13 # 0 at 229789488, 0.210852 0.909072
2024-08-01 08:08:46,207 INFO CHECKSUM 12 14 0: 2.116585
2024-08-01 08:08:46,207 INFO CHECKSUM 12 14 0: 2.116585
2024-08-01 08:08:46,217 INFO sent 12 -> 14 # 0 at 177418753, 0.210852 0.909072
2024-08-01 08:08:46,217 INFO recv 12 -> 14 # 0 at 188172407, 0.210852 0.909072
2024-08-01 08:08:46,428 INFO CHECKSUM 12 15 0: 2.116585
2024-08-01 08:08:46,428 INFO CHECKSUM 12 15 0: 2.116585
2024-08-01 08:08:46,445 INFO Accepting from rank 13
2024-08-01 08:08:46,446 INFO Accepting from rank 13
2024-08-01 08:08:46,446 INFO Accepting from rank 13
2024-08-01 08:08:46,446 INFO Accepting from rank 13
2024-08-01 08:08:46,446 INFO sent 12 -> 15 # 0 at 209137024, 0.210852 0.909072
2024-08-01 08:08:46,446 INFO Accepting from rank 13
2024-08-01 08:08:46,446 INFO Accepting from rank 13
2024-08-01 08:08:46,446 INFO Accepting from rank 13
2024-08-01 08:08:46,446 INFO Accepting from rank 13
2024-08-01 08:08:46,446 INFO Accepting from rank 13
2024-08-01 08:08:46,446 INFO Accepting from rank 13
2024-08-01 08:08:46,454 INFO Accepting from rank 13
2024-08-01 08:08:46,454 INFO Accepting from rank 13
2024-08-01 08:08:46,454 INFO Accepting from rank 13
2024-08-01 08:08:46,454 INFO Accepting from rank 13
2024-08-01 08:08:46,458 INFO Sending from rank 13
2024-08-01 08:08:46,458 INFO recv 12 -> 15 # 0 at 239115747, 0.210852 0.909072
2024-08-01 08:08:46,458 INFO Accepting from rank 13
2024-08-01 08:08:46,579 INFO CHECKSUM 13 0 0: 1.730320
2024-08-01 08:08:46,580 INFO CHECKSUM 13 0 0: 1.730320
2024-08-01 08:08:46,594 INFO recv 13 -> 0 # 0 at 105206494, 0.162642 0.172297
2024-08-01 08:08:46,597 INFO sent 13 -> 0 # 0 at 81349662, 0.162642 0.172297
2024-08-01 08:08:46,636 INFO CHECKSUM 13 1 0: 1.730320
2024-08-01 08:08:46,635 INFO CHECKSUM 13 1 0: 1.730320
2024-08-01 08:08:46,649 INFO recv 13 -> 1 # 0 at 36143872, 0.162642 0.172297
2024-08-01 08:08:46,649 INFO sent 13 -> 1 # 0 at 23304146, 0.162642 0.172297
2024-08-01 08:08:46,675 INFO CHECKSUM 13 2 0: 1.730320
2024-08-01 08:08:46,676 INFO CHECKSUM 13 2 0: 1.730320
2024-08-01 08:08:46,694 INFO recv 13 -> 2 # 0 at 32750355, 0.162642 0.172297
2024-08-01 08:08:46,694 INFO sent 13 -> 2 # 0 at 14047379, 0.162642 0.172297
2024-08-01 08:08:46,724 INFO CHECKSUM 13 3 0: 1.730320
2024-08-01 08:08:46,725 INFO CHECKSUM 13 3 0: 1.730320
2024-08-01 08:08:46,742 INFO recv 13 -> 3 # 0 at 31874847, 0.162642 0.172297
2024-08-01 08:08:46,742 INFO sent 13 -> 3 # 0 at 14454386, 0.162642 0.172297
2024-08-01 08:08:46,768 INFO CHECKSUM 13 4 0: 1.730320
2024-08-01 08:08:46,777 INFO CHECKSUM 13 4 0: 1.730320
2024-08-01 08:08:46,792 INFO recv 13 -> 4 # 0 at 38372735, 0.162642 0.172297
2024-08-01 08:08:46,792 INFO sent 13 -> 4 # 0 at 14628213, 0.162642 0.172297
2024-08-01 08:08:46,809 INFO CHECKSUM 13 5 0: 1.730320
2024-08-01 08:08:46,809 INFO CHECKSUM 13 5 0: 1.730320
2024-08-01 08:08:46,825 INFO recv 13 -> 5 # 0 at 30883980, 0.162642 0.172297
2024-08-01 08:08:46,825 INFO sent 13 -> 5 # 0 at 15480984, 0.162642 0.172297
2024-08-01 08:08:46,841 INFO CHECKSUM 13 6 0: 1.730320
2024-08-01 08:08:46,841 INFO CHECKSUM 13 6 0: 1.730320
2024-08-01 08:08:46,854 INFO recv 13 -> 6 # 0 at 28679598, 0.162642 0.172297
2024-08-01 08:08:46,854 INFO sent 13 -> 6 # 0 at 15176804, 0.162642 0.172297
2024-08-01 08:08:46,947 INFO CHECKSUM 13 7 0: 1.730320
2024-08-01 08:08:46,947 INFO CHECKSUM 13 7 0: 1.730320
2024-08-01 08:08:46,951 INFO recv 13 -> 7 # 0 at 88848358, 0.162642 0.172297
2024-08-01 08:08:46,951 INFO sent 13 -> 7 # 0 at 84622176, 0.162642 0.172297
2024-08-01 08:08:46,968 INFO CHECKSUM 13 8 0: 1.730320
2024-08-01 08:08:46,969 INFO CHECKSUM 13 8 0: 1.730320
2024-08-01 08:08:46,976 INFO recv 13 -> 8 # 0 at 21361956, 0.162642 0.172297
2024-08-01 08:08:46,981 INFO sent 13 -> 8 # 0 at 13857491, 0.162642 0.172297
2024-08-01 08:08:47,095 INFO CHECKSUM 13 9 0: 1.730320
2024-08-01 08:08:47,096 INFO CHECKSUM 13 9 0: 1.730320
2024-08-01 08:08:47,100 INFO sent 13 -> 9 # 0 at 93734202, 0.162642 0.172297
2024-08-01 08:08:47,100 INFO recv 13 -> 9 # 0 at 98448550, 0.162642 0.172297
2024-08-01 08:08:47,223 INFO CHECKSUM 13 10 0: 1.730320
2024-08-01 08:08:47,230 INFO CHECKSUM 13 10 0: 1.730320
2024-08-01 08:08:47,242 INFO sent 13 -> 10 # 0 at 95654418, 0.162642 0.172297
2024-08-01 08:08:47,242 INFO recv 13 -> 10 # 0 at 118784483, 0.162642 0.172297
2024-08-01 08:08:47,272 INFO CHECKSUM 13 11 0: 1.730320
2024-08-01 08:08:47,272 INFO CHECKSUM 13 11 0: 1.730320
2024-08-01 08:08:47,286 INFO sent 13 -> 11 # 0 at 14339103, 0.162642 0.172297
2024-08-01 08:08:47,286 INFO recv 13 -> 11 # 0 at 28530039, 0.162642 0.172297
2024-08-01 08:08:47,303 INFO CHECKSUM 13 12 0: 1.730320
2024-08-01 08:08:47,304 INFO CHECKSUM 13 12 0: 1.730320
2024-08-01 08:08:47,342 INFO recv 13 -> 12 # 0 at 52813711, 0.162642 0.172297
2024-08-01 08:08:47,342 INFO sent 13 -> 12 # 0 at 13767317, 0.162642 0.172297
2024-08-01 08:08:47,555 INFO CHECKSUM 13 14 0: 1.730320
2024-08-01 08:08:47,555 INFO CHECKSUM 13 14 0: 1.730320
2024-08-01 08:08:47,574 INFO sent 13 -> 14 # 0 at 211028876, 0.162642 0.172297
2024-08-01 08:08:47,574 INFO recv 13 -> 14 # 0 at 230297811, 0.162642 0.172297
2024-08-01 08:08:47,785 INFO CHECKSUM 13 15 0: 1.730320
2024-08-01 08:08:47,786 INFO CHECKSUM 13 15 0: 1.730320
2024-08-01 08:08:47,802 INFO Accepting from rank 14
2024-08-01 08:08:47,802 INFO Accepting from rank 14
2024-08-01 08:08:47,802 INFO Accepting from rank 14
2024-08-01 08:08:47,802 INFO Accepting from rank 14
2024-08-01 08:08:47,802 INFO Accepting from rank 14
2024-08-01 08:08:47,802 INFO Sending from rank 14
2024-08-01 08:08:47,802 INFO Accepting from rank 14
2024-08-01 08:08:47,802 INFO Accepting from rank 14
2024-08-01 08:08:47,802 INFO Accepting from rank 14
2024-08-01 08:08:47,802 INFO sent 13 -> 15 # 0 at 207804926, 0.162642 0.172297
2024-08-01 08:08:47,802 INFO Accepting from rank 14
2024-08-01 08:08:47,802 INFO Accepting from rank 14
2024-08-01 08:08:47,802 INFO Accepting from rank 14
2024-08-01 08:08:47,802 INFO recv 13 -> 15 # 0 at 224824457, 0.162642 0.172297
2024-08-01 08:08:47,802 INFO Accepting from rank 14
2024-08-01 08:08:47,802 INFO Accepting from rank 14
2024-08-01 08:08:47,802 INFO Accepting from rank 14
2024-08-01 08:08:47,803 INFO Accepting from rank 14
2024-08-01 08:08:47,844 INFO CHECKSUM 14 0 0: 0.913493
2024-08-01 08:08:47,845 INFO CHECKSUM 14 0 0: 0.913493
2024-08-01 08:08:47,850 INFO recv 14 -> 0 # 0 at 20197380, 0.808351 0.656132
2024-08-01 08:08:47,862 INFO sent 14 -> 0 # 0 at 13924511, 0.808351 0.656132
2024-08-01 08:08:47,909 INFO CHECKSUM 14 1 0: 0.913493
2024-08-01 08:08:47,909 INFO CHECKSUM 14 1 0: 0.913493
2024-08-01 08:08:47,918 INFO recv 14 -> 1 # 0 at 42305477, 0.808351 0.656132
2024-08-01 08:08:47,918 INFO sent 14 -> 1 # 0 at 33245216, 0.808351 0.656132
2024-08-01 08:08:48,020 INFO CHECKSUM 14 2 0: 0.913493
2024-08-01 08:08:48,020 INFO CHECKSUM 14 2 0: 0.913493
2024-08-01 08:08:48,026 INFO recv 14 -> 2 # 0 at 96511481, 0.808351 0.656132
2024-08-01 08:08:48,026 INFO sent 14 -> 2 # 0 at 90396873, 0.808351 0.656132
2024-08-01 08:08:48,062 INFO CHECKSUM 14 3 0: 0.913493
2024-08-01 08:08:48,072 INFO CHECKSUM 14 3 0: 0.913493
2024-08-01 08:08:48,088 INFO sent 14 -> 3 # 0 at 21283354, 0.808351 0.656132
2024-08-01 08:08:48,101 INFO recv 14 -> 3 # 0 at 60904685, 0.808351 0.656132
2024-08-01 08:08:48,117 INFO CHECKSUM 14 4 0: 0.913493
2024-08-01 08:08:48,116 INFO CHECKSUM 14 4 0: 0.913493
2024-08-01 08:08:48,129 INFO recv 14 -> 4 # 0 at 27867924, 0.808351 0.656132
2024-08-01 08:08:48,129 INFO sent 14 -> 4 # 0 at 14466249, 0.808351 0.656132
2024-08-01 08:08:48,153 INFO CHECKSUM 14 5 0: 0.913493
2024-08-01 08:08:48,153 INFO CHECKSUM 14 5 0: 0.913493
2024-08-01 08:08:48,170 INFO recv 14 -> 5 # 0 at 37062846, 0.808351 0.656132
2024-08-01 08:08:48,170 INFO sent 14 -> 5 # 0 at 19930546, 0.808351 0.656132
2024-08-01 08:08:48,190 INFO CHECKSUM 14 6 0: 0.913493
2024-08-01 08:08:48,200 INFO CHECKSUM 14 6 0: 0.913493
2024-08-01 08:08:48,218 INFO recv 14 -> 6 # 0 at 42088756, 0.808351 0.656132
2024-08-01 08:08:48,223 INFO sent 14 -> 6 # 0 at 14527418, 0.808351 0.656132
2024-08-01 08:08:48,249 INFO CHECKSUM 14 7 0: 0.913493
2024-08-01 08:08:48,249 INFO CHECKSUM 14 7 0: 0.913493
2024-08-01 08:08:48,261 INFO sent 14 -> 7 # 0 at 14331819, 0.808351 0.656132
2024-08-01 08:08:48,266 INFO recv 14 -> 7 # 0 at 31962710, 0.808351 0.656132
2024-08-01 08:08:48,286 INFO CHECKSUM 14 8 0: 0.913493
2024-08-01 08:08:48,287 INFO CHECKSUM 14 8 0: 0.913493
2024-08-01 08:08:48,297 INFO sent 14 -> 8 # 0 at 14609607, 0.808351 0.656132
2024-08-01 08:08:48,297 INFO recv 14 -> 8 # 0 at 25769357, 0.808351 0.656132
2024-08-01 08:08:48,415 INFO CHECKSUM 14 9 0: 0.913493
2024-08-01 08:08:48,416 INFO CHECKSUM 14 9 0: 0.913493
2024-08-01 08:08:48,424 INFO sent 14 -> 9 # 0 at 93394244, 0.808351 0.656132
2024-08-01 08:08:48,424 INFO recv 14 -> 9 # 0 at 95156501, 0.808351 0.656132
2024-08-01 08:08:48,456 INFO CHECKSUM 14 10 0: 0.913493
2024-08-01 08:08:48,456 INFO CHECKSUM 14 10 0: 0.913493
2024-08-01 08:08:48,472 INFO sent 14 -> 10 # 0 at 14131291, 0.808351 0.656132
2024-08-01 08:08:48,472 INFO recv 14 -> 10 # 0 at 30418706, 0.808351 0.656132
2024-08-01 08:08:48,508 INFO CHECKSUM 14 11 0: 0.913493
2024-08-01 08:08:48,518 INFO sent 14 -> 11 # 0 at 22165381, 0.808351 0.656132
2024-08-01 08:08:48,508 INFO CHECKSUM 14 11 0: 0.913493
2024-08-01 08:08:48,518 INFO recv 14 -> 11 # 0 at 31447663, 0.808351 0.656132
2024-08-01 08:08:48,537 INFO CHECKSUM 14 12 0: 0.913493
2024-08-01 08:08:48,537 INFO CHECKSUM 14 12 0: 0.913493
2024-08-01 08:08:48,551 INFO recv 14 -> 12 # 0 at 28646415, 0.808351 0.656132
2024-08-01 08:08:48,551 INFO sent 14 -> 12 # 0 at 14154236, 0.808351 0.656132
2024-08-01 08:08:48,580 INFO CHECKSUM 14 13 0: 0.913493
2024-08-01 08:08:48,580 INFO CHECKSUM 14 13 0: 0.913493
2024-08-01 08:08:48,602 INFO sent 14 -> 13 # 0 at 13980720, 0.808351 0.656132
2024-08-01 08:08:48,610 INFO recv 14 -> 13 # 0 at 44054848, 0.808351 0.656132
2024-08-01 08:08:48,815 INFO CHECKSUM 14 15 0: 0.913493
2024-08-01 08:08:48,816 INFO CHECKSUM 14 15 0: 0.913493
2024-08-01 08:08:48,833 INFO Accepting from rank 15
2024-08-01 08:08:48,833 INFO Accepting from rank 15
2024-08-01 08:08:48,833 INFO Accepting from rank 15
2024-08-01 08:08:48,833 INFO Accepting from rank 15
2024-08-01 08:08:48,840 INFO Accepting from rank 15
2024-08-01 08:08:48,840 INFO Accepting from rank 15
2024-08-01 08:08:48,840 INFO Accepting from rank 15
2024-08-01 08:08:48,840 INFO Accepting from rank 15
2024-08-01 08:08:48,840 INFO Accepting from rank 15
2024-08-01 08:08:48,840 INFO Accepting from rank 15
2024-08-01 08:08:48,840 INFO recv 14 -> 15 # 0 at 217272059, 0.808351 0.656132
2024-08-01 08:08:48,840 INFO Accepting from rank 15
2024-08-01 08:08:48,840 INFO Accepting from rank 15
2024-08-01 08:08:48,840 INFO Accepting from rank 15
2024-08-01 08:08:48,840 INFO sent 14 -> 15 # 0 at 192907111, 0.808351 0.656132
2024-08-01 08:08:48,840 INFO Accepting from rank 15
2024-08-01 08:08:48,840 INFO Accepting from rank 15
2024-08-01 08:08:48,840 INFO Sending from rank 15
2024-08-01 08:08:48,901 INFO CHECKSUM 15 0 0: 1.593725
2024-08-01 08:08:48,901 INFO CHECKSUM 15 0 0: 1.593725
2024-08-01 08:08:48,921 INFO recv 15 -> 0 # 0 at 39874037, 0.291003 0.514069
2024-08-01 08:08:48,930 INFO sent 15 -> 0 # 0 at 14135520, 0.291003 0.514069
2024-08-01 08:08:49,012 INFO CHECKSUM 15 1 0: 1.593725
2024-08-01 08:08:49,012 INFO CHECKSUM 15 1 0: 1.593725
2024-08-01 08:08:49,029 INFO recv 15 -> 1 # 0 at 91402055, 0.291003 0.514069
2024-08-01 08:08:49,029 INFO sent 15 -> 1 # 0 at 78401867, 0.291003 0.514069
2024-08-01 08:08:49,049 INFO CHECKSUM 15 2 0: 1.593725
2024-08-01 08:08:49,049 INFO CHECKSUM 15 2 0: 1.593725
2024-08-01 08:08:49,065 INFO sent 15 -> 2 # 0 at 14203330, 0.291003 0.514069
2024-08-01 08:08:49,065 INFO recv 15 -> 2 # 0 at 30831975, 0.291003 0.514069
2024-08-01 08:08:49,084 INFO CHECKSUM 15 3 0: 1.593725
2024-08-01 08:08:49,085 INFO CHECKSUM 15 3 0: 1.593725
2024-08-01 08:08:49,097 INFO sent 15 -> 3 # 0 at 13908881, 0.291003 0.514069
2024-08-01 08:08:49,097 INFO recv 15 -> 3 # 0 at 27049899, 0.291003 0.514069
2024-08-01 08:08:49,140 INFO CHECKSUM 15 4 0: 1.593725
2024-08-01 08:08:49,141 INFO CHECKSUM 15 4 0: 1.593725
2024-08-01 08:08:49,157 INFO recv 15 -> 4 # 0 at 32027054, 0.291003 0.514069
2024-08-01 08:08:49,157 INFO sent 15 -> 4 # 0 at 15102751, 0.291003 0.514069
2024-08-01 08:08:49,177 INFO CHECKSUM 15 5 0: 1.593725
2024-08-01 08:08:49,177 INFO CHECKSUM 15 5 0: 1.593725
2024-08-01 08:08:49,191 INFO recv 15 -> 5 # 0 at 28250275, 0.291003 0.514069
2024-08-01 08:08:49,191 INFO sent 15 -> 5 # 0 at 14427715, 0.291003 0.514069
2024-08-01 08:08:49,267 INFO CHECKSUM 15 6 0: 1.593725
2024-08-01 08:08:49,276 INFO CHECKSUM 15 6 0: 1.593725
2024-08-01 08:08:49,289 INFO recv 15 -> 6 # 0 at 95955130, 0.291003 0.514069
2024-08-01 08:08:49,289 INFO sent 15 -> 6 # 0 at 73847852, 0.291003 0.514069
2024-08-01 08:08:49,380 INFO CHECKSUM 15 7 0: 1.593725
2024-08-01 08:08:49,380 INFO CHECKSUM 15 7 0: 1.593725
2024-08-01 08:08:49,402 INFO recv 15 -> 7 # 0 at 96364654, 0.291003 0.514069
2024-08-01 08:08:49,402 INFO sent 15 -> 7 # 0 at 74245121, 0.291003 0.514069
2024-08-01 08:08:49,420 INFO CHECKSUM 15 8 0: 1.593725
2024-08-01 08:08:49,420 INFO CHECKSUM 15 8 0: 1.593725
2024-08-01 08:08:49,434 INFO sent 15 -> 8 # 0 at 14221145, 0.291003 0.514069
2024-08-01 08:08:49,434 INFO recv 15 -> 8 # 0 at 28037267, 0.291003 0.514069
2024-08-01 08:08:49,460 INFO CHECKSUM 15 9 0: 1.593725
2024-08-01 08:08:49,460 INFO CHECKSUM 15 9 0: 1.593725
2024-08-01 08:08:49,481 INFO sent 15 -> 9 # 0 at 14606991, 0.291003 0.514069
2024-08-01 08:08:49,481 INFO recv 15 -> 9 # 0 at 36097333, 0.291003 0.514069
2024-08-01 08:08:49,496 INFO CHECKSUM 15 10 0: 1.593725
2024-08-01 08:08:49,497 INFO CHECKSUM 15 10 0: 1.593725
2024-08-01 08:08:49,515 INFO recv 15 -> 10 # 0 at 32125603, 0.291003 0.514069
2024-08-01 08:08:49,521 INFO sent 15 -> 10 # 0 at 14021629, 0.291003 0.514069
2024-08-01 08:08:49,543 INFO CHECKSUM 15 11 0: 1.593725
2024-08-01 08:08:49,543 INFO CHECKSUM 15 11 0: 1.593725
2024-08-01 08:08:49,562 INFO sent 15 -> 11 # 0 at 14020176, 0.291003 0.514069
2024-08-01 08:08:49,562 INFO recv 15 -> 11 # 0 at 32522429, 0.291003 0.514069
2024-08-01 08:08:49,585 INFO CHECKSUM 15 12 0: 1.593725
2024-08-01 08:08:49,585 INFO CHECKSUM 15 12 0: 1.593725
2024-08-01 08:08:49,594 INFO recv 15 -> 12 # 0 at 31990758, 0.291003 0.514069
2024-08-01 08:08:49,594 INFO sent 15 -> 12 # 0 at 22712440, 0.291003 0.514069
2024-08-01 08:08:49,619 INFO CHECKSUM 15 13 0: 1.593725
2024-08-01 08:08:49,620 INFO CHECKSUM 15 13 0: 1.593725
2024-08-01 08:08:49,638 INFO recv 15 -> 13 # 0 at 32801798, 0.291003 0.514069
2024-08-01 08:08:49,638 INFO sent 15 -> 13 # 0 at 14073679, 0.291003 0.514069
2024-08-01 08:08:49,656 INFO CHECKSUM 15 14 0: 1.593725
2024-08-01 08:08:49,657 INFO CHECKSUM 15 14 0: 1.593725
2024-08-01 08:08:49,674 INFO Rank 0 start All-Reduce
2024-08-01 08:08:49,674 INFO Rank 0 HIT BARRIER
2024-08-01 08:08:49,678 INFO Rank 4 start All-Reduce
2024-08-01 08:08:49,678 INFO Rank 12 start All-Reduce
2024-08-01 08:08:49,678 INFO Rank 8 start All-Reduce
2024-08-01 08:08:49,678 INFO Rank 13 start All-Reduce
2024-08-01 08:08:49,678 INFO Rank 9 start All-Reduce
2024-08-01 08:08:49,678 INFO recv 15 -> 14 # 0 at 35373215, 0.291003 0.514069
2024-08-01 08:08:49,678 INFO Rank 10 start All-Reduce
2024-08-01 08:08:49,678 INFO sent 15 -> 14 # 0 at 13566047, 0.291003 0.514069
2024-08-01 08:08:49,678 INFO Rank 11 start All-Reduce
2024-08-01 08:08:49,678 INFO Rank 14 start All-Reduce
2024-08-01 08:08:49,678 INFO Rank 15 start All-Reduce
2024-08-01 08:08:49,682 INFO Rank 5 start All-Reduce
2024-08-01 08:08:49,682 INFO Rank 1 start All-Reduce
2024-08-01 08:08:49,682 INFO Rank 2 start All-Reduce
2024-08-01 08:08:49,682 INFO Rank 6 start All-Reduce
2024-08-01 08:08:49,682 INFO Rank 3 start All-Reduce
2024-08-01 08:08:49,682 INFO Rank 7 start All-Reduce
2024-08-01 08:08:49,682 INFO Rank 1 HIT BARRIER
2024-08-01 08:08:49,682 INFO Rank 2 HIT BARRIER
2024-08-01 08:08:49,682 INFO Rank 3 HIT BARRIER
2024-08-01 08:08:49,690 INFO Added key: store_based_barrier_key:2 to store for rank: 0
2024-08-01 08:08:49,691 INFO Added key: store_based_barrier_key:2 to store for rank: 8
2024-08-01 08:08:49,691 INFO Added key: store_based_barrier_key:2 to store for rank: 7
2024-08-01 08:08:49,691 INFO Added key: store_based_barrier_key:2 to store for rank: 13
2024-08-01 08:08:49,691 INFO Added key: store_based_barrier_key:2 to store for rank: 11
2024-08-01 08:08:49,691 INFO Added key: store_based_barrier_key:2 to store for rank: 4
2024-08-01 08:08:49,691 INFO Added key: store_based_barrier_key:2 to store for rank: 10
2024-08-01 08:08:49,691 INFO Added key: store_based_barrier_key:2 to store for rank: 5
2024-08-01 08:08:49,691 INFO Added key: store_based_barrier_key:2 to store for rank: 15
2024-08-01 08:08:49,691 INFO Added key: store_based_barrier_key:2 to store for rank: 1
2024-08-01 08:08:49,691 INFO Added key: store_based_barrier_key:2 to store for rank: 9
2024-08-01 08:08:49,691 INFO Added key: store_based_barrier_key:2 to store for rank: 6
2024-08-01 08:08:49,691 INFO Added key: store_based_barrier_key:2 to store for rank: 12
2024-08-01 08:08:49,691 INFO Added key: store_based_barrier_key:2 to store for rank: 3
2024-08-01 08:08:49,691 INFO Rank 9: Completed store-based barrier for key:store_based_barrier_key:2 with 16 nodes.
2024-08-01 08:08:49,691 INFO Rank 7: Completed store-based barrier for key:store_based_barrier_key:2 with 16 nodes.
2024-08-01 08:08:49,691 INFO Added key: store_based_barrier_key:2 to store for rank: 14
2024-08-01 08:08:49,691 INFO Added key: store_based_barrier_key:2 to store for rank: 2
2024-08-01 08:08:49,691 INFO Rank 10: Completed store-based barrier for key:store_based_barrier_key:2 with 16 nodes.
2024-08-01 08:08:49,691 INFO Rank 4: Completed store-based barrier for key:store_based_barrier_key:2 with 16 nodes.
2024-08-01 08:08:49,691 INFO Rank 1: Completed store-based barrier for key:store_based_barrier_key:2 with 16 nodes.
2024-08-01 08:08:49,691 INFO Rank 5: Completed store-based barrier for key:store_based_barrier_key:2 with 16 nodes.
2024-08-01 08:08:49,691 INFO Rank 13: Completed store-based barrier for key:store_based_barrier_key:2 with 16 nodes.
2024-08-01 08:08:49,691 INFO Rank 3: Completed store-based barrier for key:store_based_barrier_key:2 with 16 nodes.
2024-08-01 08:08:49,691 INFO Rank 6: Completed store-based barrier for key:store_based_barrier_key:2 with 16 nodes.
2024-08-01 08:08:49,691 INFO Rank 15: Completed store-based barrier for key:store_based_barrier_key:2 with 16 nodes.
2024-08-01 08:08:49,691 INFO Rank 2: Completed store-based barrier for key:store_based_barrier_key:2 with 16 nodes.
2024-08-01 08:08:49,691 INFO Rank 12: Completed store-based barrier for key:store_based_barrier_key:2 with 16 nodes.
2024-08-01 08:08:49,691 INFO Made group
2024-08-01 08:08:49,691 INFO Rank 14: Completed store-based barrier for key:store_based_barrier_key:2 with 16 nodes.
2024-08-01 08:08:49,691 INFO Made group
2024-08-01 08:08:49,691 INFO Made group
2024-08-01 08:08:49,700 INFO Rank 0: Completed store-based barrier for key:store_based_barrier_key:2 with 16 nodes.
2024-08-01 08:08:49,700 INFO Made group
2024-08-01 08:08:49,701 INFO Rank 11: Completed store-based barrier for key:store_based_barrier_key:2 with 16 nodes.
2024-08-01 08:08:49,701 INFO Rank 8: Completed store-based barrier for key:store_based_barrier_key:2 with 16 nodes.
2024-08-01 08:08:49,988 INFO Node Reduce CHECKSUM 0: 6.193627
2024-08-01 08:08:49,992 INFO Node Reduce CHECKSUM 1: 6.193627
2024-08-01 08:08:50,006 INFO Rank 4 HIT BARRIER
2024-08-01 08:08:49,992 INFO Node Reduce CHECKSUM 2: 6.193627
2024-08-01 08:08:50,006 INFO Rank 5 HIT BARRIER
2024-08-01 08:08:49,986 INFO Node Reduce CHECKSUM 3: 6.193627
2024-08-01 08:08:50,006 INFO Rank 6 HIT BARRIER
2024-08-01 08:08:50,006 INFO Node Reduce rank 0 at 316149563
2024-08-01 08:08:50,006 INFO Rank 7 HIT BARRIER
2024-08-01 08:08:50,006 INFO Node Reduce rank 1 at 315511743
2024-08-01 08:08:50,006 INFO Node Reduce rank 2 at 315499960
2024-08-01 08:08:50,006 INFO Node Reduce rank 3 at 315501833
2024-08-01 08:08:50,017 INFO Added key: store_based_barrier_key:3 to store for rank: 1
2024-08-01 08:08:50,017 INFO Added key: store_based_barrier_key:3 to store for rank: 8
2024-08-01 08:08:50,017 INFO Added key: store_based_barrier_key:3 to store for rank: 6
2024-08-01 08:08:50,017 INFO Added key: store_based_barrier_key:3 to store for rank: 12
2024-08-01 08:08:50,017 INFO Added key: store_based_barrier_key:3 to store for rank: 3
2024-08-01 08:08:50,017 INFO Added key: store_based_barrier_key:3 to store for rank: 11
2024-08-01 08:08:50,017 INFO Added key: store_based_barrier_key:3 to store for rank: 4
2024-08-01 08:08:50,017 INFO Added key: store_based_barrier_key:3 to store for rank: 14
2024-08-01 08:08:50,017 INFO Added key: store_based_barrier_key:3 to store for rank: 2
2024-08-01 08:08:50,017 INFO Added key: store_based_barrier_key:3 to store for rank: 9
2024-08-01 08:08:50,017 INFO Added key: store_based_barrier_key:3 to store for rank: 7
2024-08-01 08:08:50,017 INFO Added key: store_based_barrier_key:3 to store for rank: 13
2024-08-01 08:08:50,017 INFO Rank 1: Completed store-based barrier for key:store_based_barrier_key:3 with 16 nodes.
2024-08-01 08:08:50,017 INFO Added key: store_based_barrier_key:3 to store for rank: 10
2024-08-01 08:08:50,017 INFO Added key: store_based_barrier_key:3 to store for rank: 5
2024-08-01 08:08:50,017 INFO Added key: store_based_barrier_key:3 to store for rank: 15
2024-08-01 08:08:50,017 INFO Rank 3: Completed store-based barrier for key:store_based_barrier_key:3 with 16 nodes.
2024-08-01 08:08:50,017 INFO Rank 4: Completed store-based barrier for key:store_based_barrier_key:3 with 16 nodes.
2024-08-01 08:08:50,017 INFO Rank 13: Completed store-based barrier for key:store_based_barrier_key:3 with 16 nodes.
2024-08-01 08:08:50,017 INFO Rank 2: Completed store-based barrier for key:store_based_barrier_key:3 with 16 nodes.
2024-08-01 08:08:50,017 INFO Rank 6: Completed store-based barrier for key:store_based_barrier_key:3 with 16 nodes.
2024-08-01 08:08:50,017 INFO Rank 15: Completed store-based barrier for key:store_based_barrier_key:3 with 16 nodes.
2024-08-01 08:08:50,017 INFO Added key: store_based_barrier_key:3 to store for rank: 0
2024-08-01 08:08:50,017 INFO Made group
2024-08-01 08:08:50,017 INFO Rank 12: Completed store-based barrier for key:store_based_barrier_key:3 with 16 nodes.
2024-08-01 08:08:50,018 INFO Rank 0: Completed store-based barrier for key:store_based_barrier_key:3 with 16 nodes.
2024-08-01 08:08:50,017 INFO Made group
2024-08-01 08:08:50,017 INFO Rank 14: Completed store-based barrier for key:store_based_barrier_key:3 with 16 nodes.
2024-08-01 08:08:50,017 INFO Rank 7: Completed store-based barrier for key:store_based_barrier_key:3 with 16 nodes.
2024-08-01 08:08:50,017 INFO Rank 5: Completed store-based barrier for key:store_based_barrier_key:3 with 16 nodes.
2024-08-01 08:08:50,017 INFO Made group
2024-08-01 08:08:50,017 INFO Made group
2024-08-01 08:08:50,027 INFO Rank 11: Completed store-based barrier for key:store_based_barrier_key:3 with 16 nodes.
2024-08-01 08:08:50,027 INFO Rank 8: Completed store-based barrier for key:store_based_barrier_key:3 with 16 nodes.
2024-08-01 08:08:50,027 INFO Rank 10: Completed store-based barrier for key:store_based_barrier_key:3 with 16 nodes.
2024-08-01 08:08:50,027 INFO Rank 9: Completed store-based barrier for key:store_based_barrier_key:3 with 16 nodes.
2024-08-01 08:08:50,247 INFO Node Reduce CHECKSUM 5: 7.567581
2024-08-01 08:08:50,309 INFO Node Reduce CHECKSUM 6: 7.567581
2024-08-01 08:08:50,323 INFO Rank 8 HIT BARRIER
2024-08-01 08:08:50,245 INFO Node Reduce CHECKSUM 4: 7.567581
2024-08-01 08:08:50,305 INFO Node Reduce CHECKSUM 7: 7.567581
2024-08-01 08:08:50,323 INFO Rank 9 HIT BARRIER
2024-08-01 08:08:50,323 INFO Node Reduce rank 4 at 306119961
2024-08-01 08:08:50,323 INFO Rank 10 HIT BARRIER
2024-08-01 08:08:50,323 INFO Node Reduce rank 5 at 305920694
2024-08-01 08:08:50,323 INFO Rank 11 HIT BARRIER
2024-08-01 08:08:50,323 INFO Node Reduce rank 6 at 306120812
2024-08-01 08:08:50,323 INFO Node Reduce rank 7 at 305919021
2024-08-01 08:08:50,330 INFO Added key: store_based_barrier_key:4 to store for rank: 1
2024-08-01 08:08:50,330 INFO Added key: store_based_barrier_key:4 to store for rank: 8
2024-08-01 08:08:50,330 INFO Added key: store_based_barrier_key:4 to store for rank: 4
2024-08-01 08:08:50,330 INFO Added key: store_based_barrier_key:4 to store for rank: 13
2024-08-01 08:08:50,330 INFO Added key: store_based_barrier_key:4 to store for rank: 3
2024-08-01 08:08:50,330 INFO Added key: store_based_barrier_key:4 to store for rank: 11
2024-08-01 08:08:50,330 INFO Added key: store_based_barrier_key:4 to store for rank: 5
2024-08-01 08:08:50,330 INFO Added key: store_based_barrier_key:4 to store for rank: 15
2024-08-01 08:08:50,330 INFO Added key: store_based_barrier_key:4 to store for rank: 2
2024-08-01 08:08:50,330 INFO Added key: store_based_barrier_key:4 to store for rank: 9
2024-08-01 08:08:50,330 INFO Added key: store_based_barrier_key:4 to store for rank: 6
2024-08-01 08:08:50,330 INFO Added key: store_based_barrier_key:4 to store for rank: 12
2024-08-01 08:08:50,330 INFO Rank 1: Completed store-based barrier for key:store_based_barrier_key:4 with 16 nodes.
2024-08-01 08:08:50,330 INFO Added key: store_based_barrier_key:4 to store for rank: 10
2024-08-01 08:08:50,330 INFO Added key: store_based_barrier_key:4 to store for rank: 7
2024-08-01 08:08:50,330 INFO Added key: store_based_barrier_key:4 to store for rank: 14
2024-08-01 08:08:50,330 INFO Rank 2: Completed store-based barrier for key:store_based_barrier_key:4 with 16 nodes.
2024-08-01 08:08:50,330 INFO Rank 9: Completed store-based barrier for key:store_based_barrier_key:4 with 16 nodes.
2024-08-01 08:08:50,330 INFO Rank 7: Completed store-based barrier for key:store_based_barrier_key:4 with 16 nodes.
2024-08-01 08:08:50,330 INFO Rank 13: Completed store-based barrier for key:store_based_barrier_key:4 with 16 nodes.
2024-08-01 08:08:50,330 INFO Rank 3: Completed store-based barrier for key:store_based_barrier_key:4 with 16 nodes.
2024-08-01 08:08:50,330 INFO Made group
2024-08-01 08:08:50,330 INFO Rank 4: Completed store-based barrier for key:store_based_barrier_key:4 with 16 nodes.
2024-08-01 08:08:50,330 INFO Rank 15: Completed store-based barrier for key:store_based_barrier_key:4 with 16 nodes.
2024-08-01 08:08:50,330 INFO Added key: store_based_barrier_key:4 to store for rank: 0
2024-08-01 08:08:50,330 INFO Rank 10: Completed store-based barrier for key:store_based_barrier_key:4 with 16 nodes.
2024-08-01 08:08:50,330 INFO Rank 5: Completed store-based barrier for key:store_based_barrier_key:4 with 16 nodes.
2024-08-01 08:08:50,330 INFO Rank 12: Completed store-based barrier for key:store_based_barrier_key:4 with 16 nodes.
2024-08-01 08:08:50,331 INFO Rank 0: Completed store-based barrier for key:store_based_barrier_key:4 with 16 nodes.
2024-08-01 08:08:50,330 INFO Made group
2024-08-01 08:08:50,330 INFO Rank 6: Completed store-based barrier for key:store_based_barrier_key:4 with 16 nodes.
2024-08-01 08:08:50,330 INFO Rank 14: Completed store-based barrier for key:store_based_barrier_key:4 with 16 nodes.
2024-08-01 08:08:50,340 INFO Rank 11: Completed store-based barrier for key:store_based_barrier_key:4 with 16 nodes.
2024-08-01 08:08:50,340 INFO Made group
2024-08-01 08:08:50,340 INFO Rank 8: Completed store-based barrier for key:store_based_barrier_key:4 with 16 nodes.
2024-08-01 08:08:50,340 INFO Made group
2024-08-01 08:08:50,667 INFO Node Reduce CHECKSUM 8: 5.658836
2024-08-01 08:08:50,684 INFO Rank 12 HIT BARRIER
2024-08-01 08:08:50,669 INFO Node Reduce CHECKSUM 9: 5.658836
2024-08-01 08:08:50,670 INFO Node Reduce CHECKSUM 10: 5.658836
2024-08-01 08:08:50,684 INFO Rank 13 HIT BARRIER
2024-08-01 08:08:50,608 INFO Node Reduce CHECKSUM 11: 5.658836
2024-08-01 08:08:50,684 INFO Rank 14 HIT BARRIER
2024-08-01 08:08:50,684 INFO Node Reduce rank 8 at 354058297
2024-08-01 08:08:50,684 INFO Rank 15 HIT BARRIER
2024-08-01 08:08:50,684 INFO Node Reduce rank 10 at 354060452
2024-08-01 08:08:50,684 INFO Node Reduce rank 11 at 354066484
2024-08-01 08:08:50,684 INFO Node Reduce rank 9 at 354074589
2024-08-01 08:08:50,698 INFO Added key: store_based_barrier_key:5 to store for rank: 1
2024-08-01 08:08:50,698 INFO Added key: store_based_barrier_key:5 to store for rank: 2
2024-08-01 08:08:50,698 INFO Added key: store_based_barrier_key:5 to store for rank: 8
2024-08-01 08:08:50,698 INFO Added key: store_based_barrier_key:5 to store for rank: 7
2024-08-01 08:08:50,698 INFO Added key: store_based_barrier_key:5 to store for rank: 3
2024-08-01 08:08:50,698 INFO Added key: store_based_barrier_key:5 to store for rank: 4
2024-08-01 08:08:50,698 INFO Added key: store_based_barrier_key:5 to store for rank: 13
2024-08-01 08:08:50,699 INFO Rank 1: Completed store-based barrier for key:store_based_barrier_key:5 with 16 nodes.
2024-08-01 08:08:50,698 INFO Added key: store_based_barrier_key:5 to store for rank: 11
2024-08-01 08:08:50,698 INFO Added key: store_based_barrier_key:5 to store for rank: 5
2024-08-01 08:08:50,698 INFO Added key: store_based_barrier_key:5 to store for rank: 15
2024-08-01 08:08:50,699 INFO Rank 3: Completed store-based barrier for key:store_based_barrier_key:5 with 16 nodes.
2024-08-01 08:08:50,698 INFO Added key: store_based_barrier_key:5 to store for rank: 9
2024-08-01 08:08:50,698 INFO Added key: store_based_barrier_key:5 to store for rank: 6
2024-08-01 08:08:50,699 INFO Added key: store_based_barrier_key:5 to store for rank: 12
2024-08-01 08:08:50,699 INFO Rank 2: Completed store-based barrier for key:store_based_barrier_key:5 with 16 nodes.
2024-08-01 08:08:50,698 INFO Added key: store_based_barrier_key:5 to store for rank: 10
2024-08-01 08:08:50,699 INFO Rank 5: Completed store-based barrier for key:store_based_barrier_key:5 with 16 nodes.
2024-08-01 08:08:50,699 INFO Added key: store_based_barrier_key:5 to store for rank: 14
2024-08-01 08:08:50,699 INFO Added key: store_based_barrier_key:5 to store for rank: 0
2024-08-01 08:08:50,699 INFO Rank 11: Completed store-based barrier for key:store_based_barrier_key:5 with 16 nodes.
2024-08-01 08:08:50,699 INFO Rank 6: Completed store-based barrier for key:store_based_barrier_key:5 with 16 nodes.
2024-08-01 08:08:50,699 INFO Rank 13: Completed store-based barrier for key:store_based_barrier_key:5 with 16 nodes.
2024-08-01 08:08:50,699 INFO Rank 0: Completed store-based barrier for key:store_based_barrier_key:5 with 16 nodes.
2024-08-01 08:08:50,699 INFO Rank 8: Completed store-based barrier for key:store_based_barrier_key:5 with 16 nodes.
2024-08-01 08:08:50,699 INFO Rank 7: Completed store-based barrier for key:store_based_barrier_key:5 with 16 nodes.
2024-08-01 08:08:50,699 INFO Rank 15: Completed store-based barrier for key:store_based_barrier_key:5 with 16 nodes.
2024-08-01 08:08:50,699 INFO Rank 9: Completed store-based barrier for key:store_based_barrier_key:5 with 16 nodes.
2024-08-01 08:08:50,699 INFO Rank 4: Completed store-based barrier for key:store_based_barrier_key:5 with 16 nodes.
2024-08-01 08:08:50,699 INFO Rank 12: Completed store-based barrier for key:store_based_barrier_key:5 with 16 nodes.
2024-08-01 08:08:50,699 INFO Rank 10: Completed store-based barrier for key:store_based_barrier_key:5 with 16 nodes.
2024-08-01 08:08:50,699 INFO Rank 14: Completed store-based barrier for key:store_based_barrier_key:5 with 16 nodes.
2024-08-01 08:08:50,699 INFO Made group
2024-08-01 08:08:50,699 INFO Made group
2024-08-01 08:08:50,699 INFO Made group
2024-08-01 08:08:50,699 INFO Made group
2024-08-01 08:08:50,985 INFO Node Reduce CHECKSUM 13: 7.311713
2024-08-01 08:08:50,926 INFO Node Reduce CHECKSUM 12: 7.311713
2024-08-01 08:08:50,989 INFO Node Reduce CHECKSUM 14: 7.311713
2024-08-01 08:08:50,924 INFO Node Reduce CHECKSUM 15: 7.311713
2024-08-01 08:08:51,002 INFO Node Reduce rank 12 at 303889244
2024-08-01 08:08:51,002 INFO Node Reduce rank 13 at 303888513
2024-08-01 08:08:51,002 INFO Node Reduce rank 15 at 303886960
2024-08-01 08:08:51,002 INFO Node Reduce rank 14 at 303892420
2024-08-01 08:08:51,014 INFO All Reduce CHECKSUM 0: 25.730106
2024-08-01 08:08:51,014 INFO All Reduce CHECKSUM 12: 25.730106
2024-08-01 08:08:51,014 INFO All Reduce CHECKSUM 1: 25.730106
2024-08-01 08:08:51,014 INFO All Reduce CHECKSUM 4: 25.730106
2024-08-01 08:08:51,014 INFO All Reduce CHECKSUM 13: 25.730106
2024-08-01 08:08:51,014 INFO All Reduce CHECKSUM 3: 25.730106
2024-08-01 08:08:51,013 INFO All Reduce CHECKSUM 8: 25.730106
2024-08-01 08:08:51,014 INFO All Reduce CHECKSUM 5: 25.730106
2024-08-01 08:08:51,014 INFO All Reduce CHECKSUM 14: 25.730106
2024-08-01 08:08:51,014 INFO All Reduce CHECKSUM 2: 25.730106
2024-08-01 08:08:51,014 INFO All Reduce CHECKSUM 9: 25.730106
2024-08-01 08:08:51,014 INFO All Reduce CHECKSUM 6: 25.730106
2024-08-01 08:08:51,014 INFO All Reduce CHECKSUM 15: 25.730106
2024-08-01 08:08:51,014 INFO All Reduce rank 0 at 487771
2024-08-01 08:08:51,014 INFO All Reduce CHECKSUM 10: 25.730106
2024-08-01 08:08:51,014 INFO All Reduce CHECKSUM 7: 25.730106
2024-08-01 08:08:51,014 INFO All Reduce rank 12 at 479519
2024-08-01 08:08:51,014 INFO All Reduce rank 1 at 489234
2024-08-01 08:08:51,014 INFO All Reduce CHECKSUM 11: 25.730106
2024-08-01 08:08:51,014 INFO All Reduce rank 4 at 482746
2024-08-01 08:08:51,014 INFO All Reduce rank 13 at 480710
2024-08-01 08:08:51,014 INFO Rank 13 done
2024-08-01 08:08:51,014 INFO All Reduce rank 2 at 496197
2024-08-01 08:08:51,014 INFO All Reduce rank 8 at 487251
2024-08-01 08:08:51,014 INFO All Reduce rank 5 at 486363
2024-08-01 08:08:51,014 INFO All Reduce rank 14 at 482163
2024-08-01 08:08:51,014 INFO Rank 14 done
2024-08-01 08:08:51,014 INFO All Reduce rank 3 at 497430
2024-08-01 08:08:51,014 INFO All Reduce rank 9 at 488042
2024-08-01 08:08:51,014 INFO All Reduce rank 7 at 484108
2024-08-01 08:08:51,014 INFO All Reduce rank 15 at 483757
2024-08-01 08:08:51,014 INFO Rank 15 done
2024-08-01 08:08:51,014 INFO Rank 0 done
2024-08-01 08:08:51,014 INFO All Reduce rank 10 at 486840
2024-08-01 08:08:51,014 INFO Rank 10 done
2024-08-01 08:08:51,014 INFO All Reduce rank 6 at 492203
2024-08-01 08:08:51,014 INFO Rank 12 done
2024-08-01 08:08:51,014 INFO Rank 1 done
2024-08-01 08:08:51,014 INFO All Reduce rank 11 at 486500
2024-08-01 08:08:51,014 INFO Rank 11 done
2024-08-01 08:08:51,014 INFO Rank 4 done
2024-08-01 08:08:51,014 INFO Rank 2 done
2024-08-01 08:08:51,014 INFO Rank 8 done
2024-08-01 08:08:51,014 INFO Rank 5 done
2024-08-01 08:08:51,014 INFO Rank 3 done
2024-08-01 08:08:51,014 INFO Rank 9 done
2024-08-01 08:08:51,014 INFO Rank 7 done
2024-08-01 08:08:51,014 INFO Rank 6 done
