
srun: Step created for StepId=29654716.2
2024-08-21 20:10:51,901 INFO Initialized rank 4 out of 16
2024-08-21 20:10:51,901 INFO Initialized rank 6 out of 16
2024-08-21 20:10:51,903 INFO Initialized rank 2 out of 16
2024-08-21 20:10:51,904 INFO Initialized rank 1 out of 16
2024-08-21 20:10:51,904 INFO Initialized rank 0 out of 16
2024-08-21 20:10:51,905 INFO Initialized rank 11 out of 16
2024-08-21 20:10:51,905 INFO Initialized rank 10 out of 16
2024-08-21 20:10:51,905 INFO Initialized rank 15 out of 16
2024-08-21 20:10:51,905 INFO Initialized rank 9 out of 16
2024-08-21 20:10:51,905 INFO Initialized rank 8 out of 16
2024-08-21 20:10:51,905 INFO Initialized rank 14 out of 16
2024-08-21 20:10:51,906 INFO Initialized rank 12 out of 16
2024-08-21 20:10:51,906 INFO Initialized rank 13 out of 16
2024-08-21 20:10:51,914 INFO Initialized rank 3 out of 16
2024-08-21 20:10:51,923 INFO Initialized rank 5 out of 16
2024-08-21 20:10:51,924 INFO Initialized rank 7 out of 16
2024-08-21 20:10:54,563 INFO Sync time
2024-08-21 20:10:54,563 INFO Sending from rank 0
2024-08-21 20:10:54,564 INFO Sync time
2024-08-21 20:10:54,564 INFO Sync time
2024-08-21 20:10:54,564 INFO Sync time
2024-08-21 20:10:54,564 INFO Sync time
2024-08-21 20:10:54,564 INFO Sync time
2024-08-21 20:10:54,564 INFO Sync time
2024-08-21 20:10:54,564 INFO Sync time
2024-08-21 20:10:54,564 INFO Sync time
2024-08-21 20:10:54,564 INFO Sync time
2024-08-21 20:10:54,564 INFO Sync time
2024-08-21 20:10:54,564 INFO Accepting from rank 0
2024-08-21 20:10:54,564 INFO Sync time
2024-08-21 20:10:54,564 INFO Sync time
2024-08-21 20:10:54,564 INFO Sync time
2024-08-21 20:10:54,564 INFO Sync time
2024-08-21 20:10:54,564 INFO Sync time
2024-08-21 20:10:54,564 INFO Accepting from rank 0
2024-08-21 20:10:54,564 INFO Accepting from rank 0
2024-08-21 20:10:54,564 INFO Accepting from rank 0
2024-08-21 20:10:54,564 INFO Accepting from rank 0
2024-08-21 20:10:54,564 INFO Accepting from rank 0
2024-08-21 20:10:54,564 INFO Accepting from rank 0
2024-08-21 20:10:54,564 INFO Accepting from rank 0
2024-08-21 20:10:54,564 INFO Accepting from rank 0
2024-08-21 20:10:54,564 INFO Accepting from rank 0
2024-08-21 20:10:54,564 INFO Accepting from rank 0
2024-08-21 20:10:54,564 INFO Accepting from rank 0
2024-08-21 20:10:54,564 INFO Accepting from rank 0
2024-08-21 20:10:54,564 INFO Accepting from rank 0
2024-08-21 20:10:54,564 INFO Accepting from rank 0
2024-08-21 20:11:03,456 INFO CHECKSUM 0 1 0: 1.228757
2024-08-21 20:11:03,457 INFO CHECKSUM 0 1 0: 1.228757
2024-08-21 20:11:04,618 INFO sent 0 -> 1 # 0 at 165728543, 0.033177 0.380189
2024-08-21 20:11:04,618 INFO recv 0 -> 1 # 0 at 158621785, 0.033177 0.380189
2024-08-21 20:11:13,535 INFO CHECKSUM 0 2 0: 1.499318
2024-08-21 20:11:13,536 INFO CHECKSUM 0 2 0: 1.499318
2024-08-21 20:11:14,840 INFO sent 0 -> 2 # 0 at 230524705, 0.642672 0.129872
2024-08-21 20:11:14,858 INFO recv 0 -> 2 # 0 at 220631575, 0.642672 0.129872
2024-08-21 20:11:23,792 INFO CHECKSUM 0 3 0: 1.320607
2024-08-21 20:11:23,795 INFO CHECKSUM 0 3 0: 1.320607
2024-08-21 20:11:24,769 INFO sent 0 -> 3 # 0 at 231854478, 0.726639 0.465303
2024-08-21 20:11:24,769 INFO recv 0 -> 3 # 0 at 232691808, 0.726639 0.465303
2024-08-21 20:11:33,725 INFO CHECKSUM 0 4 0: 1.151477
2024-08-21 20:11:35,005 INFO sent 0 -> 4 # 0 at 243766474, 0.798619 0.193157
2024-08-21 20:11:33,726 INFO CHECKSUM 0 4 0: 1.151477
2024-08-21 20:11:35,005 INFO recv 0 -> 4 # 0 at 244995290, 0.798619 0.193157
2024-08-21 20:11:43,989 INFO CHECKSUM 0 5 0: 0.799931
2024-08-21 20:11:43,989 INFO CHECKSUM 0 5 0: 0.799931
2024-08-21 20:11:44,971 INFO sent 0 -> 5 # 0 at 258724744, 0.194877 0.793362
2024-08-21 20:11:44,971 INFO recv 0 -> 5 # 0 at 241843633, 0.194877 0.793362
2024-08-21 20:11:54,000 INFO CHECKSUM 0 6 0: 1.594947
2024-08-21 20:11:54,001 INFO CHECKSUM 0 6 0: 1.594947
2024-08-21 20:11:55,161 INFO sent 0 -> 6 # 0 at 294302927, 0.153071 0.314715
2024-08-21 20:11:55,161 INFO recv 0 -> 6 # 0 at 285497660, 0.153071 0.314715
2024-08-21 20:12:04,098 INFO CHECKSUM 0 7 0: 2.754425
2024-08-21 20:12:05,440 INFO sent 0 -> 7 # 0 at 185995615, 0.876793 0.804905
2024-08-21 20:12:04,100 INFO CHECKSUM 0 7 0: 2.754425
2024-08-21 20:12:05,440 INFO recv 0 -> 7 # 0 at 181723008, 0.876793 0.804905
2024-08-21 20:12:14,383 INFO CHECKSUM 0 8 0: 1.340206
2024-08-21 20:12:14,385 INFO CHECKSUM 0 8 0: 1.340206
2024-08-21 20:12:15,744 INFO sent 0 -> 8 # 0 at 211029102, 0.461903 0.833012
2024-08-21 20:12:15,744 INFO recv 0 -> 8 # 0 at 212628759, 0.461903 0.833012
2024-08-21 20:12:24,660 INFO CHECKSUM 0 9 0: 2.332349
2024-08-21 20:12:24,662 INFO CHECKSUM 0 9 0: 2.332349
2024-08-21 20:12:25,802 INFO sent 0 -> 9 # 0 at 200782023, 0.225554 0.637438
2024-08-21 20:12:25,802 INFO recv 0 -> 9 # 0 at 192912363, 0.225554 0.637438
2024-08-21 20:12:34,761 INFO CHECKSUM 0 10 0: 1.265713
2024-08-21 20:12:34,762 INFO CHECKSUM 0 10 0: 1.265713
2024-08-21 20:12:35,931 INFO sent 0 -> 10 # 0 at 222290762, 0.644601 0.511187
2024-08-21 20:12:35,937 INFO recv 0 -> 10 # 0 at 223554722, 0.644601 0.511187
2024-08-21 20:12:45,159 INFO CHECKSUM 0 11 0: 1.765795
2024-08-21 20:12:45,148 INFO CHECKSUM 0 11 0: 1.765795
2024-08-21 20:12:46,233 INFO sent 0 -> 11 # 0 at 225342576, 0.772358 0.716730
2024-08-21 20:12:46,234 INFO recv 0 -> 11 # 0 at 233657086, 0.772358 0.716730
2024-08-21 20:12:55,188 INFO CHECKSUM 0 12 0: 1.825056
2024-08-21 20:12:55,189 INFO CHECKSUM 0 12 0: 1.825056
2024-08-21 20:12:56,404 INFO sent 0 -> 12 # 0 at 231111794, 0.960125 0.474728
2024-08-21 20:12:56,404 INFO recv 0 -> 12 # 0 at 225594533, 0.960125 0.474728
2024-08-21 20:13:05,318 INFO CHECKSUM 0 13 0: 0.846816
2024-08-21 20:13:05,319 INFO CHECKSUM 0 13 0: 0.846816
2024-08-21 20:13:06,427 INFO sent 0 -> 13 # 0 at 209355756, 0.021385 0.128674
2024-08-21 20:13:06,429 INFO recv 0 -> 13 # 0 at 206645575, 0.021385 0.128674
2024-08-21 20:13:15,345 INFO CHECKSUM 0 14 0: 1.527540
2024-08-21 20:13:15,346 INFO CHECKSUM 0 14 0: 1.527540
2024-08-21 20:13:16,566 INFO sent 0 -> 14 # 0 at 206598966, 0.368845 0.120400
2024-08-21 20:13:16,566 INFO recv 0 -> 14 # 0 at 201323007, 0.368845 0.120400
2024-08-21 20:13:25,520 INFO CHECKSUM 0 15 0: 1.131318
2024-08-21 20:13:25,521 INFO CHECKSUM 0 15 0: 1.131318
2024-08-21 20:13:26,581 INFO sent 0 -> 15 # 0 at 216879107, 0.570960 0.976376
2024-08-21 20:13:26,581 INFO Accepting from rank 1
2024-08-21 20:13:26,581 INFO Accepting from rank 1
2024-08-21 20:13:26,581 INFO Accepting from rank 1
2024-08-21 20:13:26,581 INFO Accepting from rank 1
2024-08-21 20:13:26,581 INFO Accepting from rank 1
2024-08-21 20:13:26,581 INFO Accepting from rank 1
2024-08-21 20:13:26,581 INFO Accepting from rank 1
2024-08-21 20:13:26,581 INFO Accepting from rank 1
2024-08-21 20:13:26,581 INFO Accepting from rank 1
2024-08-21 20:13:26,581 INFO Accepting from rank 1
2024-08-21 20:13:26,581 INFO Accepting from rank 1
2024-08-21 20:13:26,581 INFO recv 0 -> 15 # 0 at 217053431, 0.570960 0.976376
2024-08-21 20:13:26,581 INFO Accepting from rank 1
2024-08-21 20:13:26,581 INFO Sending from rank 1
2024-08-21 20:13:26,581 INFO Accepting from rank 1
2024-08-21 20:13:26,581 INFO Accepting from rank 1
2024-08-21 20:13:26,606 INFO Accepting from rank 1
2024-08-21 20:13:35,365 INFO CHECKSUM 1 0 0: 1.343089
2024-08-21 20:13:35,366 INFO CHECKSUM 1 0 0: 1.343089
2024-08-21 20:13:36,492 INFO recv 1 -> 0 # 0 at 34255994, 0.050594 0.181560
2024-08-21 20:13:36,492 INFO sent 1 -> 0 # 0 at 33625693, 0.050594 0.181560
2024-08-21 20:13:45,460 INFO CHECKSUM 1 2 0: 1.758751
2024-08-21 20:13:45,460 INFO CHECKSUM 1 2 0: 1.758751
2024-08-21 20:13:46,521 INFO sent 1 -> 2 # 0 at 225513324, 0.825039 0.332232
2024-08-21 20:13:46,521 INFO recv 1 -> 2 # 0 at 225893469, 0.825039 0.332232
2024-08-21 20:13:55,456 INFO CHECKSUM 1 3 0: 2.215440
2024-08-21 20:13:55,457 INFO CHECKSUM 1 3 0: 2.215440
2024-08-21 20:13:56,386 INFO sent 1 -> 3 # 0 at 182041118, 0.183944 0.318905
2024-08-21 20:13:56,386 INFO recv 1 -> 3 # 0 at 182581283, 0.183944 0.318905
2024-08-21 20:14:05,319 INFO CHECKSUM 1 4 0: 1.925926
2024-08-21 20:14:06,417 INFO sent 1 -> 4 # 0 at 169197826, 0.819426 0.828317
2024-08-21 20:14:05,319 INFO CHECKSUM 1 4 0: 1.925926
2024-08-21 20:14:06,417 INFO recv 1 -> 4 # 0 at 169557026, 0.819426 0.828317
2024-08-21 20:14:15,433 INFO CHECKSUM 1 5 0: 2.258681
2024-08-21 20:14:15,434 INFO CHECKSUM 1 5 0: 2.258681
2024-08-21 20:14:16,458 INFO recv 1 -> 5 # 0 at 197930772, 0.268176 0.575787
2024-08-21 20:14:16,458 INFO sent 1 -> 5 # 0 at 197628620, 0.268176 0.575787
2024-08-21 20:14:25,460 INFO CHECKSUM 1 6 0: 1.785550
2024-08-21 20:14:25,460 INFO CHECKSUM 1 6 0: 1.785550
2024-08-21 20:14:26,468 INFO sent 1 -> 6 # 0 at 186694217, 0.455026 0.933300
2024-08-21 20:14:26,468 INFO recv 1 -> 6 # 0 at 187165354, 0.455026 0.933300
2024-08-21 20:14:35,564 INFO CHECKSUM 1 7 0: 1.616327
2024-08-21 20:14:35,573 INFO CHECKSUM 1 7 0: 1.616327
2024-08-21 20:14:36,606 INFO sent 1 -> 7 # 0 at 195210702, 0.294554 0.717488
2024-08-21 20:14:36,606 INFO recv 1 -> 7 # 0 at 203553140, 0.294554 0.717488
2024-08-21 20:14:45,627 INFO CHECKSUM 1 8 0: 0.870036
2024-08-21 20:14:45,628 INFO CHECKSUM 1 8 0: 0.870036
2024-08-21 20:14:46,791 INFO recv 1 -> 8 # 0 at 117954885, 0.988501 0.752325
2024-08-21 20:14:46,791 INFO sent 1 -> 8 # 0 at 117501245, 0.988501 0.752325
2024-08-21 20:14:55,884 INFO CHECKSUM 1 9 0: 1.089937
2024-08-21 20:14:55,901 INFO CHECKSUM 1 9 0: 1.089937
2024-08-21 20:14:56,894 INFO sent 1 -> 9 # 0 at 163545336, 0.271224 0.938770
2024-08-21 20:14:56,894 INFO recv 1 -> 9 # 0 at 181138735, 0.271224 0.938770
2024-08-21 20:15:06,024 INFO CHECKSUM 1 10 0: 2.071368
2024-08-21 20:15:06,041 INFO CHECKSUM 1 10 0: 2.071368
2024-08-21 20:15:07,153 INFO recv 1 -> 10 # 0 at 176915901, 0.273318 0.475643
2024-08-21 20:15:07,153 INFO sent 1 -> 10 # 0 at 153809282, 0.273318 0.475643
2024-08-21 20:15:16,277 INFO CHECKSUM 1 11 0: 1.424644
2024-08-21 20:15:16,277 INFO CHECKSUM 1 11 0: 1.424644
2024-08-21 20:15:17,311 INFO sent 1 -> 11 # 0 at 183911777, 0.825542 0.066660
2024-08-21 20:15:17,311 INFO recv 1 -> 11 # 0 at 183891744, 0.825542 0.066660
2024-08-21 20:15:26,497 INFO CHECKSUM 1 12 0: 1.883962
2024-08-21 20:15:26,497 INFO CHECKSUM 1 12 0: 1.883962
2024-08-21 20:15:27,585 INFO recv 1 -> 12 # 0 at 226954223, 0.977401 0.153392
2024-08-21 20:15:27,585 INFO sent 1 -> 12 # 0 at 226626924, 0.977401 0.153392
2024-08-21 20:15:36,732 INFO CHECKSUM 1 13 0: 1.366458
2024-08-21 20:15:36,732 INFO CHECKSUM 1 13 0: 1.366458
2024-08-21 20:15:37,849 INFO sent 1 -> 13 # 0 at 159156984, 0.980014 0.097571
2024-08-21 20:15:37,849 INFO recv 1 -> 13 # 0 at 164885617, 0.980014 0.097571
2024-08-21 20:15:46,934 INFO CHECKSUM 1 14 0: 1.610506
2024-08-21 20:15:46,935 INFO CHECKSUM 1 14 0: 1.610506
2024-08-21 20:15:47,931 INFO sent 1 -> 14 # 0 at 156648710, 0.721567 0.205229
2024-08-21 20:15:47,931 INFO recv 1 -> 14 # 0 at 169581510, 0.721567 0.205229
2024-08-21 20:15:56,866 INFO CHECKSUM 1 15 0: 1.073343
2024-08-21 20:15:56,867 INFO CHECKSUM 1 15 0: 1.073343
2024-08-21 20:15:57,886 INFO Accepting from rank 2
2024-08-21 20:15:57,886 INFO Accepting from rank 2
2024-08-21 20:15:57,886 INFO Accepting from rank 2
2024-08-21 20:15:57,886 INFO Accepting from rank 2
2024-08-21 20:15:57,886 INFO Sending from rank 2
2024-08-21 20:15:57,886 INFO Accepting from rank 2
2024-08-21 20:15:57,886 INFO Accepting from rank 2
2024-08-21 20:15:57,886 INFO Accepting from rank 2
2024-08-21 20:15:57,886 INFO Accepting from rank 2
2024-08-21 20:15:57,886 INFO Accepting from rank 2
2024-08-21 20:15:57,886 INFO Accepting from rank 2
2024-08-21 20:15:57,886 INFO sent 1 -> 15 # 0 at 108317066, 0.967145 0.990107
2024-08-21 20:15:57,886 INFO Accepting from rank 2
2024-08-21 20:15:57,886 INFO recv 1 -> 15 # 0 at 108487245, 0.967145 0.990107
2024-08-21 20:15:57,886 INFO Accepting from rank 2
2024-08-21 20:15:57,886 INFO Accepting from rank 2
2024-08-21 20:15:57,886 INFO Accepting from rank 2
2024-08-21 20:15:57,911 INFO Accepting from rank 2
2024-08-21 20:16:06,777 INFO CHECKSUM 2 0 0: 0.976597
2024-08-21 20:16:06,772 INFO CHECKSUM 2 0 0: 0.976597
2024-08-21 20:16:07,853 INFO recv 2 -> 0 # 0 at 81820855, 0.053935 0.053790
2024-08-21 20:16:07,853 INFO sent 2 -> 0 # 0 at 75984814, 0.053935 0.053790
2024-08-21 20:16:16,620 INFO CHECKSUM 2 1 0: 1.652441
2024-08-21 20:16:16,620 INFO CHECKSUM 2 1 0: 1.652441
2024-08-21 20:16:17,725 INFO recv 2 -> 1 # 0 at 15129521, 0.668427 0.379971
2024-08-21 20:16:17,725 INFO sent 2 -> 1 # 0 at 14557745, 0.668427 0.379971
2024-08-21 20:16:26,624 INFO CHECKSUM 2 3 0: 0.711764
2024-08-21 20:16:26,625 INFO CHECKSUM 2 3 0: 0.711764
2024-08-21 20:16:27,592 INFO sent 2 -> 3 # 0 at 186007255, 0.869448 0.616434
2024-08-21 20:16:27,592 INFO recv 2 -> 3 # 0 at 186087059, 0.869448 0.616434
2024-08-21 20:16:36,513 INFO CHECKSUM 2 4 0: 1.492731
2024-08-21 20:16:37,916 INFO sent 2 -> 4 # 0 at 184956561, 0.297093 0.896555
2024-08-21 20:16:36,513 INFO CHECKSUM 2 4 0: 1.492731
2024-08-21 20:16:37,916 INFO recv 2 -> 4 # 0 at 185026911, 0.297093 0.896555
2024-08-21 20:16:46,758 INFO CHECKSUM 2 5 0: 1.160161
2024-08-21 20:16:46,767 INFO CHECKSUM 2 5 0: 1.160161
2024-08-21 20:16:47,916 INFO sent 2 -> 5 # 0 at 122276666, 0.235427 0.198604
2024-08-21 20:16:47,916 INFO recv 2 -> 5 # 0 at 131379904, 0.235427 0.198604
2024-08-21 20:16:56,785 INFO CHECKSUM 2 6 0: 2.251595
2024-08-21 20:16:57,804 INFO sent 2 -> 6 # 0 at 183760998, 0.403559 0.615532
2024-08-21 20:16:56,785 INFO CHECKSUM 2 6 0: 2.251595
2024-08-21 20:16:57,804 INFO recv 2 -> 6 # 0 at 183818542, 0.403559 0.615532
2024-08-21 20:17:06,748 INFO CHECKSUM 2 7 0: 1.047922
2024-08-21 20:17:06,749 INFO CHECKSUM 2 7 0: 1.047922
2024-08-21 20:17:07,679 INFO sent 2 -> 7 # 0 at 192569360, 0.529956 0.744083
2024-08-21 20:17:07,679 INFO recv 2 -> 7 # 0 at 191816908, 0.529956 0.744083
2024-08-21 20:17:16,578 INFO CHECKSUM 2 8 0: 1.900934
2024-08-21 20:17:16,579 INFO CHECKSUM 2 8 0: 1.900934
2024-08-21 20:17:17,750 INFO sent 2 -> 8 # 0 at 158786861, 0.839257 0.213437
2024-08-21 20:17:17,750 INFO recv 2 -> 8 # 0 at 159124314, 0.839257 0.213437
2024-08-21 20:17:26,595 INFO CHECKSUM 2 9 0: 1.915064
2024-08-21 20:17:26,596 INFO CHECKSUM 2 9 0: 1.915064
2024-08-21 20:17:27,834 INFO recv 2 -> 9 # 0 at 127961400, 0.245499 0.071535
2024-08-21 20:17:27,835 INFO sent 2 -> 9 # 0 at 137004318, 0.245499 0.071535
2024-08-21 20:17:36,709 INFO CHECKSUM 2 10 0: 1.998315
2024-08-21 20:17:36,710 INFO CHECKSUM 2 10 0: 1.998315
2024-08-21 20:17:37,749 INFO sent 2 -> 10 # 0 at 179280897, 0.748511 0.287830
2024-08-21 20:17:37,749 INFO recv 2 -> 10 # 0 at 169029468, 0.748511 0.287830
2024-08-21 20:17:46,600 INFO CHECKSUM 2 11 0: 1.230183
2024-08-21 20:17:46,601 INFO CHECKSUM 2 11 0: 1.230183
2024-08-21 20:17:47,913 INFO recv 2 -> 11 # 0 at 117648048, 0.046685 0.161097
2024-08-21 20:17:47,913 INFO sent 2 -> 11 # 0 at 120691339, 0.046685 0.161097
2024-08-21 20:17:56,783 INFO CHECKSUM 2 12 0: 2.349699
2024-08-21 20:17:56,783 INFO CHECKSUM 2 12 0: 2.349699
2024-08-21 20:17:57,910 INFO sent 2 -> 12 # 0 at 181227312, 0.440840 0.828464
2024-08-21 20:17:57,910 INFO recv 2 -> 12 # 0 at 181444037, 0.440840 0.828464
2024-08-21 20:18:06,811 INFO CHECKSUM 2 13 0: 1.283105
2024-08-21 20:18:06,811 INFO CHECKSUM 2 13 0: 1.283105
2024-08-21 20:18:08,100 INFO sent 2 -> 13 # 0 at 174891004, 0.185148 0.395867
2024-08-21 20:18:08,113 INFO recv 2 -> 13 # 0 at 173912302, 0.185148 0.395867
2024-08-21 20:18:16,961 INFO CHECKSUM 2 14 0: 1.609149
2024-08-21 20:18:16,962 INFO CHECKSUM 2 14 0: 1.609149
2024-08-21 20:18:18,246 INFO sent 2 -> 14 # 0 at 168114375, 0.138169 0.195043
2024-08-21 20:18:18,246 INFO recv 2 -> 14 # 0 at 168844439, 0.138169 0.195043
2024-08-21 20:18:27,135 INFO CHECKSUM 2 15 0: 0.384317
2024-08-21 20:18:27,135 INFO CHECKSUM 2 15 0: 0.384317
2024-08-21 20:18:28,292 INFO Accepting from rank 3
2024-08-21 20:18:28,292 INFO Accepting from rank 3
2024-08-21 20:18:28,292 INFO Accepting from rank 3
2024-08-21 20:18:28,292 INFO sent 2 -> 15 # 0 at 197772230, 0.122084 0.157845
2024-08-21 20:18:28,292 INFO Accepting from rank 3
2024-08-21 20:18:28,292 INFO Accepting from rank 3
2024-08-21 20:18:28,292 INFO Accepting from rank 3
2024-08-21 20:18:28,292 INFO Accepting from rank 3
2024-08-21 20:18:28,292 INFO Accepting from rank 3
2024-08-21 20:18:28,292 INFO Accepting from rank 3
2024-08-21 20:18:28,292 INFO Accepting from rank 3
2024-08-21 20:18:28,292 INFO Sending from rank 3
2024-08-21 20:18:28,292 INFO Accepting from rank 3
2024-08-21 20:18:28,292 INFO recv 2 -> 15 # 0 at 190601707, 0.122084 0.157845
2024-08-21 20:18:28,292 INFO Accepting from rank 3
2024-08-21 20:18:28,292 INFO Accepting from rank 3
2024-08-21 20:18:28,292 INFO Accepting from rank 3
2024-08-21 20:18:28,317 INFO Accepting from rank 3
2024-08-21 20:18:37,058 INFO CHECKSUM 3 0 0: 0.939379
2024-08-21 20:18:37,058 INFO CHECKSUM 3 0 0: 0.939379
2024-08-21 20:18:38,240 INFO recv 3 -> 0 # 0 at 15947843, 0.031447 0.145688
2024-08-21 20:18:38,240 INFO sent 3 -> 0 # 0 at 15772514, 0.031447 0.145688
2024-08-21 20:18:47,068 INFO CHECKSUM 3 1 0: 1.240387
2024-08-21 20:18:47,067 INFO CHECKSUM 3 1 0: 1.240387
2024-08-21 20:18:48,281 INFO recv 3 -> 1 # 0 at 93734971, 0.975882 0.122689
2024-08-21 20:18:48,281 INFO sent 3 -> 1 # 0 at 93385967, 0.975882 0.122689
2024-08-21 20:18:57,049 INFO CHECKSUM 3 2 0: 1.044847
2024-08-21 20:18:57,050 INFO CHECKSUM 3 2 0: 1.044847
2024-08-21 20:18:57,979 INFO sent 3 -> 2 # 0 at 14911257, 0.702457 0.176144
2024-08-21 20:18:57,979 INFO recv 3 -> 2 # 0 at 16468571, 0.702457 0.176144
2024-08-21 20:19:06,859 INFO CHECKSUM 3 4 0: 1.001417
2024-08-21 20:19:06,860 INFO CHECKSUM 3 4 0: 1.001417
2024-08-21 20:19:07,910 INFO recv 3 -> 4 # 0 at 163897217, 0.644696 0.268888
2024-08-21 20:19:07,911 INFO sent 3 -> 4 # 0 at 163635943, 0.644696 0.268888
2024-08-21 20:19:16,789 INFO CHECKSUM 3 5 0: 0.653754
2024-08-21 20:19:16,789 INFO CHECKSUM 3 5 0: 0.653754
2024-08-21 20:19:17,870 INFO sent 3 -> 5 # 0 at 158700403, 0.445766 0.309156
2024-08-21 20:19:17,876 INFO recv 3 -> 5 # 0 at 159034428, 0.445766 0.309156
2024-08-21 20:19:26,746 INFO CHECKSUM 3 6 0: 1.492412
2024-08-21 20:19:27,973 INFO sent 3 -> 6 # 0 at 175869720, 0.169556 0.184542
2024-08-21 20:19:26,746 INFO CHECKSUM 3 6 0: 1.492412
2024-08-21 20:19:27,973 INFO recv 3 -> 6 # 0 at 176117991, 0.169556 0.184542
2024-08-21 20:19:36,891 INFO CHECKSUM 3 7 0: 1.028411
2024-08-21 20:19:36,891 INFO CHECKSUM 3 7 0: 1.028411
2024-08-21 20:19:37,898 INFO sent 3 -> 7 # 0 at 179184584, 0.336256 0.060828
2024-08-21 20:19:37,898 INFO recv 3 -> 7 # 0 at 175646390, 0.336256 0.060828
2024-08-21 20:19:46,770 INFO CHECKSUM 3 8 0: 1.304242
2024-08-21 20:19:46,770 INFO CHECKSUM 3 8 0: 1.304242
2024-08-21 20:19:47,975 INFO sent 3 -> 8 # 0 at 168121310, 0.781413 0.810758
2024-08-21 20:19:47,975 INFO recv 3 -> 8 # 0 at 168146984, 0.781413 0.810758
2024-08-21 20:19:56,840 INFO CHECKSUM 3 9 0: 1.442455
2024-08-21 20:19:56,841 INFO CHECKSUM 3 9 0: 1.442455
2024-08-21 20:19:58,048 INFO sent 3 -> 9 # 0 at 188695764, 0.702638 0.741641
2024-08-21 20:19:58,048 INFO recv 3 -> 9 # 0 at 172922124, 0.702638 0.741641
2024-08-21 20:20:06,931 INFO CHECKSUM 3 10 0: 1.568083
2024-08-21 20:20:06,931 INFO CHECKSUM 3 10 0: 1.568083
2024-08-21 20:20:07,972 INFO sent 3 -> 10 # 0 at 168809602, 0.712999 0.178642
2024-08-21 20:20:07,972 INFO recv 3 -> 10 # 0 at 173972590, 0.712999 0.178642
2024-08-21 20:20:16,916 INFO CHECKSUM 3 11 0: 1.582952
2024-08-21 20:20:16,917 INFO CHECKSUM 3 11 0: 1.582952
2024-08-21 20:20:17,945 INFO sent 3 -> 11 # 0 at 172701762, 0.000901 0.583954
2024-08-21 20:20:17,945 INFO recv 3 -> 11 # 0 at 157345640, 0.000901 0.583954
2024-08-21 20:20:26,875 INFO CHECKSUM 3 12 0: 1.143386
2024-08-21 20:20:26,875 INFO CHECKSUM 3 12 0: 1.143386
2024-08-21 20:20:28,107 INFO recv 3 -> 12 # 0 at 215352426, 0.478185 0.542616
2024-08-21 20:20:28,107 INFO sent 3 -> 12 # 0 at 209118376, 0.478185 0.542616
2024-08-21 20:20:37,041 INFO CHECKSUM 3 13 0: 2.096878
2024-08-21 20:20:37,041 INFO CHECKSUM 3 13 0: 2.096878
2024-08-21 20:20:38,326 INFO sent 3 -> 13 # 0 at 188806329, 0.299824 0.150815
2024-08-21 20:20:38,329 INFO recv 3 -> 13 # 0 at 187929117, 0.299824 0.150815
2024-08-21 20:20:47,209 INFO CHECKSUM 3 14 0: 0.601507
2024-08-21 20:20:47,210 INFO CHECKSUM 3 14 0: 0.601507
2024-08-21 20:20:48,473 INFO recv 3 -> 14 # 0 at 180916006, 0.987766 0.653399
2024-08-21 20:20:48,475 INFO sent 3 -> 14 # 0 at 191449998, 0.987766 0.653399
2024-08-21 20:20:57,347 INFO CHECKSUM 3 15 0: 1.242463
2024-08-21 20:20:57,347 INFO CHECKSUM 3 15 0: 1.242463
2024-08-21 20:20:58,479 INFO Accepting from rank 4
2024-08-21 20:20:58,480 INFO Accepting from rank 4
2024-08-21 20:20:58,480 INFO Accepting from rank 4
2024-08-21 20:20:58,480 INFO Accepting from rank 4
2024-08-21 20:20:58,480 INFO Sending from rank 4
2024-08-21 20:20:58,480 INFO Accepting from rank 4
2024-08-21 20:20:58,480 INFO Accepting from rank 4
2024-08-21 20:20:58,480 INFO Accepting from rank 4
2024-08-21 20:20:58,480 INFO Accepting from rank 4
2024-08-21 20:20:58,480 INFO sent 3 -> 15 # 0 at 176993981, 0.621176 0.136891
2024-08-21 20:20:58,480 INFO recv 3 -> 15 # 0 at 178089031, 0.621176 0.136891
2024-08-21 20:20:58,480 INFO Accepting from rank 4
2024-08-21 20:20:58,480 INFO Accepting from rank 4
2024-08-21 20:20:58,487 INFO Accepting from rank 4
2024-08-21 20:20:58,487 INFO Accepting from rank 4
2024-08-21 20:20:58,487 INFO Accepting from rank 4
2024-08-21 20:20:58,487 INFO Accepting from rank 4
2024-08-21 20:20:58,510 INFO Accepting from rank 4
2024-08-21 20:21:07,318 INFO CHECKSUM 4 0 0: 1.679266
2024-08-21 20:21:07,317 INFO CHECKSUM 4 0 0: 1.679266
2024-08-21 20:21:08,432 INFO recv 4 -> 0 # 0 at 90080419, 0.890100 0.020186
2024-08-21 20:21:08,432 INFO sent 4 -> 0 # 0 at 89453718, 0.890100 0.020186
2024-08-21 20:21:17,242 INFO CHECKSUM 4 1 0: 1.713843
2024-08-21 20:21:17,241 INFO CHECKSUM 4 1 0: 1.713843
2024-08-21 20:21:18,403 INFO recv 4 -> 1 # 0 at 74563710, 0.338065 0.805715
2024-08-21 20:21:18,403 INFO sent 4 -> 1 # 0 at 81332311, 0.338065 0.805715
2024-08-21 20:21:27,210 INFO CHECKSUM 4 2 0: 1.070880
2024-08-21 20:21:27,210 INFO CHECKSUM 4 2 0: 1.070880
2024-08-21 20:21:28,229 INFO recv 4 -> 2 # 0 at 96237850, 0.169155 0.498253
2024-08-21 20:21:28,229 INFO sent 4 -> 2 # 0 at 96216238, 0.169155 0.498253
2024-08-21 20:21:37,018 INFO CHECKSUM 4 3 0: 1.721409
2024-08-21 20:21:37,017 INFO CHECKSUM 4 3 0: 1.721409
2024-08-21 20:21:38,117 INFO sent 4 -> 3 # 0 at 33227007, 0.025168 0.844337
2024-08-21 20:21:38,119 INFO recv 4 -> 3 # 0 at 33783427, 0.025168 0.844337
2024-08-21 20:21:47,217 INFO CHECKSUM 4 5 0: 1.482995
2024-08-21 20:21:47,217 INFO CHECKSUM 4 5 0: 1.482995
2024-08-21 20:21:48,330 INFO sent 4 -> 5 # 0 at 179334975, 0.925230 0.020448
2024-08-21 20:21:48,330 INFO recv 4 -> 5 # 0 at 179465007, 0.925230 0.020448
2024-08-21 20:21:57,234 INFO CHECKSUM 4 6 0: 0.888419
2024-08-21 20:21:57,234 INFO CHECKSUM 4 6 0: 0.888419
2024-08-21 20:21:58,257 INFO sent 4 -> 6 # 0 at 172834427, 0.041480 0.086242
2024-08-21 20:21:58,257 INFO recv 4 -> 6 # 0 at 173202991, 0.041480 0.086242
2024-08-21 20:22:07,155 INFO CHECKSUM 4 7 0: 1.874369
2024-08-21 20:22:07,156 INFO CHECKSUM 4 7 0: 1.874369
2024-08-21 20:22:08,110 INFO sent 4 -> 7 # 0 at 180866665, 0.650695 0.957016
2024-08-21 20:22:08,110 INFO recv 4 -> 7 # 0 at 180314798, 0.650695 0.957016
2024-08-21 20:22:16,985 INFO CHECKSUM 4 8 0: 1.698535
2024-08-21 20:22:16,985 INFO CHECKSUM 4 8 0: 1.698535
2024-08-21 20:22:17,981 INFO recv 4 -> 8 # 0 at 162888932, 0.181159 0.994594
2024-08-21 20:22:17,981 INFO sent 4 -> 8 # 0 at 162808345, 0.181159 0.994594
2024-08-21 20:22:26,885 INFO CHECKSUM 4 9 0: 1.497959
2024-08-21 20:22:26,877 INFO CHECKSUM 4 9 0: 1.497959
2024-08-21 20:22:27,906 INFO sent 4 -> 9 # 0 at 178932292, 0.318228 0.700531
2024-08-21 20:22:27,913 INFO recv 4 -> 9 # 0 at 187228138, 0.318228 0.700531
2024-08-21 20:22:36,802 INFO CHECKSUM 4 10 0: 2.114475
2024-08-21 20:22:36,801 INFO CHECKSUM 4 10 0: 2.114475
2024-08-21 20:22:38,051 INFO recv 4 -> 10 # 0 at 187969117, 0.907449 0.840571
2024-08-21 20:22:38,051 INFO sent 4 -> 10 # 0 at 187322586, 0.907449 0.840571
2024-08-21 20:22:46,980 INFO CHECKSUM 4 11 0: 1.976029
2024-08-21 20:22:46,979 INFO CHECKSUM 4 11 0: 1.976029
2024-08-21 20:22:48,133 INFO recv 4 -> 11 # 0 at 184124382, 0.663785 0.265621
2024-08-21 20:22:48,133 INFO sent 4 -> 11 # 0 at 185409023, 0.663785 0.265621
2024-08-21 20:22:57,100 INFO CHECKSUM 4 12 0: 1.938130
2024-08-21 20:22:57,101 INFO CHECKSUM 4 12 0: 1.938130
2024-08-21 20:22:58,186 INFO recv 4 -> 12 # 0 at 221005674, 0.516388 0.343432
2024-08-21 20:22:58,186 INFO sent 4 -> 12 # 0 at 220780882, 0.516388 0.343432
2024-08-21 20:23:07,094 INFO CHECKSUM 4 13 0: 1.013884
2024-08-21 20:23:07,094 INFO CHECKSUM 4 13 0: 1.013884
2024-08-21 20:23:08,242 INFO sent 4 -> 13 # 0 at 157261863, 0.640084 0.917057
2024-08-21 20:23:08,245 INFO recv 4 -> 13 # 0 at 157446138, 0.640084 0.917057
2024-08-21 20:23:17,174 INFO CHECKSUM 4 14 0: 0.678590
2024-08-21 20:23:17,174 INFO CHECKSUM 4 14 0: 0.678590
2024-08-21 20:23:18,329 INFO recv 4 -> 14 # 0 at 185685113, 0.655069 0.871529
2024-08-21 20:23:18,329 INFO sent 4 -> 14 # 0 at 193992501, 0.655069 0.871529
2024-08-21 20:23:27,338 INFO CHECKSUM 4 15 0: 2.164186
2024-08-21 20:23:27,338 INFO CHECKSUM 4 15 0: 2.164186
2024-08-21 20:23:28,413 INFO Accepting from rank 5
2024-08-21 20:23:28,413 INFO Accepting from rank 5
2024-08-21 20:23:28,413 INFO Accepting from rank 5
2024-08-21 20:23:28,413 INFO Accepting from rank 5
2024-08-21 20:23:28,413 INFO Accepting from rank 5
2024-08-21 20:23:28,413 INFO Accepting from rank 5
2024-08-21 20:23:28,413 INFO sent 4 -> 15 # 0 at 156281597, 0.212465 0.205156
2024-08-21 20:23:28,413 INFO Accepting from rank 5
2024-08-21 20:23:28,413 INFO Accepting from rank 5
2024-08-21 20:23:28,413 INFO Accepting from rank 5
2024-08-21 20:23:28,413 INFO Sending from rank 5
2024-08-21 20:23:28,413 INFO recv 4 -> 15 # 0 at 156580608, 0.212465 0.205156
2024-08-21 20:23:28,413 INFO Accepting from rank 5
2024-08-21 20:23:28,413 INFO Accepting from rank 5
2024-08-21 20:23:28,413 INFO Accepting from rank 5
2024-08-21 20:23:28,413 INFO Accepting from rank 5
2024-08-21 20:23:28,413 INFO Accepting from rank 5
2024-08-21 20:23:28,437 INFO Accepting from rank 5
2024-08-21 20:23:37,147 INFO CHECKSUM 5 0 0: 1.396205
2024-08-21 20:23:37,147 INFO CHECKSUM 5 0 0: 1.396205
2024-08-21 20:23:38,260 INFO recv 5 -> 0 # 0 at 34219344, 0.821567 0.084929
2024-08-21 20:23:38,260 INFO sent 5 -> 0 # 0 at 23466504, 0.821567 0.084929
2024-08-21 20:23:47,018 INFO CHECKSUM 5 1 0: 2.467987
2024-08-21 20:23:47,017 INFO CHECKSUM 5 1 0: 2.467987
2024-08-21 20:23:48,187 INFO recv 5 -> 1 # 0 at 15787394, 0.001597 0.800336
2024-08-21 20:23:48,187 INFO sent 5 -> 1 # 0 at 14535774, 0.001597 0.800336
2024-08-21 20:23:56,993 INFO CHECKSUM 5 2 0: 1.250134
2024-08-21 20:23:56,992 INFO CHECKSUM 5 2 0: 1.250134
2024-08-21 20:23:58,204 INFO recv 5 -> 2 # 0 at 81067155, 0.068514 0.191255
2024-08-21 20:23:58,206 INFO sent 5 -> 2 # 0 at 74060313, 0.068514 0.191255
2024-08-21 20:24:06,950 INFO CHECKSUM 5 3 0: 1.610533
2024-08-21 20:24:06,950 INFO CHECKSUM 5 3 0: 1.610533
2024-08-21 20:24:08,140 INFO recv 5 -> 3 # 0 at 21211176, 0.340902 0.281074
2024-08-21 20:24:08,139 INFO sent 5 -> 3 # 0 at 27970028, 0.340902 0.281074
2024-08-21 20:24:16,880 INFO CHECKSUM 5 4 0: 1.364544
2024-08-21 20:24:16,881 INFO CHECKSUM 5 4 0: 1.364544
2024-08-21 20:24:18,009 INFO recv 5 -> 4 # 0 at 14581193, 0.672439 0.007928
2024-08-21 20:24:18,016 INFO sent 5 -> 4 # 0 at 14268227, 0.672439 0.007928
2024-08-21 20:24:26,854 INFO CHECKSUM 5 6 0: 0.692001
2024-08-21 20:24:26,854 INFO CHECKSUM 5 6 0: 0.692001
2024-08-21 20:24:27,933 INFO sent 5 -> 6 # 0 at 125983175, 0.703642 0.665641
2024-08-21 20:24:27,933 INFO recv 5 -> 6 # 0 at 126632059, 0.703642 0.665641
2024-08-21 20:24:36,833 INFO CHECKSUM 5 7 0: 1.367079
2024-08-21 20:24:36,833 INFO CHECKSUM 5 7 0: 1.367079
2024-08-21 20:24:38,003 INFO sent 5 -> 7 # 0 at 209309922, 0.171002 0.269426
2024-08-21 20:24:38,003 INFO recv 5 -> 7 # 0 at 209759001, 0.171002 0.269426
2024-08-21 20:24:46,901 INFO CHECKSUM 5 8 0: 1.202071
2024-08-21 20:24:46,901 INFO CHECKSUM 5 8 0: 1.202071
2024-08-21 20:24:48,005 INFO recv 5 -> 8 # 0 at 181961808, 0.847392 0.793662
2024-08-21 20:24:48,005 INFO sent 5 -> 8 # 0 at 181644353, 0.847392 0.793662
2024-08-21 20:24:56,884 INFO CHECKSUM 5 9 0: 2.104055
2024-08-21 20:24:56,884 INFO CHECKSUM 5 9 0: 2.104055
2024-08-21 20:24:57,963 INFO recv 5 -> 9 # 0 at 159244468, 0.455673 0.529470
2024-08-21 20:24:57,963 INFO sent 5 -> 9 # 0 at 159206538, 0.455673 0.529470
2024-08-21 20:25:06,869 INFO CHECKSUM 5 10 0: 1.401430
2024-08-21 20:25:06,869 INFO CHECKSUM 5 10 0: 1.401430
2024-08-21 20:25:08,045 INFO recv 5 -> 10 # 0 at 195244270, 0.954218 0.084050
2024-08-21 20:25:08,047 INFO sent 5 -> 10 # 0 at 177271602, 0.954218 0.084050
2024-08-21 20:25:17,005 INFO CHECKSUM 5 11 0: 1.059610
2024-08-21 20:25:17,005 INFO CHECKSUM 5 11 0: 1.059610
2024-08-21 20:25:18,004 INFO recv 5 -> 11 # 0 at 193266595, 0.742329 0.080050
2024-08-21 20:25:18,007 INFO sent 5 -> 11 # 0 at 193192517, 0.742329 0.080050
2024-08-21 20:25:26,988 INFO CHECKSUM 5 12 0: 1.343256
2024-08-21 20:25:26,989 INFO CHECKSUM 5 12 0: 1.343256
2024-08-21 20:25:28,046 INFO recv 5 -> 12 # 0 at 212447512, 0.961807 0.590602
2024-08-21 20:25:28,047 INFO sent 5 -> 12 # 0 at 211993485, 0.961807 0.590602
2024-08-21 20:25:36,901 INFO CHECKSUM 5 13 0: 1.198649
2024-08-21 20:25:36,901 INFO CHECKSUM 5 13 0: 1.198649
2024-08-21 20:25:37,979 INFO sent 5 -> 13 # 0 at 164696331, 0.746291 0.804434
2024-08-21 20:25:37,981 INFO recv 5 -> 13 # 0 at 164776622, 0.746291 0.804434
2024-08-21 20:25:46,901 INFO CHECKSUM 5 14 0: 1.863735
2024-08-21 20:25:46,901 INFO CHECKSUM 5 14 0: 1.863735
2024-08-21 20:25:47,959 INFO recv 5 -> 14 # 0 at 192071845, 0.465544 0.297716
2024-08-21 20:25:47,959 INFO sent 5 -> 14 # 0 at 185236934, 0.465544 0.297716
2024-08-21 20:25:56,814 INFO CHECKSUM 5 15 0: 1.655416
2024-08-21 20:25:56,814 INFO CHECKSUM 5 15 0: 1.655416
2024-08-21 20:25:57,824 INFO Accepting from rank 6
2024-08-21 20:25:57,824 INFO Accepting from rank 6
2024-08-21 20:25:57,824 INFO Accepting from rank 6
2024-08-21 20:25:57,824 INFO Accepting from rank 6
2024-08-21 20:25:57,824 INFO Accepting from rank 6
2024-08-21 20:25:57,824 INFO Accepting from rank 6
2024-08-21 20:25:57,824 INFO Accepting from rank 6
2024-08-21 20:25:57,824 INFO sent 5 -> 15 # 0 at 159934036, 0.317340 0.861168
2024-08-21 20:25:57,824 INFO Accepting from rank 6
2024-08-21 20:25:57,824 INFO Accepting from rank 6
2024-08-21 20:25:57,825 INFO Accepting from rank 6
2024-08-21 20:25:57,824 INFO Sending from rank 6
2024-08-21 20:25:57,824 INFO recv 5 -> 15 # 0 at 160261410, 0.317340 0.861168
2024-08-21 20:25:57,824 INFO Accepting from rank 6
2024-08-21 20:25:57,825 INFO Accepting from rank 6
2024-08-21 20:25:57,824 INFO Accepting from rank 6
2024-08-21 20:25:57,825 INFO Accepting from rank 6
2024-08-21 20:25:57,848 INFO Accepting from rank 6
2024-08-21 20:26:06,563 INFO CHECKSUM 6 0 0: 0.641798
2024-08-21 20:26:06,563 INFO CHECKSUM 6 0 0: 0.641798
2024-08-21 20:26:07,665 INFO recv 6 -> 0 # 0 at 30483244, 0.323784 0.478553
2024-08-21 20:26:07,671 INFO sent 6 -> 0 # 0 at 29687191, 0.323784 0.478553
2024-08-21 20:26:16,465 INFO CHECKSUM 6 1 0: 1.349320
2024-08-21 20:26:16,465 INFO CHECKSUM 6 1 0: 1.349320
2024-08-21 20:26:17,518 INFO recv 6 -> 1 # 0 at 25781749, 0.981962 0.297879
2024-08-21 20:26:17,518 INFO sent 6 -> 1 # 0 at 25394556, 0.981962 0.297879
2024-08-21 20:26:26,295 INFO CHECKSUM 6 2 0: 0.955196
2024-08-21 20:26:26,295 INFO CHECKSUM 6 2 0: 0.955196
2024-08-21 20:26:27,449 INFO recv 6 -> 2 # 0 at 22241368, 0.496652 0.388665
2024-08-21 20:26:27,449 INFO sent 6 -> 2 # 0 at 22192160, 0.496652 0.388665
2024-08-21 20:26:36,225 INFO CHECKSUM 6 3 0: 1.869383
2024-08-21 20:26:36,225 INFO CHECKSUM 6 3 0: 1.869383
2024-08-21 20:26:37,391 INFO sent 6 -> 3 # 0 at 17108484, 0.273905 0.330590
2024-08-21 20:26:37,391 INFO recv 6 -> 3 # 0 at 14888895, 0.273905 0.330590
2024-08-21 20:26:46,183 INFO CHECKSUM 6 4 0: 1.617756
2024-08-21 20:26:46,184 INFO CHECKSUM 6 4 0: 1.617756
2024-08-21 20:26:47,273 INFO recv 6 -> 4 # 0 at 14632563, 0.887014 0.775813
2024-08-21 20:26:47,273 INFO sent 6 -> 4 # 0 at 14191921, 0.887014 0.775813
2024-08-21 20:26:56,008 INFO CHECKSUM 6 5 0: 1.755919
2024-08-21 20:26:56,008 INFO CHECKSUM 6 5 0: 1.755919
2024-08-21 20:26:57,075 INFO recv 6 -> 5 # 0 at 15267021, 0.229154 0.999848
2024-08-21 20:26:57,075 INFO sent 6 -> 5 # 0 at 14679715, 0.229154 0.999848
2024-08-21 20:27:05,978 INFO CHECKSUM 6 7 0: 0.956473
2024-08-21 20:27:05,978 INFO CHECKSUM 6 7 0: 0.956473
2024-08-21 20:27:06,948 INFO sent 6 -> 7 # 0 at 136399413, 0.196209 0.783886
2024-08-21 20:27:06,948 INFO recv 6 -> 7 # 0 at 136787255, 0.196209 0.783886
2024-08-21 20:27:15,842 INFO CHECKSUM 6 8 0: 1.181148
2024-08-21 20:27:15,843 INFO CHECKSUM 6 8 0: 1.181148
2024-08-21 20:27:16,882 INFO recv 6 -> 8 # 0 at 160839885, 0.200279 0.205235
2024-08-21 20:27:16,888 INFO sent 6 -> 8 # 0 at 160471933, 0.200279 0.205235
2024-08-21 20:27:25,802 INFO CHECKSUM 6 9 0: 1.697923
2024-08-21 20:27:25,801 INFO CHECKSUM 6 9 0: 1.697923
2024-08-21 20:27:27,068 INFO sent 6 -> 9 # 0 at 176219232, 0.258779 0.179525
2024-08-21 20:27:27,069 INFO recv 6 -> 9 # 0 at 176567333, 0.258779 0.179525
2024-08-21 20:27:35,971 INFO CHECKSUM 6 10 0: 1.645435
2024-08-21 20:27:35,971 INFO CHECKSUM 6 10 0: 1.645435
2024-08-21 20:27:37,017 INFO recv 6 -> 10 # 0 at 170399856, 0.539368 0.725459
2024-08-21 20:27:37,017 INFO sent 6 -> 10 # 0 at 171342888, 0.539368 0.725459
2024-08-21 20:27:45,957 INFO CHECKSUM 6 11 0: 1.906861
2024-08-21 20:27:45,957 INFO CHECKSUM 6 11 0: 1.906861
2024-08-21 20:27:47,164 INFO recv 6 -> 11 # 0 at 173457675, 0.359361 0.612385
2024-08-21 20:27:47,164 INFO sent 6 -> 11 # 0 at 165144574, 0.359361 0.612385
2024-08-21 20:27:56,143 INFO CHECKSUM 6 12 0: 2.106344
2024-08-21 20:27:56,142 INFO CHECKSUM 6 12 0: 2.106344
2024-08-21 20:27:57,246 INFO recv 6 -> 12 # 0 at 220520595, 0.995897 0.710888
2024-08-21 20:27:57,246 INFO sent 6 -> 12 # 0 at 219810379, 0.995897 0.710888
2024-08-21 20:28:06,161 INFO CHECKSUM 6 13 0: 2.274365
2024-08-21 20:28:06,161 INFO CHECKSUM 6 13 0: 2.274365
2024-08-21 20:28:07,335 INFO recv 6 -> 13 # 0 at 183436941, 0.062402 0.416248
2024-08-21 20:28:07,335 INFO sent 6 -> 13 # 0 at 183026334, 0.062402 0.416248
2024-08-21 20:28:16,285 INFO CHECKSUM 6 14 0: 1.814927
2024-08-21 20:28:16,285 INFO CHECKSUM 6 14 0: 1.814927
2024-08-21 20:28:17,399 INFO sent 6 -> 14 # 0 at 179305023, 0.620041 0.407805
2024-08-21 20:28:17,409 INFO recv 6 -> 14 # 0 at 179685702, 0.620041 0.407805
2024-08-21 20:28:26,295 INFO CHECKSUM 6 15 0: 2.038697
2024-08-21 20:28:26,295 INFO CHECKSUM 6 15 0: 2.038697
2024-08-21 20:28:27,404 INFO Accepting from rank 7
2024-08-21 20:28:27,404 INFO Accepting from rank 7
2024-08-21 20:28:27,404 INFO Accepting from rank 7
2024-08-21 20:28:27,404 INFO Accepting from rank 7
2024-08-21 20:28:27,404 INFO Accepting from rank 7
2024-08-21 20:28:27,404 INFO Accepting from rank 7
2024-08-21 20:28:27,404 INFO Accepting from rank 7
2024-08-21 20:28:27,404 INFO Accepting from rank 7
2024-08-21 20:28:27,404 INFO Accepting from rank 7
2024-08-21 20:28:27,404 INFO Accepting from rank 7
2024-08-21 20:28:27,404 INFO Accepting from rank 7
2024-08-21 20:28:27,404 INFO sent 6 -> 15 # 0 at 175637587, 0.504349 0.394077
2024-08-21 20:28:27,404 INFO recv 6 -> 15 # 0 at 166086131, 0.504349 0.394077
2024-08-21 20:28:27,404 INFO Accepting from rank 7
2024-08-21 20:28:27,404 INFO Accepting from rank 7
2024-08-21 20:28:27,404 INFO Sending from rank 7
2024-08-21 20:28:27,404 INFO Accepting from rank 7
2024-08-21 20:28:27,430 INFO Accepting from rank 7
2024-08-21 20:28:36,185 INFO CHECKSUM 7 0 0: 1.178148
2024-08-21 20:28:37,320 INFO recv 7 -> 0 # 0 at 15303237, 0.955577 0.512929
2024-08-21 20:28:36,185 INFO CHECKSUM 7 0 0: 1.178148
2024-08-21 20:28:37,320 INFO sent 7 -> 0 # 0 at 15076291, 0.955577 0.512929
2024-08-21 20:28:46,145 INFO CHECKSUM 7 1 0: 1.565511
2024-08-21 20:28:46,145 INFO CHECKSUM 7 1 0: 1.565511
2024-08-21 20:28:47,176 INFO recv 7 -> 1 # 0 at 22910414, 0.609138 0.185726
2024-08-21 20:28:47,176 INFO sent 7 -> 1 # 0 at 22867526, 0.609138 0.185726
2024-08-21 20:28:55,959 INFO CHECKSUM 7 2 0: 1.929394
2024-08-21 20:28:55,958 INFO CHECKSUM 7 2 0: 1.929394
2024-08-21 20:28:57,134 INFO recv 7 -> 2 # 0 at 15347413, 0.603293 0.020060
2024-08-21 20:28:57,134 INFO sent 7 -> 2 # 0 at 14422065, 0.603293 0.020060
2024-08-21 20:29:05,849 INFO CHECKSUM 7 3 0: 0.912253
2024-08-21 20:29:05,848 INFO CHECKSUM 7 3 0: 0.912253
2024-08-21 20:29:06,990 INFO recv 7 -> 3 # 0 at 15214755, 0.270365 0.813360
2024-08-21 20:29:06,990 INFO sent 7 -> 3 # 0 at 16884209, 0.270365 0.813360
2024-08-21 20:29:15,725 INFO CHECKSUM 7 4 0: 2.519163
2024-08-21 20:29:15,725 INFO CHECKSUM 7 4 0: 2.519163
2024-08-21 20:29:16,860 INFO recv 7 -> 4 # 0 at 37497272, 0.844383 0.904103
2024-08-21 20:29:16,860 INFO sent 7 -> 4 # 0 at 35066369, 0.844383 0.904103
2024-08-21 20:29:25,607 INFO CHECKSUM 7 5 0: 1.891585
2024-08-21 20:29:25,608 INFO CHECKSUM 7 5 0: 1.891585
2024-08-21 20:29:26,667 INFO recv 7 -> 5 # 0 at 40021075, 0.714017 0.753999
2024-08-21 20:29:26,667 INFO sent 7 -> 5 # 0 at 40019352, 0.714017 0.753999
2024-08-21 20:29:35,413 INFO CHECKSUM 7 6 0: 0.235463
2024-08-21 20:29:35,416 INFO CHECKSUM 7 6 0: 0.235463
2024-08-21 20:29:36,444 INFO recv 7 -> 6 # 0 at 32135357, 0.771714 0.447556
2024-08-21 20:29:36,444 INFO sent 7 -> 6 # 0 at 29447417, 0.771714 0.447556
2024-08-21 20:29:45,373 INFO CHECKSUM 7 8 0: 1.578976
2024-08-21 20:29:45,373 INFO CHECKSUM 7 8 0: 1.578976
2024-08-21 20:29:46,459 INFO recv 7 -> 8 # 0 at 187274532, 0.027022 0.501964
2024-08-21 20:29:46,460 INFO sent 7 -> 8 # 0 at 177373686, 0.027022 0.501964
2024-08-21 20:29:55,391 INFO CHECKSUM 7 9 0: 1.865256
2024-08-21 20:29:55,390 INFO CHECKSUM 7 9 0: 1.865256
2024-08-21 20:29:56,503 INFO recv 7 -> 9 # 0 at 197525947, 0.691114 0.099890
2024-08-21 20:29:56,511 INFO sent 7 -> 9 # 0 at 178476931, 0.691114 0.099890
2024-08-21 20:30:05,619 INFO CHECKSUM 7 10 0: 1.642929
2024-08-21 20:30:05,617 INFO CHECKSUM 7 10 0: 1.642929
2024-08-21 20:30:06,745 INFO recv 7 -> 10 # 0 at 180687456, 0.519211 0.247877
2024-08-21 20:30:06,763 INFO sent 7 -> 10 # 0 at 178339665, 0.519211 0.247877
2024-08-21 20:30:15,671 INFO CHECKSUM 7 11 0: 1.790075
2024-08-21 20:30:15,671 INFO CHECKSUM 7 11 0: 1.790075
2024-08-21 20:30:16,813 INFO recv 7 -> 11 # 0 at 173033281, 0.082283 0.614308
2024-08-21 20:30:16,813 INFO sent 7 -> 11 # 0 at 174405783, 0.082283 0.614308
2024-08-21 20:30:25,710 INFO CHECKSUM 7 12 0: 1.785145
2024-08-21 20:30:25,710 INFO CHECKSUM 7 12 0: 1.785145
2024-08-21 20:30:26,984 INFO recv 7 -> 12 # 0 at 154614692, 0.466906 0.815884
2024-08-21 20:30:26,984 INFO sent 7 -> 12 # 0 at 154292307, 0.466906 0.815884
2024-08-21 20:30:35,920 INFO CHECKSUM 7 13 0: 1.682214
2024-08-21 20:30:35,919 INFO CHECKSUM 7 13 0: 1.682214
2024-08-21 20:30:37,098 INFO recv 7 -> 13 # 0 at 170082607, 0.090227 0.183403
2024-08-21 20:30:37,103 INFO sent 7 -> 13 # 0 at 170119129, 0.090227 0.183403
2024-08-21 20:30:45,927 INFO CHECKSUM 7 14 0: 1.558815
2024-08-21 20:30:45,926 INFO CHECKSUM 7 14 0: 1.558815
2024-08-21 20:30:47,111 INFO recv 7 -> 14 # 0 at 109506074, 0.640906 0.734882
2024-08-21 20:30:47,111 INFO sent 7 -> 14 # 0 at 109119902, 0.640906 0.734882
2024-08-21 20:30:56,057 INFO CHECKSUM 7 15 0: 1.074725
2024-08-21 20:30:56,057 INFO CHECKSUM 7 15 0: 1.074725
2024-08-21 20:30:57,178 INFO Accepting from rank 8
2024-08-21 20:30:57,184 INFO Accepting from rank 8
2024-08-21 20:30:57,184 INFO Accepting from rank 8
2024-08-21 20:30:57,185 INFO Accepting from rank 8
2024-08-21 20:30:57,184 INFO Sending from rank 8
2024-08-21 20:30:57,185 INFO Accepting from rank 8
2024-08-21 20:30:57,185 INFO Accepting from rank 8
2024-08-21 20:30:57,185 INFO Accepting from rank 8
2024-08-21 20:30:57,185 INFO Accepting from rank 8
2024-08-21 20:30:57,185 INFO Accepting from rank 8
2024-08-21 20:30:57,187 INFO sent 7 -> 15 # 0 at 177411337, 0.487412 0.860365
2024-08-21 20:30:57,187 INFO Accepting from rank 8
2024-08-21 20:30:57,191 INFO Accepting from rank 8
2024-08-21 20:30:57,191 INFO recv 7 -> 15 # 0 at 189380091, 0.487412 0.860365
2024-08-21 20:30:57,191 INFO Accepting from rank 8
2024-08-21 20:30:57,192 INFO Accepting from rank 8
2024-08-21 20:30:57,192 INFO Accepting from rank 8
2024-08-21 20:30:57,214 INFO Accepting from rank 8
2024-08-21 20:31:05,976 INFO CHECKSUM 8 0 0: 2.031104
2024-08-21 20:31:05,976 INFO CHECKSUM 8 0 0: 2.031104
2024-08-21 20:31:07,158 INFO sent 8 -> 0 # 0 at 74258139, 0.629758 0.220273
2024-08-21 20:31:07,158 INFO recv 8 -> 0 # 0 at 74976540, 0.629758 0.220273
2024-08-21 20:31:15,930 INFO CHECKSUM 8 1 0: 1.795800
2024-08-21 20:31:15,928 INFO CHECKSUM 8 1 0: 1.795800
2024-08-21 20:31:17,006 INFO recv 8 -> 1 # 0 at 23399268, 0.915273 0.566341
2024-08-21 20:31:17,006 INFO sent 8 -> 1 # 0 at 32058964, 0.915273 0.566341
2024-08-21 20:31:25,864 INFO CHECKSUM 8 2 0: 1.812439
2024-08-21 20:31:25,863 INFO CHECKSUM 8 2 0: 1.812439
2024-08-21 20:31:26,936 INFO recv 8 -> 2 # 0 at 92828999, 0.537114 0.463223
2024-08-21 20:31:26,936 INFO sent 8 -> 2 # 0 at 96028486, 0.537114 0.463223
2024-08-21 20:31:35,705 INFO CHECKSUM 8 3 0: 1.673325
2024-08-21 20:31:35,705 INFO CHECKSUM 8 3 0: 1.673325
2024-08-21 20:31:36,714 INFO recv 8 -> 3 # 0 at 15339826, 0.394522 0.131603
2024-08-21 20:31:36,713 INFO sent 8 -> 3 # 0 at 14798026, 0.394522 0.131603
2024-08-21 20:31:45,502 INFO CHECKSUM 8 4 0: 1.815179
2024-08-21 20:31:45,502 INFO CHECKSUM 8 4 0: 1.815179
2024-08-21 20:31:46,665 INFO sent 8 -> 4 # 0 at 14585958, 0.120431 0.791458
2024-08-21 20:31:46,665 INFO recv 8 -> 4 # 0 at 14862818, 0.120431 0.791458
2024-08-21 20:31:55,390 INFO CHECKSUM 8 5 0: 1.311831
2024-08-21 20:31:56,444 INFO sent 8 -> 5 # 0 at 18876204, 0.432561 0.950016
2024-08-21 20:31:55,391 INFO CHECKSUM 8 5 0: 1.311831
2024-08-21 20:31:56,444 INFO recv 8 -> 5 # 0 at 15395018, 0.432561 0.950016
2024-08-21 20:32:05,202 INFO CHECKSUM 8 6 0: 1.481783
2024-08-21 20:32:06,353 INFO sent 8 -> 6 # 0 at 22867914, 0.112265 0.792414
2024-08-21 20:32:05,202 INFO CHECKSUM 8 6 0: 1.481783
2024-08-21 20:32:06,353 INFO recv 8 -> 6 # 0 at 14770559, 0.112265 0.792414
2024-08-21 20:32:15,112 INFO CHECKSUM 8 7 0: 1.643632
2024-08-21 20:32:15,112 INFO CHECKSUM 8 7 0: 1.643632
2024-08-21 20:32:16,168 INFO sent 8 -> 7 # 0 at 33972335, 0.469616 0.791867
2024-08-21 20:32:16,168 INFO recv 8 -> 7 # 0 at 32946978, 0.469616 0.791867
2024-08-21 20:32:25,069 INFO CHECKSUM 8 9 0: 1.614761
2024-08-21 20:32:25,070 INFO CHECKSUM 8 9 0: 1.614761
2024-08-21 20:32:26,247 INFO sent 8 -> 9 # 0 at 181599188, 0.395097 0.545379
2024-08-21 20:32:26,247 INFO recv 8 -> 9 # 0 at 181907803, 0.395097 0.545379
2024-08-21 20:32:35,151 INFO CHECKSUM 8 10 0: 1.065328
2024-08-21 20:32:35,151 INFO CHECKSUM 8 10 0: 1.065328
2024-08-21 20:32:36,401 INFO sent 8 -> 10 # 0 at 188619025, 0.208441 0.843249
2024-08-21 20:32:36,401 INFO recv 8 -> 10 # 0 at 186295772, 0.208441 0.843249
2024-08-21 20:32:45,228 INFO CHECKSUM 8 11 0: 1.273622
2024-08-21 20:32:45,229 INFO CHECKSUM 8 11 0: 1.273622
2024-08-21 20:32:46,380 INFO sent 8 -> 11 # 0 at 131234977, 0.645024 0.244415
2024-08-21 20:32:46,380 INFO recv 8 -> 11 # 0 at 132030061, 0.645024 0.244415
2024-08-21 20:32:55,278 INFO CHECKSUM 8 12 0: 1.574600
2024-08-21 20:32:55,277 INFO CHECKSUM 8 12 0: 1.574600
2024-08-21 20:32:56,626 INFO recv 8 -> 12 # 0 at 192017338, 0.489867 0.015880
2024-08-21 20:32:56,626 INFO sent 8 -> 12 # 0 at 191537464, 0.489867 0.015880
2024-08-21 20:33:05,521 INFO CHECKSUM 8 13 0: 1.677907
2024-08-21 20:33:05,522 INFO CHECKSUM 8 13 0: 1.677907
2024-08-21 20:33:06,561 INFO recv 8 -> 13 # 0 at 165186876, 0.015780 0.085136
2024-08-21 20:33:06,561 INFO sent 8 -> 13 # 0 at 167342234, 0.015780 0.085136
2024-08-21 20:33:15,471 INFO CHECKSUM 8 14 0: 1.214566
2024-08-21 20:33:15,469 INFO CHECKSUM 8 14 0: 1.214566
2024-08-21 20:33:16,514 INFO recv 8 -> 14 # 0 at 175359134, 0.378410 0.937301
2024-08-21 20:33:16,514 INFO sent 8 -> 14 # 0 at 175115357, 0.378410 0.937301
2024-08-21 20:33:25,473 INFO CHECKSUM 8 15 0: 1.493166
2024-08-21 20:33:25,473 INFO CHECKSUM 8 15 0: 1.493166
2024-08-21 20:33:26,637 INFO Accepting from rank 9
2024-08-21 20:33:26,637 INFO sent 8 -> 15 # 0 at 167888317, 0.213315 0.752925
2024-08-21 20:33:26,637 INFO Accepting from rank 9
2024-08-21 20:33:26,637 INFO Accepting from rank 9
2024-08-21 20:33:26,637 INFO Sending from rank 9
2024-08-21 20:33:26,637 INFO Accepting from rank 9
2024-08-21 20:33:26,637 INFO Accepting from rank 9
2024-08-21 20:33:26,637 INFO Accepting from rank 9
2024-08-21 20:33:26,637 INFO Accepting from rank 9
2024-08-21 20:33:26,637 INFO Accepting from rank 9
2024-08-21 20:33:26,637 INFO Accepting from rank 9
2024-08-21 20:33:26,637 INFO recv 8 -> 15 # 0 at 167946570, 0.213315 0.752925
2024-08-21 20:33:26,637 INFO Accepting from rank 9
2024-08-21 20:33:26,637 INFO Accepting from rank 9
2024-08-21 20:33:26,637 INFO Accepting from rank 9
2024-08-21 20:33:26,637 INFO Accepting from rank 9
2024-08-21 20:33:26,637 INFO Accepting from rank 9
2024-08-21 20:33:26,654 INFO Accepting from rank 9
2024-08-21 20:33:35,368 INFO CHECKSUM 9 0 0: 1.113516
2024-08-21 20:33:35,368 INFO CHECKSUM 9 0 0: 1.113516
2024-08-21 20:33:36,524 INFO recv 9 -> 0 # 0 at 15456763, 0.674794 0.461177
2024-08-21 20:33:36,524 INFO sent 9 -> 0 # 0 at 15079707, 0.674794 0.461177
2024-08-21 20:33:45,313 INFO CHECKSUM 9 1 0: 1.811223
2024-08-21 20:33:45,313 INFO CHECKSUM 9 1 0: 1.811223
2024-08-21 20:33:46,412 INFO recv 9 -> 1 # 0 at 29697532, 0.388348 0.802634
2024-08-21 20:33:46,412 INFO sent 9 -> 1 # 0 at 35771358, 0.388348 0.802634
2024-08-21 20:33:55,222 INFO CHECKSUM 9 2 0: 1.341543
2024-08-21 20:33:55,216 INFO CHECKSUM 9 2 0: 1.341543
2024-08-21 20:33:56,598 INFO recv 9 -> 2 # 0 at 91322432, 0.059460 0.206993
2024-08-21 20:33:56,598 INFO sent 9 -> 2 # 0 at 75185534, 0.059460 0.206993
2024-08-21 20:34:05,355 INFO CHECKSUM 9 3 0: 1.887331
2024-08-21 20:34:05,355 INFO CHECKSUM 9 3 0: 1.887331
2024-08-21 20:34:06,471 INFO recv 9 -> 3 # 0 at 15432305, 0.303273 0.649470
2024-08-21 20:34:06,471 INFO sent 9 -> 3 # 0 at 16519103, 0.303273 0.649470
2024-08-21 20:34:15,215 INFO CHECKSUM 9 4 0: 1.955294
2024-08-21 20:34:15,215 INFO CHECKSUM 9 4 0: 1.955294
2024-08-21 20:34:16,329 INFO sent 9 -> 4 # 0 at 22487225, 0.255100 0.588961
2024-08-21 20:34:16,329 INFO recv 9 -> 4 # 0 at 33435172, 0.255100 0.588961
2024-08-21 20:34:25,115 INFO CHECKSUM 9 5 0: 1.495728
2024-08-21 20:34:25,115 INFO CHECKSUM 9 5 0: 1.495728
2024-08-21 20:34:26,263 INFO recv 9 -> 5 # 0 at 15368085, 0.392713 0.333318
2024-08-21 20:34:26,264 INFO sent 9 -> 5 # 0 at 15006215, 0.392713 0.333318
2024-08-21 20:34:35,005 INFO CHECKSUM 9 6 0: 1.844915
2024-08-21 20:34:35,005 INFO CHECKSUM 9 6 0: 1.844915
2024-08-21 20:34:36,164 INFO sent 9 -> 6 # 0 at 14925800, 0.902133 0.678035
2024-08-21 20:34:36,169 INFO recv 9 -> 6 # 0 at 15214017, 0.902133 0.678035
2024-08-21 20:34:44,903 INFO CHECKSUM 9 7 0: 1.878359
2024-08-21 20:34:44,889 INFO CHECKSUM 9 7 0: 1.878359
2024-08-21 20:34:45,907 INFO sent 9 -> 7 # 0 at 14559454, 0.530371 0.011427
2024-08-21 20:34:45,911 INFO recv 9 -> 7 # 0 at 28953861, 0.530371 0.011427
2024-08-21 20:34:54,665 INFO CHECKSUM 9 8 0: 1.466145
2024-08-21 20:34:54,665 INFO CHECKSUM 9 8 0: 1.466145
2024-08-21 20:34:55,664 INFO recv 9 -> 8 # 0 at 31511542, 0.983595 0.090248
2024-08-21 20:34:55,664 INFO sent 9 -> 8 # 0 at 31495582, 0.983595 0.090248
2024-08-21 20:35:04,613 INFO CHECKSUM 9 10 0: 1.600210
2024-08-21 20:35:04,614 INFO CHECKSUM 9 10 0: 1.600210
2024-08-21 20:35:05,898 INFO recv 9 -> 10 # 0 at 219489185, 0.468865 0.651157
2024-08-21 20:35:05,900 INFO sent 9 -> 10 # 0 at 219000733, 0.468865 0.651157
2024-08-21 20:35:14,813 INFO CHECKSUM 9 11 0: 1.514744
2024-08-21 20:35:14,813 INFO CHECKSUM 9 11 0: 1.514744
2024-08-21 20:35:15,948 INFO sent 9 -> 11 # 0 at 188256800, 0.893171 0.494367
2024-08-21 20:35:15,949 INFO recv 9 -> 11 # 0 at 188562259, 0.893171 0.494367
2024-08-21 20:35:24,849 INFO CHECKSUM 9 12 0: 2.423331
2024-08-21 20:35:24,849 INFO CHECKSUM 9 12 0: 2.423331
2024-08-21 20:35:26,047 INFO recv 9 -> 12 # 0 at 198954726, 0.114687 0.805724
2024-08-21 20:35:26,047 INFO sent 9 -> 12 # 0 at 198628657, 0.114687 0.805724
2024-08-21 20:35:34,930 INFO CHECKSUM 9 13 0: 1.617317
2024-08-21 20:35:34,929 INFO CHECKSUM 9 13 0: 1.617317
2024-08-21 20:35:36,089 INFO recv 9 -> 13 # 0 at 170164654, 0.420929 0.492710
2024-08-21 20:35:36,089 INFO sent 9 -> 13 # 0 at 169484771, 0.420929 0.492710
2024-08-21 20:35:44,924 INFO CHECKSUM 9 14 0: 0.663964
2024-08-21 20:35:44,923 INFO CHECKSUM 9 14 0: 0.663964
2024-08-21 20:35:46,216 INFO recv 9 -> 14 # 0 at 116010698, 0.178106 0.724061
2024-08-21 20:35:46,216 INFO sent 9 -> 14 # 0 at 115499167, 0.178106 0.724061
2024-08-21 20:35:55,086 INFO CHECKSUM 9 15 0: 1.905958
2024-08-21 20:35:55,086 INFO CHECKSUM 9 15 0: 1.905958
2024-08-21 20:35:56,127 INFO Accepting from rank 10
2024-08-21 20:35:56,127 INFO Accepting from rank 10
2024-08-21 20:35:56,127 INFO Accepting from rank 10
2024-08-21 20:35:56,127 INFO Accepting from rank 10
2024-08-21 20:35:56,127 INFO Accepting from rank 10
2024-08-21 20:35:56,127 INFO sent 9 -> 15 # 0 at 161300795, 0.684249 0.640368
2024-08-21 20:35:56,127 INFO Accepting from rank 10
2024-08-21 20:35:56,127 INFO Accepting from rank 10
2024-08-21 20:35:56,127 INFO Accepting from rank 10
2024-08-21 20:35:56,127 INFO Sending from rank 10
2024-08-21 20:35:56,127 INFO Accepting from rank 10
2024-08-21 20:35:56,127 INFO Accepting from rank 10
2024-08-21 20:35:56,127 INFO recv 9 -> 15 # 0 at 161465055, 0.684249 0.640368
2024-08-21 20:35:56,127 INFO Accepting from rank 10
2024-08-21 20:35:56,127 INFO Accepting from rank 10
2024-08-21 20:35:56,127 INFO Accepting from rank 10
2024-08-21 20:35:56,128 INFO Accepting from rank 10
2024-08-21 20:35:56,145 INFO Accepting from rank 10
2024-08-21 20:36:04,883 INFO CHECKSUM 10 0 0: 1.022344
2024-08-21 20:36:04,882 INFO CHECKSUM 10 0 0: 1.022344
2024-08-21 20:36:06,169 INFO recv 10 -> 0 # 0 at 15126574, 0.310275 0.985611
2024-08-21 20:36:06,169 INFO sent 10 -> 0 # 0 at 14823754, 0.310275 0.985611
2024-08-21 20:36:14,919 INFO CHECKSUM 10 1 0: 1.582029
2024-08-21 20:36:14,919 INFO CHECKSUM 10 1 0: 1.582029
2024-08-21 20:36:16,249 INFO recv 10 -> 1 # 0 at 22386939, 0.910837 0.358006
2024-08-21 20:36:16,249 INFO sent 10 -> 1 # 0 at 22349941, 0.910837 0.358006
2024-08-21 20:36:25,076 INFO CHECKSUM 10 2 0: 1.114603
2024-08-21 20:36:25,076 INFO CHECKSUM 10 2 0: 1.114603
2024-08-21 20:36:26,042 INFO sent 10 -> 2 # 0 at 102742911, 0.664222 0.813718
2024-08-21 20:36:26,042 INFO recv 10 -> 2 # 0 at 92915743, 0.664222 0.813718
2024-08-21 20:36:34,776 INFO CHECKSUM 10 3 0: 1.476615
2024-08-21 20:36:34,777 INFO CHECKSUM 10 3 0: 1.476615
2024-08-21 20:36:35,801 INFO sent 10 -> 3 # 0 at 14367985, 0.170204 0.696782
2024-08-21 20:36:35,802 INFO recv 10 -> 3 # 0 at 15075535, 0.170204 0.696782
2024-08-21 20:36:44,582 INFO CHECKSUM 10 4 0: 1.216119
2024-08-21 20:36:44,583 INFO CHECKSUM 10 4 0: 1.216119
2024-08-21 20:36:45,812 INFO sent 10 -> 4 # 0 at 14258323, 0.682725 0.907928
2024-08-21 20:36:45,812 INFO recv 10 -> 4 # 0 at 19459891, 0.682725 0.907928
2024-08-21 20:36:54,633 INFO CHECKSUM 10 5 0: 1.509130
2024-08-21 20:36:54,635 INFO CHECKSUM 10 5 0: 1.509130
2024-08-21 20:36:55,685 INFO sent 10 -> 5 # 0 at 81494367, 0.318940 0.030809
2024-08-21 20:36:55,685 INFO recv 10 -> 5 # 0 at 82843620, 0.318940 0.030809
2024-08-21 20:37:04,491 INFO CHECKSUM 10 6 0: 2.189697
2024-08-21 20:37:04,492 INFO CHECKSUM 10 6 0: 2.189697
2024-08-21 20:37:05,741 INFO sent 10 -> 6 # 0 at 14172820, 0.290124 0.229450
2024-08-21 20:37:05,741 INFO recv 10 -> 6 # 0 at 15931876, 0.290124 0.229450
2024-08-21 20:37:14,501 INFO CHECKSUM 10 7 0: 1.655092
2024-08-21 20:37:14,502 INFO CHECKSUM 10 7 0: 1.655092
2024-08-21 20:37:15,675 INFO sent 10 -> 7 # 0 at 14741949, 0.332407 0.888809
2024-08-21 20:37:15,675 INFO recv 10 -> 7 # 0 at 15789319, 0.332407 0.888809
2024-08-21 20:37:24,424 INFO CHECKSUM 10 8 0: 1.588187
2024-08-21 20:37:24,424 INFO CHECKSUM 10 8 0: 1.588187
2024-08-21 20:37:25,655 INFO recv 10 -> 8 # 0 at 15210352, 0.671774 0.396137
2024-08-21 20:37:25,659 INFO sent 10 -> 8 # 0 at 14583924, 0.671774 0.396137
2024-08-21 20:37:34,497 INFO CHECKSUM 10 9 0: 2.131157
2024-08-21 20:37:34,501 INFO CHECKSUM 10 9 0: 2.131157
2024-08-21 20:37:35,493 INFO recv 10 -> 9 # 0 at 77390778, 0.258155 0.789789
2024-08-21 20:37:35,493 INFO sent 10 -> 9 # 0 at 74049309, 0.258155 0.789789
2024-08-21 20:37:44,428 INFO CHECKSUM 10 11 0: 1.211489
2024-08-21 20:37:44,429 INFO CHECKSUM 10 11 0: 1.211489
2024-08-21 20:37:45,673 INFO sent 10 -> 11 # 0 at 197246489, 0.783109 0.198573
2024-08-21 20:37:45,673 INFO recv 10 -> 11 # 0 at 197219507, 0.783109 0.198573
2024-08-21 20:37:54,602 INFO CHECKSUM 10 12 0: 1.470246
2024-08-21 20:37:54,602 INFO CHECKSUM 10 12 0: 1.470246
2024-08-21 20:37:55,864 INFO recv 10 -> 12 # 0 at 185223024, 0.886829 0.461827
2024-08-21 20:37:55,864 INFO sent 10 -> 12 # 0 at 184982012, 0.886829 0.461827
2024-08-21 20:38:04,762 INFO CHECKSUM 10 13 0: 1.830704
2024-08-21 20:38:04,762 INFO CHECKSUM 10 13 0: 1.830704
2024-08-21 20:38:05,919 INFO sent 10 -> 13 # 0 at 160706287, 0.067033 0.768840
2024-08-21 20:38:05,919 INFO recv 10 -> 13 # 0 at 161150634, 0.067033 0.768840
2024-08-21 20:38:14,796 INFO CHECKSUM 10 14 0: 0.954448
2024-08-21 20:38:14,796 INFO CHECKSUM 10 14 0: 0.954448
2024-08-21 20:38:15,942 INFO sent 10 -> 14 # 0 at 159297410, 0.657616 0.708955
2024-08-21 20:38:15,942 INFO recv 10 -> 14 # 0 at 159496294, 0.657616 0.708955
2024-08-21 20:38:25,109 INFO CHECKSUM 10 15 0: 0.971252
2024-08-21 20:38:25,107 INFO CHECKSUM 10 15 0: 0.971252
2024-08-21 20:38:26,192 INFO Accepting from rank 11
2024-08-21 20:38:26,192 INFO Accepting from rank 11
2024-08-21 20:38:26,192 INFO sent 10 -> 15 # 0 at 193015448, 0.014647 0.814538
2024-08-21 20:38:26,192 INFO Accepting from rank 11
2024-08-21 20:38:26,192 INFO Accepting from rank 11
2024-08-21 20:38:26,192 INFO Accepting from rank 11
2024-08-21 20:38:26,192 INFO Accepting from rank 11
2024-08-21 20:38:26,192 INFO Accepting from rank 11
2024-08-21 20:38:26,192 INFO Accepting from rank 11
2024-08-21 20:38:26,192 INFO Accepting from rank 11
2024-08-21 20:38:26,192 INFO Accepting from rank 11
2024-08-21 20:38:26,192 INFO Accepting from rank 11
2024-08-21 20:38:26,192 INFO recv 10 -> 15 # 0 at 192514622, 0.014647 0.814538
2024-08-21 20:38:26,192 INFO Sending from rank 11
2024-08-21 20:38:26,192 INFO Accepting from rank 11
2024-08-21 20:38:26,197 INFO Accepting from rank 11
2024-08-21 20:38:26,197 INFO Accepting from rank 11
2024-08-21 20:38:26,217 INFO Accepting from rank 11
2024-08-21 20:38:34,914 INFO CHECKSUM 11 0 0: 2.418282
2024-08-21 20:38:34,914 INFO CHECKSUM 11 0 0: 2.418282
2024-08-21 20:38:36,213 INFO recv 11 -> 0 # 0 at 14822498, 0.594423 0.503251
2024-08-21 20:38:36,213 INFO sent 11 -> 0 # 0 at 14660990, 0.594423 0.503251
2024-08-21 20:38:45,023 INFO CHECKSUM 11 1 0: 1.567696
2024-08-21 20:38:45,024 INFO CHECKSUM 11 1 0: 1.567696
2024-08-21 20:38:46,303 INFO sent 11 -> 1 # 0 at 79819384, 0.736523 0.114112
2024-08-21 20:38:46,303 INFO recv 11 -> 1 # 0 at 88929759, 0.736523 0.114112
2024-08-21 20:38:55,033 INFO CHECKSUM 11 2 0: 1.730726
2024-08-21 20:38:55,033 INFO CHECKSUM 11 2 0: 1.730726
2024-08-21 20:38:56,088 INFO recv 11 -> 2 # 0 at 15266047, 0.632627 0.841496
2024-08-21 20:38:56,091 INFO sent 11 -> 2 # 0 at 15058947, 0.632627 0.841496
2024-08-21 20:39:04,825 INFO CHECKSUM 11 3 0: 1.970863
2024-08-21 20:39:04,825 INFO CHECKSUM 11 3 0: 1.970863
2024-08-21 20:39:06,067 INFO recv 11 -> 3 # 0 at 15262338, 0.095472 0.235879
2024-08-21 20:39:06,071 INFO sent 11 -> 3 # 0 at 15032348, 0.095472 0.235879
2024-08-21 20:39:14,792 INFO CHECKSUM 11 4 0: 1.100862
2024-08-21 20:39:14,792 INFO CHECKSUM 11 4 0: 1.100862
2024-08-21 20:39:15,898 INFO sent 11 -> 4 # 0 at 14431399, 0.694622 0.894408
2024-08-21 20:39:15,898 INFO recv 11 -> 4 # 0 at 15268062, 0.694622 0.894408
2024-08-21 20:39:24,624 INFO CHECKSUM 11 5 0: 1.832572
2024-08-21 20:39:24,624 INFO CHECKSUM 11 5 0: 1.832572
2024-08-21 20:39:25,801 INFO sent 11 -> 5 # 0 at 14838814, 0.313281 0.365797
2024-08-21 20:39:25,815 INFO recv 11 -> 5 # 0 at 15063885, 0.313281 0.365797
2024-08-21 20:39:34,540 INFO CHECKSUM 11 6 0: 2.305690
2024-08-21 20:39:34,540 INFO CHECKSUM 11 6 0: 2.305690
2024-08-21 20:39:35,542 INFO sent 11 -> 6 # 0 at 30568578, 0.559987 0.378626
2024-08-21 20:39:35,542 INFO recv 11 -> 6 # 0 at 30876490, 0.559987 0.378626
2024-08-21 20:39:44,286 INFO CHECKSUM 11 7 0: 1.531728
2024-08-21 20:39:44,287 INFO CHECKSUM 11 7 0: 1.531728
2024-08-21 20:39:45,469 INFO sent 11 -> 7 # 0 at 34569065, 0.208760 0.079367
2024-08-21 20:39:45,469 INFO recv 11 -> 7 # 0 at 34943068, 0.208760 0.079367
2024-08-21 20:39:54,200 INFO CHECKSUM 11 8 0: 2.649205
2024-08-21 20:39:54,200 INFO CHECKSUM 11 8 0: 2.649205
2024-08-21 20:39:55,214 INFO recv 11 -> 8 # 0 at 14799859, 0.357845 0.336107
2024-08-21 20:39:55,217 INFO sent 11 -> 8 # 0 at 14426158, 0.357845 0.336107
2024-08-21 20:40:03,980 INFO CHECKSUM 11 9 0: 0.391865
2024-08-21 20:40:03,981 INFO CHECKSUM 11 9 0: 0.391865
2024-08-21 20:40:05,193 INFO recv 11 -> 9 # 0 at 15658977, 0.755301 0.180674
2024-08-21 20:40:05,193 INFO sent 11 -> 9 # 0 at 14715075, 0.755301 0.180674
2024-08-21 20:40:13,950 INFO CHECKSUM 11 10 0: 0.630982
2024-08-21 20:40:13,951 INFO CHECKSUM 11 10 0: 0.630982
2024-08-21 20:40:15,025 INFO recv 11 -> 10 # 0 at 14612087, 0.897858 0.294623
2024-08-21 20:40:15,025 INFO sent 11 -> 10 # 0 at 14069541, 0.897858 0.294623
2024-08-21 20:40:24,014 INFO CHECKSUM 11 12 0: 2.203345
2024-08-21 20:40:24,014 INFO CHECKSUM 11 12 0: 2.203345
2024-08-21 20:40:25,200 INFO recv 11 -> 12 # 0 at 226086054, 0.179558 0.649617
2024-08-21 20:40:25,204 INFO sent 11 -> 12 # 0 at 226030168, 0.179558 0.649617
2024-08-21 20:40:34,145 INFO CHECKSUM 11 13 0: 1.542302
2024-08-21 20:40:34,144 INFO CHECKSUM 11 13 0: 1.542302
2024-08-21 20:40:35,317 INFO recv 11 -> 13 # 0 at 207839499, 0.536591 0.402723
2024-08-21 20:40:35,317 INFO sent 11 -> 13 # 0 at 207804461, 0.536591 0.402723
2024-08-21 20:40:44,274 INFO CHECKSUM 11 14 0: 1.425421
2024-08-21 20:40:44,274 INFO CHECKSUM 11 14 0: 1.425421
2024-08-21 20:40:45,408 INFO sent 11 -> 14 # 0 at 200812322, 0.414152 0.863784
2024-08-21 20:40:45,408 INFO recv 11 -> 14 # 0 at 200854469, 0.414152 0.863784
2024-08-21 20:40:54,342 INFO CHECKSUM 11 15 0: 1.561960
2024-08-21 20:40:54,341 INFO CHECKSUM 11 15 0: 1.561960
2024-08-21 20:40:55,520 INFO Accepting from rank 12
2024-08-21 20:40:55,520 INFO Accepting from rank 12
2024-08-21 20:40:55,520 INFO Sending from rank 12
2024-08-21 20:40:55,520 INFO Accepting from rank 12
2024-08-21 20:40:55,520 INFO Accepting from rank 12
2024-08-21 20:40:55,520 INFO Accepting from rank 12
2024-08-21 20:40:55,520 INFO Accepting from rank 12
2024-08-21 20:40:55,520 INFO Accepting from rank 12
2024-08-21 20:40:55,520 INFO Accepting from rank 12
2024-08-21 20:40:55,520 INFO Accepting from rank 12
2024-08-21 20:40:55,520 INFO Accepting from rank 12
2024-08-21 20:40:55,520 INFO Accepting from rank 12
2024-08-21 20:40:55,520 INFO recv 11 -> 15 # 0 at 188179423, 0.504447 0.638565
2024-08-21 20:40:55,520 INFO sent 11 -> 15 # 0 at 187960762, 0.504447 0.638565
2024-08-21 20:40:55,520 INFO Accepting from rank 12
2024-08-21 20:40:55,527 INFO Accepting from rank 12
2024-08-21 20:40:55,527 INFO Accepting from rank 12
2024-08-21 20:40:55,545 INFO Accepting from rank 12
2024-08-21 20:41:04,274 INFO CHECKSUM 12 0 0: 1.296812
2024-08-21 20:41:04,275 INFO CHECKSUM 12 0 0: 1.296812
2024-08-21 20:41:05,575 INFO sent 12 -> 0 # 0 at 14672631, 0.791409 0.994746
2024-08-21 20:41:05,575 INFO recv 12 -> 0 # 0 at 15040207, 0.791409 0.994746
2024-08-21 20:41:14,344 INFO CHECKSUM 12 1 0: 1.994198
2024-08-21 20:41:14,343 INFO CHECKSUM 12 1 0: 1.994198
2024-08-21 20:41:15,484 INFO recv 12 -> 1 # 0 at 15057902, 0.945547 0.875507
2024-08-21 20:41:15,484 INFO sent 12 -> 1 # 0 at 26051180, 0.945547 0.875507
2024-08-21 20:41:24,250 INFO CHECKSUM 12 2 0: 1.228475
2024-08-21 20:41:24,255 INFO CHECKSUM 12 2 0: 1.228475
2024-08-21 20:41:25,315 INFO sent 12 -> 2 # 0 at 19197220, 0.388055 0.008192
2024-08-21 20:41:25,319 INFO recv 12 -> 2 # 0 at 19413518, 0.388055 0.008192
2024-08-21 20:41:34,056 INFO CHECKSUM 12 3 0: 1.472968
2024-08-21 20:41:34,056 INFO CHECKSUM 12 3 0: 1.472968
2024-08-21 20:41:35,190 INFO sent 12 -> 3 # 0 at 14973465, 0.622336 0.155745
2024-08-21 20:41:35,192 INFO recv 12 -> 3 # 0 at 15319197, 0.622336 0.155745
2024-08-21 20:41:43,937 INFO CHECKSUM 12 4 0: 1.615798
2024-08-21 20:41:43,938 INFO CHECKSUM 12 4 0: 1.615798
2024-08-21 20:41:44,927 INFO sent 12 -> 4 # 0 at 15081635, 0.361116 0.896447
2024-08-21 20:41:44,927 INFO recv 12 -> 4 # 0 at 15540739, 0.361116 0.896447
2024-08-21 20:41:53,738 INFO CHECKSUM 12 5 0: 1.690253
2024-08-21 20:41:53,739 INFO CHECKSUM 12 5 0: 1.690253
2024-08-21 20:41:54,905 INFO sent 12 -> 5 # 0 at 78731571, 0.259703 0.892814
2024-08-21 20:41:54,911 INFO recv 12 -> 5 # 0 at 79257657, 0.259703 0.892814
2024-08-21 20:42:03,651 INFO CHECKSUM 12 6 0: 0.784169
2024-08-21 20:42:03,652 INFO CHECKSUM 12 6 0: 0.784169
2024-08-21 20:42:04,912 INFO sent 12 -> 6 # 0 at 23701701, 0.795328 0.797388
2024-08-21 20:42:04,921 INFO recv 12 -> 6 # 0 at 20792109, 0.795328 0.797388
2024-08-21 20:42:13,657 INFO CHECKSUM 12 7 0: 0.444515
2024-08-21 20:42:13,657 INFO CHECKSUM 12 7 0: 0.444515
2024-08-21 20:42:14,845 INFO sent 12 -> 7 # 0 at 31030512, 0.281335 0.892765
2024-08-21 20:42:14,851 INFO recv 12 -> 7 # 0 at 30983086, 0.281335 0.892765
2024-08-21 20:42:23,572 INFO CHECKSUM 12 8 0: 1.971168
2024-08-21 20:42:23,573 INFO CHECKSUM 12 8 0: 1.971168
2024-08-21 20:42:24,684 INFO sent 12 -> 8 # 0 at 22484238, 0.215592 0.339925
2024-08-21 20:42:24,684 INFO recv 12 -> 8 # 0 at 22819829, 0.215592 0.339925
2024-08-21 20:42:33,434 INFO CHECKSUM 12 9 0: 1.055040
2024-08-21 20:42:34,476 INFO sent 12 -> 9 # 0 at 14498302, 0.897731 0.409231
2024-08-21 20:42:33,435 INFO CHECKSUM 12 9 0: 1.055040
2024-08-21 20:42:34,476 INFO recv 12 -> 9 # 0 at 14829246, 0.897731 0.409231
2024-08-21 20:42:43,243 INFO CHECKSUM 12 10 0: 1.694180
2024-08-21 20:42:43,244 INFO CHECKSUM 12 10 0: 1.694180
2024-08-21 20:42:44,388 INFO sent 12 -> 10 # 0 at 32832869, 0.661397 0.685948
2024-08-21 20:42:44,388 INFO recv 12 -> 10 # 0 at 33452359, 0.661397 0.685948
2024-08-21 20:42:53,114 INFO CHECKSUM 12 11 0: 2.063678
2024-08-21 20:42:53,114 INFO CHECKSUM 12 11 0: 2.063678
2024-08-21 20:42:54,200 INFO sent 12 -> 11 # 0 at 15164034, 0.826569 0.597720
2024-08-21 20:42:54,205 INFO recv 12 -> 11 # 0 at 15469791, 0.826569 0.597720
2024-08-21 20:43:03,094 INFO CHECKSUM 12 13 0: 2.031909
2024-08-21 20:43:03,094 INFO CHECKSUM 12 13 0: 2.031909
2024-08-21 20:43:04,176 INFO sent 12 -> 13 # 0 at 186691646, 0.662831 0.785912
2024-08-21 20:43:04,181 INFO recv 12 -> 13 # 0 at 180736031, 0.662831 0.785912
2024-08-21 20:43:13,090 INFO CHECKSUM 12 14 0: 2.189008
2024-08-21 20:43:13,090 INFO CHECKSUM 12 14 0: 2.189008
2024-08-21 20:43:14,202 INFO sent 12 -> 14 # 0 at 186873269, 0.674006 0.682273
2024-08-21 20:43:14,202 INFO recv 12 -> 14 # 0 at 187124277, 0.674006 0.682273
2024-08-21 20:43:23,105 INFO CHECKSUM 12 15 0: 1.495272
2024-08-21 20:43:23,106 INFO CHECKSUM 12 15 0: 1.495272
2024-08-21 20:43:24,248 INFO Accepting from rank 13
2024-08-21 20:43:24,248 INFO Accepting from rank 13
2024-08-21 20:43:24,248 INFO Accepting from rank 13
2024-08-21 20:43:24,248 INFO sent 12 -> 15 # 0 at 177546221, 0.875705 0.091109
2024-08-21 20:43:24,248 INFO Accepting from rank 13
2024-08-21 20:43:24,248 INFO Accepting from rank 13
2024-08-21 20:43:24,248 INFO Accepting from rank 13
2024-08-21 20:43:24,248 INFO Sending from rank 13
2024-08-21 20:43:24,248 INFO Accepting from rank 13
2024-08-21 20:43:24,248 INFO Accepting from rank 13
2024-08-21 20:43:24,248 INFO Accepting from rank 13
2024-08-21 20:43:24,248 INFO Accepting from rank 13
2024-08-21 20:43:24,248 INFO Accepting from rank 13
2024-08-21 20:43:24,248 INFO Accepting from rank 13
2024-08-21 20:43:24,248 INFO recv 12 -> 15 # 0 at 178155854, 0.875705 0.091109
2024-08-21 20:43:24,248 INFO Accepting from rank 13
2024-08-21 20:43:24,248 INFO Accepting from rank 13
2024-08-21 20:43:24,272 INFO Accepting from rank 13
2024-08-21 20:43:32,969 INFO CHECKSUM 13 0 0: 2.505905
2024-08-21 20:43:32,970 INFO CHECKSUM 13 0 0: 2.505905
2024-08-21 20:43:34,188 INFO sent 13 -> 0 # 0 at 14420752, 0.967492 0.088462
2024-08-21 20:43:34,188 INFO recv 13 -> 0 # 0 at 14649901, 0.967492 0.088462
2024-08-21 20:43:42,918 INFO CHECKSUM 13 1 0: 1.042283
2024-08-21 20:43:42,919 INFO CHECKSUM 13 1 0: 1.042283
2024-08-21 20:43:43,992 INFO recv 13 -> 1 # 0 at 15540184, 0.826214 0.943714
2024-08-21 20:43:44,005 INFO sent 13 -> 1 # 0 at 14480397, 0.826214 0.943714
2024-08-21 20:43:52,820 INFO CHECKSUM 13 2 0: 1.664821
2024-08-21 20:43:52,820 INFO CHECKSUM 13 2 0: 1.664821
2024-08-21 20:43:53,929 INFO sent 13 -> 2 # 0 at 74275063, 0.594562 0.433796
2024-08-21 20:43:53,929 INFO recv 13 -> 2 # 0 at 74369827, 0.594562 0.433796
2024-08-21 20:44:02,663 INFO CHECKSUM 13 3 0: 1.730943
2024-08-21 20:44:02,664 INFO CHECKSUM 13 3 0: 1.730943
2024-08-21 20:44:03,952 INFO sent 13 -> 3 # 0 at 31753104, 0.928563 0.455039
2024-08-21 20:44:03,952 INFO recv 13 -> 3 # 0 at 30481952, 0.928563 0.455039
2024-08-21 20:44:12,683 INFO CHECKSUM 13 4 0: 0.492328
2024-08-21 20:44:12,684 INFO CHECKSUM 13 4 0: 0.492328
2024-08-21 20:44:13,918 INFO sent 13 -> 4 # 0 at 34063957, 0.829365 0.469928
2024-08-21 20:44:13,918 INFO recv 13 -> 4 # 0 at 35107335, 0.829365 0.469928
2024-08-21 20:44:22,648 INFO CHECKSUM 13 5 0: 1.281445
2024-08-21 20:44:22,649 INFO CHECKSUM 13 5 0: 1.281445
2024-08-21 20:44:23,792 INFO recv 13 -> 5 # 0 at 15310513, 0.133232 0.528184
2024-08-21 20:44:23,793 INFO sent 13 -> 5 # 0 at 15025324, 0.133232 0.528184
2024-08-21 20:44:32,509 INFO CHECKSUM 13 6 0: 1.479428
2024-08-21 20:44:32,509 INFO CHECKSUM 13 6 0: 1.479428
2024-08-21 20:44:33,725 INFO sent 13 -> 6 # 0 at 14546546, 0.931443 0.852986
2024-08-21 20:44:33,726 INFO recv 13 -> 6 # 0 at 14771088, 0.931443 0.852986
2024-08-21 20:44:42,463 INFO CHECKSUM 13 7 0: 0.784059
2024-08-21 20:44:42,473 INFO CHECKSUM 13 7 0: 0.784059
2024-08-21 20:44:43,711 INFO recv 13 -> 7 # 0 at 41030195, 0.428947 0.765662
2024-08-21 20:44:43,713 INFO sent 13 -> 7 # 0 at 31456349, 0.428947 0.765662
2024-08-21 20:44:52,435 INFO CHECKSUM 13 8 0: 0.733329
2024-08-21 20:44:52,435 INFO CHECKSUM 13 8 0: 0.733329
2024-08-21 20:44:53,566 INFO sent 13 -> 8 # 0 at 16076615, 0.144221 0.442455
2024-08-21 20:44:53,566 INFO recv 13 -> 8 # 0 at 16546458, 0.144221 0.442455
2024-08-21 20:45:02,341 INFO CHECKSUM 13 9 0: 2.350391
2024-08-21 20:45:02,351 INFO CHECKSUM 13 9 0: 2.350391
2024-08-21 20:45:03,668 INFO sent 13 -> 9 # 0 at 90334955, 0.794103 0.195937
2024-08-21 20:45:03,668 INFO recv 13 -> 9 # 0 at 99706621, 0.794103 0.195937
2024-08-21 20:45:12,431 INFO CHECKSUM 13 10 0: 1.476419
2024-08-21 20:45:12,431 INFO CHECKSUM 13 10 0: 1.476419
2024-08-21 20:45:13,569 INFO recv 13 -> 10 # 0 at 39461981, 0.103523 0.120452
2024-08-21 20:45:13,578 INFO sent 13 -> 10 # 0 at 30253394, 0.103523 0.120452
2024-08-21 20:45:22,369 INFO CHECKSUM 13 11 0: 2.008243
2024-08-21 20:45:22,370 INFO CHECKSUM 13 11 0: 2.008243
2024-08-21 20:45:23,688 INFO sent 13 -> 11 # 0 at 88051024, 0.663541 0.436443
2024-08-21 20:45:23,688 INFO recv 13 -> 11 # 0 at 88512418, 0.663541 0.436443
2024-08-21 20:45:32,394 INFO CHECKSUM 13 12 0: 1.158428
2024-08-21 20:45:32,395 INFO CHECKSUM 13 12 0: 1.158428
2024-08-21 20:45:33,593 INFO recv 13 -> 12 # 0 at 14957563, 0.465240 0.390267
2024-08-21 20:45:33,593 INFO sent 13 -> 12 # 0 at 14096242, 0.465240 0.390267
2024-08-21 20:45:42,478 INFO CHECKSUM 13 14 0: 0.637848
2024-08-21 20:45:42,478 INFO CHECKSUM 13 14 0: 0.637848
2024-08-21 20:45:43,709 INFO sent 13 -> 14 # 0 at 181122388, 0.592346 0.506825
2024-08-21 20:45:43,709 INFO recv 13 -> 14 # 0 at 181612600, 0.592346 0.506825
2024-08-21 20:45:52,589 INFO CHECKSUM 13 15 0: 1.650829
2024-08-21 20:45:52,590 INFO CHECKSUM 13 15 0: 1.650829
2024-08-21 20:45:53,787 INFO Accepting from rank 14
2024-08-21 20:45:53,787 INFO Accepting from rank 14
2024-08-21 20:45:53,787 INFO Accepting from rank 14
2024-08-21 20:45:53,787 INFO Accepting from rank 14
2024-08-21 20:45:53,787 INFO Accepting from rank 14
2024-08-21 20:45:53,787 INFO Accepting from rank 14
2024-08-21 20:45:53,787 INFO Accepting from rank 14
2024-08-21 20:45:53,787 INFO sent 13 -> 15 # 0 at 188085490, 0.241922 0.241753
2024-08-21 20:45:53,787 INFO Accepting from rank 14
2024-08-21 20:45:53,787 INFO Accepting from rank 14
2024-08-21 20:45:53,787 INFO Accepting from rank 14
2024-08-21 20:45:53,787 INFO Sending from rank 14
2024-08-21 20:45:53,787 INFO Accepting from rank 14
2024-08-21 20:45:53,787 INFO Accepting from rank 14
2024-08-21 20:45:53,787 INFO Accepting from rank 14
2024-08-21 20:45:53,787 INFO recv 13 -> 15 # 0 at 188942583, 0.241922 0.241753
2024-08-21 20:45:53,787 INFO Accepting from rank 14
2024-08-21 20:45:53,804 INFO Accepting from rank 14
2024-08-21 20:46:02,498 INFO CHECKSUM 14 0 0: 1.019364
2024-08-21 20:46:02,498 INFO CHECKSUM 14 0 0: 1.019364
2024-08-21 20:46:03,593 INFO recv 14 -> 0 # 0 at 14738721, 0.370610 0.442931
2024-08-21 20:46:03,593 INFO sent 14 -> 0 # 0 at 14531637, 0.370610 0.442931
2024-08-21 20:46:12,303 INFO CHECKSUM 14 1 0: 2.108775
2024-08-21 20:46:12,304 INFO CHECKSUM 14 1 0: 2.108775
2024-08-21 20:46:13,625 INFO sent 14 -> 1 # 0 at 14441662, 0.069413 0.173996
2024-08-21 20:46:13,631 INFO recv 14 -> 1 # 0 at 16087150, 0.069413 0.173996
2024-08-21 20:46:22,389 INFO CHECKSUM 14 2 0: 1.336169
2024-08-21 20:46:22,388 INFO CHECKSUM 14 2 0: 1.336169
2024-08-21 20:46:23,661 INFO recv 14 -> 2 # 0 at 15073470, 0.134871 0.913648
2024-08-21 20:46:23,661 INFO sent 14 -> 2 # 0 at 14215714, 0.134871 0.913648
2024-08-21 20:46:32,436 INFO CHECKSUM 14 3 0: 1.939420
2024-08-21 20:46:32,435 INFO CHECKSUM 14 3 0: 1.939420
2024-08-21 20:46:33,645 INFO recv 14 -> 3 # 0 at 92983584, 0.571515 0.846502
2024-08-21 20:46:33,645 INFO sent 14 -> 3 # 0 at 86732344, 0.571515 0.846502
2024-08-21 20:46:42,413 INFO CHECKSUM 14 4 0: 1.665264
2024-08-21 20:46:42,414 INFO CHECKSUM 14 4 0: 1.665264
2024-08-21 20:46:43,609 INFO sent 14 -> 4 # 0 at 83883597, 0.976086 0.248613
2024-08-21 20:46:43,609 INFO recv 14 -> 4 # 0 at 84831440, 0.976086 0.248613
2024-08-21 20:46:52,421 INFO CHECKSUM 14 5 0: 1.782093
2024-08-21 20:46:52,422 INFO CHECKSUM 14 5 0: 1.782093
2024-08-21 20:46:53,613 INFO sent 14 -> 5 # 0 at 16804708, 0.496049 0.440656
2024-08-21 20:46:53,613 INFO recv 14 -> 5 # 0 at 15182654, 0.496049 0.440656
2024-08-21 20:47:02,354 INFO CHECKSUM 14 6 0: 1.054398
2024-08-21 20:47:02,354 INFO CHECKSUM 14 6 0: 1.054398
2024-08-21 20:47:03,529 INFO sent 14 -> 6 # 0 at 40428567, 0.176259 0.299358
2024-08-21 20:47:03,529 INFO recv 14 -> 6 # 0 at 30650949, 0.176259 0.299358
2024-08-21 20:47:12,536 INFO CHECKSUM 14 7 0: 1.941934
2024-08-21 20:47:12,537 INFO CHECKSUM 14 7 0: 1.941934
2024-08-21 20:47:13,753 INFO sent 14 -> 7 # 0 at 14739581, 0.213869 0.507907
2024-08-21 20:47:13,753 INFO recv 14 -> 7 # 0 at 15168615, 0.213869 0.507907
2024-08-21 20:47:22,512 INFO CHECKSUM 14 8 0: 1.377411
2024-08-21 20:47:22,512 INFO CHECKSUM 14 8 0: 1.377411
2024-08-21 20:47:23,467 INFO sent 14 -> 8 # 0 at 23936917, 0.669898 0.368236
2024-08-21 20:47:23,467 INFO recv 14 -> 8 # 0 at 24403205, 0.669898 0.368236
2024-08-21 20:47:32,290 INFO CHECKSUM 14 9 0: 0.692535
2024-08-21 20:47:32,290 INFO CHECKSUM 14 9 0: 0.692535
2024-08-21 20:47:33,336 INFO sent 14 -> 9 # 0 at 88457452, 0.078754 0.947296
2024-08-21 20:47:33,336 INFO recv 14 -> 9 # 0 at 88833954, 0.078754 0.947296
2024-08-21 20:47:42,178 INFO CHECKSUM 14 10 0: 2.618367
2024-08-21 20:47:42,187 INFO CHECKSUM 14 10 0: 2.618367
2024-08-21 20:47:43,401 INFO sent 14 -> 10 # 0 at 90421684, 0.551854 0.274344
2024-08-21 20:47:43,401 INFO recv 14 -> 10 # 0 at 99808882, 0.551854 0.274344
2024-08-21 20:47:52,118 INFO CHECKSUM 14 11 0: 0.345716
2024-08-21 20:47:53,435 INFO sent 14 -> 11 # 0 at 15778166, 0.516636 0.568784
2024-08-21 20:47:52,119 INFO CHECKSUM 14 11 0: 0.345716
2024-08-21 20:47:53,435 INFO recv 14 -> 11 # 0 at 14949618, 0.516636 0.568784
2024-08-21 20:48:02,114 INFO CHECKSUM 14 12 0: 0.414201
2024-08-21 20:48:02,114 INFO CHECKSUM 14 12 0: 0.414201
2024-08-21 20:48:03,404 INFO recv 14 -> 12 # 0 at 14597194, 0.919037 0.394530
2024-08-21 20:48:03,404 INFO sent 14 -> 12 # 0 at 14131801, 0.919037 0.394530
2024-08-21 20:48:12,120 INFO CHECKSUM 14 13 0: 2.497997
2024-08-21 20:48:12,121 INFO CHECKSUM 14 13 0: 2.497997
2024-08-21 20:48:13,182 INFO sent 14 -> 13 # 0 at 25936506, 0.146727 0.007354
2024-08-21 20:48:13,185 INFO recv 14 -> 13 # 0 at 26474541, 0.146727 0.007354
2024-08-21 20:48:22,077 INFO CHECKSUM 14 15 0: 1.666392
2024-08-21 20:48:22,077 INFO CHECKSUM 14 15 0: 1.666392
2024-08-21 20:48:23,404 INFO Accepting from rank 15
2024-08-21 20:48:23,404 INFO Accepting from rank 15
2024-08-21 20:48:23,404 INFO Accepting from rank 15
2024-08-21 20:48:23,404 INFO Accepting from rank 15
2024-08-21 20:48:23,404 INFO Accepting from rank 15
2024-08-21 20:48:23,404 INFO Accepting from rank 15
2024-08-21 20:48:23,404 INFO Accepting from rank 15
2024-08-21 20:48:23,404 INFO Accepting from rank 15
2024-08-21 20:48:23,404 INFO Accepting from rank 15
2024-08-21 20:48:23,404 INFO Accepting from rank 15
2024-08-21 20:48:23,404 INFO sent 14 -> 15 # 0 at 192502847, 0.446047 0.170237
2024-08-21 20:48:23,404 INFO Accepting from rank 15
2024-08-21 20:48:23,404 INFO Accepting from rank 15
2024-08-21 20:48:23,404 INFO recv 14 -> 15 # 0 at 192717795, 0.446047 0.170237
2024-08-21 20:48:23,404 INFO Accepting from rank 15
2024-08-21 20:48:23,404 INFO Accepting from rank 15
2024-08-21 20:48:23,404 INFO Sending from rank 15
2024-08-21 20:48:23,428 INFO Accepting from rank 15
2024-08-21 20:48:32,134 INFO CHECKSUM 15 0 0: 2.063320
2024-08-21 20:48:32,134 INFO CHECKSUM 15 0 0: 2.063320
2024-08-21 20:48:33,381 INFO recv 15 -> 0 # 0 at 25340008, 0.710777 0.702012
2024-08-21 20:48:33,386 INFO sent 15 -> 0 # 0 at 24707331, 0.710777 0.702012
2024-08-21 20:48:42,103 INFO CHECKSUM 15 1 0: 1.541516
2024-08-21 20:48:42,102 INFO CHECKSUM 15 1 0: 1.541516
2024-08-21 20:48:43,388 INFO recv 15 -> 1 # 0 at 14896501, 0.068902 0.129701
2024-08-21 20:48:43,393 INFO sent 15 -> 1 # 0 at 14448104, 0.068902 0.129701
2024-08-21 20:48:52,197 INFO CHECKSUM 15 2 0: 2.353956
2024-08-21 20:48:52,184 INFO CHECKSUM 15 2 0: 2.353956
2024-08-21 20:48:53,284 INFO sent 15 -> 2 # 0 at 85513829, 0.343862 0.253221
2024-08-21 20:48:53,286 INFO recv 15 -> 2 # 0 at 96180278, 0.343862 0.253221
2024-08-21 20:49:01,992 INFO CHECKSUM 15 3 0: 1.520857
2024-08-21 20:49:01,991 INFO CHECKSUM 15 3 0: 1.520857
2024-08-21 20:49:03,368 INFO recv 15 -> 3 # 0 at 15088863, 0.175343 0.131632
2024-08-21 20:49:03,368 INFO sent 15 -> 3 # 0 at 15946502, 0.175343 0.131632
2024-08-21 20:49:12,123 INFO CHECKSUM 15 4 0: 1.290805
2024-08-21 20:49:12,123 INFO CHECKSUM 15 4 0: 1.290805
2024-08-21 20:49:13,436 INFO recv 15 -> 4 # 0 at 37001042, 0.301654 0.126646
2024-08-21 20:49:13,441 INFO sent 15 -> 4 # 0 at 30013898, 0.301654 0.126646
2024-08-21 20:49:22,226 INFO CHECKSUM 15 5 0: 1.670623
2024-08-21 20:49:22,236 INFO CHECKSUM 15 5 0: 1.670623
2024-08-21 20:49:23,473 INFO sent 15 -> 5 # 0 at 92895566, 0.391399 0.004630
2024-08-21 20:49:23,473 INFO recv 15 -> 5 # 0 at 102806901, 0.391399 0.004630
2024-08-21 20:49:32,260 INFO CHECKSUM 15 6 0: 1.923537
2024-08-21 20:49:32,260 INFO CHECKSUM 15 6 0: 1.923537
2024-08-21 20:49:33,481 INFO sent 15 -> 6 # 0 at 15068808, 0.467250 0.773373
2024-08-21 20:49:33,481 INFO recv 15 -> 6 # 0 at 15570283, 0.467250 0.773373
2024-08-21 20:49:42,223 INFO CHECKSUM 15 7 0: 1.045064
2024-08-21 20:49:42,223 INFO CHECKSUM 15 7 0: 1.045064
2024-08-21 20:49:43,355 INFO sent 15 -> 7 # 0 at 21818564, 0.465384 0.851107
2024-08-21 20:49:43,355 INFO recv 15 -> 7 # 0 at 15758838, 0.465384 0.851107
2024-08-21 20:49:52,084 INFO CHECKSUM 15 8 0: 2.249527
2024-08-21 20:49:52,084 INFO CHECKSUM 15 8 0: 2.249527
2024-08-21 20:49:53,293 INFO recv 15 -> 8 # 0 at 18448087, 0.264693 0.052696
2024-08-21 20:49:53,293 INFO sent 15 -> 8 # 0 at 14527107, 0.264693 0.052696
2024-08-21 20:50:02,117 INFO CHECKSUM 15 9 0: 2.133487
2024-08-21 20:50:02,118 INFO CHECKSUM 15 9 0: 2.133487
2024-08-21 20:50:03,111 INFO sent 15 -> 9 # 0 at 96422770, 0.581193 0.253698
2024-08-21 20:50:03,113 INFO recv 15 -> 9 # 0 at 97963563, 0.581193 0.253698
2024-08-21 20:50:11,821 INFO CHECKSUM 15 10 0: 1.898399
2024-08-21 20:50:11,830 INFO CHECKSUM 15 10 0: 1.898399
2024-08-21 20:50:13,101 INFO sent 15 -> 10 # 0 at 15044500, 0.312321 0.130289
2024-08-21 20:50:13,101 INFO recv 15 -> 10 # 0 at 24674698, 0.312321 0.130289
2024-08-21 20:50:21,800 INFO CHECKSUM 15 11 0: 2.263783
2024-08-21 20:50:21,801 INFO CHECKSUM 15 11 0: 2.263783
2024-08-21 20:50:23,021 INFO sent 15 -> 11 # 0 at 14432674, 0.353759 0.063527
2024-08-21 20:50:23,021 INFO recv 15 -> 11 # 0 at 15292189, 0.353759 0.063527
2024-08-21 20:50:31,803 INFO CHECKSUM 15 12 0: 1.302493
2024-08-21 20:50:31,803 INFO CHECKSUM 15 12 0: 1.302493
2024-08-21 20:50:33,028 INFO recv 15 -> 12 # 0 at 95610655, 0.136755 0.150208
2024-08-21 20:50:33,033 INFO sent 15 -> 12 # 0 at 94964150, 0.136755 0.150208
2024-08-21 20:50:41,759 INFO CHECKSUM 15 13 0: 1.095258
2024-08-21 20:50:41,759 INFO CHECKSUM 15 13 0: 1.095258
2024-08-21 20:50:42,956 INFO recv 15 -> 13 # 0 at 26465170, 0.239894 0.329774
2024-08-21 20:50:42,956 INFO sent 15 -> 13 # 0 at 25982844, 0.239894 0.329774
2024-08-21 20:50:51,680 INFO CHECKSUM 15 14 0: 1.598655
2024-08-21 20:50:51,681 INFO CHECKSUM 15 14 0: 1.598655
2024-08-21 20:50:52,937 INFO Rank 0 start All-Reduce
2024-08-21 20:50:52,937 INFO Rank 12 start All-Reduce
2024-08-21 20:50:52,937 INFO Rank 8 start All-Reduce
2024-08-21 20:50:52,937 INFO Rank 2 start All-Reduce
2024-08-21 20:50:52,937 INFO Rank 13 start All-Reduce
2024-08-21 20:50:52,937 INFO Rank 10 start All-Reduce
2024-08-21 20:50:52,937 INFO Rank 3 start All-Reduce
2024-08-21 20:50:52,937 INFO Rank 4 start All-Reduce
2024-08-21 20:50:52,937 INFO recv 15 -> 14 # 0 at 14593636, 0.091652 0.614789
2024-08-21 20:50:52,937 INFO Rank 1 start All-Reduce
2024-08-21 20:50:52,937 INFO Rank 5 start All-Reduce
2024-08-21 20:50:52,937 INFO sent 15 -> 14 # 0 at 14158281, 0.091652 0.614789
2024-08-21 20:50:52,937 INFO Rank 6 start All-Reduce
2024-08-21 20:50:52,937 INFO Rank 14 start All-Reduce
2024-08-21 20:50:52,937 INFO Rank 7 start All-Reduce
2024-08-21 20:50:52,944 INFO Rank 9 start All-Reduce
2024-08-21 20:50:52,944 INFO Rank 11 start All-Reduce
2024-08-21 20:50:52,949 INFO Rank 15 start All-Reduce
2024-08-21 20:51:01,700 INFO Rank 1 HIT BARRIER
2024-08-21 20:51:01,701 INFO Rank 3 HIT BARRIER
2024-08-21 20:51:01,702 INFO Rank 0 HIT BARRIER
2024-08-21 20:51:01,703 INFO Rank 2 HIT BARRIER
2024-08-21 20:51:01,704 INFO Added key: store_based_barrier_key:2 to store for rank: 9
2024-08-21 20:51:01,704 INFO Added key: store_based_barrier_key:2 to store for rank: 3
2024-08-21 20:51:01,704 INFO Added key: store_based_barrier_key:2 to store for rank: 13
2024-08-21 20:51:01,704 INFO Added key: store_based_barrier_key:2 to store for rank: 12
2024-08-21 20:51:01,704 INFO Added key: store_based_barrier_key:2 to store for rank: 10
2024-08-21 20:51:01,704 INFO Added key: store_based_barrier_key:2 to store for rank: 1
2024-08-21 20:51:01,704 INFO Added key: store_based_barrier_key:2 to store for rank: 5
2024-08-21 20:51:01,704 INFO Added key: store_based_barrier_key:2 to store for rank: 15
2024-08-21 20:51:01,704 INFO Added key: store_based_barrier_key:2 to store for rank: 11
2024-08-21 20:51:01,704 INFO Added key: store_based_barrier_key:2 to store for rank: 2
2024-08-21 20:51:01,704 INFO Added key: store_based_barrier_key:2 to store for rank: 6
2024-08-21 20:51:01,704 INFO Added key: store_based_barrier_key:2 to store for rank: 14
2024-08-21 20:51:01,704 INFO Added key: store_based_barrier_key:2 to store for rank: 8
2024-08-21 20:51:01,705 INFO Added key: store_based_barrier_key:2 to store for rank: 0
2024-08-21 20:51:01,704 INFO Added key: store_based_barrier_key:2 to store for rank: 4
2024-08-21 20:51:01,705 INFO Rank 0: Completed store-based barrier for key:store_based_barrier_key:2 with 16 nodes.
2024-08-21 20:51:01,704 INFO Added key: store_based_barrier_key:2 to store for rank: 7
2024-08-21 20:51:01,705 INFO Made group
2024-08-21 20:51:01,714 INFO Rank 3: Completed store-based barrier for key:store_based_barrier_key:2 with 16 nodes.
2024-08-21 20:51:01,715 INFO Rank 13: Completed store-based barrier for key:store_based_barrier_key:2 with 16 nodes.
2024-08-21 20:51:01,715 INFO Rank 10: Completed store-based barrier for key:store_based_barrier_key:2 with 16 nodes.
2024-08-21 20:51:01,714 INFO Made group
2024-08-21 20:51:01,715 INFO Rank 5: Completed store-based barrier for key:store_based_barrier_key:2 with 16 nodes.
2024-08-21 20:51:01,715 INFO Rank 15: Completed store-based barrier for key:store_based_barrier_key:2 with 16 nodes.
2024-08-21 20:51:01,715 INFO Rank 8: Completed store-based barrier for key:store_based_barrier_key:2 with 16 nodes.
2024-08-21 20:51:01,715 INFO Rank 1: Completed store-based barrier for key:store_based_barrier_key:2 with 16 nodes.
2024-08-21 20:51:01,715 INFO Rank 6: Completed store-based barrier for key:store_based_barrier_key:2 with 16 nodes.
2024-08-21 20:51:01,715 INFO Rank 12: Completed store-based barrier for key:store_based_barrier_key:2 with 16 nodes.
2024-08-21 20:51:01,715 INFO Rank 9: Completed store-based barrier for key:store_based_barrier_key:2 with 16 nodes.
2024-08-21 20:51:01,715 INFO Rank 2: Completed store-based barrier for key:store_based_barrier_key:2 with 16 nodes.
2024-08-21 20:51:01,715 INFO Rank 4: Completed store-based barrier for key:store_based_barrier_key:2 with 16 nodes.
2024-08-21 20:51:01,715 INFO Rank 14: Completed store-based barrier for key:store_based_barrier_key:2 with 16 nodes.
2024-08-21 20:51:01,715 INFO Rank 11: Completed store-based barrier for key:store_based_barrier_key:2 with 16 nodes.
2024-08-21 20:51:01,715 INFO Made group
2024-08-21 20:51:01,715 INFO Rank 7: Completed store-based barrier for key:store_based_barrier_key:2 with 16 nodes.
2024-08-21 20:51:01,715 INFO Made group
2024-08-21 20:51:01,975 INFO Node Reduce CHECKSUM 3: 7.166267
2024-08-21 20:51:02,035 INFO Node Reduce CHECKSUM 0: 7.166267
2024-08-21 20:51:02,030 INFO Node Reduce CHECKSUM 1: 7.166267
2024-08-21 20:51:02,038 INFO Node Reduce CHECKSUM 2: 7.166267
2024-08-21 20:51:05,140 INFO Node Reduce rank 0 at 3436946455
2024-08-21 20:51:05,140 INFO Node Reduce rank 1 at 3436944170
2024-08-21 20:51:05,140 INFO Node Reduce rank 2 at 3436950082
2024-08-21 20:51:05,140 INFO Node Reduce rank 3 at 3436943609
2024-08-21 20:51:13,835 INFO Rank 7 HIT BARRIER
2024-08-21 20:51:13,836 INFO Rank 6 HIT BARRIER
2024-08-21 20:51:13,838 INFO Rank 5 HIT BARRIER
2024-08-21 20:51:13,890 INFO Rank 4 HIT BARRIER
2024-08-21 20:51:13,900 INFO Added key: store_based_barrier_key:3 to store for rank: 12
2024-08-21 20:51:13,900 INFO Added key: store_based_barrier_key:3 to store for rank: 8
2024-08-21 20:51:13,900 INFO Added key: store_based_barrier_key:3 to store for rank: 0
2024-08-21 20:51:13,900 INFO Added key: store_based_barrier_key:3 to store for rank: 4
2024-08-21 20:51:13,900 INFO Added key: store_based_barrier_key:3 to store for rank: 1
2024-08-21 20:51:13,900 INFO Added key: store_based_barrier_key:3 to store for rank: 3
2024-08-21 20:51:13,900 INFO Added key: store_based_barrier_key:3 to store for rank: 7
2024-08-21 20:51:13,901 INFO Added key: store_based_barrier_key:3 to store for rank: 13
2024-08-21 20:51:13,900 INFO Added key: store_based_barrier_key:3 to store for rank: 9
2024-08-21 20:51:13,900 INFO Added key: store_based_barrier_key:3 to store for rank: 2
2024-08-21 20:51:13,901 INFO Added key: store_based_barrier_key:3 to store for rank: 5
2024-08-21 20:51:13,901 INFO Added key: store_based_barrier_key:3 to store for rank: 14
2024-08-21 20:51:13,900 INFO Added key: store_based_barrier_key:3 to store for rank: 10
2024-08-21 20:51:13,901 INFO Rank 2: Completed store-based barrier for key:store_based_barrier_key:3 with 16 nodes.
2024-08-21 20:51:13,901 INFO Added key: store_based_barrier_key:3 to store for rank: 6
2024-08-21 20:51:13,901 INFO Added key: store_based_barrier_key:3 to store for rank: 15
2024-08-21 20:51:13,901 INFO Added key: store_based_barrier_key:3 to store for rank: 11
2024-08-21 20:51:13,901 INFO Rank 7: Completed store-based barrier for key:store_based_barrier_key:3 with 16 nodes.
2024-08-21 20:51:13,901 INFO Made group
2024-08-21 20:51:13,901 INFO Rank 13: Completed store-based barrier for key:store_based_barrier_key:3 with 16 nodes.
2024-08-21 20:51:13,901 INFO Rank 10: Completed store-based barrier for key:store_based_barrier_key:3 with 16 nodes.
2024-08-21 20:51:13,901 INFO Rank 6: Completed store-based barrier for key:store_based_barrier_key:3 with 16 nodes.
2024-08-21 20:51:13,901 INFO Rank 15: Completed store-based barrier for key:store_based_barrier_key:3 with 16 nodes.
2024-08-21 20:51:13,901 INFO Rank 9: Completed store-based barrier for key:store_based_barrier_key:3 with 16 nodes.
2024-08-21 20:51:13,901 INFO Made group
2024-08-21 20:51:13,901 INFO Rank 14: Completed store-based barrier for key:store_based_barrier_key:3 with 16 nodes.
2024-08-21 20:51:13,901 INFO Rank 11: Completed store-based barrier for key:store_based_barrier_key:3 with 16 nodes.
2024-08-21 20:51:13,901 INFO Rank 5: Completed store-based barrier for key:store_based_barrier_key:3 with 16 nodes.
2024-08-21 20:51:13,901 INFO Made group
2024-08-21 20:51:13,910 INFO Rank 3: Completed store-based barrier for key:store_based_barrier_key:3 with 16 nodes.
2024-08-21 20:51:13,910 INFO Rank 4: Completed store-based barrier for key:store_based_barrier_key:3 with 16 nodes.
2024-08-21 20:51:13,911 INFO Rank 1: Completed store-based barrier for key:store_based_barrier_key:3 with 16 nodes.
2024-08-21 20:51:13,911 INFO Made group
2024-08-21 20:51:13,911 INFO Rank 12: Completed store-based barrier for key:store_based_barrier_key:3 with 16 nodes.
2024-08-21 20:51:13,911 INFO Rank 8: Completed store-based barrier for key:store_based_barrier_key:3 with 16 nodes.
2024-08-21 20:51:13,911 INFO Rank 0: Completed store-based barrier for key:store_based_barrier_key:3 with 16 nodes.
2024-08-21 20:51:14,147 INFO Node Reduce CHECKSUM 4: 7.884054
2024-08-21 20:51:14,207 INFO Node Reduce CHECKSUM 5: 7.884054
2024-08-21 20:51:14,211 INFO Node Reduce CHECKSUM 6: 7.884054
2024-08-21 20:51:14,148 INFO Node Reduce CHECKSUM 7: 7.884054
2024-08-21 20:51:18,238 INFO Node Reduce rank 4 at 4338352646
2024-08-21 20:51:18,238 INFO Node Reduce rank 5 at 4338042956
2024-08-21 20:51:18,238 INFO Node Reduce rank 6 at 4338044420
2024-08-21 20:51:18,238 INFO Node Reduce rank 7 at 4338043989
2024-08-21 20:51:26,960 INFO Rank 9 HIT BARRIER
2024-08-21 20:51:26,960 INFO Rank 11 HIT BARRIER
2024-08-21 20:51:26,962 INFO Rank 8 HIT BARRIER
2024-08-21 20:51:26,967 INFO Rank 10 HIT BARRIER
2024-08-21 20:51:26,967 INFO Added key: store_based_barrier_key:4 to store for rank: 1
2024-08-21 20:51:26,968 INFO Added key: store_based_barrier_key:4 to store for rank: 13
2024-08-21 20:51:26,968 INFO Added key: store_based_barrier_key:4 to store for rank: 9
2024-08-21 20:51:26,967 INFO Added key: store_based_barrier_key:4 to store for rank: 3
2024-08-21 20:51:26,968 INFO Added key: store_based_barrier_key:4 to store for rank: 10
2024-08-21 20:51:26,967 INFO Added key: store_based_barrier_key:4 to store for rank: 2
2024-08-21 20:51:26,968 INFO Added key: store_based_barrier_key:4 to store for rank: 12
2024-08-21 20:51:26,968 INFO Added key: store_based_barrier_key:4 to store for rank: 11
2024-08-21 20:51:26,968 INFO Rank 3: Completed store-based barrier for key:store_based_barrier_key:4 with 16 nodes.
2024-08-21 20:51:26,968 INFO Added key: store_based_barrier_key:4 to store for rank: 5
2024-08-21 20:51:26,968 INFO Added key: store_based_barrier_key:4 to store for rank: 15
2024-08-21 20:51:26,968 INFO Added key: store_based_barrier_key:4 to store for rank: 8
2024-08-21 20:51:26,968 INFO Rank 1: Completed store-based barrier for key:store_based_barrier_key:4 with 16 nodes.
2024-08-21 20:51:26,968 INFO Added key: store_based_barrier_key:4 to store for rank: 6
2024-08-21 20:51:26,968 INFO Added key: store_based_barrier_key:4 to store for rank: 14
2024-08-21 20:51:26,968 INFO Rank 9: Completed store-based barrier for key:store_based_barrier_key:4 with 16 nodes.
2024-08-21 20:51:26,968 INFO Rank 2: Completed store-based barrier for key:store_based_barrier_key:4 with 16 nodes.
2024-08-21 20:51:26,968 INFO Added key: store_based_barrier_key:4 to store for rank: 4
2024-08-21 20:51:26,968 INFO Rank 12: Completed store-based barrier for key:store_based_barrier_key:4 with 16 nodes.
2024-08-21 20:51:26,968 INFO Rank 10: Completed store-based barrier for key:store_based_barrier_key:4 with 16 nodes.
2024-08-21 20:51:26,967 INFO Added key: store_based_barrier_key:4 to store for rank: 0
2024-08-21 20:51:26,968 INFO Added key: store_based_barrier_key:4 to store for rank: 7
2024-08-21 20:51:26,968 INFO Rank 13: Completed store-based barrier for key:store_based_barrier_key:4 with 16 nodes.
2024-08-21 20:51:26,968 INFO Rank 11: Completed store-based barrier for key:store_based_barrier_key:4 with 16 nodes.
2024-08-21 20:51:26,968 INFO Made group
2024-08-21 20:51:26,969 INFO Rank 0: Completed store-based barrier for key:store_based_barrier_key:4 with 16 nodes.
2024-08-21 20:51:26,968 INFO Rank 5: Completed store-based barrier for key:store_based_barrier_key:4 with 16 nodes.
2024-08-21 20:51:26,968 INFO Rank 15: Completed store-based barrier for key:store_based_barrier_key:4 with 16 nodes.
2024-08-21 20:51:26,968 INFO Rank 8: Completed store-based barrier for key:store_based_barrier_key:4 with 16 nodes.
2024-08-21 20:51:26,968 INFO Rank 6: Completed store-based barrier for key:store_based_barrier_key:4 with 16 nodes.
2024-08-21 20:51:26,968 INFO Rank 14: Completed store-based barrier for key:store_based_barrier_key:4 with 16 nodes.
2024-08-21 20:51:26,968 INFO Made group
2024-08-21 20:51:26,968 INFO Rank 4: Completed store-based barrier for key:store_based_barrier_key:4 with 16 nodes.
2024-08-21 20:51:26,968 INFO Made group
2024-08-21 20:51:26,968 INFO Rank 7: Completed store-based barrier for key:store_based_barrier_key:4 with 16 nodes.
2024-08-21 20:51:26,968 INFO Made group
2024-08-21 20:51:27,254 INFO Node Reduce CHECKSUM 8: 7.717460
2024-08-21 20:51:27,256 INFO Node Reduce CHECKSUM 9: 7.717460
2024-08-21 20:51:27,259 INFO Node Reduce CHECKSUM 10: 7.717460
2024-08-21 20:51:27,195 INFO Node Reduce CHECKSUM 11: 7.717460
2024-08-21 20:51:31,022 INFO Node Reduce rank 8 at 4054748419
2024-08-21 20:51:31,022 INFO Node Reduce rank 9 at 4054790630
2024-08-21 20:51:31,022 INFO Node Reduce rank 10 at 4054748709
2024-08-21 20:51:31,022 INFO Node Reduce rank 11 at 4054794357
2024-08-21 20:51:39,731 INFO Rank 13 HIT BARRIER
2024-08-21 20:51:39,731 INFO Rank 12 HIT BARRIER
2024-08-21 20:51:39,734 INFO Rank 15 HIT BARRIER
2024-08-21 20:51:39,737 INFO Rank 14 HIT BARRIER
2024-08-21 20:51:39,745 INFO Added key: store_based_barrier_key:5 to store for rank: 0
2024-08-21 20:51:39,745 INFO Added key: store_based_barrier_key:5 to store for rank: 1
2024-08-21 20:51:39,745 INFO Added key: store_based_barrier_key:5 to store for rank: 2
2024-08-21 20:51:39,746 INFO Added key: store_based_barrier_key:5 to store for rank: 12
2024-08-21 20:51:39,746 INFO Added key: store_based_barrier_key:5 to store for rank: 10
2024-08-21 20:51:39,745 INFO Added key: store_based_barrier_key:5 to store for rank: 3
2024-08-21 20:51:39,746 INFO Added key: store_based_barrier_key:5 to store for rank: 5
2024-08-21 20:51:39,746 INFO Added key: store_based_barrier_key:5 to store for rank: 13
2024-08-21 20:51:39,746 INFO Added key: store_based_barrier_key:5 to store for rank: 11
2024-08-21 20:51:39,746 INFO Added key: store_based_barrier_key:5 to store for rank: 6
2024-08-21 20:51:39,746 INFO Added key: store_based_barrier_key:5 to store for rank: 14
2024-08-21 20:51:39,746 INFO Added key: store_based_barrier_key:5 to store for rank: 8
2024-08-21 20:51:39,746 INFO Added key: store_based_barrier_key:5 to store for rank: 7
2024-08-21 20:51:39,746 INFO Added key: store_based_barrier_key:5 to store for rank: 15
2024-08-21 20:51:39,746 INFO Added key: store_based_barrier_key:5 to store for rank: 9
2024-08-21 20:51:39,746 INFO Added key: store_based_barrier_key:5 to store for rank: 4
2024-08-21 20:51:39,746 INFO Rank 13: Completed store-based barrier for key:store_based_barrier_key:5 with 16 nodes.
2024-08-21 20:51:39,746 INFO Rank 10: Completed store-based barrier for key:store_based_barrier_key:5 with 16 nodes.
2024-08-21 20:51:39,755 INFO Rank 0: Completed store-based barrier for key:store_based_barrier_key:5 with 16 nodes.
2024-08-21 20:51:39,746 INFO Rank 5: Completed store-based barrier for key:store_based_barrier_key:5 with 16 nodes.
2024-08-21 20:51:39,746 INFO Rank 14: Completed store-based barrier for key:store_based_barrier_key:5 with 16 nodes.
2024-08-21 20:51:39,746 INFO Rank 8: Completed store-based barrier for key:store_based_barrier_key:5 with 16 nodes.
2024-08-21 20:51:39,755 INFO Rank 2: Completed store-based barrier for key:store_based_barrier_key:5 with 16 nodes.
2024-08-21 20:51:39,746 INFO Rank 6: Completed store-based barrier for key:store_based_barrier_key:5 with 16 nodes.
2024-08-21 20:51:39,746 INFO Rank 12: Completed store-based barrier for key:store_based_barrier_key:5 with 16 nodes.
2024-08-21 20:51:39,746 INFO Rank 9: Completed store-based barrier for key:store_based_barrier_key:5 with 16 nodes.
2024-08-21 20:51:39,756 INFO Rank 3: Completed store-based barrier for key:store_based_barrier_key:5 with 16 nodes.
2024-08-21 20:51:39,746 INFO Rank 4: Completed store-based barrier for key:store_based_barrier_key:5 with 16 nodes.
2024-08-21 20:51:39,746 INFO Made group
2024-08-21 20:51:39,746 INFO Rank 11: Completed store-based barrier for key:store_based_barrier_key:5 with 16 nodes.
2024-08-21 20:51:39,756 INFO Rank 1: Completed store-based barrier for key:store_based_barrier_key:5 with 16 nodes.
2024-08-21 20:51:39,746 INFO Rank 7: Completed store-based barrier for key:store_based_barrier_key:5 with 16 nodes.
2024-08-21 20:51:39,746 INFO Made group
2024-08-21 20:51:39,746 INFO Rank 15: Completed store-based barrier for key:store_based_barrier_key:5 with 16 nodes.
2024-08-21 20:51:39,746 INFO Made group
2024-08-21 20:51:39,746 INFO Made group
2024-08-21 20:51:40,041 INFO Node Reduce CHECKSUM 15: 6.243069
2024-08-21 20:51:40,043 INFO Node Reduce CHECKSUM 12: 6.243069
2024-08-21 20:51:40,045 INFO Node Reduce CHECKSUM 13: 6.243069
2024-08-21 20:51:40,099 INFO Node Reduce CHECKSUM 14: 6.243069
2024-08-21 20:51:44,168 INFO Node Reduce rank 12 at 4422805209
2024-08-21 20:51:44,173 INFO Node Reduce rank 14 at 4427743682
2024-08-21 20:51:44,177 INFO Node Reduce rank 13 at 4431458159
2024-08-21 20:51:44,177 INFO Node Reduce rank 15 at 4431456987
2024-08-21 20:51:52,904 INFO All Reduce CHECKSUM 4: 23.731483
2024-08-21 20:51:52,906 INFO All Reduce CHECKSUM 12: 23.731483
2024-08-21 20:51:52,907 INFO All Reduce CHECKSUM 13: 23.731483
2024-08-21 20:51:52,904 INFO All Reduce CHECKSUM 14: 23.731483
2024-08-21 20:51:52,907 INFO All Reduce CHECKSUM 15: 23.731483
2024-08-21 20:51:52,908 INFO All Reduce CHECKSUM 0: 23.731483
2024-08-21 20:51:52,907 INFO All Reduce CHECKSUM 1: 23.731483
2024-08-21 20:51:52,908 INFO All Reduce CHECKSUM 5: 23.731483
2024-08-21 20:51:52,909 INFO All Reduce CHECKSUM 2: 23.731483
2024-08-21 20:51:52,904 INFO All Reduce CHECKSUM 6: 23.731483
2024-08-21 20:51:52,907 INFO All Reduce CHECKSUM 3: 23.731483
2024-08-21 20:51:52,907 INFO All Reduce CHECKSUM 7: 23.731483
2024-08-21 20:51:52,905 INFO All Reduce CHECKSUM 8: 23.731483
2024-08-21 20:51:52,906 INFO All Reduce CHECKSUM 9: 23.731483
2024-08-21 20:51:52,904 INFO All Reduce CHECKSUM 10: 23.731483
2024-08-21 20:51:52,906 INFO All Reduce CHECKSUM 11: 23.731483
2024-08-21 20:52:02,455 INFO All Reduce rank 12 at 9551481655
2024-08-21 20:52:02,455 INFO All Reduce rank 8 at 9551478911
2024-08-21 20:52:02,455 INFO All Reduce rank 0 at 9551442055
2024-08-21 20:52:02,455 INFO All Reduce rank 4 at 9551472395
2024-08-21 20:52:02,455 INFO Rank 0 done
2024-08-21 20:52:02,455 INFO Rank 4 done
2024-08-21 20:52:02,455 INFO All Reduce rank 14 at 9551482336
2024-08-21 20:52:02,455 INFO All Reduce rank 9 at 9551478520
2024-08-21 20:52:02,455 INFO All Reduce rank 5 at 9550095191
2024-08-21 20:52:02,455 INFO Rank 12 done
2024-08-21 20:52:02,455 INFO All Reduce rank 10 at 9551476806
2024-08-21 20:52:02,455 INFO All Reduce rank 1 at 9551859553
2024-08-21 20:52:02,455 INFO All Reduce rank 6 at 9551856528
2024-08-21 20:52:02,455 INFO Rank 14 done
2024-08-21 20:52:02,455 INFO Rank 9 done
2024-08-21 20:52:02,455 INFO All Reduce rank 3 at 9551859723
2024-08-21 20:52:02,455 INFO All Reduce rank 7 at 9550093188
2024-08-21 20:52:02,455 INFO All Reduce rank 13 at 9550088161
2024-08-21 20:52:02,455 INFO All Reduce rank 11 at 9551514690
2024-08-21 20:52:02,455 INFO All Reduce rank 2 at 9551890322
2024-08-21 20:52:02,455 INFO Rank 5 done
2024-08-21 20:52:02,455 INFO All Reduce rank 15 at 9550087610
2024-08-21 20:52:02,455 INFO Rank 8 done
2024-08-21 20:52:02,455 INFO Rank 1 done
2024-08-21 20:52:02,455 INFO Rank 6 done
2024-08-21 20:52:02,455 INFO Rank 13 done
2024-08-21 20:52:02,455 INFO Rank 10 done
2024-08-21 20:52:02,455 INFO Rank 3 done
2024-08-21 20:52:02,455 INFO Rank 7 done
2024-08-21 20:52:02,455 INFO Rank 15 done
2024-08-21 20:52:02,455 INFO Rank 11 done
2024-08-21 20:52:02,455 INFO Rank 2 done
