
2024-08-01 07:59:25,048 INFO Initialized rank 14 out of 16
2024-08-01 07:59:25,050 INFO Initialized rank 0 out of 16
2024-08-01 07:59:25,064 INFO Initialized rank 2 out of 16
2024-08-01 07:59:25,065 INFO Initialized rank 1 out of 16
2024-08-01 07:59:25,065 INFO Initialized rank 4 out of 16
2024-08-01 07:59:25,065 INFO Initialized rank 3 out of 16
2024-08-01 07:59:25,065 INFO Initialized rank 9 out of 16
2024-08-01 07:59:25,065 INFO Initialized rank 7 out of 16
2024-08-01 07:59:25,065 INFO Initialized rank 10 out of 16
2024-08-01 07:59:25,065 INFO Initialized rank 5 out of 16
2024-08-01 07:59:25,065 INFO Initialized rank 8 out of 16
2024-08-01 07:59:25,065 INFO Initialized rank 6 out of 16
2024-08-01 07:59:25,065 INFO Initialized rank 11 out of 16
2024-08-01 07:59:25,081 INFO Initialized rank 12 out of 16
2024-08-01 07:59:25,085 INFO Initialized rank 15 out of 16
2024-08-01 07:59:25,085 INFO Initialized rank 13 out of 16
2024-08-01 07:59:27,879 INFO Sync time
2024-08-01 07:59:27,879 INFO Sync time
2024-08-01 07:59:27,879 INFO Sync time
2024-08-01 07:59:27,879 INFO Sync time
2024-08-01 07:59:27,879 INFO Sync time
2024-08-01 07:59:27,879 INFO Sync time
2024-08-01 07:59:27,879 INFO Sync time
2024-08-01 07:59:27,879 INFO Sync time
2024-08-01 07:59:27,879 INFO Sync time
2024-08-01 07:59:27,879 INFO Sync time
2024-08-01 07:59:27,879 INFO Sending from rank 0
2024-08-01 07:59:27,879 INFO Sync time
2024-08-01 07:59:27,879 INFO Sync time
2024-08-01 07:59:27,879 INFO Sync time
2024-08-01 07:59:27,879 INFO Accepting from rank 0
2024-08-01 07:59:27,879 INFO Sync time
2024-08-01 07:59:27,879 INFO Sync time
2024-08-01 07:59:27,879 INFO Sync time
2024-08-01 07:59:27,879 INFO Accepting from rank 0
2024-08-01 07:59:27,879 INFO Accepting from rank 0
2024-08-01 07:59:27,879 INFO Accepting from rank 0
2024-08-01 07:59:27,879 INFO Accepting from rank 0
2024-08-01 07:59:27,879 INFO Accepting from rank 0
2024-08-01 07:59:27,879 INFO Accepting from rank 0
2024-08-01 07:59:27,879 INFO Accepting from rank 0
2024-08-01 07:59:27,879 INFO Accepting from rank 0
2024-08-01 07:59:27,879 INFO Accepting from rank 0
2024-08-01 07:59:27,879 INFO Accepting from rank 0
2024-08-01 07:59:27,879 INFO Accepting from rank 0
2024-08-01 07:59:27,879 INFO Accepting from rank 0
2024-08-01 07:59:27,879 INFO Accepting from rank 0
2024-08-01 07:59:27,879 INFO Accepting from rank 0
2024-08-01 07:59:28,112 INFO CHECKSUM 0 1 0: 1.517632
2024-08-01 07:59:28,113 INFO CHECKSUM 0 1 0: 1.517632
2024-08-01 07:59:28,127 INFO sent 0 -> 1 # 0 at 209253094, 0.466253 0.222433
2024-08-01 07:59:28,128 INFO recv 0 -> 1 # 0 at 224844271, 0.466253 0.222433
2024-08-01 07:59:28,403 INFO CHECKSUM 0 2 0: 1.517632
2024-08-01 07:59:28,405 INFO CHECKSUM 0 2 0: 1.517632
2024-08-01 07:59:28,425 INFO sent 0 -> 2 # 0 at 269883788, 0.466253 0.222433
2024-08-01 07:59:28,425 INFO recv 0 -> 2 # 0 at 291916301, 0.466253 0.222433
2024-08-01 07:59:28,655 INFO CHECKSUM 0 3 0: 1.517632
2024-08-01 07:59:28,657 INFO CHECKSUM 0 3 0: 1.517632
2024-08-01 07:59:28,678 INFO sent 0 -> 3 # 0 at 224975845, 0.466253 0.222433
2024-08-01 07:59:28,678 INFO recv 0 -> 3 # 0 at 247407778, 0.466253 0.222433
2024-08-01 07:59:28,902 INFO CHECKSUM 0 4 0: 1.517632
2024-08-01 07:59:28,904 INFO CHECKSUM 0 4 0: 1.517632
2024-08-01 07:59:28,922 INFO sent 0 -> 4 # 0 at 204676626, 0.466253 0.222433
2024-08-01 07:59:28,922 INFO recv 0 -> 4 # 0 at 223918031, 0.466253 0.222433
2024-08-01 07:59:29,146 INFO CHECKSUM 0 5 0: 1.517632
2024-08-01 07:59:29,149 INFO CHECKSUM 0 5 0: 1.517632
2024-08-01 07:59:29,161 INFO sent 0 -> 5 # 0 at 224545886, 0.466253 0.222433
2024-08-01 07:59:29,163 INFO recv 0 -> 5 # 0 at 241289819, 0.466253 0.222433
2024-08-01 07:59:29,376 INFO CHECKSUM 0 6 0: 1.517632
2024-08-01 07:59:29,378 INFO CHECKSUM 0 6 0: 1.517632
2024-08-01 07:59:29,393 INFO sent 0 -> 6 # 0 at 201780298, 0.466253 0.222433
2024-08-01 07:59:29,393 INFO recv 0 -> 6 # 0 at 218969950, 0.466253 0.222433
2024-08-01 07:59:29,618 INFO CHECKSUM 0 7 0: 1.517632
2024-08-01 07:59:29,620 INFO CHECKSUM 0 7 0: 1.517632
2024-08-01 07:59:29,636 INFO sent 0 -> 7 # 0 at 209138563, 0.466253 0.222433
2024-08-01 07:59:29,636 INFO recv 0 -> 7 # 0 at 226756762, 0.466253 0.222433
2024-08-01 07:59:29,862 INFO CHECKSUM 0 8 0: 1.517632
2024-08-01 07:59:29,864 INFO CHECKSUM 0 8 0: 1.517632
2024-08-01 07:59:29,877 INFO sent 0 -> 8 # 0 at 204004589, 0.466253 0.222433
2024-08-01 07:59:29,877 INFO recv 0 -> 8 # 0 at 219206076, 0.466253 0.222433
2024-08-01 07:59:30,084 INFO CHECKSUM 0 9 0: 1.517632
2024-08-01 07:59:30,085 INFO CHECKSUM 0 9 0: 1.517632
2024-08-01 07:59:30,099 INFO sent 0 -> 9 # 0 at 191987676, 0.466253 0.222433
2024-08-01 07:59:30,114 INFO recv 0 -> 9 # 0 at 222355929, 0.466253 0.222433
2024-08-01 07:59:30,348 INFO CHECKSUM 0 10 0: 1.517632
2024-08-01 07:59:30,349 INFO CHECKSUM 0 10 0: 1.517632
2024-08-01 07:59:30,365 INFO sent 0 -> 10 # 0 at 210251039, 0.466253 0.222433
2024-08-01 07:59:30,365 INFO recv 0 -> 10 # 0 at 227925054, 0.466253 0.222433
2024-08-01 07:59:30,570 INFO CHECKSUM 0 11 0: 1.517632
2024-08-01 07:59:30,582 INFO sent 0 -> 11 # 0 at 197010937, 0.466253 0.222433
2024-08-01 07:59:30,572 INFO CHECKSUM 0 11 0: 1.517632
2024-08-01 07:59:30,582 INFO recv 0 -> 11 # 0 at 208797785, 0.466253 0.222433
2024-08-01 07:59:30,783 INFO CHECKSUM 0 12 0: 1.517632
2024-08-01 07:59:30,785 INFO CHECKSUM 0 12 0: 1.517632
2024-08-01 07:59:30,794 INFO sent 0 -> 12 # 0 at 197598460, 0.466253 0.222433
2024-08-01 07:59:30,795 INFO recv 0 -> 12 # 0 at 208971512, 0.466253 0.222433
2024-08-01 07:59:31,047 INFO CHECKSUM 0 13 0: 1.517632
2024-08-01 07:59:31,062 INFO sent 0 -> 13 # 0 at 238283025, 0.466253 0.222433
2024-08-01 07:59:31,048 INFO CHECKSUM 0 13 0: 1.517632
2024-08-01 07:59:31,062 INFO recv 0 -> 13 # 0 at 253194688, 0.466253 0.222433
2024-08-01 07:59:31,292 INFO CHECKSUM 0 14 0: 1.517632
2024-08-01 07:59:31,293 INFO CHECKSUM 0 14 0: 1.517632
2024-08-01 07:59:31,303 INFO sent 0 -> 14 # 0 at 225994850, 0.466253 0.222433
2024-08-01 07:59:31,303 INFO recv 0 -> 14 # 0 at 237712491, 0.466253 0.222433
2024-08-01 07:59:31,500 INFO CHECKSUM 0 15 0: 1.517632
2024-08-01 07:59:31,501 INFO CHECKSUM 0 15 0: 1.517632
2024-08-01 07:59:31,512 INFO sent 0 -> 15 # 0 at 190047494, 0.466253 0.222433
2024-08-01 07:59:31,512 INFO Accepting from rank 1
2024-08-01 07:59:31,512 INFO Accepting from rank 1
2024-08-01 07:59:31,512 INFO Accepting from rank 1
2024-08-01 07:59:31,512 INFO Accepting from rank 1
2024-08-01 07:59:31,512 INFO Accepting from rank 1
2024-08-01 07:59:31,512 INFO Accepting from rank 1
2024-08-01 07:59:31,512 INFO Accepting from rank 1
2024-08-01 07:59:31,512 INFO Accepting from rank 1
2024-08-01 07:59:31,512 INFO Accepting from rank 1
2024-08-01 07:59:31,512 INFO Accepting from rank 1
2024-08-01 07:59:31,512 INFO Accepting from rank 1
2024-08-01 07:59:31,512 INFO recv 0 -> 15 # 0 at 202174975, 0.466253 0.222433
2024-08-01 07:59:31,512 INFO Accepting from rank 1
2024-08-01 07:59:31,513 INFO Sending from rank 1
2024-08-01 07:59:31,513 INFO Accepting from rank 1
2024-08-01 07:59:31,522 INFO Accepting from rank 1
2024-08-01 07:59:31,522 INFO Accepting from rank 1
2024-08-01 07:59:31,623 INFO CHECKSUM 1 0 0: 1.087699
2024-08-01 07:59:31,630 INFO CHECKSUM 1 0 0: 1.087699
2024-08-01 07:59:31,642 INFO recv 1 -> 0 # 0 at 96690838, 0.438875 0.694791
2024-08-01 07:59:31,642 INFO sent 1 -> 0 # 0 at 77412227, 0.438875 0.694791
2024-08-01 07:59:31,828 INFO CHECKSUM 1 2 0: 1.087699
2024-08-01 07:59:31,828 INFO CHECKSUM 1 2 0: 1.087699
2024-08-01 07:59:31,846 INFO sent 1 -> 2 # 0 at 186168100, 0.438875 0.694791
2024-08-01 07:59:31,846 INFO recv 1 -> 2 # 0 at 203626610, 0.438875 0.694791
2024-08-01 07:59:32,063 INFO CHECKSUM 1 3 0: 1.087699
2024-08-01 07:59:32,064 INFO CHECKSUM 1 3 0: 1.087699
2024-08-01 07:59:32,074 INFO sent 1 -> 3 # 0 at 217251934, 0.438875 0.694791
2024-08-01 07:59:32,074 INFO recv 1 -> 3 # 0 at 227606851, 0.438875 0.694791
2024-08-01 07:59:32,196 INFO CHECKSUM 1 4 0: 1.087699
2024-08-01 07:59:32,197 INFO CHECKSUM 1 4 0: 1.087699
2024-08-01 07:59:32,217 INFO sent 1 -> 4 # 0 at 110283881, 0.438875 0.694791
2024-08-01 07:59:32,217 INFO recv 1 -> 4 # 0 at 131503721, 0.438875 0.694791
2024-08-01 07:59:32,423 INFO CHECKSUM 1 5 0: 1.087699
2024-08-01 07:59:32,424 INFO CHECKSUM 1 5 0: 1.087699
2024-08-01 07:59:32,458 INFO sent 1 -> 5 # 0 at 193795864, 0.438875 0.694791
2024-08-01 07:59:32,458 INFO recv 1 -> 5 # 0 at 229318868, 0.438875 0.694791
2024-08-01 07:59:32,619 INFO CHECKSUM 1 6 0: 1.087699
2024-08-01 07:59:32,628 INFO CHECKSUM 1 6 0: 1.087699
2024-08-01 07:59:32,650 INFO sent 1 -> 6 # 0 at 160588214, 0.438875 0.694791
2024-08-01 07:59:32,650 INFO recv 1 -> 6 # 0 at 191764202, 0.438875 0.694791
2024-08-01 07:59:32,843 INFO CHECKSUM 1 7 0: 1.087699
2024-08-01 07:59:32,857 INFO sent 1 -> 7 # 0 at 161384871, 0.438875 0.694791
2024-08-01 07:59:32,844 INFO CHECKSUM 1 7 0: 1.087699
2024-08-01 07:59:32,858 INFO recv 1 -> 7 # 0 at 175575727, 0.438875 0.694791
2024-08-01 07:59:33,050 INFO CHECKSUM 1 8 0: 1.087699
2024-08-01 07:59:33,063 INFO sent 1 -> 8 # 0 at 182959491, 0.438875 0.694791
2024-08-01 07:59:33,050 INFO CHECKSUM 1 8 0: 1.087699
2024-08-01 07:59:33,063 INFO recv 1 -> 8 # 0 at 196256065, 0.438875 0.694791
2024-08-01 07:59:33,231 INFO CHECKSUM 1 9 0: 1.087699
2024-08-01 07:59:33,231 INFO CHECKSUM 1 9 0: 1.087699
2024-08-01 07:59:33,256 INFO recv 1 -> 9 # 0 at 190008499, 0.438875 0.694791
2024-08-01 07:59:33,262 INFO sent 1 -> 9 # 0 at 164474250, 0.438875 0.694791
2024-08-01 07:59:33,390 INFO CHECKSUM 1 10 0: 1.087699
2024-08-01 07:59:33,390 INFO CHECKSUM 1 10 0: 1.087699
2024-08-01 07:59:33,414 INFO sent 1 -> 10 # 0 at 112446182, 0.438875 0.694791
2024-08-01 07:59:33,414 INFO recv 1 -> 10 # 0 at 136575879, 0.438875 0.694791
2024-08-01 07:59:33,622 INFO CHECKSUM 1 11 0: 1.087699
2024-08-01 07:59:33,623 INFO CHECKSUM 1 11 0: 1.087699
2024-08-01 07:59:33,638 INFO sent 1 -> 11 # 0 at 192437054, 0.438875 0.694791
2024-08-01 07:59:33,638 INFO recv 1 -> 11 # 0 at 207787735, 0.438875 0.694791
2024-08-01 07:59:33,871 INFO CHECKSUM 1 12 0: 1.087699
2024-08-01 07:59:33,872 INFO CHECKSUM 1 12 0: 1.087699
2024-08-01 07:59:33,893 INFO sent 1 -> 12 # 0 at 233435113, 0.438875 0.694791
2024-08-01 07:59:33,893 INFO recv 1 -> 12 # 0 at 255403483, 0.438875 0.694791
2024-08-01 07:59:34,063 INFO CHECKSUM 1 13 0: 1.087699
2024-08-01 07:59:34,064 INFO CHECKSUM 1 13 0: 1.087699
2024-08-01 07:59:34,090 INFO sent 1 -> 13 # 0 at 156924576, 0.438875 0.694791
2024-08-01 07:59:34,090 INFO recv 1 -> 13 # 0 at 184057718, 0.438875 0.694791
2024-08-01 07:59:34,275 INFO CHECKSUM 1 14 0: 1.087699
2024-08-01 07:59:34,276 INFO CHECKSUM 1 14 0: 1.087699
2024-08-01 07:59:34,293 INFO recv 1 -> 14 # 0 at 187293582, 0.438875 0.694791
2024-08-01 07:59:34,299 INFO sent 1 -> 14 # 0 at 169547537, 0.438875 0.694791
2024-08-01 07:59:34,459 INFO CHECKSUM 1 15 0: 1.087699
2024-08-01 07:59:34,467 INFO CHECKSUM 1 15 0: 1.087699
2024-08-01 07:59:34,490 INFO Accepting from rank 2
2024-08-01 07:59:34,490 INFO Accepting from rank 2
2024-08-01 07:59:34,490 INFO Accepting from rank 2
2024-08-01 07:59:34,490 INFO Accepting from rank 2
2024-08-01 07:59:34,490 INFO sent 1 -> 15 # 0 at 158881442, 0.438875 0.694791
2024-08-01 07:59:34,490 INFO Sending from rank 2
2024-08-01 07:59:34,490 INFO Accepting from rank 2
2024-08-01 07:59:34,490 INFO Accepting from rank 2
2024-08-01 07:59:34,490 INFO Accepting from rank 2
2024-08-01 07:59:34,490 INFO Accepting from rank 2
2024-08-01 07:59:34,490 INFO Accepting from rank 2
2024-08-01 07:59:34,490 INFO Accepting from rank 2
2024-08-01 07:59:34,490 INFO Accepting from rank 2
2024-08-01 07:59:34,490 INFO Accepting from rank 2
2024-08-01 07:59:34,490 INFO Accepting from rank 2
2024-08-01 07:59:34,490 INFO recv 1 -> 15 # 0 at 189901450, 0.438875 0.694791
2024-08-01 07:59:34,490 INFO Accepting from rank 2
2024-08-01 07:59:34,490 INFO Accepting from rank 2
2024-08-01 07:59:34,608 INFO CHECKSUM 2 0 0: 0.851479
2024-08-01 07:59:34,607 INFO CHECKSUM 2 0 0: 0.851479
2024-08-01 07:59:34,629 INFO recv 2 -> 0 # 0 at 107095500, 0.085053 0.536458
2024-08-01 07:59:34,633 INFO sent 2 -> 0 # 0 at 85401339, 0.085053 0.536458
2024-08-01 07:59:34,648 INFO CHECKSUM 2 1 0: 0.851479
2024-08-01 07:59:34,648 INFO CHECKSUM 2 1 0: 0.851479
2024-08-01 07:59:34,661 INFO recv 2 -> 1 # 0 at 27980778, 0.085053 0.536458
2024-08-01 07:59:34,661 INFO sent 2 -> 1 # 0 at 14206235, 0.085053 0.536458
2024-08-01 07:59:34,866 INFO CHECKSUM 2 3 0: 0.851479
2024-08-01 07:59:34,866 INFO CHECKSUM 2 3 0: 0.851479
2024-08-01 07:59:34,884 INFO sent 2 -> 3 # 0 at 191394742, 0.085053 0.536458
2024-08-01 07:59:34,884 INFO recv 2 -> 3 # 0 at 209915532, 0.085053 0.536458
2024-08-01 07:59:35,039 INFO CHECKSUM 2 4 0: 0.851479
2024-08-01 07:59:35,040 INFO CHECKSUM 2 4 0: 0.851479
2024-08-01 07:59:35,066 INFO sent 2 -> 4 # 0 at 155002448, 0.085053 0.536458
2024-08-01 07:59:35,066 INFO recv 2 -> 4 # 0 at 181180489, 0.085053 0.536458
2024-08-01 07:59:35,270 INFO CHECKSUM 2 5 0: 0.851479
2024-08-01 07:59:35,271 INFO CHECKSUM 2 5 0: 0.851479
2024-08-01 07:59:35,286 INFO sent 2 -> 5 # 0 at 196760634, 0.085053 0.536458
2024-08-01 07:59:35,286 INFO recv 2 -> 5 # 0 at 212592951, 0.085053 0.536458
2024-08-01 07:59:35,443 INFO CHECKSUM 2 6 0: 0.851479
2024-08-01 07:59:35,444 INFO CHECKSUM 2 6 0: 0.851479
2024-08-01 07:59:35,477 INFO sent 2 -> 6 # 0 at 156572111, 0.085053 0.536458
2024-08-01 07:59:35,477 INFO recv 2 -> 6 # 0 at 190490383, 0.085053 0.536458
2024-08-01 07:59:35,679 INFO CHECKSUM 2 7 0: 0.851479
2024-08-01 07:59:35,679 INFO CHECKSUM 2 7 0: 0.851479
2024-08-01 07:59:35,691 INFO sent 2 -> 7 # 0 at 188839360, 0.085053 0.536458
2024-08-01 07:59:35,691 INFO recv 2 -> 7 # 0 at 197919222, 0.085053 0.536458
2024-08-01 07:59:35,871 INFO CHECKSUM 2 8 0: 0.851479
2024-08-01 07:59:35,871 INFO CHECKSUM 2 8 0: 0.851479
2024-08-01 07:59:35,888 INFO recv 2 -> 8 # 0 at 181733449, 0.085053 0.536458
2024-08-01 07:59:35,894 INFO sent 2 -> 8 # 0 at 164859281, 0.085053 0.536458
2024-08-01 07:59:36,076 INFO CHECKSUM 2 9 0: 0.851479
2024-08-01 07:59:36,077 INFO CHECKSUM 2 9 0: 0.851479
2024-08-01 07:59:36,091 INFO sent 2 -> 9 # 0 at 178641898, 0.085053 0.536458
2024-08-01 07:59:36,091 INFO recv 2 -> 9 # 0 at 193449614, 0.085053 0.536458
2024-08-01 07:59:36,285 INFO CHECKSUM 2 10 0: 0.851479
2024-08-01 07:59:36,285 INFO CHECKSUM 2 10 0: 0.851479
2024-08-01 07:59:36,298 INFO sent 2 -> 10 # 0 at 170429556, 0.085053 0.536458
2024-08-01 07:59:36,298 INFO recv 2 -> 10 # 0 at 183216161, 0.085053 0.536458
2024-08-01 07:59:36,455 INFO CHECKSUM 2 11 0: 0.851479
2024-08-01 07:59:36,455 INFO CHECKSUM 2 11 0: 0.851479
2024-08-01 07:59:36,482 INFO sent 2 -> 11 # 0 at 156515616, 0.085053 0.536458
2024-08-01 07:59:36,485 INFO recv 2 -> 11 # 0 at 186483601, 0.085053 0.536458
2024-08-01 07:59:36,664 INFO CHECKSUM 2 12 0: 0.851479
2024-08-01 07:59:36,673 INFO CHECKSUM 2 12 0: 0.851479
2024-08-01 07:59:36,683 INFO sent 2 -> 12 # 0 at 179211878, 0.085053 0.536458
2024-08-01 07:59:36,683 INFO recv 2 -> 12 # 0 at 197895071, 0.085053 0.536458
2024-08-01 07:59:36,851 INFO CHECKSUM 2 13 0: 0.851479
2024-08-01 07:59:36,852 INFO CHECKSUM 2 13 0: 0.851479
2024-08-01 07:59:36,869 INFO sent 2 -> 13 # 0 at 161112154, 0.085053 0.536458
2024-08-01 07:59:36,874 INFO recv 2 -> 13 # 0 at 184306460, 0.085053 0.536458
2024-08-01 07:59:37,063 INFO CHECKSUM 2 14 0: 0.851479
2024-08-01 07:59:37,064 INFO CHECKSUM 2 14 0: 0.851479
2024-08-01 07:59:37,089 INFO sent 2 -> 14 # 0 at 173860525, 0.085053 0.536458
2024-08-01 07:59:37,089 INFO recv 2 -> 14 # 0 at 199270123, 0.085053 0.536458
2024-08-01 07:59:37,259 INFO CHECKSUM 2 15 0: 0.851479
2024-08-01 07:59:37,268 INFO Accepting from rank 3
2024-08-01 07:59:37,260 INFO CHECKSUM 2 15 0: 0.851479
2024-08-01 07:59:37,270 INFO Accepting from rank 3
2024-08-01 07:59:37,274 INFO Accepting from rank 3
2024-08-01 07:59:37,273 INFO Accepting from rank 3
2024-08-01 07:59:37,274 INFO Accepting from rank 3
2024-08-01 07:59:37,273 INFO Accepting from rank 3
2024-08-01 07:59:37,273 INFO sent 2 -> 15 # 0 at 161621416, 0.085053 0.536458
2024-08-01 07:59:37,274 INFO Accepting from rank 3
2024-08-01 07:59:37,274 INFO Accepting from rank 3
2024-08-01 07:59:37,273 INFO Accepting from rank 3
2024-08-01 07:59:37,274 INFO Accepting from rank 3
2024-08-01 07:59:37,273 INFO Sending from rank 3
2024-08-01 07:59:37,274 INFO Accepting from rank 3
2024-08-01 07:59:37,273 INFO Accepting from rank 3
2024-08-01 07:59:37,274 INFO Accepting from rank 3
2024-08-01 07:59:37,274 INFO recv 2 -> 15 # 0 at 176214677, 0.085053 0.536458
2024-08-01 07:59:37,274 INFO Accepting from rank 3
2024-08-01 07:59:37,274 INFO Accepting from rank 3
2024-08-01 07:59:37,315 INFO CHECKSUM 3 0 0: 0.894433
2024-08-01 07:59:37,315 INFO CHECKSUM 3 0 0: 0.894433
2024-08-01 07:59:37,333 INFO recv 3 -> 0 # 0 at 32417023, 0.684019 0.838531
2024-08-01 07:59:37,338 INFO sent 3 -> 0 # 0 at 14243656, 0.684019 0.838531
2024-08-01 07:59:37,479 INFO CHECKSUM 3 1 0: 0.894433
2024-08-01 07:59:37,479 INFO CHECKSUM 3 1 0: 0.894433
2024-08-01 07:59:37,502 INFO recv 3 -> 1 # 0 at 134602094, 0.684019 0.838531
2024-08-01 07:59:37,502 INFO sent 3 -> 1 # 0 at 112215269, 0.684019 0.838531
2024-08-01 07:59:37,517 INFO CHECKSUM 3 2 0: 0.894433
2024-08-01 07:59:37,517 INFO CHECKSUM 3 2 0: 0.894433
2024-08-01 07:59:37,530 INFO sent 3 -> 2 # 0 at 14345162, 0.684019 0.838531
2024-08-01 07:59:37,530 INFO recv 3 -> 2 # 0 at 27535467, 0.684019 0.838531
2024-08-01 07:59:37,644 INFO CHECKSUM 3 4 0: 0.894433
2024-08-01 07:59:37,644 INFO CHECKSUM 3 4 0: 0.894433
2024-08-01 07:59:37,669 INFO sent 3 -> 4 # 0 at 102426346, 0.684019 0.838531
2024-08-01 07:59:37,669 INFO recv 3 -> 4 # 0 at 127881219, 0.684019 0.838531
2024-08-01 07:59:37,863 INFO CHECKSUM 3 5 0: 0.894433
2024-08-01 07:59:37,864 INFO CHECKSUM 3 5 0: 0.894433
2024-08-01 07:59:37,906 INFO recv 3 -> 5 # 0 at 223849177, 0.684019 0.838531
2024-08-01 07:59:37,914 INFO sent 3 -> 5 # 0 at 181028643, 0.684019 0.838531
2024-08-01 07:59:38,048 INFO CHECKSUM 3 6 0: 0.894433
2024-08-01 07:59:38,071 INFO CHECKSUM 3 6 0: 0.894433
2024-08-01 07:59:38,087 INFO sent 3 -> 6 # 0 at 117235613, 0.684019 0.838531
2024-08-01 07:59:38,087 INFO recv 3 -> 6 # 0 at 157030574, 0.684019 0.838531
2024-08-01 07:59:38,278 INFO CHECKSUM 3 7 0: 0.894433
2024-08-01 07:59:38,279 INFO CHECKSUM 3 7 0: 0.894433
2024-08-01 07:59:38,297 INFO sent 3 -> 7 # 0 at 180150740, 0.684019 0.838531
2024-08-01 07:59:38,297 INFO recv 3 -> 7 # 0 at 199195445, 0.684019 0.838531
2024-08-01 07:59:38,520 INFO CHECKSUM 3 8 0: 0.894433
2024-08-01 07:59:38,520 INFO CHECKSUM 3 8 0: 0.894433
2024-08-01 07:59:38,538 INFO sent 3 -> 8 # 0 at 206325601, 0.684019 0.838531
2024-08-01 07:59:38,538 INFO recv 3 -> 8 # 0 at 224957895, 0.684019 0.838531
2024-08-01 07:59:38,714 INFO CHECKSUM 3 9 0: 0.894433
2024-08-01 07:59:38,715 INFO CHECKSUM 3 9 0: 0.894433
2024-08-01 07:59:38,734 INFO sent 3 -> 9 # 0 at 171492077, 0.684019 0.838531
2024-08-01 07:59:38,740 INFO recv 3 -> 9 # 0 at 197242760, 0.684019 0.838531
2024-08-01 07:59:38,960 INFO CHECKSUM 3 10 0: 0.894433
2024-08-01 07:59:38,968 INFO CHECKSUM 3 10 0: 0.894433
2024-08-01 07:59:38,978 INFO sent 3 -> 10 # 0 at 185651030, 0.684019 0.838531
2024-08-01 07:59:38,978 INFO recv 3 -> 10 # 0 at 203723876, 0.684019 0.838531
2024-08-01 07:59:39,142 INFO CHECKSUM 3 11 0: 0.894433
2024-08-01 07:59:39,143 INFO CHECKSUM 3 11 0: 0.894433
2024-08-01 07:59:39,173 INFO recv 3 -> 11 # 0 at 188276906, 0.684019 0.838531
2024-08-01 07:59:39,177 INFO sent 3 -> 11 # 0 at 156884046, 0.684019 0.838531
2024-08-01 07:59:39,423 INFO CHECKSUM 3 12 0: 0.894433
2024-08-01 07:59:39,423 INFO CHECKSUM 3 12 0: 0.894433
2024-08-01 07:59:39,446 INFO sent 3 -> 12 # 0 at 240457494, 0.684019 0.838531
2024-08-01 07:59:39,446 INFO recv 3 -> 12 # 0 at 263538330, 0.684019 0.838531
2024-08-01 07:59:39,631 INFO CHECKSUM 3 13 0: 0.894433
2024-08-01 07:59:39,632 INFO CHECKSUM 3 13 0: 0.894433
2024-08-01 07:59:39,642 INFO sent 3 -> 13 # 0 at 172985288, 0.684019 0.838531
2024-08-01 07:59:39,642 INFO recv 3 -> 13 # 0 at 180300155, 0.684019 0.838531
2024-08-01 07:59:39,814 INFO CHECKSUM 3 14 0: 0.894433
2024-08-01 07:59:39,816 INFO CHECKSUM 3 14 0: 0.894433
2024-08-01 07:59:39,828 INFO sent 3 -> 14 # 0 at 160447020, 0.684019 0.838531
2024-08-01 07:59:39,829 INFO recv 3 -> 14 # 0 at 174706829, 0.684019 0.838531
2024-08-01 07:59:39,991 INFO CHECKSUM 3 15 0: 0.894433
2024-08-01 07:59:39,991 INFO CHECKSUM 3 15 0: 0.894433
2024-08-01 07:59:40,009 INFO Accepting from rank 4
2024-08-01 07:59:40,009 INFO Accepting from rank 4
2024-08-01 07:59:40,009 INFO Accepting from rank 4
2024-08-01 07:59:40,009 INFO Sending from rank 4
2024-08-01 07:59:40,009 INFO Accepting from rank 4
2024-08-01 07:59:40,009 INFO Accepting from rank 4
2024-08-01 07:59:40,009 INFO Accepting from rank 4
2024-08-01 07:59:40,009 INFO Accepting from rank 4
2024-08-01 07:59:40,009 INFO Accepting from rank 4
2024-08-01 07:59:40,009 INFO sent 3 -> 15 # 0 at 157320138, 0.684019 0.838531
2024-08-01 07:59:40,009 INFO Accepting from rank 4
2024-08-01 07:59:40,009 INFO Accepting from rank 4
2024-08-01 07:59:40,009 INFO Accepting from rank 4
2024-08-01 07:59:40,009 INFO Accepting from rank 4
2024-08-01 07:59:40,009 INFO Accepting from rank 4
2024-08-01 07:59:40,009 INFO recv 3 -> 15 # 0 at 175765097, 0.684019 0.838531
2024-08-01 07:59:40,009 INFO Accepting from rank 4
2024-08-01 07:59:40,009 INFO Accepting from rank 4
2024-08-01 07:59:40,116 INFO CHECKSUM 4 0 0: 1.826021
2024-08-01 07:59:40,116 INFO CHECKSUM 4 0 0: 1.826021
2024-08-01 07:59:40,133 INFO recv 4 -> 0 # 0 at 104267026, 0.710268 0.190891
2024-08-01 07:59:40,133 INFO sent 4 -> 0 # 0 at 86675137, 0.710268 0.190891
2024-08-01 07:59:40,240 INFO CHECKSUM 4 1 0: 1.826021
2024-08-01 07:59:40,240 INFO CHECKSUM 4 1 0: 1.826021
2024-08-01 07:59:40,266 INFO recv 4 -> 1 # 0 at 104596602, 0.710268 0.190891
2024-08-01 07:59:40,266 INFO sent 4 -> 1 # 0 at 86139810, 0.710268 0.190891
2024-08-01 07:59:40,383 INFO CHECKSUM 4 2 0: 1.826021
2024-08-01 07:59:40,384 INFO CHECKSUM 4 2 0: 1.826021
2024-08-01 07:59:40,406 INFO recv 4 -> 2 # 0 at 116935003, 0.710268 0.190891
2024-08-01 07:59:40,406 INFO sent 4 -> 2 # 0 at 94235861, 0.710268 0.190891
2024-08-01 07:59:40,444 INFO CHECKSUM 4 3 0: 1.826021
2024-08-01 07:59:40,444 INFO CHECKSUM 4 3 0: 1.826021
2024-08-01 07:59:40,481 INFO sent 4 -> 3 # 0 at 17506740, 0.710268 0.190891
2024-08-01 07:59:40,485 INFO recv 4 -> 3 # 0 at 55473752, 0.710268 0.190891
2024-08-01 07:59:40,705 INFO CHECKSUM 4 5 0: 1.826021
2024-08-01 07:59:40,705 INFO CHECKSUM 4 5 0: 1.826021
2024-08-01 07:59:40,730 INFO sent 4 -> 5 # 0 at 208866078, 0.710268 0.190891
2024-08-01 07:59:40,730 INFO recv 4 -> 5 # 0 at 233921780, 0.710268 0.190891
2024-08-01 07:59:40,866 INFO CHECKSUM 4 6 0: 1.826021
2024-08-01 07:59:40,866 INFO CHECKSUM 4 6 0: 1.826021
2024-08-01 07:59:40,879 INFO sent 4 -> 6 # 0 at 128325931, 0.710268 0.190891
2024-08-01 07:59:40,879 INFO recv 4 -> 6 # 0 at 141603505, 0.710268 0.190891
2024-08-01 07:59:41,091 INFO CHECKSUM 4 7 0: 1.826021
2024-08-01 07:59:41,091 INFO CHECKSUM 4 7 0: 1.826021
2024-08-01 07:59:41,114 INFO sent 4 -> 7 # 0 at 208429522, 0.710268 0.190891
2024-08-01 07:59:41,114 INFO recv 4 -> 7 # 0 at 230840918, 0.710268 0.190891
2024-08-01 07:59:41,303 INFO CHECKSUM 4 8 0: 1.826021
2024-08-01 07:59:41,318 INFO sent 4 -> 8 # 0 at 177857380, 0.710268 0.190891
2024-08-01 07:59:41,304 INFO CHECKSUM 4 8 0: 1.826021
2024-08-01 07:59:41,318 INFO recv 4 -> 8 # 0 at 192259306, 0.710268 0.190891
2024-08-01 07:59:41,499 INFO CHECKSUM 4 9 0: 1.826021
2024-08-01 07:59:41,499 INFO CHECKSUM 4 9 0: 1.826021
2024-08-01 07:59:41,511 INFO recv 4 -> 9 # 0 at 186805604, 0.710268 0.190891
2024-08-01 07:59:41,511 INFO sent 4 -> 9 # 0 at 174202726, 0.710268 0.190891
2024-08-01 07:59:41,686 INFO CHECKSUM 4 10 0: 1.826021
2024-08-01 07:59:41,687 INFO CHECKSUM 4 10 0: 1.826021
2024-08-01 07:59:41,695 INFO sent 4 -> 10 # 0 at 173072446, 0.710268 0.190891
2024-08-01 07:59:41,695 INFO recv 4 -> 10 # 0 at 181317696, 0.710268 0.190891
2024-08-01 07:59:41,871 INFO CHECKSUM 4 11 0: 1.826021
2024-08-01 07:59:41,872 INFO CHECKSUM 4 11 0: 1.826021
2024-08-01 07:59:41,891 INFO sent 4 -> 11 # 0 at 169998468, 0.710268 0.190891
2024-08-01 07:59:41,893 INFO recv 4 -> 11 # 0 at 191989405, 0.710268 0.190891
2024-08-01 07:59:42,108 INFO CHECKSUM 4 12 0: 1.826021
2024-08-01 07:59:42,108 INFO CHECKSUM 4 12 0: 1.826021
2024-08-01 07:59:42,129 INFO recv 4 -> 12 # 0 at 215099571, 0.710268 0.190891
2024-08-01 07:59:42,129 INFO sent 4 -> 12 # 0 at 194080773, 0.710268 0.190891
2024-08-01 07:59:42,315 INFO CHECKSUM 4 13 0: 1.826021
2024-08-01 07:59:42,315 INFO CHECKSUM 4 13 0: 1.826021
2024-08-01 07:59:42,330 INFO recv 4 -> 13 # 0 at 175123655, 0.710268 0.190891
2024-08-01 07:59:42,330 INFO sent 4 -> 13 # 0 at 160792235, 0.710268 0.190891
2024-08-01 07:59:42,503 INFO CHECKSUM 4 14 0: 1.826021
2024-08-01 07:59:42,504 INFO CHECKSUM 4 14 0: 1.826021
2024-08-01 07:59:42,526 INFO sent 4 -> 14 # 0 at 167064551, 0.710268 0.190891
2024-08-01 07:59:42,526 INFO recv 4 -> 14 # 0 at 189490553, 0.710268 0.190891
2024-08-01 07:59:42,691 INFO CHECKSUM 4 15 0: 1.826021
2024-08-01 07:59:42,691 INFO CHECKSUM 4 15 0: 1.826021
2024-08-01 07:59:42,706 INFO Accepting from rank 5
2024-08-01 07:59:42,710 INFO Accepting from rank 5
2024-08-01 07:59:42,712 INFO Accepting from rank 5
2024-08-01 07:59:42,712 INFO Accepting from rank 5
2024-08-01 07:59:42,712 INFO Accepting from rank 5
2024-08-01 07:59:42,712 INFO sent 4 -> 15 # 0 at 162974384, 0.710268 0.190891
2024-08-01 07:59:42,712 INFO Accepting from rank 5
2024-08-01 07:59:42,712 INFO Accepting from rank 5
2024-08-01 07:59:42,713 INFO Accepting from rank 5
2024-08-01 07:59:42,712 INFO Accepting from rank 5
2024-08-01 07:59:42,713 INFO recv 4 -> 15 # 0 at 184978931, 0.710268 0.190891
2024-08-01 07:59:42,713 INFO Accepting from rank 5
2024-08-01 07:59:42,713 INFO Accepting from rank 5
2024-08-01 07:59:42,713 INFO Sending from rank 5
2024-08-01 07:59:42,714 INFO Accepting from rank 5
2024-08-01 07:59:42,713 INFO Accepting from rank 5
2024-08-01 07:59:42,717 INFO Accepting from rank 5
2024-08-01 07:59:42,717 INFO Accepting from rank 5
2024-08-01 07:59:42,748 INFO CHECKSUM 5 0 0: 0.878507
2024-08-01 07:59:42,761 INFO recv 5 -> 0 # 0 at 28482895, 0.787445 0.217896
2024-08-01 07:59:42,747 INFO CHECKSUM 5 0 0: 0.878507
2024-08-01 07:59:42,761 INFO sent 5 -> 0 # 0 at 14188819, 0.787445 0.217896
2024-08-01 07:59:42,788 INFO CHECKSUM 5 1 0: 0.878507
2024-08-01 07:59:42,789 INFO CHECKSUM 5 1 0: 0.878507
2024-08-01 07:59:42,805 INFO recv 5 -> 1 # 0 at 31136555, 0.787445 0.217896
2024-08-01 07:59:42,805 INFO sent 5 -> 1 # 0 at 14181565, 0.787445 0.217896
2024-08-01 07:59:42,853 INFO CHECKSUM 5 2 0: 0.878507
2024-08-01 07:59:42,850 INFO CHECKSUM 5 2 0: 0.878507
2024-08-01 07:59:42,877 INFO recv 5 -> 2 # 0 at 62555793, 0.787445 0.217896
2024-08-01 07:59:42,886 INFO sent 5 -> 2 # 0 at 35404648, 0.787445 0.217896
2024-08-01 07:59:42,927 INFO CHECKSUM 5 3 0: 0.878507
2024-08-01 07:59:42,928 INFO CHECKSUM 5 3 0: 0.878507
2024-08-01 07:59:42,950 INFO recv 5 -> 3 # 0 at 39846255, 0.787445 0.217896
2024-08-01 07:59:42,950 INFO sent 5 -> 3 # 0 at 21215398, 0.787445 0.217896
2024-08-01 07:59:42,966 INFO CHECKSUM 5 4 0: 0.878507
2024-08-01 07:59:42,966 INFO CHECKSUM 5 4 0: 0.878507
2024-08-01 07:59:42,982 INFO recv 5 -> 4 # 0 at 29665365, 0.787445 0.217896
2024-08-01 07:59:42,982 INFO sent 5 -> 4 # 0 at 13681797, 0.787445 0.217896
2024-08-01 07:59:43,176 INFO CHECKSUM 5 6 0: 0.878507
2024-08-01 07:59:43,176 INFO CHECKSUM 5 6 0: 0.878507
2024-08-01 07:59:43,186 INFO sent 5 -> 6 # 0 at 192048113, 0.787445 0.217896
2024-08-01 07:59:43,186 INFO recv 5 -> 6 # 0 at 202382793, 0.787445 0.217896
2024-08-01 07:59:43,376 INFO CHECKSUM 5 7 0: 0.878507
2024-08-01 07:59:43,377 INFO CHECKSUM 5 7 0: 0.878507
2024-08-01 07:59:43,397 INFO sent 5 -> 7 # 0 at 182732338, 0.787445 0.217896
2024-08-01 07:59:43,397 INFO recv 5 -> 7 # 0 at 203680568, 0.787445 0.217896
2024-08-01 07:59:43,568 INFO CHECKSUM 5 8 0: 0.878507
2024-08-01 07:59:43,568 INFO CHECKSUM 5 8 0: 0.878507
2024-08-01 07:59:43,594 INFO recv 5 -> 8 # 0 at 193113185, 0.787445 0.217896
2024-08-01 07:59:43,597 INFO sent 5 -> 8 # 0 at 166525647, 0.787445 0.217896
2024-08-01 07:59:43,787 INFO CHECKSUM 5 9 0: 0.878507
2024-08-01 07:59:43,787 INFO CHECKSUM 5 9 0: 0.878507
2024-08-01 07:59:43,814 INFO sent 5 -> 9 # 0 at 179366444, 0.787445 0.217896
2024-08-01 07:59:43,821 INFO recv 5 -> 9 # 0 at 213631310, 0.787445 0.217896
2024-08-01 07:59:44,027 INFO CHECKSUM 5 10 0: 0.878507
2024-08-01 07:59:44,034 INFO CHECKSUM 5 10 0: 0.878507
2024-08-01 07:59:44,049 INFO sent 5 -> 10 # 0 at 182024356, 0.787445 0.217896
2024-08-01 07:59:44,049 INFO recv 5 -> 10 # 0 at 204359866, 0.787445 0.217896
2024-08-01 07:59:44,230 INFO CHECKSUM 5 11 0: 0.878507
2024-08-01 07:59:44,231 INFO CHECKSUM 5 11 0: 0.878507
2024-08-01 07:59:44,261 INFO recv 5 -> 11 # 0 at 199998502, 0.787445 0.217896
2024-08-01 07:59:44,262 INFO sent 5 -> 11 # 0 at 169676654, 0.787445 0.217896
2024-08-01 07:59:44,503 INFO CHECKSUM 5 12 0: 0.878507
2024-08-01 07:59:44,503 INFO CHECKSUM 5 12 0: 0.878507
2024-08-01 07:59:44,525 INFO recv 5 -> 12 # 0 at 261069881, 0.787445 0.217896
2024-08-01 07:59:44,527 INFO sent 5 -> 12 # 0 at 239122849, 0.787445 0.217896
2024-08-01 07:59:44,735 INFO CHECKSUM 5 13 0: 0.878507
2024-08-01 07:59:44,736 INFO CHECKSUM 5 13 0: 0.878507
2024-08-01 07:59:44,748 INFO recv 5 -> 13 # 0 at 210195620, 0.787445 0.217896
2024-08-01 07:59:44,748 INFO sent 5 -> 13 # 0 at 197397010, 0.787445 0.217896
2024-08-01 07:59:44,913 INFO CHECKSUM 5 14 0: 0.878507
2024-08-01 07:59:44,913 INFO CHECKSUM 5 14 0: 0.878507
2024-08-01 07:59:44,933 INFO recv 5 -> 14 # 0 at 180222074, 0.787445 0.217896
2024-08-01 07:59:44,942 INFO sent 5 -> 14 # 0 at 159552623, 0.787445 0.217896
2024-08-01 07:59:45,136 INFO CHECKSUM 5 15 0: 0.878507
2024-08-01 07:59:45,137 INFO CHECKSUM 5 15 0: 0.878507
2024-08-01 07:59:45,160 INFO Accepting from rank 6
2024-08-01 07:59:45,160 INFO Accepting from rank 6
2024-08-01 07:59:45,160 INFO Accepting from rank 6
2024-08-01 07:59:45,160 INFO Accepting from rank 6
2024-08-01 07:59:45,160 INFO Accepting from rank 6
2024-08-01 07:59:45,160 INFO Accepting from rank 6
2024-08-01 07:59:45,160 INFO Accepting from rank 6
2024-08-01 07:59:45,160 INFO Accepting from rank 6
2024-08-01 07:59:45,161 INFO Accepting from rank 6
2024-08-01 07:59:45,161 INFO recv 5 -> 15 # 0 at 195973302, 0.787445 0.217896
2024-08-01 07:59:45,161 INFO Accepting from rank 6
2024-08-01 07:59:45,167 INFO Accepting from rank 6
2024-08-01 07:59:45,167 INFO Sending from rank 6
2024-08-01 07:59:45,167 INFO sent 5 -> 15 # 0 at 170300843, 0.787445 0.217896
2024-08-01 07:59:45,167 INFO Accepting from rank 6
2024-08-01 07:59:45,167 INFO Accepting from rank 6
2024-08-01 07:59:45,170 INFO Accepting from rank 6
2024-08-01 07:59:45,170 INFO Accepting from rank 6
2024-08-01 07:59:45,260 INFO CHECKSUM 6 0 0: 1.557703
2024-08-01 07:59:45,260 INFO CHECKSUM 6 0 0: 1.557703
2024-08-01 07:59:45,270 INFO recv 6 -> 0 # 0 at 80994612, 0.207571 0.897879
2024-08-01 07:59:45,270 INFO sent 6 -> 0 # 0 at 70320901, 0.207571 0.897879
2024-08-01 07:59:45,309 INFO CHECKSUM 6 1 0: 1.557703
2024-08-01 07:59:45,308 INFO CHECKSUM 6 1 0: 1.557703
2024-08-01 07:59:45,330 INFO sent 6 -> 1 # 0 at 35701053, 0.207571 0.897879
2024-08-01 07:59:45,338 INFO recv 6 -> 1 # 0 at 60002908, 0.207571 0.897879
2024-08-01 07:59:45,391 INFO CHECKSUM 6 2 0: 1.557703
2024-08-01 07:59:45,392 INFO CHECKSUM 6 2 0: 1.557703
2024-08-01 07:59:45,417 INFO recv 6 -> 2 # 0 at 59338467, 0.207571 0.897879
2024-08-01 07:59:45,417 INFO sent 6 -> 2 # 0 at 33268188, 0.207571 0.897879
2024-08-01 07:59:45,432 INFO CHECKSUM 6 3 0: 1.557703
2024-08-01 07:59:45,433 INFO CHECKSUM 6 3 0: 1.557703
2024-08-01 07:59:45,449 INFO recv 6 -> 3 # 0 at 31775106, 0.207571 0.897879
2024-08-01 07:59:45,449 INFO sent 6 -> 3 # 0 at 14675292, 0.207571 0.897879
2024-08-01 07:59:45,464 INFO CHECKSUM 6 4 0: 1.557703
2024-08-01 07:59:45,464 INFO CHECKSUM 6 4 0: 1.557703
2024-08-01 07:59:45,478 INFO recv 6 -> 4 # 0 at 28607855, 0.207571 0.897879
2024-08-01 07:59:45,478 INFO sent 6 -> 4 # 0 at 14450276, 0.207571 0.897879
2024-08-01 07:59:45,583 INFO CHECKSUM 6 5 0: 1.557703
2024-08-01 07:59:45,584 INFO CHECKSUM 6 5 0: 1.557703
2024-08-01 07:59:45,595 INFO recv 6 -> 5 # 0 at 101843084, 0.207571 0.897879
2024-08-01 07:59:45,595 INFO sent 6 -> 5 # 0 at 90139220, 0.207571 0.897879
2024-08-01 07:59:45,820 INFO CHECKSUM 6 7 0: 1.557703
2024-08-01 07:59:45,820 INFO CHECKSUM 6 7 0: 1.557703
2024-08-01 07:59:45,834 INFO sent 6 -> 7 # 0 at 213457977, 0.207571 0.897879
2024-08-01 07:59:45,842 INFO recv 6 -> 7 # 0 at 235996811, 0.207571 0.897879
2024-08-01 07:59:46,015 INFO CHECKSUM 6 8 0: 1.557703
2024-08-01 07:59:46,016 INFO CHECKSUM 6 8 0: 1.557703
2024-08-01 07:59:46,025 INFO recv 6 -> 8 # 0 at 175671189, 0.207571 0.897879
2024-08-01 07:59:46,025 INFO sent 6 -> 8 # 0 at 165368684, 0.207571 0.897879
2024-08-01 07:59:46,219 INFO CHECKSUM 6 9 0: 1.557703
2024-08-01 07:59:46,229 INFO CHECKSUM 6 9 0: 1.557703
2024-08-01 07:59:46,245 INFO recv 6 -> 9 # 0 at 207370948, 0.207571 0.897879
2024-08-01 07:59:46,245 INFO sent 6 -> 9 # 0 at 181390667, 0.207571 0.897879
2024-08-01 07:59:46,451 INFO CHECKSUM 6 10 0: 1.557703
2024-08-01 07:59:46,451 INFO CHECKSUM 6 10 0: 1.557703
2024-08-01 07:59:46,469 INFO recv 6 -> 10 # 0 at 186893743, 0.207571 0.897879
2024-08-01 07:59:46,469 INFO sent 6 -> 10 # 0 at 169308590, 0.207571 0.897879
2024-08-01 07:59:46,626 INFO CHECKSUM 6 11 0: 1.557703
2024-08-01 07:59:46,627 INFO CHECKSUM 6 11 0: 1.557703
2024-08-01 07:59:46,644 INFO recv 6 -> 11 # 0 at 167212223, 0.207571 0.897879
2024-08-01 07:59:46,644 INFO sent 6 -> 11 # 0 at 149301996, 0.207571 0.897879
2024-08-01 07:59:46,853 INFO CHECKSUM 6 12 0: 1.557703
2024-08-01 07:59:46,854 INFO CHECKSUM 6 12 0: 1.557703
2024-08-01 07:59:46,863 INFO recv 6 -> 12 # 0 at 201484820, 0.207571 0.897879
2024-08-01 07:59:46,863 INFO sent 6 -> 12 # 0 at 191304170, 0.207571 0.897879
2024-08-01 07:59:47,031 INFO CHECKSUM 6 13 0: 1.557703
2024-08-01 07:59:47,031 INFO CHECKSUM 6 13 0: 1.557703
2024-08-01 07:59:47,050 INFO recv 6 -> 13 # 0 at 176016584, 0.207571 0.897879
2024-08-01 07:59:47,050 INFO sent 6 -> 13 # 0 at 157120108, 0.207571 0.897879
2024-08-01 07:59:47,216 INFO CHECKSUM 6 14 0: 1.557703
2024-08-01 07:59:47,217 INFO CHECKSUM 6 14 0: 1.557703
2024-08-01 07:59:47,227 INFO recv 6 -> 14 # 0 at 166380914, 0.207571 0.897879
2024-08-01 07:59:47,227 INFO sent 6 -> 14 # 0 at 154575706, 0.207571 0.897879
2024-08-01 07:59:47,396 INFO CHECKSUM 6 15 0: 1.557703
2024-08-01 07:59:47,396 INFO CHECKSUM 6 15 0: 1.557703
2024-08-01 07:59:47,424 INFO Accepting from rank 7
2024-08-01 07:59:47,426 INFO Accepting from rank 7
2024-08-01 07:59:47,426 INFO Accepting from rank 7
2024-08-01 07:59:47,426 INFO Accepting from rank 7
2024-08-01 07:59:47,429 INFO Accepting from rank 7
2024-08-01 07:59:47,429 INFO Accepting from rank 7
2024-08-01 07:59:47,429 INFO Accepting from rank 7
2024-08-01 07:59:47,429 INFO Accepting from rank 7
2024-08-01 07:59:47,430 INFO Accepting from rank 7
2024-08-01 07:59:47,430 INFO Accepting from rank 7
2024-08-01 07:59:47,429 INFO sent 6 -> 15 # 0 at 160269943, 0.207571 0.897879
2024-08-01 07:59:47,430 INFO Accepting from rank 7
2024-08-01 07:59:47,430 INFO Accepting from rank 7
2024-08-01 07:59:47,429 INFO Sending from rank 7
2024-08-01 07:59:47,430 INFO Accepting from rank 7
2024-08-01 07:59:47,430 INFO recv 6 -> 15 # 0 at 194715508, 0.207571 0.897879
2024-08-01 07:59:47,429 INFO Accepting from rank 7
2024-08-01 07:59:47,430 INFO Accepting from rank 7
2024-08-01 07:59:47,545 INFO CHECKSUM 7 0 0: 0.970421
2024-08-01 07:59:47,544 INFO CHECKSUM 7 0 0: 0.970421
2024-08-01 07:59:47,562 INFO recv 7 -> 0 # 0 at 97155638, 0.218251 0.363188
2024-08-01 07:59:47,570 INFO sent 7 -> 0 # 0 at 79063474, 0.218251 0.363188
2024-08-01 07:59:47,604 INFO CHECKSUM 7 1 0: 0.970421
2024-08-01 07:59:47,605 INFO CHECKSUM 7 1 0: 0.970421
2024-08-01 07:59:47,625 INFO recv 7 -> 1 # 0 at 34693004, 0.218251 0.363188
2024-08-01 07:59:47,625 INFO sent 7 -> 1 # 0 at 14104486, 0.218251 0.363188
2024-08-01 07:59:47,643 INFO CHECKSUM 7 2 0: 0.970421
2024-08-01 07:59:47,642 INFO CHECKSUM 7 2 0: 0.970421
2024-08-01 07:59:47,658 INFO recv 7 -> 2 # 0 at 29915228, 0.218251 0.363188
2024-08-01 07:59:47,658 INFO sent 7 -> 2 # 0 at 14020563, 0.218251 0.363188
2024-08-01 07:59:47,751 INFO CHECKSUM 7 3 0: 0.970421
2024-08-01 07:59:47,752 INFO CHECKSUM 7 3 0: 0.970421
2024-08-01 07:59:47,770 INFO recv 7 -> 3 # 0 at 99486964, 0.218251 0.363188
2024-08-01 07:59:47,770 INFO sent 7 -> 3 # 0 at 81371568, 0.218251 0.363188
2024-08-01 07:59:47,792 INFO CHECKSUM 7 4 0: 0.970421
2024-08-01 07:59:47,793 INFO CHECKSUM 7 4 0: 0.970421
2024-08-01 07:59:47,802 INFO sent 7 -> 4 # 0 at 13821097, 0.218251 0.363188
2024-08-01 07:59:47,802 INFO recv 7 -> 4 # 0 at 23502711, 0.218251 0.363188
2024-08-01 07:59:47,827 INFO CHECKSUM 7 5 0: 0.970421
2024-08-01 07:59:47,828 INFO CHECKSUM 7 5 0: 0.970421
2024-08-01 07:59:47,845 INFO recv 7 -> 5 # 0 at 32013627, 0.218251 0.363188
2024-08-01 07:59:47,845 INFO sent 7 -> 5 # 0 at 14031745, 0.218251 0.363188
2024-08-01 07:59:47,860 INFO CHECKSUM 7 6 0: 0.970421
2024-08-01 07:59:47,860 INFO CHECKSUM 7 6 0: 0.970421
2024-08-01 07:59:47,879 INFO sent 7 -> 6 # 0 at 13910229, 0.218251 0.363188
2024-08-01 07:59:47,879 INFO recv 7 -> 6 # 0 at 33619529, 0.218251 0.363188
2024-08-01 07:59:48,068 INFO CHECKSUM 7 8 0: 0.970421
2024-08-01 07:59:48,068 INFO CHECKSUM 7 8 0: 0.970421
2024-08-01 07:59:48,101 INFO recv 7 -> 8 # 0 at 218625724, 0.218251 0.363188
2024-08-01 07:59:48,106 INFO sent 7 -> 8 # 0 at 185039228, 0.218251 0.363188
2024-08-01 07:59:48,284 INFO CHECKSUM 7 9 0: 0.970421
2024-08-01 07:59:48,284 INFO CHECKSUM 7 9 0: 0.970421
2024-08-01 07:59:48,294 INFO recv 7 -> 9 # 0 at 188071858, 0.218251 0.363188
2024-08-01 07:59:48,295 INFO sent 7 -> 9 # 0 at 177170177, 0.218251 0.363188
2024-08-01 07:59:48,515 INFO CHECKSUM 7 10 0: 0.970421
2024-08-01 07:59:48,515 INFO CHECKSUM 7 10 0: 0.970421
2024-08-01 07:59:48,538 INFO recv 7 -> 10 # 0 at 227461097, 0.218251 0.363188
2024-08-01 07:59:48,546 INFO sent 7 -> 10 # 0 at 193962332, 0.218251 0.363188
2024-08-01 07:59:48,673 INFO CHECKSUM 7 11 0: 0.970421
2024-08-01 07:59:48,673 INFO CHECKSUM 7 11 0: 0.970421
2024-08-01 07:59:48,693 INFO recv 7 -> 11 # 0 at 130959040, 0.218251 0.363188
2024-08-01 07:59:48,693 INFO sent 7 -> 11 # 0 at 110681645, 0.218251 0.363188
2024-08-01 07:59:48,895 INFO CHECKSUM 7 12 0: 0.970421
2024-08-01 07:59:48,895 INFO CHECKSUM 7 12 0: 0.970421
2024-08-01 07:59:48,904 INFO recv 7 -> 12 # 0 at 201871789, 0.218251 0.363188
2024-08-01 07:59:48,904 INFO sent 7 -> 12 # 0 at 192749071, 0.218251 0.363188
2024-08-01 07:59:49,099 INFO CHECKSUM 7 13 0: 0.970421
2024-08-01 07:59:49,099 INFO CHECKSUM 7 13 0: 0.970421
2024-08-01 07:59:49,122 INFO recv 7 -> 13 # 0 at 207996704, 0.218251 0.363188
2024-08-01 07:59:49,131 INFO sent 7 -> 13 # 0 at 184388688, 0.218251 0.363188
2024-08-01 07:59:49,294 INFO CHECKSUM 7 14 0: 0.970421
2024-08-01 07:59:49,295 INFO CHECKSUM 7 14 0: 0.970421
2024-08-01 07:59:49,306 INFO recv 7 -> 14 # 0 at 167590575, 0.218251 0.363188
2024-08-01 07:59:49,306 INFO sent 7 -> 14 # 0 at 156111413, 0.218251 0.363188
2024-08-01 07:59:49,525 INFO CHECKSUM 7 15 0: 0.970421
2024-08-01 07:59:49,525 INFO CHECKSUM 7 15 0: 0.970421
2024-08-01 07:59:49,545 INFO Accepting from rank 8
2024-08-01 07:59:49,545 INFO Accepting from rank 8
2024-08-01 07:59:49,545 INFO Accepting from rank 8
2024-08-01 07:59:49,545 INFO Sending from rank 8
2024-08-01 07:59:49,545 INFO Accepting from rank 8
2024-08-01 07:59:49,545 INFO Accepting from rank 8
2024-08-01 07:59:49,545 INFO Accepting from rank 8
2024-08-01 07:59:49,545 INFO Accepting from rank 8
2024-08-01 07:59:49,545 INFO Accepting from rank 8
2024-08-01 07:59:49,545 INFO Accepting from rank 8
2024-08-01 07:59:49,545 INFO Accepting from rank 8
2024-08-01 07:59:49,545 INFO Accepting from rank 8
2024-08-01 07:59:49,545 INFO recv 7 -> 15 # 0 at 222910321, 0.218251 0.363188
2024-08-01 07:59:49,545 INFO sent 7 -> 15 # 0 at 190539910, 0.218251 0.363188
2024-08-01 07:59:49,545 INFO Accepting from rank 8
2024-08-01 07:59:49,545 INFO Accepting from rank 8
2024-08-01 07:59:49,550 INFO Accepting from rank 8
2024-08-01 07:59:49,550 INFO Accepting from rank 8
2024-08-01 07:59:49,583 INFO CHECKSUM 8 0 0: 1.080012
2024-08-01 07:59:49,583 INFO CHECKSUM 8 0 0: 1.080012
2024-08-01 07:59:49,598 INFO recv 8 -> 0 # 0 at 29755079, 0.475085 0.900651
2024-08-01 07:59:49,598 INFO sent 8 -> 0 # 0 at 14500774, 0.475085 0.900651
2024-08-01 07:59:49,719 INFO CHECKSUM 8 1 0: 1.080012
2024-08-01 07:59:49,730 INFO CHECKSUM 8 1 0: 1.080012
2024-08-01 07:59:49,740 INFO recv 8 -> 1 # 0 at 109039933, 0.475085 0.900651
2024-08-01 07:59:49,740 INFO sent 8 -> 1 # 0 at 92715323, 0.475085 0.900651
2024-08-01 07:59:49,768 INFO CHECKSUM 8 2 0: 1.080012
2024-08-01 07:59:49,769 INFO CHECKSUM 8 2 0: 1.080012
2024-08-01 07:59:49,780 INFO sent 8 -> 2 # 0 at 14432743, 0.475085 0.900651
2024-08-01 07:59:49,786 INFO recv 8 -> 2 # 0 at 32317652, 0.475085 0.900651
2024-08-01 07:59:49,858 INFO CHECKSUM 8 3 0: 1.080012
2024-08-01 07:59:49,858 INFO CHECKSUM 8 3 0: 1.080012
2024-08-01 07:59:49,878 INFO recv 8 -> 3 # 0 at 68088746, 0.475085 0.900651
2024-08-01 07:59:49,878 INFO sent 8 -> 3 # 0 at 47764404, 0.475085 0.900651
2024-08-01 07:59:49,913 INFO CHECKSUM 8 4 0: 1.080012
2024-08-01 07:59:49,913 INFO CHECKSUM 8 4 0: 1.080012
2024-08-01 07:59:49,930 INFO sent 8 -> 4 # 0 at 30762439, 0.475085 0.900651
2024-08-01 07:59:49,930 INFO recv 8 -> 4 # 0 at 48402109, 0.475085 0.900651
2024-08-01 07:59:50,039 INFO CHECKSUM 8 5 0: 1.080012
2024-08-01 07:59:50,040 INFO CHECKSUM 8 5 0: 1.080012
2024-08-01 07:59:50,054 INFO sent 8 -> 5 # 0 at 86269936, 0.475085 0.900651
2024-08-01 07:59:50,054 INFO recv 8 -> 5 # 0 at 99829612, 0.475085 0.900651
2024-08-01 07:59:50,092 INFO CHECKSUM 8 6 0: 1.080012
2024-08-01 07:59:50,084 INFO CHECKSUM 8 6 0: 1.080012
2024-08-01 07:59:50,110 INFO sent 8 -> 6 # 0 at 22086303, 0.475085 0.900651
2024-08-01 07:59:50,110 INFO recv 8 -> 6 # 0 at 48002144, 0.475085 0.900651
2024-08-01 07:59:50,136 INFO CHECKSUM 8 7 0: 1.080012
2024-08-01 07:59:50,137 INFO CHECKSUM 8 7 0: 1.080012
2024-08-01 07:59:50,151 INFO sent 8 -> 7 # 0 at 13859646, 0.475085 0.900651
2024-08-01 07:59:50,151 INFO recv 8 -> 7 # 0 at 28598257, 0.475085 0.900651
2024-08-01 07:59:50,338 INFO CHECKSUM 8 9 0: 1.080012
2024-08-01 07:59:50,339 INFO CHECKSUM 8 9 0: 1.080012
2024-08-01 07:59:50,362 INFO sent 8 -> 9 # 0 at 179496968, 0.475085 0.900651
2024-08-01 07:59:50,362 INFO recv 8 -> 9 # 0 at 203170045, 0.475085 0.900651
2024-08-01 07:59:50,558 INFO CHECKSUM 8 10 0: 1.080012
2024-08-01 07:59:50,558 INFO CHECKSUM 8 10 0: 1.080012
2024-08-01 07:59:50,571 INFO sent 8 -> 10 # 0 at 179272825, 0.475085 0.900651
2024-08-01 07:59:50,571 INFO recv 8 -> 10 # 0 at 192261759, 0.475085 0.900651
2024-08-01 07:59:50,817 INFO CHECKSUM 8 11 0: 1.080012
2024-08-01 07:59:50,818 INFO CHECKSUM 8 11 0: 1.080012
2024-08-01 07:59:50,838 INFO sent 8 -> 11 # 0 at 225979686, 0.475085 0.900651
2024-08-01 07:59:50,838 INFO recv 8 -> 11 # 0 at 237274137, 0.475085 0.900651
2024-08-01 07:59:51,037 INFO CHECKSUM 8 12 0: 1.080012
2024-08-01 07:59:51,037 INFO CHECKSUM 8 12 0: 1.080012
2024-08-01 07:59:51,064 INFO sent 8 -> 12 # 0 at 188527738, 0.475085 0.900651
2024-08-01 07:59:51,064 INFO recv 8 -> 12 # 0 at 216401763, 0.475085 0.900651
2024-08-01 07:59:51,237 INFO CHECKSUM 8 13 0: 1.080012
2024-08-01 07:59:51,241 INFO CHECKSUM 8 13 0: 1.080012
2024-08-01 07:59:51,252 INFO sent 8 -> 13 # 0 at 163708707, 0.475085 0.900651
2024-08-01 07:59:51,252 INFO recv 8 -> 13 # 0 at 177875822, 0.475085 0.900651
2024-08-01 07:59:51,444 INFO CHECKSUM 8 14 0: 1.080012
2024-08-01 07:59:51,445 INFO CHECKSUM 8 14 0: 1.080012
2024-08-01 07:59:51,466 INFO sent 8 -> 14 # 0 at 174396898, 0.475085 0.900651
2024-08-01 07:59:51,466 INFO recv 8 -> 14 # 0 at 196489511, 0.475085 0.900651
2024-08-01 07:59:51,663 INFO CHECKSUM 8 15 0: 1.080012
2024-08-01 07:59:51,664 INFO CHECKSUM 8 15 0: 1.080012
2024-08-01 07:59:51,682 INFO Accepting from rank 9
2024-08-01 07:59:51,683 INFO Sending from rank 9
2024-08-01 07:59:51,683 INFO Accepting from rank 9
2024-08-01 07:59:51,683 INFO Accepting from rank 9
2024-08-01 07:59:51,683 INFO Accepting from rank 9
2024-08-01 07:59:51,683 INFO Accepting from rank 9
2024-08-01 07:59:51,683 INFO Accepting from rank 9
2024-08-01 07:59:51,683 INFO Accepting from rank 9
2024-08-01 07:59:51,683 INFO sent 8 -> 15 # 0 at 185293011, 0.475085 0.900651
2024-08-01 07:59:51,683 INFO recv 8 -> 15 # 0 at 204863951, 0.475085 0.900651
2024-08-01 07:59:51,683 INFO Accepting from rank 9
2024-08-01 07:59:51,683 INFO Accepting from rank 9
2024-08-01 07:59:51,686 INFO Accepting from rank 9
2024-08-01 07:59:51,686 INFO Accepting from rank 9
2024-08-01 07:59:51,686 INFO Accepting from rank 9
2024-08-01 07:59:51,686 INFO Accepting from rank 9
2024-08-01 07:59:51,686 INFO Accepting from rank 9
2024-08-01 07:59:51,686 INFO Accepting from rank 9
2024-08-01 07:59:51,720 INFO CHECKSUM 9 0 0: 1.176147
2024-08-01 07:59:51,720 INFO CHECKSUM 9 0 0: 1.176147
2024-08-01 07:59:51,734 INFO recv 9 -> 0 # 0 at 28443609, 0.058912 0.445849
2024-08-01 07:59:51,737 INFO sent 9 -> 0 # 0 at 14438895, 0.058912 0.445849
2024-08-01 07:59:51,771 INFO CHECKSUM 9 1 0: 1.176147
2024-08-01 07:59:51,771 INFO CHECKSUM 9 1 0: 1.176147
2024-08-01 07:59:51,781 INFO recv 9 -> 1 # 0 at 35545279, 0.058912 0.445849
2024-08-01 07:59:51,781 INFO sent 9 -> 1 # 0 at 22258516, 0.058912 0.445849
2024-08-01 07:59:51,800 INFO CHECKSUM 9 2 0: 1.176147
2024-08-01 07:59:51,800 INFO CHECKSUM 9 2 0: 1.176147
2024-08-01 07:59:51,813 INFO recv 9 -> 2 # 0 at 28005293, 0.058912 0.445849
2024-08-01 07:59:51,813 INFO sent 9 -> 2 # 0 at 14804811, 0.058912 0.445849
2024-08-01 07:59:51,872 INFO CHECKSUM 9 3 0: 1.176147
2024-08-01 07:59:51,880 INFO CHECKSUM 9 3 0: 1.176147
2024-08-01 07:59:51,895 INFO recv 9 -> 3 # 0 at 61694952, 0.058912 0.445849
2024-08-01 07:59:51,901 INFO sent 9 -> 3 # 0 at 35285995, 0.058912 0.445849
2024-08-01 07:59:51,950 INFO CHECKSUM 9 4 0: 1.176147
2024-08-01 07:59:51,951 INFO CHECKSUM 9 4 0: 1.176147
2024-08-01 07:59:51,977 INFO sent 9 -> 4 # 0 at 29306077, 0.058912 0.445849
2024-08-01 07:59:51,977 INFO recv 9 -> 4 # 0 at 68001235, 0.058912 0.445849
2024-08-01 07:59:52,008 INFO CHECKSUM 9 5 0: 1.176147
2024-08-01 07:59:52,008 INFO CHECKSUM 9 5 0: 1.176147
2024-08-01 07:59:52,024 INFO recv 9 -> 5 # 0 at 30105949, 0.058912 0.445849
2024-08-01 07:59:52,033 INFO sent 9 -> 5 # 0 at 14119007, 0.058912 0.445849
2024-08-01 07:59:52,053 INFO CHECKSUM 9 6 0: 1.176147
2024-08-01 07:59:52,054 INFO CHECKSUM 9 6 0: 1.176147
2024-08-01 07:59:52,069 INFO sent 9 -> 6 # 0 at 19215629, 0.058912 0.445849
2024-08-01 07:59:52,069 INFO recv 9 -> 6 # 0 at 35215472, 0.058912 0.445849
2024-08-01 07:59:52,089 INFO CHECKSUM 9 7 0: 1.176147
2024-08-01 07:59:52,090 INFO CHECKSUM 9 7 0: 1.176147
2024-08-01 07:59:52,101 INFO sent 9 -> 7 # 0 at 14454394, 0.058912 0.445849
2024-08-01 07:59:52,101 INFO recv 9 -> 7 # 0 at 26730026, 0.058912 0.445849
2024-08-01 07:59:52,116 INFO CHECKSUM 9 8 0: 1.176147
2024-08-01 07:59:52,126 INFO CHECKSUM 9 8 0: 1.176147
2024-08-01 07:59:52,138 INFO recv 9 -> 8 # 0 at 36124013, 0.058912 0.445849
2024-08-01 07:59:52,138 INFO sent 9 -> 8 # 0 at 13611647, 0.058912 0.445849
2024-08-01 07:59:52,295 INFO CHECKSUM 9 10 0: 1.176147
2024-08-01 07:59:52,295 INFO CHECKSUM 9 10 0: 1.176147
2024-08-01 07:59:52,313 INFO recv 9 -> 10 # 0 at 142154000, 0.058912 0.445849
2024-08-01 07:59:52,317 INFO sent 9 -> 10 # 0 at 123914977, 0.058912 0.445849
2024-08-01 07:59:52,521 INFO CHECKSUM 9 11 0: 1.176147
2024-08-01 07:59:52,523 INFO CHECKSUM 9 11 0: 1.176147
2024-08-01 07:59:52,542 INFO sent 9 -> 11 # 0 at 195826323, 0.058912 0.445849
2024-08-01 07:59:52,542 INFO recv 9 -> 11 # 0 at 216549254, 0.058912 0.445849
2024-08-01 07:59:52,779 INFO CHECKSUM 9 12 0: 1.176147
2024-08-01 07:59:52,780 INFO CHECKSUM 9 12 0: 1.176147
2024-08-01 07:59:52,791 INFO sent 9 -> 12 # 0 at 206065928, 0.058912 0.445849
2024-08-01 07:59:52,791 INFO recv 9 -> 12 # 0 at 222008665, 0.058912 0.445849
2024-08-01 07:59:52,967 INFO CHECKSUM 9 13 0: 1.176147
2024-08-01 07:59:52,967 INFO CHECKSUM 9 13 0: 1.176147
2024-08-01 07:59:52,982 INFO sent 9 -> 13 # 0 at 172928352, 0.058912 0.445849
2024-08-01 07:59:52,982 INFO recv 9 -> 13 # 0 at 188905381, 0.058912 0.445849
2024-08-01 07:59:53,177 INFO CHECKSUM 9 14 0: 1.176147
2024-08-01 07:59:53,177 INFO CHECKSUM 9 14 0: 1.176147
2024-08-01 07:59:53,192 INFO sent 9 -> 14 # 0 at 182962220, 0.058912 0.445849
2024-08-01 07:59:53,192 INFO recv 9 -> 14 # 0 at 197925660, 0.058912 0.445849
2024-08-01 07:59:53,368 INFO CHECKSUM 9 15 0: 1.176147
2024-08-01 07:59:53,369 INFO CHECKSUM 9 15 0: 1.176147
2024-08-01 07:59:53,382 INFO Accepting from rank 10
2024-08-01 07:59:53,382 INFO Accepting from rank 10
2024-08-01 07:59:53,382 INFO Accepting from rank 10
2024-08-01 07:59:53,382 INFO Accepting from rank 10
2024-08-01 07:59:53,382 INFO Sending from rank 10
2024-08-01 07:59:53,382 INFO sent 9 -> 15 # 0 at 162220984, 0.058912 0.445849
2024-08-01 07:59:53,382 INFO Accepting from rank 10
2024-08-01 07:59:53,382 INFO Accepting from rank 10
2024-08-01 07:59:53,382 INFO Accepting from rank 10
2024-08-01 07:59:53,382 INFO Accepting from rank 10
2024-08-01 07:59:53,382 INFO Accepting from rank 10
2024-08-01 07:59:53,382 INFO recv 9 -> 15 # 0 at 175564118, 0.058912 0.445849
2024-08-01 07:59:53,382 INFO Accepting from rank 10
2024-08-01 07:59:53,382 INFO Accepting from rank 10
2024-08-01 07:59:53,382 INFO Accepting from rank 10
2024-08-01 07:59:53,382 INFO Accepting from rank 10
2024-08-01 07:59:53,388 INFO Accepting from rank 10
2024-08-01 07:59:53,388 INFO Accepting from rank 10
2024-08-01 07:59:53,503 INFO CHECKSUM 10 0 0: 1.362150
2024-08-01 07:59:53,503 INFO CHECKSUM 10 0 0: 1.362150
2024-08-01 07:59:53,513 INFO recv 10 -> 0 # 0 at 103090797, 0.338552 0.304177
2024-08-01 07:59:53,513 INFO sent 10 -> 0 # 0 at 92963422, 0.338552 0.304177
2024-08-01 07:59:53,540 INFO CHECKSUM 10 1 0: 1.362150
2024-08-01 07:59:53,540 INFO CHECKSUM 10 1 0: 1.362150
2024-08-01 07:59:53,546 INFO recv 10 -> 1 # 0 at 28543422, 0.338552 0.304177
2024-08-01 07:59:53,546 INFO sent 10 -> 1 # 0 at 20393895, 0.338552 0.304177
2024-08-01 07:59:53,664 INFO CHECKSUM 10 2 0: 1.362150
2024-08-01 07:59:53,663 INFO CHECKSUM 10 2 0: 1.362150
2024-08-01 07:59:53,685 INFO recv 10 -> 2 # 0 at 111139403, 0.338552 0.304177
2024-08-01 07:59:53,685 INFO sent 10 -> 2 # 0 at 89124168, 0.338552 0.304177
2024-08-01 07:59:53,716 INFO CHECKSUM 10 3 0: 1.362150
2024-08-01 07:59:53,725 INFO CHECKSUM 10 3 0: 1.362150
2024-08-01 07:59:53,738 INFO recv 10 -> 3 # 0 at 36051565, 0.338552 0.304177
2024-08-01 07:59:53,746 INFO sent 10 -> 3 # 0 at 13835589, 0.338552 0.304177
2024-08-01 07:59:53,763 INFO CHECKSUM 10 4 0: 1.362150
2024-08-01 07:59:53,764 INFO CHECKSUM 10 4 0: 1.362150
2024-08-01 07:59:53,776 INFO sent 10 -> 4 # 0 at 13758600, 0.338552 0.304177
2024-08-01 07:59:53,776 INFO recv 10 -> 4 # 0 at 27091246, 0.338552 0.304177
2024-08-01 07:59:53,799 INFO CHECKSUM 10 5 0: 1.362150
2024-08-01 07:59:53,800 INFO CHECKSUM 10 5 0: 1.362150
2024-08-01 07:59:53,817 INFO sent 10 -> 5 # 0 at 13793278, 0.338552 0.304177
2024-08-01 07:59:53,817 INFO recv 10 -> 5 # 0 at 31959281, 0.338552 0.304177
2024-08-01 07:59:53,870 INFO CHECKSUM 10 6 0: 1.362150
2024-08-01 07:59:53,870 INFO CHECKSUM 10 6 0: 1.362150
2024-08-01 07:59:53,893 INFO sent 10 -> 6 # 0 at 20921384, 0.338552 0.304177
2024-08-01 07:59:53,893 INFO recv 10 -> 6 # 0 at 44205846, 0.338552 0.304177
2024-08-01 07:59:53,967 INFO CHECKSUM 10 7 0: 1.362150
2024-08-01 07:59:53,968 INFO CHECKSUM 10 7 0: 1.362150
2024-08-01 07:59:53,983 INFO sent 10 -> 7 # 0 at 70044792, 0.338552 0.304177
2024-08-01 07:59:53,983 INFO recv 10 -> 7 # 0 at 85422328, 0.338552 0.304177
2024-08-01 07:59:54,003 INFO CHECKSUM 10 8 0: 1.362150
2024-08-01 07:59:54,004 INFO CHECKSUM 10 8 0: 1.362150
2024-08-01 07:59:54,017 INFO recv 10 -> 8 # 0 at 28537071, 0.338552 0.304177
2024-08-01 07:59:54,017 INFO sent 10 -> 8 # 0 at 14419938, 0.338552 0.304177
2024-08-01 07:59:54,035 INFO CHECKSUM 10 9 0: 1.362150
2024-08-01 07:59:54,036 INFO CHECKSUM 10 9 0: 1.362150
2024-08-01 07:59:54,053 INFO sent 10 -> 9 # 0 at 13629893, 0.338552 0.304177
2024-08-01 07:59:54,053 INFO recv 10 -> 9 # 0 at 32016422, 0.338552 0.304177
2024-08-01 07:59:54,251 INFO CHECKSUM 10 11 0: 1.362150
2024-08-01 07:59:54,253 INFO CHECKSUM 10 11 0: 1.362150
2024-08-01 07:59:54,290 INFO sent 10 -> 11 # 0 at 188316510, 0.338552 0.304177
2024-08-01 07:59:54,292 INFO recv 10 -> 11 # 0 at 229198232, 0.338552 0.304177
2024-08-01 07:59:54,484 INFO CHECKSUM 10 12 0: 1.362150
2024-08-01 07:59:54,494 INFO CHECKSUM 10 12 0: 1.362150
2024-08-01 07:59:54,514 INFO sent 10 -> 12 # 0 at 186426981, 0.338552 0.304177
2024-08-01 07:59:54,514 INFO recv 10 -> 12 # 0 at 216043920, 0.338552 0.304177
2024-08-01 07:59:54,678 INFO CHECKSUM 10 13 0: 1.362150
2024-08-01 07:59:54,679 INFO CHECKSUM 10 13 0: 1.362150
2024-08-01 07:59:54,694 INFO sent 10 -> 13 # 0 at 156630847, 0.338552 0.304177
2024-08-01 07:59:54,694 INFO recv 10 -> 13 # 0 at 172439880, 0.338552 0.304177
2024-08-01 07:59:54,851 INFO CHECKSUM 10 14 0: 1.362150
2024-08-01 07:59:54,861 INFO CHECKSUM 10 14 0: 1.362150
2024-08-01 07:59:54,898 INFO sent 10 -> 14 # 0 at 153335263, 0.338552 0.304177
2024-08-01 07:59:54,898 INFO recv 10 -> 14 # 0 at 200720129, 0.338552 0.304177
2024-08-01 07:59:55,120 INFO CHECKSUM 10 15 0: 1.362150
2024-08-01 07:59:55,119 INFO CHECKSUM 10 15 0: 1.362150
2024-08-01 07:59:55,140 INFO Accepting from rank 11
2024-08-01 07:59:55,140 INFO Accepting from rank 11
2024-08-01 07:59:55,140 INFO Accepting from rank 11
2024-08-01 07:59:55,140 INFO Accepting from rank 11
2024-08-01 07:59:55,140 INFO Accepting from rank 11
2024-08-01 07:59:55,140 INFO Accepting from rank 11
2024-08-01 07:59:55,140 INFO Accepting from rank 11
2024-08-01 07:59:55,140 INFO Accepting from rank 11
2024-08-01 07:59:55,140 INFO Accepting from rank 11
2024-08-01 07:59:55,140 INFO Accepting from rank 11
2024-08-01 07:59:55,140 INFO Sending from rank 11
2024-08-01 07:59:55,140 INFO Accepting from rank 11
2024-08-01 07:59:55,140 INFO Accepting from rank 11
2024-08-01 07:59:55,140 INFO sent 10 -> 15 # 0 at 200197825, 0.338552 0.304177
2024-08-01 07:59:55,140 INFO recv 10 -> 15 # 0 at 218813391, 0.338552 0.304177
2024-08-01 07:59:55,140 INFO Accepting from rank 11
2024-08-01 07:59:55,140 INFO Accepting from rank 11
2024-08-01 07:59:55,140 INFO Accepting from rank 11
2024-08-01 07:59:55,196 INFO CHECKSUM 11 0 0: 1.294677
2024-08-01 07:59:55,197 INFO CHECKSUM 11 0 0: 1.294677
2024-08-01 07:59:55,210 INFO recv 11 -> 0 # 0 at 46743951, 0.599304 0.976145
2024-08-01 07:59:55,210 INFO sent 11 -> 0 # 0 at 32121894, 0.599304 0.976145
2024-08-01 07:59:55,245 INFO CHECKSUM 11 1 0: 1.294677
2024-08-01 07:59:55,245 INFO CHECKSUM 11 1 0: 1.294677
2024-08-01 07:59:55,258 INFO recv 11 -> 1 # 0 at 27775961, 0.599304 0.976145
2024-08-01 07:59:55,264 INFO sent 11 -> 1 # 0 at 19647033, 0.599304 0.976145
2024-08-01 07:59:55,358 INFO CHECKSUM 11 2 0: 1.294677
2024-08-01 07:59:55,358 INFO CHECKSUM 11 2 0: 1.294677
2024-08-01 07:59:55,365 INFO recv 11 -> 2 # 0 at 96193803, 0.599304 0.976145
2024-08-01 07:59:55,371 INFO sent 11 -> 2 # 0 at 88754524, 0.599304 0.976145
2024-08-01 07:59:55,392 INFO CHECKSUM 11 3 0: 1.294677
2024-08-01 07:59:55,401 INFO recv 11 -> 3 # 0 at 25444654, 0.599304 0.976145
2024-08-01 07:59:55,392 INFO CHECKSUM 11 3 0: 1.294677
2024-08-01 07:59:55,401 INFO sent 11 -> 3 # 0 at 15782860, 0.599304 0.976145
2024-08-01 07:59:55,416 INFO CHECKSUM 11 4 0: 1.294677
2024-08-01 07:59:55,416 INFO CHECKSUM 11 4 0: 1.294677
2024-08-01 07:59:55,442 INFO recv 11 -> 4 # 0 at 39978213, 0.599304 0.976145
2024-08-01 07:59:55,453 INFO sent 11 -> 4 # 0 at 14308863, 0.599304 0.976145
2024-08-01 07:59:55,476 INFO CHECKSUM 11 5 0: 1.294677
2024-08-01 07:59:55,484 INFO CHECKSUM 11 5 0: 1.294677
2024-08-01 07:59:55,497 INFO sent 11 -> 5 # 0 at 14618832, 0.599304 0.976145
2024-08-01 07:59:55,497 INFO recv 11 -> 5 # 0 at 35995514, 0.599304 0.976145
2024-08-01 07:59:55,517 INFO CHECKSUM 11 6 0: 1.294677
2024-08-01 07:59:55,518 INFO CHECKSUM 11 6 0: 1.294677
2024-08-01 07:59:55,540 INFO recv 11 -> 6 # 0 at 37908030, 0.599304 0.976145
2024-08-01 07:59:55,543 INFO sent 11 -> 6 # 0 at 14628120, 0.599304 0.976145
2024-08-01 07:59:55,566 INFO CHECKSUM 11 7 0: 1.294677
2024-08-01 07:59:55,566 INFO CHECKSUM 11 7 0: 1.294677
2024-08-01 07:59:55,578 INFO sent 11 -> 7 # 0 at 14476146, 0.599304 0.976145
2024-08-01 07:59:55,578 INFO recv 11 -> 7 # 0 at 26681091, 0.599304 0.976145
2024-08-01 07:59:55,604 INFO CHECKSUM 11 8 0: 1.294677
2024-08-01 07:59:55,604 INFO CHECKSUM 11 8 0: 1.294677
2024-08-01 07:59:55,621 INFO recv 11 -> 8 # 0 at 31072008, 0.599304 0.976145
2024-08-01 07:59:55,621 INFO sent 11 -> 8 # 0 at 13712873, 0.599304 0.976145
2024-08-01 07:59:55,650 INFO CHECKSUM 11 9 0: 1.294677
2024-08-01 07:59:55,650 INFO CHECKSUM 11 9 0: 1.294677
2024-08-01 07:59:55,678 INFO recv 11 -> 9 # 0 at 41984231, 0.599304 0.976145
2024-08-01 07:59:55,678 INFO sent 11 -> 9 # 0 at 13738552, 0.599304 0.976145
2024-08-01 07:59:55,712 INFO CHECKSUM 11 10 0: 1.294677
2024-08-01 07:59:55,712 INFO CHECKSUM 11 10 0: 1.294677
2024-08-01 07:59:55,721 INFO recv 11 -> 10 # 0 at 32035598, 0.599304 0.976145
2024-08-01 07:59:55,721 INFO sent 11 -> 10 # 0 at 22846402, 0.599304 0.976145
2024-08-01 07:59:55,962 INFO CHECKSUM 11 12 0: 1.294677
2024-08-01 07:59:55,972 INFO CHECKSUM 11 12 0: 1.294677
2024-08-01 07:59:55,990 INFO recv 11 -> 12 # 0 at 263011310, 0.599304 0.976145
2024-08-01 07:59:55,990 INFO sent 11 -> 12 # 0 at 234390950, 0.599304 0.976145
2024-08-01 07:59:56,226 INFO CHECKSUM 11 13 0: 1.294677
2024-08-01 07:59:56,236 INFO sent 11 -> 13 # 0 at 216365529, 0.599304 0.976145
2024-08-01 07:59:56,226 INFO CHECKSUM 11 13 0: 1.294677
2024-08-01 07:59:56,236 INFO recv 11 -> 13 # 0 at 226986491, 0.599304 0.976145
2024-08-01 07:59:56,475 INFO CHECKSUM 11 14 0: 1.294677
2024-08-01 07:59:56,475 INFO CHECKSUM 11 14 0: 1.294677
2024-08-01 07:59:56,490 INFO sent 11 -> 14 # 0 at 225775171, 0.599304 0.976145
2024-08-01 07:59:56,490 INFO recv 11 -> 14 # 0 at 241362415, 0.599304 0.976145
2024-08-01 07:59:56,703 INFO CHECKSUM 11 15 0: 1.294677
2024-08-01 07:59:56,712 INFO CHECKSUM 11 15 0: 1.294677
2024-08-01 07:59:56,727 INFO Accepting from rank 12
2024-08-01 07:59:56,727 INFO Accepting from rank 12
2024-08-01 07:59:56,727 INFO Sending from rank 12
2024-08-01 07:59:56,727 INFO Accepting from rank 12
2024-08-01 07:59:56,727 INFO Accepting from rank 12
2024-08-01 07:59:56,727 INFO Accepting from rank 12
2024-08-01 07:59:56,727 INFO Accepting from rank 12
2024-08-01 07:59:56,727 INFO Accepting from rank 12
2024-08-01 07:59:56,727 INFO Accepting from rank 12
2024-08-01 07:59:56,727 INFO Accepting from rank 12
2024-08-01 07:59:56,727 INFO Accepting from rank 12
2024-08-01 07:59:56,727 INFO Accepting from rank 12
2024-08-01 07:59:56,727 INFO sent 11 -> 15 # 0 at 197596321, 0.599304 0.976145
2024-08-01 07:59:56,727 INFO recv 11 -> 15 # 0 at 221874365, 0.599304 0.976145
2024-08-01 07:59:56,728 INFO Accepting from rank 12
2024-08-01 07:59:56,728 INFO Accepting from rank 12
2024-08-01 07:59:56,734 INFO Accepting from rank 12
2024-08-01 07:59:56,734 INFO Accepting from rank 12
2024-08-01 07:59:56,764 INFO CHECKSUM 12 0 0: 0.312844
2024-08-01 07:59:56,773 INFO recv 12 -> 0 # 0 at 24673487, 0.140349 0.146552
2024-08-01 07:59:56,763 INFO CHECKSUM 12 0 0: 0.312844
2024-08-01 07:59:56,773 INFO sent 12 -> 0 # 0 at 14363282, 0.140349 0.146552
2024-08-01 07:59:56,824 INFO CHECKSUM 12 1 0: 0.312844
2024-08-01 07:59:56,828 INFO CHECKSUM 12 1 0: 0.312844
2024-08-01 07:59:56,839 INFO recv 12 -> 1 # 0 at 45065674, 0.140349 0.146552
2024-08-01 07:59:56,839 INFO sent 12 -> 1 # 0 at 30380825, 0.140349 0.146552
2024-08-01 07:59:56,857 INFO CHECKSUM 12 2 0: 0.312844
2024-08-01 07:59:56,858 INFO CHECKSUM 12 2 0: 0.312844
2024-08-01 07:59:56,871 INFO recv 12 -> 2 # 0 at 28283730, 0.140349 0.146552
2024-08-01 07:59:56,871 INFO sent 12 -> 2 # 0 at 13985981, 0.140349 0.146552
2024-08-01 07:59:56,892 INFO CHECKSUM 12 3 0: 0.312844
2024-08-01 07:59:56,901 INFO CHECKSUM 12 3 0: 0.312844
2024-08-01 07:59:56,906 INFO recv 12 -> 3 # 0 at 28021364, 0.140349 0.146552
2024-08-01 07:59:56,906 INFO sent 12 -> 3 # 0 at 13720036, 0.140349 0.146552
2024-08-01 07:59:56,979 INFO CHECKSUM 12 4 0: 0.312844
2024-08-01 07:59:56,980 INFO CHECKSUM 12 4 0: 0.312844
2024-08-01 07:59:57,001 INFO sent 12 -> 4 # 0 at 69757331, 0.140349 0.146552
2024-08-01 07:59:57,001 INFO recv 12 -> 4 # 0 at 91803386, 0.140349 0.146552
2024-08-01 07:59:57,032 INFO CHECKSUM 12 5 0: 0.312844
2024-08-01 07:59:57,033 INFO CHECKSUM 12 5 0: 0.312844
2024-08-01 07:59:57,054 INFO sent 12 -> 5 # 0 at 15457168, 0.140349 0.146552
2024-08-01 07:59:57,055 INFO recv 12 -> 5 # 0 at 38132606, 0.140349 0.146552
2024-08-01 07:59:57,077 INFO CHECKSUM 12 6 0: 0.312844
2024-08-01 07:59:57,077 INFO CHECKSUM 12 6 0: 0.312844
2024-08-01 07:59:57,101 INFO sent 12 -> 6 # 0 at 22146146, 0.140349 0.146552
2024-08-01 07:59:57,101 INFO recv 12 -> 6 # 0 at 46476808, 0.140349 0.146552
2024-08-01 07:59:57,128 INFO CHECKSUM 12 7 0: 0.312844
2024-08-01 07:59:57,129 INFO CHECKSUM 12 7 0: 0.312844
2024-08-01 07:59:57,141 INFO sent 12 -> 7 # 0 at 14423819, 0.140349 0.146552
2024-08-01 07:59:57,141 INFO recv 12 -> 7 # 0 at 27019737, 0.140349 0.146552
2024-08-01 07:59:57,197 INFO CHECKSUM 12 8 0: 0.312844
2024-08-01 07:59:57,208 INFO CHECKSUM 12 8 0: 0.312844
2024-08-01 07:59:57,216 INFO recv 12 -> 8 # 0 at 53777004, 0.140349 0.146552
2024-08-01 07:59:57,216 INFO sent 12 -> 8 # 0 at 34938737, 0.140349 0.146552
2024-08-01 07:59:57,235 INFO CHECKSUM 12 9 0: 0.312844
2024-08-01 07:59:57,236 INFO CHECKSUM 12 9 0: 0.312844
2024-08-01 07:59:57,251 INFO recv 12 -> 9 # 0 at 29438372, 0.140349 0.146552
2024-08-01 07:59:57,251 INFO sent 12 -> 9 # 0 at 14117165, 0.140349 0.146552
2024-08-01 07:59:57,273 INFO CHECKSUM 12 10 0: 0.312844
2024-08-01 07:59:57,273 INFO CHECKSUM 12 10 0: 0.312844
2024-08-01 07:59:57,290 INFO recv 12 -> 10 # 0 at 31393508, 0.140349 0.146552
2024-08-01 07:59:57,290 INFO sent 12 -> 10 # 0 at 14436873, 0.140349 0.146552
2024-08-01 07:59:57,379 INFO CHECKSUM 12 11 0: 0.312844
2024-08-01 07:59:57,379 INFO CHECKSUM 12 11 0: 0.312844
2024-08-01 07:59:57,402 INFO recv 12 -> 11 # 0 at 100765540, 0.140349 0.146552
2024-08-01 07:59:57,402 INFO sent 12 -> 11 # 0 at 82016991, 0.140349 0.146552
2024-08-01 07:59:57,618 INFO CHECKSUM 12 13 0: 0.312844
2024-08-01 07:59:57,619 INFO CHECKSUM 12 13 0: 0.312844
2024-08-01 07:59:57,631 INFO sent 12 -> 13 # 0 at 209322480, 0.140349 0.146552
2024-08-01 07:59:57,631 INFO recv 12 -> 13 # 0 at 222470670, 0.140349 0.146552
2024-08-01 07:59:57,818 INFO CHECKSUM 12 14 0: 0.312844
2024-08-01 07:59:57,819 INFO CHECKSUM 12 14 0: 0.312844
2024-08-01 07:59:57,834 INFO sent 12 -> 14 # 0 at 180913843, 0.140349 0.146552
2024-08-01 07:59:57,834 INFO recv 12 -> 14 # 0 at 197142866, 0.140349 0.146552
2024-08-01 07:59:57,988 INFO CHECKSUM 12 15 0: 0.312844
2024-08-01 07:59:57,989 INFO CHECKSUM 12 15 0: 0.312844
2024-08-01 07:59:58,007 INFO Accepting from rank 13
2024-08-01 07:59:58,007 INFO Accepting from rank 13
2024-08-01 07:59:58,007 INFO Accepting from rank 13
2024-08-01 07:59:58,007 INFO Accepting from rank 13
2024-08-01 07:59:58,007 INFO Sending from rank 13
2024-08-01 07:59:58,007 INFO Accepting from rank 13
2024-08-01 07:59:58,007 INFO Accepting from rank 13
2024-08-01 07:59:58,007 INFO Accepting from rank 13
2024-08-01 07:59:58,007 INFO Accepting from rank 13
2024-08-01 07:59:58,007 INFO Accepting from rank 13
2024-08-01 07:59:58,007 INFO sent 12 -> 15 # 0 at 127023995, 0.140349 0.146552
2024-08-01 07:59:58,007 INFO Accepting from rank 13
2024-08-01 07:59:58,007 INFO Accepting from rank 13
2024-08-01 07:59:58,007 INFO recv 12 -> 15 # 0 at 145062200, 0.140349 0.146552
2024-08-01 07:59:58,008 INFO Accepting from rank 13
2024-08-01 07:59:58,007 INFO Accepting from rank 13
2024-08-01 07:59:58,008 INFO Accepting from rank 13
2024-08-01 07:59:58,007 INFO Accepting from rank 13
2024-08-01 07:59:58,066 INFO CHECKSUM 13 0 0: 1.282296
2024-08-01 07:59:58,078 INFO recv 13 -> 0 # 0 at 45723162, 0.522179 0.079491
2024-08-01 07:59:58,065 INFO CHECKSUM 13 0 0: 1.282296
2024-08-01 07:59:58,078 INFO sent 13 -> 0 # 0 at 32473414, 0.522179 0.079491
2024-08-01 07:59:58,125 INFO CHECKSUM 13 1 0: 1.282296
2024-08-01 07:59:58,125 INFO CHECKSUM 13 1 0: 1.282296
2024-08-01 07:59:58,135 INFO recv 13 -> 1 # 0 at 29270815, 0.522179 0.079491
2024-08-01 07:59:58,135 INFO sent 13 -> 1 # 0 at 14219743, 0.522179 0.079491
2024-08-01 07:59:58,161 INFO CHECKSUM 13 2 0: 1.282296
2024-08-01 07:59:58,160 INFO CHECKSUM 13 2 0: 1.282296
2024-08-01 07:59:58,181 INFO recv 13 -> 2 # 0 at 35179492, 0.522179 0.079491
2024-08-01 07:59:58,181 INFO sent 13 -> 2 # 0 at 14272546, 0.522179 0.079491
2024-08-01 07:59:58,238 INFO CHECKSUM 13 3 0: 1.282296
2024-08-01 07:59:58,238 INFO CHECKSUM 13 3 0: 1.282296
2024-08-01 07:59:58,269 INFO recv 13 -> 3 # 0 at 63124481, 0.522179 0.079491
2024-08-01 07:59:58,269 INFO sent 13 -> 3 # 0 at 26407584, 0.522179 0.079491
2024-08-01 07:59:58,287 INFO CHECKSUM 13 4 0: 1.282296
2024-08-01 07:59:58,291 INFO CHECKSUM 13 4 0: 1.282296
2024-08-01 07:59:58,313 INFO recv 13 -> 4 # 0 at 39913608, 0.522179 0.079491
2024-08-01 07:59:58,315 INFO sent 13 -> 4 # 0 at 14260692, 0.522179 0.079491
2024-08-01 07:59:58,341 INFO CHECKSUM 13 5 0: 1.282296
2024-08-01 07:59:58,351 INFO CHECKSUM 13 5 0: 1.282296
2024-08-01 07:59:58,370 INFO recv 13 -> 5 # 0 at 50315107, 0.522179 0.079491
2024-08-01 07:59:58,373 INFO sent 13 -> 5 # 0 at 21654594, 0.522179 0.079491
2024-08-01 07:59:58,425 INFO CHECKSUM 13 6 0: 1.282296
2024-08-01 07:59:58,425 INFO CHECKSUM 13 6 0: 1.282296
2024-08-01 07:59:58,437 INFO sent 13 -> 6 # 0 at 14124249, 0.522179 0.079491
2024-08-01 07:59:58,437 INFO recv 13 -> 6 # 0 at 32024968, 0.522179 0.079491
2024-08-01 07:59:58,456 INFO CHECKSUM 13 7 0: 1.282296
2024-08-01 07:59:58,457 INFO CHECKSUM 13 7 0: 1.282296
2024-08-01 07:59:58,470 INFO recv 13 -> 7 # 0 at 27014637, 0.522179 0.079491
2024-08-01 07:59:58,474 INFO sent 13 -> 7 # 0 at 13943589, 0.522179 0.079491
2024-08-01 07:59:58,595 INFO CHECKSUM 13 8 0: 1.282296
2024-08-01 07:59:58,603 INFO sent 13 -> 8 # 0 at 101006035, 0.522179 0.079491
2024-08-01 07:59:58,595 INFO CHECKSUM 13 8 0: 1.282296
2024-08-01 07:59:58,603 INFO recv 13 -> 8 # 0 at 112817885, 0.522179 0.079491
2024-08-01 07:59:58,626 INFO CHECKSUM 13 9 0: 1.282296
2024-08-01 07:59:58,637 INFO CHECKSUM 13 9 0: 1.282296
2024-08-01 07:59:58,649 INFO recv 13 -> 9 # 0 at 37549387, 0.522179 0.079491
2024-08-01 07:59:58,649 INFO sent 13 -> 9 # 0 at 13961373, 0.522179 0.079491
2024-08-01 07:59:58,675 INFO CHECKSUM 13 10 0: 1.282296
2024-08-01 07:59:58,676 INFO CHECKSUM 13 10 0: 1.282296
2024-08-01 07:59:58,697 INFO sent 13 -> 10 # 0 at 13986271, 0.522179 0.079491
2024-08-01 07:59:58,697 INFO recv 13 -> 10 # 0 at 35786081, 0.522179 0.079491
2024-08-01 07:59:58,720 INFO CHECKSUM 13 11 0: 1.282296
2024-08-01 07:59:58,720 INFO CHECKSUM 13 11 0: 1.282296
2024-08-01 07:59:58,729 INFO recv 13 -> 11 # 0 at 24258699, 0.522179 0.079491
2024-08-01 07:59:58,729 INFO sent 13 -> 11 # 0 at 21270280, 0.522179 0.079491
2024-08-01 07:59:58,756 INFO CHECKSUM 13 12 0: 1.282296
2024-08-01 07:59:58,756 INFO CHECKSUM 13 12 0: 1.282296
2024-08-01 07:59:58,773 INFO recv 13 -> 12 # 0 at 31400468, 0.522179 0.079491
2024-08-01 07:59:58,774 INFO sent 13 -> 12 # 0 at 13733242, 0.522179 0.079491
2024-08-01 07:59:58,984 INFO CHECKSUM 13 14 0: 1.282296
2024-08-01 07:59:58,984 INFO CHECKSUM 13 14 0: 1.282296
2024-08-01 07:59:59,013 INFO sent 13 -> 14 # 0 at 181504646, 0.522179 0.079491
2024-08-01 07:59:59,013 INFO recv 13 -> 14 # 0 at 211349183, 0.522179 0.079491
2024-08-01 07:59:59,239 INFO CHECKSUM 13 15 0: 1.282296
2024-08-01 07:59:59,239 INFO CHECKSUM 13 15 0: 1.282296
2024-08-01 07:59:59,253 INFO Accepting from rank 14
2024-08-01 07:59:59,257 INFO Accepting from rank 14
2024-08-01 07:59:59,257 INFO Accepting from rank 14
2024-08-01 07:59:59,258 INFO Accepting from rank 14
2024-08-01 07:59:59,257 INFO Accepting from rank 14
2024-08-01 07:59:59,257 INFO Sending from rank 14
2024-08-01 07:59:59,258 INFO Accepting from rank 14
2024-08-01 07:59:59,258 INFO Accepting from rank 14
2024-08-01 07:59:59,258 INFO sent 13 -> 15 # 0 at 188945739, 0.522179 0.079491
2024-08-01 07:59:59,258 INFO Accepting from rank 14
2024-08-01 07:59:59,258 INFO Accepting from rank 14
2024-08-01 07:59:59,258 INFO recv 13 -> 15 # 0 at 207458883, 0.522179 0.079491
2024-08-01 07:59:59,258 INFO Accepting from rank 14
2024-08-01 07:59:59,258 INFO Accepting from rank 14
2024-08-01 07:59:59,258 INFO Accepting from rank 14
2024-08-01 07:59:59,258 INFO Accepting from rank 14
2024-08-01 07:59:59,264 INFO Accepting from rank 14
2024-08-01 07:59:59,264 INFO Accepting from rank 14
2024-08-01 07:59:59,317 INFO CHECKSUM 14 0 0: 1.336928
2024-08-01 07:59:59,317 INFO CHECKSUM 14 0 0: 1.336928
2024-08-01 07:59:59,326 INFO recv 14 -> 0 # 0 at 45076956, 0.779538 0.705393
2024-08-01 07:59:59,326 INFO sent 14 -> 0 # 0 at 35755838, 0.779538 0.705393
2024-08-01 07:59:59,412 INFO CHECKSUM 14 1 0: 1.336928
2024-08-01 07:59:59,412 INFO CHECKSUM 14 1 0: 1.336928
2024-08-01 07:59:59,433 INFO recv 14 -> 1 # 0 at 95984719, 0.779538 0.705393
2024-08-01 07:59:59,433 INFO sent 14 -> 1 # 0 at 74587971, 0.779538 0.705393
2024-08-01 07:59:59,464 INFO CHECKSUM 14 2 0: 1.336928
2024-08-01 07:59:59,464 INFO CHECKSUM 14 2 0: 1.336928
2024-08-01 07:59:59,486 INFO sent 14 -> 2 # 0 at 14439038, 0.779538 0.705393
2024-08-01 07:59:59,494 INFO recv 14 -> 2 # 0 at 44406302, 0.779538 0.705393
2024-08-01 07:59:59,519 INFO CHECKSUM 14 3 0: 1.336928
2024-08-01 07:59:59,518 INFO CHECKSUM 14 3 0: 1.336928
2024-08-01 07:59:59,534 INFO recv 14 -> 3 # 0 at 29747904, 0.779538 0.705393
2024-08-01 07:59:59,534 INFO sent 14 -> 3 # 0 at 13888692, 0.779538 0.705393
2024-08-01 07:59:59,588 INFO CHECKSUM 14 4 0: 1.336928
2024-08-01 07:59:59,588 INFO CHECKSUM 14 4 0: 1.336928
2024-08-01 07:59:59,595 INFO sent 14 -> 4 # 0 at 31208036, 0.779538 0.705393
2024-08-01 07:59:59,595 INFO recv 14 -> 4 # 0 at 38232679, 0.779538 0.705393
2024-08-01 07:59:59,648 INFO CHECKSUM 14 5 0: 1.336928
2024-08-01 07:59:59,648 INFO CHECKSUM 14 5 0: 1.336928
2024-08-01 07:59:59,672 INFO sent 14 -> 5 # 0 at 39369884, 0.779538 0.705393
2024-08-01 07:59:59,672 INFO recv 14 -> 5 # 0 at 54035087, 0.779538 0.705393
2024-08-01 07:59:59,699 INFO CHECKSUM 14 6 0: 1.336928
2024-08-01 07:59:59,700 INFO CHECKSUM 14 6 0: 1.336928
2024-08-01 07:59:59,726 INFO sent 14 -> 6 # 0 at 13786044, 0.779538 0.705393
2024-08-01 07:59:59,726 INFO recv 14 -> 6 # 0 at 41347757, 0.779538 0.705393
2024-08-01 07:59:59,744 INFO CHECKSUM 14 7 0: 1.336928
2024-08-01 07:59:59,753 INFO sent 14 -> 7 # 0 at 14044195, 0.779538 0.705393
2024-08-01 07:59:59,745 INFO CHECKSUM 14 7 0: 1.336928
2024-08-01 07:59:59,754 INFO recv 14 -> 7 # 0 at 23783476, 0.779538 0.705393
2024-08-01 07:59:59,771 INFO CHECKSUM 14 8 0: 1.336928
2024-08-01 07:59:59,772 INFO CHECKSUM 14 8 0: 1.336928
2024-08-01 07:59:59,783 INFO recv 14 -> 8 # 0 at 26348275, 0.779538 0.705393
2024-08-01 07:59:59,783 INFO sent 14 -> 8 # 0 at 14079922, 0.779538 0.705393
2024-08-01 07:59:59,823 INFO CHECKSUM 14 9 0: 1.336928
2024-08-01 07:59:59,824 INFO CHECKSUM 14 9 0: 1.336928
2024-08-01 07:59:59,834 INFO recv 14 -> 9 # 0 at 24778543, 0.779538 0.705393
2024-08-01 07:59:59,834 INFO sent 14 -> 9 # 0 at 14124639, 0.779538 0.705393
2024-08-01 07:59:59,860 INFO CHECKSUM 14 10 0: 1.336928
2024-08-01 07:59:59,860 INFO CHECKSUM 14 10 0: 1.336928
2024-08-01 07:59:59,886 INFO recv 14 -> 10 # 0 at 40503471, 0.779538 0.705393
2024-08-01 07:59:59,886 INFO sent 14 -> 10 # 0 at 14657691, 0.779538 0.705393
2024-08-01 07:59:59,905 INFO CHECKSUM 14 11 0: 1.336928
2024-08-01 07:59:59,905 INFO CHECKSUM 14 11 0: 1.336928
2024-08-01 07:59:59,918 INFO sent 14 -> 11 # 0 at 14250292, 0.779538 0.705393
2024-08-01 07:59:59,925 INFO recv 14 -> 11 # 0 at 34429471, 0.779538 0.705393
2024-08-01 08:00:00,045 INFO CHECKSUM 14 12 0: 1.336928
2024-08-01 08:00:00,045 INFO CHECKSUM 14 12 0: 1.336928
2024-08-01 08:00:00,069 INFO recv 14 -> 12 # 0 at 127115463, 0.779538 0.705393
2024-08-01 08:00:00,073 INFO sent 14 -> 12 # 0 at 103220571, 0.779538 0.705393
2024-08-01 08:00:00,103 INFO CHECKSUM 14 13 0: 1.336928
2024-08-01 08:00:00,104 INFO CHECKSUM 14 13 0: 1.336928
2024-08-01 08:00:00,121 INFO recv 14 -> 13 # 0 at 31883714, 0.779538 0.705393
2024-08-01 08:00:00,121 INFO sent 14 -> 13 # 0 at 13724746, 0.779538 0.705393
2024-08-01 08:00:00,255 INFO CHECKSUM 14 15 0: 1.336928
2024-08-01 08:00:00,256 INFO CHECKSUM 14 15 0: 1.336928
2024-08-01 08:00:00,266 INFO Accepting from rank 15
2024-08-01 08:00:00,266 INFO Accepting from rank 15
2024-08-01 08:00:00,266 INFO Accepting from rank 15
2024-08-01 08:00:00,266 INFO Accepting from rank 15
2024-08-01 08:00:00,266 INFO Accepting from rank 15
2024-08-01 08:00:00,266 INFO Accepting from rank 15
2024-08-01 08:00:00,266 INFO Accepting from rank 15
2024-08-01 08:00:00,266 INFO Accepting from rank 15
2024-08-01 08:00:00,266 INFO Accepting from rank 15
2024-08-01 08:00:00,266 INFO Accepting from rank 15
2024-08-01 08:00:00,266 INFO Accepting from rank 15
2024-08-01 08:00:00,266 INFO Accepting from rank 15
2024-08-01 08:00:00,266 INFO recv 14 -> 15 # 0 at 133590775, 0.779538 0.705393
2024-08-01 08:00:00,266 INFO sent 14 -> 15 # 0 at 122236017, 0.779538 0.705393
2024-08-01 08:00:00,267 INFO Sending from rank 15
2024-08-01 08:00:00,267 INFO Accepting from rank 15
2024-08-01 08:00:00,274 INFO Accepting from rank 15
2024-08-01 08:00:00,274 INFO Accepting from rank 15
2024-08-01 08:00:00,396 INFO CHECKSUM 15 0 0: 1.268671
2024-08-01 08:00:00,396 INFO CHECKSUM 15 0 0: 1.268671
2024-08-01 08:00:00,405 INFO recv 15 -> 0 # 0 at 121530598, 0.125758 0.770153
2024-08-01 08:00:00,405 INFO sent 15 -> 0 # 0 at 101412321, 0.125758 0.770153
2024-08-01 08:00:00,428 INFO CHECKSUM 15 1 0: 1.268671
2024-08-01 08:00:00,428 INFO CHECKSUM 15 1 0: 1.268671
2024-08-01 08:00:00,453 INFO recv 15 -> 1 # 0 at 43724978, 0.125758 0.770153
2024-08-01 08:00:00,453 INFO sent 15 -> 1 # 0 at 18416747, 0.125758 0.770153
2024-08-01 08:00:00,488 INFO CHECKSUM 15 2 0: 1.268671
2024-08-01 08:00:00,487 INFO CHECKSUM 15 2 0: 1.268671
2024-08-01 08:00:00,510 INFO sent 15 -> 2 # 0 at 13824798, 0.125758 0.770153
2024-08-01 08:00:00,514 INFO recv 15 -> 2 # 0 at 44860387, 0.125758 0.770153
2024-08-01 08:00:00,552 INFO CHECKSUM 15 3 0: 1.268671
2024-08-01 08:00:00,553 INFO CHECKSUM 15 3 0: 1.268671
2024-08-01 08:00:00,564 INFO recv 15 -> 3 # 0 at 26069289, 0.125758 0.770153
2024-08-01 08:00:00,564 INFO sent 15 -> 3 # 0 at 26404328, 0.125758 0.770153
2024-08-01 08:00:00,586 INFO CHECKSUM 15 4 0: 1.268671
2024-08-01 08:00:00,587 INFO CHECKSUM 15 4 0: 1.268671
2024-08-01 08:00:00,603 INFO recv 15 -> 4 # 0 at 30568576, 0.125758 0.770153
2024-08-01 08:00:00,607 INFO sent 15 -> 4 # 0 at 14004126, 0.125758 0.770153
2024-08-01 08:00:00,624 INFO CHECKSUM 15 5 0: 1.268671
2024-08-01 08:00:00,624 INFO CHECKSUM 15 5 0: 1.268671
2024-08-01 08:00:00,634 INFO sent 15 -> 5 # 0 at 16407959, 0.125758 0.770153
2024-08-01 08:00:00,634 INFO recv 15 -> 5 # 0 at 24795356, 0.125758 0.770153
2024-08-01 08:00:00,716 INFO CHECKSUM 15 6 0: 1.268671
2024-08-01 08:00:00,716 INFO CHECKSUM 15 6 0: 1.268671
2024-08-01 08:00:00,730 INFO sent 15 -> 6 # 0 at 70626984, 0.125758 0.770153
2024-08-01 08:00:00,730 INFO recv 15 -> 6 # 0 at 84830702, 0.125758 0.770153
2024-08-01 08:00:00,763 INFO CHECKSUM 15 7 0: 1.268671
2024-08-01 08:00:00,763 INFO CHECKSUM 15 7 0: 1.268671
2024-08-01 08:00:00,792 INFO recv 15 -> 7 # 0 at 51157109, 0.125758 0.770153
2024-08-01 08:00:00,802 INFO sent 15 -> 7 # 0 at 21360354, 0.125758 0.770153
2024-08-01 08:00:00,824 INFO CHECKSUM 15 8 0: 1.268671
2024-08-01 08:00:00,833 INFO CHECKSUM 15 8 0: 1.268671
2024-08-01 08:00:00,842 INFO recv 15 -> 8 # 0 at 32273116, 0.125758 0.770153
2024-08-01 08:00:00,842 INFO sent 15 -> 8 # 0 at 13959490, 0.125758 0.770153
2024-08-01 08:00:00,880 INFO CHECKSUM 15 9 0: 1.268671
2024-08-01 08:00:00,880 INFO CHECKSUM 15 9 0: 1.268671
2024-08-01 08:00:00,890 INFO sent 15 -> 9 # 0 at 22288341, 0.125758 0.770153
2024-08-01 08:00:00,890 INFO recv 15 -> 9 # 0 at 32203872, 0.125758 0.770153
2024-08-01 08:00:00,904 INFO CHECKSUM 15 10 0: 1.268671
2024-08-01 08:00:00,905 INFO CHECKSUM 15 10 0: 1.268671
2024-08-01 08:00:00,919 INFO recv 15 -> 10 # 0 at 28651072, 0.125758 0.770153
2024-08-01 08:00:00,921 INFO sent 15 -> 10 # 0 at 14041368, 0.125758 0.770153
2024-08-01 08:00:00,936 INFO CHECKSUM 15 11 0: 1.268671
2024-08-01 08:00:00,936 INFO CHECKSUM 15 11 0: 1.268671
2024-08-01 08:00:00,969 INFO sent 15 -> 11 # 0 at 13885006, 0.125758 0.770153
2024-08-01 08:00:00,969 INFO recv 15 -> 11 # 0 at 47548285, 0.125758 0.770153
2024-08-01 08:00:00,996 INFO CHECKSUM 15 12 0: 1.268671
2024-08-01 08:00:00,997 INFO CHECKSUM 15 12 0: 1.268671
2024-08-01 08:00:01,010 INFO recv 15 -> 12 # 0 at 28060202, 0.125758 0.770153
2024-08-01 08:00:01,014 INFO sent 15 -> 12 # 0 at 13776105, 0.125758 0.770153
2024-08-01 08:00:01,042 INFO CHECKSUM 15 13 0: 1.268671
2024-08-01 08:00:01,043 INFO CHECKSUM 15 13 0: 1.268671
2024-08-01 08:00:01,053 INFO recv 15 -> 13 # 0 at 24487458, 0.125758 0.770153
2024-08-01 08:00:01,053 INFO sent 15 -> 13 # 0 at 13653017, 0.125758 0.770153
2024-08-01 08:00:01,095 INFO CHECKSUM 15 14 0: 1.268671
2024-08-01 08:00:01,096 INFO CHECKSUM 15 14 0: 1.268671
2024-08-01 08:00:01,109 INFO Rank 0 start All-Reduce
2024-08-01 08:00:01,109 INFO Rank 2 start All-Reduce
2024-08-01 08:00:01,109 INFO Rank 8 start All-Reduce
2024-08-01 08:00:01,109 INFO Rank 12 start All-Reduce
2024-08-01 08:00:01,109 INFO Rank 4 start All-Reduce
2024-08-01 08:00:01,109 INFO Rank 0 HIT BARRIER
2024-08-01 08:00:01,109 INFO Rank 10 start All-Reduce
2024-08-01 08:00:01,109 INFO Rank 5 start All-Reduce
2024-08-01 08:00:01,109 INFO Rank 2 HIT BARRIER
2024-08-01 08:00:01,109 INFO recv 15 -> 14 # 0 at 27536109, 0.125758 0.770153
2024-08-01 08:00:01,109 INFO Rank 6 start All-Reduce
2024-08-01 08:00:01,109 INFO Rank 14 start All-Reduce
2024-08-01 08:00:01,109 INFO Rank 7 start All-Reduce
2024-08-01 08:00:01,113 INFO Rank 9 start All-Reduce
2024-08-01 08:00:01,113 INFO Rank 11 start All-Reduce
2024-08-01 08:00:01,113 INFO Rank 1 start All-Reduce
2024-08-01 08:00:01,113 INFO Rank 13 start All-Reduce
2024-08-01 08:00:01,113 INFO Rank 3 start All-Reduce
2024-08-01 08:00:01,114 INFO Rank 3 HIT BARRIER
2024-08-01 08:00:01,113 INFO sent 15 -> 14 # 0 at 13871219, 0.125758 0.770153
2024-08-01 08:00:01,114 INFO Rank 1 HIT BARRIER
2024-08-01 08:00:01,114 INFO Rank 15 start All-Reduce
2024-08-01 08:00:01,123 INFO Added key: store_based_barrier_key:2 to store for rank: 8
2024-08-01 08:00:01,123 INFO Added key: store_based_barrier_key:2 to store for rank: 10
2024-08-01 08:00:01,123 INFO Added key: store_based_barrier_key:2 to store for rank: 12
2024-08-01 08:00:01,123 INFO Added key: store_based_barrier_key:2 to store for rank: 4
2024-08-01 08:00:01,123 INFO Added key: store_based_barrier_key:2 to store for rank: 9
2024-08-01 08:00:01,123 INFO Added key: store_based_barrier_key:2 to store for rank: 6
2024-08-01 08:00:01,123 INFO Added key: store_based_barrier_key:2 to store for rank: 2
2024-08-01 08:00:01,123 INFO Added key: store_based_barrier_key:2 to store for rank: 11
2024-08-01 08:00:01,123 INFO Added key: store_based_barrier_key:2 to store for rank: 13
2024-08-01 08:00:01,123 INFO Added key: store_based_barrier_key:2 to store for rank: 3
2024-08-01 08:00:01,123 INFO Added key: store_based_barrier_key:2 to store for rank: 15
2024-08-01 08:00:01,123 INFO Added key: store_based_barrier_key:2 to store for rank: 5
2024-08-01 08:00:01,123 INFO Added key: store_based_barrier_key:2 to store for rank: 1
2024-08-01 08:00:01,123 INFO Added key: store_based_barrier_key:2 to store for rank: 14
2024-08-01 08:00:01,123 INFO Added key: store_based_barrier_key:2 to store for rank: 7
2024-08-01 08:00:01,123 INFO Added key: store_based_barrier_key:2 to store for rank: 0
2024-08-01 08:00:01,123 INFO Rank 5: Completed store-based barrier for key:store_based_barrier_key:2 with 16 nodes.
2024-08-01 08:00:01,124 INFO Rank 0: Completed store-based barrier for key:store_based_barrier_key:2 with 16 nodes.
2024-08-01 08:00:01,123 INFO Rank 7: Completed store-based barrier for key:store_based_barrier_key:2 with 16 nodes.
2024-08-01 08:00:01,124 INFO Made group
2024-08-01 08:00:01,133 INFO Rank 8: Completed store-based barrier for key:store_based_barrier_key:2 with 16 nodes.
2024-08-01 08:00:01,133 INFO Rank 2: Completed store-based barrier for key:store_based_barrier_key:2 with 16 nodes.
2024-08-01 08:00:01,133 INFO Rank 10: Completed store-based barrier for key:store_based_barrier_key:2 with 16 nodes.
2024-08-01 08:00:01,133 INFO Rank 12: Completed store-based barrier for key:store_based_barrier_key:2 with 16 nodes.
2024-08-01 08:00:01,133 INFO Rank 4: Completed store-based barrier for key:store_based_barrier_key:2 with 16 nodes.
2024-08-01 08:00:01,133 INFO Made group
2024-08-01 08:00:01,133 INFO Rank 6: Completed store-based barrier for key:store_based_barrier_key:2 with 16 nodes.
2024-08-01 08:00:01,133 INFO Rank 3: Completed store-based barrier for key:store_based_barrier_key:2 with 16 nodes.
2024-08-01 08:00:01,133 INFO Rank 9: Completed store-based barrier for key:store_based_barrier_key:2 with 16 nodes.
2024-08-01 08:00:01,133 INFO Rank 15: Completed store-based barrier for key:store_based_barrier_key:2 with 16 nodes.
2024-08-01 08:00:01,133 INFO Rank 1: Completed store-based barrier for key:store_based_barrier_key:2 with 16 nodes.
2024-08-01 08:00:01,133 INFO Rank 13: Completed store-based barrier for key:store_based_barrier_key:2 with 16 nodes.
2024-08-01 08:00:01,133 INFO Made group
2024-08-01 08:00:01,133 INFO Rank 11: Completed store-based barrier for key:store_based_barrier_key:2 with 16 nodes.
2024-08-01 08:00:01,133 INFO Made group
2024-08-01 08:00:01,133 INFO Rank 14: Completed store-based barrier for key:store_based_barrier_key:2 with 16 nodes.
2024-08-01 08:00:01,393 INFO Node Reduce CHECKSUM 0: 5.019242
2024-08-01 08:00:01,454 INFO Node Reduce CHECKSUM 1: 5.019242
2024-08-01 08:00:01,458 INFO Node Reduce CHECKSUM 2: 5.019242
2024-08-01 08:00:01,468 INFO Rank 4 HIT BARRIER
2024-08-01 08:00:01,392 INFO Node Reduce CHECKSUM 3: 5.019242
2024-08-01 08:00:01,468 INFO Added key: store_based_barrier_key:3 to store for rank: 10
2024-08-01 08:00:01,468 INFO Added key: store_based_barrier_key:3 to store for rank: 15
2024-08-01 08:00:01,468 INFO Rank 5 HIT BARRIER
2024-08-01 08:00:01,468 INFO Node Reduce rank 0 at 345604118
2024-08-01 08:00:01,468 INFO Added key: store_based_barrier_key:3 to store for rank: 8
2024-08-01 08:00:01,468 INFO Rank 6 HIT BARRIER
2024-08-01 08:00:01,468 INFO Node Reduce rank 1 at 345287477
2024-08-01 08:00:01,468 INFO Added key: store_based_barrier_key:3 to store for rank: 9
2024-08-01 08:00:01,468 INFO Added key: store_based_barrier_key:3 to store for rank: 12
2024-08-01 08:00:01,468 INFO Rank 7 HIT BARRIER
2024-08-01 08:00:01,468 INFO Node Reduce rank 2 at 345275623
2024-08-01 08:00:01,468 INFO Added key: store_based_barrier_key:3 to store for rank: 11
2024-08-01 08:00:01,469 INFO Added key: store_based_barrier_key:3 to store for rank: 13
2024-08-01 08:00:01,469 INFO Added key: store_based_barrier_key:3 to store for rank: 4
2024-08-01 08:00:01,468 INFO Node Reduce rank 3 at 345286554
2024-08-01 08:00:01,469 INFO Added key: store_based_barrier_key:3 to store for rank: 14
2024-08-01 08:00:01,469 INFO Added key: store_based_barrier_key:3 to store for rank: 6
2024-08-01 08:00:01,468 INFO Added key: store_based_barrier_key:3 to store for rank: 2
2024-08-01 08:00:01,469 INFO Rank 13: Completed store-based barrier for key:store_based_barrier_key:3 with 16 nodes.
2024-08-01 08:00:01,469 INFO Added key: store_based_barrier_key:3 to store for rank: 5
2024-08-01 08:00:01,468 INFO Added key: store_based_barrier_key:3 to store for rank: 3
2024-08-01 08:00:01,469 INFO Rank 14: Completed store-based barrier for key:store_based_barrier_key:3 with 16 nodes.
2024-08-01 08:00:01,469 INFO Added key: store_based_barrier_key:3 to store for rank: 7
2024-08-01 08:00:01,468 INFO Added key: store_based_barrier_key:3 to store for rank: 1
2024-08-01 08:00:01,469 INFO Added key: store_based_barrier_key:3 to store for rank: 0
2024-08-01 08:00:01,469 INFO Rank 0: Completed store-based barrier for key:store_based_barrier_key:3 with 16 nodes.
2024-08-01 08:00:01,479 INFO Rank 2: Completed store-based barrier for key:store_based_barrier_key:3 with 16 nodes.
2024-08-01 08:00:01,479 INFO Rank 3: Completed store-based barrier for key:store_based_barrier_key:3 with 16 nodes.
2024-08-01 08:00:01,479 INFO Rank 1: Completed store-based barrier for key:store_based_barrier_key:3 with 16 nodes.
2024-08-01 08:00:01,479 INFO Rank 10: Completed store-based barrier for key:store_based_barrier_key:3 with 16 nodes.
2024-08-01 08:00:01,479 INFO Rank 6: Completed store-based barrier for key:store_based_barrier_key:3 with 16 nodes.
2024-08-01 08:00:01,479 INFO Rank 9: Completed store-based barrier for key:store_based_barrier_key:3 with 16 nodes.
2024-08-01 08:00:01,479 INFO Rank 12: Completed store-based barrier for key:store_based_barrier_key:3 with 16 nodes.
2024-08-01 08:00:01,479 INFO Made group
2024-08-01 08:00:01,479 INFO Rank 8: Completed store-based barrier for key:store_based_barrier_key:3 with 16 nodes.
2024-08-01 08:00:01,479 INFO Rank 15: Completed store-based barrier for key:store_based_barrier_key:3 with 16 nodes.
2024-08-01 08:00:01,479 INFO Rank 4: Completed store-based barrier for key:store_based_barrier_key:3 with 16 nodes.
2024-08-01 08:00:01,479 INFO Rank 11: Completed store-based barrier for key:store_based_barrier_key:3 with 16 nodes.
2024-08-01 08:00:01,479 INFO Rank 5: Completed store-based barrier for key:store_based_barrier_key:3 with 16 nodes.
2024-08-01 08:00:01,479 INFO Rank 7: Completed store-based barrier for key:store_based_barrier_key:3 with 16 nodes.
2024-08-01 08:00:01,479 INFO Made group
2024-08-01 08:00:01,479 INFO Made group
2024-08-01 08:00:01,479 INFO Made group
2024-08-01 08:00:01,733 INFO Node Reduce CHECKSUM 4: 4.799215
2024-08-01 08:00:01,794 INFO Node Reduce CHECKSUM 5: 4.799215
2024-08-01 08:00:01,794 INFO Node Reduce CHECKSUM 6: 4.799215
2024-08-01 08:00:01,806 INFO Rank 8 HIT BARRIER
2024-08-01 08:00:01,732 INFO Node Reduce CHECKSUM 7: 4.799215
2024-08-01 08:00:01,806 INFO Rank 9 HIT BARRIER
2024-08-01 08:00:01,806 INFO Node Reduce rank 4 at 337866056
2024-08-01 08:00:01,806 INFO Rank 10 HIT BARRIER
2024-08-01 08:00:01,806 INFO Node Reduce rank 5 at 337871346
2024-08-01 08:00:01,806 INFO Rank 11 HIT BARRIER
2024-08-01 08:00:01,806 INFO Node Reduce rank 6 at 337871897
2024-08-01 08:00:01,806 INFO Node Reduce rank 7 at 337871357
2024-08-01 08:00:01,810 INFO Added key: store_based_barrier_key:4 to store for rank: 2
2024-08-01 08:00:01,810 INFO Added key: store_based_barrier_key:4 to store for rank: 3
2024-08-01 08:00:01,810 INFO Added key: store_based_barrier_key:4 to store for rank: 10
2024-08-01 08:00:01,810 INFO Added key: store_based_barrier_key:4 to store for rank: 12
2024-08-01 08:00:01,810 INFO Added key: store_based_barrier_key:4 to store for rank: 4
2024-08-01 08:00:01,810 INFO Added key: store_based_barrier_key:4 to store for rank: 1
2024-08-01 08:00:01,810 INFO Rank 2: Completed store-based barrier for key:store_based_barrier_key:4 with 16 nodes.
2024-08-01 08:00:01,810 INFO Added key: store_based_barrier_key:4 to store for rank: 8
2024-08-01 08:00:01,810 INFO Added key: store_based_barrier_key:4 to store for rank: 13
2024-08-01 08:00:01,810 INFO Added key: store_based_barrier_key:4 to store for rank: 5
2024-08-01 08:00:01,810 INFO Rank 3: Completed store-based barrier for key:store_based_barrier_key:4 with 16 nodes.
2024-08-01 08:00:01,810 INFO Added key: store_based_barrier_key:4 to store for rank: 9
2024-08-01 08:00:01,810 INFO Added key: store_based_barrier_key:4 to store for rank: 14
2024-08-01 08:00:01,810 INFO Added key: store_based_barrier_key:4 to store for rank: 6
2024-08-01 08:00:01,810 INFO Rank 1: Completed store-based barrier for key:store_based_barrier_key:4 with 16 nodes.
2024-08-01 08:00:01,810 INFO Added key: store_based_barrier_key:4 to store for rank: 11
2024-08-01 08:00:01,810 INFO Rank 12: Completed store-based barrier for key:store_based_barrier_key:4 with 16 nodes.
2024-08-01 08:00:01,810 INFO Added key: store_based_barrier_key:4 to store for rank: 7
2024-08-01 08:00:01,810 INFO Added key: store_based_barrier_key:4 to store for rank: 0
2024-08-01 08:00:01,810 INFO Rank 10: Completed store-based barrier for key:store_based_barrier_key:4 with 16 nodes.
2024-08-01 08:00:01,810 INFO Rank 13: Completed store-based barrier for key:store_based_barrier_key:4 with 16 nodes.
2024-08-01 08:00:01,810 INFO Rank 6: Completed store-based barrier for key:store_based_barrier_key:4 with 16 nodes.
2024-08-01 08:00:01,811 INFO Rank 0: Completed store-based barrier for key:store_based_barrier_key:4 with 16 nodes.
2024-08-01 08:00:01,810 INFO Rank 8: Completed store-based barrier for key:store_based_barrier_key:4 with 16 nodes.
2024-08-01 08:00:01,810 INFO Added key: store_based_barrier_key:4 to store for rank: 15
2024-08-01 08:00:01,810 INFO Rank 4: Completed store-based barrier for key:store_based_barrier_key:4 with 16 nodes.
2024-08-01 08:00:01,810 INFO Rank 9: Completed store-based barrier for key:store_based_barrier_key:4 with 16 nodes.
2024-08-01 08:00:01,810 INFO Rank 14: Completed store-based barrier for key:store_based_barrier_key:4 with 16 nodes.
2024-08-01 08:00:01,810 INFO Rank 5: Completed store-based barrier for key:store_based_barrier_key:4 with 16 nodes.
2024-08-01 08:00:01,810 INFO Made group
2024-08-01 08:00:01,810 INFO Rank 15: Completed store-based barrier for key:store_based_barrier_key:4 with 16 nodes.
2024-08-01 08:00:01,810 INFO Rank 7: Completed store-based barrier for key:store_based_barrier_key:4 with 16 nodes.
2024-08-01 08:00:01,810 INFO Made group
2024-08-01 08:00:01,810 INFO Rank 11: Completed store-based barrier for key:store_based_barrier_key:4 with 16 nodes.
2024-08-01 08:00:01,810 INFO Made group
2024-08-01 08:00:01,810 INFO Made group
2024-08-01 08:00:02,058 INFO Node Reduce CHECKSUM 8: 7.211622
2024-08-01 08:00:02,117 INFO Node Reduce CHECKSUM 9: 7.211622
2024-08-01 08:00:02,063 INFO Node Reduce CHECKSUM 10: 7.211622
2024-08-01 08:00:02,119 INFO Node Reduce CHECKSUM 11: 7.211622
2024-08-01 08:00:02,135 INFO Node Reduce rank 8 at 325328840
2024-08-01 08:00:02,135 INFO Rank 12 HIT BARRIER
2024-08-01 08:00:02,135 INFO Node Reduce rank 11 at 325320524
2024-08-01 08:00:02,135 INFO Rank 14 HIT BARRIER
2024-08-01 08:00:02,135 INFO Node Reduce rank 9 at 325330653
2024-08-01 08:00:02,135 INFO Node Reduce rank 10 at 325334761
2024-08-01 08:00:02,138 INFO Rank 13 HIT BARRIER
2024-08-01 08:00:02,138 INFO Rank 15 HIT BARRIER
2024-08-01 08:00:02,153 INFO Added key: store_based_barrier_key:5 to store for rank: 0
2024-08-01 08:00:02,153 INFO Added key: store_based_barrier_key:5 to store for rank: 1
2024-08-01 08:00:02,153 INFO Added key: store_based_barrier_key:5 to store for rank: 2
2024-08-01 08:00:02,154 INFO Added key: store_based_barrier_key:5 to store for rank: 10
2024-08-01 08:00:02,153 INFO Added key: store_based_barrier_key:5 to store for rank: 12
2024-08-01 08:00:02,153 INFO Added key: store_based_barrier_key:5 to store for rank: 6
2024-08-01 08:00:02,153 INFO Added key: store_based_barrier_key:5 to store for rank: 3
2024-08-01 08:00:02,154 INFO Added key: store_based_barrier_key:5 to store for rank: 8
2024-08-01 08:00:02,154 INFO Added key: store_based_barrier_key:5 to store for rank: 14
2024-08-01 08:00:02,153 INFO Added key: store_based_barrier_key:5 to store for rank: 4
2024-08-01 08:00:02,154 INFO Added key: store_based_barrier_key:5 to store for rank: 9
2024-08-01 08:00:02,154 INFO Added key: store_based_barrier_key:5 to store for rank: 13
2024-08-01 08:00:02,154 INFO Added key: store_based_barrier_key:5 to store for rank: 5
2024-08-01 08:00:02,154 INFO Added key: store_based_barrier_key:5 to store for rank: 11
2024-08-01 08:00:02,154 INFO Rank 14: Completed store-based barrier for key:store_based_barrier_key:5 with 16 nodes.
2024-08-01 08:00:02,154 INFO Added key: store_based_barrier_key:5 to store for rank: 7
2024-08-01 08:00:02,154 INFO Rank 10: Completed store-based barrier for key:store_based_barrier_key:5 with 16 nodes.
2024-08-01 08:00:02,154 INFO Added key: store_based_barrier_key:5 to store for rank: 15
2024-08-01 08:00:02,154 INFO Rank 4: Completed store-based barrier for key:store_based_barrier_key:5 with 16 nodes.
2024-08-01 08:00:02,154 INFO Rank 8: Completed store-based barrier for key:store_based_barrier_key:5 with 16 nodes.
2024-08-01 08:00:02,154 INFO Made group
2024-08-01 08:00:02,154 INFO Rank 5: Completed store-based barrier for key:store_based_barrier_key:5 with 16 nodes.
2024-08-01 08:00:02,154 INFO Rank 9: Completed store-based barrier for key:store_based_barrier_key:5 with 16 nodes.
2024-08-01 08:00:02,154 INFO Rank 13: Completed store-based barrier for key:store_based_barrier_key:5 with 16 nodes.
2024-08-01 08:00:02,154 INFO Rank 7: Completed store-based barrier for key:store_based_barrier_key:5 with 16 nodes.
2024-08-01 08:00:02,154 INFO Rank 11: Completed store-based barrier for key:store_based_barrier_key:5 with 16 nodes.
2024-08-01 08:00:02,154 INFO Made group
2024-08-01 08:00:02,154 INFO Rank 15: Completed store-based barrier for key:store_based_barrier_key:5 with 16 nodes.
2024-08-01 08:00:02,154 INFO Made group
2024-08-01 08:00:02,163 INFO Rank 2: Completed store-based barrier for key:store_based_barrier_key:5 with 16 nodes.
2024-08-01 08:00:02,163 INFO Rank 3: Completed store-based barrier for key:store_based_barrier_key:5 with 16 nodes.
2024-08-01 08:00:02,163 INFO Rank 1: Completed store-based barrier for key:store_based_barrier_key:5 with 16 nodes.
2024-08-01 08:00:02,163 INFO Rank 0: Completed store-based barrier for key:store_based_barrier_key:5 with 16 nodes.
2024-08-01 08:00:02,164 INFO Rank 6: Completed store-based barrier for key:store_based_barrier_key:5 with 16 nodes.
2024-08-01 08:00:02,164 INFO Rank 12: Completed store-based barrier for key:store_based_barrier_key:5 with 16 nodes.
2024-08-01 08:00:02,164 INFO Made group
2024-08-01 08:00:02,405 INFO Node Reduce CHECKSUM 12: 7.564134
2024-08-01 08:00:02,465 INFO Node Reduce CHECKSUM 13: 7.564134
2024-08-01 08:00:02,469 INFO Node Reduce CHECKSUM 14: 7.564134
2024-08-01 08:00:02,404 INFO Node Reduce CHECKSUM 15: 7.564134
2024-08-01 08:00:02,486 INFO Node Reduce rank 12 at 333349674
2024-08-01 08:00:02,486 INFO Node Reduce rank 14 at 333152111
2024-08-01 08:00:02,486 INFO Node Reduce rank 13 at 332966382
2024-08-01 08:00:02,486 INFO Node Reduce rank 15 at 332969829
2024-08-01 08:00:02,494 INFO All Reduce CHECKSUM 0: 27.764515
2024-08-01 08:00:02,494 INFO All Reduce CHECKSUM 1: 27.764515
2024-08-01 08:00:02,494 INFO All Reduce CHECKSUM 12: 27.764515
2024-08-01 08:00:02,494 INFO All Reduce CHECKSUM 2: 27.764515
2024-08-01 08:00:02,494 INFO All Reduce CHECKSUM 8: 27.764515
2024-08-01 08:00:02,494 INFO All Reduce CHECKSUM 13: 27.764515
2024-08-01 08:00:02,494 INFO All Reduce CHECKSUM 4: 27.764515
2024-08-01 08:00:02,494 INFO All Reduce CHECKSUM 3: 27.764515
2024-08-01 08:00:02,494 INFO All Reduce CHECKSUM 9: 27.764515
2024-08-01 08:00:02,494 INFO All Reduce CHECKSUM 14: 27.764515
2024-08-01 08:00:02,494 INFO All Reduce CHECKSUM 5: 27.764515
2024-08-01 08:00:02,494 INFO All Reduce rank 0 at 540252
2024-08-01 08:00:02,494 INFO All Reduce CHECKSUM 10: 27.764515
2024-08-01 08:00:02,494 INFO All Reduce CHECKSUM 15: 27.764515
2024-08-01 08:00:02,494 INFO All Reduce CHECKSUM 6: 27.764515
2024-08-01 08:00:02,494 INFO All Reduce rank 1 at 539972
2024-08-01 08:00:02,494 INFO All Reduce CHECKSUM 11: 27.764515
2024-08-01 08:00:02,494 INFO All Reduce rank 12 at 540697
2024-08-01 08:00:02,494 INFO All Reduce CHECKSUM 7: 27.764515
2024-08-01 08:00:02,494 INFO All Reduce rank 2 at 539291
2024-08-01 08:00:02,494 INFO All Reduce rank 8 at 541986
2024-08-01 08:00:02,494 INFO All Reduce rank 13 at 540816
2024-08-01 08:00:02,494 INFO Rank 13 done
2024-08-01 08:00:02,494 INFO All Reduce rank 4 at 542271
2024-08-01 08:00:02,494 INFO All Reduce rank 3 at 541785
2024-08-01 08:00:02,494 INFO All Reduce rank 9 at 546996
2024-08-01 08:00:02,494 INFO All Reduce rank 14 at 540206
2024-08-01 08:00:02,494 INFO Rank 14 done
2024-08-01 08:00:02,494 INFO All Reduce rank 5 at 525669
2024-08-01 08:00:02,494 INFO Rank 0 done
2024-08-01 08:00:02,494 INFO All Reduce rank 10 at 542497
2024-08-01 08:00:02,494 INFO All Reduce rank 15 at 540106
2024-08-01 08:00:02,494 INFO Rank 15 done
2024-08-01 08:00:02,494 INFO All Reduce rank 6 at 539816
2024-08-01 08:00:02,494 INFO Rank 1 done
2024-08-01 08:00:02,494 INFO All Reduce rank 11 at 550773
2024-08-01 08:00:02,494 INFO Rank 12 done
2024-08-01 08:00:02,494 INFO All Reduce rank 7 at 527342
2024-08-01 08:00:02,494 INFO Rank 7 done
2024-08-01 08:00:02,494 INFO Rank 2 done
2024-08-01 08:00:02,494 INFO Rank 8 done
2024-08-01 08:00:02,494 INFO Rank 4 done
2024-08-01 08:00:02,494 INFO Rank 3 done
2024-08-01 08:00:02,494 INFO Rank 9 done
2024-08-01 08:00:02,494 INFO Rank 5 done
2024-08-01 08:00:02,494 INFO Rank 10 done
2024-08-01 08:00:02,494 INFO Rank 6 done
2024-08-01 08:00:02,494 INFO Rank 11 done
