
2024-08-01 08:11:37,754 INFO Initialized rank 0 out of 16
2024-08-01 08:11:37,761 INFO Initialized rank 15 out of 16
2024-08-01 08:11:37,761 INFO Initialized rank 4 out of 16
2024-08-01 08:11:37,761 INFO Initialized rank 14 out of 16
2024-08-01 08:11:37,761 INFO Initialized rank 1 out of 16
2024-08-01 08:11:37,761 INFO Initialized rank 10 out of 16
2024-08-01 08:11:37,761 INFO Initialized rank 5 out of 16
2024-08-01 08:11:37,761 INFO Initialized rank 13 out of 16
2024-08-01 08:11:37,761 INFO Initialized rank 11 out of 16
2024-08-01 08:11:37,761 INFO Initialized rank 7 out of 16
2024-08-01 08:11:37,761 INFO Initialized rank 12 out of 16
2024-08-01 08:11:37,762 INFO Initialized rank 2 out of 16
2024-08-01 08:11:37,761 INFO Initialized rank 8 out of 16
2024-08-01 08:11:37,762 INFO Initialized rank 6 out of 16
2024-08-01 08:11:37,762 INFO Initialized rank 3 out of 16
2024-08-01 08:11:37,761 INFO Initialized rank 9 out of 16
2024-08-01 08:11:40,428 INFO Sync time
2024-08-01 08:11:40,428 INFO Sync time
2024-08-01 08:11:40,428 INFO Sync time
2024-08-01 08:11:40,428 INFO Sync time
2024-08-01 08:11:40,428 INFO Sync time
2024-08-01 08:11:40,428 INFO Sync time
2024-08-01 08:11:40,428 INFO Sync time
2024-08-01 08:11:40,428 INFO Sync time
2024-08-01 08:11:40,428 INFO Sync time
2024-08-01 08:11:40,428 INFO Sync time
2024-08-01 08:11:40,428 INFO Sync time
2024-08-01 08:11:40,428 INFO Sync time
2024-08-01 08:11:40,428 INFO Sync time
2024-08-01 08:11:40,428 INFO Sync time
2024-08-01 08:11:40,428 INFO Sending from rank 0
2024-08-01 08:11:40,428 INFO Sync time
2024-08-01 08:11:40,428 INFO Accepting from rank 0
2024-08-01 08:11:40,428 INFO Sync time
2024-08-01 08:11:40,428 INFO Accepting from rank 0
2024-08-01 08:11:40,428 INFO Accepting from rank 0
2024-08-01 08:11:40,428 INFO Accepting from rank 0
2024-08-01 08:11:40,428 INFO Accepting from rank 0
2024-08-01 08:11:40,428 INFO Accepting from rank 0
2024-08-01 08:11:40,428 INFO Accepting from rank 0
2024-08-01 08:11:40,428 INFO Accepting from rank 0
2024-08-01 08:11:40,428 INFO Accepting from rank 0
2024-08-01 08:11:40,428 INFO Accepting from rank 0
2024-08-01 08:11:40,428 INFO Accepting from rank 0
2024-08-01 08:11:40,428 INFO Accepting from rank 0
2024-08-01 08:11:40,428 INFO Accepting from rank 0
2024-08-01 08:11:40,428 INFO Accepting from rank 0
2024-08-01 08:11:40,428 INFO Accepting from rank 0
2024-08-01 08:11:40,683 INFO CHECKSUM 0 1 0: 1.240959
2024-08-01 08:11:40,686 INFO CHECKSUM 0 1 0: 1.240959
2024-08-01 08:11:40,698 INFO sent 0 -> 1 # 0 at 226807619, 0.235014 0.622239
2024-08-01 08:11:40,698 INFO recv 0 -> 1 # 0 at 242309122, 0.235014 0.622239
2024-08-01 08:11:40,920 INFO CHECKSUM 0 2 0: 1.240959
2024-08-01 08:11:40,921 INFO CHECKSUM 0 2 0: 1.240959
2024-08-01 08:11:40,938 INFO sent 0 -> 2 # 0 at 210143824, 0.235014 0.622239
2024-08-01 08:11:40,938 INFO recv 0 -> 2 # 0 at 228640535, 0.235014 0.622239
2024-08-01 08:11:41,207 INFO CHECKSUM 0 3 0: 1.240959
2024-08-01 08:11:41,209 INFO CHECKSUM 0 3 0: 1.240959
2024-08-01 08:11:41,224 INFO sent 0 -> 3 # 0 at 266513954, 0.235014 0.622239
2024-08-01 08:11:41,224 INFO recv 0 -> 3 # 0 at 282760063, 0.235014 0.622239
2024-08-01 08:11:41,504 INFO CHECKSUM 0 4 0: 1.240959
2024-08-01 08:11:41,505 INFO CHECKSUM 0 4 0: 1.240959
2024-08-01 08:11:41,525 INFO sent 0 -> 4 # 0 at 277249683, 0.235014 0.622239
2024-08-01 08:11:41,525 INFO recv 0 -> 4 # 0 at 298491376, 0.235014 0.622239
2024-08-01 08:11:41,755 INFO CHECKSUM 0 5 0: 1.240959
2024-08-01 08:11:41,756 INFO CHECKSUM 0 5 0: 1.240959
2024-08-01 08:11:41,767 INFO sent 0 -> 5 # 0 at 214400776, 0.235014 0.622239
2024-08-01 08:11:41,767 INFO recv 0 -> 5 # 0 at 226200907, 0.235014 0.622239
2024-08-01 08:11:41,907 INFO CHECKSUM 0 6 0: 1.240959
2024-08-01 08:11:41,909 INFO CHECKSUM 0 6 0: 1.240959
2024-08-01 08:11:41,925 INFO sent 0 -> 6 # 0 at 139604662, 0.235014 0.622239
2024-08-01 08:11:41,930 INFO recv 0 -> 6 # 0 at 162461652, 0.235014 0.622239
2024-08-01 08:11:42,158 INFO CHECKSUM 0 7 0: 1.240959
2024-08-01 08:11:42,159 INFO CHECKSUM 0 7 0: 1.240959
2024-08-01 08:11:42,171 INFO sent 0 -> 7 # 0 at 227591291, 0.235014 0.622239
2024-08-01 08:11:42,171 INFO recv 0 -> 7 # 0 at 240825051, 0.235014 0.622239
2024-08-01 08:11:42,404 INFO CHECKSUM 0 8 0: 1.240959
2024-08-01 08:11:42,405 INFO CHECKSUM 0 8 0: 1.240959
2024-08-01 08:11:42,415 INFO sent 0 -> 8 # 0 at 218244100, 0.235014 0.622239
2024-08-01 08:11:42,415 INFO recv 0 -> 8 # 0 at 230175427, 0.235014 0.622239
2024-08-01 08:11:42,667 INFO CHECKSUM 0 9 0: 1.240959
2024-08-01 08:11:42,669 INFO CHECKSUM 0 9 0: 1.240959
2024-08-01 08:11:42,682 INFO sent 0 -> 9 # 0 at 233435334, 0.235014 0.622239
2024-08-01 08:11:42,682 INFO recv 0 -> 9 # 0 at 243851979, 0.235014 0.622239
2024-08-01 08:11:42,897 INFO CHECKSUM 0 10 0: 1.240959
2024-08-01 08:11:42,899 INFO CHECKSUM 0 10 0: 1.240959
2024-08-01 08:11:42,907 INFO sent 0 -> 10 # 0 at 209501565, 0.235014 0.622239
2024-08-01 08:11:42,908 INFO recv 0 -> 10 # 0 at 214773872, 0.235014 0.622239
2024-08-01 08:11:43,151 INFO CHECKSUM 0 11 0: 1.240959
2024-08-01 08:11:43,153 INFO CHECKSUM 0 11 0: 1.240959
2024-08-01 08:11:43,173 INFO sent 0 -> 11 # 0 at 230047999, 0.235014 0.622239
2024-08-01 08:11:43,173 INFO recv 0 -> 11 # 0 at 240025550, 0.235014 0.622239
2024-08-01 08:11:43,428 INFO CHECKSUM 0 12 0: 1.240959
2024-08-01 08:11:43,429 INFO CHECKSUM 0 12 0: 1.240959
2024-08-01 08:11:43,446 INFO recv 0 -> 12 # 0 at 267975445, 0.235014 0.622239
2024-08-01 08:11:43,446 INFO sent 0 -> 12 # 0 at 249086496, 0.235014 0.622239
2024-08-01 08:11:43,655 INFO CHECKSUM 0 13 0: 1.240959
2024-08-01 08:11:43,656 INFO CHECKSUM 0 13 0: 1.240959
2024-08-01 08:11:43,664 INFO sent 0 -> 13 # 0 at 196885799, 0.235014 0.622239
2024-08-01 08:11:43,671 INFO recv 0 -> 13 # 0 at 213024778, 0.235014 0.622239
2024-08-01 08:11:43,887 INFO CHECKSUM 0 14 0: 1.240959
2024-08-01 08:11:43,889 INFO CHECKSUM 0 14 0: 1.240959
2024-08-01 08:11:43,897 INFO recv 0 -> 14 # 0 at 212114786, 0.235014 0.622239
2024-08-01 08:11:43,897 INFO sent 0 -> 14 # 0 at 201503857, 0.235014 0.622239
2024-08-01 08:11:44,143 INFO CHECKSUM 0 15 0: 1.240959
2024-08-01 08:11:44,144 INFO CHECKSUM 0 15 0: 1.240959
2024-08-01 08:11:44,156 INFO Accepting from rank 1
2024-08-01 08:11:44,156 INFO Accepting from rank 1
2024-08-01 08:11:44,156 INFO sent 0 -> 15 # 0 at 236740530, 0.235014 0.622239
2024-08-01 08:11:44,156 INFO Accepting from rank 1
2024-08-01 08:11:44,156 INFO Sending from rank 1
2024-08-01 08:11:44,156 INFO Accepting from rank 1
2024-08-01 08:11:44,156 INFO Accepting from rank 1
2024-08-01 08:11:44,156 INFO Accepting from rank 1
2024-08-01 08:11:44,156 INFO Accepting from rank 1
2024-08-01 08:11:44,156 INFO Accepting from rank 1
2024-08-01 08:11:44,156 INFO Accepting from rank 1
2024-08-01 08:11:44,156 INFO Accepting from rank 1
2024-08-01 08:11:44,156 INFO recv 0 -> 15 # 0 at 249634797, 0.235014 0.622239
2024-08-01 08:11:44,156 INFO Accepting from rank 1
2024-08-01 08:11:44,156 INFO Accepting from rank 1
2024-08-01 08:11:44,156 INFO Accepting from rank 1
2024-08-01 08:11:44,165 INFO Accepting from rank 1
2024-08-01 08:11:44,165 INFO Accepting from rank 1
2024-08-01 08:11:44,200 INFO CHECKSUM 1 0 0: 0.899347
2024-08-01 08:11:44,200 INFO CHECKSUM 1 0 0: 0.899347
2024-08-01 08:11:44,210 INFO recv 1 -> 0 # 0 at 23961011, 0.952339 0.494150
2024-08-01 08:11:44,218 INFO sent 1 -> 0 # 0 at 13962264, 0.952339 0.494150
2024-08-01 08:11:44,418 INFO CHECKSUM 1 2 0: 0.899347
2024-08-01 08:11:44,419 INFO CHECKSUM 1 2 0: 0.899347
2024-08-01 08:11:44,436 INFO sent 1 -> 2 # 0 at 198523438, 0.952339 0.494150
2024-08-01 08:11:44,436 INFO recv 1 -> 2 # 0 at 216503352, 0.952339 0.494150
2024-08-01 08:11:44,623 INFO CHECKSUM 1 3 0: 0.899347
2024-08-01 08:11:44,623 INFO CHECKSUM 1 3 0: 0.899347
2024-08-01 08:11:44,635 INFO sent 1 -> 3 # 0 at 181300655, 0.952339 0.494150
2024-08-01 08:11:44,635 INFO recv 1 -> 3 # 0 at 193920269, 0.952339 0.494150
2024-08-01 08:11:44,815 INFO CHECKSUM 1 4 0: 0.899347
2024-08-01 08:11:44,815 INFO CHECKSUM 1 4 0: 0.899347
2024-08-01 08:11:44,832 INFO sent 1 -> 4 # 0 at 176153957, 0.952339 0.494150
2024-08-01 08:11:44,832 INFO recv 1 -> 4 # 0 at 193451745, 0.952339 0.494150
2024-08-01 08:11:45,012 INFO CHECKSUM 1 5 0: 0.899347
2024-08-01 08:11:45,012 INFO CHECKSUM 1 5 0: 0.899347
2024-08-01 08:11:45,021 INFO recv 1 -> 5 # 0 at 163797471, 0.952339 0.494150
2024-08-01 08:11:45,021 INFO sent 1 -> 5 # 0 at 153902342, 0.952339 0.494150
2024-08-01 08:11:45,234 INFO CHECKSUM 1 6 0: 0.899347
2024-08-01 08:11:45,235 INFO CHECKSUM 1 6 0: 0.899347
2024-08-01 08:11:45,245 INFO sent 1 -> 6 # 0 at 184168086, 0.952339 0.494150
2024-08-01 08:11:45,245 INFO recv 1 -> 6 # 0 at 194816741, 0.952339 0.494150
2024-08-01 08:11:45,460 INFO CHECKSUM 1 7 0: 0.899347
2024-08-01 08:11:45,460 INFO CHECKSUM 1 7 0: 0.899347
2024-08-01 08:11:45,482 INFO recv 1 -> 7 # 0 at 220276105, 0.952339 0.494150
2024-08-01 08:11:45,482 INFO sent 1 -> 7 # 0 at 190625372, 0.952339 0.494150
2024-08-01 08:11:45,652 INFO CHECKSUM 1 8 0: 0.899347
2024-08-01 08:11:45,653 INFO CHECKSUM 1 8 0: 0.899347
2024-08-01 08:11:45,670 INFO recv 1 -> 8 # 0 at 175888595, 0.952339 0.494150
2024-08-01 08:11:45,674 INFO sent 1 -> 8 # 0 at 158062608, 0.952339 0.494150
2024-08-01 08:11:45,857 INFO CHECKSUM 1 9 0: 0.899347
2024-08-01 08:11:45,858 INFO CHECKSUM 1 9 0: 0.899347
2024-08-01 08:11:45,879 INFO sent 1 -> 9 # 0 at 182406447, 0.952339 0.494150
2024-08-01 08:11:45,879 INFO recv 1 -> 9 # 0 at 205043241, 0.952339 0.494150
2024-08-01 08:11:46,054 INFO CHECKSUM 1 10 0: 0.899347
2024-08-01 08:11:46,054 INFO CHECKSUM 1 10 0: 0.899347
2024-08-01 08:11:46,073 INFO sent 1 -> 10 # 0 at 156514882, 0.952339 0.494150
2024-08-01 08:11:46,073 INFO recv 1 -> 10 # 0 at 175444428, 0.952339 0.494150
2024-08-01 08:11:46,291 INFO CHECKSUM 1 11 0: 0.899347
2024-08-01 08:11:46,292 INFO CHECKSUM 1 11 0: 0.899347
2024-08-01 08:11:46,313 INFO sent 1 -> 11 # 0 at 205434139, 0.952339 0.494150
2024-08-01 08:11:46,313 INFO recv 1 -> 11 # 0 at 228021477, 0.952339 0.494150
2024-08-01 08:11:46,508 INFO CHECKSUM 1 12 0: 0.899347
2024-08-01 08:11:46,516 INFO CHECKSUM 1 12 0: 0.899347
2024-08-01 08:11:46,537 INFO recv 1 -> 12 # 0 at 222642744, 0.952339 0.494150
2024-08-01 08:11:46,542 INFO sent 1 -> 12 # 0 at 193150643, 0.952339 0.494150
2024-08-01 08:11:46,653 INFO CHECKSUM 1 13 0: 0.899347
2024-08-01 08:11:46,654 INFO CHECKSUM 1 13 0: 0.899347
2024-08-01 08:11:46,674 INFO recv 1 -> 13 # 0 at 130795553, 0.952339 0.494150
2024-08-01 08:11:46,675 INFO sent 1 -> 13 # 0 at 109967902, 0.952339 0.494150
2024-08-01 08:11:46,848 INFO CHECKSUM 1 14 0: 0.899347
2024-08-01 08:11:46,848 INFO CHECKSUM 1 14 0: 0.899347
2024-08-01 08:11:46,860 INFO recv 1 -> 14 # 0 at 182273258, 0.952339 0.494150
2024-08-01 08:11:46,860 INFO sent 1 -> 14 # 0 at 169436668, 0.952339 0.494150
2024-08-01 08:11:47,051 INFO CHECKSUM 1 15 0: 0.899347
2024-08-01 08:11:47,052 INFO CHECKSUM 1 15 0: 0.899347
2024-08-01 08:11:47,066 INFO Accepting from rank 2
2024-08-01 08:11:47,066 INFO Accepting from rank 2
2024-08-01 08:11:47,066 INFO Accepting from rank 2
2024-08-01 08:11:47,066 INFO Accepting from rank 2
2024-08-01 08:11:47,066 INFO Accepting from rank 2
2024-08-01 08:11:47,066 INFO Accepting from rank 2
2024-08-01 08:11:47,066 INFO sent 1 -> 15 # 0 at 190035135, 0.952339 0.494150
2024-08-01 08:11:47,066 INFO Accepting from rank 2
2024-08-01 08:11:47,066 INFO Accepting from rank 2
2024-08-01 08:11:47,066 INFO Accepting from rank 2
2024-08-01 08:11:47,066 INFO Sending from rank 2
2024-08-01 08:11:47,066 INFO Accepting from rank 2
2024-08-01 08:11:47,066 INFO Accepting from rank 2
2024-08-01 08:11:47,066 INFO recv 1 -> 15 # 0 at 205244940, 0.952339 0.494150
2024-08-01 08:11:47,066 INFO Accepting from rank 2
2024-08-01 08:11:47,066 INFO Accepting from rank 2
2024-08-01 08:11:47,066 INFO Accepting from rank 2
2024-08-01 08:11:47,066 INFO Accepting from rank 2
2024-08-01 08:11:47,104 INFO CHECKSUM 2 0 0: 2.031719
2024-08-01 08:11:47,104 INFO CHECKSUM 2 0 0: 2.031719
2024-08-01 08:11:47,115 INFO recv 2 -> 0 # 0 at 25119656, 0.005458 0.450274
2024-08-01 08:11:47,115 INFO sent 2 -> 0 # 0 at 14047758, 0.005458 0.450274
2024-08-01 08:11:47,143 INFO CHECKSUM 2 1 0: 2.031719
2024-08-01 08:11:47,144 INFO CHECKSUM 2 1 0: 2.031719
2024-08-01 08:11:47,158 INFO recv 2 -> 1 # 0 at 28360498, 0.005458 0.450274
2024-08-01 08:11:47,158 INFO sent 2 -> 1 # 0 at 13799510, 0.005458 0.450274
2024-08-01 08:11:47,410 INFO CHECKSUM 2 3 0: 2.031719
2024-08-01 08:11:47,411 INFO CHECKSUM 2 3 0: 2.031719
2024-08-01 08:11:47,419 INFO sent 2 -> 3 # 0 at 220383616, 0.005458 0.450274
2024-08-01 08:11:47,426 INFO recv 2 -> 3 # 0 at 235880601, 0.005458 0.450274
2024-08-01 08:11:47,614 INFO CHECKSUM 2 4 0: 2.031719
2024-08-01 08:11:47,614 INFO CHECKSUM 2 4 0: 2.031719
2024-08-01 08:11:47,633 INFO sent 2 -> 4 # 0 at 184258581, 0.005458 0.450274
2024-08-01 08:11:47,633 INFO recv 2 -> 4 # 0 at 203795542, 0.005458 0.450274
2024-08-01 08:11:47,804 INFO CHECKSUM 2 5 0: 2.031719
2024-08-01 08:11:47,804 INFO CHECKSUM 2 5 0: 2.031719
2024-08-01 08:11:47,819 INFO sent 2 -> 5 # 0 at 157957265, 0.005458 0.450274
2024-08-01 08:11:47,819 INFO recv 2 -> 5 # 0 at 173661428, 0.005458 0.450274
2024-08-01 08:11:48,015 INFO CHECKSUM 2 6 0: 2.031719
2024-08-01 08:11:48,016 INFO CHECKSUM 2 6 0: 2.031719
2024-08-01 08:11:48,037 INFO sent 2 -> 6 # 0 at 181808484, 0.005458 0.450274
2024-08-01 08:11:48,037 INFO recv 2 -> 6 # 0 at 203698826, 0.005458 0.450274
2024-08-01 08:11:48,211 INFO CHECKSUM 2 7 0: 2.031719
2024-08-01 08:11:48,219 INFO CHECKSUM 2 7 0: 2.031719
2024-08-01 08:11:48,256 INFO sent 2 -> 7 # 0 at 164050739, 0.005458 0.450274
2024-08-01 08:11:48,256 INFO recv 2 -> 7 # 0 at 209333828, 0.005458 0.450274
2024-08-01 08:11:48,446 INFO CHECKSUM 2 8 0: 2.031719
2024-08-01 08:11:48,447 INFO CHECKSUM 2 8 0: 2.031719
2024-08-01 08:11:48,474 INFO sent 2 -> 8 # 0 at 179464022, 0.005458 0.450274
2024-08-01 08:11:48,474 INFO recv 2 -> 8 # 0 at 210308539, 0.005458 0.450274
2024-08-01 08:11:48,644 INFO CHECKSUM 2 9 0: 2.031719
2024-08-01 08:11:48,645 INFO CHECKSUM 2 9 0: 2.031719
2024-08-01 08:11:48,670 INFO sent 2 -> 9 # 0 at 170339460, 0.005458 0.450274
2024-08-01 08:11:48,670 INFO recv 2 -> 9 # 0 at 196181465, 0.005458 0.450274
2024-08-01 08:11:48,867 INFO CHECKSUM 2 10 0: 2.031719
2024-08-01 08:11:48,868 INFO CHECKSUM 2 10 0: 2.031719
2024-08-01 08:11:48,894 INFO sent 2 -> 10 # 0 at 183993359, 0.005458 0.450274
2024-08-01 08:11:48,894 INFO recv 2 -> 10 # 0 at 211062124, 0.005458 0.450274
2024-08-01 08:11:49,073 INFO CHECKSUM 2 11 0: 2.031719
2024-08-01 08:11:49,083 INFO CHECKSUM 2 11 0: 2.031719
2024-08-01 08:11:49,098 INFO sent 2 -> 11 # 0 at 163450702, 0.005458 0.450274
2024-08-01 08:11:49,098 INFO recv 2 -> 11 # 0 at 198801045, 0.005458 0.450274
2024-08-01 08:11:49,292 INFO CHECKSUM 2 12 0: 2.031719
2024-08-01 08:11:49,293 INFO CHECKSUM 2 12 0: 2.031719
2024-08-01 08:11:49,315 INFO sent 2 -> 12 # 0 at 193389254, 0.005458 0.450274
2024-08-01 08:11:49,315 INFO recv 2 -> 12 # 0 at 215874784, 0.005458 0.450274
2024-08-01 08:11:49,518 INFO CHECKSUM 2 13 0: 2.031719
2024-08-01 08:11:49,520 INFO CHECKSUM 2 13 0: 2.031719
2024-08-01 08:11:49,534 INFO recv 2 -> 13 # 0 at 195524627, 0.005458 0.450274
2024-08-01 08:11:49,541 INFO sent 2 -> 13 # 0 at 184648924, 0.005458 0.450274
2024-08-01 08:11:49,702 INFO CHECKSUM 2 14 0: 2.031719
2024-08-01 08:11:49,703 INFO CHECKSUM 2 14 0: 2.031719
2024-08-01 08:11:49,726 INFO sent 2 -> 14 # 0 at 155907290, 0.005458 0.450274
2024-08-01 08:11:49,726 INFO recv 2 -> 14 # 0 at 179245538, 0.005458 0.450274
2024-08-01 08:11:49,931 INFO CHECKSUM 2 15 0: 2.031719
2024-08-01 08:11:49,946 INFO Accepting from rank 3
2024-08-01 08:11:49,932 INFO CHECKSUM 2 15 0: 2.031719
2024-08-01 08:11:49,946 INFO Accepting from rank 3
2024-08-01 08:11:49,946 INFO Accepting from rank 3
2024-08-01 08:11:49,946 INFO Accepting from rank 3
2024-08-01 08:11:49,946 INFO Accepting from rank 3
2024-08-01 08:11:49,946 INFO Accepting from rank 3
2024-08-01 08:11:49,946 INFO Accepting from rank 3
2024-08-01 08:11:49,946 INFO Accepting from rank 3
2024-08-01 08:11:49,946 INFO Accepting from rank 3
2024-08-01 08:11:49,946 INFO sent 2 -> 15 # 0 at 191821720, 0.005458 0.450274
2024-08-01 08:11:49,946 INFO Accepting from rank 3
2024-08-01 08:11:49,946 INFO Accepting from rank 3
2024-08-01 08:11:49,946 INFO Accepting from rank 3
2024-08-01 08:11:49,946 INFO Accepting from rank 3
2024-08-01 08:11:49,946 INFO Sending from rank 3
2024-08-01 08:11:49,946 INFO Accepting from rank 3
2024-08-01 08:11:49,946 INFO recv 2 -> 15 # 0 at 206296165, 0.005458 0.450274
2024-08-01 08:11:49,946 INFO Accepting from rank 3
2024-08-01 08:11:49,992 INFO CHECKSUM 3 0 0: 2.111042
2024-08-01 08:11:49,992 INFO CHECKSUM 3 0 0: 2.111042
2024-08-01 08:11:50,006 INFO recv 3 -> 0 # 0 at 28419403, 0.746801 0.729701
2024-08-01 08:11:50,011 INFO sent 3 -> 0 # 0 at 14050103, 0.746801 0.729701
2024-08-01 08:11:50,055 INFO CHECKSUM 3 1 0: 2.111042
2024-08-01 08:11:50,055 INFO CHECKSUM 3 1 0: 2.111042
2024-08-01 08:11:50,071 INFO recv 3 -> 1 # 0 at 52224653, 0.746801 0.729701
2024-08-01 08:11:50,071 INFO sent 3 -> 1 # 0 at 36304863, 0.746801 0.729701
2024-08-01 08:11:50,086 INFO CHECKSUM 3 2 0: 2.111042
2024-08-01 08:11:50,086 INFO CHECKSUM 3 2 0: 2.111042
2024-08-01 08:11:50,105 INFO recv 3 -> 2 # 0 at 33681222, 0.746801 0.729701
2024-08-01 08:11:50,105 INFO sent 3 -> 2 # 0 at 14160566, 0.746801 0.729701
2024-08-01 08:11:50,283 INFO CHECKSUM 3 4 0: 2.111042
2024-08-01 08:11:50,283 INFO CHECKSUM 3 4 0: 2.111042
2024-08-01 08:11:50,292 INFO recv 3 -> 4 # 0 at 186301647, 0.746801 0.729701
2024-08-01 08:11:50,292 INFO sent 3 -> 4 # 0 at 176773632, 0.746801 0.729701
2024-08-01 08:11:50,483 INFO CHECKSUM 3 5 0: 2.111042
2024-08-01 08:11:50,484 INFO CHECKSUM 3 5 0: 2.111042
2024-08-01 08:11:50,501 INFO sent 3 -> 5 # 0 at 183109754, 0.746801 0.729701
2024-08-01 08:11:50,501 INFO recv 3 -> 5 # 0 at 201239770, 0.746801 0.729701
2024-08-01 08:11:50,691 INFO CHECKSUM 3 6 0: 2.111042
2024-08-01 08:11:50,700 INFO CHECKSUM 3 6 0: 2.111042
2024-08-01 08:11:50,716 INFO recv 3 -> 6 # 0 at 209140552, 0.746801 0.729701
2024-08-01 08:11:50,718 INFO sent 3 -> 6 # 0 at 183538211, 0.746801 0.729701
2024-08-01 08:11:50,903 INFO CHECKSUM 3 7 0: 2.111042
2024-08-01 08:11:50,903 INFO CHECKSUM 3 7 0: 2.111042
2024-08-01 08:11:50,926 INFO sent 3 -> 7 # 0 at 165104471, 0.746801 0.729701
2024-08-01 08:11:50,926 INFO recv 3 -> 7 # 0 at 196499472, 0.746801 0.729701
2024-08-01 08:11:51,095 INFO CHECKSUM 3 8 0: 2.111042
2024-08-01 08:11:51,096 INFO CHECKSUM 3 8 0: 2.111042
2024-08-01 08:11:51,103 INFO sent 3 -> 8 # 0 at 161372012, 0.746801 0.729701
2024-08-01 08:11:51,103 INFO recv 3 -> 8 # 0 at 169220938, 0.746801 0.729701
2024-08-01 08:11:51,294 INFO CHECKSUM 3 9 0: 2.111042
2024-08-01 08:11:51,294 INFO CHECKSUM 3 9 0: 2.111042
2024-08-01 08:11:51,305 INFO sent 3 -> 9 # 0 at 163948341, 0.746801 0.729701
2024-08-01 08:11:51,306 INFO recv 3 -> 9 # 0 at 175932981, 0.746801 0.729701
2024-08-01 08:11:51,473 INFO CHECKSUM 3 10 0: 2.111042
2024-08-01 08:11:51,484 INFO sent 3 -> 10 # 0 at 159234679, 0.746801 0.729701
2024-08-01 08:11:51,474 INFO CHECKSUM 3 10 0: 2.111042
2024-08-01 08:11:51,484 INFO recv 3 -> 10 # 0 at 169473557, 0.746801 0.729701
2024-08-01 08:11:51,676 INFO CHECKSUM 3 11 0: 2.111042
2024-08-01 08:11:51,677 INFO CHECKSUM 3 11 0: 2.111042
2024-08-01 08:11:51,694 INFO sent 3 -> 11 # 0 at 160624009, 0.746801 0.729701
2024-08-01 08:11:51,694 INFO recv 3 -> 11 # 0 at 184925669, 0.746801 0.729701
2024-08-01 08:11:51,834 INFO CHECKSUM 3 12 0: 2.111042
2024-08-01 08:11:51,835 INFO CHECKSUM 3 12 0: 2.111042
2024-08-01 08:11:51,854 INFO recv 3 -> 12 # 0 at 159703154, 0.746801 0.729701
2024-08-01 08:11:51,857 INFO sent 3 -> 12 # 0 at 140103935, 0.746801 0.729701
2024-08-01 08:11:52,040 INFO CHECKSUM 3 13 0: 2.111042
2024-08-01 08:11:52,040 INFO CHECKSUM 3 13 0: 2.111042
2024-08-01 08:11:52,058 INFO sent 3 -> 13 # 0 at 182489819, 0.746801 0.729701
2024-08-01 08:11:52,058 INFO recv 3 -> 13 # 0 at 200272707, 0.746801 0.729701
2024-08-01 08:11:52,231 INFO CHECKSUM 3 14 0: 2.111042
2024-08-01 08:11:52,232 INFO CHECKSUM 3 14 0: 2.111042
2024-08-01 08:11:52,242 INFO recv 3 -> 14 # 0 at 172347908, 0.746801 0.729701
2024-08-01 08:11:52,242 INFO sent 3 -> 14 # 0 at 165370034, 0.746801 0.729701
2024-08-01 08:11:52,407 INFO CHECKSUM 3 15 0: 2.111042
2024-08-01 08:11:52,408 INFO CHECKSUM 3 15 0: 2.111042
2024-08-01 08:11:52,433 INFO Accepting from rank 4
2024-08-01 08:11:52,433 INFO Accepting from rank 4
2024-08-01 08:11:52,433 INFO Sending from rank 4
2024-08-01 08:11:52,433 INFO Accepting from rank 4
2024-08-01 08:11:52,433 INFO Accepting from rank 4
2024-08-01 08:11:52,433 INFO Accepting from rank 4
2024-08-01 08:11:52,433 INFO Accepting from rank 4
2024-08-01 08:11:52,433 INFO Accepting from rank 4
2024-08-01 08:11:52,433 INFO sent 3 -> 15 # 0 at 157387625, 0.746801 0.729701
2024-08-01 08:11:52,433 INFO Accepting from rank 4
2024-08-01 08:11:52,433 INFO Accepting from rank 4
2024-08-01 08:11:52,433 INFO Accepting from rank 4
2024-08-01 08:11:52,433 INFO Accepting from rank 4
2024-08-01 08:11:52,433 INFO recv 3 -> 15 # 0 at 183453633, 0.746801 0.729701
2024-08-01 08:11:52,433 INFO Accepting from rank 4
2024-08-01 08:11:52,433 INFO Accepting from rank 4
2024-08-01 08:11:52,435 INFO Accepting from rank 4
2024-08-01 08:11:52,435 INFO Accepting from rank 4
2024-08-01 08:11:52,485 INFO CHECKSUM 4 0 0: 1.926949
2024-08-01 08:11:52,485 INFO CHECKSUM 4 0 0: 1.926949
2024-08-01 08:11:52,497 INFO sent 4 -> 0 # 0 at 31438041, 0.011321 0.236777
2024-08-01 08:11:52,497 INFO recv 4 -> 0 # 0 at 44145368, 0.011321 0.236777
2024-08-01 08:11:52,604 INFO CHECKSUM 4 1 0: 1.926949
2024-08-01 08:11:52,604 INFO CHECKSUM 4 1 0: 1.926949
2024-08-01 08:11:52,617 INFO sent 4 -> 1 # 0 at 89508218, 0.011321 0.236777
2024-08-01 08:11:52,617 INFO recv 4 -> 1 # 0 at 103249492, 0.011321 0.236777
2024-08-01 08:11:52,633 INFO CHECKSUM 4 2 0: 1.926949
2024-08-01 08:11:52,632 INFO CHECKSUM 4 2 0: 1.926949
2024-08-01 08:11:52,646 INFO sent 4 -> 2 # 0 at 14267293, 0.011321 0.236777
2024-08-01 08:11:52,646 INFO recv 4 -> 2 # 0 at 27813633, 0.011321 0.236777
2024-08-01 08:11:52,663 INFO CHECKSUM 4 3 0: 1.926949
2024-08-01 08:11:52,664 INFO CHECKSUM 4 3 0: 1.926949
2024-08-01 08:11:52,678 INFO sent 4 -> 3 # 0 at 14125737, 0.011321 0.236777
2024-08-01 08:11:52,678 INFO recv 4 -> 3 # 0 at 28917994, 0.011321 0.236777
2024-08-01 08:11:52,884 INFO CHECKSUM 4 5 0: 1.926949
2024-08-01 08:11:52,887 INFO CHECKSUM 4 5 0: 1.926949
2024-08-01 08:11:52,902 INFO sent 4 -> 5 # 0 at 205454188, 0.011321 0.236777
2024-08-01 08:11:52,902 INFO recv 4 -> 5 # 0 at 223565068, 0.011321 0.236777
2024-08-01 08:11:53,112 INFO CHECKSUM 4 6 0: 1.926949
2024-08-01 08:11:53,112 INFO CHECKSUM 4 6 0: 1.926949
2024-08-01 08:11:53,130 INFO sent 4 -> 6 # 0 at 194503675, 0.011321 0.236777
2024-08-01 08:11:53,130 INFO recv 4 -> 6 # 0 at 212090650, 0.011321 0.236777
2024-08-01 08:11:53,359 INFO CHECKSUM 4 7 0: 1.926949
2024-08-01 08:11:53,359 INFO CHECKSUM 4 7 0: 1.926949
2024-08-01 08:11:53,369 INFO sent 4 -> 7 # 0 at 217595149, 0.011321 0.236777
2024-08-01 08:11:53,369 INFO recv 4 -> 7 # 0 at 227167301, 0.011321 0.236777
2024-08-01 08:11:53,562 INFO CHECKSUM 4 8 0: 1.926949
2024-08-01 08:11:53,563 INFO CHECKSUM 4 8 0: 1.926949
2024-08-01 08:11:53,572 INFO sent 4 -> 8 # 0 at 183733279, 0.011321 0.236777
2024-08-01 08:11:53,572 INFO recv 4 -> 8 # 0 at 193698000, 0.011321 0.236777
2024-08-01 08:11:53,763 INFO CHECKSUM 4 9 0: 1.926949
2024-08-01 08:11:53,763 INFO CHECKSUM 4 9 0: 1.926949
2024-08-01 08:11:53,786 INFO sent 4 -> 9 # 0 at 183968104, 0.011321 0.236777
2024-08-01 08:11:53,786 INFO recv 4 -> 9 # 0 at 207646618, 0.011321 0.236777
2024-08-01 08:11:53,987 INFO CHECKSUM 4 10 0: 1.926949
2024-08-01 08:11:53,987 INFO CHECKSUM 4 10 0: 1.926949
2024-08-01 08:11:54,017 INFO sent 4 -> 10 # 0 at 192189168, 0.011321 0.236777
2024-08-01 08:11:54,017 INFO recv 4 -> 10 # 0 at 221925835, 0.011321 0.236777
2024-08-01 08:11:54,183 INFO CHECKSUM 4 11 0: 1.926949
2024-08-01 08:11:54,192 INFO CHECKSUM 4 11 0: 1.926949
2024-08-01 08:11:54,213 INFO sent 4 -> 11 # 0 at 163472963, 0.011321 0.236777
2024-08-01 08:11:54,213 INFO recv 4 -> 11 # 0 at 193389644, 0.011321 0.236777
2024-08-01 08:11:54,420 INFO CHECKSUM 4 12 0: 1.926949
2024-08-01 08:11:54,432 INFO sent 4 -> 12 # 0 at 190699331, 0.011321 0.236777
2024-08-01 08:11:54,420 INFO CHECKSUM 4 12 0: 1.926949
2024-08-01 08:11:54,432 INFO recv 4 -> 12 # 0 at 202675096, 0.011321 0.236777
2024-08-01 08:11:54,627 INFO CHECKSUM 4 13 0: 1.926949
2024-08-01 08:11:54,628 INFO CHECKSUM 4 13 0: 1.926949
2024-08-01 08:11:54,646 INFO sent 4 -> 13 # 0 at 185935718, 0.011321 0.236777
2024-08-01 08:11:54,646 INFO recv 4 -> 13 # 0 at 205156780, 0.011321 0.236777
2024-08-01 08:11:54,843 INFO CHECKSUM 4 14 0: 1.926949
2024-08-01 08:11:54,843 INFO CHECKSUM 4 14 0: 1.926949
2024-08-01 08:11:54,852 INFO sent 4 -> 14 # 0 at 180941057, 0.011321 0.236777
2024-08-01 08:11:54,852 INFO recv 4 -> 14 # 0 at 190014372, 0.011321 0.236777
2024-08-01 08:11:55,047 INFO CHECKSUM 4 15 0: 1.926949
2024-08-01 08:11:55,048 INFO CHECKSUM 4 15 0: 1.926949
2024-08-01 08:11:55,057 INFO Accepting from rank 5
2024-08-01 08:11:55,057 INFO Accepting from rank 5
2024-08-01 08:11:55,057 INFO Accepting from rank 5
2024-08-01 08:11:55,057 INFO sent 4 -> 15 # 0 at 189997691, 0.011321 0.236777
2024-08-01 08:11:55,057 INFO Accepting from rank 5
2024-08-01 08:11:55,057 INFO Sending from rank 5
2024-08-01 08:11:55,057 INFO Accepting from rank 5
2024-08-01 08:11:55,057 INFO Accepting from rank 5
2024-08-01 08:11:55,057 INFO Accepting from rank 5
2024-08-01 08:11:55,057 INFO Accepting from rank 5
2024-08-01 08:11:55,057 INFO Accepting from rank 5
2024-08-01 08:11:55,057 INFO Accepting from rank 5
2024-08-01 08:11:55,057 INFO Accepting from rank 5
2024-08-01 08:11:55,057 INFO Accepting from rank 5
2024-08-01 08:11:55,057 INFO recv 4 -> 15 # 0 at 199919001, 0.011321 0.236777
2024-08-01 08:11:55,057 INFO Accepting from rank 5
2024-08-01 08:11:55,057 INFO Accepting from rank 5
2024-08-01 08:11:55,057 INFO Accepting from rank 5
2024-08-01 08:11:55,112 INFO CHECKSUM 5 0 0: 1.532052
2024-08-01 08:11:55,112 INFO CHECKSUM 5 0 0: 1.532052
2024-08-01 08:11:55,129 INFO recv 5 -> 0 # 0 at 38969252, 0.559686 0.768418
2024-08-01 08:11:55,134 INFO sent 5 -> 0 # 0 at 22150972, 0.559686 0.768418
2024-08-01 08:11:55,161 INFO CHECKSUM 5 1 0: 1.532052
2024-08-01 08:11:55,161 INFO CHECKSUM 5 1 0: 1.532052
2024-08-01 08:11:55,173 INFO recv 5 -> 1 # 0 at 28131577, 0.559686 0.768418
2024-08-01 08:11:55,173 INFO sent 5 -> 1 # 0 at 15328057, 0.559686 0.768418
2024-08-01 08:11:55,197 INFO CHECKSUM 5 2 0: 1.532052
2024-08-01 08:11:55,197 INFO CHECKSUM 5 2 0: 1.532052
2024-08-01 08:11:55,210 INFO sent 5 -> 2 # 0 at 14147489, 0.559686 0.768418
2024-08-01 08:11:55,210 INFO recv 5 -> 2 # 0 at 28357362, 0.559686 0.768418
2024-08-01 08:11:55,240 INFO CHECKSUM 5 3 0: 1.532052
2024-08-01 08:11:55,241 INFO CHECKSUM 5 3 0: 1.532052
2024-08-01 08:11:55,261 INFO sent 5 -> 3 # 0 at 18102605, 0.559686 0.768418
2024-08-01 08:11:55,261 INFO recv 5 -> 3 # 0 at 35509198, 0.559686 0.768418
2024-08-01 08:11:55,344 INFO CHECKSUM 5 4 0: 1.532052
2024-08-01 08:11:55,344 INFO CHECKSUM 5 4 0: 1.532052
2024-08-01 08:11:55,354 INFO recv 5 -> 4 # 0 at 84505053, 0.559686 0.768418
2024-08-01 08:11:55,354 INFO sent 5 -> 4 # 0 at 74223084, 0.559686 0.768418
2024-08-01 08:11:55,579 INFO CHECKSUM 5 6 0: 1.532052
2024-08-01 08:11:55,579 INFO CHECKSUM 5 6 0: 1.532052
2024-08-01 08:11:55,594 INFO sent 5 -> 6 # 0 at 212963602, 0.559686 0.768418
2024-08-01 08:11:55,594 INFO recv 5 -> 6 # 0 at 228637790, 0.559686 0.768418
2024-08-01 08:11:55,729 INFO CHECKSUM 5 7 0: 1.532052
2024-08-01 08:11:55,729 INFO CHECKSUM 5 7 0: 1.532052
2024-08-01 08:11:55,746 INFO sent 5 -> 7 # 0 at 124288718, 0.559686 0.768418
2024-08-01 08:11:55,746 INFO recv 5 -> 7 # 0 at 141585641, 0.559686 0.768418
2024-08-01 08:11:55,932 INFO CHECKSUM 5 8 0: 1.532052
2024-08-01 08:11:55,932 INFO CHECKSUM 5 8 0: 1.532052
2024-08-01 08:11:55,946 INFO recv 5 -> 8 # 0 at 193083703, 0.559686 0.768418
2024-08-01 08:11:55,954 INFO sent 5 -> 8 # 0 at 178258328, 0.559686 0.768418
2024-08-01 08:11:56,151 INFO CHECKSUM 5 9 0: 1.532052
2024-08-01 08:11:56,151 INFO CHECKSUM 5 9 0: 1.532052
2024-08-01 08:11:56,169 INFO sent 5 -> 9 # 0 at 176651013, 0.559686 0.768418
2024-08-01 08:11:56,169 INFO recv 5 -> 9 # 0 at 195431016, 0.559686 0.768418
2024-08-01 08:11:56,339 INFO CHECKSUM 5 10 0: 1.532052
2024-08-01 08:11:56,349 INFO CHECKSUM 5 10 0: 1.532052
2024-08-01 08:11:56,378 INFO recv 5 -> 10 # 0 at 207006432, 0.559686 0.768418
2024-08-01 08:11:56,382 INFO sent 5 -> 10 # 0 at 168737275, 0.559686 0.768418
2024-08-01 08:11:56,571 INFO CHECKSUM 5 11 0: 1.532052
2024-08-01 08:11:56,571 INFO CHECKSUM 5 11 0: 1.532052
2024-08-01 08:11:56,606 INFO sent 5 -> 11 # 0 at 177375377, 0.559686 0.768418
2024-08-01 08:11:56,606 INFO recv 5 -> 11 # 0 at 212759181, 0.559686 0.768418
2024-08-01 08:11:56,820 INFO CHECKSUM 5 12 0: 1.532052
2024-08-01 08:11:56,820 INFO CHECKSUM 5 12 0: 1.532052
2024-08-01 08:11:56,836 INFO sent 5 -> 12 # 0 at 205635038, 0.559686 0.768418
2024-08-01 08:11:56,836 INFO recv 5 -> 12 # 0 at 221994649, 0.559686 0.768418
2024-08-01 08:11:57,051 INFO CHECKSUM 5 13 0: 1.532052
2024-08-01 08:11:57,052 INFO CHECKSUM 5 13 0: 1.532052
2024-08-01 08:11:57,066 INFO sent 5 -> 13 # 0 at 181081671, 0.559686 0.768418
2024-08-01 08:11:57,074 INFO recv 5 -> 13 # 0 at 213341301, 0.559686 0.768418
2024-08-01 08:11:57,248 INFO CHECKSUM 5 14 0: 1.532052
2024-08-01 08:11:57,248 INFO CHECKSUM 5 14 0: 1.532052
2024-08-01 08:11:57,273 INFO recv 5 -> 14 # 0 at 195223474, 0.559686 0.768418
2024-08-01 08:11:57,274 INFO sent 5 -> 14 # 0 at 169858739, 0.559686 0.768418
2024-08-01 08:11:57,393 INFO CHECKSUM 5 15 0: 1.532052
2024-08-01 08:11:57,393 INFO CHECKSUM 5 15 0: 1.532052
2024-08-01 08:11:57,417 INFO Accepting from rank 6
2024-08-01 08:11:57,417 INFO Accepting from rank 6
2024-08-01 08:11:57,417 INFO Accepting from rank 6
2024-08-01 08:11:57,417 INFO Accepting from rank 6
2024-08-01 08:11:57,417 INFO Accepting from rank 6
2024-08-01 08:11:57,417 INFO Accepting from rank 6
2024-08-01 08:11:57,417 INFO Accepting from rank 6
2024-08-01 08:11:57,417 INFO Sending from rank 6
2024-08-01 08:11:57,417 INFO Accepting from rank 6
2024-08-01 08:11:57,417 INFO Accepting from rank 6
2024-08-01 08:11:57,417 INFO Accepting from rank 6
2024-08-01 08:11:57,417 INFO Accepting from rank 6
2024-08-01 08:11:57,417 INFO recv 5 -> 15 # 0 at 143320827, 0.559686 0.768418
2024-08-01 08:11:57,418 INFO Accepting from rank 6
2024-08-01 08:11:57,417 INFO sent 5 -> 15 # 0 at 118491131, 0.559686 0.768418
2024-08-01 08:11:57,418 INFO Accepting from rank 6
2024-08-01 08:11:57,418 INFO Accepting from rank 6
2024-08-01 08:11:57,418 INFO Accepting from rank 6
2024-08-01 08:11:57,539 INFO CHECKSUM 6 0 0: 1.528573
2024-08-01 08:11:57,539 INFO CHECKSUM 6 0 0: 1.528573
2024-08-01 08:11:57,545 INFO recv 6 -> 0 # 0 at 100224106, 0.194527 0.119200
2024-08-01 08:11:57,546 INFO sent 6 -> 0 # 0 at 93391786, 0.194527 0.119200
2024-08-01 08:11:57,587 INFO CHECKSUM 6 1 0: 1.528573
2024-08-01 08:11:57,588 INFO CHECKSUM 6 1 0: 1.528573
2024-08-01 08:11:57,600 INFO sent 6 -> 1 # 0 at 23242156, 0.194527 0.119200
2024-08-01 08:11:57,600 INFO recv 6 -> 1 # 0 at 36500301, 0.194527 0.119200
2024-08-01 08:11:57,620 INFO CHECKSUM 6 2 0: 1.528573
2024-08-01 08:11:57,620 INFO CHECKSUM 6 2 0: 1.528573
2024-08-01 08:11:57,650 INFO recv 6 -> 2 # 0 at 44621385, 0.194527 0.119200
2024-08-01 08:11:57,650 INFO sent 6 -> 2 # 0 at 14390720, 0.194527 0.119200
2024-08-01 08:11:57,712 INFO CHECKSUM 6 3 0: 1.528573
2024-08-01 08:11:57,712 INFO CHECKSUM 6 3 0: 1.528573
2024-08-01 08:11:57,733 INFO recv 6 -> 3 # 0 at 43496787, 0.194527 0.119200
2024-08-01 08:11:57,733 INFO sent 6 -> 3 # 0 at 30066643, 0.194527 0.119200
2024-08-01 08:11:57,768 INFO CHECKSUM 6 4 0: 1.528573
2024-08-01 08:11:57,768 INFO CHECKSUM 6 4 0: 1.528573
2024-08-01 08:11:57,778 INFO recv 6 -> 4 # 0 at 24706054, 0.194527 0.119200
2024-08-01 08:11:57,778 INFO sent 6 -> 4 # 0 at 13959165, 0.194527 0.119200
2024-08-01 08:11:57,793 INFO CHECKSUM 6 5 0: 1.528573
2024-08-01 08:11:57,793 INFO CHECKSUM 6 5 0: 1.528573
2024-08-01 08:11:57,802 INFO recv 6 -> 5 # 0 at 23827902, 0.194527 0.119200
2024-08-01 08:11:57,802 INFO sent 6 -> 5 # 0 at 13987690, 0.194527 0.119200
2024-08-01 08:11:57,999 INFO CHECKSUM 6 7 0: 1.528573
2024-08-01 08:11:57,999 INFO CHECKSUM 6 7 0: 1.528573
2024-08-01 08:11:58,014 INFO sent 6 -> 7 # 0 at 181459242, 0.194527 0.119200
2024-08-01 08:11:58,014 INFO recv 6 -> 7 # 0 at 196439566, 0.194527 0.119200
2024-08-01 08:11:58,143 INFO CHECKSUM 6 8 0: 1.528573
2024-08-01 08:11:58,150 INFO CHECKSUM 6 8 0: 1.528573
2024-08-01 08:11:58,166 INFO recv 6 -> 8 # 0 at 140557632, 0.194527 0.119200
2024-08-01 08:11:58,166 INFO sent 6 -> 8 # 0 at 117139021, 0.194527 0.119200
2024-08-01 08:11:58,363 INFO CHECKSUM 6 9 0: 1.528573
2024-08-01 08:11:58,363 INFO CHECKSUM 6 9 0: 1.528573
2024-08-01 08:11:58,394 INFO sent 6 -> 9 # 0 at 182597939, 0.194527 0.119200
2024-08-01 08:11:58,394 INFO recv 6 -> 9 # 0 at 213762279, 0.194527 0.119200
2024-08-01 08:11:58,566 INFO CHECKSUM 6 10 0: 1.528573
2024-08-01 08:11:58,568 INFO CHECKSUM 6 10 0: 1.528573
2024-08-01 08:11:58,598 INFO sent 6 -> 10 # 0 at 161032874, 0.194527 0.119200
2024-08-01 08:11:58,606 INFO recv 6 -> 10 # 0 at 200725031, 0.194527 0.119200
2024-08-01 08:11:58,813 INFO CHECKSUM 6 11 0: 1.528573
2024-08-01 08:11:58,814 INFO CHECKSUM 6 11 0: 1.528573
2024-08-01 08:11:58,838 INFO sent 6 -> 11 # 0 at 183487263, 0.194527 0.119200
2024-08-01 08:11:58,841 INFO recv 6 -> 11 # 0 at 207622492, 0.194527 0.119200
2024-08-01 08:11:59,068 INFO CHECKSUM 6 12 0: 1.528573
2024-08-01 08:11:59,068 INFO CHECKSUM 6 12 0: 1.528573
2024-08-01 08:11:59,094 INFO recv 6 -> 12 # 0 at 238578808, 0.194527 0.119200
2024-08-01 08:11:59,094 INFO sent 6 -> 12 # 0 at 209624911, 0.194527 0.119200
2024-08-01 08:11:59,255 INFO CHECKSUM 6 13 0: 1.528573
2024-08-01 08:11:59,256 INFO CHECKSUM 6 13 0: 1.528573
2024-08-01 08:11:59,273 INFO sent 6 -> 13 # 0 at 156998664, 0.194527 0.119200
2024-08-01 08:11:59,278 INFO recv 6 -> 13 # 0 at 180791501, 0.194527 0.119200
2024-08-01 08:11:59,454 INFO CHECKSUM 6 14 0: 1.528573
2024-08-01 08:11:59,456 INFO CHECKSUM 6 14 0: 1.528573
2024-08-01 08:11:59,463 INFO sent 6 -> 14 # 0 at 175716753, 0.194527 0.119200
2024-08-01 08:11:59,463 INFO recv 6 -> 14 # 0 at 184583049, 0.194527 0.119200
2024-08-01 08:11:59,640 INFO CHECKSUM 6 15 0: 1.528573
2024-08-01 08:11:59,649 INFO CHECKSUM 6 15 0: 1.528573
2024-08-01 08:11:59,658 INFO Accepting from rank 7
2024-08-01 08:11:59,659 INFO Accepting from rank 7
2024-08-01 08:11:59,659 INFO Accepting from rank 7
2024-08-01 08:11:59,659 INFO Accepting from rank 7
2024-08-01 08:11:59,659 INFO Accepting from rank 7
2024-08-01 08:11:59,659 INFO Accepting from rank 7
2024-08-01 08:11:59,659 INFO Accepting from rank 7
2024-08-01 08:11:59,659 INFO Accepting from rank 7
2024-08-01 08:11:59,659 INFO Accepting from rank 7
2024-08-01 08:11:59,659 INFO sent 6 -> 15 # 0 at 158514723, 0.194527 0.119200
2024-08-01 08:11:59,659 INFO Accepting from rank 7
2024-08-01 08:11:59,659 INFO Accepting from rank 7
2024-08-01 08:11:59,659 INFO Accepting from rank 7
2024-08-01 08:11:59,659 INFO Sending from rank 7
2024-08-01 08:11:59,659 INFO recv 6 -> 15 # 0 at 177278652, 0.194527 0.119200
2024-08-01 08:11:59,659 INFO Accepting from rank 7
2024-08-01 08:11:59,659 INFO Accepting from rank 7
2024-08-01 08:11:59,659 INFO Accepting from rank 7
2024-08-01 08:11:59,700 INFO CHECKSUM 7 0 0: 1.650631
2024-08-01 08:11:59,713 INFO sent 7 -> 0 # 0 at 14695232, 0.220438 0.887977
2024-08-01 08:11:59,700 INFO CHECKSUM 7 0 0: 1.650631
2024-08-01 08:11:59,713 INFO recv 7 -> 0 # 0 at 27856245, 0.220438 0.887977
2024-08-01 08:11:59,729 INFO CHECKSUM 7 1 0: 1.650631
2024-08-01 08:11:59,730 INFO CHECKSUM 7 1 0: 1.650631
2024-08-01 08:11:59,749 INFO recv 7 -> 1 # 0 at 34302090, 0.220438 0.887977
2024-08-01 08:11:59,749 INFO sent 7 -> 1 # 0 at 14254027, 0.220438 0.887977
2024-08-01 08:11:59,777 INFO CHECKSUM 7 2 0: 1.650631
2024-08-01 08:11:59,777 INFO CHECKSUM 7 2 0: 1.650631
2024-08-01 08:11:59,786 INFO sent 7 -> 2 # 0 at 22800861, 0.220438 0.887977
2024-08-01 08:11:59,786 INFO recv 7 -> 2 # 0 at 32016070, 0.220438 0.887977
2024-08-01 08:11:59,811 INFO CHECKSUM 7 3 0: 1.650631
2024-08-01 08:11:59,812 INFO CHECKSUM 7 3 0: 1.650631
2024-08-01 08:11:59,824 INFO recv 7 -> 3 # 0 at 26640169, 0.220438 0.887977
2024-08-01 08:11:59,829 INFO sent 7 -> 3 # 0 at 14184551, 0.220438 0.887977
2024-08-01 08:11:59,860 INFO CHECKSUM 7 4 0: 1.650631
2024-08-01 08:11:59,859 INFO CHECKSUM 7 4 0: 1.650631
2024-08-01 08:11:59,878 INFO recv 7 -> 4 # 0 at 32652525, 0.220438 0.887977
2024-08-01 08:11:59,878 INFO sent 7 -> 4 # 0 at 14138703, 0.220438 0.887977
2024-08-01 08:11:59,918 INFO CHECKSUM 7 5 0: 1.650631
2024-08-01 08:11:59,919 INFO CHECKSUM 7 5 0: 1.650631
2024-08-01 08:11:59,930 INFO sent 7 -> 5 # 0 at 14110629, 0.220438 0.887977
2024-08-01 08:11:59,930 INFO recv 7 -> 5 # 0 at 25695331, 0.220438 0.887977
2024-08-01 08:11:59,946 INFO CHECKSUM 7 6 0: 1.650631
2024-08-01 08:11:59,947 INFO CHECKSUM 7 6 0: 1.650631
2024-08-01 08:11:59,969 INFO recv 7 -> 6 # 0 at 36405940, 0.220438 0.887977
2024-08-01 08:11:59,969 INFO sent 7 -> 6 # 0 at 13642360, 0.220438 0.887977
2024-08-01 08:12:00,147 INFO CHECKSUM 7 8 0: 1.650631
2024-08-01 08:12:00,160 INFO sent 7 -> 8 # 0 at 171322415, 0.220438 0.887977
2024-08-01 08:12:00,147 INFO CHECKSUM 7 8 0: 1.650631
2024-08-01 08:12:00,160 INFO recv 7 -> 8 # 0 at 184286324, 0.220438 0.887977
2024-08-01 08:12:00,328 INFO CHECKSUM 7 9 0: 1.650631
2024-08-01 08:12:00,338 INFO CHECKSUM 7 9 0: 1.650631
2024-08-01 08:12:00,352 INFO recv 7 -> 9 # 0 at 186815197, 0.220438 0.887977
2024-08-01 08:12:00,355 INFO sent 7 -> 9 # 0 at 162512301, 0.220438 0.887977
2024-08-01 08:12:00,532 INFO CHECKSUM 7 10 0: 1.650631
2024-08-01 08:12:00,532 INFO CHECKSUM 7 10 0: 1.650631
2024-08-01 08:12:00,552 INFO sent 7 -> 10 # 0 at 169555151, 0.220438 0.887977
2024-08-01 08:12:00,553 INFO recv 7 -> 10 # 0 at 182472190, 0.220438 0.887977
2024-08-01 08:12:00,730 INFO CHECKSUM 7 11 0: 1.650631
2024-08-01 08:12:00,732 INFO CHECKSUM 7 11 0: 1.650631
2024-08-01 08:12:00,762 INFO recv 7 -> 11 # 0 at 203649007, 0.220438 0.887977
2024-08-01 08:12:00,770 INFO sent 7 -> 11 # 0 at 171990410, 0.220438 0.887977
2024-08-01 08:12:00,978 INFO CHECKSUM 7 12 0: 1.650631
2024-08-01 08:12:00,979 INFO CHECKSUM 7 12 0: 1.650631
2024-08-01 08:12:00,998 INFO sent 7 -> 12 # 0 at 204733821, 0.220438 0.887977
2024-08-01 08:12:00,998 INFO recv 7 -> 12 # 0 at 224681559, 0.220438 0.887977
2024-08-01 08:12:01,154 INFO CHECKSUM 7 13 0: 1.650631
2024-08-01 08:12:01,155 INFO CHECKSUM 7 13 0: 1.650631
2024-08-01 08:12:01,178 INFO sent 7 -> 13 # 0 at 153046254, 0.220438 0.887977
2024-08-01 08:12:01,182 INFO recv 7 -> 13 # 0 at 180717979, 0.220438 0.887977
2024-08-01 08:12:01,383 INFO CHECKSUM 7 14 0: 1.650631
2024-08-01 08:12:01,384 INFO CHECKSUM 7 14 0: 1.650631
2024-08-01 08:12:01,396 INFO sent 7 -> 14 # 0 at 188452675, 0.220438 0.887977
2024-08-01 08:12:01,396 INFO recv 7 -> 14 # 0 at 201940274, 0.220438 0.887977
2024-08-01 08:12:01,595 INFO CHECKSUM 7 15 0: 1.650631
2024-08-01 08:12:01,611 INFO Accepting from rank 8
2024-08-01 08:12:01,595 INFO CHECKSUM 7 15 0: 1.650631
2024-08-01 08:12:01,611 INFO Accepting from rank 8
2024-08-01 08:12:01,611 INFO Sending from rank 8
2024-08-01 08:12:01,611 INFO Accepting from rank 8
2024-08-01 08:12:01,611 INFO Accepting from rank 8
2024-08-01 08:12:01,611 INFO Accepting from rank 8
2024-08-01 08:12:01,611 INFO Accepting from rank 8
2024-08-01 08:12:01,611 INFO Accepting from rank 8
2024-08-01 08:12:01,611 INFO Accepting from rank 8
2024-08-01 08:12:01,611 INFO Accepting from rank 8
2024-08-01 08:12:01,611 INFO Accepting from rank 8
2024-08-01 08:12:01,611 INFO Accepting from rank 8
2024-08-01 08:12:01,611 INFO Accepting from rank 8
2024-08-01 08:12:01,611 INFO sent 7 -> 15 # 0 at 198245645, 0.220438 0.887977
2024-08-01 08:12:01,611 INFO recv 7 -> 15 # 0 at 214577242, 0.220438 0.887977
2024-08-01 08:12:01,611 INFO Accepting from rank 8
2024-08-01 08:12:01,611 INFO Accepting from rank 8
2024-08-01 08:12:01,611 INFO Accepting from rank 8
2024-08-01 08:12:01,646 INFO CHECKSUM 8 0 0: 2.019202
2024-08-01 08:12:01,647 INFO CHECKSUM 8 0 0: 2.019202
2024-08-01 08:12:01,655 INFO recv 8 -> 0 # 0 at 23611788, 0.958043 0.202536
2024-08-01 08:12:01,655 INFO sent 8 -> 0 # 0 at 14501557, 0.958043 0.202536
2024-08-01 08:12:01,684 INFO CHECKSUM 8 1 0: 2.019202
2024-08-01 08:12:01,684 INFO CHECKSUM 8 1 0: 2.019202
2024-08-01 08:12:01,701 INFO recv 8 -> 1 # 0 at 31935534, 0.958043 0.202536
2024-08-01 08:12:01,701 INFO sent 8 -> 1 # 0 at 14231685, 0.958043 0.202536
2024-08-01 08:12:01,716 INFO CHECKSUM 8 2 0: 2.019202
2024-08-01 08:12:01,726 INFO CHECKSUM 8 2 0: 2.019202
2024-08-01 08:12:01,734 INFO recv 8 -> 2 # 0 at 31993978, 0.958043 0.202536
2024-08-01 08:12:01,733 INFO sent 8 -> 2 # 0 at 14188301, 0.958043 0.202536
2024-08-01 08:12:01,810 INFO CHECKSUM 8 3 0: 2.019202
2024-08-01 08:12:01,810 INFO CHECKSUM 8 3 0: 2.019202
2024-08-01 08:12:01,825 INFO recv 8 -> 3 # 0 at 88395428, 0.958043 0.202536
2024-08-01 08:12:01,825 INFO sent 8 -> 3 # 0 at 73236559, 0.958043 0.202536
2024-08-01 08:12:01,904 INFO CHECKSUM 8 4 0: 2.019202
2024-08-01 08:12:01,904 INFO CHECKSUM 8 4 0: 2.019202
2024-08-01 08:12:01,925 INFO recv 8 -> 4 # 0 at 91991001, 0.958043 0.202536
2024-08-01 08:12:01,925 INFO sent 8 -> 4 # 0 at 70432403, 0.958043 0.202536
2024-08-01 08:12:01,957 INFO CHECKSUM 8 5 0: 2.019202
2024-08-01 08:12:01,969 INFO CHECKSUM 8 5 0: 2.019202
2024-08-01 08:12:01,989 INFO recv 8 -> 5 # 0 at 45855664, 0.958043 0.202536
2024-08-01 08:12:01,989 INFO sent 8 -> 5 # 0 at 19316565, 0.958043 0.202536
2024-08-01 08:12:02,013 INFO CHECKSUM 8 6 0: 2.019202
2024-08-01 08:12:02,013 INFO CHECKSUM 8 6 0: 2.019202
2024-08-01 08:12:02,027 INFO recv 8 -> 6 # 0 at 27818466, 0.958043 0.202536
2024-08-01 08:12:02,027 INFO sent 8 -> 6 # 0 at 14237066, 0.958043 0.202536
2024-08-01 08:12:02,073 INFO CHECKSUM 8 7 0: 2.019202
2024-08-01 08:12:02,074 INFO CHECKSUM 8 7 0: 2.019202
2024-08-01 08:12:02,086 INFO recv 8 -> 7 # 0 at 44371808, 0.958043 0.202536
2024-08-01 08:12:02,086 INFO sent 8 -> 7 # 0 at 31163765, 0.958043 0.202536
2024-08-01 08:12:02,302 INFO CHECKSUM 8 9 0: 2.019202
2024-08-01 08:12:02,302 INFO CHECKSUM 8 9 0: 2.019202
2024-08-01 08:12:02,321 INFO sent 8 -> 9 # 0 at 212671271, 0.958043 0.202536
2024-08-01 08:12:02,329 INFO recv 8 -> 9 # 0 at 239743645, 0.958043 0.202536
2024-08-01 08:12:02,467 INFO CHECKSUM 8 10 0: 2.019202
2024-08-01 08:12:02,469 INFO CHECKSUM 8 10 0: 2.019202
2024-08-01 08:12:02,490 INFO sent 8 -> 10 # 0 at 129953302, 0.958043 0.202536
2024-08-01 08:12:02,490 INFO recv 8 -> 10 # 0 at 152635327, 0.958043 0.202536
2024-08-01 08:12:02,668 INFO CHECKSUM 8 11 0: 2.019202
2024-08-01 08:12:02,682 INFO sent 8 -> 11 # 0 at 166096654, 0.958043 0.202536
2024-08-01 08:12:02,669 INFO CHECKSUM 8 11 0: 2.019202
2024-08-01 08:12:02,682 INFO recv 8 -> 11 # 0 at 176577185, 0.958043 0.202536
2024-08-01 08:12:02,875 INFO CHECKSUM 8 12 0: 2.019202
2024-08-01 08:12:02,875 INFO CHECKSUM 8 12 0: 2.019202
2024-08-01 08:12:02,886 INFO recv 8 -> 12 # 0 at 191501520, 0.958043 0.202536
2024-08-01 08:12:02,886 INFO sent 8 -> 12 # 0 at 180373105, 0.958043 0.202536
2024-08-01 08:12:03,075 INFO CHECKSUM 8 13 0: 2.019202
2024-08-01 08:12:03,075 INFO CHECKSUM 8 13 0: 2.019202
2024-08-01 08:12:03,084 INFO sent 8 -> 13 # 0 at 184534493, 0.958043 0.202536
2024-08-01 08:12:03,084 INFO recv 8 -> 13 # 0 at 193903810, 0.958043 0.202536
2024-08-01 08:12:03,247 INFO CHECKSUM 8 14 0: 2.019202
2024-08-01 08:12:03,248 INFO CHECKSUM 8 14 0: 2.019202
2024-08-01 08:12:03,269 INFO sent 8 -> 14 # 0 at 160572906, 0.958043 0.202536
2024-08-01 08:12:03,269 INFO recv 8 -> 14 # 0 at 182946071, 0.958043 0.202536
2024-08-01 08:12:03,451 INFO CHECKSUM 8 15 0: 2.019202
2024-08-01 08:12:03,452 INFO CHECKSUM 8 15 0: 2.019202
2024-08-01 08:12:03,460 INFO Accepting from rank 9
2024-08-01 08:12:03,460 INFO Accepting from rank 9
2024-08-01 08:12:03,460 INFO Accepting from rank 9
2024-08-01 08:12:03,460 INFO Sending from rank 9
2024-08-01 08:12:03,460 INFO Accepting from rank 9
2024-08-01 08:12:03,460 INFO Accepting from rank 9
2024-08-01 08:12:03,460 INFO Accepting from rank 9
2024-08-01 08:12:03,460 INFO recv 8 -> 15 # 0 at 185866142, 0.958043 0.202536
2024-08-01 08:12:03,460 INFO Accepting from rank 9
2024-08-01 08:12:03,460 INFO Accepting from rank 9
2024-08-01 08:12:03,460 INFO sent 8 -> 15 # 0 at 176680545, 0.958043 0.202536
2024-08-01 08:12:03,460 INFO Accepting from rank 9
2024-08-01 08:12:03,465 INFO Accepting from rank 9
2024-08-01 08:12:03,465 INFO Accepting from rank 9
2024-08-01 08:12:03,465 INFO Accepting from rank 9
2024-08-01 08:12:03,465 INFO Accepting from rank 9
2024-08-01 08:12:03,474 INFO Accepting from rank 9
2024-08-01 08:12:03,474 INFO Accepting from rank 9
2024-08-01 08:12:03,495 INFO CHECKSUM 9 0 0: 1.143463
2024-08-01 08:12:03,495 INFO CHECKSUM 9 0 0: 1.143463
2024-08-01 08:12:03,510 INFO recv 9 -> 0 # 0 at 29760589, 0.136850 0.949802
2024-08-01 08:12:03,510 INFO sent 9 -> 0 # 0 at 14341497, 0.136850 0.949802
2024-08-01 08:12:03,528 INFO CHECKSUM 9 1 0: 1.143463
2024-08-01 08:12:03,529 INFO CHECKSUM 9 1 0: 1.143463
2024-08-01 08:12:03,536 INFO recv 9 -> 1 # 0 at 22515362, 0.136850 0.949802
2024-08-01 08:12:03,536 INFO sent 9 -> 1 # 0 at 14491957, 0.136850 0.949802
2024-08-01 08:12:03,559 INFO CHECKSUM 9 2 0: 1.143463
2024-08-01 08:12:03,568 INFO CHECKSUM 9 2 0: 1.143463
2024-08-01 08:12:03,601 INFO recv 9 -> 2 # 0 at 55446227, 0.136850 0.949802
2024-08-01 08:12:03,601 INFO sent 9 -> 2 # 0 at 13864886, 0.136850 0.949802
2024-08-01 08:12:03,683 INFO CHECKSUM 9 3 0: 1.143463
2024-08-01 08:12:03,683 INFO CHECKSUM 9 3 0: 1.143463
2024-08-01 08:12:03,690 INFO recv 9 -> 3 # 0 at 54125630, 0.136850 0.949802
2024-08-01 08:12:03,690 INFO sent 9 -> 3 # 0 at 45764533, 0.136850 0.949802
2024-08-01 08:12:03,740 INFO CHECKSUM 9 4 0: 1.143463
2024-08-01 08:12:03,740 INFO CHECKSUM 9 4 0: 1.143463
2024-08-01 08:12:03,757 INFO recv 9 -> 4 # 0 at 55201898, 0.136850 0.949802
2024-08-01 08:12:03,765 INFO sent 9 -> 4 # 0 at 32361769, 0.136850 0.949802
2024-08-01 08:12:03,848 INFO CHECKSUM 9 5 0: 1.143463
2024-08-01 08:12:03,848 INFO CHECKSUM 9 5 0: 1.143463
2024-08-01 08:12:03,865 INFO recv 9 -> 5 # 0 at 95491464, 0.136850 0.949802
2024-08-01 08:12:03,865 INFO sent 9 -> 5 # 0 at 78027290, 0.136850 0.949802
2024-08-01 08:12:03,885 INFO CHECKSUM 9 6 0: 1.143463
2024-08-01 08:12:03,884 INFO CHECKSUM 9 6 0: 1.143463
2024-08-01 08:12:03,906 INFO recv 9 -> 6 # 0 at 36344460, 0.136850 0.949802
2024-08-01 08:12:03,906 INFO sent 9 -> 6 # 0 at 14192329, 0.136850 0.949802
2024-08-01 08:12:04,019 INFO CHECKSUM 9 7 0: 1.143463
2024-08-01 08:12:04,019 INFO CHECKSUM 9 7 0: 1.143463
2024-08-01 08:12:04,031 INFO recv 9 -> 7 # 0 at 111017556, 0.136850 0.949802
2024-08-01 08:12:04,031 INFO sent 9 -> 7 # 0 at 89143218, 0.136850 0.949802
2024-08-01 08:12:04,051 INFO CHECKSUM 9 8 0: 1.143463
2024-08-01 08:12:04,052 INFO CHECKSUM 9 8 0: 1.143463
2024-08-01 08:12:04,074 INFO recv 9 -> 8 # 0 at 37104569, 0.136850 0.949802
2024-08-01 08:12:04,081 INFO sent 9 -> 8 # 0 at 13887110, 0.136850 0.949802
2024-08-01 08:12:04,298 INFO CHECKSUM 9 10 0: 1.143463
2024-08-01 08:12:04,299 INFO CHECKSUM 9 10 0: 1.143463
2024-08-01 08:12:04,314 INFO sent 9 -> 10 # 0 at 212896116, 0.136850 0.949802
2024-08-01 08:12:04,314 INFO recv 9 -> 10 # 0 at 229287132, 0.136850 0.949802
2024-08-01 08:12:04,510 INFO CHECKSUM 9 11 0: 1.143463
2024-08-01 08:12:04,510 INFO CHECKSUM 9 11 0: 1.143463
2024-08-01 08:12:04,519 INFO sent 9 -> 11 # 0 at 192087048, 0.136850 0.949802
2024-08-01 08:12:04,519 INFO recv 9 -> 11 # 0 at 201939877, 0.136850 0.949802
2024-08-01 08:12:04,703 INFO CHECKSUM 9 12 0: 1.143463
2024-08-01 08:12:04,703 INFO CHECKSUM 9 12 0: 1.143463
2024-08-01 08:12:04,716 INFO recv 9 -> 12 # 0 at 193573389, 0.136850 0.949802
2024-08-01 08:12:04,716 INFO sent 9 -> 12 # 0 at 180518367, 0.136850 0.949802
2024-08-01 08:12:04,854 INFO CHECKSUM 9 13 0: 1.143463
2024-08-01 08:12:04,854 INFO CHECKSUM 9 13 0: 1.143463
2024-08-01 08:12:04,870 INFO recv 9 -> 13 # 0 at 136578907, 0.136850 0.949802
2024-08-01 08:12:04,874 INFO sent 9 -> 13 # 0 at 116884494, 0.136850 0.949802
2024-08-01 08:12:05,060 INFO CHECKSUM 9 14 0: 1.143463
2024-08-01 08:12:05,060 INFO CHECKSUM 9 14 0: 1.143463
2024-08-01 08:12:05,070 INFO recv 9 -> 14 # 0 at 180864682, 0.136850 0.949802
2024-08-01 08:12:05,070 INFO sent 9 -> 14 # 0 at 170049939, 0.136850 0.949802
2024-08-01 08:12:05,252 INFO CHECKSUM 9 15 0: 1.143463
2024-08-01 08:12:05,252 INFO CHECKSUM 9 15 0: 1.143463
2024-08-01 08:12:05,270 INFO Accepting from rank 10
2024-08-01 08:12:05,270 INFO Accepting from rank 10
2024-08-01 08:12:05,270 INFO Accepting from rank 10
2024-08-01 08:12:05,270 INFO Accepting from rank 10
2024-08-01 08:12:05,271 INFO Accepting from rank 10
2024-08-01 08:12:05,270 INFO Accepting from rank 10
2024-08-01 08:12:05,270 INFO Accepting from rank 10
2024-08-01 08:12:05,270 INFO Accepting from rank 10
2024-08-01 08:12:05,271 INFO sent 9 -> 15 # 0 at 178372282, 0.136850 0.949802
2024-08-01 08:12:05,271 INFO Accepting from rank 10
2024-08-01 08:12:05,271 INFO recv 9 -> 15 # 0 at 197397731, 0.136850 0.949802
2024-08-01 08:12:05,270 INFO Sending from rank 10
2024-08-01 08:12:05,271 INFO Accepting from rank 10
2024-08-01 08:12:05,271 INFO Accepting from rank 10
2024-08-01 08:12:05,273 INFO Accepting from rank 10
2024-08-01 08:12:05,274 INFO Accepting from rank 10
2024-08-01 08:12:05,273 INFO Accepting from rank 10
2024-08-01 08:12:05,274 INFO Accepting from rank 10
2024-08-01 08:12:05,310 INFO CHECKSUM 10 0 0: 1.378448
2024-08-01 08:12:05,310 INFO CHECKSUM 10 0 0: 1.378448
2024-08-01 08:12:05,317 INFO recv 10 -> 0 # 0 at 21949201, 0.233162 0.437687
2024-08-01 08:12:05,317 INFO sent 10 -> 0 # 0 at 14162060, 0.233162 0.437687
2024-08-01 08:12:05,339 INFO CHECKSUM 10 1 0: 1.378448
2024-08-01 08:12:05,340 INFO CHECKSUM 10 1 0: 1.378448
2024-08-01 08:12:05,353 INFO recv 10 -> 1 # 0 at 28661128, 0.233162 0.437687
2024-08-01 08:12:05,353 INFO sent 10 -> 1 # 0 at 14673619, 0.233162 0.437687
2024-08-01 08:12:05,378 INFO CHECKSUM 10 2 0: 1.378448
2024-08-01 08:12:05,387 INFO CHECKSUM 10 2 0: 1.378448
2024-08-01 08:12:05,394 INFO recv 10 -> 2 # 0 at 30046992, 0.233162 0.437687
2024-08-01 08:12:05,394 INFO sent 10 -> 2 # 0 at 14319254, 0.233162 0.437687
2024-08-01 08:12:05,422 INFO CHECKSUM 10 3 0: 1.378448
2024-08-01 08:12:05,438 INFO sent 10 -> 3 # 0 at 14051848, 0.233162 0.437687
2024-08-01 08:12:05,422 INFO CHECKSUM 10 3 0: 1.378448
2024-08-01 08:12:05,438 INFO recv 10 -> 3 # 0 at 30095845, 0.233162 0.437687
2024-08-01 08:12:05,519 INFO CHECKSUM 10 4 0: 1.378448
2024-08-01 08:12:05,520 INFO CHECKSUM 10 4 0: 1.378448
2024-08-01 08:12:05,530 INFO recv 10 -> 4 # 0 at 80501030, 0.233162 0.437687
2024-08-01 08:12:05,530 INFO sent 10 -> 4 # 0 at 70131412, 0.233162 0.437687
2024-08-01 08:12:05,547 INFO CHECKSUM 10 5 0: 1.378448
2024-08-01 08:12:05,548 INFO CHECKSUM 10 5 0: 1.378448
2024-08-01 08:12:05,562 INFO sent 10 -> 5 # 0 at 14410230, 0.233162 0.437687
2024-08-01 08:12:05,572 INFO recv 10 -> 5 # 0 at 39483294, 0.233162 0.437687
2024-08-01 08:12:05,648 INFO CHECKSUM 10 6 0: 1.378448
2024-08-01 08:12:05,648 INFO CHECKSUM 10 6 0: 1.378448
2024-08-01 08:12:05,662 INFO recv 10 -> 6 # 0 at 88490165, 0.233162 0.437687
2024-08-01 08:12:05,662 INFO sent 10 -> 6 # 0 at 74360489, 0.233162 0.437687
2024-08-01 08:12:05,683 INFO CHECKSUM 10 7 0: 1.378448
2024-08-01 08:12:05,682 INFO CHECKSUM 10 7 0: 1.378448
2024-08-01 08:12:05,690 INFO recv 10 -> 7 # 0 at 22005640, 0.233162 0.437687
2024-08-01 08:12:05,690 INFO sent 10 -> 7 # 0 at 14002392, 0.233162 0.437687
2024-08-01 08:12:05,715 INFO CHECKSUM 10 8 0: 1.378448
2024-08-01 08:12:05,716 INFO CHECKSUM 10 8 0: 1.378448
2024-08-01 08:12:05,724 INFO sent 10 -> 8 # 0 at 13587831, 0.233162 0.437687
2024-08-01 08:12:05,724 INFO recv 10 -> 8 # 0 at 22062558, 0.233162 0.437687
2024-08-01 08:12:05,752 INFO CHECKSUM 10 9 0: 1.378448
2024-08-01 08:12:05,752 INFO CHECKSUM 10 9 0: 1.378448
2024-08-01 08:12:05,785 INFO recv 10 -> 9 # 0 at 47426402, 0.233162 0.437687
2024-08-01 08:12:05,785 INFO sent 10 -> 9 # 0 at 14337580, 0.233162 0.437687
2024-08-01 08:12:05,970 INFO CHECKSUM 10 11 0: 1.378448
2024-08-01 08:12:05,973 INFO CHECKSUM 10 11 0: 1.378448
2024-08-01 08:12:05,993 INFO sent 10 -> 11 # 0 at 183086216, 0.233162 0.437687
2024-08-01 08:12:06,002 INFO recv 10 -> 11 # 0 at 214498491, 0.233162 0.437687
2024-08-01 08:12:06,202 INFO CHECKSUM 10 12 0: 1.378448
2024-08-01 08:12:06,212 INFO CHECKSUM 10 12 0: 1.378448
2024-08-01 08:12:06,230 INFO recv 10 -> 12 # 0 at 214727744, 0.233162 0.437687
2024-08-01 08:12:06,230 INFO sent 10 -> 12 # 0 at 186485851, 0.233162 0.437687
2024-08-01 08:12:06,414 INFO CHECKSUM 10 13 0: 1.378448
2024-08-01 08:12:06,415 INFO CHECKSUM 10 13 0: 1.378448
2024-08-01 08:12:06,430 INFO sent 10 -> 13 # 0 at 180489750, 0.233162 0.437687
2024-08-01 08:12:06,430 INFO recv 10 -> 13 # 0 at 196016759, 0.233162 0.437687
2024-08-01 08:12:06,607 INFO CHECKSUM 10 14 0: 1.378448
2024-08-01 08:12:06,607 INFO CHECKSUM 10 14 0: 1.378448
2024-08-01 08:12:06,626 INFO recv 10 -> 14 # 0 at 184782905, 0.233162 0.437687
2024-08-01 08:12:06,626 INFO sent 10 -> 14 # 0 at 165082165, 0.233162 0.437687
2024-08-01 08:12:06,753 INFO CHECKSUM 10 15 0: 1.378448
2024-08-01 08:12:06,754 INFO CHECKSUM 10 15 0: 1.378448
2024-08-01 08:12:06,763 INFO Accepting from rank 11
2024-08-01 08:12:06,763 INFO Accepting from rank 11
2024-08-01 08:12:06,763 INFO Accepting from rank 11
2024-08-01 08:12:06,763 INFO Accepting from rank 11
2024-08-01 08:12:06,763 INFO Accepting from rank 11
2024-08-01 08:12:06,763 INFO Accepting from rank 11
2024-08-01 08:12:06,763 INFO Accepting from rank 11
2024-08-01 08:12:06,763 INFO Accepting from rank 11
2024-08-01 08:12:06,763 INFO Accepting from rank 11
2024-08-01 08:12:06,763 INFO Accepting from rank 11
2024-08-01 08:12:06,763 INFO Accepting from rank 11
2024-08-01 08:12:06,763 INFO Accepting from rank 11
2024-08-01 08:12:06,763 INFO Sending from rank 11
2024-08-01 08:12:06,763 INFO Accepting from rank 11
2024-08-01 08:12:06,763 INFO recv 10 -> 15 # 0 at 132844459, 0.233162 0.437687
2024-08-01 08:12:06,763 INFO sent 10 -> 15 # 0 at 123220921, 0.233162 0.437687
2024-08-01 08:12:06,763 INFO Accepting from rank 11
2024-08-01 08:12:06,763 INFO Accepting from rank 11
2024-08-01 08:12:06,804 INFO CHECKSUM 11 0 0: 1.724453
2024-08-01 08:12:06,814 INFO CHECKSUM 11 0 0: 1.724453
2024-08-01 08:12:06,826 INFO recv 11 -> 0 # 0 at 36424885, 0.742651 0.237663
2024-08-01 08:12:06,826 INFO sent 11 -> 0 # 0 at 14627389, 0.742651 0.237663
2024-08-01 08:12:06,853 INFO CHECKSUM 11 1 0: 1.724453
2024-08-01 08:12:06,853 INFO CHECKSUM 11 1 0: 1.724453
2024-08-01 08:12:06,871 INFO sent 11 -> 1 # 0 at 14151721, 0.742651 0.237663
2024-08-01 08:12:06,874 INFO recv 11 -> 1 # 0 at 35022910, 0.742651 0.237663
2024-08-01 08:12:06,955 INFO CHECKSUM 11 2 0: 1.724453
2024-08-01 08:12:06,956 INFO CHECKSUM 11 2 0: 1.724453
2024-08-01 08:12:06,971 INFO recv 11 -> 2 # 0 at 86266852, 0.742651 0.237663
2024-08-01 08:12:06,985 INFO sent 11 -> 2 # 0 at 70314445, 0.742651 0.237663
2024-08-01 08:12:07,004 INFO CHECKSUM 11 3 0: 1.724453
2024-08-01 08:12:07,005 INFO CHECKSUM 11 3 0: 1.724453
2024-08-01 08:12:07,016 INFO recv 11 -> 3 # 0 at 25152530, 0.742651 0.237663
2024-08-01 08:12:07,016 INFO sent 11 -> 3 # 0 at 13946214, 0.742651 0.237663
2024-08-01 08:12:07,042 INFO CHECKSUM 11 4 0: 1.724453
2024-08-01 08:12:07,042 INFO CHECKSUM 11 4 0: 1.724453
2024-08-01 08:12:07,051 INFO recv 11 -> 4 # 0 at 30872595, 0.742651 0.237663
2024-08-01 08:12:07,053 INFO sent 11 -> 4 # 0 at 22376344, 0.742651 0.237663
2024-08-01 08:12:07,080 INFO CHECKSUM 11 5 0: 1.724453
2024-08-01 08:12:07,090 INFO CHECKSUM 11 5 0: 1.724453
2024-08-01 08:12:07,098 INFO recv 11 -> 5 # 0 at 32215688, 0.742651 0.237663
2024-08-01 08:12:07,098 INFO sent 11 -> 5 # 0 at 14403677, 0.742651 0.237663
2024-08-01 08:12:07,113 INFO CHECKSUM 11 6 0: 1.724453
2024-08-01 08:12:07,113 INFO CHECKSUM 11 6 0: 1.724453
2024-08-01 08:12:07,126 INFO recv 11 -> 6 # 0 at 28008003, 0.742651 0.237663
2024-08-01 08:12:07,126 INFO sent 11 -> 6 # 0 at 14536784, 0.742651 0.237663
2024-08-01 08:12:07,144 INFO CHECKSUM 11 7 0: 1.724453
2024-08-01 08:12:07,144 INFO CHECKSUM 11 7 0: 1.724453
2024-08-01 08:12:07,162 INFO recv 11 -> 7 # 0 at 32022594, 0.742651 0.237663
2024-08-01 08:12:07,162 INFO sent 11 -> 7 # 0 at 14162140, 0.742651 0.237663
2024-08-01 08:12:07,185 INFO CHECKSUM 11 8 0: 1.724453
2024-08-01 08:12:07,184 INFO CHECKSUM 11 8 0: 1.724453
2024-08-01 08:12:07,194 INFO recv 11 -> 8 # 0 at 23542346, 0.742651 0.237663
2024-08-01 08:12:07,194 INFO sent 11 -> 8 # 0 at 13952696, 0.742651 0.237663
2024-08-01 08:12:07,219 INFO CHECKSUM 11 9 0: 1.724453
2024-08-01 08:12:07,220 INFO CHECKSUM 11 9 0: 1.724453
2024-08-01 08:12:07,237 INFO recv 11 -> 9 # 0 at 31373691, 0.742651 0.237663
2024-08-01 08:12:07,237 INFO sent 11 -> 9 # 0 at 13824378, 0.742651 0.237663
2024-08-01 08:12:07,261 INFO CHECKSUM 11 10 0: 1.724453
2024-08-01 08:12:07,261 INFO CHECKSUM 11 10 0: 1.724453
2024-08-01 08:12:07,270 INFO sent 11 -> 10 # 0 at 14444115, 0.742651 0.237663
2024-08-01 08:12:07,270 INFO recv 11 -> 10 # 0 at 22989048, 0.742651 0.237663
2024-08-01 08:12:07,534 INFO CHECKSUM 11 12 0: 1.724453
2024-08-01 08:12:07,534 INFO CHECKSUM 11 12 0: 1.724453
2024-08-01 08:12:07,544 INFO sent 11 -> 12 # 0 at 256903806, 0.742651 0.237663
2024-08-01 08:12:07,544 INFO recv 11 -> 12 # 0 at 267316859, 0.742651 0.237663
2024-08-01 08:12:07,787 INFO CHECKSUM 11 13 0: 1.724453
2024-08-01 08:12:07,787 INFO CHECKSUM 11 13 0: 1.724453
2024-08-01 08:12:07,802 INFO recv 11 -> 13 # 0 at 244621092, 0.742651 0.237663
2024-08-01 08:12:07,802 INFO sent 11 -> 13 # 0 at 229891388, 0.742651 0.237663
2024-08-01 08:12:08,040 INFO CHECKSUM 11 14 0: 1.724453
2024-08-01 08:12:08,050 INFO CHECKSUM 11 14 0: 1.724453
2024-08-01 08:12:08,066 INFO recv 11 -> 14 # 0 at 255402499, 0.742651 0.237663
2024-08-01 08:12:08,066 INFO sent 11 -> 14 # 0 at 230043622, 0.742651 0.237663
2024-08-01 08:12:08,288 INFO CHECKSUM 11 15 0: 1.724453
2024-08-01 08:12:08,300 INFO Accepting from rank 12
2024-08-01 08:12:08,289 INFO CHECKSUM 11 15 0: 1.724453
2024-08-01 08:12:08,300 INFO Accepting from rank 12
2024-08-01 08:12:08,300 INFO Accepting from rank 12
2024-08-01 08:12:08,300 INFO Accepting from rank 12
2024-08-01 08:12:08,300 INFO Sending from rank 12
2024-08-01 08:12:08,300 INFO Accepting from rank 12
2024-08-01 08:12:08,300 INFO Accepting from rank 12
2024-08-01 08:12:08,300 INFO Accepting from rank 12
2024-08-01 08:12:08,300 INFO Accepting from rank 12
2024-08-01 08:12:08,300 INFO Accepting from rank 12
2024-08-01 08:12:08,300 INFO Accepting from rank 12
2024-08-01 08:12:08,300 INFO Accepting from rank 12
2024-08-01 08:12:08,300 INFO Accepting from rank 12
2024-08-01 08:12:08,300 INFO Accepting from rank 12
2024-08-01 08:12:08,300 INFO sent 11 -> 15 # 0 at 218930450, 0.742651 0.237663
2024-08-01 08:12:08,300 INFO recv 11 -> 15 # 0 at 230983977, 0.742651 0.237663
2024-08-01 08:12:08,301 INFO Accepting from rank 12
2024-08-01 08:12:08,300 INFO Accepting from rank 12
2024-08-01 08:12:08,351 INFO CHECKSUM 12 0 0: 0.752487
2024-08-01 08:12:08,351 INFO CHECKSUM 12 0 0: 0.752487
2024-08-01 08:12:08,357 INFO sent 12 -> 0 # 0 at 22622285, 0.756373 0.998368
2024-08-01 08:12:08,357 INFO recv 12 -> 0 # 0 at 29452225, 0.756373 0.998368
2024-08-01 08:12:08,391 INFO CHECKSUM 12 1 0: 0.752487
2024-08-01 08:12:08,391 INFO CHECKSUM 12 1 0: 0.752487
2024-08-01 08:12:08,398 INFO sent 12 -> 1 # 0 at 22284241, 0.756373 0.998368
2024-08-01 08:12:08,398 INFO recv 12 -> 1 # 0 at 30203243, 0.756373 0.998368
2024-08-01 08:12:08,424 INFO CHECKSUM 12 2 0: 0.752487
2024-08-01 08:12:08,442 INFO CHECKSUM 12 2 0: 0.752487
2024-08-01 08:12:08,450 INFO recv 12 -> 2 # 0 at 40229334, 0.756373 0.998368
2024-08-01 08:12:08,450 INFO sent 12 -> 2 # 0 at 14153103, 0.756373 0.998368
2024-08-01 08:12:08,473 INFO CHECKSUM 12 3 0: 0.752487
2024-08-01 08:12:08,473 INFO CHECKSUM 12 3 0: 0.752487
2024-08-01 08:12:08,501 INFO sent 12 -> 3 # 0 at 15883682, 0.756373 0.998368
2024-08-01 08:12:08,507 INFO recv 12 -> 3 # 0 at 50596051, 0.756373 0.998368
2024-08-01 08:12:08,522 INFO CHECKSUM 12 4 0: 0.752487
2024-08-01 08:12:08,523 INFO CHECKSUM 12 4 0: 0.752487
2024-08-01 08:12:08,546 INFO recv 12 -> 4 # 0 at 38504978, 0.756373 0.998368
2024-08-01 08:12:08,546 INFO sent 12 -> 4 # 0 at 14526907, 0.756373 0.998368
2024-08-01 08:12:08,573 INFO CHECKSUM 12 5 0: 0.752487
2024-08-01 08:12:08,573 INFO CHECKSUM 12 5 0: 0.752487
2024-08-01 08:12:08,589 INFO sent 12 -> 5 # 0 at 21793662, 0.756373 0.998368
2024-08-01 08:12:08,598 INFO recv 12 -> 5 # 0 at 46857867, 0.756373 0.998368
2024-08-01 08:12:08,617 INFO CHECKSUM 12 6 0: 0.752487
2024-08-01 08:12:08,617 INFO CHECKSUM 12 6 0: 0.752487
2024-08-01 08:12:08,633 INFO recv 12 -> 6 # 0 at 30008279, 0.756373 0.998368
2024-08-01 08:12:08,633 INFO sent 12 -> 6 # 0 at 13627446, 0.756373 0.998368
2024-08-01 08:12:08,648 INFO CHECKSUM 12 7 0: 0.752487
2024-08-01 08:12:08,648 INFO CHECKSUM 12 7 0: 0.752487
2024-08-01 08:12:08,670 INFO recv 12 -> 7 # 0 at 36187436, 0.756373 0.998368
2024-08-01 08:12:08,670 INFO sent 12 -> 7 # 0 at 13981872, 0.756373 0.998368
2024-08-01 08:12:08,690 INFO CHECKSUM 12 8 0: 0.752487
2024-08-01 08:12:08,690 INFO CHECKSUM 12 8 0: 0.752487
2024-08-01 08:12:08,705 INFO sent 12 -> 8 # 0 at 14709741, 0.756373 0.998368
2024-08-01 08:12:08,705 INFO recv 12 -> 8 # 0 at 30352378, 0.756373 0.998368
2024-08-01 08:12:08,724 INFO CHECKSUM 12 9 0: 0.752487
2024-08-01 08:12:08,724 INFO CHECKSUM 12 9 0: 0.752487
2024-08-01 08:12:08,746 INFO sent 12 -> 9 # 0 at 14192839, 0.756373 0.998368
2024-08-01 08:12:08,746 INFO recv 12 -> 9 # 0 at 37105610, 0.756373 0.998368
2024-08-01 08:12:08,776 INFO CHECKSUM 12 10 0: 0.752487
2024-08-01 08:12:08,776 INFO CHECKSUM 12 10 0: 0.752487
2024-08-01 08:12:08,796 INFO sent 12 -> 10 # 0 at 22317726, 0.756373 0.998368
2024-08-01 08:12:08,796 INFO recv 12 -> 10 # 0 at 41547819, 0.756373 0.998368
2024-08-01 08:12:08,825 INFO CHECKSUM 12 11 0: 0.752487
2024-08-01 08:12:08,825 INFO CHECKSUM 12 11 0: 0.752487
2024-08-01 08:12:08,837 INFO sent 12 -> 11 # 0 at 14923895, 0.756373 0.998368
2024-08-01 08:12:08,837 INFO recv 12 -> 11 # 0 at 27689074, 0.756373 0.998368
2024-08-01 08:12:09,024 INFO CHECKSUM 12 13 0: 0.752487
2024-08-01 08:12:09,025 INFO CHECKSUM 12 13 0: 0.752487
2024-08-01 08:12:09,047 INFO sent 12 -> 13 # 0 at 181678457, 0.756373 0.998368
2024-08-01 08:12:09,050 INFO recv 12 -> 13 # 0 at 207112865, 0.756373 0.998368
2024-08-01 08:12:09,255 INFO CHECKSUM 12 14 0: 0.752487
2024-08-01 08:12:09,256 INFO CHECKSUM 12 14 0: 0.752487
2024-08-01 08:12:09,274 INFO sent 12 -> 14 # 0 at 205126961, 0.756373 0.998368
2024-08-01 08:12:09,277 INFO recv 12 -> 14 # 0 at 227004525, 0.756373 0.998368
2024-08-01 08:12:09,471 INFO CHECKSUM 12 15 0: 0.752487
2024-08-01 08:12:09,472 INFO CHECKSUM 12 15 0: 0.752487
2024-08-01 08:12:09,483 INFO Accepting from rank 13
2024-08-01 08:12:09,488 INFO Accepting from rank 13
2024-08-01 08:12:09,488 INFO Accepting from rank 13
2024-08-01 08:12:09,488 INFO Accepting from rank 13
2024-08-01 08:12:09,488 INFO Sending from rank 13
2024-08-01 08:12:09,488 INFO Accepting from rank 13
2024-08-01 08:12:09,488 INFO Accepting from rank 13
2024-08-01 08:12:09,488 INFO Accepting from rank 13
2024-08-01 08:12:09,488 INFO Accepting from rank 13
2024-08-01 08:12:09,488 INFO Accepting from rank 13
2024-08-01 08:12:09,488 INFO Accepting from rank 13
2024-08-01 08:12:09,489 INFO Accepting from rank 13
2024-08-01 08:12:09,488 INFO Accepting from rank 13
2024-08-01 08:12:09,488 INFO sent 12 -> 15 # 0 at 181419315, 0.756373 0.998368
2024-08-01 08:12:09,489 INFO Accepting from rank 13
2024-08-01 08:12:09,488 INFO recv 12 -> 15 # 0 at 198988661, 0.756373 0.998368
2024-08-01 08:12:09,488 INFO Accepting from rank 13
2024-08-01 08:12:09,488 INFO Accepting from rank 13
2024-08-01 08:12:09,532 INFO CHECKSUM 13 0 0: 1.306821
2024-08-01 08:12:09,532 INFO CHECKSUM 13 0 0: 1.306821
2024-08-01 08:12:09,544 INFO recv 13 -> 0 # 0 at 31359152, 0.045087 0.075912
2024-08-01 08:12:09,544 INFO sent 13 -> 0 # 0 at 13737559, 0.045087 0.075912
2024-08-01 08:12:09,631 INFO CHECKSUM 13 1 0: 1.306821
2024-08-01 08:12:09,632 INFO CHECKSUM 13 1 0: 1.306821
2024-08-01 08:12:09,646 INFO recv 13 -> 1 # 0 at 88659046, 0.045087 0.075912
2024-08-01 08:12:09,646 INFO sent 13 -> 1 # 0 at 73861999, 0.045087 0.075912
2024-08-01 08:12:09,668 INFO CHECKSUM 13 2 0: 1.306821
2024-08-01 08:12:09,677 INFO CHECKSUM 13 2 0: 1.306821
2024-08-01 08:12:09,690 INFO sent 13 -> 2 # 0 at 13979117, 0.045087 0.075912
2024-08-01 08:12:09,690 INFO recv 13 -> 2 # 0 at 36434494, 0.045087 0.075912
2024-08-01 08:12:09,716 INFO CHECKSUM 13 3 0: 1.306821
2024-08-01 08:12:09,716 INFO CHECKSUM 13 3 0: 1.306821
2024-08-01 08:12:09,733 INFO sent 13 -> 3 # 0 at 14145368, 0.045087 0.075912
2024-08-01 08:12:09,733 INFO recv 13 -> 3 # 0 at 31956836, 0.045087 0.075912
2024-08-01 08:12:09,836 INFO CHECKSUM 13 4 0: 1.306821
2024-08-01 08:12:09,836 INFO CHECKSUM 13 4 0: 1.306821
2024-08-01 08:12:09,841 INFO recv 13 -> 4 # 0 at 102837292, 0.045087 0.075912
2024-08-01 08:12:09,841 INFO sent 13 -> 4 # 0 at 89725473, 0.045087 0.075912
2024-08-01 08:12:09,872 INFO CHECKSUM 13 5 0: 1.306821
2024-08-01 08:12:09,872 INFO CHECKSUM 13 5 0: 1.306821
2024-08-01 08:12:09,897 INFO recv 13 -> 5 # 0 at 47654029, 0.045087 0.075912
2024-08-01 08:12:09,897 INFO sent 13 -> 5 # 0 at 22110986, 0.045087 0.075912
2024-08-01 08:12:09,926 INFO CHECKSUM 13 6 0: 1.306821
2024-08-01 08:12:09,927 INFO CHECKSUM 13 6 0: 1.306821
2024-08-01 08:12:09,946 INFO recv 13 -> 6 # 0 at 42160232, 0.045087 0.075912
2024-08-01 08:12:09,946 INFO sent 13 -> 6 # 0 at 13662463, 0.045087 0.075912
2024-08-01 08:12:09,976 INFO CHECKSUM 13 7 0: 1.306821
2024-08-01 08:12:09,977 INFO CHECKSUM 13 7 0: 1.306821
2024-08-01 08:12:09,993 INFO recv 13 -> 7 # 0 at 30456389, 0.045087 0.075912
2024-08-01 08:12:09,993 INFO sent 13 -> 7 # 0 at 15278020, 0.045087 0.075912
2024-08-01 08:12:10,024 INFO CHECKSUM 13 8 0: 1.306821
2024-08-01 08:12:10,024 INFO CHECKSUM 13 8 0: 1.306821
2024-08-01 08:12:10,042 INFO sent 13 -> 8 # 0 at 14445570, 0.045087 0.075912
2024-08-01 08:12:10,042 INFO recv 13 -> 8 # 0 at 32170779, 0.045087 0.075912
2024-08-01 08:12:10,071 INFO CHECKSUM 13 9 0: 1.306821
2024-08-01 08:12:10,072 INFO CHECKSUM 13 9 0: 1.306821
2024-08-01 08:12:10,084 INFO sent 13 -> 9 # 0 at 13986621, 0.045087 0.075912
2024-08-01 08:12:10,084 INFO recv 13 -> 9 # 0 at 26680967, 0.045087 0.075912
2024-08-01 08:12:10,100 INFO CHECKSUM 13 10 0: 1.306821
2024-08-01 08:12:10,100 INFO CHECKSUM 13 10 0: 1.306821
2024-08-01 08:12:10,117 INFO sent 13 -> 10 # 0 at 14125649, 0.045087 0.075912
2024-08-01 08:12:10,117 INFO recv 13 -> 10 # 0 at 31972257, 0.045087 0.075912
2024-08-01 08:12:10,135 INFO CHECKSUM 13 11 0: 1.306821
2024-08-01 08:12:10,135 INFO CHECKSUM 13 11 0: 1.306821
2024-08-01 08:12:10,154 INFO sent 13 -> 11 # 0 at 13777195, 0.045087 0.075912
2024-08-01 08:12:10,154 INFO recv 13 -> 11 # 0 at 33108231, 0.045087 0.075912
2024-08-01 08:12:10,180 INFO CHECKSUM 13 12 0: 1.306821
2024-08-01 08:12:10,180 INFO CHECKSUM 13 12 0: 1.306821
2024-08-01 08:12:10,186 INFO recv 13 -> 12 # 0 at 20328045, 0.045087 0.075912
2024-08-01 08:12:10,198 INFO sent 13 -> 12 # 0 at 13647334, 0.045087 0.075912
2024-08-01 08:12:10,412 INFO CHECKSUM 13 14 0: 1.306821
2024-08-01 08:12:10,412 INFO CHECKSUM 13 14 0: 1.306821
2024-08-01 08:12:10,442 INFO sent 13 -> 14 # 0 at 209791640, 0.045087 0.075912
2024-08-01 08:12:10,442 INFO recv 13 -> 14 # 0 at 240789977, 0.045087 0.075912
2024-08-01 08:12:10,656 INFO CHECKSUM 13 15 0: 1.306821
2024-08-01 08:12:10,656 INFO CHECKSUM 13 15 0: 1.306821
2024-08-01 08:12:10,677 INFO Accepting from rank 14
2024-08-01 08:12:10,678 INFO Accepting from rank 14
2024-08-01 08:12:10,678 INFO Accepting from rank 14
2024-08-01 08:12:10,678 INFO Accepting from rank 14
2024-08-01 08:12:10,678 INFO Accepting from rank 14
2024-08-01 08:12:10,678 INFO Sending from rank 14
2024-08-01 08:12:10,678 INFO Accepting from rank 14
2024-08-01 08:12:10,678 INFO Accepting from rank 14
2024-08-01 08:12:10,678 INFO Accepting from rank 14
2024-08-01 08:12:10,678 INFO sent 13 -> 15 # 0 at 197520810, 0.045087 0.075912
2024-08-01 08:12:10,678 INFO Accepting from rank 14
2024-08-01 08:12:10,678 INFO Accepting from rank 14
2024-08-01 08:12:10,678 INFO Accepting from rank 14
2024-08-01 08:12:10,678 INFO recv 13 -> 15 # 0 at 219971743, 0.045087 0.075912
2024-08-01 08:12:10,678 INFO Accepting from rank 14
2024-08-01 08:12:10,678 INFO Accepting from rank 14
2024-08-01 08:12:10,682 INFO Accepting from rank 14
2024-08-01 08:12:10,682 INFO Accepting from rank 14
2024-08-01 08:12:10,719 INFO CHECKSUM 14 0 0: 1.470578
2024-08-01 08:12:10,719 INFO CHECKSUM 14 0 0: 1.470578
2024-08-01 08:12:10,729 INFO recv 14 -> 0 # 0 at 24844225, 0.712029 0.663428
2024-08-01 08:12:10,729 INFO sent 14 -> 0 # 0 at 14273245, 0.712029 0.663428
2024-08-01 08:12:10,752 INFO CHECKSUM 14 1 0: 1.470578
2024-08-01 08:12:10,759 INFO CHECKSUM 14 1 0: 1.470578
2024-08-01 08:12:10,778 INFO recv 14 -> 1 # 0 at 39563730, 0.712029 0.663428
2024-08-01 08:12:10,778 INFO sent 14 -> 1 # 0 at 14197439, 0.712029 0.663428
2024-08-01 08:12:10,816 INFO CHECKSUM 14 2 0: 1.470578
2024-08-01 08:12:10,816 INFO CHECKSUM 14 2 0: 1.470578
2024-08-01 08:12:10,830 INFO recv 14 -> 2 # 0 at 41362099, 0.712029 0.663428
2024-08-01 08:12:10,830 INFO sent 14 -> 2 # 0 at 27092397, 0.712029 0.663428
2024-08-01 08:12:10,846 INFO CHECKSUM 14 3 0: 1.470578
2024-08-01 08:12:10,846 INFO CHECKSUM 14 3 0: 1.470578
2024-08-01 08:12:10,864 INFO recv 14 -> 3 # 0 at 33043953, 0.712029 0.663428
2024-08-01 08:12:10,864 INFO sent 14 -> 3 # 0 at 14913354, 0.712029 0.663428
2024-08-01 08:12:10,897 INFO CHECKSUM 14 4 0: 1.470578
2024-08-01 08:12:10,905 INFO CHECKSUM 14 4 0: 1.470578
2024-08-01 08:12:10,913 INFO recv 14 -> 4 # 0 at 30055631, 0.712029 0.663428
2024-08-01 08:12:10,913 INFO sent 14 -> 4 # 0 at 14484835, 0.712029 0.663428
2024-08-01 08:12:10,952 INFO CHECKSUM 14 5 0: 1.470578
2024-08-01 08:12:10,952 INFO CHECKSUM 14 5 0: 1.470578
2024-08-01 08:12:10,966 INFO recv 14 -> 5 # 0 at 44138315, 0.712029 0.663428
2024-08-01 08:12:10,966 INFO sent 14 -> 5 # 0 at 29528603, 0.712029 0.663428
2024-08-01 08:12:10,992 INFO CHECKSUM 14 6 0: 1.470578
2024-08-01 08:12:10,992 INFO CHECKSUM 14 6 0: 1.470578
2024-08-01 08:12:11,006 INFO recv 14 -> 6 # 0 at 36671214, 0.712029 0.663428
2024-08-01 08:12:11,006 INFO sent 14 -> 6 # 0 at 22522873, 0.712029 0.663428
2024-08-01 08:12:11,027 INFO CHECKSUM 14 7 0: 1.470578
2024-08-01 08:12:11,028 INFO CHECKSUM 14 7 0: 1.470578
2024-08-01 08:12:11,054 INFO sent 14 -> 7 # 0 at 13947365, 0.712029 0.663428
2024-08-01 08:12:11,062 INFO recv 14 -> 7 # 0 at 48609892, 0.712029 0.663428
2024-08-01 08:12:11,092 INFO CHECKSUM 14 8 0: 1.470578
2024-08-01 08:12:11,102 INFO CHECKSUM 14 8 0: 1.470578
2024-08-01 08:12:11,110 INFO sent 14 -> 8 # 0 at 15881639, 0.712029 0.663428
2024-08-01 08:12:11,109 INFO recv 14 -> 8 # 0 at 33395015, 0.712029 0.663428
2024-08-01 08:12:11,141 INFO CHECKSUM 14 9 0: 1.470578
2024-08-01 08:12:11,142 INFO CHECKSUM 14 9 0: 1.470578
2024-08-01 08:12:11,156 INFO sent 14 -> 9 # 0 at 14480857, 0.712029 0.663428
2024-08-01 08:12:11,156 INFO recv 14 -> 9 # 0 at 29027649, 0.712029 0.663428
2024-08-01 08:12:11,179 INFO CHECKSUM 14 10 0: 1.470578
2024-08-01 08:12:11,179 INFO CHECKSUM 14 10 0: 1.470578
2024-08-01 08:12:11,192 INFO sent 14 -> 10 # 0 at 14499944, 0.712029 0.663428
2024-08-01 08:12:11,192 INFO recv 14 -> 10 # 0 at 27482796, 0.712029 0.663428
2024-08-01 08:12:11,225 INFO CHECKSUM 14 11 0: 1.470578
2024-08-01 08:12:11,225 INFO CHECKSUM 14 11 0: 1.470578
2024-08-01 08:12:11,237 INFO sent 14 -> 11 # 0 at 14139697, 0.712029 0.663428
2024-08-01 08:12:11,237 INFO recv 14 -> 11 # 0 at 26897776, 0.712029 0.663428
2024-08-01 08:12:11,256 INFO CHECKSUM 14 12 0: 1.470578
2024-08-01 08:12:11,257 INFO CHECKSUM 14 12 0: 1.470578
2024-08-01 08:12:11,272 INFO recv 14 -> 12 # 0 at 29693211, 0.712029 0.663428
2024-08-01 08:12:11,272 INFO sent 14 -> 12 # 0 at 13676510, 0.712029 0.663428
2024-08-01 08:12:11,288 INFO CHECKSUM 14 13 0: 1.470578
2024-08-01 08:12:11,289 INFO CHECKSUM 14 13 0: 1.470578
2024-08-01 08:12:11,301 INFO recv 14 -> 13 # 0 at 26865728, 0.712029 0.663428
2024-08-01 08:12:11,301 INFO sent 14 -> 13 # 0 at 14009004, 0.712029 0.663428
2024-08-01 08:12:11,507 INFO CHECKSUM 14 15 0: 1.470578
2024-08-01 08:12:11,507 INFO CHECKSUM 14 15 0: 1.470578
2024-08-01 08:12:11,515 INFO Accepting from rank 15
2024-08-01 08:12:11,515 INFO Accepting from rank 15
2024-08-01 08:12:11,515 INFO Accepting from rank 15
2024-08-01 08:12:11,515 INFO Accepting from rank 15
2024-08-01 08:12:11,515 INFO Accepting from rank 15
2024-08-01 08:12:11,515 INFO Accepting from rank 15
2024-08-01 08:12:11,515 INFO sent 14 -> 15 # 0 at 205082686, 0.712029 0.663428
2024-08-01 08:12:11,515 INFO Accepting from rank 15
2024-08-01 08:12:11,515 INFO Accepting from rank 15
2024-08-01 08:12:11,515 INFO Accepting from rank 15
2024-08-01 08:12:11,515 INFO Accepting from rank 15
2024-08-01 08:12:11,515 INFO Accepting from rank 15
2024-08-01 08:12:11,515 INFO recv 14 -> 15 # 0 at 213644627, 0.712029 0.663428
2024-08-01 08:12:11,516 INFO Sending from rank 15
2024-08-01 08:12:11,518 INFO Accepting from rank 15
2024-08-01 08:12:11,518 INFO Accepting from rank 15
2024-08-01 08:12:11,524 INFO Accepting from rank 15
2024-08-01 08:12:11,524 INFO Accepting from rank 15
2024-08-01 08:12:11,539 INFO CHECKSUM 15 0 0: 1.773441
2024-08-01 08:12:11,540 INFO CHECKSUM 15 0 0: 1.773441
2024-08-01 08:12:11,558 INFO recv 15 -> 0 # 0 at 32767059, 0.285149 0.873003
2024-08-01 08:12:11,558 INFO sent 15 -> 0 # 0 at 14064162, 0.285149 0.873003
2024-08-01 08:12:11,586 INFO CHECKSUM 15 1 0: 1.773441
2024-08-01 08:12:11,586 INFO CHECKSUM 15 1 0: 1.773441
2024-08-01 08:12:11,606 INFO recv 15 -> 1 # 0 at 34226805, 0.285149 0.873003
2024-08-01 08:12:11,606 INFO sent 15 -> 1 # 0 at 13953768, 0.285149 0.873003
2024-08-01 08:12:11,640 INFO CHECKSUM 15 2 0: 1.773441
2024-08-01 08:12:11,640 INFO CHECKSUM 15 2 0: 1.773441
2024-08-01 08:12:11,657 INFO recv 15 -> 2 # 0 at 35474721, 0.285149 0.873003
2024-08-01 08:12:11,662 INFO sent 15 -> 2 # 0 at 14185165, 0.285149 0.873003
2024-08-01 08:12:11,768 INFO CHECKSUM 15 3 0: 1.773441
2024-08-01 08:12:11,768 INFO CHECKSUM 15 3 0: 1.773441
2024-08-01 08:12:11,790 INFO recv 15 -> 3 # 0 at 104542425, 0.285149 0.873003
2024-08-01 08:12:11,790 INFO sent 15 -> 3 # 0 at 82204476, 0.285149 0.873003
2024-08-01 08:12:11,820 INFO CHECKSUM 15 4 0: 1.773441
2024-08-01 08:12:11,820 INFO CHECKSUM 15 4 0: 1.773441
2024-08-01 08:12:11,834 INFO sent 15 -> 4 # 0 at 14454977, 0.285149 0.873003
2024-08-01 08:12:11,834 INFO recv 15 -> 4 # 0 at 28230895, 0.285149 0.873003
2024-08-01 08:12:11,857 INFO CHECKSUM 15 5 0: 1.773441
2024-08-01 08:12:11,858 INFO CHECKSUM 15 5 0: 1.773441
2024-08-01 08:12:11,868 INFO recv 15 -> 5 # 0 at 25012537, 0.285149 0.873003
2024-08-01 08:12:11,868 INFO sent 15 -> 5 # 0 at 14474195, 0.285149 0.873003
2024-08-01 08:12:11,892 INFO CHECKSUM 15 6 0: 1.773441
2024-08-01 08:12:11,891 INFO CHECKSUM 15 6 0: 1.773441
2024-08-01 08:12:11,909 INFO sent 15 -> 6 # 0 at 14140408, 0.285149 0.873003
2024-08-01 08:12:11,913 INFO recv 15 -> 6 # 0 at 35963352, 0.285149 0.873003
2024-08-01 08:12:11,929 INFO CHECKSUM 15 7 0: 1.773441
2024-08-01 08:12:11,929 INFO CHECKSUM 15 7 0: 1.773441
2024-08-01 08:12:11,946 INFO recv 15 -> 7 # 0 at 31989480, 0.285149 0.873003
2024-08-01 08:12:11,952 INFO sent 15 -> 7 # 0 at 14495696, 0.285149 0.873003
2024-08-01 08:12:11,973 INFO CHECKSUM 15 8 0: 1.773441
2024-08-01 08:12:11,973 INFO CHECKSUM 15 8 0: 1.773441
2024-08-01 08:12:11,983 INFO sent 15 -> 8 # 0 at 14406443, 0.285149 0.873003
2024-08-01 08:12:11,983 INFO recv 15 -> 8 # 0 at 24956908, 0.285149 0.873003
2024-08-01 08:12:12,008 INFO CHECKSUM 15 9 0: 1.773441
2024-08-01 08:12:12,008 INFO CHECKSUM 15 9 0: 1.773441
2024-08-01 08:12:12,032 INFO sent 15 -> 9 # 0 at 14081704, 0.285149 0.873003
2024-08-01 08:12:12,032 INFO recv 15 -> 9 # 0 at 38432333, 0.285149 0.873003
2024-08-01 08:12:12,055 INFO CHECKSUM 15 10 0: 1.773441
2024-08-01 08:12:12,056 INFO CHECKSUM 15 10 0: 1.773441
2024-08-01 08:12:12,073 INFO sent 15 -> 10 # 0 at 13923298, 0.285149 0.873003
2024-08-01 08:12:12,073 INFO recv 15 -> 10 # 0 at 32001262, 0.285149 0.873003
2024-08-01 08:12:12,101 INFO CHECKSUM 15 11 0: 1.773441
2024-08-01 08:12:12,101 INFO CHECKSUM 15 11 0: 1.773441
2024-08-01 08:12:12,108 INFO recv 15 -> 11 # 0 at 29766016, 0.285149 0.873003
2024-08-01 08:12:12,108 INFO sent 15 -> 11 # 0 at 22268531, 0.285149 0.873003
2024-08-01 08:12:12,138 INFO CHECKSUM 15 12 0: 1.773441
2024-08-01 08:12:12,138 INFO CHECKSUM 15 12 0: 1.773441
2024-08-01 08:12:12,154 INFO recv 15 -> 12 # 0 at 35487556, 0.285149 0.873003
2024-08-01 08:12:12,154 INFO sent 15 -> 12 # 0 at 20178064, 0.285149 0.873003
2024-08-01 08:12:12,173 INFO CHECKSUM 15 13 0: 1.773441
2024-08-01 08:12:12,173 INFO CHECKSUM 15 13 0: 1.773441
2024-08-01 08:12:12,190 INFO recv 15 -> 13 # 0 at 31300051, 0.285149 0.873003
2024-08-01 08:12:12,190 INFO sent 15 -> 13 # 0 at 13826240, 0.285149 0.873003
2024-08-01 08:12:12,284 INFO CHECKSUM 15 14 0: 1.773441
2024-08-01 08:12:12,284 INFO CHECKSUM 15 14 0: 1.773441
2024-08-01 08:12:12,297 INFO Rank 0 start All-Reduce
2024-08-01 08:12:12,297 INFO Rank 4 start All-Reduce
2024-08-01 08:12:12,297 INFO Rank 12 start All-Reduce
2024-08-01 08:12:12,297 INFO Rank 0 HIT BARRIER
2024-08-01 08:12:12,297 INFO Rank 8 start All-Reduce
2024-08-01 08:12:12,297 INFO Rank 6 start All-Reduce
2024-08-01 08:12:12,297 INFO Rank 2 start All-Reduce
2024-08-01 08:12:12,297 INFO Rank 2 HIT BARRIER
2024-08-01 08:12:12,297 INFO Rank 9 start All-Reduce
2024-08-01 08:12:12,297 INFO recv 15 -> 14 # 0 at 95814628, 0.285149 0.873003
2024-08-01 08:12:12,298 INFO Rank 1 start All-Reduce
2024-08-01 08:12:12,297 INFO Rank 10 start All-Reduce
2024-08-01 08:12:12,297 INFO Rank 14 start All-Reduce
2024-08-01 08:12:12,298 INFO Rank 3 start All-Reduce
2024-08-01 08:12:12,297 INFO Rank 11 start All-Reduce
2024-08-01 08:12:12,297 INFO Rank 13 start All-Reduce
2024-08-01 08:12:12,298 INFO Rank 3 HIT BARRIER
2024-08-01 08:12:12,297 INFO sent 15 -> 14 # 0 at 82177845, 0.285149 0.873003
2024-08-01 08:12:12,298 INFO Rank 1 HIT BARRIER
2024-08-01 08:12:12,297 INFO Rank 15 start All-Reduce
2024-08-01 08:12:12,306 INFO Rank 5 start All-Reduce
2024-08-01 08:12:12,306 INFO Rank 7 start All-Reduce
2024-08-01 08:12:12,314 INFO Added key: store_based_barrier_key:2 to store for rank: 0
2024-08-01 08:12:12,315 INFO Added key: store_based_barrier_key:2 to store for rank: 7
2024-08-01 08:12:12,315 INFO Added key: store_based_barrier_key:2 to store for rank: 4
2024-08-01 08:12:12,315 INFO Added key: store_based_barrier_key:2 to store for rank: 12
2024-08-01 08:12:12,315 INFO Added key: store_based_barrier_key:2 to store for rank: 3
2024-08-01 08:12:12,315 INFO Added key: store_based_barrier_key:2 to store for rank: 8
2024-08-01 08:12:12,315 INFO Added key: store_based_barrier_key:2 to store for rank: 6
2024-08-01 08:12:12,315 INFO Added key: store_based_barrier_key:2 to store for rank: 2
2024-08-01 08:12:12,315 INFO Added key: store_based_barrier_key:2 to store for rank: 10
2024-08-01 08:12:12,315 INFO Added key: store_based_barrier_key:2 to store for rank: 5
2024-08-01 08:12:12,315 INFO Added key: store_based_barrier_key:2 to store for rank: 14
2024-08-01 08:12:12,315 INFO Added key: store_based_barrier_key:2 to store for rank: 1
2024-08-01 08:12:12,315 INFO Rank 8: Completed store-based barrier for key:store_based_barrier_key:2 with 16 nodes.
2024-08-01 08:12:12,315 INFO Rank 5: Completed store-based barrier for key:store_based_barrier_key:2 with 16 nodes.
2024-08-01 08:12:12,315 INFO Added key: store_based_barrier_key:2 to store for rank: 15
2024-08-01 08:12:12,315 INFO Rank 1: Completed store-based barrier for key:store_based_barrier_key:2 with 16 nodes.
2024-08-01 08:12:12,315 INFO Added key: store_based_barrier_key:2 to store for rank: 9
2024-08-01 08:12:12,315 INFO Added key: store_based_barrier_key:2 to store for rank: 13
2024-08-01 08:12:12,315 INFO Rank 2: Completed store-based barrier for key:store_based_barrier_key:2 with 16 nodes.
2024-08-01 08:12:12,315 INFO Made group
2024-08-01 08:12:12,315 INFO Added key: store_based_barrier_key:2 to store for rank: 11
2024-08-01 08:12:12,315 INFO Made group
2024-08-01 08:12:12,315 INFO Rank 9: Completed store-based barrier for key:store_based_barrier_key:2 with 16 nodes.
2024-08-01 08:12:12,315 INFO Rank 12: Completed store-based barrier for key:store_based_barrier_key:2 with 16 nodes.
2024-08-01 08:12:12,315 INFO Rank 11: Completed store-based barrier for key:store_based_barrier_key:2 with 16 nodes.
2024-08-01 08:12:12,315 INFO Rank 14: Completed store-based barrier for key:store_based_barrier_key:2 with 16 nodes.
2024-08-01 08:12:12,315 INFO Rank 15: Completed store-based barrier for key:store_based_barrier_key:2 with 16 nodes.
2024-08-01 08:12:12,315 INFO Rank 13: Completed store-based barrier for key:store_based_barrier_key:2 with 16 nodes.
2024-08-01 08:12:12,324 INFO Rank 0: Completed store-based barrier for key:store_based_barrier_key:2 with 16 nodes.
2024-08-01 08:12:12,324 INFO Made group
2024-08-01 08:12:12,325 INFO Rank 3: Completed store-based barrier for key:store_based_barrier_key:2 with 16 nodes.
2024-08-01 08:12:12,325 INFO Rank 7: Completed store-based barrier for key:store_based_barrier_key:2 with 16 nodes.
2024-08-01 08:12:12,325 INFO Made group
2024-08-01 08:12:12,325 INFO Rank 10: Completed store-based barrier for key:store_based_barrier_key:2 with 16 nodes.
2024-08-01 08:12:12,326 INFO Rank 4: Completed store-based barrier for key:store_based_barrier_key:2 with 16 nodes.
2024-08-01 08:12:12,326 INFO Rank 6: Completed store-based barrier for key:store_based_barrier_key:2 with 16 nodes.
2024-08-01 08:12:12,619 INFO Node Reduce CHECKSUM 0: 6.784918
2024-08-01 08:12:12,681 INFO Node Reduce CHECKSUM 1: 6.784918
2024-08-01 08:12:12,617 INFO Node Reduce CHECKSUM 2: 6.784918
2024-08-01 08:12:12,694 INFO Rank 4 HIT BARRIER
2024-08-01 08:12:12,557 INFO Node Reduce CHECKSUM 3: 6.784918
2024-08-01 08:12:12,694 INFO Rank 5 HIT BARRIER
2024-08-01 08:12:12,694 INFO Node Reduce rank 0 at 380872846
2024-08-01 08:12:12,694 INFO Rank 6 HIT BARRIER
2024-08-01 08:12:12,694 INFO Node Reduce rank 2 at 380211359
2024-08-01 08:12:12,694 INFO Rank 7 HIT BARRIER
2024-08-01 08:12:12,694 INFO Node Reduce rank 1 at 380225467
2024-08-01 08:12:12,694 INFO Node Reduce rank 3 at 380225476
2024-08-01 08:12:12,701 INFO Added key: store_based_barrier_key:3 to store for rank: 10
2024-08-01 08:12:12,701 INFO Added key: store_based_barrier_key:3 to store for rank: 4
2024-08-01 08:12:12,701 INFO Added key: store_based_barrier_key:3 to store for rank: 3
2024-08-01 08:12:12,701 INFO Added key: store_based_barrier_key:3 to store for rank: 9
2024-08-01 08:12:12,700 INFO Added key: store_based_barrier_key:3 to store for rank: 14
2024-08-01 08:12:12,701 INFO Added key: store_based_barrier_key:3 to store for rank: 2
2024-08-01 08:12:12,701 INFO Added key: store_based_barrier_key:3 to store for rank: 11
2024-08-01 08:12:12,701 INFO Added key: store_based_barrier_key:3 to store for rank: 12
2024-08-01 08:12:12,701 INFO Added key: store_based_barrier_key:3 to store for rank: 1
2024-08-01 08:12:12,701 INFO Added key: store_based_barrier_key:3 to store for rank: 8
2024-08-01 08:12:12,701 INFO Added key: store_based_barrier_key:3 to store for rank: 6
2024-08-01 08:12:12,701 INFO Added key: store_based_barrier_key:3 to store for rank: 13
2024-08-01 08:12:12,701 INFO Rank 1: Completed store-based barrier for key:store_based_barrier_key:3 with 16 nodes.
2024-08-01 08:12:12,701 INFO Added key: store_based_barrier_key:3 to store for rank: 7
2024-08-01 08:12:12,701 INFO Added key: store_based_barrier_key:3 to store for rank: 15
2024-08-01 08:12:12,700 INFO Added key: store_based_barrier_key:3 to store for rank: 0
2024-08-01 08:12:12,701 INFO Added key: store_based_barrier_key:3 to store for rank: 5
2024-08-01 08:12:12,701 INFO Rank 12: Completed store-based barrier for key:store_based_barrier_key:3 with 16 nodes.
2024-08-01 08:12:12,701 INFO Rank 0: Completed store-based barrier for key:store_based_barrier_key:3 with 16 nodes.
2024-08-01 08:12:12,711 INFO Rank 10: Completed store-based barrier for key:store_based_barrier_key:3 with 16 nodes.
2024-08-01 08:12:12,701 INFO Rank 7: Completed store-based barrier for key:store_based_barrier_key:3 with 16 nodes.
2024-08-01 08:12:12,701 INFO Rank 15: Completed store-based barrier for key:store_based_barrier_key:3 with 16 nodes.
2024-08-01 08:12:12,711 INFO Rank 2: Completed store-based barrier for key:store_based_barrier_key:3 with 16 nodes.
2024-08-01 08:12:12,711 INFO Rank 11: Completed store-based barrier for key:store_based_barrier_key:3 with 16 nodes.
2024-08-01 08:12:12,701 INFO Made group
2024-08-01 08:12:12,701 INFO Rank 13: Completed store-based barrier for key:store_based_barrier_key:3 with 16 nodes.
2024-08-01 08:12:12,711 INFO Rank 3: Completed store-based barrier for key:store_based_barrier_key:3 with 16 nodes.
2024-08-01 08:12:12,711 INFO Rank 9: Completed store-based barrier for key:store_based_barrier_key:3 with 16 nodes.
2024-08-01 08:12:12,701 INFO Rank 5: Completed store-based barrier for key:store_based_barrier_key:3 with 16 nodes.
2024-08-01 08:12:12,711 INFO Rank 14: Completed store-based barrier for key:store_based_barrier_key:3 with 16 nodes.
2024-08-01 08:12:12,711 INFO Rank 8: Completed store-based barrier for key:store_based_barrier_key:3 with 16 nodes.
2024-08-01 08:12:12,701 INFO Rank 6: Completed store-based barrier for key:store_based_barrier_key:3 with 16 nodes.
2024-08-01 08:12:12,701 INFO Made group
2024-08-01 08:12:12,701 INFO Made group
2024-08-01 08:12:12,711 INFO Rank 4: Completed store-based barrier for key:store_based_barrier_key:3 with 16 nodes.
2024-08-01 08:12:12,711 INFO Made group
2024-08-01 08:12:13,030 INFO Node Reduce CHECKSUM 5: 7.784132
2024-08-01 08:12:13,036 INFO Node Reduce CHECKSUM 6: 7.784132
2024-08-01 08:12:13,030 INFO Node Reduce CHECKSUM 4: 7.784132
2024-08-01 08:12:12,974 INFO Node Reduce CHECKSUM 7: 7.784132
2024-08-01 08:12:13,074 INFO Node Reduce rank 4 at 373516593
2024-08-01 08:12:13,074 INFO Rank 8 HIT BARRIER
2024-08-01 08:12:13,077 INFO Rank 10 HIT BARRIER
2024-08-01 08:12:13,077 INFO Rank 9 HIT BARRIER
2024-08-01 08:12:13,077 INFO Rank 11 HIT BARRIER
2024-08-01 08:12:13,078 INFO Node Reduce rank 5 at 377254488
2024-08-01 08:12:13,078 INFO Node Reduce rank 6 at 377454875
2024-08-01 08:12:13,078 INFO Node Reduce rank 7 at 377254026
2024-08-01 08:12:13,094 INFO Added key: store_based_barrier_key:4 to store for rank: 3
2024-08-01 08:12:13,094 INFO Added key: store_based_barrier_key:4 to store for rank: 5
2024-08-01 08:12:13,094 INFO Added key: store_based_barrier_key:4 to store for rank: 12
2024-08-01 08:12:13,094 INFO Added key: store_based_barrier_key:4 to store for rank: 1
2024-08-01 08:12:13,094 INFO Added key: store_based_barrier_key:4 to store for rank: 4
2024-08-01 08:12:13,094 INFO Added key: store_based_barrier_key:4 to store for rank: 14
2024-08-01 08:12:13,094 INFO Added key: store_based_barrier_key:4 to store for rank: 2
2024-08-01 08:12:13,094 INFO Added key: store_based_barrier_key:4 to store for rank: 9
2024-08-01 08:12:13,094 INFO Added key: store_based_barrier_key:4 to store for rank: 7
2024-08-01 08:12:13,094 INFO Added key: store_based_barrier_key:4 to store for rank: 15
2024-08-01 08:12:13,094 INFO Rank 3: Completed store-based barrier for key:store_based_barrier_key:4 with 16 nodes.
2024-08-01 08:12:13,094 INFO Added key: store_based_barrier_key:4 to store for rank: 10
2024-08-01 08:12:13,094 INFO Added key: store_based_barrier_key:4 to store for rank: 6
2024-08-01 08:12:13,094 INFO Added key: store_based_barrier_key:4 to store for rank: 13
2024-08-01 08:12:13,094 INFO Rank 2: Completed store-based barrier for key:store_based_barrier_key:4 with 16 nodes.
2024-08-01 08:12:13,094 INFO Added key: store_based_barrier_key:4 to store for rank: 11
2024-08-01 08:12:13,094 INFO Rank 4: Completed store-based barrier for key:store_based_barrier_key:4 with 16 nodes.
2024-08-01 08:12:13,094 INFO Rank 12: Completed store-based barrier for key:store_based_barrier_key:4 with 16 nodes.
2024-08-01 08:12:13,094 INFO Rank 1: Completed store-based barrier for key:store_based_barrier_key:4 with 16 nodes.
2024-08-01 08:12:13,094 INFO Added key: store_based_barrier_key:4 to store for rank: 8
2024-08-01 08:12:13,094 INFO Rank 7: Completed store-based barrier for key:store_based_barrier_key:4 with 16 nodes.
2024-08-01 08:12:13,094 INFO Rank 14: Completed store-based barrier for key:store_based_barrier_key:4 with 16 nodes.
2024-08-01 08:12:13,094 INFO Added key: store_based_barrier_key:4 to store for rank: 0
2024-08-01 08:12:13,094 INFO Rank 9: Completed store-based barrier for key:store_based_barrier_key:4 with 16 nodes.
2024-08-01 08:12:13,094 INFO Rank 5: Completed store-based barrier for key:store_based_barrier_key:4 with 16 nodes.
2024-08-01 08:12:13,094 INFO Rank 15: Completed store-based barrier for key:store_based_barrier_key:4 with 16 nodes.
2024-08-01 08:12:13,094 INFO Rank 0: Completed store-based barrier for key:store_based_barrier_key:4 with 16 nodes.
2024-08-01 08:12:13,094 INFO Rank 10: Completed store-based barrier for key:store_based_barrier_key:4 with 16 nodes.
2024-08-01 08:12:13,094 INFO Rank 6: Completed store-based barrier for key:store_based_barrier_key:4 with 16 nodes.
2024-08-01 08:12:13,094 INFO Rank 13: Completed store-based barrier for key:store_based_barrier_key:4 with 16 nodes.
2024-08-01 08:12:13,094 INFO Rank 11: Completed store-based barrier for key:store_based_barrier_key:4 with 16 nodes.
2024-08-01 08:12:13,094 INFO Made group
2024-08-01 08:12:13,094 INFO Rank 8: Completed store-based barrier for key:store_based_barrier_key:4 with 16 nodes.
2024-08-01 08:12:13,094 INFO Made group
2024-08-01 08:12:13,094 INFO Made group
2024-08-01 08:12:13,094 INFO Made group
2024-08-01 08:12:13,488 INFO Node Reduce CHECKSUM 8: 3.996675
2024-08-01 08:12:13,496 INFO Node Reduce CHECKSUM 9: 3.996675
2024-08-01 08:12:13,436 INFO Node Reduce CHECKSUM 10: 3.996675
2024-08-01 08:12:13,438 INFO Node Reduce CHECKSUM 11: 3.996675
2024-08-01 08:12:13,509 INFO Node Reduce rank 8 at 415767653
2024-08-01 08:12:13,509 INFO Rank 12 HIT BARRIER
2024-08-01 08:12:13,514 INFO Node Reduce rank 10 at 420744212
2024-08-01 08:12:13,514 INFO Rank 13 HIT BARRIER
2024-08-01 08:12:13,514 INFO Rank 14 HIT BARRIER
2024-08-01 08:12:13,514 INFO Rank 15 HIT BARRIER
2024-08-01 08:12:13,515 INFO Node Reduce rank 9 at 421416531
2024-08-01 08:12:13,515 INFO Node Reduce rank 11 at 421419056
2024-08-01 08:12:13,537 INFO Added key: store_based_barrier_key:5 to store for rank: 3
2024-08-01 08:12:13,537 INFO Added key: store_based_barrier_key:5 to store for rank: 2
2024-08-01 08:12:13,538 INFO Added key: store_based_barrier_key:5 to store for rank: 12
2024-08-01 08:12:13,538 INFO Added key: store_based_barrier_key:5 to store for rank: 1
2024-08-01 08:12:13,538 INFO Added key: store_based_barrier_key:5 to store for rank: 9
2024-08-01 08:12:13,538 INFO Added key: store_based_barrier_key:5 to store for rank: 4
2024-08-01 08:12:13,538 INFO Added key: store_based_barrier_key:5 to store for rank: 14
2024-08-01 08:12:13,538 INFO Rank 1: Completed store-based barrier for key:store_based_barrier_key:5 with 16 nodes.
2024-08-01 08:12:13,538 INFO Added key: store_based_barrier_key:5 to store for rank: 10
2024-08-01 08:12:13,538 INFO Added key: store_based_barrier_key:5 to store for rank: 5
2024-08-01 08:12:13,538 INFO Added key: store_based_barrier_key:5 to store for rank: 15
2024-08-01 08:12:13,538 INFO Added key: store_based_barrier_key:5 to store for rank: 0
2024-08-01 08:12:13,538 INFO Added key: store_based_barrier_key:5 to store for rank: 11
2024-08-01 08:12:13,538 INFO Added key: store_based_barrier_key:5 to store for rank: 6
2024-08-01 08:12:13,538 INFO Added key: store_based_barrier_key:5 to store for rank: 13
2024-08-01 08:12:13,538 INFO Rank 0: Completed store-based barrier for key:store_based_barrier_key:5 with 16 nodes.
2024-08-01 08:12:13,538 INFO Added key: store_based_barrier_key:5 to store for rank: 8
2024-08-01 08:12:13,538 INFO Added key: store_based_barrier_key:5 to store for rank: 7
2024-08-01 08:12:13,538 INFO Rank 15: Completed store-based barrier for key:store_based_barrier_key:5 with 16 nodes.
2024-08-01 08:12:13,538 INFO Rank 7: Completed store-based barrier for key:store_based_barrier_key:5 with 16 nodes.
2024-08-01 08:12:13,538 INFO Made group
2024-08-01 08:12:13,538 INFO Rank 4: Completed store-based barrier for key:store_based_barrier_key:5 with 16 nodes.
2024-08-01 08:12:13,538 INFO Rank 13: Completed store-based barrier for key:store_based_barrier_key:5 with 16 nodes.
2024-08-01 08:12:13,538 INFO Rank 5: Completed store-based barrier for key:store_based_barrier_key:5 with 16 nodes.
2024-08-01 08:12:13,538 INFO Made group
2024-08-01 08:12:13,538 INFO Rank 6: Completed store-based barrier for key:store_based_barrier_key:5 with 16 nodes.
2024-08-01 08:12:13,548 INFO Rank 3: Completed store-based barrier for key:store_based_barrier_key:5 with 16 nodes.
2024-08-01 08:12:13,548 INFO Rank 2: Completed store-based barrier for key:store_based_barrier_key:5 with 16 nodes.
2024-08-01 08:12:13,548 INFO Rank 12: Completed store-based barrier for key:store_based_barrier_key:5 with 16 nodes.
2024-08-01 08:12:13,548 INFO Rank 11: Completed store-based barrier for key:store_based_barrier_key:5 with 16 nodes.
2024-08-01 08:12:13,548 INFO Rank 14: Completed store-based barrier for key:store_based_barrier_key:5 with 16 nodes.
2024-08-01 08:12:13,548 INFO Rank 10: Completed store-based barrier for key:store_based_barrier_key:5 with 16 nodes.
2024-08-01 08:12:13,548 INFO Made group
2024-08-01 08:12:13,548 INFO Rank 8: Completed store-based barrier for key:store_based_barrier_key:5 with 16 nodes.
2024-08-01 08:12:13,548 INFO Made group
2024-08-01 08:12:13,548 INFO Rank 9: Completed store-based barrier for key:store_based_barrier_key:5 with 16 nodes.
2024-08-01 08:12:13,926 INFO Node Reduce CHECKSUM 13: 5.237025
2024-08-01 08:12:13,929 INFO Node Reduce CHECKSUM 14: 5.237025
2024-08-01 08:12:13,868 INFO Node Reduce CHECKSUM 15: 5.237025
2024-08-01 08:12:13,868 INFO Node Reduce CHECKSUM 12: 5.237025
2024-08-01 08:12:13,947 INFO Node Reduce rank 12 at 409365183
2024-08-01 08:12:13,947 INFO Node Reduce rank 14 at 409381163
2024-08-01 08:12:13,947 INFO Node Reduce rank 13 at 409185414
2024-08-01 08:12:13,947 INFO Node Reduce rank 15 at 409188170
2024-08-01 08:12:13,949 INFO All Reduce CHECKSUM 4: 25.951178
2024-08-01 08:12:13,950 INFO All Reduce CHECKSUM 5: 25.951178
2024-08-01 08:12:13,950 INFO All Reduce CHECKSUM 12: 25.951178
2024-08-01 08:12:13,950 INFO All Reduce CHECKSUM 0: 25.951178
2024-08-01 08:12:13,950 INFO All Reduce CHECKSUM 8: 25.951178
2024-08-01 08:12:13,950 INFO All Reduce CHECKSUM 6: 25.951178
2024-08-01 08:12:13,950 INFO All Reduce CHECKSUM 13: 25.951178
2024-08-01 08:12:13,950 INFO All Reduce CHECKSUM 1: 25.951178
2024-08-01 08:12:13,950 INFO All Reduce CHECKSUM 9: 25.951178
2024-08-01 08:12:13,950 INFO All Reduce CHECKSUM 7: 25.951178
2024-08-01 08:12:13,950 INFO All Reduce CHECKSUM 14: 25.951178
2024-08-01 08:12:13,950 INFO All Reduce CHECKSUM 2: 25.951178
2024-08-01 08:12:13,950 INFO All Reduce CHECKSUM 10: 25.951178
2024-08-01 08:12:13,950 INFO All Reduce rank 4 at 1006030
2024-08-01 08:12:13,950 INFO All Reduce CHECKSUM 15: 25.951178
2024-08-01 08:12:13,950 INFO All Reduce CHECKSUM 3: 25.951178
2024-08-01 08:12:13,950 INFO All Reduce CHECKSUM 11: 25.951178
2024-08-01 08:12:13,950 INFO All Reduce rank 5 at 530819
2024-08-01 08:12:13,950 INFO Rank 5 done
2024-08-01 08:12:13,950 INFO All Reduce rank 12 at 981920
2024-08-01 08:12:13,950 INFO All Reduce rank 0 at 977666
2024-08-01 08:12:13,950 INFO All Reduce rank 8 at 971767
2024-08-01 08:12:13,950 INFO All Reduce rank 6 at 532943
2024-08-01 08:12:13,950 INFO Rank 6 done
2024-08-01 08:12:13,950 INFO All Reduce rank 13 at 979075
2024-08-01 08:12:13,950 INFO All Reduce rank 1 at 503041
2024-08-01 08:12:13,950 INFO All Reduce rank 9 at 993659
2024-08-01 08:12:13,950 INFO Rank 9 done
2024-08-01 08:12:13,950 INFO All Reduce rank 7 at 533374
2024-08-01 08:12:13,950 INFO Rank 7 done
2024-08-01 08:12:13,950 INFO All Reduce rank 14 at 981429
2024-08-01 08:12:13,950 INFO All Reduce rank 2 at 495906
2024-08-01 08:12:13,950 INFO All Reduce rank 10 at 972348
2024-08-01 08:12:13,950 INFO Rank 10 done
2024-08-01 08:12:13,950 INFO Rank 4 done
2024-08-01 08:12:13,950 INFO All Reduce rank 15 at 976891
2024-08-01 08:12:13,950 INFO All Reduce rank 3 at 529762
2024-08-01 08:12:13,950 INFO All Reduce rank 11 at 973550
2024-08-01 08:12:13,950 INFO Rank 11 done
2024-08-01 08:12:13,950 INFO Rank 12 done
2024-08-01 08:12:13,950 INFO Rank 2 done
2024-08-01 08:12:13,950 INFO Rank 8 done
2024-08-01 08:12:13,950 INFO Rank 13 done
2024-08-01 08:12:13,950 INFO Rank 3 done
2024-08-01 08:12:13,950 INFO Rank 15 done
2024-08-01 08:12:13,950 INFO Rank 0 done
2024-08-01 08:12:13,950 INFO Rank 14 done
2024-08-01 08:12:13,950 INFO Rank 1 done
