
srun: Step created for StepId=29654716.3
2024-08-21 20:52:13,626 INFO Initialized rank 10 out of 16
2024-08-21 20:52:13,627 INFO Initialized rank 11 out of 16
2024-08-21 20:52:13,627 INFO Initialized rank 3 out of 16
2024-08-21 20:52:13,628 INFO Initialized rank 1 out of 16
2024-08-21 20:52:13,628 INFO Initialized rank 0 out of 16
2024-08-21 20:52:13,629 INFO Initialized rank 7 out of 16
2024-08-21 20:52:13,630 INFO Initialized rank 15 out of 16
2024-08-21 20:52:13,630 INFO Initialized rank 12 out of 16
2024-08-21 20:52:13,630 INFO Initialized rank 13 out of 16
2024-08-21 20:52:13,631 INFO Initialized rank 2 out of 16
2024-08-21 20:52:13,631 INFO Initialized rank 4 out of 16
2024-08-21 20:52:13,631 INFO Initialized rank 14 out of 16
2024-08-21 20:52:13,633 INFO Initialized rank 9 out of 16
2024-08-21 20:52:13,637 INFO Initialized rank 8 out of 16
2024-08-21 20:52:13,642 INFO Initialized rank 6 out of 16
2024-08-21 20:52:13,642 INFO Initialized rank 5 out of 16
2024-08-21 20:52:16,340 INFO Sync time
2024-08-21 20:52:16,340 INFO Sync time
2024-08-21 20:52:16,340 INFO Sync time
2024-08-21 20:52:16,340 INFO Sync time
2024-08-21 20:52:16,340 INFO Sync time
2024-08-21 20:52:16,340 INFO Sync time
2024-08-21 20:52:16,340 INFO Sync time
2024-08-21 20:52:16,340 INFO Sync time
2024-08-21 20:52:16,340 INFO Sync time
2024-08-21 20:52:16,340 INFO Sync time
2024-08-21 20:52:16,340 INFO Sync time
2024-08-21 20:52:16,340 INFO Sync time
2024-08-21 20:52:16,340 INFO Sync time
2024-08-21 20:52:16,340 INFO Sending from rank 0
2024-08-21 20:52:16,340 INFO Sync time
2024-08-21 20:52:16,340 INFO Sync time
2024-08-21 20:52:16,340 INFO Sync time
2024-08-21 20:52:16,340 INFO Accepting from rank 0
2024-08-21 20:52:16,340 INFO Accepting from rank 0
2024-08-21 20:52:16,340 INFO Accepting from rank 0
2024-08-21 20:52:16,340 INFO Accepting from rank 0
2024-08-21 20:52:16,340 INFO Accepting from rank 0
2024-08-21 20:52:16,340 INFO Accepting from rank 0
2024-08-21 20:52:16,340 INFO Accepting from rank 0
2024-08-21 20:52:16,340 INFO Accepting from rank 0
2024-08-21 20:52:16,340 INFO Accepting from rank 0
2024-08-21 20:52:16,340 INFO Accepting from rank 0
2024-08-21 20:52:16,340 INFO Accepting from rank 0
2024-08-21 20:52:16,340 INFO Accepting from rank 0
2024-08-21 20:52:16,340 INFO Accepting from rank 0
2024-08-21 20:52:16,340 INFO Accepting from rank 0
2024-08-21 20:52:16,340 INFO Accepting from rank 0
2024-08-21 20:52:25,278 INFO CHECKSUM 0 1 0: 1.001606
2024-08-21 20:52:25,279 INFO CHECKSUM 0 1 0: 1.001606
2024-08-21 20:52:26,569 INFO sent 0 -> 1 # 0 at 172743572, 0.558027 0.986730
2024-08-21 20:52:26,578 INFO recv 0 -> 1 # 0 at 171472983, 0.558027 0.986730
2024-08-21 20:52:35,571 INFO CHECKSUM 0 2 0: 1.929245
2024-08-21 20:52:35,573 INFO CHECKSUM 0 2 0: 1.929245
2024-08-21 20:52:36,763 INFO sent 0 -> 2 # 0 at 246262313, 0.654316 0.884603
2024-08-21 20:52:36,764 INFO recv 0 -> 2 # 0 at 247656580, 0.654316 0.884603
2024-08-21 20:52:45,794 INFO CHECKSUM 0 3 0: 1.856133
2024-08-21 20:52:45,796 INFO CHECKSUM 0 3 0: 1.856133
2024-08-21 20:52:46,804 INFO sent 0 -> 3 # 0 at 277168127, 0.837931 0.537077
2024-08-21 20:52:46,809 INFO recv 0 -> 3 # 0 at 265505541, 0.837931 0.537077
2024-08-21 20:52:55,736 INFO CHECKSUM 0 4 0: 1.590290
2024-08-21 20:52:55,738 INFO CHECKSUM 0 4 0: 1.590290
2024-08-21 20:52:56,768 INFO sent 0 -> 4 # 0 at 211379707, 0.178585 0.592222
2024-08-21 20:52:56,768 INFO recv 0 -> 4 # 0 at 205944664, 0.178585 0.592222
2024-08-21 20:53:05,776 INFO CHECKSUM 0 5 0: 1.166474
2024-08-21 20:53:05,777 INFO CHECKSUM 0 5 0: 1.166474
2024-08-21 20:53:06,783 INFO sent 0 -> 5 # 0 at 256624551, 0.762001 0.358191
2024-08-21 20:53:06,791 INFO recv 0 -> 5 # 0 at 249309948, 0.762001 0.358191
2024-08-21 20:53:15,795 INFO CHECKSUM 0 6 0: 0.720891
2024-08-21 20:53:15,797 INFO CHECKSUM 0 6 0: 0.720891
2024-08-21 20:53:17,132 INFO recv 0 -> 6 # 0 at 256765762, 0.972727 0.685259
2024-08-21 20:53:17,131 INFO sent 0 -> 6 # 0 at 259208539, 0.972727 0.685259
2024-08-21 20:53:26,079 INFO CHECKSUM 0 7 0: 2.582342
2024-08-21 20:53:26,080 INFO CHECKSUM 0 7 0: 2.582342
2024-08-21 20:53:27,168 INFO sent 0 -> 7 # 0 at 195028559, 0.677277 0.764964
2024-08-21 20:53:27,168 INFO recv 0 -> 7 # 0 at 188066959, 0.677277 0.764964
2024-08-21 20:53:36,093 INFO CHECKSUM 0 8 0: 2.095069
2024-08-21 20:53:36,094 INFO CHECKSUM 0 8 0: 2.095069
2024-08-21 20:53:37,301 INFO sent 0 -> 8 # 0 at 175359097, 0.120083 0.315352
2024-08-21 20:53:37,301 INFO recv 0 -> 8 # 0 at 176482468, 0.120083 0.315352
2024-08-21 20:53:46,247 INFO CHECKSUM 0 9 0: 1.471124
2024-08-21 20:53:46,248 INFO CHECKSUM 0 9 0: 1.471124
2024-08-21 20:53:47,433 INFO recv 0 -> 9 # 0 at 190243313, 0.118159 0.410529
2024-08-21 20:53:47,433 INFO sent 0 -> 9 # 0 at 196643853, 0.118159 0.410529
2024-08-21 20:53:56,402 INFO CHECKSUM 0 10 0: 1.511039
2024-08-21 20:53:56,403 INFO CHECKSUM 0 10 0: 1.511039
2024-08-21 20:53:57,530 INFO recv 0 -> 10 # 0 at 218924867, 0.735331 0.255683
2024-08-21 20:53:57,530 INFO sent 0 -> 10 # 0 at 217793940, 0.735331 0.255683
2024-08-21 20:54:06,489 INFO CHECKSUM 0 11 0: 1.591193
2024-08-21 20:54:06,491 INFO CHECKSUM 0 11 0: 1.591193
2024-08-21 20:54:07,640 INFO sent 0 -> 11 # 0 at 235193599, 0.398867 0.314249
2024-08-21 20:54:07,640 INFO recv 0 -> 11 # 0 at 236306555, 0.398867 0.314249
2024-08-21 20:54:16,590 INFO CHECKSUM 0 12 0: 1.136235
2024-08-21 20:54:16,591 INFO CHECKSUM 0 12 0: 1.136235
2024-08-21 20:54:17,748 INFO sent 0 -> 12 # 0 at 203595865, 0.846055 0.626994
2024-08-21 20:54:17,748 INFO recv 0 -> 12 # 0 at 204632949, 0.846055 0.626994
2024-08-21 20:54:26,698 INFO CHECKSUM 0 13 0: 1.865333
2024-08-21 20:54:26,699 INFO CHECKSUM 0 13 0: 1.865333
2024-08-21 20:54:27,932 INFO sent 0 -> 13 # 0 at 200975478, 0.487653 0.131091
2024-08-21 20:54:27,937 INFO recv 0 -> 13 # 0 at 202052162, 0.487653 0.131091
2024-08-21 20:54:36,863 INFO CHECKSUM 0 14 0: 1.840970
2024-08-21 20:54:36,864 INFO CHECKSUM 0 14 0: 1.840970
2024-08-21 20:54:38,025 INFO sent 0 -> 14 # 0 at 187144447, 0.498551 0.939048
2024-08-21 20:54:38,025 INFO recv 0 -> 14 # 0 at 183003817, 0.498551 0.939048
2024-08-21 20:54:46,963 INFO CHECKSUM 0 15 0: 1.715927
2024-08-21 20:54:46,964 INFO CHECKSUM 0 15 0: 1.715927
2024-08-21 20:54:48,073 INFO Accepting from rank 1
2024-08-21 20:54:48,073 INFO Accepting from rank 1
2024-08-21 20:54:48,073 INFO Accepting from rank 1
2024-08-21 20:54:48,073 INFO sent 0 -> 15 # 0 at 141813512, 0.620091 0.372569
2024-08-21 20:54:48,073 INFO Accepting from rank 1
2024-08-21 20:54:48,073 INFO Accepting from rank 1
2024-08-21 20:54:48,073 INFO Sending from rank 1
2024-08-21 20:54:48,073 INFO Accepting from rank 1
2024-08-21 20:54:48,073 INFO Accepting from rank 1
2024-08-21 20:54:48,073 INFO Accepting from rank 1
2024-08-21 20:54:48,073 INFO Accepting from rank 1
2024-08-21 20:54:48,073 INFO Accepting from rank 1
2024-08-21 20:54:48,073 INFO Accepting from rank 1
2024-08-21 20:54:48,073 INFO recv 0 -> 15 # 0 at 136363128, 0.620091 0.372569
2024-08-21 20:54:48,073 INFO Accepting from rank 1
2024-08-21 20:54:48,073 INFO Accepting from rank 1
2024-08-21 20:54:48,073 INFO Accepting from rank 1
2024-08-21 20:54:48,098 INFO Accepting from rank 1
2024-08-21 20:54:57,039 INFO CHECKSUM 1 0 0: 1.919571
2024-08-21 20:54:57,039 INFO CHECKSUM 1 0 0: 1.919571
2024-08-21 20:54:58,064 INFO recv 1 -> 0 # 0 at 27717318, 0.748309 0.696924
2024-08-21 20:54:58,068 INFO sent 1 -> 0 # 0 at 27406126, 0.748309 0.696924
2024-08-21 20:55:07,211 INFO CHECKSUM 1 2 0: 0.947387
2024-08-21 20:55:07,211 INFO CHECKSUM 1 2 0: 0.947387
2024-08-21 20:55:08,407 INFO recv 1 -> 2 # 0 at 192986636, 0.456594 0.947484
2024-08-21 20:55:08,408 INFO sent 1 -> 2 # 0 at 192322280, 0.456594 0.947484
2024-08-21 20:55:17,520 INFO CHECKSUM 1 3 0: 1.483564
2024-08-21 20:55:17,520 INFO CHECKSUM 1 3 0: 1.483564
2024-08-21 20:55:18,487 INFO sent 1 -> 3 # 0 at 180348954, 0.661160 0.868718
2024-08-21 20:55:18,487 INFO recv 1 -> 3 # 0 at 180612594, 0.661160 0.868718
2024-08-21 20:55:27,575 INFO CHECKSUM 1 4 0: 1.549841
2024-08-21 20:55:27,575 INFO CHECKSUM 1 4 0: 1.549841
2024-08-21 20:55:28,921 INFO recv 1 -> 4 # 0 at 173377816, 0.344009 0.897923
2024-08-21 20:55:28,921 INFO sent 1 -> 4 # 0 at 173245987, 0.344009 0.897923
2024-08-21 20:55:37,938 INFO CHECKSUM 1 5 0: 1.105961
2024-08-21 20:55:37,940 INFO CHECKSUM 1 5 0: 1.105961
2024-08-21 20:55:39,160 INFO sent 1 -> 5 # 0 at 105002692, 0.787969 0.225598
2024-08-21 20:55:39,160 INFO recv 1 -> 5 # 0 at 108800688, 0.787969 0.225598
2024-08-21 20:55:48,497 INFO CHECKSUM 1 6 0: 0.574676
2024-08-21 20:55:48,497 INFO CHECKSUM 1 6 0: 0.574676
2024-08-21 20:55:49,627 INFO recv 1 -> 6 # 0 at 167235063, 0.436245 0.971824
2024-08-21 20:55:49,628 INFO sent 1 -> 6 # 0 at 166867479, 0.436245 0.971824
2024-08-21 20:55:58,747 INFO CHECKSUM 1 7 0: 1.983350
2024-08-21 20:55:58,747 INFO CHECKSUM 1 7 0: 1.983350
2024-08-21 20:55:59,946 INFO recv 1 -> 7 # 0 at 183459230, 0.130970 0.415549
2024-08-21 20:55:59,946 INFO sent 1 -> 7 # 0 at 177499483, 0.130970 0.415549
2024-08-21 20:56:09,025 INFO CHECKSUM 1 8 0: 2.373159
2024-08-21 20:56:09,025 INFO CHECKSUM 1 8 0: 2.373159
2024-08-21 20:56:10,209 INFO sent 1 -> 8 # 0 at 169183990, 0.570652 0.796795
2024-08-21 20:56:10,209 INFO recv 1 -> 8 # 0 at 175238202, 0.570652 0.796795
2024-08-21 20:56:19,273 INFO CHECKSUM 1 9 0: 2.294366
2024-08-21 20:56:19,274 INFO CHECKSUM 1 9 0: 2.294366
2024-08-21 20:56:20,340 INFO sent 1 -> 9 # 0 at 159046339, 0.192313 0.629134
2024-08-21 20:56:20,340 INFO recv 1 -> 9 # 0 at 159369028, 0.192313 0.629134
2024-08-21 20:56:29,451 INFO CHECKSUM 1 10 0: 1.549065
2024-08-21 20:56:29,452 INFO CHECKSUM 1 10 0: 1.549065
2024-08-21 20:56:30,638 INFO recv 1 -> 10 # 0 at 190949204, 0.690700 0.418622
2024-08-21 20:56:30,640 INFO sent 1 -> 10 # 0 at 191581240, 0.690700 0.418622
2024-08-21 20:56:39,702 INFO CHECKSUM 1 11 0: 1.684724
2024-08-21 20:56:39,709 INFO CHECKSUM 1 11 0: 1.684724
2024-08-21 20:56:40,920 INFO recv 1 -> 11 # 0 at 168673115, 0.421231 0.159657
2024-08-21 20:56:40,927 INFO sent 1 -> 11 # 0 at 162021402, 0.421231 0.159657
2024-08-21 20:56:50,007 INFO CHECKSUM 1 12 0: 2.105982
2024-08-21 20:56:50,007 INFO CHECKSUM 1 12 0: 2.105982
2024-08-21 20:56:51,089 INFO recv 1 -> 12 # 0 at 180315310, 0.163742 0.396764
2024-08-21 20:56:51,089 INFO sent 1 -> 12 # 0 at 180223374, 0.163742 0.396764
2024-08-21 20:57:00,199 INFO CHECKSUM 1 13 0: 0.769843
2024-08-21 20:57:00,199 INFO CHECKSUM 1 13 0: 0.769843
2024-08-21 20:57:01,255 INFO sent 1 -> 13 # 0 at 193426969, 0.002043 0.076004
2024-08-21 20:57:01,255 INFO recv 1 -> 13 # 0 at 178730706, 0.002043 0.076004
2024-08-21 20:57:10,385 INFO CHECKSUM 1 14 0: 1.351678
2024-08-21 20:57:10,386 INFO CHECKSUM 1 14 0: 1.351678
2024-08-21 20:57:11,405 INFO recv 1 -> 14 # 0 at 209065734, 0.568187 0.500984
2024-08-21 20:57:11,414 INFO sent 1 -> 14 # 0 at 207824702, 0.568187 0.500984
2024-08-21 20:57:20,448 INFO CHECKSUM 1 15 0: 1.769524
2024-08-21 20:57:20,448 INFO CHECKSUM 1 15 0: 1.769524
2024-08-21 20:57:21,500 INFO sent 1 -> 15 # 0 at 125168168, 0.624552 0.455198
2024-08-21 20:57:21,500 INFO Sending from rank 2
2024-08-21 20:57:21,500 INFO Accepting from rank 2
2024-08-21 20:57:21,500 INFO Accepting from rank 2
2024-08-21 20:57:21,500 INFO Accepting from rank 2
2024-08-21 20:57:21,500 INFO Accepting from rank 2
2024-08-21 20:57:21,500 INFO Accepting from rank 2
2024-08-21 20:57:21,500 INFO Accepting from rank 2
2024-08-21 20:57:21,500 INFO Accepting from rank 2
2024-08-21 20:57:21,500 INFO Accepting from rank 2
2024-08-21 20:57:21,500 INFO Accepting from rank 2
2024-08-21 20:57:21,500 INFO Accepting from rank 2
2024-08-21 20:57:21,500 INFO Accepting from rank 2
2024-08-21 20:57:21,500 INFO Accepting from rank 2
2024-08-21 20:57:21,500 INFO Accepting from rank 2
2024-08-21 20:57:21,500 INFO recv 1 -> 15 # 0 at 127195553, 0.624552 0.455198
2024-08-21 20:57:21,500 INFO Accepting from rank 2
2024-08-21 20:57:21,525 INFO Accepting from rank 2
2024-08-21 20:57:30,237 INFO CHECKSUM 2 0 0: 1.582081
2024-08-21 20:57:30,236 INFO CHECKSUM 2 0 0: 1.582081
2024-08-21 20:57:31,261 INFO recv 2 -> 0 # 0 at 15056973, 0.089583 0.475803
2024-08-21 20:57:31,261 INFO sent 2 -> 0 # 0 at 14285781, 0.089583 0.475803
2024-08-21 20:57:39,989 INFO CHECKSUM 2 1 0: 2.129423
2024-08-21 20:57:39,989 INFO CHECKSUM 2 1 0: 2.129423
2024-08-21 20:57:40,993 INFO recv 2 -> 1 # 0 at 15448350, 0.482699 0.007217
2024-08-21 20:57:40,993 INFO sent 2 -> 1 # 0 at 15053386, 0.482699 0.007217
2024-08-21 20:57:49,887 INFO CHECKSUM 2 3 0: 2.003080
2024-08-21 20:57:49,887 INFO CHECKSUM 2 3 0: 2.003080
2024-08-21 20:57:50,932 INFO sent 2 -> 3 # 0 at 191061858, 0.963837 0.759870
2024-08-21 20:57:50,932 INFO recv 2 -> 3 # 0 at 191086225, 0.963837 0.759870
2024-08-21 20:57:59,824 INFO CHECKSUM 2 4 0: 1.682164
2024-08-21 20:57:59,824 INFO CHECKSUM 2 4 0: 1.682164
2024-08-21 20:58:01,057 INFO sent 2 -> 4 # 0 at 172151661, 0.488641 0.647855
2024-08-21 20:58:01,057 INFO recv 2 -> 4 # 0 at 172280018, 0.488641 0.647855
2024-08-21 20:58:09,964 INFO CHECKSUM 2 5 0: 1.018005
2024-08-21 20:58:09,965 INFO CHECKSUM 2 5 0: 1.018005
2024-08-21 20:58:11,200 INFO sent 2 -> 5 # 0 at 172168575, 0.194672 0.852342
2024-08-21 20:58:11,200 INFO recv 2 -> 5 # 0 at 173150582, 0.194672 0.852342
2024-08-21 20:58:20,115 INFO CHECKSUM 2 6 0: 1.640293
2024-08-21 20:58:20,115 INFO CHECKSUM 2 6 0: 1.640293
2024-08-21 20:58:21,360 INFO sent 2 -> 6 # 0 at 183066703, 0.916039 0.230528
2024-08-21 20:58:21,360 INFO recv 2 -> 6 # 0 at 183252185, 0.916039 0.230528
2024-08-21 20:58:30,304 INFO CHECKSUM 2 7 0: 0.369662
2024-08-21 20:58:30,305 INFO CHECKSUM 2 7 0: 0.369662
2024-08-21 20:58:31,447 INFO sent 2 -> 7 # 0 at 212630759, 0.648473 0.197184
2024-08-21 20:58:31,447 INFO recv 2 -> 7 # 0 at 209481109, 0.648473 0.197184
2024-08-21 20:58:40,392 INFO CHECKSUM 2 8 0: 1.418202
2024-08-21 20:58:40,392 INFO CHECKSUM 2 8 0: 1.418202
2024-08-21 20:58:41,607 INFO recv 2 -> 8 # 0 at 224387295, 0.535048 0.766386
2024-08-21 20:58:41,607 INFO sent 2 -> 8 # 0 at 224158445, 0.535048 0.766386
2024-08-21 20:58:50,502 INFO CHECKSUM 2 9 0: 0.700502
2024-08-21 20:58:50,503 INFO CHECKSUM 2 9 0: 0.700502
2024-08-21 20:58:51,608 INFO recv 2 -> 9 # 0 at 189791526, 0.373295 0.946698
2024-08-21 20:58:51,608 INFO sent 2 -> 9 # 0 at 189467820, 0.373295 0.946698
2024-08-21 20:59:00,488 INFO CHECKSUM 2 10 0: 2.187983
2024-08-21 20:59:00,488 INFO CHECKSUM 2 10 0: 2.187983
2024-08-21 20:59:01,670 INFO recv 2 -> 10 # 0 at 176652362, 0.674523 0.700188
2024-08-21 20:59:01,671 INFO sent 2 -> 10 # 0 at 176630481, 0.674523 0.700188
2024-08-21 20:59:10,520 INFO CHECKSUM 2 11 0: 1.449011
2024-08-21 20:59:10,521 INFO CHECKSUM 2 11 0: 1.449011
2024-08-21 20:59:11,579 INFO sent 2 -> 11 # 0 at 116550100, 0.574766 0.392707
2024-08-21 20:59:11,579 INFO recv 2 -> 11 # 0 at 111280130, 0.574766 0.392707
2024-08-21 20:59:20,467 INFO CHECKSUM 2 12 0: 1.914156
2024-08-21 20:59:20,468 INFO CHECKSUM 2 12 0: 1.914156
2024-08-21 20:59:21,665 INFO recv 2 -> 12 # 0 at 198599620, 0.104922 0.942244
2024-08-21 20:59:21,665 INFO sent 2 -> 12 # 0 at 198246849, 0.104922 0.942244
2024-08-21 20:59:30,473 INFO CHECKSUM 2 13 0: 2.119225
2024-08-21 20:59:30,475 INFO CHECKSUM 2 13 0: 2.119225
2024-08-21 20:59:31,730 INFO recv 2 -> 13 # 0 at 101796860, 0.918637 0.982088
2024-08-21 20:59:31,731 INFO sent 2 -> 13 # 0 at 103436542, 0.918637 0.982088
2024-08-21 20:59:40,619 INFO CHECKSUM 2 14 0: 2.158963
2024-08-21 20:59:40,619 INFO CHECKSUM 2 14 0: 2.158963
2024-08-21 20:59:41,788 INFO recv 2 -> 14 # 0 at 170687403, 0.625847 0.716641
2024-08-21 20:59:41,799 INFO sent 2 -> 14 # 0 at 170642022, 0.625847 0.716641
2024-08-21 20:59:50,675 INFO CHECKSUM 2 15 0: 0.952048
2024-08-21 20:59:50,675 INFO CHECKSUM 2 15 0: 0.952048
2024-08-21 20:59:51,993 INFO Accepting from rank 3
2024-08-21 20:59:51,993 INFO Accepting from rank 3
2024-08-21 20:59:51,993 INFO Accepting from rank 3
2024-08-21 20:59:51,993 INFO Accepting from rank 3
2024-08-21 20:59:51,993 INFO Accepting from rank 3
2024-08-21 20:59:51,993 INFO Accepting from rank 3
2024-08-21 20:59:51,993 INFO Accepting from rank 3
2024-08-21 20:59:51,993 INFO Accepting from rank 3
2024-08-21 20:59:51,993 INFO sent 2 -> 15 # 0 at 165275362, 0.231305 0.220330
2024-08-21 20:59:51,993 INFO Accepting from rank 3
2024-08-21 20:59:51,993 INFO Accepting from rank 3
2024-08-21 20:59:51,993 INFO Accepting from rank 3
2024-08-21 20:59:51,993 INFO Sending from rank 3
2024-08-21 20:59:51,993 INFO Accepting from rank 3
2024-08-21 20:59:51,993 INFO Accepting from rank 3
2024-08-21 20:59:51,993 INFO recv 2 -> 15 # 0 at 165583781, 0.231305 0.220330
2024-08-21 20:59:51,993 INFO Accepting from rank 3
2024-08-21 20:59:52,012 INFO Accepting from rank 3
2024-08-21 21:00:00,748 INFO CHECKSUM 3 0 0: 2.194602
2024-08-21 21:00:00,748 INFO CHECKSUM 3 0 0: 2.194602
2024-08-21 21:00:02,074 INFO recv 3 -> 0 # 0 at 24433466, 0.741047 0.563908
2024-08-21 21:00:02,074 INFO sent 3 -> 0 # 0 at 14329674, 0.741047 0.563908
2024-08-21 21:00:10,823 INFO CHECKSUM 3 1 0: 1.885569
2024-08-21 21:00:10,823 INFO CHECKSUM 3 1 0: 1.885569
2024-08-21 21:00:11,960 INFO recv 3 -> 1 # 0 at 14544620, 0.747683 0.128383
2024-08-21 21:00:11,960 INFO sent 3 -> 1 # 0 at 14178010, 0.747683 0.128383
2024-08-21 21:00:20,755 INFO CHECKSUM 3 2 0: 2.142194
2024-08-21 21:00:20,756 INFO CHECKSUM 3 2 0: 2.142194
2024-08-21 21:00:21,776 INFO recv 3 -> 2 # 0 at 81994443, 0.314475 0.049470
2024-08-21 21:00:21,776 INFO sent 3 -> 2 # 0 at 81288046, 0.314475 0.049470
2024-08-21 21:00:30,679 INFO CHECKSUM 3 4 0: 1.947065
2024-08-21 21:00:30,680 INFO CHECKSUM 3 4 0: 1.947065
2024-08-21 21:00:31,664 INFO recv 3 -> 4 # 0 at 178162414, 0.172603 0.720593
2024-08-21 21:00:31,664 INFO sent 3 -> 4 # 0 at 177658351, 0.172603 0.720593
2024-08-21 21:00:40,551 INFO CHECKSUM 3 5 0: 2.226224
2024-08-21 21:00:40,551 INFO CHECKSUM 3 5 0: 2.226224
2024-08-21 21:00:41,802 INFO sent 3 -> 5 # 0 at 104619651, 0.297661 0.754646
2024-08-21 21:00:41,802 INFO recv 3 -> 5 # 0 at 104927394, 0.297661 0.754646
2024-08-21 21:00:50,687 INFO CHECKSUM 3 6 0: 0.559925
2024-08-21 21:00:50,688 INFO CHECKSUM 3 6 0: 0.559925
2024-08-21 21:00:51,920 INFO sent 3 -> 6 # 0 at 159281110, 0.822797 0.451978
2024-08-21 21:00:51,920 INFO recv 3 -> 6 # 0 at 159922466, 0.822797 0.451978
2024-08-21 21:01:00,820 INFO CHECKSUM 3 7 0: 1.856514
2024-08-21 21:01:00,820 INFO CHECKSUM 3 7 0: 1.856514
2024-08-21 21:01:01,873 INFO sent 3 -> 7 # 0 at 190704266, 0.988012 0.797320
2024-08-21 21:01:01,873 INFO recv 3 -> 7 # 0 at 190820442, 0.988012 0.797320
2024-08-21 21:01:10,795 INFO CHECKSUM 3 8 0: 1.568436
2024-08-21 21:01:10,795 INFO CHECKSUM 3 8 0: 1.568436
2024-08-21 21:01:11,962 INFO recv 3 -> 8 # 0 at 173732172, 0.430974 0.886717
2024-08-21 21:01:11,962 INFO sent 3 -> 8 # 0 at 173266029, 0.430974 0.886717
2024-08-21 21:01:20,859 INFO CHECKSUM 3 9 0: 1.250630
2024-08-21 21:01:20,859 INFO CHECKSUM 3 9 0: 1.250630
2024-08-21 21:01:21,852 INFO recv 3 -> 9 # 0 at 193242225, 0.408094 0.054882
2024-08-21 21:01:21,852 INFO sent 3 -> 9 # 0 at 193004074, 0.408094 0.054882
2024-08-21 21:01:30,726 INFO CHECKSUM 3 10 0: 1.756911
2024-08-21 21:01:30,726 INFO CHECKSUM 3 10 0: 1.756911
2024-08-21 21:01:31,937 INFO recv 3 -> 10 # 0 at 160078635, 0.022401 0.705168
2024-08-21 21:01:31,941 INFO sent 3 -> 10 # 0 at 159617933, 0.022401 0.705168
2024-08-21 21:01:40,809 INFO CHECKSUM 3 11 0: 1.599323
2024-08-21 21:01:40,809 INFO CHECKSUM 3 11 0: 1.599323
2024-08-21 21:01:41,961 INFO recv 3 -> 11 # 0 at 105290695, 0.690503 0.260341
2024-08-21 21:01:41,961 INFO sent 3 -> 11 # 0 at 106662378, 0.690503 0.260341
2024-08-21 21:01:50,911 INFO CHECKSUM 3 12 0: 1.677241
2024-08-21 21:01:50,912 INFO CHECKSUM 3 12 0: 1.677241
2024-08-21 21:01:52,152 INFO sent 3 -> 12 # 0 at 188855573, 0.321514 0.242301
2024-08-21 21:01:52,152 INFO recv 3 -> 12 # 0 at 193904119, 0.321514 0.242301
2024-08-21 21:02:01,149 INFO CHECKSUM 3 13 0: 0.675885
2024-08-21 21:02:01,150 INFO CHECKSUM 3 13 0: 0.675885
2024-08-21 21:02:02,236 INFO sent 3 -> 13 # 0 at 180125490, 0.753041 0.085807
2024-08-21 21:02:02,236 INFO recv 3 -> 13 # 0 at 168834598, 0.753041 0.085807
2024-08-21 21:02:11,179 INFO CHECKSUM 3 14 0: 1.628070
2024-08-21 21:02:11,180 INFO CHECKSUM 3 14 0: 1.628070
2024-08-21 21:02:12,237 INFO sent 3 -> 14 # 0 at 165032110, 0.750820 0.173085
2024-08-21 21:02:12,237 INFO recv 3 -> 14 # 0 at 162772141, 0.750820 0.173085
2024-08-21 21:02:21,087 INFO CHECKSUM 3 15 0: 1.369740
2024-08-21 21:02:21,087 INFO CHECKSUM 3 15 0: 1.369740
2024-08-21 21:02:22,316 INFO Accepting from rank 4
2024-08-21 21:02:22,316 INFO Accepting from rank 4
2024-08-21 21:02:22,316 INFO Accepting from rank 4
2024-08-21 21:02:22,316 INFO Accepting from rank 4
2024-08-21 21:02:22,316 INFO Sending from rank 4
2024-08-21 21:02:22,316 INFO Accepting from rank 4
2024-08-21 21:02:22,316 INFO Accepting from rank 4
2024-08-21 21:02:22,316 INFO Accepting from rank 4
2024-08-21 21:02:22,316 INFO Accepting from rank 4
2024-08-21 21:02:22,316 INFO Accepting from rank 4
2024-08-21 21:02:22,316 INFO sent 3 -> 15 # 0 at 106955565, 0.292810 0.528558
2024-08-21 21:02:22,316 INFO Accepting from rank 4
2024-08-21 21:02:22,316 INFO Accepting from rank 4
2024-08-21 21:02:22,316 INFO recv 3 -> 15 # 0 at 107245927, 0.292810 0.528558
2024-08-21 21:02:22,316 INFO Accepting from rank 4
2024-08-21 21:02:22,316 INFO Accepting from rank 4
2024-08-21 21:02:22,316 INFO Accepting from rank 4
2024-08-21 21:02:22,349 INFO Accepting from rank 4
2024-08-21 21:02:31,184 INFO CHECKSUM 4 0 0: 2.156317
2024-08-21 21:02:31,184 INFO CHECKSUM 4 0 0: 2.156317
2024-08-21 21:02:32,326 INFO recv 4 -> 0 # 0 at 104749548, 0.334289 0.632591
2024-08-21 21:02:32,327 INFO sent 4 -> 0 # 0 at 104521036, 0.334289 0.632591
2024-08-21 21:02:41,100 INFO CHECKSUM 4 1 0: 2.253855
2024-08-21 21:02:41,099 INFO CHECKSUM 4 1 0: 2.253855
2024-08-21 21:02:42,299 INFO sent 4 -> 1 # 0 at 14423154, 0.940137 0.755473
2024-08-21 21:02:42,300 INFO recv 4 -> 1 # 0 at 15244744, 0.940137 0.755473
2024-08-21 21:02:51,081 INFO CHECKSUM 4 2 0: 1.804710
2024-08-21 21:02:51,082 INFO CHECKSUM 4 2 0: 1.804710
2024-08-21 21:02:52,299 INFO sent 4 -> 2 # 0 at 29802485, 0.771238 0.258319
2024-08-21 21:02:52,299 INFO recv 4 -> 2 # 0 at 30708531, 0.771238 0.258319
2024-08-21 21:03:01,085 INFO CHECKSUM 4 3 0: 1.175187
2024-08-21 21:03:01,084 INFO CHECKSUM 4 3 0: 1.175187
2024-08-21 21:03:02,320 INFO sent 4 -> 3 # 0 at 36426365, 0.272123 0.844199
2024-08-21 21:03:02,320 INFO recv 4 -> 3 # 0 at 31461748, 0.272123 0.844199
2024-08-21 21:03:11,253 INFO CHECKSUM 4 5 0: 2.188310
2024-08-21 21:03:11,253 INFO CHECKSUM 4 5 0: 2.188310
2024-08-21 21:03:12,408 INFO sent 4 -> 5 # 0 at 185338889, 0.527461 0.008648
2024-08-21 21:03:12,408 INFO recv 4 -> 5 # 0 at 185674418, 0.527461 0.008648
2024-08-21 21:03:21,312 INFO CHECKSUM 4 6 0: 0.530300
2024-08-21 21:03:21,313 INFO CHECKSUM 4 6 0: 0.530300
2024-08-21 21:03:22,363 INFO sent 4 -> 6 # 0 at 148758476, 0.173359 0.731854
2024-08-21 21:03:22,363 INFO recv 4 -> 6 # 0 at 148778755, 0.173359 0.731854
2024-08-21 21:03:31,309 INFO CHECKSUM 4 7 0: 2.064319
2024-08-21 21:03:31,309 INFO CHECKSUM 4 7 0: 2.064319
2024-08-21 21:03:32,283 INFO sent 4 -> 7 # 0 at 181092485, 0.135130 0.740301
2024-08-21 21:03:32,283 INFO recv 4 -> 7 # 0 at 177615408, 0.135130 0.740301
2024-08-21 21:03:41,136 INFO CHECKSUM 4 8 0: 1.249606
2024-08-21 21:03:41,135 INFO CHECKSUM 4 8 0: 1.249606
2024-08-21 21:03:42,229 INFO recv 4 -> 8 # 0 at 125416424, 0.017071 0.482072
2024-08-21 21:03:42,229 INFO sent 4 -> 8 # 0 at 124603099, 0.017071 0.482072
2024-08-21 21:03:51,150 INFO CHECKSUM 4 9 0: 0.760778
2024-08-21 21:03:51,149 INFO CHECKSUM 4 9 0: 0.760778
2024-08-21 21:03:52,426 INFO recv 4 -> 9 # 0 at 163066473, 0.197104 0.335656
2024-08-21 21:03:52,426 INFO sent 4 -> 9 # 0 at 165844738, 0.197104 0.335656
2024-08-21 21:04:01,340 INFO CHECKSUM 4 10 0: 0.817440
2024-08-21 21:04:01,339 INFO CHECKSUM 4 10 0: 0.817440
2024-08-21 21:04:02,518 INFO sent 4 -> 10 # 0 at 162728557, 0.755949 0.855758
2024-08-21 21:04:02,521 INFO recv 4 -> 10 # 0 at 162524589, 0.755949 0.855758
2024-08-21 21:04:11,566 INFO CHECKSUM 4 11 0: 1.410725
2024-08-21 21:04:11,567 INFO CHECKSUM 4 11 0: 1.410725
2024-08-21 21:04:12,588 INFO sent 4 -> 11 # 0 at 162051914, 0.963007 0.482176
2024-08-21 21:04:12,592 INFO recv 4 -> 11 # 0 at 162570927, 0.963007 0.482176
2024-08-21 21:04:21,485 INFO CHECKSUM 4 12 0: 1.585360
2024-08-21 21:04:21,485 INFO CHECKSUM 4 12 0: 1.585360
2024-08-21 21:04:22,587 INFO sent 4 -> 12 # 0 at 188974928, 0.252198 0.557124
2024-08-21 21:04:22,587 INFO recv 4 -> 12 # 0 at 189033245, 0.252198 0.557124
2024-08-21 21:04:31,509 INFO CHECKSUM 4 13 0: 1.313204
2024-08-21 21:04:31,510 INFO CHECKSUM 4 13 0: 1.313204
2024-08-21 21:04:32,707 INFO sent 4 -> 13 # 0 at 175312097, 0.380100 0.987346
2024-08-21 21:04:32,707 INFO recv 4 -> 13 # 0 at 165128208, 0.380100 0.987346
2024-08-21 21:04:41,571 INFO CHECKSUM 4 14 0: 0.696759
2024-08-21 21:04:41,571 INFO CHECKSUM 4 14 0: 0.696759
2024-08-21 21:04:42,706 INFO sent 4 -> 14 # 0 at 109083952, 0.743470 0.110709
2024-08-21 21:04:42,713 INFO recv 4 -> 14 # 0 at 109296200, 0.743470 0.110709
2024-08-21 21:04:51,625 INFO CHECKSUM 4 15 0: 1.083223
2024-08-21 21:04:51,627 INFO CHECKSUM 4 15 0: 1.083223
2024-08-21 21:04:52,664 INFO Accepting from rank 5
2024-08-21 21:04:52,664 INFO sent 4 -> 15 # 0 at 193086483, 0.376921 0.038834
2024-08-21 21:04:52,664 INFO Accepting from rank 5
2024-08-21 21:04:52,664 INFO Accepting from rank 5
2024-08-21 21:04:52,664 INFO Sending from rank 5
2024-08-21 21:04:52,664 INFO Accepting from rank 5
2024-08-21 21:04:52,664 INFO Accepting from rank 5
2024-08-21 21:04:52,664 INFO Accepting from rank 5
2024-08-21 21:04:52,664 INFO Accepting from rank 5
2024-08-21 21:04:52,664 INFO Accepting from rank 5
2024-08-21 21:04:52,670 INFO Accepting from rank 5
2024-08-21 21:04:52,670 INFO Accepting from rank 5
2024-08-21 21:04:52,670 INFO Accepting from rank 5
2024-08-21 21:04:52,670 INFO Accepting from rank 5
2024-08-21 21:04:52,670 INFO Accepting from rank 5
2024-08-21 21:04:52,670 INFO recv 4 -> 15 # 0 at 194248482, 0.376921 0.038834
2024-08-21 21:04:52,670 INFO Accepting from rank 5
2024-08-21 21:04:52,682 INFO Accepting from rank 5
2024-08-21 21:05:01,476 INFO CHECKSUM 5 0 0: 1.165388
2024-08-21 21:05:01,476 INFO CHECKSUM 5 0 0: 1.165388
2024-08-21 21:05:02,504 INFO recv 5 -> 0 # 0 at 94739854, 0.082713 0.028364
2024-08-21 21:05:02,515 INFO sent 5 -> 0 # 0 at 94091328, 0.082713 0.028364
2024-08-21 21:05:11,257 INFO CHECKSUM 5 1 0: 2.079951
2024-08-21 21:05:11,256 INFO CHECKSUM 5 1 0: 2.079951
2024-08-21 21:05:12,471 INFO recv 5 -> 1 # 0 at 15440792, 0.355260 0.850663
2024-08-21 21:05:12,479 INFO sent 5 -> 1 # 0 at 14465725, 0.355260 0.850663
2024-08-21 21:05:21,231 INFO CHECKSUM 5 2 0: 0.840495
2024-08-21 21:05:21,231 INFO CHECKSUM 5 2 0: 0.840495
2024-08-21 21:05:22,351 INFO sent 5 -> 2 # 0 at 21976415, 0.686306 0.390586
2024-08-21 21:05:22,351 INFO recv 5 -> 2 # 0 at 22048432, 0.686306 0.390586
2024-08-21 21:05:31,135 INFO CHECKSUM 5 3 0: 2.042338
2024-08-21 21:05:31,135 INFO CHECKSUM 5 3 0: 2.042338
2024-08-21 21:05:32,395 INFO recv 5 -> 3 # 0 at 15341971, 0.811592 0.306501
2024-08-21 21:05:32,395 INFO sent 5 -> 3 # 0 at 14690550, 0.811592 0.306501
2024-08-21 21:05:41,229 INFO CHECKSUM 5 4 0: 1.976589
2024-08-21 21:05:41,229 INFO CHECKSUM 5 4 0: 1.976589
2024-08-21 21:05:42,581 INFO recv 5 -> 4 # 0 at 89561374, 0.306176 0.393835
2024-08-21 21:05:42,580 INFO sent 5 -> 4 # 0 at 88820691, 0.306176 0.393835
2024-08-21 21:05:51,485 INFO CHECKSUM 5 6 0: 1.491690
2024-08-21 21:05:51,485 INFO CHECKSUM 5 6 0: 1.491690
2024-08-21 21:05:52,783 INFO sent 5 -> 6 # 0 at 207269752, 0.059051 0.719260
2024-08-21 21:05:52,783 INFO recv 5 -> 6 # 0 at 207722087, 0.059051 0.719260
2024-08-21 21:06:01,673 INFO CHECKSUM 5 7 0: 1.840457
2024-08-21 21:06:01,673 INFO CHECKSUM 5 7 0: 1.840457
2024-08-21 21:06:02,744 INFO sent 5 -> 7 # 0 at 181448969, 0.747491 0.868541
2024-08-21 21:06:02,744 INFO recv 5 -> 7 # 0 at 181795169, 0.747491 0.868541
2024-08-21 21:06:11,669 INFO CHECKSUM 5 8 0: 1.641282
2024-08-21 21:06:11,669 INFO CHECKSUM 5 8 0: 1.641282
2024-08-21 21:06:12,771 INFO recv 5 -> 8 # 0 at 172055580, 0.153277 0.776213
2024-08-21 21:06:12,771 INFO sent 5 -> 8 # 0 at 172010861, 0.153277 0.776213
2024-08-21 21:06:21,694 INFO CHECKSUM 5 9 0: 2.057129
2024-08-21 21:06:21,694 INFO CHECKSUM 5 9 0: 2.057129
2024-08-21 21:06:22,932 INFO recv 5 -> 9 # 0 at 195764542, 0.425671 0.136338
2024-08-21 21:06:22,932 INFO sent 5 -> 9 # 0 at 186114306, 0.425671 0.136338
2024-08-21 21:06:31,836 INFO CHECKSUM 5 10 0: 2.258722
2024-08-21 21:06:31,836 INFO CHECKSUM 5 10 0: 2.258722
2024-08-21 21:06:33,033 INFO recv 5 -> 10 # 0 at 179106441, 0.241220 0.019513
2024-08-21 21:06:33,037 INFO sent 5 -> 10 # 0 at 178975566, 0.241220 0.019513
2024-08-21 21:06:41,937 INFO CHECKSUM 5 11 0: 2.371444
2024-08-21 21:06:41,937 INFO CHECKSUM 5 11 0: 2.371444
2024-08-21 21:06:43,167 INFO sent 5 -> 11 # 0 at 167449287, 0.780500 0.800364
2024-08-21 21:06:43,173 INFO recv 5 -> 11 # 0 at 167732332, 0.780500 0.800364
2024-08-21 21:06:52,082 INFO CHECKSUM 5 12 0: 1.921951
2024-08-21 21:06:52,083 INFO CHECKSUM 5 12 0: 1.921951
2024-08-21 21:06:53,114 INFO sent 5 -> 12 # 0 at 194969977, 0.069511 0.691814
2024-08-21 21:06:53,114 INFO recv 5 -> 12 # 0 at 195181825, 0.069511 0.691814
2024-08-21 21:07:01,999 INFO CHECKSUM 5 13 0: 2.688656
2024-08-21 21:07:01,999 INFO CHECKSUM 5 13 0: 2.688656
2024-08-21 21:07:03,219 INFO sent 5 -> 13 # 0 at 165043904, 0.819744 0.341522
2024-08-21 21:07:03,225 INFO recv 5 -> 13 # 0 at 165072245, 0.819744 0.341522
2024-08-21 21:07:12,061 INFO CHECKSUM 5 14 0: 1.904027
2024-08-21 21:07:12,062 INFO CHECKSUM 5 14 0: 1.904027
2024-08-21 21:07:13,211 INFO sent 5 -> 14 # 0 at 112632923, 0.086433 0.345643
2024-08-21 21:07:13,211 INFO recv 5 -> 14 # 0 at 108903696, 0.086433 0.345643
2024-08-21 21:07:22,071 INFO CHECKSUM 5 15 0: 1.931413
2024-08-21 21:07:22,071 INFO CHECKSUM 5 15 0: 1.931413
2024-08-21 21:07:23,209 INFO sent 5 -> 15 # 0 at 155339239, 0.992750 0.132637
2024-08-21 21:07:23,209 INFO Accepting from rank 6
2024-08-21 21:07:23,209 INFO Accepting from rank 6
2024-08-21 21:07:23,209 INFO Accepting from rank 6
2024-08-21 21:07:23,209 INFO Accepting from rank 6
2024-08-21 21:07:23,209 INFO Accepting from rank 6
2024-08-21 21:07:23,209 INFO Accepting from rank 6
2024-08-21 21:07:23,209 INFO Accepting from rank 6
2024-08-21 21:07:23,209 INFO Accepting from rank 6
2024-08-21 21:07:23,210 INFO Accepting from rank 6
2024-08-21 21:07:23,209 INFO Accepting from rank 6
2024-08-21 21:07:23,209 INFO Accepting from rank 6
2024-08-21 21:07:23,209 INFO Accepting from rank 6
2024-08-21 21:07:23,209 INFO Accepting from rank 6
2024-08-21 21:07:23,209 INFO Sending from rank 6
2024-08-21 21:07:23,209 INFO recv 5 -> 15 # 0 at 160086602, 0.992750 0.132637
2024-08-21 21:07:23,209 INFO Accepting from rank 6
2024-08-21 21:07:23,234 INFO Accepting from rank 6
2024-08-21 21:07:31,925 INFO CHECKSUM 6 0 0: 1.636163
2024-08-21 21:07:31,926 INFO CHECKSUM 6 0 0: 1.636163
2024-08-21 21:07:33,061 INFO sent 6 -> 0 # 0 at 21738835, 0.307338 0.893466
2024-08-21 21:07:33,061 INFO recv 6 -> 0 # 0 at 22009984, 0.307338 0.893466
2024-08-21 21:07:41,813 INFO CHECKSUM 6 1 0: 1.538408
2024-08-21 21:07:41,812 INFO CHECKSUM 6 1 0: 1.538408
2024-08-21 21:07:42,855 INFO sent 6 -> 1 # 0 at 20829906, 0.208882 0.572402
2024-08-21 21:07:42,855 INFO recv 6 -> 1 # 0 at 15292543, 0.208882 0.572402
2024-08-21 21:07:51,570 INFO CHECKSUM 6 2 0: 1.592393
2024-08-21 21:07:51,570 INFO CHECKSUM 6 2 0: 1.592393
2024-08-21 21:07:52,760 INFO recv 6 -> 2 # 0 at 15039845, 0.500969 0.234952
2024-08-21 21:07:52,760 INFO sent 6 -> 2 # 0 at 14613099, 0.500969 0.234952
2024-08-21 21:08:01,467 INFO CHECKSUM 6 3 0: 1.362047
2024-08-21 21:08:01,467 INFO CHECKSUM 6 3 0: 1.362047
2024-08-21 21:08:02,536 INFO sent 6 -> 3 # 0 at 14686612, 0.192751 0.118759
2024-08-21 21:08:02,536 INFO recv 6 -> 3 # 0 at 15218401, 0.192751 0.118759
2024-08-21 21:08:11,270 INFO CHECKSUM 6 4 0: 0.695947
2024-08-21 21:08:11,271 INFO CHECKSUM 6 4 0: 0.695947
2024-08-21 21:08:12,482 INFO recv 6 -> 4 # 0 at 14614072, 0.718481 0.706588
2024-08-21 21:08:12,482 INFO sent 6 -> 4 # 0 at 14205471, 0.718481 0.706588
2024-08-21 21:08:21,209 INFO CHECKSUM 6 5 0: 0.822529
2024-08-21 21:08:21,210 INFO CHECKSUM 6 5 0: 0.822529
2024-08-21 21:08:22,487 INFO recv 6 -> 5 # 0 at 15307984, 0.184800 0.435020
2024-08-21 21:08:22,487 INFO sent 6 -> 5 # 0 at 14654340, 0.184800 0.435020
2024-08-21 21:08:31,406 INFO CHECKSUM 6 7 0: 2.657667
2024-08-21 21:08:31,406 INFO CHECKSUM 6 7 0: 2.657667
2024-08-21 21:08:32,622 INFO sent 6 -> 7 # 0 at 206064388, 0.605099 0.709423
2024-08-21 21:08:32,622 INFO recv 6 -> 7 # 0 at 206575598, 0.605099 0.709423
2024-08-21 21:08:41,495 INFO CHECKSUM 6 8 0: 2.320538
2024-08-21 21:08:41,495 INFO CHECKSUM 6 8 0: 2.320538
2024-08-21 21:08:42,792 INFO recv 6 -> 8 # 0 at 161329881, 0.123761 0.842755
2024-08-21 21:08:42,792 INFO sent 6 -> 8 # 0 at 161221947, 0.123761 0.842755
2024-08-21 21:08:51,729 INFO CHECKSUM 6 9 0: 1.227496
2024-08-21 21:08:51,729 INFO CHECKSUM 6 9 0: 1.227496
2024-08-21 21:08:53,021 INFO recv 6 -> 9 # 0 at 197772369, 0.589724 0.258574
2024-08-21 21:08:53,021 INFO sent 6 -> 9 # 0 at 202758664, 0.589724 0.258574
2024-08-21 21:09:01,886 INFO CHECKSUM 6 10 0: 1.220793
2024-08-21 21:09:01,876 INFO CHECKSUM 6 10 0: 1.220793
2024-08-21 21:09:03,138 INFO sent 6 -> 10 # 0 at 128459375, 0.168642 0.695541
2024-08-21 21:09:03,149 INFO recv 6 -> 10 # 0 at 137474792, 0.168642 0.695541
2024-08-21 21:09:12,061 INFO CHECKSUM 6 11 0: 1.181161
2024-08-21 21:09:12,061 INFO CHECKSUM 6 11 0: 1.181161
2024-08-21 21:09:13,189 INFO recv 6 -> 11 # 0 at 197608752, 0.672343 0.584079
2024-08-21 21:09:13,189 INFO sent 6 -> 11 # 0 at 192409593, 0.672343 0.584079
2024-08-21 21:09:22,097 INFO CHECKSUM 6 12 0: 1.080242
2024-08-21 21:09:22,097 INFO CHECKSUM 6 12 0: 1.080242
2024-08-21 21:09:23,167 INFO sent 6 -> 12 # 0 at 185562236, 0.594994 0.938449
2024-08-21 21:09:23,167 INFO recv 6 -> 12 # 0 at 191000041, 0.594994 0.938449
2024-08-21 21:09:32,052 INFO CHECKSUM 6 13 0: 1.308073
2024-08-21 21:09:32,052 INFO CHECKSUM 6 13 0: 1.308073
2024-08-21 21:09:33,362 INFO sent 6 -> 13 # 0 at 172548700, 0.196970 0.563024
2024-08-21 21:09:33,362 INFO recv 6 -> 13 # 0 at 172608939, 0.196970 0.563024
2024-08-21 21:09:42,265 INFO CHECKSUM 6 14 0: 2.183333
2024-08-21 21:09:42,265 INFO CHECKSUM 6 14 0: 2.183333
2024-08-21 21:09:43,629 INFO sent 6 -> 14 # 0 at 173352295, 0.193104 0.480441
2024-08-21 21:09:43,629 INFO recv 6 -> 14 # 0 at 168294648, 0.193104 0.480441
2024-08-21 21:09:52,490 INFO CHECKSUM 6 15 0: 1.460237
2024-08-21 21:09:52,490 INFO CHECKSUM 6 15 0: 1.460237
2024-08-21 21:09:53,664 INFO sent 6 -> 15 # 0 at 150470117, 0.642156 0.517647
2024-08-21 21:09:53,664 INFO Accepting from rank 7
2024-08-21 21:09:53,664 INFO Accepting from rank 7
2024-08-21 21:09:53,664 INFO Accepting from rank 7
2024-08-21 21:09:53,664 INFO Accepting from rank 7
2024-08-21 21:09:53,664 INFO Sending from rank 7
2024-08-21 21:09:53,664 INFO Accepting from rank 7
2024-08-21 21:09:53,664 INFO Accepting from rank 7
2024-08-21 21:09:53,664 INFO Accepting from rank 7
2024-08-21 21:09:53,664 INFO Accepting from rank 7
2024-08-21 21:09:53,664 INFO Accepting from rank 7
2024-08-21 21:09:53,664 INFO Accepting from rank 7
2024-08-21 21:09:53,664 INFO Accepting from rank 7
2024-08-21 21:09:53,664 INFO Accepting from rank 7
2024-08-21 21:09:53,664 INFO recv 6 -> 15 # 0 at 149676694, 0.642156 0.517647
2024-08-21 21:09:53,664 INFO Accepting from rank 7
2024-08-21 21:09:53,664 INFO Accepting from rank 7
2024-08-21 21:09:53,688 INFO Accepting from rank 7
2024-08-21 21:10:02,436 INFO CHECKSUM 7 0 0: 2.641817
2024-08-21 21:10:02,437 INFO CHECKSUM 7 0 0: 2.641817
2024-08-21 21:10:03,805 INFO sent 7 -> 0 # 0 at 84265198, 0.448338 0.973866
2024-08-21 21:10:03,805 INFO recv 7 -> 0 # 0 at 85070540, 0.448338 0.973866
2024-08-21 21:10:12,537 INFO CHECKSUM 7 1 0: 2.403658
2024-08-21 21:10:12,537 INFO CHECKSUM 7 1 0: 2.403658
2024-08-21 21:10:13,823 INFO sent 7 -> 1 # 0 at 14871250, 0.442837 0.630355
2024-08-21 21:10:13,833 INFO recv 7 -> 1 # 0 at 15283036, 0.442837 0.630355
2024-08-21 21:10:22,620 INFO CHECKSUM 7 2 0: 1.739862
2024-08-21 21:10:22,620 INFO CHECKSUM 7 2 0: 1.739862
2024-08-21 21:10:23,595 INFO recv 7 -> 2 # 0 at 92827820, 0.356859 0.738693
2024-08-21 21:10:23,595 INFO sent 7 -> 2 # 0 at 92422800, 0.356859 0.738693
2024-08-21 21:10:32,414 INFO CHECKSUM 7 3 0: 1.757542
2024-08-21 21:10:32,413 INFO CHECKSUM 7 3 0: 1.757542
2024-08-21 21:10:33,729 INFO recv 7 -> 3 # 0 at 95929238, 0.055085 0.265085
2024-08-21 21:10:33,729 INFO sent 7 -> 3 # 0 at 85919179, 0.055085 0.265085
2024-08-21 21:10:42,462 INFO CHECKSUM 7 4 0: 1.890531
2024-08-21 21:10:42,463 INFO CHECKSUM 7 4 0: 1.890531
2024-08-21 21:10:43,708 INFO recv 7 -> 4 # 0 at 30860613, 0.328458 0.953096
2024-08-21 21:10:43,711 INFO sent 7 -> 4 # 0 at 22517021, 0.328458 0.953096
2024-08-21 21:10:52,533 INFO CHECKSUM 7 5 0: 2.100020
2024-08-21 21:10:52,533 INFO CHECKSUM 7 5 0: 2.100020
2024-08-21 21:10:53,666 INFO recv 7 -> 5 # 0 at 97580499, 0.083150 0.682893
2024-08-21 21:10:53,666 INFO sent 7 -> 5 # 0 at 97073498, 0.083150 0.682893
2024-08-21 21:11:02,382 INFO CHECKSUM 7 6 0: 1.584432
2024-08-21 21:11:02,382 INFO CHECKSUM 7 6 0: 1.584432
2024-08-21 21:11:03,576 INFO recv 7 -> 6 # 0 at 14900426, 0.466026 0.578707
2024-08-21 21:11:03,576 INFO sent 7 -> 6 # 0 at 14769312, 0.466026 0.578707
2024-08-21 21:11:12,473 INFO CHECKSUM 7 8 0: 1.185651
2024-08-21 21:11:12,480 INFO CHECKSUM 7 8 0: 1.185651
2024-08-21 21:11:13,592 INFO recv 7 -> 8 # 0 at 206330385, 0.012054 0.061000
2024-08-21 21:11:13,592 INFO sent 7 -> 8 # 0 at 187357912, 0.012054 0.061000
2024-08-21 21:11:22,473 INFO CHECKSUM 7 9 0: 1.920553
2024-08-21 21:11:22,473 INFO CHECKSUM 7 9 0: 1.920553
2024-08-21 21:11:23,772 INFO recv 7 -> 9 # 0 at 174613552, 0.231623 0.987045
2024-08-21 21:11:23,775 INFO sent 7 -> 9 # 0 at 174537959, 0.231623 0.987045
2024-08-21 21:11:32,625 INFO CHECKSUM 7 10 0: 1.394266
2024-08-21 21:11:32,625 INFO CHECKSUM 7 10 0: 1.394266
2024-08-21 21:11:33,807 INFO recv 7 -> 10 # 0 at 165334104, 0.498023 0.157900
2024-08-21 21:11:33,807 INFO sent 7 -> 10 # 0 at 164981532, 0.498023 0.157900
2024-08-21 21:11:42,693 INFO CHECKSUM 7 11 0: 2.165010
2024-08-21 21:11:42,693 INFO CHECKSUM 7 11 0: 2.165010
2024-08-21 21:11:43,992 INFO recv 7 -> 11 # 0 at 167113736, 0.265933 0.053757
2024-08-21 21:11:43,992 INFO sent 7 -> 11 # 0 at 166847121, 0.265933 0.053757
2024-08-21 21:11:52,878 INFO CHECKSUM 7 12 0: 2.215103
2024-08-21 21:11:52,878 INFO CHECKSUM 7 12 0: 2.215103
2024-08-21 21:11:54,190 INFO sent 7 -> 12 # 0 at 175666884, 0.913305 0.673159
2024-08-21 21:11:54,190 INFO recv 7 -> 12 # 0 at 178418631, 0.913305 0.673159
2024-08-21 21:12:03,056 INFO CHECKSUM 7 13 0: 1.617339
2024-08-21 21:12:03,056 INFO CHECKSUM 7 13 0: 1.617339
2024-08-21 21:12:04,393 INFO sent 7 -> 13 # 0 at 176748596, 0.127918 0.790602
2024-08-21 21:12:04,401 INFO recv 7 -> 13 # 0 at 168529799, 0.127918 0.790602
2024-08-21 21:12:13,203 INFO CHECKSUM 7 14 0: 2.353408
2024-08-21 21:12:13,204 INFO CHECKSUM 7 14 0: 2.353408
2024-08-21 21:12:14,439 INFO sent 7 -> 14 # 0 at 102004788, 0.335348 0.071204
2024-08-21 21:12:14,440 INFO recv 7 -> 14 # 0 at 103090751, 0.335348 0.071204
2024-08-21 21:12:23,282 INFO CHECKSUM 7 15 0: 1.484901
2024-08-21 21:12:23,282 INFO CHECKSUM 7 15 0: 1.484901
2024-08-21 21:12:24,588 INFO Accepting from rank 8
2024-08-21 21:12:24,588 INFO Accepting from rank 8
2024-08-21 21:12:24,588 INFO Accepting from rank 8
2024-08-21 21:12:24,588 INFO Sending from rank 8
2024-08-21 21:12:24,588 INFO Accepting from rank 8
2024-08-21 21:12:24,588 INFO Accepting from rank 8
2024-08-21 21:12:24,588 INFO Accepting from rank 8
2024-08-21 21:12:24,588 INFO Accepting from rank 8
2024-08-21 21:12:24,588 INFO Accepting from rank 8
2024-08-21 21:12:24,588 INFO recv 7 -> 15 # 0 at 161065707, 0.964770 0.831121
2024-08-21 21:12:24,588 INFO Accepting from rank 8
2024-08-21 21:12:24,589 INFO Accepting from rank 8
2024-08-21 21:12:24,589 INFO Accepting from rank 8
2024-08-21 21:12:24,594 INFO sent 7 -> 15 # 0 at 164791544, 0.964770 0.831121
2024-08-21 21:12:24,594 INFO Accepting from rank 8
2024-08-21 21:12:24,596 INFO Accepting from rank 8
2024-08-21 21:12:24,596 INFO Accepting from rank 8
2024-08-21 21:12:24,618 INFO Accepting from rank 8
2024-08-21 21:12:33,400 INFO CHECKSUM 8 0 0: 1.568946
2024-08-21 21:12:33,400 INFO CHECKSUM 8 0 0: 1.568946
2024-08-21 21:12:34,539 INFO sent 8 -> 0 # 0 at 15359766, 0.183081 0.457201
2024-08-21 21:12:34,539 INFO recv 8 -> 0 # 0 at 15908446, 0.183081 0.457201
2024-08-21 21:12:43,330 INFO CHECKSUM 8 1 0: 1.175212
2024-08-21 21:12:43,331 INFO CHECKSUM 8 1 0: 1.175212
2024-08-21 21:12:44,535 INFO sent 8 -> 1 # 0 at 19870085, 0.629295 0.054440
2024-08-21 21:12:44,546 INFO recv 8 -> 1 # 0 at 14992335, 0.629295 0.054440
2024-08-21 21:12:53,247 INFO CHECKSUM 8 2 0: 1.894157
2024-08-21 21:12:53,247 INFO CHECKSUM 8 2 0: 1.894157
2024-08-21 21:12:54,648 INFO recv 8 -> 2 # 0 at 21335062, 0.629984 0.393671
2024-08-21 21:12:54,648 INFO sent 8 -> 2 # 0 at 20941974, 0.629984 0.393671
2024-08-21 21:13:03,371 INFO CHECKSUM 8 3 0: 2.071779
2024-08-21 21:13:03,372 INFO CHECKSUM 8 3 0: 2.071779
2024-08-21 21:13:04,337 INFO sent 8 -> 3 # 0 at 24931528, 0.921190 0.561362
2024-08-21 21:13:04,337 INFO recv 8 -> 3 # 0 at 22017101, 0.921190 0.561362
2024-08-21 21:13:13,045 INFO CHECKSUM 8 4 0: 1.051679
2024-08-21 21:13:13,045 INFO CHECKSUM 8 4 0: 1.051679
2024-08-21 21:13:14,281 INFO sent 8 -> 4 # 0 at 14825836, 0.820166 0.401635
2024-08-21 21:13:14,281 INFO recv 8 -> 4 # 0 at 14899476, 0.820166 0.401635
2024-08-21 21:13:23,050 INFO CHECKSUM 8 5 0: 1.104248
2024-08-21 21:13:23,050 INFO CHECKSUM 8 5 0: 1.104248
2024-08-21 21:13:24,340 INFO sent 8 -> 5 # 0 at 95597870, 0.634501 0.734878
2024-08-21 21:13:24,340 INFO recv 8 -> 5 # 0 at 96265474, 0.634501 0.734878
2024-08-21 21:13:33,038 INFO CHECKSUM 8 6 0: 1.211785
2024-08-21 21:13:33,039 INFO CHECKSUM 8 6 0: 1.211785
2024-08-21 21:13:34,377 INFO sent 8 -> 6 # 0 at 14520317, 0.650044 0.510460
2024-08-21 21:13:34,377 INFO recv 8 -> 6 # 0 at 14856483, 0.650044 0.510460
2024-08-21 21:13:43,074 INFO CHECKSUM 8 7 0: 0.977090
2024-08-21 21:13:43,075 INFO CHECKSUM 8 7 0: 0.977090
2024-08-21 21:13:44,407 INFO sent 8 -> 7 # 0 at 25896940, 0.884878 0.226038
2024-08-21 21:13:44,415 INFO recv 8 -> 7 # 0 at 15258621, 0.884878 0.226038
2024-08-21 21:13:53,303 INFO CHECKSUM 8 9 0: 1.184886
2024-08-21 21:13:53,303 INFO CHECKSUM 8 9 0: 1.184886
2024-08-21 21:13:54,666 INFO sent 8 -> 9 # 0 at 196544599, 0.105864 0.952085
2024-08-21 21:13:54,666 INFO recv 8 -> 9 # 0 at 195568537, 0.105864 0.952085
2024-08-21 21:14:03,537 INFO CHECKSUM 8 10 0: 1.737118
2024-08-21 21:14:03,537 INFO CHECKSUM 8 10 0: 1.737118
2024-08-21 21:14:04,698 INFO sent 8 -> 10 # 0 at 184204328, 0.439221 0.936681
2024-08-21 21:14:04,698 INFO recv 8 -> 10 # 0 at 184960566, 0.439221 0.936681
2024-08-21 21:14:13,581 INFO CHECKSUM 8 11 0: 1.176482
2024-08-21 21:14:13,582 INFO CHECKSUM 8 11 0: 1.176482
2024-08-21 21:14:14,765 INFO sent 8 -> 11 # 0 at 198492547, 0.304201 0.133187
2024-08-21 21:14:14,765 INFO recv 8 -> 11 # 0 at 189973305, 0.304201 0.133187
2024-08-21 21:14:23,655 INFO CHECKSUM 8 12 0: 1.452308
2024-08-21 21:14:23,655 INFO CHECKSUM 8 12 0: 1.452308
2024-08-21 21:14:24,872 INFO sent 8 -> 12 # 0 at 208695877, 0.641155 0.960859
2024-08-21 21:14:24,872 INFO recv 8 -> 12 # 0 at 208701331, 0.641155 0.960859
2024-08-21 21:14:33,737 INFO CHECKSUM 8 13 0: 1.879046
2024-08-21 21:14:33,738 INFO CHECKSUM 8 13 0: 1.879046
2024-08-21 21:14:34,924 INFO sent 8 -> 13 # 0 at 196907630, 0.485253 0.313782
2024-08-21 21:14:34,924 INFO recv 8 -> 13 # 0 at 188793935, 0.485253 0.313782
2024-08-21 21:14:43,794 INFO CHECKSUM 8 14 0: 2.101996
2024-08-21 21:14:43,794 INFO CHECKSUM 8 14 0: 2.101996
2024-08-21 21:14:45,289 INFO sent 8 -> 14 # 0 at 171666232, 0.400560 0.149798
2024-08-21 21:14:45,289 INFO recv 8 -> 14 # 0 at 171614231, 0.400560 0.149798
2024-08-21 21:14:54,140 INFO CHECKSUM 8 15 0: 1.498179
2024-08-21 21:14:54,141 INFO CHECKSUM 8 15 0: 1.498179
2024-08-21 21:14:55,409 INFO Accepting from rank 9
2024-08-21 21:14:55,409 INFO Accepting from rank 9
2024-08-21 21:14:55,409 INFO sent 8 -> 15 # 0 at 176282046, 0.178080 0.595229
2024-08-21 21:14:55,409 INFO Accepting from rank 9
2024-08-21 21:14:55,409 INFO Accepting from rank 9
2024-08-21 21:14:55,409 INFO Sending from rank 9
2024-08-21 21:14:55,409 INFO Accepting from rank 9
2024-08-21 21:14:55,409 INFO Accepting from rank 9
2024-08-21 21:14:55,409 INFO Accepting from rank 9
2024-08-21 21:14:55,409 INFO Accepting from rank 9
2024-08-21 21:14:55,409 INFO Accepting from rank 9
2024-08-21 21:14:55,409 INFO Accepting from rank 9
2024-08-21 21:14:55,409 INFO Accepting from rank 9
2024-08-21 21:14:55,409 INFO recv 8 -> 15 # 0 at 171820882, 0.178080 0.595229
2024-08-21 21:14:55,411 INFO Accepting from rank 9
2024-08-21 21:14:55,409 INFO Accepting from rank 9
2024-08-21 21:14:55,411 INFO Accepting from rank 9
2024-08-21 21:14:55,434 INFO Accepting from rank 9
2024-08-21 21:15:04,105 INFO CHECKSUM 9 0 0: 1.977272
2024-08-21 21:15:04,105 INFO CHECKSUM 9 0 0: 1.977272
2024-08-21 21:15:05,345 INFO recv 9 -> 0 # 0 at 15587406, 0.336037 0.874054
2024-08-21 21:15:05,345 INFO sent 9 -> 0 # 0 at 15187745, 0.336037 0.874054
2024-08-21 21:15:14,176 INFO CHECKSUM 9 1 0: 0.705036
2024-08-21 21:15:14,178 INFO CHECKSUM 9 1 0: 0.705036
2024-08-21 21:15:15,419 INFO sent 9 -> 1 # 0 at 102919328, 0.718402 0.207243
2024-08-21 21:15:15,426 INFO recv 9 -> 1 # 0 at 105211075, 0.718402 0.207243
2024-08-21 21:15:24,135 INFO CHECKSUM 9 2 0: 2.269489
2024-08-21 21:15:24,136 INFO CHECKSUM 9 2 0: 2.269489
2024-08-21 21:15:25,325 INFO sent 9 -> 2 # 0 at 14464108, 0.950681 0.124376
2024-08-21 21:15:25,325 INFO recv 9 -> 2 # 0 at 15243230, 0.950681 0.124376
2024-08-21 21:15:34,078 INFO CHECKSUM 9 3 0: 1.173563
2024-08-21 21:15:34,079 INFO CHECKSUM 9 3 0: 1.173563
2024-08-21 21:15:35,359 INFO sent 9 -> 3 # 0 at 22317698, 0.471467 0.438501
2024-08-21 21:15:35,369 INFO recv 9 -> 3 # 0 at 15378111, 0.471467 0.438501
2024-08-21 21:15:44,075 INFO CHECKSUM 9 4 0: 0.786120
2024-08-21 21:15:44,075 INFO CHECKSUM 9 4 0: 0.786120
2024-08-21 21:15:45,427 INFO sent 9 -> 4 # 0 at 29946081, 0.657983 0.962059
2024-08-21 21:15:45,427 INFO recv 9 -> 4 # 0 at 30046618, 0.657983 0.962059
2024-08-21 21:15:54,142 INFO CHECKSUM 9 5 0: 1.217547
2024-08-21 21:15:54,150 INFO CHECKSUM 9 5 0: 1.217547
2024-08-21 21:15:55,329 INFO sent 9 -> 5 # 0 at 14340280, 0.247455 0.636122
2024-08-21 21:15:55,329 INFO recv 9 -> 5 # 0 at 26472685, 0.247455 0.636122
2024-08-21 21:16:04,010 INFO CHECKSUM 9 6 0: 1.220661
2024-08-21 21:16:04,011 INFO CHECKSUM 9 6 0: 1.220661
2024-08-21 21:16:05,066 INFO recv 9 -> 6 # 0 at 15277396, 0.328111 0.113718
2024-08-21 21:16:05,080 INFO sent 9 -> 6 # 0 at 14505198, 0.328111 0.113718
2024-08-21 21:16:13,799 INFO CHECKSUM 9 7 0: 1.893413
2024-08-21 21:16:13,800 INFO CHECKSUM 9 7 0: 1.893413
2024-08-21 21:16:14,940 INFO sent 9 -> 7 # 0 at 14980725, 0.380086 0.540839
2024-08-21 21:16:14,939 INFO recv 9 -> 7 # 0 at 15274140, 0.380086 0.540839
2024-08-21 21:16:23,639 INFO CHECKSUM 9 8 0: 1.270031
2024-08-21 21:16:23,640 INFO CHECKSUM 9 8 0: 1.270031
2024-08-21 21:16:24,873 INFO recv 9 -> 8 # 0 at 14970686, 0.489848 0.251380
2024-08-21 21:16:24,873 INFO sent 9 -> 8 # 0 at 14430344, 0.489848 0.251380
2024-08-21 21:16:33,773 INFO CHECKSUM 9 10 0: 1.571458
2024-08-21 21:16:33,773 INFO CHECKSUM 9 10 0: 1.571458
2024-08-21 21:16:34,786 INFO sent 9 -> 10 # 0 at 215981238, 0.844352 0.273406
2024-08-21 21:16:34,786 INFO recv 9 -> 10 # 0 at 216328437, 0.844352 0.273406
2024-08-21 21:16:43,684 INFO CHECKSUM 9 11 0: 1.850827
2024-08-21 21:16:43,685 INFO CHECKSUM 9 11 0: 1.850827
2024-08-21 21:16:44,873 INFO sent 9 -> 11 # 0 at 193291482, 0.297152 0.947609
2024-08-21 21:16:44,873 INFO recv 9 -> 11 # 0 at 193770565, 0.297152 0.947609
2024-08-21 21:16:53,759 INFO CHECKSUM 9 12 0: 1.218598
2024-08-21 21:16:53,759 INFO CHECKSUM 9 12 0: 1.218598
2024-08-21 21:16:54,872 INFO recv 9 -> 12 # 0 at 204709781, 0.870836 0.063334
2024-08-21 21:16:54,872 INFO sent 9 -> 12 # 0 at 204452570, 0.870836 0.063334
2024-08-21 21:17:03,742 INFO CHECKSUM 9 13 0: 1.582329
2024-08-21 21:17:03,742 INFO CHECKSUM 9 13 0: 1.582329
2024-08-21 21:17:04,925 INFO recv 9 -> 13 # 0 at 165226733, 0.678668 0.443719
2024-08-21 21:17:04,936 INFO sent 9 -> 13 # 0 at 170243796, 0.678668 0.443719
2024-08-21 21:17:13,788 INFO CHECKSUM 9 14 0: 0.741135
2024-08-21 21:17:13,789 INFO CHECKSUM 9 14 0: 0.741135
2024-08-21 21:17:15,016 INFO sent 9 -> 14 # 0 at 164013888, 0.485419 0.764831
2024-08-21 21:17:15,008 INFO recv 9 -> 14 # 0 at 164342729, 0.485419 0.764831
2024-08-21 21:17:23,909 INFO CHECKSUM 9 15 0: 0.819140
2024-08-21 21:17:23,909 INFO CHECKSUM 9 15 0: 0.819140
2024-08-21 21:17:25,380 INFO sent 9 -> 15 # 0 at 170919649, 0.095836 0.963893
2024-08-21 21:17:25,380 INFO Accepting from rank 10
2024-08-21 21:17:25,380 INFO Accepting from rank 10
2024-08-21 21:17:25,380 INFO Accepting from rank 10
2024-08-21 21:17:25,380 INFO Accepting from rank 10
2024-08-21 21:17:25,380 INFO Accepting from rank 10
2024-08-21 21:17:25,380 INFO Accepting from rank 10
2024-08-21 21:17:25,380 INFO Sending from rank 10
2024-08-21 21:17:25,380 INFO Accepting from rank 10
2024-08-21 21:17:25,380 INFO Accepting from rank 10
2024-08-21 21:17:25,390 INFO Accepting from rank 10
2024-08-21 21:17:25,380 INFO Accepting from rank 10
2024-08-21 21:17:25,380 INFO Accepting from rank 10
2024-08-21 21:17:25,380 INFO recv 9 -> 15 # 0 at 168351048, 0.095836 0.963893
2024-08-21 21:17:25,390 INFO Accepting from rank 10
2024-08-21 21:17:25,380 INFO Accepting from rank 10
2024-08-21 21:17:25,380 INFO Accepting from rank 10
2024-08-21 21:17:25,397 INFO Accepting from rank 10
2024-08-21 21:17:34,124 INFO CHECKSUM 10 0 0: 2.140005
2024-08-21 21:17:34,124 INFO CHECKSUM 10 0 0: 2.140005
2024-08-21 21:17:35,280 INFO recv 10 -> 0 # 0 at 32765328, 0.984580 0.755786
2024-08-21 21:17:35,280 INFO sent 10 -> 0 # 0 at 32211571, 0.984580 0.755786
2024-08-21 21:17:44,029 INFO CHECKSUM 10 1 0: 0.796985
2024-08-21 21:17:44,029 INFO CHECKSUM 10 1 0: 0.796985
2024-08-21 21:17:45,350 INFO sent 10 -> 1 # 0 at 36500423, 0.593459 0.405069
2024-08-21 21:17:45,359 INFO recv 10 -> 1 # 0 at 30976420, 0.593459 0.405069
2024-08-21 21:17:54,153 INFO CHECKSUM 10 2 0: 1.361866
2024-08-21 21:17:54,153 INFO CHECKSUM 10 2 0: 1.361866
2024-08-21 21:17:55,366 INFO sent 10 -> 2 # 0 at 87977433, 0.298653 0.053163
2024-08-21 21:17:55,369 INFO recv 10 -> 2 # 0 at 93259396, 0.298653 0.053163
2024-08-21 21:18:04,091 INFO CHECKSUM 10 3 0: 1.532862
2024-08-21 21:18:04,091 INFO CHECKSUM 10 3 0: 1.532862
2024-08-21 21:18:05,286 INFO recv 10 -> 3 # 0 at 25352293, 0.817194 0.083420
2024-08-21 21:18:05,286 INFO sent 10 -> 3 # 0 at 30645760, 0.817194 0.083420
2024-08-21 21:18:14,011 INFO CHECKSUM 10 4 0: 1.601295
2024-08-21 21:18:14,011 INFO CHECKSUM 10 4 0: 1.601295
2024-08-21 21:18:15,208 INFO recv 10 -> 4 # 0 at 15534284, 0.169838 0.506096
2024-08-21 21:18:15,209 INFO sent 10 -> 4 # 0 at 15345799, 0.169838 0.506096
2024-08-21 21:18:23,931 INFO CHECKSUM 10 5 0: 1.710866
2024-08-21 21:18:23,932 INFO CHECKSUM 10 5 0: 1.710866
2024-08-21 21:18:25,337 INFO sent 10 -> 5 # 0 at 15615960, 0.326478 0.842745
2024-08-21 21:18:25,339 INFO recv 10 -> 5 # 0 at 14614604, 0.326478 0.842745
2024-08-21 21:18:34,043 INFO CHECKSUM 10 6 0: 2.160921
2024-08-21 21:18:34,058 INFO CHECKSUM 10 6 0: 2.160921
2024-08-21 21:18:35,362 INFO sent 10 -> 6 # 0 at 14032435, 0.952973 0.912960
2024-08-21 21:18:35,363 INFO recv 10 -> 6 # 0 at 31892592, 0.952973 0.912960
2024-08-21 21:18:44,145 INFO CHECKSUM 10 7 0: 1.549250
2024-08-21 21:18:44,145 INFO CHECKSUM 10 7 0: 1.549250
2024-08-21 21:18:45,291 INFO sent 10 -> 7 # 0 at 85705531, 0.532478 0.146009
2024-08-21 21:18:45,291 INFO recv 10 -> 7 # 0 at 77988313, 0.532478 0.146009
2024-08-21 21:18:54,043 INFO CHECKSUM 10 8 0: 0.974610
2024-08-21 21:18:54,043 INFO CHECKSUM 10 8 0: 0.974610
2024-08-21 21:18:55,089 INFO recv 10 -> 8 # 0 at 31753568, 0.994861 0.051600
2024-08-21 21:18:55,089 INFO sent 10 -> 8 # 0 at 30269236, 0.994861 0.051600
2024-08-21 21:19:03,804 INFO CHECKSUM 10 9 0: 1.784543
2024-08-21 21:19:03,805 INFO CHECKSUM 10 9 0: 1.784543
2024-08-21 21:19:04,936 INFO recv 10 -> 9 # 0 at 15207774, 0.211045 0.171883
2024-08-21 21:19:04,936 INFO sent 10 -> 9 # 0 at 14584722, 0.211045 0.171883
2024-08-21 21:19:13,815 INFO CHECKSUM 10 11 0: 0.969869
2024-08-21 21:19:13,816 INFO CHECKSUM 10 11 0: 0.969869
2024-08-21 21:19:15,136 INFO sent 10 -> 11 # 0 at 190961065, 0.975181 0.782833
2024-08-21 21:19:15,136 INFO recv 10 -> 11 # 0 at 191232138, 0.975181 0.782833
2024-08-21 21:19:24,033 INFO CHECKSUM 10 12 0: 1.884468
2024-08-21 21:19:24,034 INFO CHECKSUM 10 12 0: 1.884468
2024-08-21 21:19:25,156 INFO sent 10 -> 12 # 0 at 204789879, 0.982804 0.347734
2024-08-21 21:19:25,156 INFO recv 10 -> 12 # 0 at 205175854, 0.982804 0.347734
2024-08-21 21:19:34,044 INFO CHECKSUM 10 13 0: 2.115858
2024-08-21 21:19:34,045 INFO CHECKSUM 10 13 0: 2.115858
2024-08-21 21:19:35,353 INFO sent 10 -> 13 # 0 at 179757696, 0.162695 0.563786
2024-08-21 21:19:35,353 INFO recv 10 -> 13 # 0 at 180488626, 0.162695 0.563786
2024-08-21 21:19:44,189 INFO CHECKSUM 10 14 0: 1.758303
2024-08-21 21:19:44,190 INFO CHECKSUM 10 14 0: 1.758303
2024-08-21 21:19:45,290 INFO sent 10 -> 14 # 0 at 156020461, 0.279716 0.564025
2024-08-21 21:19:45,290 INFO recv 10 -> 14 # 0 at 156629510, 0.279716 0.564025
2024-08-21 21:19:54,195 INFO CHECKSUM 10 15 0: 1.414443
2024-08-21 21:19:54,195 INFO CHECKSUM 10 15 0: 1.414443
2024-08-21 21:19:55,364 INFO Accepting from rank 11
2024-08-21 21:19:55,364 INFO Accepting from rank 11
2024-08-21 21:19:55,364 INFO Accepting from rank 11
2024-08-21 21:19:55,364 INFO Accepting from rank 11
2024-08-21 21:19:55,364 INFO Accepting from rank 11
2024-08-21 21:19:55,364 INFO Accepting from rank 11
2024-08-21 21:19:55,364 INFO Accepting from rank 11
2024-08-21 21:19:55,365 INFO Accepting from rank 11
2024-08-21 21:19:55,364 INFO Sending from rank 11
2024-08-21 21:19:55,364 INFO Accepting from rank 11
2024-08-21 21:19:55,365 INFO Accepting from rank 11
2024-08-21 21:19:55,364 INFO sent 10 -> 15 # 0 at 196968093, 0.768899 0.433117
2024-08-21 21:19:55,364 INFO Accepting from rank 11
2024-08-21 21:19:55,364 INFO Accepting from rank 11
2024-08-21 21:19:55,370 INFO Accepting from rank 11
2024-08-21 21:19:55,370 INFO recv 10 -> 15 # 0 at 197142031, 0.768899 0.433117
2024-08-21 21:19:55,371 INFO Accepting from rank 11
2024-08-21 21:19:55,390 INFO Accepting from rank 11
2024-08-21 21:20:04,133 INFO CHECKSUM 11 0 0: 2.016957
2024-08-21 21:20:04,134 INFO CHECKSUM 11 0 0: 2.016957
2024-08-21 21:20:05,354 INFO sent 11 -> 0 # 0 at 80350664, 0.581977 0.461150
2024-08-21 21:20:05,354 INFO recv 11 -> 0 # 0 at 82477721, 0.581977 0.461150
2024-08-21 21:20:14,176 INFO CHECKSUM 11 1 0: 1.742874
2024-08-21 21:20:14,177 INFO CHECKSUM 11 1 0: 1.742874
2024-08-21 21:20:15,510 INFO recv 11 -> 1 # 0 at 90656129, 0.113511 0.097767
2024-08-21 21:20:15,512 INFO sent 11 -> 1 # 0 at 96679369, 0.113511 0.097767
2024-08-21 21:20:24,206 INFO CHECKSUM 11 2 0: 1.899939
2024-08-21 21:20:24,206 INFO CHECKSUM 11 2 0: 1.899939
2024-08-21 21:20:25,478 INFO recv 11 -> 2 # 0 at 34710003, 0.123731 0.349539
2024-08-21 21:20:25,491 INFO sent 11 -> 2 # 0 at 34281704, 0.123731 0.349539
2024-08-21 21:20:34,234 INFO CHECKSUM 11 3 0: 2.081306
2024-08-21 21:20:34,234 INFO CHECKSUM 11 3 0: 2.081306
2024-08-21 21:20:35,543 INFO sent 11 -> 3 # 0 at 27270200, 0.183144 0.315054
2024-08-21 21:20:35,543 INFO recv 11 -> 3 # 0 at 26585550, 0.183144 0.315054
2024-08-21 21:20:44,284 INFO CHECKSUM 11 4 0: 1.714778
2024-08-21 21:20:44,283 INFO CHECKSUM 11 4 0: 1.714778
2024-08-21 21:20:45,390 INFO recv 11 -> 4 # 0 at 19219697, 0.945139 0.278045
2024-08-21 21:20:45,396 INFO sent 11 -> 4 # 0 at 14758137, 0.945139 0.278045
2024-08-21 21:20:54,374 INFO CHECKSUM 11 5 0: 1.728151
2024-08-21 21:20:54,375 INFO CHECKSUM 11 5 0: 1.728151
2024-08-21 21:20:55,420 INFO sent 11 -> 5 # 0 at 14428009, 0.171624 0.169104
2024-08-21 21:20:55,420 INFO recv 11 -> 5 # 0 at 15181974, 0.171624 0.169104
2024-08-21 21:21:04,163 INFO CHECKSUM 11 6 0: 1.766804
2024-08-21 21:21:04,163 INFO CHECKSUM 11 6 0: 1.766804
2024-08-21 21:21:05,291 INFO sent 11 -> 6 # 0 at 15007477, 0.682150 0.196600
2024-08-21 21:21:05,294 INFO recv 11 -> 6 # 0 at 15270182, 0.682150 0.196600
2024-08-21 21:21:14,021 INFO CHECKSUM 11 7 0: 1.205180
2024-08-21 21:21:14,021 INFO CHECKSUM 11 7 0: 1.205180
2024-08-21 21:21:15,207 INFO sent 11 -> 7 # 0 at 30481824, 0.627949 0.851928
2024-08-21 21:21:15,207 INFO recv 11 -> 7 # 0 at 30483524, 0.627949 0.851928
2024-08-21 21:21:23,914 INFO CHECKSUM 11 8 0: 1.200250
2024-08-21 21:21:23,915 INFO CHECKSUM 11 8 0: 1.200250
2024-08-21 21:21:25,010 INFO recv 11 -> 8 # 0 at 14899879, 0.795345 0.775478
2024-08-21 21:21:25,016 INFO sent 11 -> 8 # 0 at 14193205, 0.795345 0.775478
2024-08-21 21:21:33,743 INFO CHECKSUM 11 9 0: 1.611335
2024-08-21 21:21:33,742 INFO CHECKSUM 11 9 0: 1.611335
2024-08-21 21:21:35,017 INFO recv 11 -> 9 # 0 at 28648217, 0.679108 0.010827
2024-08-21 21:21:35,017 INFO sent 11 -> 9 # 0 at 28044272, 0.679108 0.010827
2024-08-21 21:21:43,797 INFO CHECKSUM 11 10 0: 1.325201
2024-08-21 21:21:43,797 INFO CHECKSUM 11 10 0: 1.325201
2024-08-21 21:21:45,094 INFO recv 11 -> 10 # 0 at 104711180, 0.925218 0.591753
2024-08-21 21:21:45,094 INFO sent 11 -> 10 # 0 at 103709688, 0.925218 0.591753
2024-08-21 21:21:54,042 INFO CHECKSUM 11 12 0: 1.109913
2024-08-21 21:21:54,043 INFO CHECKSUM 11 12 0: 1.109913
2024-08-21 21:21:55,264 INFO recv 11 -> 12 # 0 at 246966848, 0.268935 0.802898
2024-08-21 21:21:55,275 INFO sent 11 -> 12 # 0 at 242208327, 0.268935 0.802898
2024-08-21 21:22:04,226 INFO CHECKSUM 11 13 0: 1.582791
2024-08-21 21:22:04,226 INFO CHECKSUM 11 13 0: 1.582791
2024-08-21 21:22:05,225 INFO sent 11 -> 13 # 0 at 238494043, 0.136853 0.273420
2024-08-21 21:22:05,234 INFO recv 11 -> 13 # 0 at 233487443, 0.136853 0.273420
2024-08-21 21:22:14,117 INFO CHECKSUM 11 14 0: 0.979218
2024-08-21 21:22:14,118 INFO CHECKSUM 11 14 0: 0.979218
2024-08-21 21:22:15,325 INFO sent 11 -> 14 # 0 at 188314076, 0.848748 0.015979
2024-08-21 21:22:15,325 INFO recv 11 -> 14 # 0 at 189076479, 0.848748 0.015979
2024-08-21 21:22:24,202 INFO CHECKSUM 11 15 0: 0.671007
2024-08-21 21:22:25,370 INFO Accepting from rank 12
2024-08-21 21:22:25,370 INFO Accepting from rank 12
2024-08-21 21:22:24,202 INFO CHECKSUM 11 15 0: 0.671007
2024-08-21 21:22:25,370 INFO Accepting from rank 12
2024-08-21 21:22:25,370 INFO Sending from rank 12
2024-08-21 21:22:25,370 INFO Accepting from rank 12
2024-08-21 21:22:25,371 INFO Accepting from rank 12
2024-08-21 21:22:25,370 INFO Accepting from rank 12
2024-08-21 21:22:25,371 INFO Accepting from rank 12
2024-08-21 21:22:25,370 INFO Accepting from rank 12
2024-08-21 21:22:25,371 INFO Accepting from rank 12
2024-08-21 21:22:25,370 INFO Accepting from rank 12
2024-08-21 21:22:25,371 INFO Accepting from rank 12
2024-08-21 21:22:25,370 INFO sent 11 -> 15 # 0 at 196234783, 0.684873 0.003161
2024-08-21 21:22:25,371 INFO Accepting from rank 12
2024-08-21 21:22:25,370 INFO recv 11 -> 15 # 0 at 196449205, 0.684873 0.003161
2024-08-21 21:22:25,371 INFO Accepting from rank 12
2024-08-21 21:22:25,371 INFO Accepting from rank 12
2024-08-21 21:22:25,394 INFO Accepting from rank 12
2024-08-21 21:22:34,090 INFO CHECKSUM 12 0 0: 0.913394
2024-08-21 21:22:34,090 INFO CHECKSUM 12 0 0: 0.913394
2024-08-21 21:22:35,128 INFO recv 12 -> 0 # 0 at 14751030, 0.572301 0.391672
2024-08-21 21:22:35,128 INFO sent 12 -> 0 # 0 at 14365103, 0.572301 0.391672
2024-08-21 21:22:43,861 INFO CHECKSUM 12 1 0: 2.107039
2024-08-21 21:22:43,862 INFO CHECKSUM 12 1 0: 2.107039
2024-08-21 21:22:45,187 INFO sent 12 -> 1 # 0 at 34607590, 0.638380 0.753679
2024-08-21 21:22:45,187 INFO recv 12 -> 1 # 0 at 32400606, 0.638380 0.753679
2024-08-21 21:22:53,899 INFO CHECKSUM 12 2 0: 2.511533
2024-08-21 21:22:53,898 INFO CHECKSUM 12 2 0: 2.511533
2024-08-21 21:22:54,988 INFO recv 12 -> 2 # 0 at 15412921, 0.126451 0.809554
2024-08-21 21:22:54,988 INFO sent 12 -> 2 # 0 at 14383268, 0.126451 0.809554
2024-08-21 21:23:03,702 INFO CHECKSUM 12 3 0: 1.045541
2024-08-21 21:23:03,702 INFO CHECKSUM 12 3 0: 1.045541
2024-08-21 21:23:04,840 INFO sent 12 -> 3 # 0 at 15013000, 0.248331 0.166969
2024-08-21 21:23:04,840 INFO recv 12 -> 3 # 0 at 15304440, 0.248331 0.166969
2024-08-21 21:23:13,541 INFO CHECKSUM 12 4 0: 1.512085
2024-08-21 21:23:13,540 INFO CHECKSUM 12 4 0: 1.512085
2024-08-21 21:23:14,664 INFO recv 12 -> 4 # 0 at 26587799, 0.094364 0.553433
2024-08-21 21:23:14,664 INFO sent 12 -> 4 # 0 at 25685628, 0.094364 0.553433
2024-08-21 21:23:23,375 INFO CHECKSUM 12 5 0: 1.137351
2024-08-21 21:23:23,374 INFO CHECKSUM 12 5 0: 1.137351
2024-08-21 21:23:24,808 INFO sent 12 -> 5 # 0 at 20722228, 0.953636 0.171320
2024-08-21 21:23:24,815 INFO recv 12 -> 5 # 0 at 15076328, 0.953636 0.171320
2024-08-21 21:23:33,522 INFO CHECKSUM 12 6 0: 1.201685
2024-08-21 21:23:33,513 INFO CHECKSUM 12 6 0: 1.201685
2024-08-21 21:23:34,768 INFO recv 12 -> 6 # 0 at 24077893, 0.808770 0.647423
2024-08-21 21:23:34,768 INFO sent 12 -> 6 # 0 at 14472461, 0.808770 0.647423
2024-08-21 21:23:43,586 INFO CHECKSUM 12 7 0: 2.244171
2024-08-21 21:23:43,585 INFO CHECKSUM 12 7 0: 2.244171
2024-08-21 21:23:44,728 INFO sent 12 -> 7 # 0 at 103406272, 0.289202 0.368412
2024-08-21 21:23:44,733 INFO recv 12 -> 7 # 0 at 102666203, 0.289202 0.368412
2024-08-21 21:23:53,515 INFO CHECKSUM 12 8 0: 1.466749
2024-08-21 21:23:53,515 INFO CHECKSUM 12 8 0: 1.466749
2024-08-21 21:23:54,716 INFO recv 12 -> 8 # 0 at 81400549, 0.925951 0.292447
2024-08-21 21:23:54,716 INFO sent 12 -> 8 # 0 at 80673109, 0.925951 0.292447
2024-08-21 21:24:03,428 INFO CHECKSUM 12 9 0: 0.558900
2024-08-21 21:24:03,428 INFO CHECKSUM 12 9 0: 0.558900
2024-08-21 21:24:04,612 INFO recv 12 -> 9 # 0 at 14909528, 0.389117 0.094323
2024-08-21 21:24:04,612 INFO sent 12 -> 9 # 0 at 14464235, 0.389117 0.094323
2024-08-21 21:24:13,345 INFO CHECKSUM 12 10 0: 1.223758
2024-08-21 21:24:13,344 INFO CHECKSUM 12 10 0: 1.223758
2024-08-21 21:24:14,524 INFO recv 12 -> 10 # 0 at 27083950, 0.900617 0.038609
2024-08-21 21:24:14,524 INFO sent 12 -> 10 # 0 at 26507593, 0.900617 0.038609
2024-08-21 21:24:23,237 INFO CHECKSUM 12 11 0: 1.990616
2024-08-21 21:24:23,236 INFO CHECKSUM 12 11 0: 1.990616
2024-08-21 21:24:24,404 INFO recv 12 -> 11 # 0 at 15314869, 0.615033 0.035392
2024-08-21 21:24:24,404 INFO sent 12 -> 11 # 0 at 14734920, 0.615033 0.035392
2024-08-21 21:24:33,429 INFO CHECKSUM 12 13 0: 2.045741
2024-08-21 21:24:33,430 INFO CHECKSUM 12 13 0: 2.045741
2024-08-21 21:24:34,601 INFO sent 12 -> 13 # 0 at 185381304, 0.641404 0.425410
2024-08-21 21:24:34,601 INFO recv 12 -> 13 # 0 at 185790207, 0.641404 0.425410
2024-08-21 21:24:43,482 INFO CHECKSUM 12 14 0: 1.986284
2024-08-21 21:24:43,483 INFO CHECKSUM 12 14 0: 1.986284
2024-08-21 21:24:44,737 INFO sent 12 -> 14 # 0 at 177046100, 0.178176 0.608151
2024-08-21 21:24:44,740 INFO recv 12 -> 14 # 0 at 177724326, 0.178176 0.608151
2024-08-21 21:24:53,627 INFO CHECKSUM 12 15 0: 2.085644
2024-08-21 21:24:53,627 INFO CHECKSUM 12 15 0: 2.085644
2024-08-21 21:24:54,797 INFO Accepting from rank 13
2024-08-21 21:24:54,797 INFO Accepting from rank 13
2024-08-21 21:24:54,797 INFO Accepting from rank 13
2024-08-21 21:24:54,797 INFO Accepting from rank 13
2024-08-21 21:24:54,797 INFO Accepting from rank 13
2024-08-21 21:24:54,797 INFO sent 12 -> 15 # 0 at 193002129, 0.919327 0.427316
2024-08-21 21:24:54,797 INFO Accepting from rank 13
2024-08-21 21:24:54,797 INFO Accepting from rank 13
2024-08-21 21:24:54,797 INFO Sending from rank 13
2024-08-21 21:24:54,797 INFO Accepting from rank 13
2024-08-21 21:24:54,797 INFO Accepting from rank 13
2024-08-21 21:24:54,797 INFO Accepting from rank 13
2024-08-21 21:24:54,797 INFO Accepting from rank 13
2024-08-21 21:24:54,797 INFO recv 12 -> 15 # 0 at 190573438, 0.919327 0.427316
2024-08-21 21:24:54,797 INFO Accepting from rank 13
2024-08-21 21:24:54,803 INFO Accepting from rank 13
2024-08-21 21:24:54,803 INFO Accepting from rank 13
2024-08-21 21:24:54,820 INFO Accepting from rank 13
2024-08-21 21:25:03,579 INFO CHECKSUM 13 0 0: 1.313100
2024-08-21 21:25:03,579 INFO CHECKSUM 13 0 0: 1.313100
2024-08-21 21:25:04,725 INFO recv 13 -> 0 # 0 at 87531960, 0.958725 0.261077
2024-08-21 21:25:04,725 INFO sent 13 -> 0 # 0 at 86902947, 0.958725 0.261077
2024-08-21 21:25:13,433 INFO CHECKSUM 13 1 0: 2.356767
2024-08-21 21:25:13,433 INFO CHECKSUM 13 1 0: 2.356767
2024-08-21 21:25:14,676 INFO sent 13 -> 1 # 0 at 18710965, 0.011194 0.603442
2024-08-21 21:25:14,676 INFO recv 13 -> 1 # 0 at 15092271, 0.011194 0.603442
2024-08-21 21:25:23,372 INFO CHECKSUM 13 2 0: 1.399132
2024-08-21 21:25:23,363 INFO CHECKSUM 13 2 0: 1.399132
2024-08-21 21:25:24,678 INFO recv 13 -> 2 # 0 at 22981971, 0.228480 0.075611
2024-08-21 21:25:24,685 INFO sent 13 -> 2 # 0 at 14406544, 0.228480 0.075611
2024-08-21 21:25:33,389 INFO CHECKSUM 13 3 0: 1.303960
2024-08-21 21:25:33,388 INFO CHECKSUM 13 3 0: 1.303960
2024-08-21 21:25:34,679 INFO recv 13 -> 3 # 0 at 14627232, 0.957292 0.904774
2024-08-21 21:25:34,680 INFO sent 13 -> 3 # 0 at 20070412, 0.957292 0.904774
2024-08-21 21:25:43,386 INFO CHECKSUM 13 4 0: 1.307572
2024-08-21 21:25:43,386 INFO CHECKSUM 13 4 0: 1.307572
2024-08-21 21:25:44,569 INFO recv 13 -> 4 # 0 at 19681967, 0.904167 0.282196
2024-08-21 21:25:44,569 INFO sent 13 -> 4 # 0 at 19512700, 0.904167 0.282196
2024-08-21 21:25:53,292 INFO CHECKSUM 13 5 0: 1.529144
2024-08-21 21:25:53,292 INFO CHECKSUM 13 5 0: 1.529144
2024-08-21 21:25:54,729 INFO recv 13 -> 5 # 0 at 34190075, 0.365373 0.698224
2024-08-21 21:25:54,737 INFO sent 13 -> 5 # 0 at 33656343, 0.365373 0.698224
2024-08-21 21:26:03,440 INFO CHECKSUM 13 6 0: 1.519175
2024-08-21 21:26:03,439 INFO CHECKSUM 13 6 0: 1.519175
2024-08-21 21:26:04,827 INFO recv 13 -> 6 # 0 at 20124514, 0.873166 0.620633
2024-08-21 21:26:04,829 INFO sent 13 -> 6 # 0 at 14552657, 0.873166 0.620633
2024-08-21 21:26:13,543 INFO CHECKSUM 13 7 0: 1.373027
2024-08-21 21:26:13,543 INFO CHECKSUM 13 7 0: 1.373027
2024-08-21 21:26:14,966 INFO sent 13 -> 7 # 0 at 14815527, 0.535167 0.134561
2024-08-21 21:26:14,966 INFO recv 13 -> 7 # 0 at 15155971, 0.535167 0.134561
2024-08-21 21:26:23,672 INFO CHECKSUM 13 8 0: 1.539625
2024-08-21 21:26:23,671 INFO CHECKSUM 13 8 0: 1.539625
2024-08-21 21:26:24,984 INFO recv 13 -> 8 # 0 at 21771003, 0.394910 0.289951
2024-08-21 21:26:24,984 INFO sent 13 -> 8 # 0 at 14504774, 0.394910 0.289951
2024-08-21 21:26:33,676 INFO CHECKSUM 13 9 0: 1.944921
2024-08-21 21:26:33,675 INFO CHECKSUM 13 9 0: 1.944921
2024-08-21 21:26:34,716 INFO sent 13 -> 9 # 0 at 15552967, 0.188549 0.662647
2024-08-21 21:26:34,716 INFO recv 13 -> 9 # 0 at 16488984, 0.188549 0.662647
2024-08-21 21:26:43,498 INFO CHECKSUM 13 10 0: 1.559585
2024-08-21 21:26:43,498 INFO CHECKSUM 13 10 0: 1.559585
2024-08-21 21:26:44,809 INFO sent 13 -> 10 # 0 at 87542961, 0.234853 0.281711
2024-08-21 21:26:44,809 INFO recv 13 -> 10 # 0 at 88408444, 0.234853 0.281711
2024-08-21 21:26:53,515 INFO CHECKSUM 13 11 0: 1.385674
2024-08-21 21:26:53,515 INFO CHECKSUM 13 11 0: 1.385674
2024-08-21 21:26:54,942 INFO recv 13 -> 11 # 0 at 15289090, 0.348360 0.848970
2024-08-21 21:26:54,953 INFO sent 13 -> 11 # 0 at 15058167, 0.348360 0.848970
2024-08-21 21:27:03,726 INFO CHECKSUM 13 12 0: 1.715736
2024-08-21 21:27:03,727 INFO CHECKSUM 13 12 0: 1.715736
2024-08-21 21:27:04,828 INFO recv 13 -> 12 # 0 at 83359703, 0.139308 0.475361
2024-08-21 21:27:04,828 INFO sent 13 -> 12 # 0 at 82768636, 0.139308 0.475361
2024-08-21 21:27:13,706 INFO CHECKSUM 13 14 0: 1.950143
2024-08-21 21:27:13,706 INFO CHECKSUM 13 14 0: 1.950143
2024-08-21 21:27:14,936 INFO sent 13 -> 14 # 0 at 188808625, 0.646522 0.642005
2024-08-21 21:27:14,936 INFO recv 13 -> 14 # 0 at 189332131, 0.646522 0.642005
2024-08-21 21:27:23,814 INFO CHECKSUM 13 15 0: 0.932664
2024-08-21 21:27:23,815 INFO CHECKSUM 13 15 0: 0.932664
2024-08-21 21:27:25,080 INFO Accepting from rank 14
2024-08-21 21:27:25,080 INFO Accepting from rank 14
2024-08-21 21:27:25,080 INFO Accepting from rank 14
2024-08-21 21:27:25,080 INFO Accepting from rank 14
2024-08-21 21:27:25,080 INFO Accepting from rank 14
2024-08-21 21:27:25,080 INFO Sending from rank 14
2024-08-21 21:27:25,080 INFO Accepting from rank 14
2024-08-21 21:27:25,080 INFO Accepting from rank 14
2024-08-21 21:27:25,080 INFO Accepting from rank 14
2024-08-21 21:27:25,080 INFO sent 13 -> 15 # 0 at 185594629, 0.425244 0.188657
2024-08-21 21:27:25,080 INFO Accepting from rank 14
2024-08-21 21:27:25,080 INFO Accepting from rank 14
2024-08-21 21:27:25,080 INFO Accepting from rank 14
2024-08-21 21:27:25,080 INFO recv 13 -> 15 # 0 at 185920731, 0.425244 0.188657
2024-08-21 21:27:25,080 INFO Accepting from rank 14
2024-08-21 21:27:25,080 INFO Accepting from rank 14
2024-08-21 21:27:25,080 INFO Accepting from rank 14
2024-08-21 21:27:25,103 INFO Accepting from rank 14
2024-08-21 21:27:33,787 INFO CHECKSUM 14 0 0: 0.448045
2024-08-21 21:27:33,787 INFO CHECKSUM 14 0 0: 0.448045
2024-08-21 21:27:34,855 INFO recv 14 -> 0 # 0 at 15157166, 0.617269 0.987636
2024-08-21 21:27:34,855 INFO sent 14 -> 0 # 0 at 14945138, 0.617269 0.987636
2024-08-21 21:27:43,583 INFO CHECKSUM 14 1 0: 1.530114
2024-08-21 21:27:43,583 INFO CHECKSUM 14 1 0: 1.530114
2024-08-21 21:27:44,812 INFO sent 14 -> 1 # 0 at 14448635, 0.673793 0.803564
2024-08-21 21:27:44,814 INFO recv 14 -> 1 # 0 at 23060393, 0.673793 0.803564
2024-08-21 21:27:53,531 INFO CHECKSUM 14 2 0: 2.195712
2024-08-21 21:27:53,531 INFO CHECKSUM 14 2 0: 2.195712
2024-08-21 21:27:54,642 INFO sent 14 -> 2 # 0 at 25007472, 0.337633 0.982408
2024-08-21 21:27:54,642 INFO recv 14 -> 2 # 0 at 25357706, 0.337633 0.982408
2024-08-21 21:28:03,349 INFO CHECKSUM 14 3 0: 1.675026
2024-08-21 21:28:03,349 INFO CHECKSUM 14 3 0: 1.675026
2024-08-21 21:28:04,556 INFO sent 14 -> 3 # 0 at 26992634, 0.201258 0.560139
2024-08-21 21:28:04,557 INFO recv 14 -> 3 # 0 at 14930848, 0.201258 0.560139
2024-08-21 21:28:13,338 INFO CHECKSUM 14 4 0: 1.138478
2024-08-21 21:28:13,339 INFO CHECKSUM 14 4 0: 1.138478
2024-08-21 21:28:14,562 INFO recv 14 -> 4 # 0 at 83277882, 0.963148 0.422217
2024-08-21 21:28:14,569 INFO sent 14 -> 4 # 0 at 82799346, 0.963148 0.422217
2024-08-21 21:28:23,288 INFO CHECKSUM 14 5 0: 0.677967
2024-08-21 21:28:23,279 INFO CHECKSUM 14 5 0: 0.677967
2024-08-21 21:28:24,612 INFO sent 14 -> 5 # 0 at 23629849, 0.257354 0.043285
2024-08-21 21:28:24,617 INFO recv 14 -> 5 # 0 at 32707999, 0.257354 0.043285
2024-08-21 21:28:33,342 INFO CHECKSUM 14 6 0: 0.700051
2024-08-21 21:28:33,342 INFO CHECKSUM 14 6 0: 0.700051
2024-08-21 21:28:34,487 INFO recv 14 -> 6 # 0 at 30989062, 0.297732 0.326936
2024-08-21 21:28:34,487 INFO sent 14 -> 6 # 0 at 39489481, 0.297732 0.326936
2024-08-21 21:28:43,266 INFO CHECKSUM 14 7 0: 2.076828
2024-08-21 21:28:43,266 INFO CHECKSUM 14 7 0: 2.076828
2024-08-21 21:28:44,422 INFO sent 14 -> 7 # 0 at 92762207, 0.239452 0.054562
2024-08-21 21:28:44,424 INFO recv 14 -> 7 # 0 at 88783684, 0.239452 0.054562
2024-08-21 21:28:53,419 INFO CHECKSUM 14 8 0: 0.469778
2024-08-21 21:28:53,419 INFO CHECKSUM 14 8 0: 0.469778
2024-08-21 21:28:54,729 INFO sent 14 -> 8 # 0 at 82918077, 0.204851 0.101759
2024-08-21 21:28:54,729 INFO recv 14 -> 8 # 0 at 82987878, 0.204851 0.101759
2024-08-21 21:29:03,464 INFO CHECKSUM 14 9 0: 1.010366
2024-08-21 21:29:03,463 INFO CHECKSUM 14 9 0: 1.010366
2024-08-21 21:29:04,628 INFO recv 14 -> 9 # 0 at 16282748, 0.258784 0.109454
2024-08-21 21:29:04,628 INFO sent 14 -> 9 # 0 at 15625488, 0.258784 0.109454
2024-08-21 21:29:13,340 INFO CHECKSUM 14 10 0: 1.162057
2024-08-21 21:29:13,339 INFO CHECKSUM 14 10 0: 1.162057
2024-08-21 21:29:14,517 INFO recv 14 -> 10 # 0 at 15414072, 0.353826 0.189701
2024-08-21 21:29:14,517 INFO sent 14 -> 10 # 0 at 14521186, 0.353826 0.189701
2024-08-21 21:29:23,238 INFO CHECKSUM 14 11 0: 1.696827
2024-08-21 21:29:23,253 INFO CHECKSUM 14 11 0: 1.696827
2024-08-21 21:29:24,438 INFO sent 14 -> 11 # 0 at 42095457, 0.639143 0.918720
2024-08-21 21:29:24,440 INFO recv 14 -> 11 # 0 at 49303023, 0.639143 0.918720
2024-08-21 21:29:33,210 INFO CHECKSUM 14 12 0: 1.234218
2024-08-21 21:29:33,214 INFO CHECKSUM 14 12 0: 1.234218
2024-08-21 21:29:34,234 INFO sent 14 -> 12 # 0 at 90548241, 0.005564 0.694132
2024-08-21 21:29:34,234 INFO recv 14 -> 12 # 0 at 93968998, 0.005564 0.694132
2024-08-21 21:29:43,018 INFO CHECKSUM 14 13 0: 0.505150
2024-08-21 21:29:43,019 INFO CHECKSUM 14 13 0: 0.505150
2024-08-21 21:29:44,249 INFO recv 14 -> 13 # 0 at 90877800, 0.391252 0.762874
2024-08-21 21:29:44,249 INFO sent 14 -> 13 # 0 at 90365325, 0.391252 0.762874
2024-08-21 21:29:53,134 INFO CHECKSUM 14 15 0: 1.572989
2024-08-21 21:29:53,135 INFO CHECKSUM 14 15 0: 1.572989
2024-08-21 21:29:54,344 INFO Accepting from rank 15
2024-08-21 21:29:54,344 INFO Accepting from rank 15
2024-08-21 21:29:54,344 INFO Accepting from rank 15
2024-08-21 21:29:54,344 INFO Accepting from rank 15
2024-08-21 21:29:54,344 INFO Accepting from rank 15
2024-08-21 21:29:54,344 INFO Accepting from rank 15
2024-08-21 21:29:54,344 INFO Accepting from rank 15
2024-08-21 21:29:54,344 INFO Accepting from rank 15
2024-08-21 21:29:54,344 INFO Accepting from rank 15
2024-08-21 21:29:54,344 INFO Accepting from rank 15
2024-08-21 21:29:54,350 INFO Accepting from rank 15
2024-08-21 21:29:54,350 INFO Accepting from rank 15
2024-08-21 21:29:54,350 INFO sent 14 -> 15 # 0 at 189597766, 0.115017 0.934986
2024-08-21 21:29:54,350 INFO recv 14 -> 15 # 0 at 189903399, 0.115017 0.934986
2024-08-21 21:29:54,351 INFO Accepting from rank 15
2024-08-21 21:29:54,350 INFO Sending from rank 15
2024-08-21 21:29:54,351 INFO Accepting from rank 15
2024-08-21 21:29:54,368 INFO Accepting from rank 15
2024-08-21 21:30:03,119 INFO CHECKSUM 15 0 0: 1.461637
2024-08-21 21:30:03,118 INFO CHECKSUM 15 0 0: 1.461637
2024-08-21 21:30:04,385 INFO recv 15 -> 0 # 0 at 78381937, 0.958386 0.915367
2024-08-21 21:30:04,385 INFO sent 15 -> 0 # 0 at 77656396, 0.958386 0.915367
2024-08-21 21:30:13,112 INFO CHECKSUM 15 1 0: 1.597279
2024-08-21 21:30:13,112 INFO CHECKSUM 15 1 0: 1.597279
2024-08-21 21:30:14,253 INFO recv 15 -> 1 # 0 at 15288371, 0.196731 0.562787
2024-08-21 21:30:14,253 INFO sent 15 -> 1 # 0 at 14632121, 0.196731 0.562787
2024-08-21 21:30:23,088 INFO CHECKSUM 15 2 0: 1.152977
2024-08-21 21:30:23,088 INFO CHECKSUM 15 2 0: 1.152977
2024-08-21 21:30:24,403 INFO sent 15 -> 2 # 0 at 90700105, 0.875525 0.778753
2024-08-21 21:30:24,411 INFO recv 15 -> 2 # 0 at 84590346, 0.875525 0.778753
2024-08-21 21:30:33,117 INFO CHECKSUM 15 3 0: 0.664588
2024-08-21 21:30:33,117 INFO CHECKSUM 15 3 0: 0.664588
2024-08-21 21:30:34,349 INFO recv 15 -> 3 # 0 at 33489295, 0.467758 0.282988
2024-08-21 21:30:34,349 INFO sent 15 -> 3 # 0 at 32957908, 0.467758 0.282988
2024-08-21 21:30:43,162 INFO CHECKSUM 15 4 0: 2.471838
2024-08-21 21:30:43,162 INFO CHECKSUM 15 4 0: 2.471838
2024-08-21 21:30:44,343 INFO recv 15 -> 4 # 0 at 95943455, 0.100204 0.270800
2024-08-21 21:30:44,343 INFO sent 15 -> 4 # 0 at 90852962, 0.100204 0.270800
2024-08-21 21:30:53,130 INFO CHECKSUM 15 5 0: 2.364203
2024-08-21 21:30:53,131 INFO CHECKSUM 15 5 0: 2.364203
2024-08-21 21:30:54,267 INFO recv 15 -> 5 # 0 at 93677833, 0.563821 0.811376
2024-08-21 21:30:54,267 INFO sent 15 -> 5 # 0 at 85421664, 0.563821 0.811376
2024-08-21 21:31:03,045 INFO CHECKSUM 15 6 0: 1.386300
2024-08-21 21:31:03,046 INFO CHECKSUM 15 6 0: 1.386300
2024-08-21 21:31:04,198 INFO sent 15 -> 6 # 0 at 88682380, 0.518762 0.279044
2024-08-21 21:31:04,198 INFO recv 15 -> 6 # 0 at 89382463, 0.518762 0.279044
2024-08-21 21:31:12,948 INFO CHECKSUM 15 7 0: 2.539209
2024-08-21 21:31:12,947 INFO CHECKSUM 15 7 0: 2.539209
2024-08-21 21:31:14,392 INFO recv 15 -> 7 # 0 at 27412082, 0.448087 0.457644
2024-08-21 21:31:14,392 INFO sent 15 -> 7 # 0 at 27161030, 0.448087 0.457644
2024-08-21 21:31:23,132 INFO CHECKSUM 15 8 0: 0.958612
2024-08-21 21:31:23,131 INFO CHECKSUM 15 8 0: 0.958612
2024-08-21 21:31:24,302 INFO recv 15 -> 8 # 0 at 21431027, 0.781078 0.426146
2024-08-21 21:31:24,317 INFO sent 15 -> 8 # 0 at 14321598, 0.781078 0.426146
2024-08-21 21:31:33,013 INFO CHECKSUM 15 9 0: 1.653280
2024-08-21 21:31:33,013 INFO CHECKSUM 15 9 0: 1.653280
2024-08-21 21:31:34,357 INFO recv 15 -> 9 # 0 at 14702690, 0.109453 0.757828
2024-08-21 21:31:34,357 INFO sent 15 -> 9 # 0 at 14444346, 0.109453 0.757828
2024-08-21 21:31:43,134 INFO CHECKSUM 15 10 0: 1.131376
2024-08-21 21:31:43,125 INFO CHECKSUM 15 10 0: 1.131376
2024-08-21 21:31:44,377 INFO recv 15 -> 10 # 0 at 43478514, 0.232869 0.632050
2024-08-21 21:31:44,377 INFO sent 15 -> 10 # 0 at 31861180, 0.232869 0.632050
2024-08-21 21:31:53,095 INFO CHECKSUM 15 11 0: 1.798701
2024-08-21 21:31:53,095 INFO CHECKSUM 15 11 0: 1.798701
2024-08-21 21:31:54,322 INFO recv 15 -> 11 # 0 at 15287749, 0.006213 0.588049
2024-08-21 21:31:54,322 INFO sent 15 -> 11 # 0 at 14949908, 0.006213 0.588049
2024-08-21 21:32:03,075 INFO CHECKSUM 15 12 0: 1.248419
2024-08-21 21:32:03,075 INFO CHECKSUM 15 12 0: 1.248419
2024-08-21 21:32:04,324 INFO sent 15 -> 12 # 0 at 14529532, 0.245956 0.722701
2024-08-21 21:32:04,324 INFO recv 15 -> 12 # 0 at 22210657, 0.245956 0.722701
2024-08-21 21:32:13,076 INFO CHECKSUM 15 13 0: 1.382248
2024-08-21 21:32:13,076 INFO CHECKSUM 15 13 0: 1.382248
2024-08-21 21:32:14,169 INFO recv 15 -> 13 # 0 at 15350335, 0.866354 0.448738
2024-08-21 21:32:14,169 INFO sent 15 -> 13 # 0 at 14952372, 0.866354 0.448738
2024-08-21 21:32:22,883 INFO CHECKSUM 15 14 0: 1.720142
2024-08-21 21:32:22,883 INFO CHECKSUM 15 14 0: 1.720142
2024-08-21 21:32:24,088 INFO Rank 0 start All-Reduce
2024-08-21 21:32:24,088 INFO Rank 8 start All-Reduce
2024-08-21 21:32:24,088 INFO Rank 4 start All-Reduce
2024-08-21 21:32:24,088 INFO Rank 12 start All-Reduce
2024-08-21 21:32:24,088 INFO Rank 9 start All-Reduce
2024-08-21 21:32:24,088 INFO Rank 13 start All-Reduce
2024-08-21 21:32:24,088 INFO Rank 10 start All-Reduce
2024-08-21 21:32:24,088 INFO recv 15 -> 14 # 0 at 15225643, 0.593032 0.268326
2024-08-21 21:32:24,088 INFO Rank 11 start All-Reduce
2024-08-21 21:32:24,088 INFO sent 15 -> 14 # 0 at 14933566, 0.593032 0.268326
2024-08-21 21:32:24,088 INFO Rank 14 start All-Reduce
2024-08-21 21:32:24,094 INFO Rank 1 start All-Reduce
2024-08-21 21:32:24,094 INFO Rank 6 start All-Reduce
2024-08-21 21:32:24,094 INFO Rank 2 start All-Reduce
2024-08-21 21:32:24,094 INFO Rank 3 start All-Reduce
2024-08-21 21:32:24,099 INFO Rank 15 start All-Reduce
2024-08-21 21:32:24,103 INFO Rank 5 start All-Reduce
2024-08-21 21:32:24,103 INFO Rank 7 start All-Reduce
2024-08-21 21:32:32,822 INFO Rank 2 HIT BARRIER
2024-08-21 21:32:32,823 INFO Rank 3 HIT BARRIER
2024-08-21 21:32:32,841 INFO Rank 0 HIT BARRIER
2024-08-21 21:32:33,001 INFO Rank 1 HIT BARRIER
2024-08-21 21:32:33,002 INFO Added key: store_based_barrier_key:2 to store for rank: 2
2024-08-21 21:32:33,002 INFO Added key: store_based_barrier_key:2 to store for rank: 3
2024-08-21 21:32:33,002 INFO Added key: store_based_barrier_key:2 to store for rank: 9
2024-08-21 21:32:33,002 INFO Added key: store_based_barrier_key:2 to store for rank: 4
2024-08-21 21:32:33,002 INFO Added key: store_based_barrier_key:2 to store for rank: 12
2024-08-21 21:32:33,002 INFO Added key: store_based_barrier_key:2 to store for rank: 1
2024-08-21 21:32:33,002 INFO Added key: store_based_barrier_key:2 to store for rank: 10
2024-08-21 21:32:33,002 INFO Added key: store_based_barrier_key:2 to store for rank: 6
2024-08-21 21:32:33,002 INFO Added key: store_based_barrier_key:2 to store for rank: 13
2024-08-21 21:32:33,003 INFO Added key: store_based_barrier_key:2 to store for rank: 0
2024-08-21 21:32:33,002 INFO Added key: store_based_barrier_key:2 to store for rank: 11
2024-08-21 21:32:33,002 INFO Added key: store_based_barrier_key:2 to store for rank: 7
2024-08-21 21:32:33,002 INFO Added key: store_based_barrier_key:2 to store for rank: 14
2024-08-21 21:32:33,003 INFO Rank 0: Completed store-based barrier for key:store_based_barrier_key:2 with 16 nodes.
2024-08-21 21:32:33,002 INFO Added key: store_based_barrier_key:2 to store for rank: 8
2024-08-21 21:32:33,003 INFO Added key: store_based_barrier_key:2 to store for rank: 5
2024-08-21 21:32:33,002 INFO Added key: store_based_barrier_key:2 to store for rank: 15
2024-08-21 21:32:33,003 INFO Made group
2024-08-21 21:32:33,003 INFO Rank 7: Completed store-based barrier for key:store_based_barrier_key:2 with 16 nodes.
2024-08-21 21:32:33,003 INFO Rank 5: Completed store-based barrier for key:store_based_barrier_key:2 with 16 nodes.
2024-08-21 21:32:33,012 INFO Rank 2: Completed store-based barrier for key:store_based_barrier_key:2 with 16 nodes.
2024-08-21 21:32:33,013 INFO Rank 12: Completed store-based barrier for key:store_based_barrier_key:2 with 16 nodes.
2024-08-21 21:32:33,012 INFO Rank 3: Completed store-based barrier for key:store_based_barrier_key:2 with 16 nodes.
2024-08-21 21:32:33,013 INFO Rank 4: Completed store-based barrier for key:store_based_barrier_key:2 with 16 nodes.
2024-08-21 21:32:33,013 INFO Rank 13: Completed store-based barrier for key:store_based_barrier_key:2 with 16 nodes.
2024-08-21 21:32:33,012 INFO Made group
2024-08-21 21:32:33,013 INFO Rank 8: Completed store-based barrier for key:store_based_barrier_key:2 with 16 nodes.
2024-08-21 21:32:33,013 INFO Rank 6: Completed store-based barrier for key:store_based_barrier_key:2 with 16 nodes.
2024-08-21 21:32:33,013 INFO Rank 14: Completed store-based barrier for key:store_based_barrier_key:2 with 16 nodes.
2024-08-21 21:32:33,012 INFO Made group
2024-08-21 21:32:33,013 INFO Rank 10: Completed store-based barrier for key:store_based_barrier_key:2 with 16 nodes.
2024-08-21 21:32:33,013 INFO Rank 15: Completed store-based barrier for key:store_based_barrier_key:2 with 16 nodes.
2024-08-21 21:32:33,013 INFO Rank 1: Completed store-based barrier for key:store_based_barrier_key:2 with 16 nodes.
2024-08-21 21:32:33,013 INFO Rank 11: Completed store-based barrier for key:store_based_barrier_key:2 with 16 nodes.
2024-08-21 21:32:33,013 INFO Made group
2024-08-21 21:32:33,013 INFO Rank 9: Completed store-based barrier for key:store_based_barrier_key:2 with 16 nodes.
2024-08-21 21:32:33,272 INFO Node Reduce CHECKSUM 0: 4.438747
2024-08-21 21:32:33,330 INFO Node Reduce CHECKSUM 1: 4.438747
2024-08-21 21:32:33,334 INFO Node Reduce CHECKSUM 2: 4.438747
2024-08-21 21:32:33,272 INFO Node Reduce CHECKSUM 3: 4.438747
2024-08-21 21:32:37,170 INFO Node Reduce rank 0 at 4168439536
2024-08-21 21:32:37,170 INFO Node Reduce rank 2 at 4168440689
2024-08-21 21:32:37,170 INFO Node Reduce rank 3 at 4168441591
2024-08-21 21:32:37,170 INFO Node Reduce rank 1 at 4168387566
2024-08-21 21:32:45,871 INFO Rank 5 HIT BARRIER
2024-08-21 21:32:45,874 INFO Rank 7 HIT BARRIER
2024-08-21 21:32:45,879 INFO Rank 4 HIT BARRIER
2024-08-21 21:32:45,897 INFO Rank 6 HIT BARRIER
2024-08-21 21:32:45,897 INFO Added key: store_based_barrier_key:3 to store for rank: 1
2024-08-21 21:32:45,897 INFO Added key: store_based_barrier_key:3 to store for rank: 2
2024-08-21 21:32:45,898 INFO Added key: store_based_barrier_key:3 to store for rank: 8
2024-08-21 21:32:45,898 INFO Added key: store_based_barrier_key:3 to store for rank: 4
2024-08-21 21:32:45,898 INFO Added key: store_based_barrier_key:3 to store for rank: 12
2024-08-21 21:32:45,897 INFO Added key: store_based_barrier_key:3 to store for rank: 3
2024-08-21 21:32:45,898 INFO Added key: store_based_barrier_key:3 to store for rank: 10
2024-08-21 21:32:45,898 INFO Added key: store_based_barrier_key:3 to store for rank: 14
2024-08-21 21:32:45,897 INFO Added key: store_based_barrier_key:3 to store for rank: 0
2024-08-21 21:32:45,898 INFO Rank 8: Completed store-based barrier for key:store_based_barrier_key:3 with 16 nodes.
2024-08-21 21:32:45,898 INFO Added key: store_based_barrier_key:3 to store for rank: 6
2024-08-21 21:32:45,898 INFO Added key: store_based_barrier_key:3 to store for rank: 13
2024-08-21 21:32:45,898 INFO Rank 0: Completed store-based barrier for key:store_based_barrier_key:3 with 16 nodes.
2024-08-21 21:32:45,898 INFO Added key: store_based_barrier_key:3 to store for rank: 9
2024-08-21 21:32:45,898 INFO Added key: store_based_barrier_key:3 to store for rank: 5
2024-08-21 21:32:45,898 INFO Added key: store_based_barrier_key:3 to store for rank: 15
2024-08-21 21:32:45,898 INFO Added key: store_based_barrier_key:3 to store for rank: 11
2024-08-21 21:32:45,898 INFO Added key: store_based_barrier_key:3 to store for rank: 7
2024-08-21 21:32:45,898 INFO Rank 12: Completed store-based barrier for key:store_based_barrier_key:3 with 16 nodes.
2024-08-21 21:32:45,898 INFO Rank 10: Completed store-based barrier for key:store_based_barrier_key:3 with 16 nodes.
2024-08-21 21:32:45,898 INFO Rank 7: Completed store-based barrier for key:store_based_barrier_key:3 with 16 nodes.
2024-08-21 21:32:45,898 INFO Rank 14: Completed store-based barrier for key:store_based_barrier_key:3 with 16 nodes.
2024-08-21 21:32:45,898 INFO Rank 9: Completed store-based barrier for key:store_based_barrier_key:3 with 16 nodes.
2024-08-21 21:32:45,898 INFO Rank 5: Completed store-based barrier for key:store_based_barrier_key:3 with 16 nodes.
2024-08-21 21:32:45,898 INFO Rank 13: Completed store-based barrier for key:store_based_barrier_key:3 with 16 nodes.
2024-08-21 21:32:45,898 INFO Rank 11: Completed store-based barrier for key:store_based_barrier_key:3 with 16 nodes.
2024-08-21 21:32:45,898 INFO Made group
2024-08-21 21:32:45,898 INFO Rank 15: Completed store-based barrier for key:store_based_barrier_key:3 with 16 nodes.
2024-08-21 21:32:45,898 INFO Made group
2024-08-21 21:32:45,908 INFO Rank 2: Completed store-based barrier for key:store_based_barrier_key:3 with 16 nodes.
2024-08-21 21:32:45,908 INFO Rank 3: Completed store-based barrier for key:store_based_barrier_key:3 with 16 nodes.
2024-08-21 21:32:45,908 INFO Rank 1: Completed store-based barrier for key:store_based_barrier_key:3 with 16 nodes.
2024-08-21 21:32:45,908 INFO Rank 4: Completed store-based barrier for key:store_based_barrier_key:3 with 16 nodes.
2024-08-21 21:32:45,908 INFO Made group
2024-08-21 21:32:45,908 INFO Rank 6: Completed store-based barrier for key:store_based_barrier_key:3 with 16 nodes.
2024-08-21 21:32:45,908 INFO Made group
2024-08-21 21:32:46,202 INFO Node Reduce CHECKSUM 4: 4.964129
2024-08-21 21:32:46,204 INFO Node Reduce CHECKSUM 5: 4.964129
2024-08-21 21:32:46,263 INFO Node Reduce CHECKSUM 6: 4.964129
2024-08-21 21:32:46,200 INFO Node Reduce CHECKSUM 7: 4.964129
2024-08-21 21:32:50,003 INFO Node Reduce rank 4 at 4106168082
2024-08-21 21:32:50,003 INFO Node Reduce rank 5 at 4106171990
2024-08-21 21:32:50,003 INFO Node Reduce rank 6 at 4106127294
2024-08-21 21:32:50,003 INFO Node Reduce rank 7 at 4106170157
2024-08-21 21:32:58,690 INFO Rank 11 HIT BARRIER
2024-08-21 21:32:58,691 INFO Rank 9 HIT BARRIER
2024-08-21 21:32:58,694 INFO Rank 8 HIT BARRIER
2024-08-21 21:32:58,705 INFO Rank 10 HIT BARRIER
2024-08-21 21:32:58,713 INFO Added key: store_based_barrier_key:4 to store for rank: 13
2024-08-21 21:32:58,713 INFO Added key: store_based_barrier_key:4 to store for rank: 0
2024-08-21 21:32:58,713 INFO Added key: store_based_barrier_key:4 to store for rank: 1
2024-08-21 21:32:58,714 INFO Added key: store_based_barrier_key:4 to store for rank: 9
2024-08-21 21:32:58,714 INFO Added key: store_based_barrier_key:4 to store for rank: 4
2024-08-21 21:32:58,714 INFO Added key: store_based_barrier_key:4 to store for rank: 12
2024-08-21 21:32:58,713 INFO Added key: store_based_barrier_key:4 to store for rank: 2
2024-08-21 21:32:58,714 INFO Added key: store_based_barrier_key:4 to store for rank: 11
2024-08-21 21:32:58,714 INFO Added key: store_based_barrier_key:4 to store for rank: 6
2024-08-21 21:32:58,714 INFO Added key: store_based_barrier_key:4 to store for rank: 14
2024-08-21 21:32:58,713 INFO Added key: store_based_barrier_key:4 to store for rank: 3
2024-08-21 21:32:58,714 INFO Added key: store_based_barrier_key:4 to store for rank: 8
2024-08-21 21:32:58,714 INFO Added key: store_based_barrier_key:4 to store for rank: 5
2024-08-21 21:32:58,714 INFO Added key: store_based_barrier_key:4 to store for rank: 15
2024-08-21 21:32:58,714 INFO Added key: store_based_barrier_key:4 to store for rank: 10
2024-08-21 21:32:58,714 INFO Added key: store_based_barrier_key:4 to store for rank: 7
2024-08-21 21:32:58,714 INFO Rank 12: Completed store-based barrier for key:store_based_barrier_key:4 with 16 nodes.
2024-08-21 21:32:58,714 INFO Rank 9: Completed store-based barrier for key:store_based_barrier_key:4 with 16 nodes.
2024-08-21 21:32:58,714 INFO Rank 4: Completed store-based barrier for key:store_based_barrier_key:4 with 16 nodes.
2024-08-21 21:32:58,714 INFO Rank 14: Completed store-based barrier for key:store_based_barrier_key:4 with 16 nodes.
2024-08-21 21:32:58,714 INFO Rank 10: Completed store-based barrier for key:store_based_barrier_key:4 with 16 nodes.
2024-08-21 21:32:58,714 INFO Rank 5: Completed store-based barrier for key:store_based_barrier_key:4 with 16 nodes.
2024-08-21 21:32:58,714 INFO Rank 15: Completed store-based barrier for key:store_based_barrier_key:4 with 16 nodes.
2024-08-21 21:32:58,714 INFO Rank 11: Completed store-based barrier for key:store_based_barrier_key:4 with 16 nodes.
2024-08-21 21:32:58,714 INFO Rank 6: Completed store-based barrier for key:store_based_barrier_key:4 with 16 nodes.
2024-08-21 21:32:58,714 INFO Rank 8: Completed store-based barrier for key:store_based_barrier_key:4 with 16 nodes.
2024-08-21 21:32:58,714 INFO Rank 7: Completed store-based barrier for key:store_based_barrier_key:4 with 16 nodes.
2024-08-21 21:32:58,714 INFO Made group
2024-08-21 21:32:58,714 INFO Made group
2024-08-21 21:32:58,714 INFO Made group
2024-08-21 21:32:58,714 INFO Made group
2024-08-21 21:32:58,723 INFO Rank 2: Completed store-based barrier for key:store_based_barrier_key:4 with 16 nodes.
2024-08-21 21:32:58,723 INFO Rank 3: Completed store-based barrier for key:store_based_barrier_key:4 with 16 nodes.
2024-08-21 21:32:58,723 INFO Rank 1: Completed store-based barrier for key:store_based_barrier_key:4 with 16 nodes.
2024-08-21 21:32:58,723 INFO Rank 0: Completed store-based barrier for key:store_based_barrier_key:4 with 16 nodes.
2024-08-21 21:32:58,724 INFO Rank 13: Completed store-based barrier for key:store_based_barrier_key:4 with 16 nodes.
2024-08-21 21:32:58,957 INFO Node Reduce CHECKSUM 10: 5.634173
2024-08-21 21:32:58,957 INFO Node Reduce CHECKSUM 11: 5.634173
2024-08-21 21:32:58,953 INFO Node Reduce CHECKSUM 8: 5.634173
2024-08-21 21:32:58,957 INFO Node Reduce CHECKSUM 9: 5.634173
2024-08-21 21:33:03,127 INFO Node Reduce rank 8 at 4414326708
2024-08-21 21:33:03,127 INFO Node Reduce rank 9 at 4414323061
2024-08-21 21:33:03,127 INFO Node Reduce rank 10 at 4414323532
2024-08-21 21:33:03,127 INFO Node Reduce rank 11 at 4414326087
2024-08-21 21:33:11,810 INFO Rank 13 HIT BARRIER
2024-08-21 21:33:11,823 INFO Rank 12 HIT BARRIER
2024-08-21 21:33:11,827 INFO Rank 14 HIT BARRIER
2024-08-21 21:33:11,839 INFO Rank 15 HIT BARRIER
2024-08-21 21:33:11,847 INFO Added key: store_based_barrier_key:5 to store for rank: 2
2024-08-21 21:33:11,847 INFO Added key: store_based_barrier_key:5 to store for rank: 3
2024-08-21 21:33:11,847 INFO Added key: store_based_barrier_key:5 to store for rank: 8
2024-08-21 21:33:11,847 INFO Added key: store_based_barrier_key:5 to store for rank: 4
2024-08-21 21:33:11,847 INFO Added key: store_based_barrier_key:5 to store for rank: 14
2024-08-21 21:33:11,847 INFO Added key: store_based_barrier_key:5 to store for rank: 1
2024-08-21 21:33:11,847 INFO Added key: store_based_barrier_key:5 to store for rank: 9
2024-08-21 21:33:11,847 INFO Added key: store_based_barrier_key:5 to store for rank: 5
2024-08-21 21:33:11,847 INFO Added key: store_based_barrier_key:5 to store for rank: 13
2024-08-21 21:33:11,847 INFO Rank 2: Completed store-based barrier for key:store_based_barrier_key:5 with 16 nodes.
2024-08-21 21:33:11,847 INFO Added key: store_based_barrier_key:5 to store for rank: 10
2024-08-21 21:33:11,847 INFO Added key: store_based_barrier_key:5 to store for rank: 6
2024-08-21 21:33:11,847 INFO Added key: store_based_barrier_key:5 to store for rank: 12
2024-08-21 21:33:11,847 INFO Rank 3: Completed store-based barrier for key:store_based_barrier_key:5 with 16 nodes.
2024-08-21 21:33:11,847 INFO Added key: store_based_barrier_key:5 to store for rank: 11
2024-08-21 21:33:11,847 INFO Added key: store_based_barrier_key:5 to store for rank: 7
2024-08-21 21:33:11,847 INFO Added key: store_based_barrier_key:5 to store for rank: 15
2024-08-21 21:33:11,847 INFO Rank 1: Completed store-based barrier for key:store_based_barrier_key:5 with 16 nodes.
2024-08-21 21:33:11,848 INFO Rank 9: Completed store-based barrier for key:store_based_barrier_key:5 with 16 nodes.
2024-08-21 21:33:11,848 INFO Rank 4: Completed store-based barrier for key:store_based_barrier_key:5 with 16 nodes.
2024-08-21 21:33:11,847 INFO Rank 14: Completed store-based barrier for key:store_based_barrier_key:5 with 16 nodes.
2024-08-21 21:33:11,848 INFO Added key: store_based_barrier_key:5 to store for rank: 0
2024-08-21 21:33:11,848 INFO Rank 10: Completed store-based barrier for key:store_based_barrier_key:5 with 16 nodes.
2024-08-21 21:33:11,848 INFO Rank 5: Completed store-based barrier for key:store_based_barrier_key:5 with 16 nodes.
2024-08-21 21:33:11,847 INFO Made group
2024-08-21 21:33:11,848 INFO Rank 0: Completed store-based barrier for key:store_based_barrier_key:5 with 16 nodes.
2024-08-21 21:33:11,848 INFO Rank 8: Completed store-based barrier for key:store_based_barrier_key:5 with 16 nodes.
2024-08-21 21:33:11,848 INFO Rank 6: Completed store-based barrier for key:store_based_barrier_key:5 with 16 nodes.
2024-08-21 21:33:11,847 INFO Rank 13: Completed store-based barrier for key:store_based_barrier_key:5 with 16 nodes.
2024-08-21 21:33:11,848 INFO Rank 11: Completed store-based barrier for key:store_based_barrier_key:5 with 16 nodes.
2024-08-21 21:33:11,848 INFO Rank 7: Completed store-based barrier for key:store_based_barrier_key:5 with 16 nodes.
2024-08-21 21:33:11,848 INFO Made group
2024-08-21 21:33:11,848 INFO Rank 12: Completed store-based barrier for key:store_based_barrier_key:5 with 16 nodes.
2024-08-21 21:33:11,848 INFO Rank 15: Completed store-based barrier for key:store_based_barrier_key:5 with 16 nodes.
2024-08-21 21:33:11,848 INFO Made group
2024-08-21 21:33:11,848 INFO Made group
2024-08-21 21:33:12,079 INFO Node Reduce CHECKSUM 15: 3.238185
2024-08-21 21:33:12,141 INFO Node Reduce CHECKSUM 13: 3.238185
2024-08-21 21:33:12,144 INFO Node Reduce CHECKSUM 14: 3.238185
2024-08-21 21:33:12,141 INFO Node Reduce CHECKSUM 12: 3.238185
2024-08-21 21:33:16,372 INFO Node Reduce rank 12 at 4525145917
2024-08-21 21:33:16,372 INFO Node Reduce rank 13 at 4525141738
2024-08-21 21:33:16,372 INFO Node Reduce rank 14 at 4525144183
2024-08-21 21:33:16,372 INFO Node Reduce rank 15 at 4525138021
2024-08-21 21:33:25,297 INFO All Reduce CHECKSUM 4: 26.793739
2024-08-21 21:33:25,297 INFO All Reduce CHECKSUM 3: 26.793739
2024-08-21 21:33:25,297 INFO All Reduce CHECKSUM 5: 26.793739
2024-08-21 21:33:25,299 INFO All Reduce CHECKSUM 11: 26.793739
2024-08-21 21:33:25,296 INFO All Reduce CHECKSUM 12: 26.793739
2024-08-21 21:33:25,295 INFO All Reduce CHECKSUM 13: 26.793739
2024-08-21 21:33:25,292 INFO All Reduce CHECKSUM 6: 26.793739
2024-08-21 21:33:25,297 INFO All Reduce CHECKSUM 8: 26.793739
2024-08-21 21:33:25,297 INFO All Reduce CHECKSUM 7: 26.793739
2024-08-21 21:33:25,297 INFO All Reduce CHECKSUM 14: 26.793739
2024-08-21 21:33:25,296 INFO All Reduce CHECKSUM 9: 26.793739
2024-08-21 21:33:25,292 INFO All Reduce CHECKSUM 10: 26.793739
2024-08-21 21:33:25,297 INFO All Reduce CHECKSUM 0: 26.793739
2024-08-21 21:33:25,293 INFO All Reduce CHECKSUM 15: 26.793739
2024-08-21 21:33:25,292 INFO All Reduce CHECKSUM 1: 26.793739
2024-08-21 21:33:25,297 INFO All Reduce CHECKSUM 2: 26.793739
2024-08-21 21:33:34,893 INFO All Reduce rank 8 at 9601883511
2024-08-21 21:33:34,893 INFO All Reduce rank 4 at 9601880749
2024-08-21 21:33:34,893 INFO All Reduce rank 12 at 9601882847
2024-08-21 21:33:34,893 INFO All Reduce rank 0 at 9601918362
2024-08-21 21:33:34,893 INFO All Reduce rank 3 at 9601878534
2024-08-21 21:33:34,893 INFO All Reduce rank 10 at 9601878351
2024-08-21 21:33:34,893 INFO All Reduce rank 5 at 9601879026
2024-08-21 21:33:34,893 INFO All Reduce rank 13 at 9601875633
2024-08-21 21:33:34,893 INFO All Reduce rank 1 at 9601927179
2024-08-21 21:33:34,893 INFO Rank 8 done
2024-08-21 21:33:34,893 INFO All Reduce rank 6 at 9601879787
2024-08-21 21:33:34,893 INFO All Reduce rank 14 at 9601879220
2024-08-21 21:33:34,893 INFO All Reduce rank 2 at 9601912771
2024-08-21 21:33:34,893 INFO Rank 10 done
2024-08-21 21:33:34,893 INFO All Reduce rank 7 at 9601877613
2024-08-21 21:33:34,893 INFO All Reduce rank 15 at 9601873559
2024-08-21 21:33:34,893 INFO Rank 0 done
2024-08-21 21:33:34,894 INFO All Reduce rank 9 at 9598227749
2024-08-21 21:33:34,894 INFO Rank 9 done
2024-08-21 21:33:34,893 INFO Rank 4 done
2024-08-21 21:33:34,893 INFO Rank 15 done
2024-08-21 21:33:34,893 INFO Rank 3 done
2024-08-21 21:33:34,894 INFO All Reduce rank 11 at 9598226456
2024-08-21 21:33:34,894 INFO Rank 11 done
2024-08-21 21:33:34,893 INFO Rank 5 done
2024-08-21 21:33:34,893 INFO Rank 12 done
2024-08-21 21:33:34,894 INFO Rank 1 done
2024-08-21 21:33:34,893 INFO Rank 6 done
2024-08-21 21:33:34,893 INFO Rank 13 done
2024-08-21 21:33:34,894 INFO Rank 2 done
2024-08-21 21:33:34,893 INFO Rank 7 done
2024-08-21 21:33:34,893 INFO Rank 14 done
