
Lmod is automatically replacing "gcc-native/12.3" with "gcc/11.2.0".


Inactive Modules:
  1) cray-libsci/23.12.5

The following have been reloaded with a version change:
  1) cray-mpich/8.1.28 => cray-mpich/8.1.25
  2) cudatoolkit/12.2 => cudatoolkit/11.7

nid[001949,001964,002057,002393]
2024-08-21 18:47:59,174 INFO Initialized rank 1 out of 16
2024-08-21 18:47:59,174 INFO Initialized rank 2 out of 16
2024-08-21 18:47:59,174 INFO Initialized rank 14 out of 16
2024-08-21 18:47:59,174 INFO Initialized rank 6 out of 16
2024-08-21 18:47:59,174 INFO Initialized rank 15 out of 16
2024-08-21 18:47:59,175 INFO Initialized rank 8 out of 16
2024-08-21 18:47:59,175 INFO Initialized rank 3 out of 16
2024-08-21 18:47:59,174 INFO Initialized rank 12 out of 16
2024-08-21 18:47:59,174 INFO Initialized rank 7 out of 16
2024-08-21 18:47:59,175 INFO Initialized rank 11 out of 16
2024-08-21 18:47:59,175 INFO Initialized rank 0 out of 16
2024-08-21 18:47:59,175 INFO Initialized rank 13 out of 16
2024-08-21 18:47:59,175 INFO Initialized rank 5 out of 16
2024-08-21 18:47:59,175 INFO Initialized rank 10 out of 16
2024-08-21 18:47:59,175 INFO Initialized rank 4 out of 16
2024-08-21 18:47:59,175 INFO Initialized rank 9 out of 16
2024-08-21 18:48:03,184 INFO Sync time
2024-08-21 18:48:03,184 INFO Sync time
2024-08-21 18:48:03,184 INFO Sync time
2024-08-21 18:48:03,184 INFO Sync time
2024-08-21 18:48:03,184 INFO Sync time
2024-08-21 18:48:03,184 INFO Sync time
2024-08-21 18:48:03,184 INFO Sync time
2024-08-21 18:48:03,184 INFO Sync time
2024-08-21 18:48:03,184 INFO Sync time
2024-08-21 18:48:03,184 INFO Sync time
2024-08-21 18:48:03,184 INFO Sync time
2024-08-21 18:48:03,184 INFO Sync time
2024-08-21 18:48:03,184 INFO Sync time
2024-08-21 18:48:03,184 INFO Sync time
2024-08-21 18:48:03,184 INFO Sync time
2024-08-21 18:48:03,184 INFO Sync time
2024-08-21 18:48:03,187 INFO Sending from rank 0
2024-08-21 18:48:03,187 INFO Accepting from rank 0
2024-08-21 18:48:03,187 INFO Accepting from rank 0
2024-08-21 18:48:03,187 INFO Accepting from rank 0
2024-08-21 18:48:03,188 INFO Accepting from rank 0
2024-08-21 18:48:03,188 INFO Accepting from rank 0
2024-08-21 18:48:03,187 INFO Accepting from rank 0
2024-08-21 18:48:03,187 INFO Accepting from rank 0
2024-08-21 18:48:03,188 INFO Accepting from rank 0
2024-08-21 18:48:03,188 INFO Accepting from rank 0
2024-08-21 18:48:03,187 INFO Accepting from rank 0
2024-08-21 18:48:03,187 INFO Accepting from rank 0
2024-08-21 18:48:03,188 INFO Accepting from rank 0
2024-08-21 18:48:03,188 INFO Accepting from rank 0
2024-08-21 18:48:03,188 INFO Accepting from rank 0
2024-08-21 18:48:03,188 INFO Accepting from rank 0
2024-08-21 18:48:12,100 INFO CHECKSUM 0 1 0: 2.532476
2024-08-21 18:48:12,100 INFO CHECKSUM 0 1 0: 2.532476
2024-08-21 18:48:13,256 INFO sent 0 -> 1 # 0 at 167586551, 0.823525 0.583273
2024-08-21 18:48:13,262 INFO recv 0 -> 1 # 0 at 167539269, 0.823525 0.583273
2024-08-21 18:48:22,211 INFO CHECKSUM 0 2 0: 1.261487
2024-08-21 18:48:22,212 INFO CHECKSUM 0 2 0: 1.261487
2024-08-21 18:48:23,320 INFO sent 0 -> 2 # 0 at 269904172, 0.176067 0.802131
2024-08-21 18:48:23,320 INFO recv 0 -> 2 # 0 at 268322180, 0.176067 0.802131
2024-08-21 18:48:32,287 INFO CHECKSUM 0 3 0: 1.524341
2024-08-21 18:48:32,288 INFO CHECKSUM 0 3 0: 1.524341
2024-08-21 18:48:33,440 INFO sent 0 -> 3 # 0 at 257938585, 0.407430 0.224415
2024-08-21 18:48:33,440 INFO recv 0 -> 3 # 0 at 254006394, 0.407430 0.224415
2024-08-21 18:48:42,338 INFO CHECKSUM 0 4 0: 1.044079
2024-08-21 18:48:42,344 INFO CHECKSUM 0 4 0: 1.044079
2024-08-21 18:48:43,473 INFO sent 0 -> 4 # 0 at 203149237, 0.662452 0.997490
2024-08-21 18:48:43,473 INFO recv 0 -> 4 # 0 at 206309479, 0.662452 0.997490
2024-08-21 18:48:52,348 INFO CHECKSUM 0 5 0: 1.054615
2024-08-21 18:48:52,350 INFO CHECKSUM 0 5 0: 1.054615
2024-08-21 18:48:53,480 INFO sent 0 -> 5 # 0 at 188576283, 0.014939 0.266853
2024-08-21 18:48:53,487 INFO recv 0 -> 5 # 0 at 189989786, 0.014939 0.266853
2024-08-21 18:49:02,384 INFO CHECKSUM 0 6 0: 1.554008
2024-08-21 18:49:02,386 INFO CHECKSUM 0 6 0: 1.554008
2024-08-21 18:49:03,640 INFO sent 0 -> 6 # 0 at 193259488, 0.765356 0.998733
2024-08-21 18:49:03,639 INFO recv 0 -> 6 # 0 at 194399750, 0.765356 0.998733
2024-08-21 18:49:12,567 INFO CHECKSUM 0 7 0: 2.035306
2024-08-21 18:49:12,568 INFO CHECKSUM 0 7 0: 2.035306
2024-08-21 18:49:13,657 INFO sent 0 -> 7 # 0 at 236280720, 0.985155 0.966287
2024-08-21 18:49:13,669 INFO recv 0 -> 7 # 0 at 236693771, 0.985155 0.966287
2024-08-21 18:49:22,740 INFO CHECKSUM 0 8 0: 2.136364
2024-08-21 18:49:22,742 INFO CHECKSUM 0 8 0: 2.136364
2024-08-21 18:49:23,852 INFO recv 0 -> 8 # 0 at 209280257, 0.391329 0.536779
2024-08-21 18:49:23,852 INFO sent 0 -> 8 # 0 at 207453561, 0.391329 0.536779
2024-08-21 18:49:32,901 INFO CHECKSUM 0 9 0: 1.226307
2024-08-21 18:49:32,903 INFO CHECKSUM 0 9 0: 1.226307
2024-08-21 18:49:33,996 INFO recv 0 -> 9 # 0 at 223560563, 0.632628 0.027646
2024-08-21 18:49:33,996 INFO sent 0 -> 9 # 0 at 235090468, 0.632628 0.027646
2024-08-21 18:49:42,952 INFO CHECKSUM 0 10 0: 1.488485
2024-08-21 18:49:42,953 INFO CHECKSUM 0 10 0: 1.488485
2024-08-21 18:49:43,992 INFO sent 0 -> 10 # 0 at 236665966, 0.809187 0.255551
2024-08-21 18:49:43,997 INFO recv 0 -> 10 # 0 at 228229302, 0.809187 0.255551
2024-08-21 18:49:52,865 INFO CHECKSUM 0 11 0: 2.075528
2024-08-21 18:49:52,867 INFO CHECKSUM 0 11 0: 2.075528
2024-08-21 18:49:54,078 INFO sent 0 -> 11 # 0 at 134565788, 0.688716 0.905729
2024-08-21 18:49:54,078 INFO recv 0 -> 11 # 0 at 135748172, 0.688716 0.905729
2024-08-21 18:50:03,035 INFO CHECKSUM 0 12 0: 2.274916
2024-08-21 18:50:03,036 INFO CHECKSUM 0 12 0: 2.274916
2024-08-21 18:50:04,527 INFO sent 0 -> 12 # 0 at 229195942, 0.761202 0.878328
2024-08-21 18:50:04,527 INFO recv 0 -> 12 # 0 at 226279529, 0.761202 0.878328
2024-08-21 18:50:13,471 INFO CHECKSUM 0 13 0: 0.982523
2024-08-21 18:50:13,472 INFO CHECKSUM 0 13 0: 0.982523
2024-08-21 18:50:14,464 INFO sent 0 -> 13 # 0 at 193622226, 0.525996 0.620256
2024-08-21 18:50:14,477 INFO recv 0 -> 13 # 0 at 195480218, 0.525996 0.620256
2024-08-21 18:50:23,370 INFO CHECKSUM 0 14 0: 2.481591
2024-08-21 18:50:23,371 INFO CHECKSUM 0 14 0: 2.481591
2024-08-21 18:50:24,440 INFO sent 0 -> 14 # 0 at 176080467, 0.003845 0.457279
2024-08-21 18:50:24,442 INFO recv 0 -> 14 # 0 at 177356191, 0.003845 0.457279
2024-08-21 18:50:33,435 INFO CHECKSUM 0 15 0: 2.698256
2024-08-21 18:50:34,506 INFO Accepting from rank 1
2024-08-21 18:50:34,506 INFO sent 0 -> 15 # 0 at 224829004, 0.944018 0.691760
2024-08-21 18:50:33,435 INFO CHECKSUM 0 15 0: 2.698256
2024-08-21 18:50:34,506 INFO Accepting from rank 1
2024-08-21 18:50:34,506 INFO Sending from rank 1
2024-08-21 18:50:34,506 INFO Accepting from rank 1
2024-08-21 18:50:34,506 INFO Accepting from rank 1
2024-08-21 18:50:34,506 INFO Accepting from rank 1
2024-08-21 18:50:34,506 INFO Accepting from rank 1
2024-08-21 18:50:34,506 INFO Accepting from rank 1
2024-08-21 18:50:34,506 INFO Accepting from rank 1
2024-08-21 18:50:34,506 INFO Accepting from rank 1
2024-08-21 18:50:34,506 INFO Accepting from rank 1
2024-08-21 18:50:34,506 INFO Accepting from rank 1
2024-08-21 18:50:34,506 INFO Accepting from rank 1
2024-08-21 18:50:34,506 INFO recv 0 -> 15 # 0 at 216765444, 0.944018 0.691760
2024-08-21 18:50:34,506 INFO Accepting from rank 1
2024-08-21 18:50:34,506 INFO Accepting from rank 1
2024-08-21 18:50:34,526 INFO Accepting from rank 1
2024-08-21 18:50:43,290 INFO CHECKSUM 1 0 0: 1.425533
2024-08-21 18:50:43,290 INFO CHECKSUM 1 0 0: 1.425533
2024-08-21 18:50:44,474 INFO recv 1 -> 0 # 0 at 15160863, 0.074633 0.847941
2024-08-21 18:50:44,474 INFO sent 1 -> 0 # 0 at 14702747, 0.074633 0.847941
2024-08-21 18:50:53,409 INFO CHECKSUM 1 2 0: 1.282717
2024-08-21 18:50:53,408 INFO CHECKSUM 1 2 0: 1.282717
2024-08-21 18:50:54,512 INFO sent 1 -> 2 # 0 at 212251641, 0.745663 0.422316
2024-08-21 18:50:54,512 INFO recv 1 -> 2 # 0 at 212761307, 0.745663 0.422316
2024-08-21 18:51:03,437 INFO CHECKSUM 1 3 0: 1.062508
2024-08-21 18:51:03,437 INFO CHECKSUM 1 3 0: 1.062508
2024-08-21 18:51:04,644 INFO sent 1 -> 3 # 0 at 203181772, 0.397579 0.385755
2024-08-21 18:51:04,644 INFO recv 1 -> 3 # 0 at 203226198, 0.397579 0.385755
2024-08-21 18:51:13,519 INFO CHECKSUM 1 4 0: 2.379559
2024-08-21 18:51:13,519 INFO CHECKSUM 1 4 0: 2.379559
2024-08-21 18:51:14,699 INFO sent 1 -> 4 # 0 at 163739280, 0.952786 0.594428
2024-08-21 18:51:14,699 INFO recv 1 -> 4 # 0 at 164097443, 0.952786 0.594428
2024-08-21 18:51:23,590 INFO CHECKSUM 1 5 0: 2.112068
2024-08-21 18:51:24,657 INFO sent 1 -> 5 # 0 at 188255603, 0.838131 0.028053
2024-08-21 18:51:23,591 INFO CHECKSUM 1 5 0: 2.112068
2024-08-21 18:51:24,656 INFO recv 1 -> 5 # 0 at 187889658, 0.838131 0.028053
2024-08-21 18:51:33,566 INFO CHECKSUM 1 6 0: 1.089499
2024-08-21 18:51:33,567 INFO CHECKSUM 1 6 0: 1.089499
2024-08-21 18:51:34,808 INFO sent 1 -> 6 # 0 at 182525548, 0.859679 0.332581
2024-08-21 18:51:34,807 INFO recv 1 -> 6 # 0 at 183498210, 0.859679 0.332581
2024-08-21 18:51:43,739 INFO CHECKSUM 1 7 0: 1.987358
2024-08-21 18:51:44,842 INFO sent 1 -> 7 # 0 at 192465606, 0.443354 0.348531
2024-08-21 18:51:43,746 INFO CHECKSUM 1 7 0: 1.987358
2024-08-21 18:51:44,842 INFO recv 1 -> 7 # 0 at 199908548, 0.443354 0.348531
2024-08-21 18:51:53,752 INFO CHECKSUM 1 8 0: 1.811948
2024-08-21 18:51:53,753 INFO CHECKSUM 1 8 0: 1.811948
2024-08-21 18:51:54,736 INFO sent 1 -> 8 # 0 at 162479160, 0.479123 0.407044
2024-08-21 18:51:54,736 INFO recv 1 -> 8 # 0 at 170786590, 0.479123 0.407044
2024-08-21 18:52:03,626 INFO CHECKSUM 1 9 0: 1.174908
2024-08-21 18:52:03,633 INFO CHECKSUM 1 9 0: 1.174908
2024-08-21 18:52:04,748 INFO sent 1 -> 9 # 0 at 159258851, 0.966214 0.998979
2024-08-21 18:52:04,748 INFO recv 1 -> 9 # 0 at 166289715, 0.966214 0.998979
2024-08-21 18:52:13,715 INFO CHECKSUM 1 10 0: 1.180726
2024-08-21 18:52:13,724 INFO CHECKSUM 1 10 0: 1.180726
2024-08-21 18:52:14,812 INFO sent 1 -> 10 # 0 at 203577421, 0.368546 0.721583
2024-08-21 18:52:14,817 INFO recv 1 -> 10 # 0 at 212973326, 0.368546 0.721583
2024-08-21 18:52:23,694 INFO CHECKSUM 1 11 0: 0.991970
2024-08-21 18:52:23,694 INFO CHECKSUM 1 11 0: 0.991970
2024-08-21 18:52:24,743 INFO sent 1 -> 11 # 0 at 161836369, 0.093765 0.169354
2024-08-21 18:52:24,747 INFO recv 1 -> 11 # 0 at 162136815, 0.093765 0.169354
2024-08-21 18:52:33,704 INFO CHECKSUM 1 12 0: 1.703591
2024-08-21 18:52:34,768 INFO sent 1 -> 12 # 0 at 205910150, 0.335232 0.865929
2024-08-21 18:52:33,704 INFO CHECKSUM 1 12 0: 1.703591
2024-08-21 18:52:34,768 INFO recv 1 -> 12 # 0 at 210340800, 0.335232 0.865929
2024-08-21 18:52:43,663 INFO CHECKSUM 1 13 0: 0.894118
2024-08-21 18:52:43,663 INFO CHECKSUM 1 13 0: 0.894118
2024-08-21 18:52:44,958 INFO sent 1 -> 13 # 0 at 177388338, 0.967895 0.946304
2024-08-21 18:52:44,958 INFO recv 1 -> 13 # 0 at 174685894, 0.967895 0.946304
2024-08-21 18:52:53,843 INFO CHECKSUM 1 14 0: 1.669371
2024-08-21 18:52:53,843 INFO CHECKSUM 1 14 0: 1.669371
2024-08-21 18:52:55,170 INFO sent 1 -> 14 # 0 at 169412242, 0.510774 0.553428
2024-08-21 18:52:55,170 INFO recv 1 -> 14 # 0 at 169367544, 0.510774 0.553428
2024-08-21 18:53:04,075 INFO CHECKSUM 1 15 0: 2.188187
2024-08-21 18:53:04,075 INFO CHECKSUM 1 15 0: 2.188187
2024-08-21 18:53:05,267 INFO Accepting from rank 2
2024-08-21 18:53:05,267 INFO Accepting from rank 2
2024-08-21 18:53:05,267 INFO Accepting from rank 2
2024-08-21 18:53:05,267 INFO Accepting from rank 2
2024-08-21 18:53:05,267 INFO Accepting from rank 2
2024-08-21 18:53:05,267 INFO sent 1 -> 15 # 0 at 177144145, 0.112535 0.095814
2024-08-21 18:53:05,267 INFO Accepting from rank 2
2024-08-21 18:53:05,267 INFO Accepting from rank 2
2024-08-21 18:53:05,267 INFO Sending from rank 2
2024-08-21 18:53:05,267 INFO Accepting from rank 2
2024-08-21 18:53:05,267 INFO Accepting from rank 2
2024-08-21 18:53:05,267 INFO Accepting from rank 2
2024-08-21 18:53:05,267 INFO Accepting from rank 2
2024-08-21 18:53:05,267 INFO recv 1 -> 15 # 0 at 177405861, 0.112535 0.095814
2024-08-21 18:53:05,267 INFO Accepting from rank 2
2024-08-21 18:53:05,267 INFO Accepting from rank 2
2024-08-21 18:53:05,267 INFO Accepting from rank 2
2024-08-21 18:53:05,293 INFO Accepting from rank 2
2024-08-21 18:53:14,017 INFO CHECKSUM 2 0 0: 0.487276
2024-08-21 18:53:14,018 INFO CHECKSUM 2 0 0: 0.487276
2024-08-21 18:53:15,080 INFO recv 2 -> 0 # 0 at 33955972, 0.544062 0.232777
2024-08-21 18:53:15,086 INFO sent 2 -> 0 # 0 at 33165213, 0.544062 0.232777
2024-08-21 18:53:23,860 INFO CHECKSUM 2 1 0: 1.633755
2024-08-21 18:53:23,860 INFO CHECKSUM 2 1 0: 1.633755
2024-08-21 18:53:25,003 INFO recv 2 -> 1 # 0 at 40194868, 0.139842 0.404138
2024-08-21 18:53:25,003 INFO sent 2 -> 1 # 0 at 40146535, 0.139842 0.404138
2024-08-21 18:53:33,884 INFO CHECKSUM 2 3 0: 2.446021
2024-08-21 18:53:33,884 INFO CHECKSUM 2 3 0: 2.446021
2024-08-21 18:53:34,895 INFO sent 2 -> 3 # 0 at 173486633, 0.161213 0.294671
2024-08-21 18:53:34,895 INFO recv 2 -> 3 # 0 at 173733459, 0.161213 0.294671
2024-08-21 18:53:43,805 INFO CHECKSUM 2 4 0: 1.350450
2024-08-21 18:53:43,806 INFO CHECKSUM 2 4 0: 1.350450
2024-08-21 18:53:44,912 INFO sent 2 -> 4 # 0 at 159790292, 0.718456 0.609352
2024-08-21 18:53:44,912 INFO recv 2 -> 4 # 0 at 160042362, 0.718456 0.609352
2024-08-21 18:53:53,771 INFO CHECKSUM 2 5 0: 1.400688
2024-08-21 18:53:54,895 INFO sent 2 -> 5 # 0 at 127367458, 0.840518 0.728037
2024-08-21 18:53:53,772 INFO CHECKSUM 2 5 0: 1.400688
2024-08-21 18:53:54,895 INFO recv 2 -> 5 # 0 at 128051191, 0.840518 0.728037
2024-08-21 18:54:03,834 INFO CHECKSUM 2 6 0: 0.634996
2024-08-21 18:54:03,843 INFO CHECKSUM 2 6 0: 0.634996
2024-08-21 18:54:05,066 INFO sent 2 -> 6 # 0 at 194113365, 0.930797 0.922228
2024-08-21 18:54:05,066 INFO recv 2 -> 6 # 0 at 203546849, 0.930797 0.922228
2024-08-21 18:54:13,999 INFO CHECKSUM 2 7 0: 1.162461
2024-08-21 18:54:15,280 INFO sent 2 -> 7 # 0 at 181461039, 0.754477 0.439649
2024-08-21 18:54:14,000 INFO CHECKSUM 2 7 0: 1.162461
2024-08-21 18:54:15,280 INFO recv 2 -> 7 # 0 at 181873093, 0.754477 0.439649
2024-08-21 18:54:24,184 INFO CHECKSUM 2 8 0: 1.209058
2024-08-21 18:54:24,184 INFO CHECKSUM 2 8 0: 1.209058
2024-08-21 18:54:25,403 INFO sent 2 -> 8 # 0 at 177784217, 0.163269 0.800507
2024-08-21 18:54:25,403 INFO recv 2 -> 8 # 0 at 178303432, 0.163269 0.800507
2024-08-21 18:54:34,337 INFO CHECKSUM 2 9 0: 1.492480
2024-08-21 18:54:34,337 INFO CHECKSUM 2 9 0: 1.492480
2024-08-21 18:54:35,642 INFO sent 2 -> 9 # 0 at 183186233, 0.962933 0.920491
2024-08-21 18:54:35,644 INFO recv 2 -> 9 # 0 at 185284852, 0.962933 0.920491
2024-08-21 18:54:44,541 INFO CHECKSUM 2 10 0: 1.689289
2024-08-21 18:54:44,541 INFO CHECKSUM 2 10 0: 1.689289
2024-08-21 18:54:45,656 INFO recv 2 -> 10 # 0 at 161587914, 0.876632 0.731535
2024-08-21 18:54:45,658 INFO sent 2 -> 10 # 0 at 161350613, 0.876632 0.731535
2024-08-21 18:54:54,511 INFO CHECKSUM 2 11 0: 1.167355
2024-08-21 18:54:54,511 INFO CHECKSUM 2 11 0: 1.167355
2024-08-21 18:54:55,790 INFO sent 2 -> 11 # 0 at 117473834, 0.074368 0.828656
2024-08-21 18:54:55,792 INFO recv 2 -> 11 # 0 at 117470415, 0.074368 0.828656
2024-08-21 18:55:04,747 INFO CHECKSUM 2 12 0: 1.399080
2024-08-21 18:55:04,747 INFO CHECKSUM 2 12 0: 1.399080
2024-08-21 18:55:06,010 INFO recv 2 -> 12 # 0 at 209269001, 0.461706 0.162424
2024-08-21 18:55:06,017 INFO sent 2 -> 12 # 0 at 208848442, 0.461706 0.162424
2024-08-21 18:55:14,927 INFO CHECKSUM 2 13 0: 1.230690
2024-08-21 18:55:14,928 INFO CHECKSUM 2 13 0: 1.230690
2024-08-21 18:55:16,054 INFO sent 2 -> 13 # 0 at 185467244, 0.248010 0.562936
2024-08-21 18:55:16,054 INFO recv 2 -> 13 # 0 at 175095252, 0.248010 0.562936
2024-08-21 18:55:24,961 INFO CHECKSUM 2 14 0: 1.956088
2024-08-21 18:55:24,962 INFO CHECKSUM 2 14 0: 1.956088
2024-08-21 18:55:26,075 INFO sent 2 -> 14 # 0 at 160605131, 0.672813 0.280315
2024-08-21 18:55:26,075 INFO recv 2 -> 14 # 0 at 160860591, 0.672813 0.280315
2024-08-21 18:55:34,974 INFO CHECKSUM 2 15 0: 1.246658
2024-08-21 18:55:36,159 INFO Accepting from rank 3
2024-08-21 18:55:36,159 INFO Accepting from rank 3
2024-08-21 18:55:34,974 INFO CHECKSUM 2 15 0: 1.246658
2024-08-21 18:55:36,159 INFO Accepting from rank 3
2024-08-21 18:55:36,159 INFO Accepting from rank 3
2024-08-21 18:55:36,159 INFO Accepting from rank 3
2024-08-21 18:55:36,159 INFO Accepting from rank 3
2024-08-21 18:55:36,160 INFO Accepting from rank 3
2024-08-21 18:55:36,159 INFO sent 2 -> 15 # 0 at 164331878, 0.534005 0.591447
2024-08-21 18:55:36,159 INFO Accepting from rank 3
2024-08-21 18:55:36,159 INFO Accepting from rank 3
2024-08-21 18:55:36,160 INFO Accepting from rank 3
2024-08-21 18:55:36,159 INFO Sending from rank 3
2024-08-21 18:55:36,159 INFO Accepting from rank 3
2024-08-21 18:55:36,159 INFO Accepting from rank 3
2024-08-21 18:55:36,159 INFO recv 2 -> 15 # 0 at 164587212, 0.534005 0.591447
2024-08-21 18:55:36,159 INFO Accepting from rank 3
2024-08-21 18:55:36,160 INFO Accepting from rank 3
2024-08-21 18:55:36,187 INFO Accepting from rank 3
2024-08-21 18:55:44,910 INFO CHECKSUM 3 0 0: 0.768936
2024-08-21 18:55:44,912 INFO CHECKSUM 3 0 0: 0.768936
2024-08-21 18:55:46,144 INFO recv 3 -> 0 # 0 at 22081233, 0.839434 0.274976
2024-08-21 18:55:46,144 INFO sent 3 -> 0 # 0 at 20093438, 0.839434 0.274976
2024-08-21 18:55:54,859 INFO CHECKSUM 3 1 0: 1.350932
2024-08-21 18:55:54,859 INFO CHECKSUM 3 1 0: 1.350932
2024-08-21 18:55:55,899 INFO recv 3 -> 1 # 0 at 15073340, 0.631750 0.382376
2024-08-21 18:55:55,899 INFO sent 3 -> 1 # 0 at 14913130, 0.631750 0.382376
2024-08-21 18:56:04,723 INFO CHECKSUM 3 2 0: 0.831351
2024-08-21 18:56:04,724 INFO CHECKSUM 3 2 0: 0.831351
2024-08-21 18:56:05,928 INFO recv 3 -> 2 # 0 at 90013612, 0.962498 0.606016
2024-08-21 18:56:05,927 INFO sent 3 -> 2 # 0 at 89719024, 0.962498 0.606016
2024-08-21 18:56:14,800 INFO CHECKSUM 3 4 0: 1.304818
2024-08-21 18:56:14,801 INFO CHECKSUM 3 4 0: 1.304818
2024-08-21 18:56:15,946 INFO sent 3 -> 4 # 0 at 168413572, 0.656021 0.925159
2024-08-21 18:56:15,946 INFO recv 3 -> 4 # 0 at 169219881, 0.656021 0.925159
2024-08-21 18:56:24,772 INFO CHECKSUM 3 5 0: 1.007935
2024-08-21 18:56:24,772 INFO CHECKSUM 3 5 0: 1.007935
2024-08-21 18:56:25,950 INFO recv 3 -> 5 # 0 at 119120603, 0.008662 0.108240
2024-08-21 18:56:25,958 INFO sent 3 -> 5 # 0 at 119087958, 0.008662 0.108240
2024-08-21 18:56:34,852 INFO CHECKSUM 3 6 0: 1.738435
2024-08-21 18:56:34,852 INFO CHECKSUM 3 6 0: 1.738435
2024-08-21 18:56:36,203 INFO recv 3 -> 6 # 0 at 182681047, 0.538538 0.791740
2024-08-21 18:56:36,210 INFO sent 3 -> 6 # 0 at 181948033, 0.538538 0.791740
2024-08-21 18:56:45,076 INFO CHECKSUM 3 7 0: 1.432097
2024-08-21 18:56:46,158 INFO sent 3 -> 7 # 0 at 158184395, 0.712920 0.223042
2024-08-21 18:56:45,077 INFO CHECKSUM 3 7 0: 1.432097
2024-08-21 18:56:46,158 INFO recv 3 -> 7 # 0 at 162984420, 0.712920 0.223042
2024-08-21 18:56:55,023 INFO CHECKSUM 3 8 0: 1.301638
2024-08-21 18:56:55,024 INFO CHECKSUM 3 8 0: 1.301638
2024-08-21 18:56:56,168 INFO sent 3 -> 8 # 0 at 164282432, 0.473565 0.938377
2024-08-21 18:56:56,168 INFO recv 3 -> 8 # 0 at 165481166, 0.473565 0.938377
2024-08-21 18:57:05,068 INFO CHECKSUM 3 9 0: 1.098455
2024-08-21 18:57:05,069 INFO CHECKSUM 3 9 0: 1.098455
2024-08-21 18:57:06,588 INFO sent 3 -> 9 # 0 at 194321739, 0.495792 0.159682
2024-08-21 18:57:06,588 INFO recv 3 -> 9 # 0 at 192387936, 0.495792 0.159682
2024-08-21 18:57:15,480 INFO CHECKSUM 3 10 0: 1.816617
2024-08-21 18:57:15,490 INFO CHECKSUM 3 10 0: 1.816617
2024-08-21 18:57:16,765 INFO sent 3 -> 10 # 0 at 172507511, 0.704504 0.572670
2024-08-21 18:57:16,765 INFO recv 3 -> 10 # 0 at 181135351, 0.704504 0.572670
2024-08-21 18:57:25,653 INFO CHECKSUM 3 11 0: 0.783928
2024-08-21 18:57:25,654 INFO CHECKSUM 3 11 0: 0.783928
2024-08-21 18:57:26,952 INFO recv 3 -> 11 # 0 at 169294041, 0.161767 0.074985
2024-08-21 18:57:26,956 INFO sent 3 -> 11 # 0 at 169093768, 0.161767 0.074985
2024-08-21 18:57:35,879 INFO CHECKSUM 3 12 0: 1.667182
2024-08-21 18:57:35,880 INFO CHECKSUM 3 12 0: 1.667182
2024-08-21 18:57:37,264 INFO sent 3 -> 12 # 0 at 210614414, 0.740430 0.905736
2024-08-21 18:57:37,263 INFO recv 3 -> 12 # 0 at 216949235, 0.740430 0.905736
2024-08-21 18:57:46,158 INFO CHECKSUM 3 13 0: 2.156378
2024-08-21 18:57:46,160 INFO CHECKSUM 3 13 0: 2.156378
2024-08-21 18:57:47,434 INFO recv 3 -> 13 # 0 at 162726371, 0.618526 0.373403
2024-08-21 18:57:47,434 INFO sent 3 -> 13 # 0 at 159731808, 0.618526 0.373403
2024-08-21 18:57:56,579 INFO CHECKSUM 3 14 0: 2.043465
2024-08-21 18:57:58,002 INFO sent 3 -> 14 # 0 at 169327800, 0.879908 0.631704
2024-08-21 18:57:56,580 INFO CHECKSUM 3 14 0: 2.043465
2024-08-21 18:57:58,002 INFO recv 3 -> 14 # 0 at 170110480, 0.879908 0.631704
2024-08-21 18:58:06,936 INFO CHECKSUM 3 15 0: 1.046142
2024-08-21 18:58:07,993 INFO Accepting from rank 4
2024-08-21 18:58:07,993 INFO Accepting from rank 4
2024-08-21 18:58:06,936 INFO CHECKSUM 3 15 0: 1.046142
2024-08-21 18:58:07,993 INFO Sending from rank 4
2024-08-21 18:58:07,993 INFO Accepting from rank 4
2024-08-21 18:58:07,993 INFO Accepting from rank 4
2024-08-21 18:58:07,993 INFO Accepting from rank 4
2024-08-21 18:58:07,993 INFO Accepting from rank 4
2024-08-21 18:58:07,993 INFO Accepting from rank 4
2024-08-21 18:58:07,993 INFO Accepting from rank 4
2024-08-21 18:58:07,993 INFO Accepting from rank 4
2024-08-21 18:58:07,993 INFO Accepting from rank 4
2024-08-21 18:58:07,993 INFO Accepting from rank 4
2024-08-21 18:58:07,993 INFO sent 3 -> 15 # 0 at 157902960, 0.237624 0.748636
2024-08-21 18:58:07,993 INFO Accepting from rank 4
2024-08-21 18:58:07,993 INFO Accepting from rank 4
2024-08-21 18:58:07,993 INFO recv 3 -> 15 # 0 at 158063868, 0.237624 0.748636
2024-08-21 18:58:07,993 INFO Accepting from rank 4
2024-08-21 18:58:08,024 INFO Accepting from rank 4
2024-08-21 18:58:16,841 INFO CHECKSUM 4 0 0: 2.059927
2024-08-21 18:58:16,841 INFO CHECKSUM 4 0 0: 2.059927
2024-08-21 18:58:17,968 INFO recv 4 -> 0 # 0 at 77441580, 0.348680 0.530870
2024-08-21 18:58:17,968 INFO sent 4 -> 0 # 0 at 77369550, 0.348680 0.530870
2024-08-21 18:58:26,733 INFO CHECKSUM 4 1 0: 1.340583
2024-08-21 18:58:26,732 INFO CHECKSUM 4 1 0: 1.340583
2024-08-21 18:58:27,961 INFO recv 4 -> 1 # 0 at 15209240, 0.187675 0.394421
2024-08-21 18:58:27,961 INFO sent 4 -> 1 # 0 at 14347781, 0.187675 0.394421
2024-08-21 18:58:36,758 INFO CHECKSUM 4 2 0: 1.036288
2024-08-21 18:58:36,757 INFO CHECKSUM 4 2 0: 1.036288
2024-08-21 18:58:37,882 INFO recv 4 -> 2 # 0 at 34372689, 0.477558 0.252898
2024-08-21 18:58:37,882 INFO sent 4 -> 2 # 0 at 33779008, 0.477558 0.252898
2024-08-21 18:58:46,639 INFO CHECKSUM 4 3 0: 2.075769
2024-08-21 18:58:46,639 INFO CHECKSUM 4 3 0: 2.075769
2024-08-21 18:58:47,724 INFO sent 4 -> 3 # 0 at 15066241, 0.072083 0.230585
2024-08-21 18:58:47,730 INFO recv 4 -> 3 # 0 at 15497879, 0.072083 0.230585
2024-08-21 18:58:56,641 INFO CHECKSUM 4 5 0: 1.257807
2024-08-21 18:58:56,641 INFO CHECKSUM 4 5 0: 1.257807
2024-08-21 18:58:57,780 INFO sent 4 -> 5 # 0 at 204977244, 0.145615 0.272095
2024-08-21 18:58:57,780 INFO recv 4 -> 5 # 0 at 193555514, 0.145615 0.272095
2024-08-21 18:59:06,689 INFO CHECKSUM 4 6 0: 1.641190
2024-08-21 18:59:06,689 INFO CHECKSUM 4 6 0: 1.641190
2024-08-21 18:59:07,716 INFO sent 4 -> 6 # 0 at 177054648, 0.875388 0.169115
2024-08-21 18:59:07,716 INFO recv 4 -> 6 # 0 at 177743401, 0.875388 0.169115
2024-08-21 18:59:16,663 INFO CHECKSUM 4 7 0: 2.107616
2024-08-21 18:59:16,663 INFO CHECKSUM 4 7 0: 2.107616
2024-08-21 18:59:17,772 INFO sent 4 -> 7 # 0 at 192758353, 0.361673 0.503095
2024-08-21 18:59:17,772 INFO recv 4 -> 7 # 0 at 192940656, 0.361673 0.503095
2024-08-21 18:59:26,685 INFO CHECKSUM 4 8 0: 1.644414
2024-08-21 18:59:26,685 INFO CHECKSUM 4 8 0: 1.644414
2024-08-21 18:59:27,871 INFO recv 4 -> 8 # 0 at 175969080, 0.010895 0.512602
2024-08-21 18:59:27,871 INFO sent 4 -> 8 # 0 at 175212755, 0.010895 0.512602
2024-08-21 18:59:36,769 INFO CHECKSUM 4 9 0: 1.434601
2024-08-21 18:59:36,769 INFO CHECKSUM 4 9 0: 1.434601
2024-08-21 18:59:37,758 INFO recv 4 -> 9 # 0 at 160388686, 0.713328 0.122799
2024-08-21 18:59:37,758 INFO sent 4 -> 9 # 0 at 167042757, 0.713328 0.122799
2024-08-21 18:59:46,669 INFO CHECKSUM 4 10 0: 1.128361
2024-08-21 18:59:46,669 INFO CHECKSUM 4 10 0: 1.128361
2024-08-21 18:59:47,771 INFO recv 4 -> 10 # 0 at 161559515, 0.566116 0.382933
2024-08-21 18:59:47,771 INFO sent 4 -> 10 # 0 at 161219460, 0.566116 0.382933
2024-08-21 18:59:56,673 INFO CHECKSUM 4 11 0: 1.308979
2024-08-21 18:59:56,672 INFO CHECKSUM 4 11 0: 1.308979
2024-08-21 18:59:57,810 INFO recv 4 -> 11 # 0 at 167161248, 0.114192 0.661591
2024-08-21 18:59:57,810 INFO sent 4 -> 11 # 0 at 166627122, 0.114192 0.661591
2024-08-21 19:00:06,734 INFO CHECKSUM 4 12 0: 2.069034
2024-08-21 19:00:06,734 INFO CHECKSUM 4 12 0: 2.069034
2024-08-21 19:00:07,721 INFO recv 4 -> 12 # 0 at 210724212, 0.505718 0.237589
2024-08-21 19:00:07,721 INFO sent 4 -> 12 # 0 at 210456778, 0.505718 0.237589
2024-08-21 19:00:16,621 INFO CHECKSUM 4 13 0: 1.056741
2024-08-21 19:00:16,621 INFO CHECKSUM 4 13 0: 1.056741
2024-08-21 19:00:17,932 INFO sent 4 -> 13 # 0 at 172567741, 0.852274 0.318294
2024-08-21 19:00:17,941 INFO recv 4 -> 13 # 0 at 172498377, 0.852274 0.318294
2024-08-21 19:00:26,834 INFO CHECKSUM 4 14 0: 1.742185
2024-08-21 19:00:26,834 INFO CHECKSUM 4 14 0: 1.742185
2024-08-21 19:00:27,805 INFO recv 4 -> 14 # 0 at 154691845, 0.930788 0.494259
2024-08-21 19:00:27,805 INFO sent 4 -> 14 # 0 at 153880093, 0.930788 0.494259
2024-08-21 19:00:36,701 INFO CHECKSUM 4 15 0: 2.001170
2024-08-21 19:00:36,701 INFO CHECKSUM 4 15 0: 2.001170
2024-08-21 19:00:37,800 INFO Accepting from rank 5
2024-08-21 19:00:37,800 INFO Accepting from rank 5
2024-08-21 19:00:37,800 INFO Accepting from rank 5
2024-08-21 19:00:37,800 INFO Accepting from rank 5
2024-08-21 19:00:37,800 INFO sent 4 -> 15 # 0 at 160090309, 0.845235 0.371740
2024-08-21 19:00:37,800 INFO Accepting from rank 5
2024-08-21 19:00:37,800 INFO Accepting from rank 5
2024-08-21 19:00:37,800 INFO Accepting from rank 5
2024-08-21 19:00:37,800 INFO Accepting from rank 5
2024-08-21 19:00:37,800 INFO Sending from rank 5
2024-08-21 19:00:37,800 INFO Accepting from rank 5
2024-08-21 19:00:37,800 INFO Accepting from rank 5
2024-08-21 19:00:37,800 INFO Accepting from rank 5
2024-08-21 19:00:37,800 INFO Accepting from rank 5
2024-08-21 19:00:37,800 INFO recv 4 -> 15 # 0 at 160747215, 0.845235 0.371740
2024-08-21 19:00:37,800 INFO Accepting from rank 5
2024-08-21 19:00:37,800 INFO Accepting from rank 5
2024-08-21 19:00:37,823 INFO Accepting from rank 5
2024-08-21 19:00:46,653 INFO CHECKSUM 5 0 0: 0.914971
2024-08-21 19:00:46,653 INFO CHECKSUM 5 0 0: 0.914971
2024-08-21 19:00:47,697 INFO recv 5 -> 0 # 0 at 85619937, 0.728183 0.472749
2024-08-21 19:00:47,697 INFO sent 5 -> 0 # 0 at 85333722, 0.728183 0.472749
2024-08-21 19:00:56,441 INFO CHECKSUM 5 1 0: 1.903732
2024-08-21 19:00:56,440 INFO CHECKSUM 5 1 0: 1.903732
2024-08-21 19:00:57,431 INFO recv 5 -> 1 # 0 at 14625641, 0.117172 0.368443
2024-08-21 19:00:57,432 INFO sent 5 -> 1 # 0 at 16404400, 0.117172 0.368443
2024-08-21 19:01:06,176 INFO CHECKSUM 5 2 0: 1.981598
2024-08-21 19:01:06,176 INFO CHECKSUM 5 2 0: 1.981598
2024-08-21 19:01:07,414 INFO recv 5 -> 2 # 0 at 44602123, 0.432591 0.599151
2024-08-21 19:01:07,419 INFO sent 5 -> 2 # 0 at 44531234, 0.432591 0.599151
2024-08-21 19:01:16,166 INFO CHECKSUM 5 3 0: 2.153633
2024-08-21 19:01:16,166 INFO CHECKSUM 5 3 0: 2.153633
2024-08-21 19:01:17,342 INFO sent 5 -> 3 # 0 at 15338749, 0.624821 0.769176
2024-08-21 19:01:17,348 INFO recv 5 -> 3 # 0 at 15604364, 0.624821 0.769176
2024-08-21 19:01:26,091 INFO CHECKSUM 5 4 0: 0.916970
2024-08-21 19:01:26,091 INFO CHECKSUM 5 4 0: 0.916970
2024-08-21 19:01:27,119 INFO recv 5 -> 4 # 0 at 17858244, 0.982409 0.170292
2024-08-21 19:01:27,119 INFO sent 5 -> 4 # 0 at 17118803, 0.982409 0.170292
2024-08-21 19:01:36,017 INFO CHECKSUM 5 6 0: 2.052093
2024-08-21 19:01:36,019 INFO CHECKSUM 5 6 0: 2.052093
2024-08-21 19:01:37,130 INFO sent 5 -> 6 # 0 at 191638235, 0.219098 0.386766
2024-08-21 19:01:37,130 INFO recv 5 -> 6 # 0 at 192900698, 0.219098 0.386766
2024-08-21 19:01:46,003 INFO CHECKSUM 5 7 0: 0.843740
2024-08-21 19:01:46,003 INFO CHECKSUM 5 7 0: 0.843740
2024-08-21 19:01:47,066 INFO sent 5 -> 7 # 0 at 130834875, 0.974183 0.668202
2024-08-21 19:01:47,066 INFO recv 5 -> 7 # 0 at 131276018, 0.974183 0.668202
2024-08-21 19:01:55,967 INFO CHECKSUM 5 8 0: 1.400050
2024-08-21 19:01:55,965 INFO CHECKSUM 5 8 0: 1.400050
2024-08-21 19:01:57,039 INFO recv 5 -> 8 # 0 at 170889667, 0.416473 0.898781
2024-08-21 19:01:57,039 INFO sent 5 -> 8 # 0 at 169181303, 0.416473 0.898781
2024-08-21 19:02:05,883 INFO CHECKSUM 5 9 0: 0.959163
2024-08-21 19:02:05,883 INFO CHECKSUM 5 9 0: 0.959163
2024-08-21 19:02:06,970 INFO recv 5 -> 9 # 0 at 107243638, 0.820691 0.687163
2024-08-21 19:02:06,970 INFO sent 5 -> 9 # 0 at 112093702, 0.820691 0.687163
2024-08-21 19:02:15,867 INFO CHECKSUM 5 10 0: 2.043262
2024-08-21 19:02:15,866 INFO CHECKSUM 5 10 0: 2.043262
2024-08-21 19:02:17,227 INFO recv 5 -> 10 # 0 at 170327954, 0.889855 0.873714
2024-08-21 19:02:17,227 INFO sent 5 -> 10 # 0 at 173470793, 0.889855 0.873714
2024-08-21 19:02:26,130 INFO CHECKSUM 5 11 0: 1.683746
2024-08-21 19:02:26,130 INFO CHECKSUM 5 11 0: 1.683746
2024-08-21 19:02:27,363 INFO recv 5 -> 11 # 0 at 188340119, 0.129954 0.107655
2024-08-21 19:02:27,363 INFO sent 5 -> 11 # 0 at 193079114, 0.129954 0.107655
2024-08-21 19:02:36,297 INFO CHECKSUM 5 12 0: 1.117102
2024-08-21 19:02:36,297 INFO CHECKSUM 5 12 0: 1.117102
2024-08-21 19:02:37,447 INFO recv 5 -> 12 # 0 at 203517184, 0.376412 0.162266
2024-08-21 19:02:37,447 INFO sent 5 -> 12 # 0 at 203338916, 0.376412 0.162266
2024-08-21 19:02:46,260 INFO CHECKSUM 5 13 0: 0.949301
2024-08-21 19:02:46,259 INFO CHECKSUM 5 13 0: 0.949301
2024-08-21 19:02:47,581 INFO recv 5 -> 13 # 0 at 110973943, 0.362279 0.630457
2024-08-21 19:02:47,581 INFO sent 5 -> 13 # 0 at 116618198, 0.362279 0.630457
2024-08-21 19:02:56,457 INFO CHECKSUM 5 14 0: 1.495357
2024-08-21 19:02:56,456 INFO CHECKSUM 5 14 0: 1.495357
2024-08-21 19:02:57,562 INFO sent 5 -> 14 # 0 at 172344814, 0.296671 0.172170
2024-08-21 19:02:57,573 INFO recv 5 -> 14 # 0 at 163886524, 0.296671 0.172170
2024-08-21 19:03:06,425 INFO CHECKSUM 5 15 0: 2.198125
2024-08-21 19:03:06,424 INFO CHECKSUM 5 15 0: 2.198125
2024-08-21 19:03:07,680 INFO Accepting from rank 6
2024-08-21 19:03:07,680 INFO Accepting from rank 6
2024-08-21 19:03:07,680 INFO sent 5 -> 15 # 0 at 184602642, 0.851762 0.137944
2024-08-21 19:03:07,680 INFO Accepting from rank 6
2024-08-21 19:03:07,680 INFO Accepting from rank 6
2024-08-21 19:03:07,681 INFO Accepting from rank 6
2024-08-21 19:03:07,681 INFO Accepting from rank 6
2024-08-21 19:03:07,680 INFO Accepting from rank 6
2024-08-21 19:03:07,681 INFO Accepting from rank 6
2024-08-21 19:03:07,681 INFO Accepting from rank 6
2024-08-21 19:03:07,680 INFO Sending from rank 6
2024-08-21 19:03:07,680 INFO Accepting from rank 6
2024-08-21 19:03:07,687 INFO Accepting from rank 6
2024-08-21 19:03:07,687 INFO Accepting from rank 6
2024-08-21 19:03:07,687 INFO Accepting from rank 6
2024-08-21 19:03:07,687 INFO recv 5 -> 15 # 0 at 184913916, 0.851762 0.137944
2024-08-21 19:03:07,687 INFO Accepting from rank 6
2024-08-21 19:03:07,704 INFO Accepting from rank 6
2024-08-21 19:03:16,476 INFO CHECKSUM 6 0 0: 1.942733
2024-08-21 19:03:16,476 INFO CHECKSUM 6 0 0: 1.942733
2024-08-21 19:03:17,513 INFO recv 6 -> 0 # 0 at 92320958, 0.766030 0.024627
2024-08-21 19:03:17,513 INFO sent 6 -> 0 # 0 at 92316686, 0.766030 0.024627
2024-08-21 19:03:26,281 INFO CHECKSUM 6 1 0: 1.078246
2024-08-21 19:03:26,280 INFO CHECKSUM 6 1 0: 1.078246
2024-08-21 19:03:27,475 INFO recv 6 -> 1 # 0 at 14976630, 0.982965 0.737259
2024-08-21 19:03:27,475 INFO sent 6 -> 1 # 0 at 20809515, 0.982965 0.737259
2024-08-21 19:03:36,223 INFO CHECKSUM 6 2 0: 1.784257
2024-08-21 19:03:36,222 INFO CHECKSUM 6 2 0: 1.784257
2024-08-21 19:03:37,242 INFO recv 6 -> 2 # 0 at 15048399, 0.738184 0.141989
2024-08-21 19:03:37,242 INFO sent 6 -> 2 # 0 at 14276474, 0.738184 0.141989
2024-08-21 19:03:45,970 INFO CHECKSUM 6 3 0: 1.232864
2024-08-21 19:03:47,357 INFO recv 6 -> 3 # 0 at 15268233, 0.134616 0.232566
2024-08-21 19:03:45,969 INFO CHECKSUM 6 3 0: 1.232864
2024-08-21 19:03:47,357 INFO sent 6 -> 3 # 0 at 14839062, 0.134616 0.232566
2024-08-21 19:03:56,089 INFO CHECKSUM 6 4 0: 2.213514
2024-08-21 19:03:56,090 INFO CHECKSUM 6 4 0: 2.213514
2024-08-21 19:03:57,312 INFO recv 6 -> 4 # 0 at 14688501, 0.941186 0.204849
2024-08-21 19:03:57,315 INFO sent 6 -> 4 # 0 at 14309868, 0.941186 0.204849
2024-08-21 19:04:06,083 INFO CHECKSUM 6 5 0: 0.792642
2024-08-21 19:04:06,084 INFO CHECKSUM 6 5 0: 0.792642
2024-08-21 19:04:07,162 INFO sent 6 -> 5 # 0 at 29399666, 0.318925 0.386981
2024-08-21 19:04:07,171 INFO recv 6 -> 5 # 0 at 29904733, 0.318925 0.386981
2024-08-21 19:04:16,081 INFO CHECKSUM 6 7 0: 2.508948
2024-08-21 19:04:16,082 INFO CHECKSUM 6 7 0: 2.508948
2024-08-21 19:04:17,176 INFO sent 6 -> 7 # 0 at 203353655, 0.165254 0.075476
2024-08-21 19:04:17,176 INFO recv 6 -> 7 # 0 at 203409262, 0.165254 0.075476
2024-08-21 19:04:26,097 INFO CHECKSUM 6 8 0: 1.206027
2024-08-21 19:04:26,098 INFO CHECKSUM 6 8 0: 1.206027
2024-08-21 19:04:27,263 INFO recv 6 -> 8 # 0 at 183292634, 0.099817 0.070343
2024-08-21 19:04:27,263 INFO sent 6 -> 8 # 0 at 182360856, 0.099817 0.070343
2024-08-21 19:04:36,169 INFO CHECKSUM 6 9 0: 0.710541
2024-08-21 19:04:36,169 INFO CHECKSUM 6 9 0: 0.710541
2024-08-21 19:04:37,338 INFO recv 6 -> 9 # 0 at 172150361, 0.103850 0.499659
2024-08-21 19:04:37,338 INFO sent 6 -> 9 # 0 at 176665869, 0.103850 0.499659
2024-08-21 19:04:46,240 INFO CHECKSUM 6 10 0: 1.606284
2024-08-21 19:04:46,249 INFO CHECKSUM 6 10 0: 1.606284
2024-08-21 19:04:47,576 INFO sent 6 -> 10 # 0 at 190331511, 0.296851 0.453668
2024-08-21 19:04:47,577 INFO recv 6 -> 10 # 0 at 198634227, 0.296851 0.453668
2024-08-21 19:04:56,494 INFO CHECKSUM 6 11 0: 1.335861
2024-08-21 19:04:56,493 INFO CHECKSUM 6 11 0: 1.335861
2024-08-21 19:04:57,778 INFO recv 6 -> 11 # 0 at 187449162, 0.898028 0.572257
2024-08-21 19:04:57,778 INFO sent 6 -> 11 # 0 at 186674745, 0.898028 0.572257
2024-08-21 19:05:06,754 INFO CHECKSUM 6 12 0: 1.259846
2024-08-21 19:05:06,755 INFO CHECKSUM 6 12 0: 1.259846
2024-08-21 19:05:07,849 INFO sent 6 -> 12 # 0 at 183004013, 0.449610 0.292656
2024-08-21 19:05:07,849 INFO recv 6 -> 12 # 0 at 183883953, 0.449610 0.292656
2024-08-21 19:05:16,772 INFO CHECKSUM 6 13 0: 1.268052
2024-08-21 19:05:16,772 INFO CHECKSUM 6 13 0: 1.268052
2024-08-21 19:05:17,841 INFO recv 6 -> 13 # 0 at 163339106, 0.970198 0.795455
2024-08-21 19:05:17,841 INFO sent 6 -> 13 # 0 at 163260720, 0.970198 0.795455
2024-08-21 19:05:26,761 INFO CHECKSUM 6 14 0: 1.724080
2024-08-21 19:05:26,761 INFO CHECKSUM 6 14 0: 1.724080
2024-08-21 19:05:28,108 INFO recv 6 -> 14 # 0 at 172122580, 0.572215 0.854458
2024-08-21 19:05:28,108 INFO sent 6 -> 14 # 0 at 174833432, 0.572215 0.854458
2024-08-21 19:05:36,984 INFO CHECKSUM 6 15 0: 0.913304
2024-08-21 19:05:36,984 INFO CHECKSUM 6 15 0: 0.913304
2024-08-21 19:05:38,136 INFO Accepting from rank 7
2024-08-21 19:05:38,136 INFO Accepting from rank 7
2024-08-21 19:05:38,136 INFO Accepting from rank 7
2024-08-21 19:05:38,136 INFO Accepting from rank 7
2024-08-21 19:05:38,136 INFO Accepting from rank 7
2024-08-21 19:05:38,136 INFO Accepting from rank 7
2024-08-21 19:05:38,136 INFO Accepting from rank 7
2024-08-21 19:05:38,136 INFO sent 6 -> 15 # 0 at 160217950, 0.805215 0.684120
2024-08-21 19:05:38,136 INFO Accepting from rank 7
2024-08-21 19:05:38,136 INFO Accepting from rank 7
2024-08-21 19:05:38,136 INFO Accepting from rank 7
2024-08-21 19:05:38,136 INFO Accepting from rank 7
2024-08-21 19:05:38,137 INFO Accepting from rank 7
2024-08-21 19:05:38,136 INFO recv 6 -> 15 # 0 at 160214352, 0.805215 0.684120
2024-08-21 19:05:38,136 INFO Sending from rank 7
2024-08-21 19:05:38,137 INFO Accepting from rank 7
2024-08-21 19:05:38,136 INFO Accepting from rank 7
2024-08-21 19:05:38,159 INFO Accepting from rank 7
2024-08-21 19:05:46,894 INFO CHECKSUM 7 0 0: 1.500590
2024-08-21 19:05:47,996 INFO recv 7 -> 0 # 0 at 30432135, 0.665293 0.549870
2024-08-21 19:05:46,879 INFO CHECKSUM 7 0 0: 1.500590
2024-08-21 19:05:47,996 INFO sent 7 -> 0 # 0 at 15005275, 0.665293 0.549870
2024-08-21 19:05:56,730 INFO CHECKSUM 7 1 0: 0.935908
2024-08-21 19:05:56,729 INFO CHECKSUM 7 1 0: 0.935908
2024-08-21 19:05:57,930 INFO recv 7 -> 1 # 0 at 15212596, 0.507079 0.459517
2024-08-21 19:05:57,930 INFO sent 7 -> 1 # 0 at 14846928, 0.507079 0.459517
2024-08-21 19:06:06,764 INFO CHECKSUM 7 2 0: 1.013229
2024-08-21 19:06:06,756 INFO CHECKSUM 7 2 0: 1.013229
2024-08-21 19:06:07,952 INFO recv 7 -> 2 # 0 at 106125350, 0.242037 0.196575
2024-08-21 19:06:07,952 INFO sent 7 -> 2 # 0 at 97835715, 0.242037 0.196575
2024-08-21 19:06:16,646 INFO CHECKSUM 7 3 0: 1.348818
2024-08-21 19:06:16,645 INFO CHECKSUM 7 3 0: 1.348818
2024-08-21 19:06:17,818 INFO recv 7 -> 3 # 0 at 19524186, 0.446071 0.949143
2024-08-21 19:06:17,824 INFO sent 7 -> 3 # 0 at 13920004, 0.446071 0.949143
2024-08-21 19:06:26,534 INFO CHECKSUM 7 4 0: 1.366171
2024-08-21 19:06:26,535 INFO CHECKSUM 7 4 0: 1.366171
2024-08-21 19:06:27,546 INFO recv 7 -> 4 # 0 at 14935088, 0.105724 0.544946
2024-08-21 19:06:27,546 INFO sent 7 -> 4 # 0 at 14176440, 0.105724 0.544946
2024-08-21 19:06:36,549 INFO CHECKSUM 7 5 0: 1.597938
2024-08-21 19:06:36,550 INFO CHECKSUM 7 5 0: 1.597938
2024-08-21 19:06:37,890 INFO recv 7 -> 5 # 0 at 87248129, 0.924153 0.510367
2024-08-21 19:06:37,890 INFO sent 7 -> 5 # 0 at 86745366, 0.924153 0.510367
2024-08-21 19:06:46,608 INFO CHECKSUM 7 6 0: 0.808939
2024-08-21 19:06:46,608 INFO CHECKSUM 7 6 0: 0.808939
2024-08-21 19:06:47,596 INFO recv 7 -> 6 # 0 at 22746785, 0.963810 0.375967
2024-08-21 19:06:47,596 INFO sent 7 -> 6 # 0 at 22536907, 0.963810 0.375967
2024-08-21 19:06:56,501 INFO CHECKSUM 7 8 0: 1.625093
2024-08-21 19:06:56,501 INFO CHECKSUM 7 8 0: 1.625093
2024-08-21 19:06:57,644 INFO recv 7 -> 8 # 0 at 210851634, 0.832784 0.686220
2024-08-21 19:06:57,651 INFO sent 7 -> 8 # 0 at 193783098, 0.832784 0.686220
2024-08-21 19:07:06,543 INFO CHECKSUM 7 9 0: 1.021855
2024-08-21 19:07:06,543 INFO CHECKSUM 7 9 0: 1.021855
2024-08-21 19:07:07,626 INFO sent 7 -> 9 # 0 at 179402682, 0.509182 0.472973
2024-08-21 19:07:07,626 INFO recv 7 -> 9 # 0 at 170592927, 0.509182 0.472973
2024-08-21 19:07:16,412 INFO CHECKSUM 7 10 0: 1.968359
2024-08-21 19:07:16,412 INFO CHECKSUM 7 10 0: 1.968359
2024-08-21 19:07:17,376 INFO recv 7 -> 10 # 0 at 121686970, 0.543281 0.231489
2024-08-21 19:07:17,378 INFO sent 7 -> 10 # 0 at 108557661, 0.543281 0.231489
2024-08-21 19:07:26,287 INFO CHECKSUM 7 11 0: 1.318916
2024-08-21 19:07:26,286 INFO CHECKSUM 7 11 0: 1.318916
2024-08-21 19:07:27,386 INFO recv 7 -> 11 # 0 at 175216544, 0.438632 0.438203
2024-08-21 19:07:27,388 INFO sent 7 -> 11 # 0 at 174534142, 0.438632 0.438203
2024-08-21 19:07:36,320 INFO CHECKSUM 7 12 0: 1.691907
2024-08-21 19:07:36,320 INFO CHECKSUM 7 12 0: 1.691907
2024-08-21 19:07:37,471 INFO recv 7 -> 12 # 0 at 222043696, 0.080427 0.360422
2024-08-21 19:07:37,471 INFO sent 7 -> 12 # 0 at 221933848, 0.080427 0.360422
2024-08-21 19:07:46,394 INFO CHECKSUM 7 13 0: 1.583095
2024-08-21 19:07:46,394 INFO CHECKSUM 7 13 0: 1.583095
2024-08-21 19:07:47,568 INFO recv 7 -> 13 # 0 at 177388620, 0.802902 0.938277
2024-08-21 19:07:47,568 INFO sent 7 -> 13 # 0 at 186586065, 0.802902 0.938277
2024-08-21 19:07:56,437 INFO CHECKSUM 7 14 0: 1.495687
2024-08-21 19:07:56,436 INFO CHECKSUM 7 14 0: 1.495687
2024-08-21 19:07:57,608 INFO recv 7 -> 14 # 0 at 150565281, 0.610806 0.481027
2024-08-21 19:07:57,608 INFO sent 7 -> 14 # 0 at 149937341, 0.610806 0.481027
2024-08-21 19:08:06,540 INFO CHECKSUM 7 15 0: 2.000197
2024-08-21 19:08:06,540 INFO CHECKSUM 7 15 0: 2.000197
2024-08-21 19:08:07,688 INFO Accepting from rank 8
2024-08-21 19:08:07,688 INFO Accepting from rank 8
2024-08-21 19:08:07,688 INFO Accepting from rank 8
2024-08-21 19:08:07,688 INFO Accepting from rank 8
2024-08-21 19:08:07,688 INFO Sending from rank 8
2024-08-21 19:08:07,688 INFO Accepting from rank 8
2024-08-21 19:08:07,688 INFO Accepting from rank 8
2024-08-21 19:08:07,688 INFO Accepting from rank 8
2024-08-21 19:08:07,688 INFO Accepting from rank 8
2024-08-21 19:08:07,688 INFO Accepting from rank 8
2024-08-21 19:08:07,688 INFO Accepting from rank 8
2024-08-21 19:08:07,688 INFO sent 7 -> 15 # 0 at 158703664, 0.700036 0.548045
2024-08-21 19:08:07,688 INFO Accepting from rank 8
2024-08-21 19:08:07,688 INFO recv 7 -> 15 # 0 at 159057420, 0.700036 0.548045
2024-08-21 19:08:07,688 INFO Accepting from rank 8
2024-08-21 19:08:07,688 INFO Accepting from rank 8
2024-08-21 19:08:07,688 INFO Accepting from rank 8
2024-08-21 19:08:07,716 INFO Accepting from rank 8
2024-08-21 19:08:16,423 INFO CHECKSUM 8 0 0: 0.721653
2024-08-21 19:08:16,424 INFO CHECKSUM 8 0 0: 0.721653
2024-08-21 19:08:17,578 INFO sent 8 -> 0 # 0 at 14305514, 0.839646 0.360505
2024-08-21 19:08:17,578 INFO recv 8 -> 0 # 0 at 15296568, 0.839646 0.360505
2024-08-21 19:08:26,397 INFO CHECKSUM 8 1 0: 1.192453
2024-08-21 19:08:26,396 INFO CHECKSUM 8 1 0: 1.192453
2024-08-21 19:08:27,564 INFO sent 8 -> 1 # 0 at 98843475, 0.896053 0.227332
2024-08-21 19:08:27,564 INFO recv 8 -> 1 # 0 at 90699331, 0.896053 0.227332
2024-08-21 19:08:36,384 INFO CHECKSUM 8 2 0: 1.065059
2024-08-21 19:08:36,373 INFO CHECKSUM 8 2 0: 1.065059
2024-08-21 19:08:37,436 INFO recv 8 -> 2 # 0 at 41542767, 0.735046 0.256400
2024-08-21 19:08:37,436 INFO sent 8 -> 2 # 0 at 30971351, 0.735046 0.256400
2024-08-21 19:08:46,185 INFO CHECKSUM 8 3 0: 2.128886
2024-08-21 19:08:46,185 INFO CHECKSUM 8 3 0: 2.128886
2024-08-21 19:08:47,276 INFO sent 8 -> 3 # 0 at 15128081, 0.684119 0.310605
2024-08-21 19:08:47,276 INFO recv 8 -> 3 # 0 at 15537725, 0.684119 0.310605
2024-08-21 19:08:55,993 INFO CHECKSUM 8 4 0: 2.248184
2024-08-21 19:08:55,996 INFO CHECKSUM 8 4 0: 2.248184
2024-08-21 19:08:57,179 INFO sent 8 -> 4 # 0 at 14536741, 0.539835 0.837270
2024-08-21 19:08:57,179 INFO recv 8 -> 4 # 0 at 17959702, 0.539835 0.837270
2024-08-21 19:09:05,935 INFO CHECKSUM 8 5 0: 0.958710
2024-08-21 19:09:05,936 INFO CHECKSUM 8 5 0: 0.958710
2024-08-21 19:09:07,134 INFO sent 8 -> 5 # 0 at 25024250, 0.869709 0.030753
2024-08-21 19:09:07,134 INFO recv 8 -> 5 # 0 at 24332975, 0.869709 0.030753
2024-08-21 19:09:15,833 INFO CHECKSUM 8 6 0: 0.730550
2024-08-21 19:09:15,842 INFO CHECKSUM 8 6 0: 0.730550
2024-08-21 19:09:17,227 INFO sent 8 -> 6 # 0 at 14449312, 0.467726 0.012277
2024-08-21 19:09:17,227 INFO recv 8 -> 6 # 0 at 23886911, 0.467726 0.012277
2024-08-21 19:09:25,988 INFO CHECKSUM 8 7 0: 0.659360
2024-08-21 19:09:26,001 INFO CHECKSUM 8 7 0: 0.659360
2024-08-21 19:09:27,278 INFO sent 8 -> 7 # 0 at 38294107, 0.372586 0.747325
2024-08-21 19:09:27,278 INFO recv 8 -> 7 # 0 at 45011517, 0.372586 0.747325
2024-08-21 19:09:36,145 INFO CHECKSUM 8 9 0: 0.517091
2024-08-21 19:09:36,145 INFO CHECKSUM 8 9 0: 0.517091
2024-08-21 19:09:37,516 INFO sent 8 -> 9 # 0 at 184753989, 0.561279 0.898680
2024-08-21 19:09:37,516 INFO recv 8 -> 9 # 0 at 179247878, 0.561279 0.898680
2024-08-21 19:09:46,410 INFO CHECKSUM 8 10 0: 0.710087
2024-08-21 19:09:46,411 INFO CHECKSUM 8 10 0: 0.710087
2024-08-21 19:09:47,671 INFO sent 8 -> 10 # 0 at 200511384, 0.706221 0.586565
2024-08-21 19:09:47,671 INFO recv 8 -> 10 # 0 at 192210132, 0.706221 0.586565
2024-08-21 19:09:56,587 INFO CHECKSUM 8 11 0: 0.673986
2024-08-21 19:09:56,587 INFO CHECKSUM 8 11 0: 0.673986
2024-08-21 19:09:57,816 INFO sent 8 -> 11 # 0 at 218062509, 0.463428 0.893869
2024-08-21 19:09:57,824 INFO recv 8 -> 11 # 0 at 218277052, 0.463428 0.893869
2024-08-21 19:10:06,689 INFO CHECKSUM 8 12 0: 0.935106
2024-08-21 19:10:06,689 INFO CHECKSUM 8 12 0: 0.935106
2024-08-21 19:10:07,834 INFO sent 8 -> 12 # 0 at 178513192, 0.656658 0.815982
2024-08-21 19:10:07,834 INFO recv 8 -> 12 # 0 at 178906225, 0.656658 0.815982
2024-08-21 19:10:16,701 INFO CHECKSUM 8 13 0: 1.201676
2024-08-21 19:10:16,702 INFO CHECKSUM 8 13 0: 1.201676
2024-08-21 19:10:17,841 INFO sent 8 -> 13 # 0 at 168196351, 0.215828 0.603697
2024-08-21 19:10:17,841 INFO recv 8 -> 13 # 0 at 161473097, 0.215828 0.603697
2024-08-21 19:10:26,700 INFO CHECKSUM 8 14 0: 1.200089
2024-08-21 19:10:26,701 INFO CHECKSUM 8 14 0: 1.200089
2024-08-21 19:10:27,914 INFO sent 8 -> 14 # 0 at 177786279, 0.234459 0.084971
2024-08-21 19:10:27,914 INFO recv 8 -> 14 # 0 at 175921133, 0.234459 0.084971
2024-08-21 19:10:36,817 INFO CHECKSUM 8 15 0: 2.219510
2024-08-21 19:10:36,817 INFO CHECKSUM 8 15 0: 2.219510
2024-08-21 19:10:37,959 INFO Accepting from rank 9
2024-08-21 19:10:37,966 INFO sent 8 -> 15 # 0 at 190677145, 0.487482 0.624738
2024-08-21 19:10:37,966 INFO Accepting from rank 9
2024-08-21 19:10:37,966 INFO Accepting from rank 9
2024-08-21 19:10:37,966 INFO Accepting from rank 9
2024-08-21 19:10:37,966 INFO Accepting from rank 9
2024-08-21 19:10:37,966 INFO Accepting from rank 9
2024-08-21 19:10:37,966 INFO Accepting from rank 9
2024-08-21 19:10:37,966 INFO Accepting from rank 9
2024-08-21 19:10:37,966 INFO Accepting from rank 9
2024-08-21 19:10:37,972 INFO Accepting from rank 9
2024-08-21 19:10:37,977 INFO Accepting from rank 9
2024-08-21 19:10:37,972 INFO Accepting from rank 9
2024-08-21 19:10:37,977 INFO recv 8 -> 15 # 0 at 190631337, 0.487482 0.624738
2024-08-21 19:10:37,978 INFO Sending from rank 9
2024-08-21 19:10:37,977 INFO Accepting from rank 9
2024-08-21 19:10:37,978 INFO Accepting from rank 9
2024-08-21 19:10:37,984 INFO Accepting from rank 9
2024-08-21 19:10:46,694 INFO CHECKSUM 9 0 0: 0.408939
2024-08-21 19:10:46,694 INFO CHECKSUM 9 0 0: 0.408939
2024-08-21 19:10:47,796 INFO recv 9 -> 0 # 0 at 22797718, 0.899804 0.051325
2024-08-21 19:10:47,796 INFO sent 9 -> 0 # 0 at 14472366, 0.899804 0.051325
2024-08-21 19:10:56,533 INFO CHECKSUM 9 1 0: 0.758861
2024-08-21 19:10:56,525 INFO CHECKSUM 9 1 0: 0.758861
2024-08-21 19:10:57,707 INFO recv 9 -> 1 # 0 at 38700970, 0.127295 0.993902
2024-08-21 19:10:57,708 INFO sent 9 -> 1 # 0 at 30329243, 0.127295 0.993902
2024-08-21 19:11:06,435 INFO CHECKSUM 9 2 0: 2.101779
2024-08-21 19:11:06,435 INFO CHECKSUM 9 2 0: 2.101779
2024-08-21 19:11:07,658 INFO recv 9 -> 2 # 0 at 27814221, 0.418051 0.167542
2024-08-21 19:11:07,658 INFO sent 9 -> 2 # 0 at 28501278, 0.418051 0.167542
2024-08-21 19:11:16,382 INFO CHECKSUM 9 3 0: 1.632904
2024-08-21 19:11:16,382 INFO CHECKSUM 9 3 0: 1.632904
2024-08-21 19:11:17,553 INFO recv 9 -> 3 # 0 at 15624292, 0.903938 0.068875
2024-08-21 19:11:17,553 INFO sent 9 -> 3 # 0 at 15320222, 0.903938 0.068875
2024-08-21 19:11:26,384 INFO CHECKSUM 9 4 0: 1.383282
2024-08-21 19:11:26,384 INFO CHECKSUM 9 4 0: 1.383282
2024-08-21 19:11:27,432 INFO sent 9 -> 4 # 0 at 99592028, 0.300009 0.756858
2024-08-21 19:11:27,432 INFO recv 9 -> 4 # 0 at 99626583, 0.300009 0.756858
2024-08-21 19:11:36,135 INFO CHECKSUM 9 5 0: 1.157249
2024-08-21 19:11:36,137 INFO CHECKSUM 9 5 0: 1.157249
2024-08-21 19:11:37,296 INFO sent 9 -> 5 # 0 at 15577087, 0.922073 0.558280
2024-08-21 19:11:37,302 INFO recv 9 -> 5 # 0 at 17427762, 0.922073 0.558280
2024-08-21 19:11:46,009 INFO CHECKSUM 9 6 0: 2.227983
2024-08-21 19:11:46,010 INFO CHECKSUM 9 6 0: 2.227983
2024-08-21 19:11:47,257 INFO sent 9 -> 6 # 0 at 14633728, 0.792567 0.643954
2024-08-21 19:11:47,257 INFO recv 9 -> 6 # 0 at 15338930, 0.792567 0.643954
2024-08-21 19:11:55,979 INFO CHECKSUM 9 7 0: 2.597098
2024-08-21 19:11:55,979 INFO CHECKSUM 9 7 0: 2.597098
2024-08-21 19:11:57,032 INFO sent 9 -> 7 # 0 at 33262852, 0.838847 0.678349
2024-08-21 19:11:57,034 INFO recv 9 -> 7 # 0 at 32408378, 0.838847 0.678349
2024-08-21 19:12:05,802 INFO CHECKSUM 9 8 0: 1.235475
2024-08-21 19:12:05,803 INFO CHECKSUM 9 8 0: 1.235475
2024-08-21 19:12:07,002 INFO recv 9 -> 8 # 0 at 36712387, 0.553607 0.204186
2024-08-21 19:12:07,009 INFO sent 9 -> 8 # 0 at 31549698, 0.553607 0.204186
2024-08-21 19:12:15,895 INFO CHECKSUM 9 10 0: 1.812567
2024-08-21 19:12:15,895 INFO CHECKSUM 9 10 0: 1.812567
2024-08-21 19:12:16,975 INFO sent 9 -> 10 # 0 at 204629361, 0.858076 0.966327
2024-08-21 19:12:16,975 INFO recv 9 -> 10 # 0 at 204570688, 0.858076 0.966327
2024-08-21 19:12:25,853 INFO CHECKSUM 9 11 0: 2.384395
2024-08-21 19:12:25,853 INFO CHECKSUM 9 11 0: 2.384395
2024-08-21 19:12:27,013 INFO sent 9 -> 11 # 0 at 184076536, 0.962317 0.966455
2024-08-21 19:12:27,013 INFO recv 9 -> 11 # 0 at 184505183, 0.962317 0.966455
2024-08-21 19:12:35,926 INFO CHECKSUM 9 12 0: 1.336477
2024-08-21 19:12:35,927 INFO CHECKSUM 9 12 0: 1.336477
2024-08-21 19:12:36,967 INFO recv 9 -> 12 # 0 at 218928636, 0.670420 0.000517
2024-08-21 19:12:36,973 INFO sent 9 -> 12 # 0 at 214181096, 0.670420 0.000517
2024-08-21 19:12:45,755 INFO CHECKSUM 9 13 0: 1.648365
2024-08-21 19:12:45,756 INFO CHECKSUM 9 13 0: 1.648365
2024-08-21 19:12:46,885 INFO recv 9 -> 13 # 0 at 106742997, 0.801516 0.917576
2024-08-21 19:12:46,888 INFO sent 9 -> 13 # 0 at 106424018, 0.801516 0.917576
2024-08-21 19:12:55,753 INFO CHECKSUM 9 14 0: 1.928807
2024-08-21 19:12:55,754 INFO CHECKSUM 9 14 0: 1.928807
2024-08-21 19:12:57,085 INFO sent 9 -> 14 # 0 at 157670790, 0.173375 0.413251
2024-08-21 19:12:57,085 INFO recv 9 -> 14 # 0 at 159521310, 0.173375 0.413251
2024-08-21 19:13:05,973 INFO CHECKSUM 9 15 0: 1.881400
2024-08-21 19:13:05,973 INFO CHECKSUM 9 15 0: 1.881400
2024-08-21 19:13:07,207 INFO Accepting from rank 10
2024-08-21 19:13:07,207 INFO Accepting from rank 10
2024-08-21 19:13:07,207 INFO Accepting from rank 10
2024-08-21 19:13:07,207 INFO Accepting from rank 10
2024-08-21 19:13:07,207 INFO sent 9 -> 15 # 0 at 182829299, 0.633628 0.418935
2024-08-21 19:13:07,207 INFO Accepting from rank 10
2024-08-21 19:13:07,207 INFO Sending from rank 10
2024-08-21 19:13:07,207 INFO Accepting from rank 10
2024-08-21 19:13:07,207 INFO Accepting from rank 10
2024-08-21 19:13:07,207 INFO recv 9 -> 15 # 0 at 182988906, 0.633628 0.418935
2024-08-21 19:13:07,207 INFO Accepting from rank 10
2024-08-21 19:13:07,215 INFO Accepting from rank 10
2024-08-21 19:13:07,215 INFO Accepting from rank 10
2024-08-21 19:13:07,216 INFO Accepting from rank 10
2024-08-21 19:13:07,216 INFO Accepting from rank 10
2024-08-21 19:13:07,216 INFO Accepting from rank 10
2024-08-21 19:13:07,216 INFO Accepting from rank 10
2024-08-21 19:13:07,224 INFO Accepting from rank 10
2024-08-21 19:13:15,944 INFO CHECKSUM 10 0 0: 1.165458
2024-08-21 19:13:15,944 INFO CHECKSUM 10 0 0: 1.165458
2024-08-21 19:13:17,101 INFO sent 10 -> 0 # 0 at 28098090, 0.249540 0.025629
2024-08-21 19:13:17,101 INFO recv 10 -> 0 # 0 at 28455592, 0.249540 0.025629
2024-08-21 19:13:25,874 INFO CHECKSUM 10 1 0: 1.430963
2024-08-21 19:13:25,879 INFO CHECKSUM 10 1 0: 1.430963
2024-08-21 19:13:27,207 INFO recv 10 -> 1 # 0 at 76896430, 0.485353 0.544340
2024-08-21 19:13:27,209 INFO sent 10 -> 1 # 0 at 80889673, 0.485353 0.544340
2024-08-21 19:13:35,970 INFO CHECKSUM 10 2 0: 1.784228
2024-08-21 19:13:35,969 INFO CHECKSUM 10 2 0: 1.784228
2024-08-21 19:13:37,120 INFO recv 10 -> 2 # 0 at 46743507, 0.217149 0.085465
2024-08-21 19:13:37,129 INFO sent 10 -> 2 # 0 at 47883366, 0.217149 0.085465
2024-08-21 19:13:45,866 INFO CHECKSUM 10 3 0: 1.502392
2024-08-21 19:13:45,867 INFO CHECKSUM 10 3 0: 1.502392
2024-08-21 19:13:47,010 INFO sent 10 -> 3 # 0 at 31656775, 0.079675 0.628860
2024-08-21 19:13:47,011 INFO recv 10 -> 3 # 0 at 31808487, 0.079675 0.628860
2024-08-21 19:13:55,762 INFO CHECKSUM 10 4 0: 1.940817
2024-08-21 19:13:55,762 INFO CHECKSUM 10 4 0: 1.940817
2024-08-21 19:13:56,909 INFO sent 10 -> 4 # 0 at 74873027, 0.502193 0.507910
2024-08-21 19:13:56,909 INFO recv 10 -> 4 # 0 at 75276707, 0.502193 0.507910
2024-08-21 19:14:05,654 INFO CHECKSUM 10 5 0: 1.404748
2024-08-21 19:14:05,655 INFO CHECKSUM 10 5 0: 1.404748
2024-08-21 19:14:06,839 INFO sent 10 -> 5 # 0 at 31156449, 0.071248 0.435658
2024-08-21 19:14:06,847 INFO recv 10 -> 5 # 0 at 31467047, 0.071248 0.435658
2024-08-21 19:14:15,537 INFO CHECKSUM 10 6 0: 1.214529
2024-08-21 19:14:15,537 INFO CHECKSUM 10 6 0: 1.214529
2024-08-21 19:14:16,538 INFO sent 10 -> 6 # 0 at 14866797, 0.941329 0.004628
2024-08-21 19:14:16,538 INFO recv 10 -> 6 # 0 at 15131539, 0.941329 0.004628
2024-08-21 19:14:25,261 INFO CHECKSUM 10 7 0: 0.603465
2024-08-21 19:14:25,261 INFO CHECKSUM 10 7 0: 0.603465
2024-08-21 19:14:26,439 INFO sent 10 -> 7 # 0 at 30636647, 0.881680 0.643272
2024-08-21 19:14:26,439 INFO recv 10 -> 7 # 0 at 30605330, 0.881680 0.643272
2024-08-21 19:14:35,128 INFO CHECKSUM 10 8 0: 1.028788
2024-08-21 19:14:35,128 INFO CHECKSUM 10 8 0: 1.028788
2024-08-21 19:14:36,315 INFO sent 10 -> 8 # 0 at 14298771, 0.156316 0.848823
2024-08-21 19:14:36,315 INFO recv 10 -> 8 # 0 at 14998942, 0.156316 0.848823
2024-08-21 19:14:45,089 INFO CHECKSUM 10 9 0: 2.122021
2024-08-21 19:14:45,089 INFO CHECKSUM 10 9 0: 2.122021
2024-08-21 19:14:46,361 INFO recv 10 -> 9 # 0 at 86760597, 0.779534 0.327949
2024-08-21 19:14:46,361 INFO sent 10 -> 9 # 0 at 86598404, 0.779534 0.327949
2024-08-21 19:14:55,225 INFO CHECKSUM 10 11 0: 0.896487
2024-08-21 19:14:55,225 INFO CHECKSUM 10 11 0: 0.896487
2024-08-21 19:14:56,734 INFO sent 10 -> 11 # 0 at 191713426, 0.783030 0.128123
2024-08-21 19:14:56,734 INFO recv 10 -> 11 # 0 at 191676595, 0.783030 0.128123
2024-08-21 19:15:05,605 INFO CHECKSUM 10 12 0: 1.336855
2024-08-21 19:15:05,605 INFO CHECKSUM 10 12 0: 1.336855
2024-08-21 19:15:06,822 INFO recv 10 -> 12 # 0 at 193885660, 0.175539 0.498683
2024-08-21 19:15:06,825 INFO sent 10 -> 12 # 0 at 193624945, 0.175539 0.498683
2024-08-21 19:15:15,740 INFO CHECKSUM 10 13 0: 1.465028
2024-08-21 19:15:15,741 INFO CHECKSUM 10 13 0: 1.465028
2024-08-21 19:15:16,942 INFO recv 10 -> 13 # 0 at 206974587, 0.950743 0.182327
2024-08-21 19:15:16,942 INFO sent 10 -> 13 # 0 at 206395378, 0.950743 0.182327
2024-08-21 19:15:26,094 INFO CHECKSUM 10 14 0: 1.721332
2024-08-21 19:15:26,094 INFO CHECKSUM 10 14 0: 1.721332
2024-08-21 19:15:27,391 INFO sent 10 -> 14 # 0 at 179321694, 0.111784 0.280773
2024-08-21 19:15:27,391 INFO recv 10 -> 14 # 0 at 179305939, 0.111784 0.280773
2024-08-21 19:15:36,261 INFO CHECKSUM 10 15 0: 1.714610
2024-08-21 19:15:36,261 INFO CHECKSUM 10 15 0: 1.714610
2024-08-21 19:15:37,338 INFO Accepting from rank 11
2024-08-21 19:15:37,338 INFO Accepting from rank 11
2024-08-21 19:15:37,338 INFO Accepting from rank 11
2024-08-21 19:15:37,338 INFO Accepting from rank 11
2024-08-21 19:15:37,338 INFO Accepting from rank 11
2024-08-21 19:15:37,338 INFO Accepting from rank 11
2024-08-21 19:15:37,338 INFO Accepting from rank 11
2024-08-21 19:15:37,338 INFO Accepting from rank 11
2024-08-21 19:15:37,338 INFO Accepting from rank 11
2024-08-21 19:15:37,338 INFO Sending from rank 11
2024-08-21 19:15:37,338 INFO Accepting from rank 11
2024-08-21 19:15:37,338 INFO Accepting from rank 11
2024-08-21 19:15:37,338 INFO Accepting from rank 11
2024-08-21 19:15:37,338 INFO sent 10 -> 15 # 0 at 156668066, 0.707384 0.427983
2024-08-21 19:15:37,338 INFO recv 10 -> 15 # 0 at 157103718, 0.707384 0.427983
2024-08-21 19:15:37,338 INFO Accepting from rank 11
2024-08-21 19:15:37,338 INFO Accepting from rank 11
2024-08-21 19:15:37,363 INFO Accepting from rank 11
2024-08-21 19:15:46,144 INFO CHECKSUM 11 0 0: 1.969316
2024-08-21 19:15:46,145 INFO CHECKSUM 11 0 0: 1.969316
2024-08-21 19:15:47,260 INFO recv 11 -> 0 # 0 at 91917095, 0.076308 0.112990
2024-08-21 19:15:47,260 INFO sent 11 -> 0 # 0 at 91444092, 0.076308 0.112990
2024-08-21 19:15:55,967 INFO CHECKSUM 11 1 0: 1.903097
2024-08-21 19:15:55,967 INFO CHECKSUM 11 1 0: 1.903097
2024-08-21 19:15:57,137 INFO recv 11 -> 1 # 0 at 16427075, 0.724930 0.933309
2024-08-21 19:15:57,139 INFO sent 11 -> 1 # 0 at 15971638, 0.724930 0.933309
2024-08-21 19:16:05,913 INFO CHECKSUM 11 2 0: 1.430832
2024-08-21 19:16:05,903 INFO CHECKSUM 11 2 0: 1.430832
2024-08-21 19:16:07,041 INFO recv 11 -> 2 # 0 at 29144744, 0.291096 0.193118
2024-08-21 19:16:07,047 INFO sent 11 -> 2 # 0 at 22456318, 0.291096 0.193118
2024-08-21 19:16:15,809 INFO CHECKSUM 11 3 0: 2.671562
2024-08-21 19:16:15,809 INFO CHECKSUM 11 3 0: 2.671562
2024-08-21 19:16:16,984 INFO sent 11 -> 3 # 0 at 40016561, 0.339619 0.987750
2024-08-21 19:16:16,994 INFO recv 11 -> 3 # 0 at 31111630, 0.339619 0.987750
2024-08-21 19:16:25,721 INFO CHECKSUM 11 4 0: 2.007316
2024-08-21 19:16:25,722 INFO CHECKSUM 11 4 0: 2.007316
2024-08-21 19:16:26,874 INFO sent 11 -> 4 # 0 at 14557852, 0.937856 0.424137
2024-08-21 19:16:26,874 INFO recv 11 -> 4 # 0 at 15403635, 0.937856 0.424137
2024-08-21 19:16:35,694 INFO CHECKSUM 11 5 0: 2.460098
2024-08-21 19:16:35,702 INFO CHECKSUM 11 5 0: 2.460098
2024-08-21 19:16:36,782 INFO sent 11 -> 5 # 0 at 94005142, 0.096700 0.371896
2024-08-21 19:16:36,782 INFO recv 11 -> 5 # 0 at 102247082, 0.096700 0.371896
2024-08-21 19:16:45,518 INFO CHECKSUM 11 6 0: 0.871157
2024-08-21 19:16:45,519 INFO CHECKSUM 11 6 0: 0.871157
2024-08-21 19:16:46,554 INFO sent 11 -> 6 # 0 at 17645738, 0.014587 0.658139
2024-08-21 19:16:46,554 INFO recv 11 -> 6 # 0 at 17758592, 0.014587 0.658139
2024-08-21 19:16:55,338 INFO CHECKSUM 11 7 0: 1.476979
2024-08-21 19:16:55,339 INFO CHECKSUM 11 7 0: 1.476979
2024-08-21 19:16:56,474 INFO sent 11 -> 7 # 0 at 16270455, 0.819321 0.684511
2024-08-21 19:16:56,474 INFO recv 11 -> 7 # 0 at 14938976, 0.819321 0.684511
2024-08-21 19:17:05,188 INFO CHECKSUM 11 8 0: 2.630135
2024-08-21 19:17:05,188 INFO CHECKSUM 11 8 0: 2.630135
2024-08-21 19:17:06,270 INFO recv 11 -> 8 # 0 at 15277479, 0.183748 0.089795
2024-08-21 19:17:06,270 INFO sent 11 -> 8 # 0 at 14604291, 0.183748 0.089795
2024-08-21 19:17:15,117 INFO CHECKSUM 11 9 0: 1.506043
2024-08-21 19:17:15,119 INFO CHECKSUM 11 9 0: 1.506043
2024-08-21 19:17:16,317 INFO recv 11 -> 9 # 0 at 102704975, 0.816027 0.583175
2024-08-21 19:17:16,317 INFO sent 11 -> 9 # 0 at 101365430, 0.816027 0.583175
2024-08-21 19:17:25,033 INFO CHECKSUM 11 10 0: 1.346669
2024-08-21 19:17:25,033 INFO CHECKSUM 11 10 0: 1.346669
2024-08-21 19:17:26,170 INFO recv 11 -> 10 # 0 at 15089778, 0.025772 0.774857
2024-08-21 19:17:26,170 INFO sent 11 -> 10 # 0 at 14859925, 0.025772 0.774857
2024-08-21 19:17:35,121 INFO CHECKSUM 11 12 0: 1.446757
2024-08-21 19:17:35,121 INFO CHECKSUM 11 12 0: 1.446757
2024-08-21 19:17:36,378 INFO sent 11 -> 12 # 0 at 229300412, 0.145229 0.678905
2024-08-21 19:17:36,378 INFO recv 11 -> 12 # 0 at 235100533, 0.145229 0.678905
2024-08-21 19:17:45,293 INFO CHECKSUM 11 13 0: 0.777662
2024-08-21 19:17:45,294 INFO CHECKSUM 11 13 0: 0.777662
2024-08-21 19:17:46,698 INFO recv 11 -> 13 # 0 at 221863187, 0.410278 0.370672
2024-08-21 19:17:46,708 INFO sent 11 -> 13 # 0 at 221082110, 0.410278 0.370672
2024-08-21 19:17:55,629 INFO CHECKSUM 11 14 0: 1.549602
2024-08-21 19:17:55,629 INFO CHECKSUM 11 14 0: 1.549602
2024-08-21 19:17:57,082 INFO sent 11 -> 14 # 0 at 217120948, 0.453498 0.466528
2024-08-21 19:17:57,082 INFO recv 11 -> 14 # 0 at 217203526, 0.453498 0.466528
2024-08-21 19:18:05,986 INFO CHECKSUM 11 15 0: 1.056018
2024-08-21 19:18:05,986 INFO CHECKSUM 11 15 0: 1.056018
2024-08-21 19:18:07,173 INFO Accepting from rank 12
2024-08-21 19:18:07,173 INFO Accepting from rank 12
2024-08-21 19:18:07,173 INFO Accepting from rank 12
2024-08-21 19:18:07,173 INFO Sending from rank 12
2024-08-21 19:18:07,173 INFO Accepting from rank 12
2024-08-21 19:18:07,173 INFO Accepting from rank 12
2024-08-21 19:18:07,173 INFO Accepting from rank 12
2024-08-21 19:18:07,173 INFO Accepting from rank 12
2024-08-21 19:18:07,173 INFO Accepting from rank 12
2024-08-21 19:18:07,173 INFO Accepting from rank 12
2024-08-21 19:18:07,173 INFO recv 11 -> 15 # 0 at 196654692, 0.453747 0.673544
2024-08-21 19:18:07,173 INFO Accepting from rank 12
2024-08-21 19:18:07,173 INFO sent 11 -> 15 # 0 at 196442610, 0.453747 0.673544
2024-08-21 19:18:07,173 INFO Accepting from rank 12
2024-08-21 19:18:07,173 INFO Accepting from rank 12
2024-08-21 19:18:07,175 INFO Accepting from rank 12
2024-08-21 19:18:07,175 INFO Accepting from rank 12
2024-08-21 19:18:07,204 INFO Accepting from rank 12
2024-08-21 19:18:15,968 INFO CHECKSUM 12 0 0: 1.168165
2024-08-21 19:18:15,968 INFO CHECKSUM 12 0 0: 1.168165
2024-08-21 19:18:17,106 INFO recv 12 -> 0 # 0 at 98125834, 0.898792 0.700471
2024-08-21 19:18:17,106 INFO sent 12 -> 0 # 0 at 97376331, 0.898792 0.700471
2024-08-21 19:18:25,889 INFO CHECKSUM 12 1 0: 1.924120
2024-08-21 19:18:25,888 INFO CHECKSUM 12 1 0: 1.924120
2024-08-21 19:18:27,280 INFO sent 12 -> 1 # 0 at 88761835, 0.580671 0.146015
2024-08-21 19:18:27,287 INFO recv 12 -> 1 # 0 at 86214884, 0.580671 0.146015
2024-08-21 19:18:36,068 INFO CHECKSUM 12 2 0: 1.728822
2024-08-21 19:18:37,330 INFO recv 12 -> 2 # 0 at 92881970, 0.607874 0.798661
2024-08-21 19:18:36,068 INFO CHECKSUM 12 2 0: 1.728822
2024-08-21 19:18:37,330 INFO sent 12 -> 2 # 0 at 96246178, 0.607874 0.798661
2024-08-21 19:18:46,034 INFO CHECKSUM 12 3 0: 0.933120
2024-08-21 19:18:46,027 INFO CHECKSUM 12 3 0: 0.933120
2024-08-21 19:18:47,123 INFO recv 12 -> 3 # 0 at 21873099, 0.623050 0.183486
2024-08-21 19:18:47,123 INFO sent 12 -> 3 # 0 at 14356899, 0.623050 0.183486
2024-08-21 19:18:55,905 INFO CHECKSUM 12 4 0: 0.883076
2024-08-21 19:18:55,906 INFO CHECKSUM 12 4 0: 0.883076
2024-08-21 19:18:57,086 INFO sent 12 -> 4 # 0 at 88954309, 0.881017 0.760078
2024-08-21 19:18:57,086 INFO recv 12 -> 4 # 0 at 89892487, 0.881017 0.760078
2024-08-21 19:19:05,787 INFO CHECKSUM 12 5 0: 2.150448
2024-08-21 19:19:05,787 INFO CHECKSUM 12 5 0: 2.150448
2024-08-21 19:19:07,073 INFO sent 12 -> 5 # 0 at 28888246, 0.082494 0.353431
2024-08-21 19:19:07,073 INFO recv 12 -> 5 # 0 at 16329677, 0.082494 0.353431
2024-08-21 19:19:15,762 INFO CHECKSUM 12 6 0: 0.841363
2024-08-21 19:19:15,772 INFO CHECKSUM 12 6 0: 0.841363
2024-08-21 19:19:17,238 INFO sent 12 -> 6 # 0 at 14326328, 0.584827 0.682224
2024-08-21 19:19:17,238 INFO recv 12 -> 6 # 0 at 24271664, 0.584827 0.682224
2024-08-21 19:19:25,946 INFO CHECKSUM 12 7 0: 1.852115
2024-08-21 19:19:25,947 INFO CHECKSUM 12 7 0: 1.852115
2024-08-21 19:19:27,107 INFO sent 12 -> 7 # 0 at 14759480, 0.762267 0.393674
2024-08-21 19:19:27,107 INFO recv 12 -> 7 # 0 at 15085590, 0.762267 0.393674
2024-08-21 19:19:35,827 INFO CHECKSUM 12 8 0: 2.218679
2024-08-21 19:19:35,827 INFO CHECKSUM 12 8 0: 2.218679
2024-08-21 19:19:36,993 INFO recv 12 -> 8 # 0 at 29171090, 0.483628 0.557447
2024-08-21 19:19:36,993 INFO sent 12 -> 8 # 0 at 28799313, 0.483628 0.557447
2024-08-21 19:19:45,697 INFO CHECKSUM 12 9 0: 1.627909
2024-08-21 19:19:45,697 INFO CHECKSUM 12 9 0: 1.627909
2024-08-21 19:19:46,937 INFO sent 12 -> 9 # 0 at 14922787, 0.838994 0.447473
2024-08-21 19:19:46,937 INFO recv 12 -> 9 # 0 at 15363726, 0.838994 0.447473
2024-08-21 19:19:55,619 INFO CHECKSUM 12 10 0: 2.224794
2024-08-21 19:19:55,619 INFO CHECKSUM 12 10 0: 2.224794
2024-08-21 19:19:56,728 INFO sent 12 -> 10 # 0 at 14642833, 0.128416 0.118693
2024-08-21 19:19:56,728 INFO recv 12 -> 10 # 0 at 15062354, 0.128416 0.118693
2024-08-21 19:20:05,426 INFO CHECKSUM 12 11 0: 1.765999
2024-08-21 19:20:05,427 INFO CHECKSUM 12 11 0: 1.765999
2024-08-21 19:20:06,417 INFO recv 12 -> 11 # 0 at 15006567, 0.818054 0.922358
2024-08-21 19:20:06,417 INFO sent 12 -> 11 # 0 at 20865067, 0.818054 0.922358
2024-08-21 19:20:15,276 INFO CHECKSUM 12 13 0: 2.164955
2024-08-21 19:20:15,276 INFO CHECKSUM 12 13 0: 2.164955
2024-08-21 19:20:16,758 INFO sent 12 -> 13 # 0 at 179537558, 0.975415 0.598450
2024-08-21 19:20:16,765 INFO recv 12 -> 13 # 0 at 179561223, 0.975415 0.598450
2024-08-21 19:20:25,617 INFO CHECKSUM 12 14 0: 1.829522
2024-08-21 19:20:25,617 INFO CHECKSUM 12 14 0: 1.829522
2024-08-21 19:20:26,776 INFO sent 12 -> 14 # 0 at 180817413, 0.976126 0.850001
2024-08-21 19:20:26,776 INFO recv 12 -> 14 # 0 at 181692971, 0.976126 0.850001
2024-08-21 19:20:35,637 INFO CHECKSUM 12 15 0: 0.732106
2024-08-21 19:20:35,638 INFO CHECKSUM 12 15 0: 0.732106
2024-08-21 19:20:36,796 INFO Accepting from rank 13
2024-08-21 19:20:36,796 INFO Accepting from rank 13
2024-08-21 19:20:36,796 INFO sent 12 -> 15 # 0 at 185543532, 0.903235 0.046404
2024-08-21 19:20:36,796 INFO Accepting from rank 13
2024-08-21 19:20:36,796 INFO Accepting from rank 13
2024-08-21 19:20:36,796 INFO Accepting from rank 13
2024-08-21 19:20:36,796 INFO Accepting from rank 13
2024-08-21 19:20:36,796 INFO Accepting from rank 13
2024-08-21 19:20:36,796 INFO Accepting from rank 13
2024-08-21 19:20:36,796 INFO Accepting from rank 13
2024-08-21 19:20:36,796 INFO Accepting from rank 13
2024-08-21 19:20:36,796 INFO Accepting from rank 13
2024-08-21 19:20:36,802 INFO Sending from rank 13
2024-08-21 19:20:36,802 INFO Accepting from rank 13
2024-08-21 19:20:36,802 INFO recv 12 -> 15 # 0 at 185581136, 0.903235 0.046404
2024-08-21 19:20:36,802 INFO Accepting from rank 13
2024-08-21 19:20:36,802 INFO Accepting from rank 13
2024-08-21 19:20:36,813 INFO Accepting from rank 13
2024-08-21 19:20:45,491 INFO CHECKSUM 13 0 0: 1.913117
2024-08-21 19:20:45,481 INFO CHECKSUM 13 0 0: 1.913117
2024-08-21 19:20:46,853 INFO recv 13 -> 0 # 0 at 24641703, 0.164154 0.742173
2024-08-21 19:20:46,853 INFO sent 13 -> 0 # 0 at 14649577, 0.164154 0.742173
2024-08-21 19:20:55,546 INFO CHECKSUM 13 1 0: 2.140091
2024-08-21 19:20:55,546 INFO CHECKSUM 13 1 0: 2.140091
2024-08-21 19:20:56,868 INFO recv 13 -> 1 # 0 at 15596288, 0.766886 0.112060
2024-08-21 19:20:56,868 INFO sent 13 -> 1 # 0 at 15208601, 0.766886 0.112060
2024-08-21 19:21:05,574 INFO CHECKSUM 13 2 0: 1.216143
2024-08-21 19:21:05,573 INFO CHECKSUM 13 2 0: 1.216143
2024-08-21 19:21:06,759 INFO recv 13 -> 2 # 0 at 27498308, 0.024682 0.881279
2024-08-21 19:21:06,765 INFO sent 13 -> 2 # 0 at 27196032, 0.024682 0.881279
2024-08-21 19:21:15,465 INFO CHECKSUM 13 3 0: 1.735788
2024-08-21 19:21:15,464 INFO CHECKSUM 13 3 0: 1.735788
2024-08-21 19:21:16,731 INFO recv 13 -> 3 # 0 at 15292119, 0.305547 0.679825
2024-08-21 19:21:16,731 INFO sent 13 -> 3 # 0 at 14512871, 0.305547 0.679825
2024-08-21 19:21:25,423 INFO CHECKSUM 13 4 0: 1.507931
2024-08-21 19:21:25,439 INFO CHECKSUM 13 4 0: 1.507931
2024-08-21 19:21:26,550 INFO sent 13 -> 4 # 0 at 14592094, 0.758776 0.851283
2024-08-21 19:21:26,550 INFO recv 13 -> 4 # 0 at 29879836, 0.758776 0.851283
2024-08-21 19:21:35,255 INFO CHECKSUM 13 5 0: 1.335145
2024-08-21 19:21:35,255 INFO CHECKSUM 13 5 0: 1.335145
2024-08-21 19:21:36,397 INFO sent 13 -> 5 # 0 at 14248508, 0.336799 0.347410
2024-08-21 19:21:36,397 INFO recv 13 -> 5 # 0 at 19573454, 0.336799 0.347410
2024-08-21 19:21:45,105 INFO CHECKSUM 13 6 0: 1.174442
2024-08-21 19:21:45,106 INFO CHECKSUM 13 6 0: 1.174442
2024-08-21 19:21:46,282 INFO sent 13 -> 6 # 0 at 14636982, 0.629851 0.930301
2024-08-21 19:21:46,283 INFO recv 13 -> 6 # 0 at 15653199, 0.629851 0.930301
2024-08-21 19:21:55,037 INFO CHECKSUM 13 7 0: 1.567600
2024-08-21 19:21:55,038 INFO CHECKSUM 13 7 0: 1.567600
2024-08-21 19:21:56,129 INFO sent 13 -> 7 # 0 at 96795773, 0.756482 0.244772
2024-08-21 19:21:56,143 INFO recv 13 -> 7 # 0 at 98200242, 0.756482 0.244772
2024-08-21 19:22:04,821 INFO CHECKSUM 13 8 0: 1.827247
2024-08-21 19:22:04,821 INFO CHECKSUM 13 8 0: 1.827247
2024-08-21 19:22:06,134 INFO recv 13 -> 8 # 0 at 15344409, 0.471519 0.126571
2024-08-21 19:22:06,134 INFO sent 13 -> 8 # 0 at 14737226, 0.471519 0.126571
2024-08-21 19:22:14,890 INFO CHECKSUM 13 9 0: 1.968107
2024-08-21 19:22:14,890 INFO CHECKSUM 13 9 0: 1.968107
2024-08-21 19:22:15,857 INFO recv 13 -> 9 # 0 at 97272876, 0.849272 0.748642
2024-08-21 19:22:15,857 INFO sent 13 -> 9 # 0 at 90800791, 0.849272 0.748642
2024-08-21 19:22:24,540 INFO CHECKSUM 13 10 0: 0.751765
2024-08-21 19:22:24,539 INFO CHECKSUM 13 10 0: 0.751765
2024-08-21 19:22:25,689 INFO recv 13 -> 10 # 0 at 16926160, 0.801416 0.422293
2024-08-21 19:22:25,689 INFO sent 13 -> 10 # 0 at 15992973, 0.801416 0.422293
2024-08-21 19:22:34,450 INFO CHECKSUM 13 11 0: 0.607042
2024-08-21 19:22:34,451 INFO CHECKSUM 13 11 0: 0.607042
2024-08-21 19:22:35,593 INFO sent 13 -> 11 # 0 at 89656321, 0.288089 0.057072
2024-08-21 19:22:35,593 INFO recv 13 -> 11 # 0 at 88917569, 0.288089 0.057072
2024-08-21 19:22:44,291 INFO CHECKSUM 13 12 0: 0.775598
2024-08-21 19:22:44,292 INFO CHECKSUM 13 12 0: 0.775598
2024-08-21 19:22:45,450 INFO recv 13 -> 12 # 0 at 32376684, 0.092094 0.265072
2024-08-21 19:22:45,450 INFO sent 13 -> 12 # 0 at 31837167, 0.092094 0.265072
2024-08-21 19:22:54,318 INFO CHECKSUM 13 14 0: 1.554578
2024-08-21 19:22:54,318 INFO CHECKSUM 13 14 0: 1.554578
2024-08-21 19:22:55,640 INFO sent 13 -> 14 # 0 at 180074952, 0.216013 0.907775
2024-08-21 19:22:55,640 INFO recv 13 -> 14 # 0 at 180080782, 0.216013 0.907775
2024-08-21 19:23:04,481 INFO CHECKSUM 13 15 0: 0.918051
2024-08-21 19:23:05,712 INFO Accepting from rank 14
2024-08-21 19:23:04,482 INFO CHECKSUM 13 15 0: 0.918051
2024-08-21 19:23:05,712 INFO Accepting from rank 14
2024-08-21 19:23:05,712 INFO Accepting from rank 14
2024-08-21 19:23:05,712 INFO Accepting from rank 14
2024-08-21 19:23:05,712 INFO Accepting from rank 14
2024-08-21 19:23:05,712 INFO Accepting from rank 14
2024-08-21 19:23:05,712 INFO Accepting from rank 14
2024-08-21 19:23:05,712 INFO sent 13 -> 15 # 0 at 172427051, 0.968900 0.795336
2024-08-21 19:23:05,712 INFO Accepting from rank 14
2024-08-21 19:23:05,712 INFO Accepting from rank 14
2024-08-21 19:23:05,712 INFO Accepting from rank 14
2024-08-21 19:23:05,712 INFO Sending from rank 14
2024-08-21 19:23:05,712 INFO Accepting from rank 14
2024-08-21 19:23:05,712 INFO Accepting from rank 14
2024-08-21 19:23:05,712 INFO recv 13 -> 15 # 0 at 172810545, 0.968900 0.795336
2024-08-21 19:23:05,712 INFO Accepting from rank 14
2024-08-21 19:23:05,712 INFO Accepting from rank 14
2024-08-21 19:23:05,735 INFO Accepting from rank 14
2024-08-21 19:23:14,492 INFO CHECKSUM 14 0 0: 1.805078
2024-08-21 19:23:14,492 INFO CHECKSUM 14 0 0: 1.805078
2024-08-21 19:23:15,791 INFO recv 14 -> 0 # 0 at 88195823, 0.927342 0.656739
2024-08-21 19:23:15,797 INFO sent 14 -> 0 # 0 at 87766188, 0.927342 0.656739
2024-08-21 19:23:24,567 INFO CHECKSUM 14 1 0: 1.529020
2024-08-21 19:23:24,562 INFO CHECKSUM 14 1 0: 1.529020
2024-08-21 19:23:25,865 INFO sent 14 -> 1 # 0 at 84397612, 0.840997 0.869044
2024-08-21 19:23:25,866 INFO recv 14 -> 1 # 0 at 72917581, 0.840997 0.869044
2024-08-21 19:23:34,827 INFO CHECKSUM 14 2 0: 1.479182
2024-08-21 19:23:34,818 INFO CHECKSUM 14 2 0: 1.479182
2024-08-21 19:23:36,016 INFO recv 14 -> 2 # 0 at 39986715, 0.839904 0.076514
2024-08-21 19:23:36,016 INFO sent 14 -> 2 # 0 at 30750240, 0.839904 0.076514
2024-08-21 19:23:44,796 INFO CHECKSUM 14 3 0: 1.395596
2024-08-21 19:23:44,796 INFO CHECKSUM 14 3 0: 1.395596
2024-08-21 19:23:46,248 INFO recv 14 -> 3 # 0 at 97555551, 0.821195 0.527353
2024-08-21 19:23:46,248 INFO sent 14 -> 3 # 0 at 96776492, 0.821195 0.527353
2024-08-21 19:23:54,953 INFO CHECKSUM 14 4 0: 1.148887
2024-08-21 19:23:54,961 INFO CHECKSUM 14 4 0: 1.148887
2024-08-21 19:23:56,118 INFO recv 14 -> 4 # 0 at 23701952, 0.539045 0.254568
2024-08-21 19:23:56,121 INFO sent 14 -> 4 # 0 at 14849315, 0.539045 0.254568
2024-08-21 19:24:04,844 INFO CHECKSUM 14 5 0: 1.761946
2024-08-21 19:24:06,026 INFO sent 14 -> 5 # 0 at 15313445, 0.728019 0.293497
2024-08-21 19:24:04,845 INFO CHECKSUM 14 5 0: 1.761946
2024-08-21 19:24:06,026 INFO recv 14 -> 5 # 0 at 15439334, 0.728019 0.293497
2024-08-21 19:24:14,758 INFO CHECKSUM 14 6 0: 1.668014
2024-08-21 19:24:14,758 INFO CHECKSUM 14 6 0: 1.668014
2024-08-21 19:24:15,788 INFO sent 14 -> 6 # 0 at 15223771, 0.464857 0.165766
2024-08-21 19:24:15,788 INFO recv 14 -> 6 # 0 at 15516845, 0.464857 0.165766
2024-08-21 19:24:24,618 INFO CHECKSUM 14 7 0: 0.520933
2024-08-21 19:24:24,618 INFO CHECKSUM 14 7 0: 0.520933
2024-08-21 19:24:25,856 INFO sent 14 -> 7 # 0 at 14609960, 0.340236 0.056539
2024-08-21 19:24:25,856 INFO recv 14 -> 7 # 0 at 14913778, 0.340236 0.056539
2024-08-21 19:24:34,666 INFO CHECKSUM 14 8 0: 1.329457
2024-08-21 19:24:34,666 INFO CHECKSUM 14 8 0: 1.329457
2024-08-21 19:24:35,850 INFO recv 14 -> 8 # 0 at 94719300, 0.911759 0.046055
2024-08-21 19:24:35,850 INFO sent 14 -> 8 # 0 at 89439713, 0.911759 0.046055
2024-08-21 19:24:44,606 INFO CHECKSUM 14 9 0: 1.047128
2024-08-21 19:24:44,605 INFO CHECKSUM 14 9 0: 1.047128
2024-08-21 19:24:45,682 INFO recv 14 -> 9 # 0 at 80227055, 0.648505 0.428224
2024-08-21 19:24:45,682 INFO sent 14 -> 9 # 0 at 79664686, 0.648505 0.428224
2024-08-21 19:24:54,462 INFO CHECKSUM 14 10 0: 1.686216
2024-08-21 19:24:54,470 INFO CHECKSUM 14 10 0: 1.686216
2024-08-21 19:24:55,588 INFO recv 14 -> 10 # 0 at 99344041, 0.343378 0.937583
2024-08-21 19:24:55,588 INFO sent 14 -> 10 # 0 at 90860901, 0.343378 0.937583
2024-08-21 19:25:04,283 INFO CHECKSUM 14 11 0: 0.606752
2024-08-21 19:25:04,284 INFO CHECKSUM 14 11 0: 0.606752
2024-08-21 19:25:05,670 INFO recv 14 -> 11 # 0 at 15277930, 0.231621 0.169020
2024-08-21 19:25:05,670 INFO sent 14 -> 11 # 0 at 14804698, 0.231621 0.169020
2024-08-21 19:25:14,374 INFO CHECKSUM 14 12 0: 2.287208
2024-08-21 19:25:14,375 INFO CHECKSUM 14 12 0: 2.287208
2024-08-21 19:25:15,435 INFO recv 14 -> 12 # 0 at 15018994, 0.466264 0.321473
2024-08-21 19:25:15,435 INFO sent 14 -> 12 # 0 at 14479016, 0.466264 0.321473
2024-08-21 19:25:24,132 INFO CHECKSUM 14 13 0: 2.275470
2024-08-21 19:25:24,132 INFO CHECKSUM 14 13 0: 2.275470
2024-08-21 19:25:25,385 INFO recv 14 -> 13 # 0 at 14998414, 0.626423 0.064909
2024-08-21 19:25:25,385 INFO sent 14 -> 13 # 0 at 14515317, 0.626423 0.064909
2024-08-21 19:25:34,310 INFO CHECKSUM 14 15 0: 0.828580
2024-08-21 19:25:35,450 INFO Accepting from rank 15
2024-08-21 19:25:35,450 INFO Accepting from rank 15
2024-08-21 19:25:34,310 INFO CHECKSUM 14 15 0: 0.828580
2024-08-21 19:25:35,450 INFO Accepting from rank 15
2024-08-21 19:25:35,450 INFO Accepting from rank 15
2024-08-21 19:25:35,450 INFO Accepting from rank 15
2024-08-21 19:25:35,450 INFO Accepting from rank 15
2024-08-21 19:25:35,450 INFO Accepting from rank 15
2024-08-21 19:25:35,450 INFO Accepting from rank 15
2024-08-21 19:25:35,450 INFO Accepting from rank 15
2024-08-21 19:25:35,450 INFO Accepting from rank 15
2024-08-21 19:25:35,450 INFO Accepting from rank 15
2024-08-21 19:25:35,450 INFO sent 14 -> 15 # 0 at 187795371, 0.832453 0.983555
2024-08-21 19:25:35,450 INFO Accepting from rank 15
2024-08-21 19:25:35,450 INFO Accepting from rank 15
2024-08-21 19:25:35,450 INFO recv 14 -> 15 # 0 at 188205025, 0.832453 0.983555
2024-08-21 19:25:35,450 INFO Accepting from rank 15
2024-08-21 19:25:35,450 INFO Sending from rank 15
2024-08-21 19:25:35,473 INFO Accepting from rank 15
2024-08-21 19:25:44,172 INFO CHECKSUM 15 0 0: 1.224955
2024-08-21 19:25:44,172 INFO CHECKSUM 15 0 0: 1.224955
2024-08-21 19:25:45,323 INFO recv 15 -> 0 # 0 at 15248325, 0.730462 0.061099
2024-08-21 19:25:45,323 INFO sent 15 -> 0 # 0 at 14831991, 0.730462 0.061099
2024-08-21 19:25:54,057 INFO CHECKSUM 15 1 0: 1.279460
2024-08-21 19:25:54,044 INFO CHECKSUM 15 1 0: 1.279460
2024-08-21 19:25:55,198 INFO sent 15 -> 1 # 0 at 23438051, 0.479903 0.457758
2024-08-21 19:25:55,206 INFO recv 15 -> 1 # 0 at 43280968, 0.479903 0.457758
2024-08-21 19:26:03,918 INFO CHECKSUM 15 2 0: 1.646363
2024-08-21 19:26:03,918 INFO CHECKSUM 15 2 0: 1.646363
2024-08-21 19:26:05,194 INFO recv 15 -> 2 # 0 at 31213115, 0.459409 0.338084
2024-08-21 19:26:05,197 INFO sent 15 -> 2 # 0 at 30637881, 0.459409 0.338084
2024-08-21 19:26:13,872 INFO CHECKSUM 15 3 0: 1.571728
2024-08-21 19:26:13,871 INFO CHECKSUM 15 3 0: 1.571728
2024-08-21 19:26:15,114 INFO recv 15 -> 3 # 0 at 21763727, 0.949345 0.701524
2024-08-21 19:26:15,125 INFO sent 15 -> 3 # 0 at 14432846, 0.949345 0.701524
2024-08-21 19:26:23,905 INFO CHECKSUM 15 4 0: 1.530371
2024-08-21 19:26:23,906 INFO CHECKSUM 15 4 0: 1.530371
2024-08-21 19:26:25,277 INFO sent 15 -> 4 # 0 at 86503355, 0.997943 0.940617
2024-08-21 19:26:25,277 INFO recv 15 -> 4 # 0 at 87297376, 0.997943 0.940617
2024-08-21 19:26:33,986 INFO CHECKSUM 15 5 0: 1.951566
2024-08-21 19:26:33,987 INFO CHECKSUM 15 5 0: 1.951566
2024-08-21 19:26:35,240 INFO sent 15 -> 5 # 0 at 17258479, 0.762011 0.181204
2024-08-21 19:26:35,240 INFO recv 15 -> 5 # 0 at 15372234, 0.762011 0.181204
2024-08-21 19:26:43,963 INFO CHECKSUM 15 6 0: 1.192961
2024-08-21 19:26:43,963 INFO CHECKSUM 15 6 0: 1.192961
2024-08-21 19:26:45,287 INFO sent 15 -> 6 # 0 at 14392738, 0.560598 0.948238
2024-08-21 19:26:45,287 INFO recv 15 -> 6 # 0 at 23431499, 0.560598 0.948238
2024-08-21 19:26:54,090 INFO CHECKSUM 15 7 0: 1.071577
2024-08-21 19:26:54,091 INFO CHECKSUM 15 7 0: 1.071577
2024-08-21 19:26:55,307 INFO recv 15 -> 7 # 0 at 87198073, 0.364915 0.327669
2024-08-21 19:26:55,309 INFO sent 15 -> 7 # 0 at 85809359, 0.364915 0.327669
2024-08-21 19:27:04,008 INFO CHECKSUM 15 8 0: 1.013066
2024-08-21 19:27:04,009 INFO CHECKSUM 15 8 0: 1.013066
2024-08-21 19:27:05,106 INFO recv 15 -> 8 # 0 at 15130877, 0.873780 0.932180
2024-08-21 19:27:05,121 INFO sent 15 -> 8 # 0 at 14405523, 0.873780 0.932180
2024-08-21 19:27:13,832 INFO CHECKSUM 15 9 0: 1.650988
2024-08-21 19:27:13,832 INFO CHECKSUM 15 9 0: 1.650988
2024-08-21 19:27:15,033 INFO recv 15 -> 9 # 0 at 15463519, 0.309875 0.062708
2024-08-21 19:27:15,033 INFO sent 15 -> 9 # 0 at 14613387, 0.309875 0.062708
2024-08-21 19:27:23,809 INFO CHECKSUM 15 10 0: 1.713082
2024-08-21 19:27:23,810 INFO CHECKSUM 15 10 0: 1.713082
2024-08-21 19:27:25,005 INFO sent 15 -> 10 # 0 at 91299441, 0.452832 0.305057
2024-08-21 19:27:25,005 INFO recv 15 -> 10 # 0 at 92099918, 0.452832 0.305057
2024-08-21 19:27:33,722 INFO CHECKSUM 15 11 0: 1.407956
2024-08-21 19:27:33,721 INFO CHECKSUM 15 11 0: 1.407956
2024-08-21 19:27:35,055 INFO recv 15 -> 11 # 0 at 15313118, 0.345020 0.753392
2024-08-21 19:27:35,055 INFO sent 15 -> 11 # 0 at 14434600, 0.345020 0.753392
2024-08-21 19:27:43,830 INFO CHECKSUM 15 12 0: 0.870917
2024-08-21 19:27:43,831 INFO CHECKSUM 15 12 0: 0.870917
2024-08-21 19:27:44,954 INFO sent 15 -> 12 # 0 at 77751843, 0.045076 0.710443
2024-08-21 19:27:44,954 INFO recv 15 -> 12 # 0 at 78192178, 0.045076 0.710443
2024-08-21 19:27:53,726 INFO CHECKSUM 15 13 0: 1.391934
2024-08-21 19:27:53,727 INFO CHECKSUM 15 13 0: 1.391934
2024-08-21 19:27:54,947 INFO recv 15 -> 13 # 0 at 80739401, 0.775333 0.150001
2024-08-21 19:27:54,947 INFO sent 15 -> 13 # 0 at 80020787, 0.775333 0.150001
2024-08-21 19:28:03,675 INFO CHECKSUM 15 14 0: 0.898830
2024-08-21 19:28:03,676 INFO CHECKSUM 15 14 0: 0.898830
2024-08-21 19:28:04,685 INFO Rank 0 start All-Reduce
2024-08-21 19:28:04,685 INFO Rank 8 start All-Reduce
2024-08-21 19:28:04,685 INFO Rank 1 start All-Reduce
2024-08-21 19:28:04,685 INFO recv 15 -> 14 # 0 at 24311094, 0.089927 0.144823
2024-08-21 19:28:04,685 INFO Rank 4 start All-Reduce
2024-08-21 19:28:04,685 INFO Rank 2 start All-Reduce
2024-08-21 19:28:04,685 INFO Rank 10 start All-Reduce
2024-08-21 19:28:04,685 INFO Rank 3 start All-Reduce
2024-08-21 19:28:04,685 INFO Rank 12 start All-Reduce
2024-08-21 19:28:04,685 INFO Rank 6 start All-Reduce
2024-08-21 19:28:04,685 INFO Rank 14 start All-Reduce
2024-08-21 19:28:04,686 INFO Rank 9 start All-Reduce
2024-08-21 19:28:04,686 INFO Rank 13 start All-Reduce
2024-08-21 19:28:04,686 INFO Rank 5 start All-Reduce
2024-08-21 19:28:04,686 INFO Rank 11 start All-Reduce
2024-08-21 19:28:04,686 INFO sent 15 -> 14 # 0 at 23657456, 0.089927 0.144823
2024-08-21 19:28:04,686 INFO Rank 7 start All-Reduce
2024-08-21 19:28:04,698 INFO Rank 15 start All-Reduce
2024-08-21 19:28:13,394 INFO Rank 3 HIT BARRIER
2024-08-21 19:28:13,395 INFO Rank 2 HIT BARRIER
2024-08-21 19:28:13,396 INFO Rank 0 HIT BARRIER
2024-08-21 19:28:13,397 INFO Rank 1 HIT BARRIER
2024-08-21 19:28:13,404 INFO Added key: store_based_barrier_key:2 to store for rank: 0
2024-08-21 19:28:13,405 INFO Added key: store_based_barrier_key:2 to store for rank: 2
2024-08-21 19:28:13,405 INFO Added key: store_based_barrier_key:2 to store for rank: 8
2024-08-21 19:28:13,405 INFO Added key: store_based_barrier_key:2 to store for rank: 12
2024-08-21 19:28:13,405 INFO Added key: store_based_barrier_key:2 to store for rank: 9
2024-08-21 19:28:13,405 INFO Added key: store_based_barrier_key:2 to store for rank: 1
2024-08-21 19:28:13,405 INFO Added key: store_based_barrier_key:2 to store for rank: 13
2024-08-21 19:28:13,405 INFO Added key: store_based_barrier_key:2 to store for rank: 4
2024-08-21 19:28:13,405 INFO Added key: store_based_barrier_key:2 to store for rank: 10
2024-08-21 19:28:13,406 INFO Added key: store_based_barrier_key:2 to store for rank: 3
2024-08-21 19:28:13,406 INFO Rank 12: Completed store-based barrier for key:store_based_barrier_key:2 with 16 nodes.
2024-08-21 19:28:13,405 INFO Added key: store_based_barrier_key:2 to store for rank: 7
2024-08-21 19:28:13,405 INFO Added key: store_based_barrier_key:2 to store for rank: 11
2024-08-21 19:28:13,406 INFO Rank 1: Completed store-based barrier for key:store_based_barrier_key:2 with 16 nodes.
2024-08-21 19:28:13,406 INFO Added key: store_based_barrier_key:2 to store for rank: 15
2024-08-21 19:28:13,405 INFO Added key: store_based_barrier_key:2 to store for rank: 5
2024-08-21 19:28:13,406 INFO Rank 8: Completed store-based barrier for key:store_based_barrier_key:2 with 16 nodes.
2024-08-21 19:28:13,406 INFO Rank 3: Completed store-based barrier for key:store_based_barrier_key:2 with 16 nodes.
2024-08-21 19:28:13,406 INFO Added key: store_based_barrier_key:2 to store for rank: 14
2024-08-21 19:28:13,405 INFO Added key: store_based_barrier_key:2 to store for rank: 6
2024-08-21 19:28:13,406 INFO Rank 9: Completed store-based barrier for key:store_based_barrier_key:2 with 16 nodes.
2024-08-21 19:28:13,406 INFO Made group
2024-08-21 19:28:13,406 INFO Rank 13: Completed store-based barrier for key:store_based_barrier_key:2 with 16 nodes.
2024-08-21 19:28:13,406 INFO Rank 7: Completed store-based barrier for key:store_based_barrier_key:2 with 16 nodes.
2024-08-21 19:28:13,406 INFO Rank 11: Completed store-based barrier for key:store_based_barrier_key:2 with 16 nodes.
2024-08-21 19:28:13,406 INFO Made group
2024-08-21 19:28:13,406 INFO Rank 14: Completed store-based barrier for key:store_based_barrier_key:2 with 16 nodes.
2024-08-21 19:28:13,406 INFO Rank 4: Completed store-based barrier for key:store_based_barrier_key:2 with 16 nodes.
2024-08-21 19:28:13,406 INFO Rank 10: Completed store-based barrier for key:store_based_barrier_key:2 with 16 nodes.
2024-08-21 19:28:13,406 INFO Rank 15: Completed store-based barrier for key:store_based_barrier_key:2 with 16 nodes.
2024-08-21 19:28:13,406 INFO Rank 5: Completed store-based barrier for key:store_based_barrier_key:2 with 16 nodes.
2024-08-21 19:28:13,406 INFO Rank 6: Completed store-based barrier for key:store_based_barrier_key:2 with 16 nodes.
2024-08-21 19:28:13,415 INFO Rank 0: Completed store-based barrier for key:store_based_barrier_key:2 with 16 nodes.
2024-08-21 19:28:13,415 INFO Made group
2024-08-21 19:28:13,415 INFO Rank 2: Completed store-based barrier for key:store_based_barrier_key:2 with 16 nodes.
2024-08-21 19:28:13,415 INFO Made group
2024-08-21 19:28:13,710 INFO Node Reduce CHECKSUM 2: 7.243376
2024-08-21 19:28:13,645 INFO Node Reduce CHECKSUM 3: 7.243376
2024-08-21 19:28:13,646 INFO Node Reduce CHECKSUM 0: 7.243376
2024-08-21 19:28:13,706 INFO Node Reduce CHECKSUM 1: 7.243376
2024-08-21 19:28:17,921 INFO Node Reduce rank 0 at 4517271662
2024-08-21 19:28:17,921 INFO Node Reduce rank 1 at 4516303248
2024-08-21 19:28:17,921 INFO Node Reduce rank 2 at 4516774360
2024-08-21 19:28:17,921 INFO Node Reduce rank 3 at 4516290443
2024-08-21 19:28:26,646 INFO Rank 7 HIT BARRIER
2024-08-21 19:28:26,651 INFO Rank 5 HIT BARRIER
2024-08-21 19:28:26,652 INFO Rank 4 HIT BARRIER
2024-08-21 19:28:26,653 INFO Rank 6 HIT BARRIER
2024-08-21 19:28:26,654 INFO Added key: store_based_barrier_key:3 to store for rank: 1
2024-08-21 19:28:26,654 INFO Added key: store_based_barrier_key:3 to store for rank: 2
2024-08-21 19:28:26,654 INFO Added key: store_based_barrier_key:3 to store for rank: 8
2024-08-21 19:28:26,654 INFO Added key: store_based_barrier_key:3 to store for rank: 3
2024-08-21 19:28:26,654 INFO Added key: store_based_barrier_key:3 to store for rank: 12
2024-08-21 19:28:26,654 INFO Added key: store_based_barrier_key:3 to store for rank: 4
2024-08-21 19:28:26,654 INFO Added key: store_based_barrier_key:3 to store for rank: 11
2024-08-21 19:28:26,654 INFO Rank 2: Completed store-based barrier for key:store_based_barrier_key:3 with 16 nodes.
2024-08-21 19:28:26,654 INFO Rank 12: Completed store-based barrier for key:store_based_barrier_key:3 with 16 nodes.
2024-08-21 19:28:26,654 INFO Added key: store_based_barrier_key:3 to store for rank: 6
2024-08-21 19:28:26,654 INFO Rank 8: Completed store-based barrier for key:store_based_barrier_key:3 with 16 nodes.
2024-08-21 19:28:26,654 INFO Rank 3: Completed store-based barrier for key:store_based_barrier_key:3 with 16 nodes.
2024-08-21 19:28:26,654 INFO Added key: store_based_barrier_key:3 to store for rank: 13
2024-08-21 19:28:26,654 INFO Added key: store_based_barrier_key:3 to store for rank: 5
2024-08-21 19:28:26,654 INFO Added key: store_based_barrier_key:3 to store for rank: 9
2024-08-21 19:28:26,655 INFO Added key: store_based_barrier_key:3 to store for rank: 0
2024-08-21 19:28:26,654 INFO Added key: store_based_barrier_key:3 to store for rank: 14
2024-08-21 19:28:26,654 INFO Added key: store_based_barrier_key:3 to store for rank: 7
2024-08-21 19:28:26,654 INFO Added key: store_based_barrier_key:3 to store for rank: 10
2024-08-21 19:28:26,655 INFO Rank 0: Completed store-based barrier for key:store_based_barrier_key:3 with 16 nodes.
2024-08-21 19:28:26,654 INFO Added key: store_based_barrier_key:3 to store for rank: 15
2024-08-21 19:28:26,654 INFO Rank 4: Completed store-based barrier for key:store_based_barrier_key:3 with 16 nodes.
2024-08-21 19:28:26,655 INFO Rank 11: Completed store-based barrier for key:store_based_barrier_key:3 with 16 nodes.
2024-08-21 19:28:26,655 INFO Rank 14: Completed store-based barrier for key:store_based_barrier_key:3 with 16 nodes.
2024-08-21 19:28:26,654 INFO Rank 6: Completed store-based barrier for key:store_based_barrier_key:3 with 16 nodes.
2024-08-21 19:28:26,655 INFO Rank 9: Completed store-based barrier for key:store_based_barrier_key:3 with 16 nodes.
2024-08-21 19:28:26,655 INFO Rank 13: Completed store-based barrier for key:store_based_barrier_key:3 with 16 nodes.
2024-08-21 19:28:26,654 INFO Made group
2024-08-21 19:28:26,655 INFO Rank 10: Completed store-based barrier for key:store_based_barrier_key:3 with 16 nodes.
2024-08-21 19:28:26,655 INFO Rank 15: Completed store-based barrier for key:store_based_barrier_key:3 with 16 nodes.
2024-08-21 19:28:26,654 INFO Made group
2024-08-21 19:28:26,654 INFO Rank 7: Completed store-based barrier for key:store_based_barrier_key:3 with 16 nodes.
2024-08-21 19:28:26,655 INFO Made group
2024-08-21 19:28:26,655 INFO Rank 5: Completed store-based barrier for key:store_based_barrier_key:3 with 16 nodes.
2024-08-21 19:28:26,655 INFO Made group
2024-08-21 19:28:26,664 INFO Rank 1: Completed store-based barrier for key:store_based_barrier_key:3 with 16 nodes.
2024-08-21 19:28:26,924 INFO Node Reduce CHECKSUM 7: 5.687854
2024-08-21 19:28:26,921 INFO Node Reduce CHECKSUM 4: 5.687854
2024-08-21 19:28:26,924 INFO Node Reduce CHECKSUM 5: 5.687854
2024-08-21 19:28:26,983 INFO Node Reduce CHECKSUM 6: 5.687854
2024-08-21 19:28:31,168 INFO Node Reduce rank 4 at 4514572976
2024-08-21 19:28:31,168 INFO Node Reduce rank 7 at 4514621180
2024-08-21 19:28:31,168 INFO Node Reduce rank 5 at 4514613825
2024-08-21 19:28:31,168 INFO Node Reduce rank 6 at 4514612993
2024-08-21 19:28:39,873 INFO Rank 8 HIT BARRIER
2024-08-21 19:28:39,874 INFO Rank 10 HIT BARRIER
2024-08-21 19:28:39,874 INFO Rank 9 HIT BARRIER
2024-08-21 19:28:39,879 INFO Rank 11 HIT BARRIER
2024-08-21 19:28:39,897 INFO Added key: store_based_barrier_key:4 to store for rank: 4
2024-08-21 19:28:39,897 INFO Added key: store_based_barrier_key:4 to store for rank: 0
2024-08-21 19:28:39,897 INFO Added key: store_based_barrier_key:4 to store for rank: 11
2024-08-21 19:28:39,897 INFO Added key: store_based_barrier_key:4 to store for rank: 1
2024-08-21 19:28:39,898 INFO Added key: store_based_barrier_key:4 to store for rank: 8
2024-08-21 19:28:39,897 INFO Added key: store_based_barrier_key:4 to store for rank: 2
2024-08-21 19:28:39,897 INFO Added key: store_based_barrier_key:4 to store for rank: 13
2024-08-21 19:28:39,897 INFO Added key: store_based_barrier_key:4 to store for rank: 5
2024-08-21 19:28:39,898 INFO Added key: store_based_barrier_key:4 to store for rank: 9
2024-08-21 19:28:39,897 INFO Added key: store_based_barrier_key:4 to store for rank: 3
2024-08-21 19:28:39,897 INFO Added key: store_based_barrier_key:4 to store for rank: 14
2024-08-21 19:28:39,897 INFO Added key: store_based_barrier_key:4 to store for rank: 7
2024-08-21 19:28:39,898 INFO Added key: store_based_barrier_key:4 to store for rank: 10
2024-08-21 19:28:39,898 INFO Rank 3: Completed store-based barrier for key:store_based_barrier_key:4 with 16 nodes.
2024-08-21 19:28:39,897 INFO Added key: store_based_barrier_key:4 to store for rank: 15
2024-08-21 19:28:39,898 INFO Added key: store_based_barrier_key:4 to store for rank: 6
2024-08-21 19:28:39,898 INFO Rank 8: Completed store-based barrier for key:store_based_barrier_key:4 with 16 nodes.
2024-08-21 19:28:39,898 INFO Rank 2: Completed store-based barrier for key:store_based_barrier_key:4 with 16 nodes.
2024-08-21 19:28:39,898 INFO Added key: store_based_barrier_key:4 to store for rank: 12
2024-08-21 19:28:39,898 INFO Rank 5: Completed store-based barrier for key:store_based_barrier_key:4 with 16 nodes.
2024-08-21 19:28:39,898 INFO Rank 10: Completed store-based barrier for key:store_based_barrier_key:4 with 16 nodes.
2024-08-21 19:28:39,898 INFO Rank 0: Completed store-based barrier for key:store_based_barrier_key:4 with 16 nodes.
2024-08-21 19:28:39,898 INFO Rank 13: Completed store-based barrier for key:store_based_barrier_key:4 with 16 nodes.
2024-08-21 19:28:39,898 INFO Rank 7: Completed store-based barrier for key:store_based_barrier_key:4 with 16 nodes.
2024-08-21 19:28:39,898 INFO Rank 9: Completed store-based barrier for key:store_based_barrier_key:4 with 16 nodes.
2024-08-21 19:28:39,898 INFO Rank 15: Completed store-based barrier for key:store_based_barrier_key:4 with 16 nodes.
2024-08-21 19:28:39,898 INFO Rank 6: Completed store-based barrier for key:store_based_barrier_key:4 with 16 nodes.
2024-08-21 19:28:39,898 INFO Rank 11: Completed store-based barrier for key:store_based_barrier_key:4 with 16 nodes.
2024-08-21 19:28:39,898 INFO Rank 12: Completed store-based barrier for key:store_based_barrier_key:4 with 16 nodes.
2024-08-21 19:28:39,898 INFO Made group
2024-08-21 19:28:39,898 INFO Rank 14: Completed store-based barrier for key:store_based_barrier_key:4 with 16 nodes.
2024-08-21 19:28:39,898 INFO Made group
2024-08-21 19:28:39,898 INFO Made group
2024-08-21 19:28:39,898 INFO Made group
2024-08-21 19:28:39,908 INFO Rank 1: Completed store-based barrier for key:store_based_barrier_key:4 with 16 nodes.
2024-08-21 19:28:39,908 INFO Rank 4: Completed store-based barrier for key:store_based_barrier_key:4 with 16 nodes.
2024-08-21 19:28:40,163 INFO Node Reduce CHECKSUM 11: 7.371850
2024-08-21 19:28:40,164 INFO Node Reduce CHECKSUM 8: 7.371850
2024-08-21 19:28:40,225 INFO Node Reduce CHECKSUM 9: 7.371850
2024-08-21 19:28:40,224 INFO Node Reduce CHECKSUM 10: 7.371850
2024-08-21 19:28:44,616 INFO Node Reduce rank 8 at 4718938319
2024-08-21 19:28:44,616 INFO Node Reduce rank 10 at 4718936556
2024-08-21 19:28:44,618 INFO Node Reduce rank 9 at 4720652136
2024-08-21 19:28:44,618 INFO Node Reduce rank 11 at 4720650733
2024-08-21 19:28:53,315 INFO Rank 13 HIT BARRIER
2024-08-21 19:28:53,317 INFO Rank 15 HIT BARRIER
2024-08-21 19:28:53,319 INFO Rank 12 HIT BARRIER
2024-08-21 19:28:53,319 INFO Rank 14 HIT BARRIER
2024-08-21 19:28:53,322 INFO Added key: store_based_barrier_key:5 to store for rank: 8
2024-08-21 19:28:53,322 INFO Added key: store_based_barrier_key:5 to store for rank: 2
2024-08-21 19:28:53,322 INFO Added key: store_based_barrier_key:5 to store for rank: 13
2024-08-21 19:28:53,322 INFO Added key: store_based_barrier_key:5 to store for rank: 4
2024-08-21 19:28:53,322 INFO Added key: store_based_barrier_key:5 to store for rank: 10
2024-08-21 19:28:53,322 INFO Added key: store_based_barrier_key:5 to store for rank: 1
2024-08-21 19:28:53,322 INFO Added key: store_based_barrier_key:5 to store for rank: 12
2024-08-21 19:28:53,322 INFO Added key: store_based_barrier_key:5 to store for rank: 6
2024-08-21 19:28:53,322 INFO Added key: store_based_barrier_key:5 to store for rank: 11
2024-08-21 19:28:53,322 INFO Added key: store_based_barrier_key:5 to store for rank: 3
2024-08-21 19:28:53,322 INFO Added key: store_based_barrier_key:5 to store for rank: 14
2024-08-21 19:28:53,322 INFO Added key: store_based_barrier_key:5 to store for rank: 7
2024-08-21 19:28:53,322 INFO Added key: store_based_barrier_key:5 to store for rank: 9
2024-08-21 19:28:53,322 INFO Rank 2: Completed store-based barrier for key:store_based_barrier_key:5 with 16 nodes.
2024-08-21 19:28:53,322 INFO Added key: store_based_barrier_key:5 to store for rank: 15
2024-08-21 19:28:53,322 INFO Added key: store_based_barrier_key:5 to store for rank: 5
2024-08-21 19:28:53,322 INFO Rank 8: Completed store-based barrier for key:store_based_barrier_key:5 with 16 nodes.
2024-08-21 19:28:53,322 INFO Rank 1: Completed store-based barrier for key:store_based_barrier_key:5 with 16 nodes.
2024-08-21 19:28:53,322 INFO Rank 13: Completed store-based barrier for key:store_based_barrier_key:5 with 16 nodes.
2024-08-21 19:28:53,322 INFO Rank 4: Completed store-based barrier for key:store_based_barrier_key:5 with 16 nodes.
2024-08-21 19:28:53,322 INFO Rank 10: Completed store-based barrier for key:store_based_barrier_key:5 with 16 nodes.
2024-08-21 19:28:53,322 INFO Rank 3: Completed store-based barrier for key:store_based_barrier_key:5 with 16 nodes.
2024-08-21 19:28:53,322 INFO Made group
2024-08-21 19:28:53,322 INFO Rank 7: Completed store-based barrier for key:store_based_barrier_key:5 with 16 nodes.
2024-08-21 19:28:53,322 INFO Rank 11: Completed store-based barrier for key:store_based_barrier_key:5 with 16 nodes.
2024-08-21 19:28:53,322 INFO Added key: store_based_barrier_key:5 to store for rank: 0
2024-08-21 19:28:53,322 INFO Rank 12: Completed store-based barrier for key:store_based_barrier_key:5 with 16 nodes.
2024-08-21 19:28:53,322 INFO Rank 6: Completed store-based barrier for key:store_based_barrier_key:5 with 16 nodes.
2024-08-21 19:28:53,322 INFO Rank 9: Completed store-based barrier for key:store_based_barrier_key:5 with 16 nodes.
2024-08-21 19:28:53,323 INFO Rank 0: Completed store-based barrier for key:store_based_barrier_key:5 with 16 nodes.
2024-08-21 19:28:53,322 INFO Rank 14: Completed store-based barrier for key:store_based_barrier_key:5 with 16 nodes.
2024-08-21 19:28:53,322 INFO Rank 5: Completed store-based barrier for key:store_based_barrier_key:5 with 16 nodes.
2024-08-21 19:28:53,322 INFO Rank 15: Completed store-based barrier for key:store_based_barrier_key:5 with 16 nodes.
2024-08-21 19:28:53,322 INFO Made group
2024-08-21 19:28:53,322 INFO Made group
2024-08-21 19:28:53,322 INFO Made group
2024-08-21 19:28:53,672 INFO Node Reduce CHECKSUM 13: 5.779487
2024-08-21 19:28:53,618 INFO Node Reduce CHECKSUM 14: 5.779487
2024-08-21 19:28:53,614 INFO Node Reduce CHECKSUM 15: 5.779487
2024-08-21 19:28:53,557 INFO Node Reduce CHECKSUM 12: 5.779487
2024-08-21 19:28:57,878 INFO Node Reduce rank 14 at 4556603290
2024-08-21 19:28:57,878 INFO Node Reduce rank 12 at 4556659348
2024-08-21 19:28:57,881 INFO Node Reduce rank 13 at 4559205849
2024-08-21 19:28:57,881 INFO Node Reduce rank 15 at 4559152065
2024-08-21 19:29:06,608 INFO All Reduce CHECKSUM 1: 21.145603
2024-08-21 19:29:06,606 INFO All Reduce CHECKSUM 2: 21.145603
2024-08-21 19:29:06,606 INFO All Reduce CHECKSUM 8: 21.145603
2024-08-21 19:29:06,611 INFO All Reduce CHECKSUM 3: 21.145603
2024-08-21 19:29:06,611 INFO All Reduce CHECKSUM 12: 21.145603
2024-08-21 19:29:06,611 INFO All Reduce CHECKSUM 4: 21.145603
2024-08-21 19:29:06,606 INFO All Reduce CHECKSUM 9: 21.145603
2024-08-21 19:29:06,609 INFO All Reduce CHECKSUM 0: 21.145603
2024-08-21 19:29:06,608 INFO All Reduce CHECKSUM 13: 21.145603
2024-08-21 19:29:06,606 INFO All Reduce CHECKSUM 5: 21.145603
2024-08-21 19:29:06,606 INFO All Reduce CHECKSUM 10: 21.145603
2024-08-21 19:29:06,611 INFO All Reduce CHECKSUM 14: 21.145603
2024-08-21 19:29:06,611 INFO All Reduce CHECKSUM 6: 21.145603
2024-08-21 19:29:06,609 INFO All Reduce CHECKSUM 11: 21.145603
2024-08-21 19:29:06,610 INFO All Reduce CHECKSUM 15: 21.145603
2024-08-21 19:29:06,606 INFO All Reduce CHECKSUM 7: 21.145603
2024-08-21 19:29:16,329 INFO All Reduce rank 0 at 9722461242
2024-08-21 19:29:16,329 INFO Rank 0 done
2024-08-21 19:29:16,329 INFO All Reduce rank 8 at 9722821477
2024-08-21 19:29:16,329 INFO All Reduce rank 1 at 9722886635
2024-08-21 19:29:16,329 INFO All Reduce rank 12 at 9722822899
2024-08-21 19:29:16,329 INFO All Reduce rank 4 at 9722824591
2024-08-21 19:29:16,329 INFO All Reduce rank 9 at 9722821698
2024-08-21 19:29:16,329 INFO All Reduce rank 3 at 9722882647
2024-08-21 19:29:16,329 INFO All Reduce rank 14 at 9722812670
2024-08-21 19:29:16,329 INFO Rank 14 done
2024-08-21 19:29:16,329 INFO All Reduce rank 5 at 9722825151
2024-08-21 19:29:16,329 INFO All Reduce rank 10 at 9722822880
2024-08-21 19:29:16,329 INFO All Reduce rank 2 at 9722907766
2024-08-21 19:29:16,329 INFO Rank 12 done
2024-08-21 19:29:16,329 INFO All Reduce rank 6 at 9722822737
2024-08-21 19:29:16,329 INFO All Reduce rank 11 at 9722819624
2024-08-21 19:29:16,329 INFO Rank 3 done
2024-08-21 19:29:16,329 INFO All Reduce rank 13 at 9723147450
2024-08-21 19:29:16,329 INFO Rank 13 done
2024-08-21 19:29:16,329 INFO Rank 4 done
2024-08-21 19:29:16,329 INFO Rank 8 done
2024-08-21 19:29:16,329 INFO Rank 1 done
2024-08-21 19:29:16,329 INFO All Reduce rank 15 at 9723186966
2024-08-21 19:29:16,329 INFO Rank 15 done
2024-08-21 19:29:16,329 INFO Rank 5 done
2024-08-21 19:29:16,329 INFO Rank 9 done
2024-08-21 19:29:16,329 INFO Rank 2 done
2024-08-21 19:29:16,329 INFO Rank 6 done
2024-08-21 19:29:16,329 INFO Rank 10 done
2024-08-21 19:29:16,329 INFO All Reduce rank 7 at 9722863325
2024-08-21 19:29:16,329 INFO Rank 11 done
2024-08-21 19:29:16,329 INFO Rank 7 done
