
2024-08-01 08:06:28,018 INFO Initialized rank 12 out of 16
2024-08-01 08:06:28,018 INFO Initialized rank 13 out of 16
2024-08-01 08:06:28,018 INFO Initialized rank 11 out of 16
2024-08-01 08:06:28,019 INFO Initialized rank 7 out of 16
2024-08-01 08:06:28,019 INFO Initialized rank 8 out of 16
2024-08-01 08:06:28,019 INFO Initialized rank 9 out of 16
2024-08-01 08:06:28,020 INFO Initialized rank 6 out of 16
2024-08-01 08:06:28,023 INFO Initialized rank 14 out of 16
2024-08-01 08:06:28,024 INFO Initialized rank 1 out of 16
2024-08-01 08:06:28,024 INFO Initialized rank 2 out of 16
2024-08-01 08:06:28,025 INFO Initialized rank 3 out of 16
2024-08-01 08:06:28,026 INFO Initialized rank 10 out of 16
2024-08-01 08:06:28,027 INFO Initialized rank 0 out of 16
2024-08-01 08:06:28,027 INFO Initialized rank 15 out of 16
2024-08-01 08:06:28,030 INFO Initialized rank 5 out of 16
2024-08-01 08:06:28,030 INFO Initialized rank 4 out of 16
2024-08-01 08:06:30,651 INFO Sync time
2024-08-01 08:06:30,651 INFO Sync time
2024-08-01 08:06:30,651 INFO Sync time
2024-08-01 08:06:30,651 INFO Sync time
2024-08-01 08:06:30,651 INFO Sync time
2024-08-01 08:06:30,651 INFO Sync time
2024-08-01 08:06:30,651 INFO Sync time
2024-08-01 08:06:30,651 INFO Sync time
2024-08-01 08:06:30,651 INFO Sync time
2024-08-01 08:06:30,651 INFO Sync time
2024-08-01 08:06:30,651 INFO Sync time
2024-08-01 08:06:30,652 INFO Sending from rank 0
2024-08-01 08:06:30,651 INFO Sync time
2024-08-01 08:06:30,651 INFO Sync time
2024-08-01 08:06:30,651 INFO Sync time
2024-08-01 08:06:30,652 INFO Accepting from rank 0
2024-08-01 08:06:30,651 INFO Sync time
2024-08-01 08:06:30,651 INFO Sync time
2024-08-01 08:06:30,652 INFO Accepting from rank 0
2024-08-01 08:06:30,652 INFO Accepting from rank 0
2024-08-01 08:06:30,652 INFO Accepting from rank 0
2024-08-01 08:06:30,652 INFO Accepting from rank 0
2024-08-01 08:06:30,652 INFO Accepting from rank 0
2024-08-01 08:06:30,652 INFO Accepting from rank 0
2024-08-01 08:06:30,652 INFO Accepting from rank 0
2024-08-01 08:06:30,652 INFO Accepting from rank 0
2024-08-01 08:06:30,652 INFO Accepting from rank 0
2024-08-01 08:06:30,652 INFO Accepting from rank 0
2024-08-01 08:06:30,652 INFO Accepting from rank 0
2024-08-01 08:06:30,652 INFO Accepting from rank 0
2024-08-01 08:06:30,652 INFO Accepting from rank 0
2024-08-01 08:06:30,652 INFO Accepting from rank 0
2024-08-01 08:06:30,852 INFO CHECKSUM 0 1 0: 2.002413
2024-08-01 08:06:30,855 INFO CHECKSUM 0 1 0: 2.002413
2024-08-01 08:06:30,871 INFO sent 0 -> 1 # 0 at 176944587, 0.954380 0.022096
2024-08-01 08:06:30,871 INFO recv 0 -> 1 # 0 at 189563459, 0.954380 0.022096
2024-08-01 08:06:31,126 INFO CHECKSUM 0 2 0: 2.002413
2024-08-01 08:06:31,128 INFO CHECKSUM 0 2 0: 2.002413
2024-08-01 08:06:31,150 INFO sent 0 -> 2 # 0 at 254497456, 0.954380 0.022096
2024-08-01 08:06:31,151 INFO recv 0 -> 2 # 0 at 278752955, 0.954380 0.022096
2024-08-01 08:06:31,415 INFO CHECKSUM 0 3 0: 2.002413
2024-08-01 08:06:31,416 INFO CHECKSUM 0 3 0: 2.002413
2024-08-01 08:06:31,425 INFO sent 0 -> 3 # 0 at 256145576, 0.954380 0.022096
2024-08-01 08:06:31,425 INFO recv 0 -> 3 # 0 at 266663334, 0.954380 0.022096
2024-08-01 08:06:31,635 INFO CHECKSUM 0 4 0: 2.002413
2024-08-01 08:06:31,636 INFO CHECKSUM 0 4 0: 2.002413
2024-08-01 08:06:31,657 INFO sent 0 -> 4 # 0 at 201753724, 0.954380 0.022096
2024-08-01 08:06:31,657 INFO recv 0 -> 4 # 0 at 223606766, 0.954380 0.022096
2024-08-01 08:06:31,863 INFO CHECKSUM 0 5 0: 2.002413
2024-08-01 08:06:31,879 INFO sent 0 -> 5 # 0 at 193453673, 0.954380 0.022096
2024-08-01 08:06:31,864 INFO CHECKSUM 0 5 0: 2.002413
2024-08-01 08:06:31,879 INFO recv 0 -> 5 # 0 at 210193961, 0.954380 0.022096
2024-08-01 08:06:32,090 INFO CHECKSUM 0 6 0: 2.002413
2024-08-01 08:06:32,091 INFO CHECKSUM 0 6 0: 2.002413
2024-08-01 08:06:32,105 INFO sent 0 -> 6 # 0 at 207481632, 0.954380 0.022096
2024-08-01 08:06:32,105 INFO recv 0 -> 6 # 0 at 223050879, 0.954380 0.022096
2024-08-01 08:06:32,331 INFO CHECKSUM 0 7 0: 2.002413
2024-08-01 08:06:32,333 INFO CHECKSUM 0 7 0: 2.002413
2024-08-01 08:06:32,348 INFO sent 0 -> 7 # 0 at 224269908, 0.954380 0.022096
2024-08-01 08:06:32,348 INFO recv 0 -> 7 # 0 at 241670626, 0.954380 0.022096
2024-08-01 08:06:32,571 INFO CHECKSUM 0 8 0: 2.002413
2024-08-01 08:06:32,573 INFO CHECKSUM 0 8 0: 2.002413
2024-08-01 08:06:32,582 INFO sent 0 -> 8 # 0 at 221262406, 0.954380 0.022096
2024-08-01 08:06:32,582 INFO recv 0 -> 8 # 0 at 231388434, 0.954380 0.022096
2024-08-01 08:06:32,815 INFO CHECKSUM 0 9 0: 2.002413
2024-08-01 08:06:32,816 INFO CHECKSUM 0 9 0: 2.002413
2024-08-01 08:06:32,837 INFO sent 0 -> 9 # 0 at 225431870, 0.954380 0.022096
2024-08-01 08:06:32,837 INFO recv 0 -> 9 # 0 at 243245091, 0.954380 0.022096
2024-08-01 08:06:33,043 INFO CHECKSUM 0 10 0: 2.002413
2024-08-01 08:06:33,044 INFO CHECKSUM 0 10 0: 2.002413
2024-08-01 08:06:33,061 INFO sent 0 -> 10 # 0 at 201322682, 0.954380 0.022096
2024-08-01 08:06:33,061 INFO recv 0 -> 10 # 0 at 220000942, 0.954380 0.022096
2024-08-01 08:06:33,319 INFO CHECKSUM 0 11 0: 2.002413
2024-08-01 08:06:33,334 INFO sent 0 -> 11 # 0 at 253957906, 0.954380 0.022096
2024-08-01 08:06:33,321 INFO CHECKSUM 0 11 0: 2.002413
2024-08-01 08:06:33,334 INFO recv 0 -> 11 # 0 at 268441652, 0.954380 0.022096
2024-08-01 08:06:33,563 INFO CHECKSUM 0 12 0: 2.002413
2024-08-01 08:06:33,565 INFO CHECKSUM 0 12 0: 2.002413
2024-08-01 08:06:33,575 INFO recv 0 -> 12 # 0 at 233709285, 0.954380 0.022096
2024-08-01 08:06:33,575 INFO sent 0 -> 12 # 0 at 221809942, 0.954380 0.022096
2024-08-01 08:06:33,730 INFO CHECKSUM 0 13 0: 2.002413
2024-08-01 08:06:33,733 INFO CHECKSUM 0 13 0: 2.002413
2024-08-01 08:06:33,749 INFO sent 0 -> 13 # 0 at 147824073, 0.954380 0.022096
2024-08-01 08:06:33,749 INFO recv 0 -> 13 # 0 at 166187575, 0.954380 0.022096
2024-08-01 08:06:33,983 INFO CHECKSUM 0 14 0: 2.002413
2024-08-01 08:06:33,985 INFO CHECKSUM 0 14 0: 2.002413
2024-08-01 08:06:33,996 INFO sent 0 -> 14 # 0 at 231065306, 0.954380 0.022096
2024-08-01 08:06:33,996 INFO recv 0 -> 14 # 0 at 244255327, 0.954380 0.022096
2024-08-01 08:06:34,211 INFO CHECKSUM 0 15 0: 2.002413
2024-08-01 08:06:34,212 INFO CHECKSUM 0 15 0: 2.002413
2024-08-01 08:06:34,230 INFO sent 0 -> 15 # 0 at 207640229, 0.954380 0.022096
2024-08-01 08:06:34,230 INFO Accepting from rank 1
2024-08-01 08:06:34,230 INFO Sending from rank 1
2024-08-01 08:06:34,230 INFO Accepting from rank 1
2024-08-01 08:06:34,230 INFO Accepting from rank 1
2024-08-01 08:06:34,230 INFO Accepting from rank 1
2024-08-01 08:06:34,230 INFO Accepting from rank 1
2024-08-01 08:06:34,230 INFO Accepting from rank 1
2024-08-01 08:06:34,230 INFO Accepting from rank 1
2024-08-01 08:06:34,230 INFO Accepting from rank 1
2024-08-01 08:06:34,230 INFO Accepting from rank 1
2024-08-01 08:06:34,230 INFO recv 0 -> 15 # 0 at 226636414, 0.954380 0.022096
2024-08-01 08:06:34,230 INFO Accepting from rank 1
2024-08-01 08:06:34,230 INFO Accepting from rank 1
2024-08-01 08:06:34,230 INFO Accepting from rank 1
2024-08-01 08:06:34,230 INFO Accepting from rank 1
2024-08-01 08:06:34,230 INFO Accepting from rank 1
2024-08-01 08:06:34,230 INFO Accepting from rank 1
2024-08-01 08:06:34,271 INFO CHECKSUM 1 0 0: 1.271198
2024-08-01 08:06:34,271 INFO CHECKSUM 1 0 0: 1.271198
2024-08-01 08:06:34,278 INFO recv 1 -> 0 # 0 at 23617408, 0.485517 0.916305
2024-08-01 08:06:34,278 INFO sent 1 -> 0 # 0 at 16084537, 0.485517 0.916305
2024-08-01 08:06:34,460 INFO CHECKSUM 1 2 0: 1.271198
2024-08-01 08:06:34,460 INFO CHECKSUM 1 2 0: 1.271198
2024-08-01 08:06:34,482 INFO sent 1 -> 2 # 0 at 181390493, 0.485517 0.916305
2024-08-01 08:06:34,482 INFO recv 1 -> 2 # 0 at 203517305, 0.485517 0.916305
2024-08-01 08:06:34,673 INFO CHECKSUM 1 3 0: 1.271198
2024-08-01 08:06:34,673 INFO CHECKSUM 1 3 0: 1.271198
2024-08-01 08:06:34,694 INFO sent 1 -> 3 # 0 at 183296581, 0.485517 0.916305
2024-08-01 08:06:34,694 INFO recv 1 -> 3 # 0 at 204800141, 0.485517 0.916305
2024-08-01 08:06:34,863 INFO CHECKSUM 1 4 0: 1.271198
2024-08-01 08:06:34,864 INFO CHECKSUM 1 4 0: 1.271198
2024-08-01 08:06:34,885 INFO recv 1 -> 4 # 0 at 184715540, 0.485517 0.916305
2024-08-01 08:06:34,889 INFO sent 1 -> 4 # 0 at 162672586, 0.485517 0.916305
2024-08-01 08:06:35,056 INFO CHECKSUM 1 5 0: 1.271198
2024-08-01 08:06:35,065 INFO CHECKSUM 1 5 0: 1.271198
2024-08-01 08:06:35,094 INFO recv 1 -> 5 # 0 at 204023251, 0.485517 0.916305
2024-08-01 08:06:35,098 INFO sent 1 -> 5 # 0 at 165587188, 0.485517 0.916305
2024-08-01 08:06:35,275 INFO CHECKSUM 1 6 0: 1.271198
2024-08-01 08:06:35,275 INFO CHECKSUM 1 6 0: 1.271198
2024-08-01 08:06:35,314 INFO recv 1 -> 6 # 0 at 200676595, 0.485517 0.916305
2024-08-01 08:06:35,316 INFO sent 1 -> 6 # 0 at 161430811, 0.485517 0.916305
2024-08-01 08:06:35,491 INFO CHECKSUM 1 7 0: 1.271198
2024-08-01 08:06:35,492 INFO CHECKSUM 1 7 0: 1.271198
2024-08-01 08:06:35,526 INFO sent 1 -> 7 # 0 at 158074086, 0.485517 0.916305
2024-08-01 08:06:35,526 INFO recv 1 -> 7 # 0 at 192663183, 0.485517 0.916305
2024-08-01 08:06:35,698 INFO CHECKSUM 1 8 0: 1.271198
2024-08-01 08:06:35,699 INFO CHECKSUM 1 8 0: 1.271198
2024-08-01 08:06:35,719 INFO sent 1 -> 8 # 0 at 165283743, 0.485517 0.916305
2024-08-01 08:06:35,719 INFO recv 1 -> 8 # 0 at 185682285, 0.485517 0.916305
2024-08-01 08:06:35,890 INFO CHECKSUM 1 9 0: 1.271198
2024-08-01 08:06:35,891 INFO CHECKSUM 1 9 0: 1.271198
2024-08-01 08:06:35,917 INFO sent 1 -> 9 # 0 at 160580751, 0.485517 0.916305
2024-08-01 08:06:35,917 INFO recv 1 -> 9 # 0 at 194462752, 0.485517 0.916305
2024-08-01 08:06:36,096 INFO CHECKSUM 1 10 0: 1.271198
2024-08-01 08:06:36,112 INFO sent 1 -> 10 # 0 at 170206890, 0.485517 0.916305
2024-08-01 08:06:36,096 INFO CHECKSUM 1 10 0: 1.271198
2024-08-01 08:06:36,112 INFO recv 1 -> 10 # 0 at 185515653, 0.485517 0.916305
2024-08-01 08:06:36,289 INFO CHECKSUM 1 11 0: 1.271198
2024-08-01 08:06:36,290 INFO CHECKSUM 1 11 0: 1.271198
2024-08-01 08:06:36,306 INFO sent 1 -> 11 # 0 at 167274323, 0.485517 0.916305
2024-08-01 08:06:36,306 INFO recv 1 -> 11 # 0 at 181171474, 0.485517 0.916305
2024-08-01 08:06:36,531 INFO CHECKSUM 1 12 0: 1.271198
2024-08-01 08:06:36,532 INFO CHECKSUM 1 12 0: 1.271198
2024-08-01 08:06:36,545 INFO sent 1 -> 12 # 0 at 217218465, 0.485517 0.916305
2024-08-01 08:06:36,545 INFO recv 1 -> 12 # 0 at 231661350, 0.485517 0.916305
2024-08-01 08:06:36,709 INFO CHECKSUM 1 13 0: 1.271198
2024-08-01 08:06:36,718 INFO CHECKSUM 1 13 0: 1.271198
2024-08-01 08:06:36,731 INFO recv 1 -> 13 # 0 at 178191659, 0.485517 0.916305
2024-08-01 08:06:36,731 INFO sent 1 -> 13 # 0 at 155449002, 0.485517 0.916305
2024-08-01 08:06:36,914 INFO CHECKSUM 1 14 0: 1.271198
2024-08-01 08:06:36,915 INFO CHECKSUM 1 14 0: 1.271198
2024-08-01 08:06:36,933 INFO sent 1 -> 14 # 0 at 174971380, 0.485517 0.916305
2024-08-01 08:06:36,938 INFO recv 1 -> 14 # 0 at 198967432, 0.485517 0.916305
2024-08-01 08:06:37,114 INFO CHECKSUM 1 15 0: 1.271198
2024-08-01 08:06:37,115 INFO CHECKSUM 1 15 0: 1.271198
2024-08-01 08:06:37,138 INFO Accepting from rank 2
2024-08-01 08:06:37,150 INFO Accepting from rank 2
2024-08-01 08:06:37,150 INFO Accepting from rank 2
2024-08-01 08:06:37,150 INFO Accepting from rank 2
2024-08-01 08:06:37,150 INFO Accepting from rank 2
2024-08-01 08:06:37,150 INFO Accepting from rank 2
2024-08-01 08:06:37,150 INFO Accepting from rank 2
2024-08-01 08:06:37,150 INFO Accepting from rank 2
2024-08-01 08:06:37,150 INFO recv 1 -> 15 # 0 at 190473431, 0.485517 0.916305
2024-08-01 08:06:37,150 INFO Accepting from rank 2
2024-08-01 08:06:37,150 INFO Accepting from rank 2
2024-08-01 08:06:37,154 INFO sent 1 -> 15 # 0 at 160657248, 0.485517 0.916305
2024-08-01 08:06:37,154 INFO Sending from rank 2
2024-08-01 08:06:37,154 INFO Accepting from rank 2
2024-08-01 08:06:37,154 INFO Accepting from rank 2
2024-08-01 08:06:37,154 INFO Accepting from rank 2
2024-08-01 08:06:37,154 INFO Accepting from rank 2
2024-08-01 08:06:37,154 INFO Accepting from rank 2
2024-08-01 08:06:37,192 INFO CHECKSUM 2 0 0: 1.225849
2024-08-01 08:06:37,192 INFO CHECKSUM 2 0 0: 1.225849
2024-08-01 08:06:37,210 INFO recv 2 -> 0 # 0 at 32014967, 0.054747 0.896817
2024-08-01 08:06:37,210 INFO sent 2 -> 0 # 0 at 14336866, 0.054747 0.896817
2024-08-01 08:06:37,234 INFO CHECKSUM 2 1 0: 1.225849
2024-08-01 08:06:37,234 INFO CHECKSUM 2 1 0: 1.225849
2024-08-01 08:06:37,253 INFO recv 2 -> 1 # 0 at 32266872, 0.054747 0.896817
2024-08-01 08:06:37,253 INFO sent 2 -> 1 # 0 at 13840248, 0.054747 0.896817
2024-08-01 08:06:37,445 INFO CHECKSUM 2 3 0: 1.225849
2024-08-01 08:06:37,446 INFO CHECKSUM 2 3 0: 1.225849
2024-08-01 08:06:37,474 INFO sent 2 -> 3 # 0 at 179437126, 0.054747 0.896817
2024-08-01 08:06:37,474 INFO recv 2 -> 3 # 0 at 208133872, 0.054747 0.896817
2024-08-01 08:06:37,684 INFO CHECKSUM 2 4 0: 1.225849
2024-08-01 08:06:37,684 INFO CHECKSUM 2 4 0: 1.225849
2024-08-01 08:06:37,713 INFO recv 2 -> 4 # 0 at 234970290, 0.054747 0.896817
2024-08-01 08:06:37,722 INFO sent 2 -> 4 # 0 at 205591828, 0.054747 0.896817
2024-08-01 08:06:37,895 INFO CHECKSUM 2 5 0: 1.225849
2024-08-01 08:06:37,895 INFO CHECKSUM 2 5 0: 1.225849
2024-08-01 08:06:37,914 INFO sent 2 -> 5 # 0 at 169058545, 0.054747 0.896817
2024-08-01 08:06:37,914 INFO recv 2 -> 5 # 0 at 188216746, 0.054747 0.896817
2024-08-01 08:06:38,049 INFO CHECKSUM 2 6 0: 1.225849
2024-08-01 08:06:38,068 INFO CHECKSUM 2 6 0: 1.225849
2024-08-01 08:06:38,087 INFO sent 2 -> 6 # 0 at 123562953, 0.054747 0.896817
2024-08-01 08:06:38,088 INFO recv 2 -> 6 # 0 at 162206645, 0.054747 0.896817
2024-08-01 08:06:38,279 INFO CHECKSUM 2 7 0: 1.225849
2024-08-01 08:06:38,279 INFO CHECKSUM 2 7 0: 1.225849
2024-08-01 08:06:38,304 INFO sent 2 -> 7 # 0 at 177037346, 0.054747 0.896817
2024-08-01 08:06:38,478 INFO CHECKSUM 2 8 0: 1.225849
2024-08-01 08:06:38,479 INFO CHECKSUM 2 8 0: 1.225849
2024-08-01 08:06:38,304 INFO recv 2 -> 7 # 0 at 198020937, 0.054747 0.896817
2024-08-01 08:06:38,491 INFO sent 2 -> 8 # 0 at 168859882, 0.054747 0.896817
2024-08-01 08:06:38,491 INFO recv 2 -> 8 # 0 at 181801149, 0.054747 0.896817
2024-08-01 08:06:38,686 INFO CHECKSUM 2 9 0: 1.225849
2024-08-01 08:06:38,687 INFO CHECKSUM 2 9 0: 1.225849
2024-08-01 08:06:38,714 INFO sent 2 -> 9 # 0 at 184311859, 0.054747 0.896817
2024-08-01 08:06:38,718 INFO recv 2 -> 9 # 0 at 215967553, 0.054747 0.896817
2024-08-01 08:06:38,882 INFO CHECKSUM 2 10 0: 1.225849
2024-08-01 08:06:38,882 INFO CHECKSUM 2 10 0: 1.225849
2024-08-01 08:06:38,894 INFO sent 2 -> 10 # 0 at 157888698, 0.054747 0.896817
2024-08-01 08:06:38,894 INFO recv 2 -> 10 # 0 at 170371576, 0.054747 0.896817
2024-08-01 08:06:39,103 INFO CHECKSUM 2 11 0: 1.225849
2024-08-01 08:06:39,103 INFO CHECKSUM 2 11 0: 1.225849
2024-08-01 08:06:39,114 INFO sent 2 -> 11 # 0 at 201893003, 0.054747 0.896817
2024-08-01 08:06:39,114 INFO recv 2 -> 11 # 0 at 212483164, 0.054747 0.896817
2024-08-01 08:06:39,317 INFO CHECKSUM 2 12 0: 1.225849
2024-08-01 08:06:39,317 INFO CHECKSUM 2 12 0: 1.225849
2024-08-01 08:06:39,334 INFO recv 2 -> 12 # 0 at 219678288, 0.054747 0.896817
2024-08-01 08:06:39,334 INFO sent 2 -> 12 # 0 at 202483111, 0.054747 0.896817
2024-08-01 08:06:39,523 INFO CHECKSUM 2 13 0: 1.225849
2024-08-01 08:06:39,524 INFO CHECKSUM 2 13 0: 1.225849
2024-08-01 08:06:39,541 INFO recv 2 -> 13 # 0 at 206776385, 0.054747 0.896817
2024-08-01 08:06:39,541 INFO sent 2 -> 13 # 0 at 189414381, 0.054747 0.896817
2024-08-01 08:06:39,741 INFO CHECKSUM 2 14 0: 1.225849
2024-08-01 08:06:39,741 INFO CHECKSUM 2 14 0: 1.225849
2024-08-01 08:06:39,760 INFO sent 2 -> 14 # 0 at 197270867, 0.054747 0.896817
2024-08-01 08:06:39,760 INFO recv 2 -> 14 # 0 at 215712392, 0.054747 0.896817
2024-08-01 08:06:39,931 INFO CHECKSUM 2 15 0: 1.225849
2024-08-01 08:06:39,932 INFO CHECKSUM 2 15 0: 1.225849
2024-08-01 08:06:39,948 INFO Accepting from rank 3
2024-08-01 08:06:39,948 INFO Accepting from rank 3
2024-08-01 08:06:39,948 INFO Accepting from rank 3
2024-08-01 08:06:39,948 INFO Accepting from rank 3
2024-08-01 08:06:39,948 INFO Accepting from rank 3
2024-08-01 08:06:39,948 INFO Accepting from rank 3
2024-08-01 08:06:39,948 INFO sent 2 -> 15 # 0 at 161874817, 0.054747 0.896817
2024-08-01 08:06:39,948 INFO Accepting from rank 3
2024-08-01 08:06:39,948 INFO Accepting from rank 3
2024-08-01 08:06:39,948 INFO Accepting from rank 3
2024-08-01 08:06:39,948 INFO Accepting from rank 3
2024-08-01 08:06:39,948 INFO Sending from rank 3
2024-08-01 08:06:39,948 INFO Accepting from rank 3
2024-08-01 08:06:39,948 INFO Accepting from rank 3
2024-08-01 08:06:39,948 INFO recv 2 -> 15 # 0 at 178515797, 0.054747 0.896817
2024-08-01 08:06:39,948 INFO Accepting from rank 3
2024-08-01 08:06:39,948 INFO Accepting from rank 3
2024-08-01 08:06:39,948 INFO Accepting from rank 3
2024-08-01 08:06:39,999 INFO CHECKSUM 3 0 0: 0.927897
2024-08-01 08:06:39,998 INFO CHECKSUM 3 0 0: 0.927897
2024-08-01 08:06:40,010 INFO recv 3 -> 0 # 0 at 26080249, 0.685608 0.900724
2024-08-01 08:06:40,010 INFO sent 3 -> 0 # 0 at 13817164, 0.685608 0.900724
2024-08-01 08:06:40,044 INFO CHECKSUM 3 1 0: 0.927897
2024-08-01 08:06:40,045 INFO CHECKSUM 3 1 0: 0.927897
2024-08-01 08:06:40,073 INFO recv 3 -> 1 # 0 at 42934200, 0.685608 0.900724
2024-08-01 08:06:40,073 INFO sent 3 -> 1 # 0 at 14360862, 0.685608 0.900724
2024-08-01 08:06:40,104 INFO CHECKSUM 3 2 0: 0.927897
2024-08-01 08:06:40,115 INFO CHECKSUM 3 2 0: 0.927897
2024-08-01 08:06:40,122 INFO recv 3 -> 2 # 0 at 39814983, 0.685608 0.900724
2024-08-01 08:06:40,127 INFO sent 3 -> 2 # 0 at 21654723, 0.685608 0.900724
2024-08-01 08:06:40,299 INFO CHECKSUM 3 4 0: 0.927897
2024-08-01 08:06:40,299 INFO CHECKSUM 3 4 0: 0.927897
2024-08-01 08:06:40,308 INFO sent 3 -> 4 # 0 at 165359510, 0.685608 0.900724
2024-08-01 08:06:40,308 INFO recv 3 -> 4 # 0 at 175073124, 0.685608 0.900724
2024-08-01 08:06:40,487 INFO CHECKSUM 3 5 0: 0.927897
2024-08-01 08:06:40,489 INFO CHECKSUM 3 5 0: 0.927897
2024-08-01 08:06:40,509 INFO sent 3 -> 5 # 0 at 173860498, 0.685608 0.900724
2024-08-01 08:06:40,509 INFO recv 3 -> 5 # 0 at 195870781, 0.685608 0.900724
2024-08-01 08:06:40,675 INFO CHECKSUM 3 6 0: 0.927897
2024-08-01 08:06:40,675 INFO CHECKSUM 3 6 0: 0.927897
2024-08-01 08:06:40,698 INFO sent 3 -> 6 # 0 at 157516621, 0.685608 0.900724
2024-08-01 08:06:40,698 INFO recv 3 -> 6 # 0 at 180228356, 0.685608 0.900724
2024-08-01 08:06:40,896 INFO CHECKSUM 3 7 0: 0.927897
2024-08-01 08:06:40,897 INFO CHECKSUM 3 7 0: 0.927897
2024-08-01 08:06:40,914 INFO sent 3 -> 7 # 0 at 166610493, 0.685608 0.900724
2024-08-01 08:06:40,914 INFO recv 3 -> 7 # 0 at 184425249, 0.685608 0.900724
2024-08-01 08:06:41,074 INFO CHECKSUM 3 8 0: 0.927897
2024-08-01 08:06:41,074 INFO CHECKSUM 3 8 0: 0.927897
2024-08-01 08:06:41,090 INFO sent 3 -> 8 # 0 at 153279167, 0.685608 0.900724
2024-08-01 08:06:41,090 INFO recv 3 -> 8 # 0 at 169457912, 0.685608 0.900724
2024-08-01 08:06:41,275 INFO CHECKSUM 3 9 0: 0.927897
2024-08-01 08:06:41,275 INFO CHECKSUM 3 9 0: 0.927897
2024-08-01 08:06:41,290 INFO sent 3 -> 9 # 0 at 181618994, 0.685608 0.900724
2024-08-01 08:06:41,292 INFO recv 3 -> 9 # 0 at 198572399, 0.685608 0.900724
2024-08-01 08:06:41,466 INFO CHECKSUM 3 10 0: 0.927897
2024-08-01 08:06:41,467 INFO CHECKSUM 3 10 0: 0.927897
2024-08-01 08:06:41,486 INFO sent 3 -> 10 # 0 at 163901326, 0.685608 0.900724
2024-08-01 08:06:41,486 INFO recv 3 -> 10 # 0 at 184387274, 0.685608 0.900724
2024-08-01 08:06:41,683 INFO CHECKSUM 3 11 0: 0.927897
2024-08-01 08:06:41,683 INFO CHECKSUM 3 11 0: 0.927897
2024-08-01 08:06:41,699 INFO sent 3 -> 11 # 0 at 186881134, 0.685608 0.900724
2024-08-01 08:06:41,699 INFO recv 3 -> 11 # 0 at 202925906, 0.685608 0.900724
2024-08-01 08:06:41,926 INFO CHECKSUM 3 12 0: 0.927897
2024-08-01 08:06:41,926 INFO CHECKSUM 3 12 0: 0.927897
2024-08-01 08:06:41,946 INFO sent 3 -> 12 # 0 at 227145715, 0.685608 0.900724
2024-08-01 08:06:41,946 INFO recv 3 -> 12 # 0 at 246686240, 0.685608 0.900724
2024-08-01 08:06:42,123 INFO CHECKSUM 3 13 0: 0.927897
2024-08-01 08:06:42,123 INFO CHECKSUM 3 13 0: 0.927897
2024-08-01 08:06:42,154 INFO sent 3 -> 13 # 0 at 165003763, 0.685608 0.900724
2024-08-01 08:06:42,161 INFO recv 3 -> 13 # 0 at 203293814, 0.685608 0.900724
2024-08-01 08:06:42,293 INFO CHECKSUM 3 14 0: 0.927897
2024-08-01 08:06:42,293 INFO CHECKSUM 3 14 0: 0.927897
2024-08-01 08:06:42,308 INFO recv 3 -> 14 # 0 at 134258867, 0.685608 0.900724
2024-08-01 08:06:42,308 INFO sent 3 -> 14 # 0 at 118895239, 0.685608 0.900724
2024-08-01 08:06:42,471 INFO CHECKSUM 3 15 0: 0.927897
2024-08-01 08:06:42,480 INFO CHECKSUM 3 15 0: 0.927897
2024-08-01 08:06:42,505 INFO Accepting from rank 4
2024-08-01 08:06:42,505 INFO Accepting from rank 4
2024-08-01 08:06:42,505 INFO Accepting from rank 4
2024-08-01 08:06:42,505 INFO Accepting from rank 4
2024-08-01 08:06:42,505 INFO Accepting from rank 4
2024-08-01 08:06:42,505 INFO Sending from rank 4
2024-08-01 08:06:42,505 INFO Accepting from rank 4
2024-08-01 08:06:42,505 INFO sent 3 -> 15 # 0 at 157856836, 0.685608 0.900724
2024-08-01 08:06:42,505 INFO Accepting from rank 4
2024-08-01 08:06:42,505 INFO Accepting from rank 4
2024-08-01 08:06:42,505 INFO Accepting from rank 4
2024-08-01 08:06:42,505 INFO Accepting from rank 4
2024-08-01 08:06:42,505 INFO Accepting from rank 4
2024-08-01 08:06:42,505 INFO Accepting from rank 4
2024-08-01 08:06:42,505 INFO recv 3 -> 15 # 0 at 191977621, 0.685608 0.900724
2024-08-01 08:06:42,505 INFO Accepting from rank 4
2024-08-01 08:06:42,505 INFO Accepting from rank 4
2024-08-01 08:06:42,505 INFO Accepting from rank 4
2024-08-01 08:06:42,596 INFO CHECKSUM 4 0 0: 2.127941
2024-08-01 08:06:42,596 INFO CHECKSUM 4 0 0: 2.127941
2024-08-01 08:06:42,610 INFO recv 4 -> 0 # 0 at 84612508, 0.891956 0.227378
2024-08-01 08:06:42,613 INFO sent 4 -> 0 # 0 at 70624740, 0.891956 0.227378
2024-08-01 08:06:42,663 INFO CHECKSUM 4 1 0: 2.127941
2024-08-01 08:06:42,663 INFO CHECKSUM 4 1 0: 2.127941
2024-08-01 08:06:42,682 INFO sent 4 -> 1 # 0 at 33959839, 0.891956 0.227378
2024-08-01 08:06:42,687 INFO recv 4 -> 1 # 0 at 54050865, 0.891956 0.227378
2024-08-01 08:06:42,709 INFO CHECKSUM 4 2 0: 2.127941
2024-08-01 08:06:42,709 INFO CHECKSUM 4 2 0: 2.127941
2024-08-01 08:06:42,721 INFO recv 4 -> 2 # 0 at 27338627, 0.891956 0.227378
2024-08-01 08:06:42,721 INFO sent 4 -> 2 # 0 at 15369599, 0.891956 0.227378
2024-08-01 08:06:42,736 INFO CHECKSUM 4 3 0: 2.127941
2024-08-01 08:06:42,735 INFO CHECKSUM 4 3 0: 2.127941
2024-08-01 08:06:42,757 INFO recv 4 -> 3 # 0 at 36374076, 0.891956 0.227378
2024-08-01 08:06:42,757 INFO sent 4 -> 3 # 0 at 14353379, 0.891956 0.227378
2024-08-01 08:06:42,967 INFO CHECKSUM 4 5 0: 2.127941
2024-08-01 08:06:42,968 INFO CHECKSUM 4 5 0: 2.127941
2024-08-01 08:06:42,985 INFO sent 4 -> 5 # 0 at 195623242, 0.891956 0.227378
2024-08-01 08:06:42,985 INFO recv 4 -> 5 # 0 at 202723213, 0.891956 0.227378
2024-08-01 08:06:43,195 INFO CHECKSUM 4 6 0: 2.127941
2024-08-01 08:06:43,195 INFO CHECKSUM 4 6 0: 2.127941
2024-08-01 08:06:43,207 INFO sent 4 -> 6 # 0 at 205688200, 0.891956 0.227378
2024-08-01 08:06:43,207 INFO recv 4 -> 6 # 0 at 218020422, 0.891956 0.227378
2024-08-01 08:06:43,388 INFO CHECKSUM 4 7 0: 2.127941
2024-08-01 08:06:43,388 INFO CHECKSUM 4 7 0: 2.127941
2024-08-01 08:06:43,418 INFO sent 4 -> 7 # 0 at 178620358, 0.891956 0.227378
2024-08-01 08:06:43,418 INFO recv 4 -> 7 # 0 at 208700617, 0.891956 0.227378
2024-08-01 08:06:43,533 INFO CHECKSUM 4 8 0: 2.127941
2024-08-01 08:06:43,533 INFO CHECKSUM 4 8 0: 2.127941
2024-08-01 08:06:43,544 INFO sent 4 -> 8 # 0 at 112300322, 0.891956 0.227378
2024-08-01 08:06:43,544 INFO recv 4 -> 8 # 0 at 124028748, 0.891956 0.227378
2024-08-01 08:06:43,724 INFO CHECKSUM 4 9 0: 2.127941
2024-08-01 08:06:43,731 INFO CHECKSUM 4 9 0: 2.127941
2024-08-01 08:06:43,753 INFO sent 4 -> 9 # 0 at 166092136, 0.891956 0.227378
2024-08-01 08:06:43,753 INFO recv 4 -> 9 # 0 at 195952759, 0.891956 0.227378
2024-08-01 08:06:43,939 INFO CHECKSUM 4 10 0: 2.127941
2024-08-01 08:06:43,939 INFO CHECKSUM 4 10 0: 2.127941
2024-08-01 08:06:43,945 INFO sent 4 -> 10 # 0 at 176529828, 0.891956 0.227378
2024-08-01 08:06:43,946 INFO recv 4 -> 10 # 0 at 179503503, 0.891956 0.227378
2024-08-01 08:06:44,115 INFO CHECKSUM 4 11 0: 2.127941
2024-08-01 08:06:44,118 INFO CHECKSUM 4 11 0: 2.127941
2024-08-01 08:06:44,133 INFO sent 4 -> 11 # 0 at 153479793, 0.891956 0.227378
2024-08-01 08:06:44,133 INFO recv 4 -> 11 # 0 at 171753065, 0.891956 0.227378
2024-08-01 08:06:44,404 INFO CHECKSUM 4 12 0: 2.127941
2024-08-01 08:06:44,404 INFO CHECKSUM 4 12 0: 2.127941
2024-08-01 08:06:44,418 INFO recv 4 -> 12 # 0 at 265866754, 0.891956 0.227378
2024-08-01 08:06:44,418 INFO sent 4 -> 12 # 0 at 251510429, 0.891956 0.227378
2024-08-01 08:06:44,587 INFO CHECKSUM 4 13 0: 2.127941
2024-08-01 08:06:44,588 INFO CHECKSUM 4 13 0: 2.127941
2024-08-01 08:06:44,602 INFO recv 4 -> 13 # 0 at 176609126, 0.891956 0.227378
2024-08-01 08:06:44,602 INFO sent 4 -> 13 # 0 at 161393311, 0.891956 0.227378
2024-08-01 08:06:44,765 INFO CHECKSUM 4 14 0: 2.127941
2024-08-01 08:06:44,765 INFO CHECKSUM 4 14 0: 2.127941
2024-08-01 08:06:44,780 INFO recv 4 -> 14 # 0 at 138926992, 0.891956 0.227378
2024-08-01 08:06:44,780 INFO sent 4 -> 14 # 0 at 123961392, 0.891956 0.227378
2024-08-01 08:06:44,955 INFO CHECKSUM 4 15 0: 2.127941
2024-08-01 08:06:44,955 INFO CHECKSUM 4 15 0: 2.127941
2024-08-01 08:06:44,969 INFO Accepting from rank 5
2024-08-01 08:06:44,969 INFO Accepting from rank 5
2024-08-01 08:06:44,969 INFO Accepting from rank 5
2024-08-01 08:06:44,969 INFO Accepting from rank 5
2024-08-01 08:06:44,969 INFO Accepting from rank 5
2024-08-01 08:06:44,969 INFO sent 4 -> 15 # 0 at 161365447, 0.891956 0.227378
2024-08-01 08:06:44,969 INFO Accepting from rank 5
2024-08-01 08:06:44,969 INFO Accepting from rank 5
2024-08-01 08:06:44,969 INFO Accepting from rank 5
2024-08-01 08:06:44,969 INFO Sending from rank 5
2024-08-01 08:06:44,969 INFO Accepting from rank 5
2024-08-01 08:06:44,969 INFO Accepting from rank 5
2024-08-01 08:06:44,969 INFO Accepting from rank 5
2024-08-01 08:06:44,969 INFO recv 4 -> 15 # 0 at 175151325, 0.891956 0.227378
2024-08-01 08:06:44,969 INFO Accepting from rank 5
2024-08-01 08:06:44,969 INFO Accepting from rank 5
2024-08-01 08:06:44,969 INFO Accepting from rank 5
2024-08-01 08:06:44,969 INFO Accepting from rank 5
2024-08-01 08:06:45,021 INFO CHECKSUM 5 0 0: 1.084169
2024-08-01 08:06:45,020 INFO CHECKSUM 5 0 0: 1.084169
2024-08-01 08:06:45,033 INFO recv 5 -> 0 # 0 at 27335160, 0.957047 0.128495
2024-08-01 08:06:45,033 INFO sent 5 -> 0 # 0 at 14132680, 0.957047 0.128495
2024-08-01 08:06:45,051 INFO CHECKSUM 5 1 0: 1.084169
2024-08-01 08:06:45,051 INFO CHECKSUM 5 1 0: 1.084169
2024-08-01 08:06:45,066 INFO recv 5 -> 1 # 0 at 29478815, 0.957047 0.128495
2024-08-01 08:06:45,070 INFO sent 5 -> 1 # 0 at 14114986, 0.957047 0.128495
2024-08-01 08:06:45,094 INFO CHECKSUM 5 2 0: 1.084169
2024-08-01 08:06:45,094 INFO CHECKSUM 5 2 0: 1.084169
2024-08-01 08:06:45,126 INFO recv 5 -> 2 # 0 at 46282970, 0.957047 0.128495
2024-08-01 08:06:45,129 INFO sent 5 -> 2 # 0 at 13985717, 0.957047 0.128495
2024-08-01 08:06:45,145 INFO CHECKSUM 5 3 0: 1.084169
2024-08-01 08:06:45,145 INFO CHECKSUM 5 3 0: 1.084169
2024-08-01 08:06:45,157 INFO sent 5 -> 3 # 0 at 14255439, 0.957047 0.128495
2024-08-01 08:06:45,161 INFO recv 5 -> 3 # 0 at 30874516, 0.957047 0.128495
2024-08-01 08:06:45,184 INFO CHECKSUM 5 4 0: 1.084169
2024-08-01 08:06:45,184 INFO CHECKSUM 5 4 0: 1.084169
2024-08-01 08:06:45,192 INFO recv 5 -> 4 # 0 at 28713039, 0.957047 0.128495
2024-08-01 08:06:45,192 INFO sent 5 -> 4 # 0 at 14042125, 0.957047 0.128495
2024-08-01 08:06:45,399 INFO CHECKSUM 5 6 0: 1.084169
2024-08-01 08:06:45,399 INFO CHECKSUM 5 6 0: 1.084169
2024-08-01 08:06:45,420 INFO recv 5 -> 6 # 0 at 226796260, 0.957047 0.128495
2024-08-01 08:06:45,430 INFO sent 5 -> 6 # 0 at 205601471, 0.957047 0.128495
2024-08-01 08:06:45,616 INFO CHECKSUM 5 7 0: 1.084169
2024-08-01 08:06:45,616 INFO CHECKSUM 5 7 0: 1.084169
2024-08-01 08:06:45,632 INFO sent 5 -> 7 # 0 at 182403771, 0.957047 0.128495
2024-08-01 08:06:45,632 INFO recv 5 -> 7 # 0 at 198036811, 0.957047 0.128495
2024-08-01 08:06:45,819 INFO CHECKSUM 5 8 0: 1.084169
2024-08-01 08:06:45,819 INFO CHECKSUM 5 8 0: 1.084169
2024-08-01 08:06:45,830 INFO recv 5 -> 8 # 0 at 193971313, 0.957047 0.128495
2024-08-01 08:06:45,830 INFO sent 5 -> 8 # 0 at 183149797, 0.957047 0.128495
2024-08-01 08:06:46,031 INFO CHECKSUM 5 9 0: 1.084169
2024-08-01 08:06:46,031 INFO CHECKSUM 5 9 0: 1.084169
2024-08-01 08:06:46,053 INFO recv 5 -> 9 # 0 at 219985292, 0.957047 0.128495
2024-08-01 08:06:46,057 INFO sent 5 -> 9 # 0 at 197401880, 0.957047 0.128495
2024-08-01 08:06:46,228 INFO CHECKSUM 5 10 0: 1.084169
2024-08-01 08:06:46,235 INFO CHECKSUM 5 10 0: 1.084169
2024-08-01 08:06:46,258 INFO recv 5 -> 10 # 0 at 192008973, 0.957047 0.128495
2024-08-01 08:06:46,265 INFO sent 5 -> 10 # 0 at 155533333, 0.957047 0.128495
2024-08-01 08:06:46,421 INFO CHECKSUM 5 11 0: 1.084169
2024-08-01 08:06:46,422 INFO CHECKSUM 5 11 0: 1.084169
2024-08-01 08:06:46,431 INFO sent 5 -> 11 # 0 at 155947597, 0.957047 0.128495
2024-08-01 08:06:46,431 INFO recv 5 -> 11 # 0 at 166517664, 0.957047 0.128495
2024-08-01 08:06:46,643 INFO CHECKSUM 5 12 0: 1.084169
2024-08-01 08:06:46,643 INFO CHECKSUM 5 12 0: 1.084169
2024-08-01 08:06:46,670 INFO recv 5 -> 12 # 0 at 228498228, 0.957047 0.128495
2024-08-01 08:06:46,674 INFO sent 5 -> 12 # 0 at 201256300, 0.957047 0.128495
2024-08-01 08:06:46,874 INFO CHECKSUM 5 13 0: 1.084169
2024-08-01 08:06:46,882 INFO CHECKSUM 5 13 0: 1.084169
2024-08-01 08:06:46,898 INFO recv 5 -> 13 # 0 at 200039004, 0.957047 0.128495
2024-08-01 08:06:46,906 INFO sent 5 -> 13 # 0 at 180458421, 0.957047 0.128495
2024-08-01 08:06:47,087 INFO CHECKSUM 5 14 0: 1.084169
2024-08-01 08:06:47,087 INFO CHECKSUM 5 14 0: 1.084169
2024-08-01 08:06:47,110 INFO recv 5 -> 14 # 0 at 190831704, 0.957047 0.128495
2024-08-01 08:06:47,114 INFO sent 5 -> 14 # 0 at 167904410, 0.957047 0.128495
2024-08-01 08:06:47,292 INFO CHECKSUM 5 15 0: 1.084169
2024-08-01 08:06:47,293 INFO CHECKSUM 5 15 0: 1.084169
2024-08-01 08:06:47,306 INFO Accepting from rank 6
2024-08-01 08:06:47,306 INFO Accepting from rank 6
2024-08-01 08:06:47,306 INFO Accepting from rank 6
2024-08-01 08:06:47,306 INFO Accepting from rank 6
2024-08-01 08:06:47,306 INFO Accepting from rank 6
2024-08-01 08:06:47,306 INFO Accepting from rank 6
2024-08-01 08:06:47,306 INFO Accepting from rank 6
2024-08-01 08:06:47,306 INFO sent 5 -> 15 # 0 at 166212540, 0.957047 0.128495
2024-08-01 08:06:47,306 INFO Accepting from rank 6
2024-08-01 08:06:47,306 INFO Accepting from rank 6
2024-08-01 08:06:47,306 INFO Accepting from rank 6
2024-08-01 08:06:47,306 INFO Sending from rank 6
2024-08-01 08:06:47,306 INFO recv 5 -> 15 # 0 at 176020446, 0.957047 0.128495
2024-08-01 08:06:47,306 INFO Accepting from rank 6
2024-08-01 08:06:47,306 INFO Accepting from rank 6
2024-08-01 08:06:47,306 INFO Accepting from rank 6
2024-08-01 08:06:47,306 INFO Accepting from rank 6
2024-08-01 08:06:47,306 INFO Accepting from rank 6
2024-08-01 08:06:47,349 INFO CHECKSUM 6 0 0: 1.928535
2024-08-01 08:06:47,340 INFO CHECKSUM 6 0 0: 1.928535
2024-08-01 08:06:47,362 INFO recv 6 -> 0 # 0 at 37026364, 0.899879 0.127057
2024-08-01 08:06:47,370 INFO sent 6 -> 0 # 0 at 14659542, 0.899879 0.127057
2024-08-01 08:06:47,389 INFO CHECKSUM 6 1 0: 1.928535
2024-08-01 08:06:47,388 INFO CHECKSUM 6 1 0: 1.928535
2024-08-01 08:06:47,398 INFO recv 6 -> 1 # 0 at 24294876, 0.899879 0.127057
2024-08-01 08:06:47,397 INFO sent 6 -> 1 # 0 at 14466188, 0.899879 0.127057
2024-08-01 08:06:47,424 INFO CHECKSUM 6 2 0: 1.928535
2024-08-01 08:06:47,424 INFO CHECKSUM 6 2 0: 1.928535
2024-08-01 08:06:47,435 INFO recv 6 -> 2 # 0 at 32224621, 0.899879 0.127057
2024-08-01 08:06:47,435 INFO sent 6 -> 2 # 0 at 21283650, 0.899879 0.127057
2024-08-01 08:06:47,455 INFO CHECKSUM 6 3 0: 1.928535
2024-08-01 08:06:47,455 INFO CHECKSUM 6 3 0: 1.928535
2024-08-01 08:06:47,481 INFO sent 6 -> 3 # 0 at 20024790, 0.899879 0.127057
2024-08-01 08:06:47,486 INFO recv 6 -> 3 # 0 at 50615647, 0.899879 0.127057
2024-08-01 08:06:47,508 INFO CHECKSUM 6 4 0: 1.928535
2024-08-01 08:06:47,507 INFO CHECKSUM 6 4 0: 1.928535
2024-08-01 08:06:47,516 INFO recv 6 -> 4 # 0 at 29203510, 0.899879 0.127057
2024-08-01 08:06:47,516 INFO sent 6 -> 4 # 0 at 20754895, 0.899879 0.127057
2024-08-01 08:06:47,536 INFO CHECKSUM 6 5 0: 1.928535
2024-08-01 08:06:47,537 INFO CHECKSUM 6 5 0: 1.928535
2024-08-01 08:06:47,552 INFO recv 6 -> 5 # 0 at 29803273, 0.899879 0.127057
2024-08-01 08:06:47,552 INFO sent 6 -> 5 # 0 at 14028509, 0.899879 0.127057
2024-08-01 08:06:47,756 INFO CHECKSUM 6 7 0: 1.928535
2024-08-01 08:06:47,757 INFO CHECKSUM 6 7 0: 1.928535
2024-08-01 08:06:47,769 INFO sent 6 -> 7 # 0 at 174159973, 0.899879 0.127057
2024-08-01 08:06:47,769 INFO recv 6 -> 7 # 0 at 187294670, 0.899879 0.127057
2024-08-01 08:06:47,961 INFO CHECKSUM 6 8 0: 1.928535
2024-08-01 08:06:47,961 INFO CHECKSUM 6 8 0: 1.928535
2024-08-01 08:06:47,977 INFO recv 6 -> 8 # 0 at 196087830, 0.899879 0.127057
2024-08-01 08:06:47,977 INFO sent 6 -> 8 # 0 at 179342538, 0.899879 0.127057
2024-08-01 08:06:48,178 INFO CHECKSUM 6 9 0: 1.928535
2024-08-01 08:06:48,178 INFO CHECKSUM 6 9 0: 1.928535
2024-08-01 08:06:48,189 INFO sent 6 -> 9 # 0 at 184057997, 0.899879 0.127057
2024-08-01 08:06:48,189 INFO recv 6 -> 9 # 0 at 195009178, 0.899879 0.127057
2024-08-01 08:06:48,367 INFO CHECKSUM 6 10 0: 1.928535
2024-08-01 08:06:48,367 INFO CHECKSUM 6 10 0: 1.928535
2024-08-01 08:06:48,379 INFO recv 6 -> 10 # 0 at 189838031, 0.899879 0.127057
2024-08-01 08:06:48,379 INFO sent 6 -> 10 # 0 at 176829698, 0.899879 0.127057
2024-08-01 08:06:48,571 INFO CHECKSUM 6 11 0: 1.928535
2024-08-01 08:06:48,570 INFO CHECKSUM 6 11 0: 1.928535
2024-08-01 08:06:48,590 INFO sent 6 -> 11 # 0 at 181810361, 0.899879 0.127057
2024-08-01 08:06:48,600 INFO recv 6 -> 11 # 0 at 212259111, 0.899879 0.127057
2024-08-01 08:06:48,831 INFO CHECKSUM 6 12 0: 1.928535
2024-08-01 08:06:48,832 INFO CHECKSUM 6 12 0: 1.928535
2024-08-01 08:06:48,843 INFO recv 6 -> 12 # 0 at 242105575, 0.899879 0.127057
2024-08-01 08:06:48,850 INFO sent 6 -> 12 # 0 at 230464389, 0.899879 0.127057
2024-08-01 08:06:49,044 INFO CHECKSUM 6 13 0: 1.928535
2024-08-01 08:06:49,044 INFO CHECKSUM 6 13 0: 1.928535
2024-08-01 08:06:49,065 INFO sent 6 -> 13 # 0 at 186017014, 0.899879 0.127057
2024-08-01 08:06:49,068 INFO recv 6 -> 13 # 0 at 210357597, 0.899879 0.127057
2024-08-01 08:06:49,247 INFO CHECKSUM 6 14 0: 1.928535
2024-08-01 08:06:49,247 INFO CHECKSUM 6 14 0: 1.928535
2024-08-01 08:06:49,259 INFO recv 6 -> 14 # 0 at 183952169, 0.899879 0.127057
2024-08-01 08:06:49,259 INFO sent 6 -> 14 # 0 at 171990499, 0.899879 0.127057
2024-08-01 08:06:49,408 INFO CHECKSUM 6 15 0: 1.928535
2024-08-01 08:06:49,408 INFO CHECKSUM 6 15 0: 1.928535
2024-08-01 08:06:49,427 INFO Accepting from rank 7
2024-08-01 08:06:49,427 INFO Accepting from rank 7
2024-08-01 08:06:49,427 INFO Accepting from rank 7
2024-08-01 08:06:49,427 INFO Accepting from rank 7
2024-08-01 08:06:49,427 INFO Accepting from rank 7
2024-08-01 08:06:49,427 INFO Accepting from rank 7
2024-08-01 08:06:49,427 INFO Accepting from rank 7
2024-08-01 08:06:49,427 INFO Accepting from rank 7
2024-08-01 08:06:49,427 INFO Accepting from rank 7
2024-08-01 08:06:49,427 INFO Accepting from rank 7
2024-08-01 08:06:49,427 INFO Accepting from rank 7
2024-08-01 08:06:49,427 INFO Accepting from rank 7
2024-08-01 08:06:49,427 INFO Sending from rank 7
2024-08-01 08:06:49,427 INFO recv 6 -> 15 # 0 at 148558856, 0.899879 0.127057
2024-08-01 08:06:49,427 INFO Accepting from rank 7
2024-08-01 08:06:49,427 INFO sent 6 -> 15 # 0 at 129411475, 0.899879 0.127057
2024-08-01 08:06:49,427 INFO Accepting from rank 7
2024-08-01 08:06:49,427 INFO Accepting from rank 7
2024-08-01 08:06:49,544 INFO CHECKSUM 7 0 0: 1.257558
2024-08-01 08:06:49,544 INFO CHECKSUM 7 0 0: 1.257558
2024-08-01 08:06:49,553 INFO recv 7 -> 0 # 0 at 95833563, 0.089099 0.302104
2024-08-01 08:06:49,553 INFO sent 7 -> 0 # 0 at 85633339, 0.089099 0.302104
2024-08-01 08:06:49,573 INFO CHECKSUM 7 1 0: 1.257558
2024-08-01 08:06:49,572 INFO CHECKSUM 7 1 0: 1.257558
2024-08-01 08:06:49,594 INFO recv 7 -> 1 # 0 at 35114586, 0.089099 0.302104
2024-08-01 08:06:49,594 INFO sent 7 -> 1 # 0 at 13873819, 0.089099 0.302104
2024-08-01 08:06:49,631 INFO CHECKSUM 7 2 0: 1.257558
2024-08-01 08:06:49,631 INFO CHECKSUM 7 2 0: 1.257558
2024-08-01 08:06:49,643 INFO recv 7 -> 2 # 0 at 32654169, 0.089099 0.302104
2024-08-01 08:06:49,643 INFO sent 7 -> 2 # 0 at 20881160, 0.089099 0.302104
2024-08-01 08:06:49,657 INFO CHECKSUM 7 3 0: 1.257558
2024-08-01 08:06:49,658 INFO CHECKSUM 7 3 0: 1.257558
2024-08-01 08:06:49,674 INFO recv 7 -> 3 # 0 at 31048303, 0.089099 0.302104
2024-08-01 08:06:49,674 INFO sent 7 -> 3 # 0 at 13982149, 0.089099 0.302104
2024-08-01 08:06:49,700 INFO CHECKSUM 7 4 0: 1.257558
2024-08-01 08:06:49,700 INFO CHECKSUM 7 4 0: 1.257558
2024-08-01 08:06:49,710 INFO recv 7 -> 4 # 0 at 24466459, 0.089099 0.302104
2024-08-01 08:06:49,718 INFO sent 7 -> 4 # 0 at 14002478, 0.089099 0.302104
2024-08-01 08:06:49,823 INFO CHECKSUM 7 5 0: 1.257558
2024-08-01 08:06:49,824 INFO CHECKSUM 7 5 0: 1.257558
2024-08-01 08:06:49,858 INFO recv 7 -> 5 # 0 at 118338876, 0.089099 0.302104
2024-08-01 08:06:49,858 INFO sent 7 -> 5 # 0 at 83370532, 0.089099 0.302104
2024-08-01 08:06:49,888 INFO CHECKSUM 7 6 0: 1.257558
2024-08-01 08:06:49,889 INFO CHECKSUM 7 6 0: 1.257558
2024-08-01 08:06:49,898 INFO sent 7 -> 6 # 0 at 13892245, 0.089099 0.302104
2024-08-01 08:06:49,898 INFO recv 7 -> 6 # 0 at 23030847, 0.089099 0.302104
2024-08-01 08:06:50,092 INFO CHECKSUM 7 8 0: 1.257558
2024-08-01 08:06:50,092 INFO CHECKSUM 7 8 0: 1.257558
2024-08-01 08:06:50,117 INFO recv 7 -> 8 # 0 at 207216141, 0.089099 0.302104
2024-08-01 08:06:50,117 INFO sent 7 -> 8 # 0 at 181851029, 0.089099 0.302104
2024-08-01 08:06:50,283 INFO CHECKSUM 7 9 0: 1.257558
2024-08-01 08:06:50,287 INFO CHECKSUM 7 9 0: 1.257558
2024-08-01 08:06:50,326 INFO sent 7 -> 9 # 0 at 161381187, 0.089099 0.302104
2024-08-01 08:06:50,326 INFO recv 7 -> 9 # 0 at 204726173, 0.089099 0.302104
2024-08-01 08:06:50,507 INFO CHECKSUM 7 10 0: 1.257558
2024-08-01 08:06:50,507 INFO CHECKSUM 7 10 0: 1.257558
2024-08-01 08:06:50,520 INFO recv 7 -> 10 # 0 at 184875066, 0.089099 0.302104
2024-08-01 08:06:50,520 INFO sent 7 -> 10 # 0 at 171414482, 0.089099 0.302104
2024-08-01 08:06:50,679 INFO CHECKSUM 7 11 0: 1.257558
2024-08-01 08:06:50,679 INFO CHECKSUM 7 11 0: 1.257558
2024-08-01 08:06:50,698 INFO sent 7 -> 11 # 0 at 156924991, 0.089099 0.302104
2024-08-01 08:06:50,702 INFO recv 7 -> 11 # 0 at 180454650, 0.089099 0.302104
2024-08-01 08:06:50,949 INFO CHECKSUM 7 12 0: 1.257558
2024-08-01 08:06:50,949 INFO CHECKSUM 7 12 0: 1.257558
2024-08-01 08:06:50,967 INFO recv 7 -> 12 # 0 at 253595172, 0.089099 0.302104
2024-08-01 08:06:50,968 INFO sent 7 -> 12 # 0 at 234602739, 0.089099 0.302104
2024-08-01 08:06:51,135 INFO CHECKSUM 7 13 0: 1.257558
2024-08-01 08:06:51,135 INFO CHECKSUM 7 13 0: 1.257558
2024-08-01 08:06:51,146 INFO sent 7 -> 13 # 0 at 166696599, 0.089099 0.302104
2024-08-01 08:06:51,146 INFO recv 7 -> 13 # 0 at 177735186, 0.089099 0.302104
2024-08-01 08:06:51,320 INFO CHECKSUM 7 14 0: 1.257558
2024-08-01 08:06:51,320 INFO CHECKSUM 7 14 0: 1.257558
2024-08-01 08:06:51,353 INFO recv 7 -> 14 # 0 at 194980735, 0.089099 0.302104
2024-08-01 08:06:51,358 INFO sent 7 -> 14 # 0 at 161718331, 0.089099 0.302104
2024-08-01 08:06:51,538 INFO CHECKSUM 7 15 0: 1.257558
2024-08-01 08:06:51,539 INFO CHECKSUM 7 15 0: 1.257558
2024-08-01 08:06:51,557 INFO Accepting from rank 8
2024-08-01 08:06:51,557 INFO Accepting from rank 8
2024-08-01 08:06:51,557 INFO Accepting from rank 8
2024-08-01 08:06:51,557 INFO Sending from rank 8
2024-08-01 08:06:51,557 INFO Accepting from rank 8
2024-08-01 08:06:51,557 INFO Accepting from rank 8
2024-08-01 08:06:51,558 INFO Accepting from rank 8
2024-08-01 08:06:51,557 INFO Accepting from rank 8
2024-08-01 08:06:51,558 INFO Accepting from rank 8
2024-08-01 08:06:51,557 INFO recv 7 -> 15 # 0 at 186826070, 0.089099 0.302104
2024-08-01 08:06:51,558 INFO Accepting from rank 8
2024-08-01 08:06:51,557 INFO Accepting from rank 8
2024-08-01 08:06:51,558 INFO Accepting from rank 8
2024-08-01 08:06:51,557 INFO Accepting from rank 8
2024-08-01 08:06:51,558 INFO Accepting from rank 8
2024-08-01 08:06:51,557 INFO Accepting from rank 8
2024-08-01 08:06:51,558 INFO sent 7 -> 15 # 0 at 164875138, 0.089099 0.302104
2024-08-01 08:06:51,558 INFO Accepting from rank 8
2024-08-01 08:06:51,656 INFO CHECKSUM 8 0 0: 1.889026
2024-08-01 08:06:51,656 INFO CHECKSUM 8 0 0: 1.889026
2024-08-01 08:06:51,670 INFO recv 8 -> 0 # 0 at 89974722, 0.139457 0.018792
2024-08-01 08:06:51,670 INFO sent 8 -> 0 # 0 at 75566476, 0.139457 0.018792
2024-08-01 08:06:51,714 INFO CHECKSUM 8 1 0: 1.889026
2024-08-01 08:06:51,711 INFO CHECKSUM 8 1 0: 1.889026
2024-08-01 08:06:51,742 INFO recv 8 -> 1 # 0 at 59843449, 0.139457 0.018792
2024-08-01 08:06:51,742 INFO sent 8 -> 1 # 0 at 29196535, 0.139457 0.018792
2024-08-01 08:06:51,777 INFO CHECKSUM 8 2 0: 1.889026
2024-08-01 08:06:51,776 INFO CHECKSUM 8 2 0: 1.889026
2024-08-01 08:06:51,785 INFO recv 8 -> 2 # 0 at 23533085, 0.139457 0.018792
2024-08-01 08:06:51,785 INFO sent 8 -> 2 # 0 at 14618391, 0.139457 0.018792
2024-08-01 08:06:51,809 INFO CHECKSUM 8 3 0: 1.889026
2024-08-01 08:06:51,818 INFO recv 8 -> 3 # 0 at 23434516, 0.139457 0.018792
2024-08-01 08:06:51,808 INFO CHECKSUM 8 3 0: 1.889026
2024-08-01 08:06:51,817 INFO sent 8 -> 3 # 0 at 14075984, 0.139457 0.018792
2024-08-01 08:06:51,832 INFO CHECKSUM 8 4 0: 1.889026
2024-08-01 08:06:51,844 INFO CHECKSUM 8 4 0: 1.889026
2024-08-01 08:06:51,859 INFO sent 8 -> 4 # 0 at 14578334, 0.139457 0.018792
2024-08-01 08:06:51,859 INFO recv 8 -> 4 # 0 at 40803993, 0.139457 0.018792
2024-08-01 08:06:51,880 INFO CHECKSUM 8 5 0: 1.889026
2024-08-01 08:06:51,881 INFO CHECKSUM 8 5 0: 1.889026
2024-08-01 08:06:51,913 INFO sent 8 -> 5 # 0 at 14062708, 0.139457 0.018792
2024-08-01 08:06:51,913 INFO recv 8 -> 5 # 0 at 47676473, 0.139457 0.018792
2024-08-01 08:06:51,936 INFO CHECKSUM 8 6 0: 1.889026
2024-08-01 08:06:51,937 INFO CHECKSUM 8 6 0: 1.889026
2024-08-01 08:06:51,946 INFO sent 8 -> 6 # 0 at 14096694, 0.139457 0.018792
2024-08-01 08:06:51,946 INFO recv 8 -> 6 # 0 at 23470849, 0.139457 0.018792
2024-08-01 08:06:51,987 INFO CHECKSUM 8 7 0: 1.889026
2024-08-01 08:06:51,987 INFO CHECKSUM 8 7 0: 1.889026
2024-08-01 08:06:52,003 INFO sent 8 -> 7 # 0 at 20487937, 0.139457 0.018792
2024-08-01 08:06:52,003 INFO recv 8 -> 7 # 0 at 30005755, 0.139457 0.018792
2024-08-01 08:06:52,214 INFO CHECKSUM 8 9 0: 1.889026
2024-08-01 08:06:52,214 INFO CHECKSUM 8 9 0: 1.889026
2024-08-01 08:06:52,233 INFO sent 8 -> 9 # 0 at 208408685, 0.139457 0.018792
2024-08-01 08:06:52,234 INFO recv 8 -> 9 # 0 at 229106797, 0.139457 0.018792
2024-08-01 08:06:52,423 INFO CHECKSUM 8 10 0: 1.889026
2024-08-01 08:06:52,423 INFO CHECKSUM 8 10 0: 1.889026
2024-08-01 08:06:52,442 INFO sent 8 -> 10 # 0 at 181538902, 0.139457 0.018792
2024-08-01 08:06:52,442 INFO recv 8 -> 10 # 0 at 200764512, 0.139457 0.018792
2024-08-01 08:06:52,660 INFO CHECKSUM 8 11 0: 1.889026
2024-08-01 08:06:52,661 INFO CHECKSUM 8 11 0: 1.889026
2024-08-01 08:06:52,673 INFO sent 8 -> 11 # 0 at 210295879, 0.139457 0.018792
2024-08-01 08:06:52,677 INFO recv 8 -> 11 # 0 at 227223901, 0.139457 0.018792
2024-08-01 08:06:52,894 INFO CHECKSUM 8 12 0: 1.889026
2024-08-01 08:06:52,895 INFO CHECKSUM 8 12 0: 1.889026
2024-08-01 08:06:52,918 INFO recv 8 -> 12 # 0 at 227725983, 0.139457 0.018792
2024-08-01 08:06:52,918 INFO sent 8 -> 12 # 0 at 204293227, 0.139457 0.018792
2024-08-01 08:06:53,111 INFO CHECKSUM 8 13 0: 1.889026
2024-08-01 08:06:53,119 INFO CHECKSUM 8 13 0: 1.889026
2024-08-01 08:06:53,142 INFO sent 8 -> 13 # 0 at 177656034, 0.139457 0.018792
2024-08-01 08:06:53,142 INFO recv 8 -> 13 # 0 at 196014886, 0.139457 0.018792
2024-08-01 08:06:53,319 INFO CHECKSUM 8 14 0: 1.889026
2024-08-01 08:06:53,319 INFO CHECKSUM 8 14 0: 1.889026
2024-08-01 08:06:53,337 INFO recv 8 -> 14 # 0 at 191745592, 0.139457 0.018792
2024-08-01 08:06:53,337 INFO sent 8 -> 14 # 0 at 173354297, 0.139457 0.018792
2024-08-01 08:06:53,520 INFO CHECKSUM 8 15 0: 1.889026
2024-08-01 08:06:53,521 INFO CHECKSUM 8 15 0: 1.889026
2024-08-01 08:06:53,531 INFO Accepting from rank 9
2024-08-01 08:06:53,531 INFO Sending from rank 9
2024-08-01 08:06:53,531 INFO Accepting from rank 9
2024-08-01 08:06:53,531 INFO Accepting from rank 9
2024-08-01 08:06:53,531 INFO Accepting from rank 9
2024-08-01 08:06:53,531 INFO Accepting from rank 9
2024-08-01 08:06:53,531 INFO Accepting from rank 9
2024-08-01 08:06:53,531 INFO Accepting from rank 9
2024-08-01 08:06:53,531 INFO Accepting from rank 9
2024-08-01 08:06:53,531 INFO Accepting from rank 9
2024-08-01 08:06:53,531 INFO Accepting from rank 9
2024-08-01 08:06:53,531 INFO Accepting from rank 9
2024-08-01 08:06:53,531 INFO sent 8 -> 15 # 0 at 174338417, 0.139457 0.018792
2024-08-01 08:06:53,531 INFO Accepting from rank 9
2024-08-01 08:06:53,531 INFO Accepting from rank 9
2024-08-01 08:06:53,532 INFO Accepting from rank 9
2024-08-01 08:06:53,531 INFO recv 8 -> 15 # 0 at 181436489, 0.139457 0.018792
2024-08-01 08:06:53,532 INFO Accepting from rank 9
2024-08-01 08:06:53,596 INFO CHECKSUM 9 0 0: 0.471503
2024-08-01 08:06:53,596 INFO CHECKSUM 9 0 0: 0.471503
2024-08-01 08:06:53,603 INFO recv 9 -> 0 # 0 at 41236655, 0.721256 0.622676
2024-08-01 08:06:53,612 INFO sent 9 -> 0 # 0 at 32750809, 0.721256 0.622676
2024-08-01 08:06:53,637 INFO CHECKSUM 9 1 0: 0.471503
2024-08-01 08:06:53,638 INFO CHECKSUM 9 1 0: 0.471503
2024-08-01 08:06:53,654 INFO recv 9 -> 1 # 0 at 30580330, 0.721256 0.622676
2024-08-01 08:06:53,654 INFO sent 9 -> 1 # 0 at 13618771, 0.721256 0.622676
2024-08-01 08:06:53,678 INFO CHECKSUM 9 2 0: 0.471503
2024-08-01 08:06:53,680 INFO CHECKSUM 9 2 0: 0.471503
2024-08-01 08:06:53,690 INFO recv 9 -> 2 # 0 at 33306358, 0.721256 0.622676
2024-08-01 08:06:53,697 INFO sent 9 -> 2 # 0 at 13363007, 0.721256 0.622676
2024-08-01 08:06:53,788 INFO CHECKSUM 9 3 0: 0.471503
2024-08-01 08:06:53,788 INFO CHECKSUM 9 3 0: 0.471503
2024-08-01 08:06:53,797 INFO recv 9 -> 3 # 0 at 93110731, 0.721256 0.622676
2024-08-01 08:06:53,797 INFO sent 9 -> 3 # 0 at 83137367, 0.721256 0.622676
2024-08-01 08:06:53,812 INFO CHECKSUM 9 4 0: 0.471503
2024-08-01 08:06:53,813 INFO CHECKSUM 9 4 0: 0.471503
2024-08-01 08:06:53,829 INFO sent 9 -> 4 # 0 at 13931325, 0.721256 0.622676
2024-08-01 08:06:53,829 INFO recv 9 -> 4 # 0 at 31306706, 0.721256 0.622676
2024-08-01 08:06:53,903 INFO CHECKSUM 9 5 0: 0.471503
2024-08-01 08:06:53,904 INFO CHECKSUM 9 5 0: 0.471503
2024-08-01 08:06:53,914 INFO sent 9 -> 5 # 0 at 70158442, 0.721256 0.622676
2024-08-01 08:06:53,922 INFO recv 9 -> 5 # 0 at 88621189, 0.721256 0.622676
2024-08-01 08:06:54,010 INFO CHECKSUM 9 6 0: 0.471503
2024-08-01 08:06:54,020 INFO CHECKSUM 9 6 0: 0.471503
2024-08-01 08:06:54,038 INFO recv 9 -> 6 # 0 at 115737724, 0.721256 0.622676
2024-08-01 08:06:54,038 INFO sent 9 -> 6 # 0 at 87980891, 0.721256 0.622676
2024-08-01 08:06:54,123 INFO CHECKSUM 9 7 0: 0.471503
2024-08-01 08:06:54,123 INFO CHECKSUM 9 7 0: 0.471503
2024-08-01 08:06:54,141 INFO sent 9 -> 7 # 0 at 80505765, 0.721256 0.622676
2024-08-01 08:06:54,147 INFO recv 9 -> 7 # 0 at 98175257, 0.721256 0.622676
2024-08-01 08:06:54,161 INFO CHECKSUM 9 8 0: 0.471503
2024-08-01 08:06:54,161 INFO CHECKSUM 9 8 0: 0.471503
2024-08-01 08:06:54,174 INFO recv 9 -> 8 # 0 at 27570756, 0.721256 0.622676
2024-08-01 08:06:54,186 INFO sent 9 -> 8 # 0 at 13915904, 0.721256 0.622676
2024-08-01 08:06:54,422 INFO CHECKSUM 9 10 0: 0.471503
2024-08-01 08:06:54,422 INFO CHECKSUM 9 10 0: 0.471503
2024-08-01 08:06:54,452 INFO sent 9 -> 10 # 0 at 208251351, 0.721256 0.622676
2024-08-01 08:06:54,452 INFO recv 9 -> 10 # 0 at 238811940, 0.721256 0.622676
2024-08-01 08:06:54,642 INFO CHECKSUM 9 11 0: 0.471503
2024-08-01 08:06:54,642 INFO CHECKSUM 9 11 0: 0.471503
2024-08-01 08:06:54,661 INFO sent 9 -> 11 # 0 at 189559202, 0.721256 0.622676
2024-08-01 08:06:54,661 INFO recv 9 -> 11 # 0 at 208973936, 0.721256 0.622676
2024-08-01 08:06:54,797 INFO CHECKSUM 9 12 0: 0.471503
2024-08-01 08:06:54,798 INFO CHECKSUM 9 12 0: 0.471503
2024-08-01 08:06:54,810 INFO recv 9 -> 12 # 0 at 147900110, 0.721256 0.622676
2024-08-01 08:06:54,810 INFO sent 9 -> 12 # 0 at 134526050, 0.721256 0.622676
2024-08-01 08:06:54,988 INFO CHECKSUM 9 13 0: 0.471503
2024-08-01 08:06:54,988 INFO CHECKSUM 9 13 0: 0.471503
2024-08-01 08:06:55,015 INFO sent 9 -> 13 # 0 at 165658164, 0.721256 0.622676
2024-08-01 08:06:55,017 INFO recv 9 -> 13 # 0 at 195191593, 0.721256 0.622676
2024-08-01 08:06:55,175 INFO CHECKSUM 9 14 0: 0.471503
2024-08-01 08:06:55,175 INFO CHECKSUM 9 14 0: 0.471503
2024-08-01 08:06:55,194 INFO recv 9 -> 14 # 0 at 175735906, 0.721256 0.622676
2024-08-01 08:06:55,194 INFO sent 9 -> 14 # 0 at 156744870, 0.721256 0.622676
2024-08-01 08:06:55,360 INFO CHECKSUM 9 15 0: 0.471503
2024-08-01 08:06:55,361 INFO CHECKSUM 9 15 0: 0.471503
2024-08-01 08:06:55,372 INFO Accepting from rank 10
2024-08-01 08:06:55,372 INFO Accepting from rank 10
2024-08-01 08:06:55,372 INFO Accepting from rank 10
2024-08-01 08:06:55,372 INFO Accepting from rank 10
2024-08-01 08:06:55,372 INFO Accepting from rank 10
2024-08-01 08:06:55,372 INFO Accepting from rank 10
2024-08-01 08:06:55,372 INFO Accepting from rank 10
2024-08-01 08:06:55,372 INFO Sending from rank 10
2024-08-01 08:06:55,372 INFO Accepting from rank 10
2024-08-01 08:06:55,372 INFO Accepting from rank 10
2024-08-01 08:06:55,372 INFO Accepting from rank 10
2024-08-01 08:06:55,372 INFO Accepting from rank 10
2024-08-01 08:06:55,372 INFO Accepting from rank 10
2024-08-01 08:06:55,372 INFO recv 9 -> 15 # 0 at 178500618, 0.721256 0.622676
2024-08-01 08:06:55,372 INFO sent 9 -> 15 # 0 at 166447759, 0.721256 0.622676
2024-08-01 08:06:55,372 INFO Accepting from rank 10
2024-08-01 08:06:55,373 INFO Accepting from rank 10
2024-08-01 08:06:55,372 INFO Accepting from rank 10
2024-08-01 08:06:55,407 INFO CHECKSUM 10 0 0: 1.517858
2024-08-01 08:06:55,407 INFO CHECKSUM 10 0 0: 1.517858
2024-08-01 08:06:55,418 INFO recv 10 -> 0 # 0 at 25438200, 0.123956 0.249664
2024-08-01 08:06:55,418 INFO sent 10 -> 0 # 0 at 14719306, 0.123956 0.249664
2024-08-01 08:06:55,532 INFO CHECKSUM 10 1 0: 1.517858
2024-08-01 08:06:55,532 INFO CHECKSUM 10 1 0: 1.517858
2024-08-01 08:06:55,543 INFO recv 10 -> 1 # 0 at 96593059, 0.123956 0.249664
2024-08-01 08:06:55,543 INFO sent 10 -> 1 # 0 at 92375298, 0.123956 0.249664
2024-08-01 08:06:55,572 INFO CHECKSUM 10 2 0: 1.517858
2024-08-01 08:06:55,572 INFO CHECKSUM 10 2 0: 1.517858
2024-08-01 08:06:55,586 INFO recv 10 -> 2 # 0 at 27952109, 0.123956 0.249664
2024-08-01 08:06:55,586 INFO sent 10 -> 2 # 0 at 13703635, 0.123956 0.249664
2024-08-01 08:06:55,604 INFO CHECKSUM 10 3 0: 1.517858
2024-08-01 08:06:55,603 INFO CHECKSUM 10 3 0: 1.517858
2024-08-01 08:06:55,614 INFO recv 10 -> 3 # 0 at 25006378, 0.123956 0.249664
2024-08-01 08:06:55,614 INFO sent 10 -> 3 # 0 at 14436199, 0.123956 0.249664
2024-08-01 08:06:55,639 INFO CHECKSUM 10 4 0: 1.517858
2024-08-01 08:06:55,653 INFO sent 10 -> 4 # 0 at 13785794, 0.123956 0.249664
2024-08-01 08:06:55,640 INFO CHECKSUM 10 4 0: 1.517858
2024-08-01 08:06:55,653 INFO recv 10 -> 4 # 0 at 28121423, 0.123956 0.249664
2024-08-01 08:06:55,668 INFO CHECKSUM 10 5 0: 1.517858
2024-08-01 08:06:55,669 INFO CHECKSUM 10 5 0: 1.517858
2024-08-01 08:06:55,706 INFO sent 10 -> 5 # 0 at 13998674, 0.123956 0.249664
2024-08-01 08:06:55,708 INFO recv 10 -> 5 # 0 at 54306593, 0.123956 0.249664
2024-08-01 08:06:55,742 INFO CHECKSUM 10 6 0: 1.517858
2024-08-01 08:06:55,742 INFO CHECKSUM 10 6 0: 1.517858
2024-08-01 08:06:55,754 INFO sent 10 -> 6 # 0 at 14260741, 0.123956 0.249664
2024-08-01 08:06:55,754 INFO recv 10 -> 6 # 0 at 26817696, 0.123956 0.249664
2024-08-01 08:06:55,777 INFO CHECKSUM 10 7 0: 1.517858
2024-08-01 08:06:55,777 INFO CHECKSUM 10 7 0: 1.517858
2024-08-01 08:06:55,786 INFO sent 10 -> 7 # 0 at 14547103, 0.123956 0.249664
2024-08-01 08:06:55,786 INFO recv 10 -> 7 # 0 at 23169505, 0.123956 0.249664
2024-08-01 08:06:55,800 INFO CHECKSUM 10 8 0: 1.517858
2024-08-01 08:06:55,800 INFO CHECKSUM 10 8 0: 1.517858
2024-08-01 08:06:55,815 INFO recv 10 -> 8 # 0 at 29654540, 0.123956 0.249664
2024-08-01 08:06:55,815 INFO sent 10 -> 8 # 0 at 13889564, 0.123956 0.249664
2024-08-01 08:06:55,844 INFO CHECKSUM 10 9 0: 1.517858
2024-08-01 08:06:55,843 INFO CHECKSUM 10 9 0: 1.517858
2024-08-01 08:06:55,874 INFO recv 10 -> 9 # 0 at 44721377, 0.123956 0.249664
2024-08-01 08:06:55,874 INFO sent 10 -> 9 # 0 at 13840489, 0.123956 0.249664
2024-08-01 08:06:56,099 INFO CHECKSUM 10 11 0: 1.517858
2024-08-01 08:06:56,100 INFO CHECKSUM 10 11 0: 1.517858
2024-08-01 08:06:56,134 INFO sent 10 -> 11 # 0 at 193111633, 0.123956 0.249664
2024-08-01 08:06:56,134 INFO recv 10 -> 11 # 0 at 227765958, 0.123956 0.249664
2024-08-01 08:06:56,323 INFO CHECKSUM 10 12 0: 1.517858
2024-08-01 08:06:56,323 INFO CHECKSUM 10 12 0: 1.517858
2024-08-01 08:06:56,345 INFO recv 10 -> 12 # 0 at 206616536, 0.123956 0.249664
2024-08-01 08:06:56,350 INFO sent 10 -> 12 # 0 at 184199411, 0.123956 0.249664
2024-08-01 08:06:56,547 INFO CHECKSUM 10 13 0: 1.517858
2024-08-01 08:06:56,547 INFO CHECKSUM 10 13 0: 1.517858
2024-08-01 08:06:56,570 INFO recv 10 -> 13 # 0 at 209489476, 0.123956 0.249664
2024-08-01 08:06:56,570 INFO sent 10 -> 13 # 0 at 186366386, 0.123956 0.249664
2024-08-01 08:06:56,739 INFO CHECKSUM 10 14 0: 1.517858
2024-08-01 08:06:56,740 INFO CHECKSUM 10 14 0: 1.517858
2024-08-01 08:06:56,777 INFO recv 10 -> 14 # 0 at 202589261, 0.123956 0.249664
2024-08-01 08:06:56,777 INFO sent 10 -> 14 # 0 at 164050298, 0.123956 0.249664
2024-08-01 08:06:56,956 INFO CHECKSUM 10 15 0: 1.517858
2024-08-01 08:06:56,955 INFO CHECKSUM 10 15 0: 1.517858
2024-08-01 08:06:56,971 INFO Accepting from rank 11
2024-08-01 08:06:56,971 INFO Accepting from rank 11
2024-08-01 08:06:56,981 INFO Accepting from rank 11
2024-08-01 08:06:56,981 INFO Accepting from rank 11
2024-08-01 08:06:56,986 INFO Accepting from rank 11
2024-08-01 08:06:56,986 INFO Accepting from rank 11
2024-08-01 08:06:56,986 INFO Accepting from rank 11
2024-08-01 08:06:56,986 INFO Accepting from rank 11
2024-08-01 08:06:56,986 INFO Accepting from rank 11
2024-08-01 08:06:56,986 INFO Accepting from rank 11
2024-08-01 08:06:56,986 INFO Accepting from rank 11
2024-08-01 08:06:56,986 INFO Accepting from rank 11
2024-08-01 08:06:56,986 INFO Sending from rank 11
2024-08-01 08:06:56,986 INFO Accepting from rank 11
2024-08-01 08:06:56,986 INFO recv 10 -> 15 # 0 at 205472772, 0.123956 0.249664
2024-08-01 08:06:56,986 INFO sent 10 -> 15 # 0 at 176935272, 0.123956 0.249664
2024-08-01 08:06:56,986 INFO Accepting from rank 11
2024-08-01 08:06:56,986 INFO Accepting from rank 11
2024-08-01 08:06:57,032 INFO CHECKSUM 11 0 0: 0.736346
2024-08-01 08:06:57,032 INFO CHECKSUM 11 0 0: 0.736346
2024-08-01 08:06:57,051 INFO recv 11 -> 0 # 0 at 35413382, 0.339596 0.113035
2024-08-01 08:06:57,051 INFO sent 11 -> 0 # 0 at 14029784, 0.339596 0.113035
2024-08-01 08:06:57,136 INFO CHECKSUM 11 1 0: 0.736346
2024-08-01 08:06:57,136 INFO CHECKSUM 11 1 0: 0.736346
2024-08-01 08:06:57,158 INFO recv 11 -> 1 # 0 at 96512904, 0.339596 0.113035
2024-08-01 08:06:57,161 INFO sent 11 -> 1 # 0 at 74461653, 0.339596 0.113035
2024-08-01 08:06:57,196 INFO CHECKSUM 11 2 0: 0.736346
2024-08-01 08:06:57,196 INFO CHECKSUM 11 2 0: 0.736346
2024-08-01 08:06:57,218 INFO sent 11 -> 2 # 0 at 22019505, 0.339596 0.113035
2024-08-01 08:06:57,218 INFO recv 11 -> 2 # 0 at 43751547, 0.339596 0.113035
2024-08-01 08:06:57,304 INFO CHECKSUM 11 3 0: 0.736346
2024-08-01 08:06:57,304 INFO CHECKSUM 11 3 0: 0.736346
2024-08-01 08:06:57,321 INFO recv 11 -> 3 # 0 at 99386497, 0.339596 0.113035
2024-08-01 08:06:57,321 INFO sent 11 -> 3 # 0 at 81739638, 0.339596 0.113035
2024-08-01 08:06:57,377 INFO CHECKSUM 11 4 0: 0.736346
2024-08-01 08:06:57,377 INFO CHECKSUM 11 4 0: 0.736346
2024-08-01 08:06:57,390 INFO sent 11 -> 4 # 0 at 32573908, 0.339596 0.113035
2024-08-01 08:06:57,390 INFO recv 11 -> 4 # 0 at 48664979, 0.339596 0.113035
2024-08-01 08:06:57,409 INFO CHECKSUM 11 5 0: 0.736346
2024-08-01 08:06:57,409 INFO CHECKSUM 11 5 0: 0.736346
2024-08-01 08:06:57,437 INFO sent 11 -> 5 # 0 at 14750787, 0.339596 0.113035
2024-08-01 08:06:57,438 INFO recv 11 -> 5 # 0 at 43941735, 0.339596 0.113035
2024-08-01 08:06:57,468 INFO CHECKSUM 11 6 0: 0.736346
2024-08-01 08:06:57,469 INFO CHECKSUM 11 6 0: 0.736346
2024-08-01 08:06:57,494 INFO sent 11 -> 6 # 0 at 14440778, 0.339596 0.113035
2024-08-01 08:06:57,494 INFO recv 11 -> 6 # 0 at 40014273, 0.339596 0.113035
2024-08-01 08:06:57,539 INFO CHECKSUM 11 7 0: 0.736346
2024-08-01 08:06:57,539 INFO CHECKSUM 11 7 0: 0.736346
2024-08-01 08:06:57,558 INFO recv 11 -> 7 # 0 at 51166036, 0.339596 0.113035
2024-08-01 08:06:57,559 INFO sent 11 -> 7 # 0 at 31589948, 0.339596 0.113035
2024-08-01 08:06:57,576 INFO CHECKSUM 11 8 0: 0.736346
2024-08-01 08:06:57,577 INFO CHECKSUM 11 8 0: 0.736346
2024-08-01 08:06:57,584 INFO recv 11 -> 8 # 0 at 21561350, 0.339596 0.113035
2024-08-01 08:06:57,584 INFO sent 11 -> 8 # 0 at 13630944, 0.339596 0.113035
2024-08-01 08:06:57,615 INFO CHECKSUM 11 9 0: 0.736346
2024-08-01 08:06:57,615 INFO CHECKSUM 11 9 0: 0.736346
2024-08-01 08:06:57,623 INFO recv 11 -> 9 # 0 at 22169966, 0.339596 0.113035
2024-08-01 08:06:57,623 INFO sent 11 -> 9 # 0 at 13976262, 0.339596 0.113035
2024-08-01 08:06:57,639 INFO CHECKSUM 11 10 0: 0.736346
2024-08-01 08:06:57,640 INFO CHECKSUM 11 10 0: 0.736346
2024-08-01 08:06:57,651 INFO sent 11 -> 10 # 0 at 13783258, 0.339596 0.113035
2024-08-01 08:06:57,651 INFO recv 11 -> 10 # 0 at 25143348, 0.339596 0.113035
2024-08-01 08:06:57,884 INFO CHECKSUM 11 12 0: 0.736346
2024-08-01 08:06:57,893 INFO CHECKSUM 11 12 0: 0.736346
2024-08-01 08:06:57,910 INFO recv 11 -> 12 # 0 at 247874620, 0.339596 0.113035
2024-08-01 08:06:57,910 INFO sent 11 -> 12 # 0 at 222166524, 0.339596 0.113035
2024-08-01 08:06:58,121 INFO CHECKSUM 11 13 0: 0.736346
2024-08-01 08:06:58,122 INFO CHECKSUM 11 13 0: 0.736346
2024-08-01 08:06:58,146 INFO recv 11 -> 13 # 0 at 224100256, 0.339596 0.113035
2024-08-01 08:06:58,146 INFO sent 11 -> 13 # 0 at 199164903, 0.339596 0.113035
2024-08-01 08:06:58,387 INFO CHECKSUM 11 14 0: 0.736346
2024-08-01 08:06:58,387 INFO CHECKSUM 11 14 0: 0.736346
2024-08-01 08:06:58,405 INFO recv 11 -> 14 # 0 at 250637879, 0.339596 0.113035
2024-08-01 08:06:58,405 INFO sent 11 -> 14 # 0 at 231989484, 0.339596 0.113035
2024-08-01 08:06:58,637 INFO CHECKSUM 11 15 0: 0.736346
2024-08-01 08:06:58,639 INFO CHECKSUM 11 15 0: 0.736346
2024-08-01 08:06:58,650 INFO Sending from rank 12
2024-08-01 08:06:58,650 INFO Accepting from rank 12
2024-08-01 08:06:58,650 INFO Accepting from rank 12
2024-08-01 08:06:58,650 INFO Accepting from rank 12
2024-08-01 08:06:58,650 INFO Accepting from rank 12
2024-08-01 08:06:58,650 INFO Accepting from rank 12
2024-08-01 08:06:58,650 INFO Accepting from rank 12
2024-08-01 08:06:58,650 INFO Accepting from rank 12
2024-08-01 08:06:58,650 INFO Accepting from rank 12
2024-08-01 08:06:58,650 INFO Accepting from rank 12
2024-08-01 08:06:58,650 INFO Accepting from rank 12
2024-08-01 08:06:58,650 INFO Accepting from rank 12
2024-08-01 08:06:58,650 INFO recv 11 -> 15 # 0 at 224258842, 0.339596 0.113035
2024-08-01 08:06:58,650 INFO Accepting from rank 12
2024-08-01 08:06:58,650 INFO sent 11 -> 15 # 0 at 219684731, 0.339596 0.113035
2024-08-01 08:06:58,650 INFO Accepting from rank 12
2024-08-01 08:06:58,650 INFO Accepting from rank 12
2024-08-01 08:06:58,650 INFO Accepting from rank 12
2024-08-01 08:06:58,708 INFO CHECKSUM 12 0 0: 1.599201
2024-08-01 08:06:58,709 INFO CHECKSUM 12 0 0: 1.599201
2024-08-01 08:06:58,714 INFO sent 12 -> 0 # 0 at 30773903, 0.769391 0.655954
2024-08-01 08:06:58,714 INFO recv 12 -> 0 # 0 at 36495150, 0.769391 0.655954
2024-08-01 08:06:58,740 INFO CHECKSUM 12 1 0: 1.599201
2024-08-01 08:06:58,740 INFO CHECKSUM 12 1 0: 1.599201
2024-08-01 08:06:58,757 INFO recv 12 -> 1 # 0 at 32007994, 0.769391 0.655954
2024-08-01 08:06:58,757 INFO sent 12 -> 1 # 0 at 14581923, 0.769391 0.655954
2024-08-01 08:06:58,773 INFO CHECKSUM 12 2 0: 1.599201
2024-08-01 08:06:58,773 INFO CHECKSUM 12 2 0: 1.599201
2024-08-01 08:06:58,780 INFO sent 12 -> 2 # 0 at 14240482, 0.769391 0.655954
2024-08-01 08:06:58,780 INFO recv 12 -> 2 # 0 at 21242907, 0.769391 0.655954
2024-08-01 08:06:58,876 INFO CHECKSUM 12 3 0: 1.599201
2024-08-01 08:06:58,876 INFO CHECKSUM 12 3 0: 1.599201
2024-08-01 08:06:58,884 INFO sent 12 -> 3 # 0 at 78979845, 0.769391 0.655954
2024-08-01 08:06:58,884 INFO recv 12 -> 3 # 0 at 87871765, 0.769391 0.655954
2024-08-01 08:06:58,901 INFO CHECKSUM 12 4 0: 1.599201
2024-08-01 08:06:58,901 INFO CHECKSUM 12 4 0: 1.599201
2024-08-01 08:06:58,917 INFO sent 12 -> 4 # 0 at 15606967, 0.769391 0.655954
2024-08-01 08:06:58,917 INFO recv 12 -> 4 # 0 at 31986854, 0.769391 0.655954
2024-08-01 08:06:58,936 INFO CHECKSUM 12 5 0: 1.599201
2024-08-01 08:06:58,937 INFO CHECKSUM 12 5 0: 1.599201
2024-08-01 08:06:58,950 INFO sent 12 -> 5 # 0 at 13747388, 0.769391 0.655954
2024-08-01 08:06:58,950 INFO recv 12 -> 5 # 0 at 27909743, 0.769391 0.655954
2024-08-01 08:06:58,974 INFO CHECKSUM 12 6 0: 1.599201
2024-08-01 08:06:58,974 INFO CHECKSUM 12 6 0: 1.599201
2024-08-01 08:06:58,986 INFO sent 12 -> 6 # 0 at 22479599, 0.769391 0.655954
2024-08-01 08:06:58,986 INFO recv 12 -> 6 # 0 at 34154947, 0.769391 0.655954
2024-08-01 08:06:59,008 INFO CHECKSUM 12 7 0: 1.599201
2024-08-01 08:06:59,008 INFO CHECKSUM 12 7 0: 1.599201
2024-08-01 08:06:59,018 INFO sent 12 -> 7 # 0 at 21896270, 0.769391 0.655954
2024-08-01 08:06:59,018 INFO recv 12 -> 7 # 0 at 31104695, 0.769391 0.655954
2024-08-01 08:06:59,037 INFO CHECKSUM 12 8 0: 1.599201
2024-08-01 08:06:59,037 INFO CHECKSUM 12 8 0: 1.599201
2024-08-01 08:06:59,050 INFO recv 12 -> 8 # 0 at 28221653, 0.769391 0.655954
2024-08-01 08:06:59,050 INFO sent 12 -> 8 # 0 at 14560983, 0.769391 0.655954
2024-08-01 08:06:59,065 INFO CHECKSUM 12 9 0: 1.599201
2024-08-01 08:06:59,066 INFO CHECKSUM 12 9 0: 1.599201
2024-08-01 08:06:59,082 INFO sent 12 -> 9 # 0 at 14158162, 0.769391 0.655954
2024-08-01 08:06:59,082 INFO recv 12 -> 9 # 0 at 31708066, 0.769391 0.655954
2024-08-01 08:06:59,111 INFO CHECKSUM 12 10 0: 1.599201
2024-08-01 08:06:59,125 INFO sent 12 -> 10 # 0 at 13665821, 0.769391 0.655954
2024-08-01 08:06:59,112 INFO CHECKSUM 12 10 0: 1.599201
2024-08-01 08:06:59,125 INFO recv 12 -> 10 # 0 at 27485611, 0.769391 0.655954
2024-08-01 08:06:59,142 INFO CHECKSUM 12 11 0: 1.599201
2024-08-01 08:06:59,143 INFO CHECKSUM 12 11 0: 1.599201
2024-08-01 08:06:59,167 INFO sent 12 -> 11 # 0 at 14209572, 0.769391 0.655954
2024-08-01 08:06:59,167 INFO recv 12 -> 11 # 0 at 38622388, 0.769391 0.655954
2024-08-01 08:06:59,304 INFO CHECKSUM 12 13 0: 1.599201
2024-08-01 08:06:59,304 INFO CHECKSUM 12 13 0: 1.599201
2024-08-01 08:06:59,314 INFO sent 12 -> 13 # 0 at 130313331, 0.769391 0.655954
2024-08-01 08:06:59,314 INFO recv 12 -> 13 # 0 at 140231568, 0.769391 0.655954
2024-08-01 08:06:59,543 INFO CHECKSUM 12 14 0: 1.599201
2024-08-01 08:06:59,544 INFO CHECKSUM 12 14 0: 1.599201
2024-08-01 08:06:59,561 INFO sent 12 -> 14 # 0 at 217516513, 0.769391 0.655954
2024-08-01 08:06:59,561 INFO recv 12 -> 14 # 0 at 235780382, 0.769391 0.655954
2024-08-01 08:06:59,769 INFO CHECKSUM 12 15 0: 1.599201
2024-08-01 08:06:59,769 INFO CHECKSUM 12 15 0: 1.599201
2024-08-01 08:06:59,781 INFO Accepting from rank 13
2024-08-01 08:06:59,781 INFO Accepting from rank 13
2024-08-01 08:06:59,782 INFO Accepting from rank 13
2024-08-01 08:06:59,782 INFO Accepting from rank 13
2024-08-01 08:06:59,782 INFO Sending from rank 13
2024-08-01 08:06:59,782 INFO Accepting from rank 13
2024-08-01 08:06:59,782 INFO Accepting from rank 13
2024-08-01 08:06:59,782 INFO Accepting from rank 13
2024-08-01 08:06:59,782 INFO Accepting from rank 13
2024-08-01 08:06:59,782 INFO Accepting from rank 13
2024-08-01 08:06:59,782 INFO Accepting from rank 13
2024-08-01 08:06:59,782 INFO Accepting from rank 13
2024-08-01 08:06:59,782 INFO sent 12 -> 15 # 0 at 202433861, 0.769391 0.655954
2024-08-01 08:06:59,782 INFO Accepting from rank 13
2024-08-01 08:06:59,782 INFO Accepting from rank 13
2024-08-01 08:06:59,782 INFO recv 12 -> 15 # 0 at 215039849, 0.769391 0.655954
2024-08-01 08:06:59,782 INFO Accepting from rank 13
2024-08-01 08:06:59,782 INFO Accepting from rank 13
2024-08-01 08:06:59,819 INFO CHECKSUM 13 0 0: 1.641791
2024-08-01 08:06:59,819 INFO CHECKSUM 13 0 0: 1.641791
2024-08-01 08:06:59,826 INFO sent 13 -> 0 # 0 at 14409680, 0.625855 0.113619
2024-08-01 08:06:59,826 INFO recv 13 -> 0 # 0 at 22186758, 0.625855 0.113619
2024-08-01 08:06:59,843 INFO CHECKSUM 13 1 0: 1.641791
2024-08-01 08:06:59,844 INFO CHECKSUM 13 1 0: 1.641791
2024-08-01 08:06:59,861 INFO sent 13 -> 1 # 0 at 14207930, 0.625855 0.113619
2024-08-01 08:06:59,861 INFO recv 13 -> 1 # 0 at 32702975, 0.625855 0.113619
2024-08-01 08:06:59,967 INFO CHECKSUM 13 2 0: 1.641791
2024-08-01 08:06:59,967 INFO CHECKSUM 13 2 0: 1.641791
2024-08-01 08:06:59,982 INFO recv 13 -> 2 # 0 at 108857306, 0.625855 0.113619
2024-08-01 08:06:59,984 INFO sent 13 -> 2 # 0 at 92542466, 0.625855 0.113619
2024-08-01 08:07:00,007 INFO CHECKSUM 13 3 0: 1.641791
2024-08-01 08:07:00,017 INFO CHECKSUM 13 3 0: 1.641791
2024-08-01 08:07:00,026 INFO recv 13 -> 3 # 0 at 33062528, 0.625855 0.113619
2024-08-01 08:07:00,026 INFO sent 13 -> 3 # 0 at 14495986, 0.625855 0.113619
2024-08-01 08:07:00,044 INFO CHECKSUM 13 4 0: 1.641791
2024-08-01 08:07:00,058 INFO sent 13 -> 4 # 0 at 14519102, 0.625855 0.113619
2024-08-01 08:07:00,045 INFO CHECKSUM 13 4 0: 1.641791
2024-08-01 08:07:00,058 INFO recv 13 -> 4 # 0 at 28087678, 0.625855 0.113619
2024-08-01 08:07:00,081 INFO CHECKSUM 13 5 0: 1.641791
2024-08-01 08:07:00,081 INFO CHECKSUM 13 5 0: 1.641791
2024-08-01 08:07:00,090 INFO sent 13 -> 5 # 0 at 14371997, 0.625855 0.113619
2024-08-01 08:07:00,090 INFO recv 13 -> 5 # 0 at 22961943, 0.625855 0.113619
2024-08-01 08:07:00,119 INFO CHECKSUM 13 6 0: 1.641791
2024-08-01 08:07:00,121 INFO CHECKSUM 13 6 0: 1.641791
2024-08-01 08:07:00,138 INFO sent 13 -> 6 # 0 at 20671740, 0.625855 0.113619
2024-08-01 08:07:00,138 INFO recv 13 -> 6 # 0 at 40368830, 0.625855 0.113619
2024-08-01 08:07:00,228 INFO CHECKSUM 13 7 0: 1.641791
2024-08-01 08:07:00,228 INFO CHECKSUM 13 7 0: 1.641791
2024-08-01 08:07:00,250 INFO sent 13 -> 7 # 0 at 74357539, 0.625855 0.113619
2024-08-01 08:07:00,250 INFO recv 13 -> 7 # 0 at 96004599, 0.625855 0.113619
2024-08-01 08:07:00,290 INFO CHECKSUM 13 8 0: 1.641791
2024-08-01 08:07:00,290 INFO CHECKSUM 13 8 0: 1.641791
2024-08-01 08:07:00,298 INFO sent 13 -> 8 # 0 at 14141290, 0.625855 0.113619
2024-08-01 08:07:00,298 INFO recv 13 -> 8 # 0 at 27775601, 0.625855 0.113619
2024-08-01 08:07:00,326 INFO CHECKSUM 13 9 0: 1.641791
2024-08-01 08:07:00,326 INFO CHECKSUM 13 9 0: 1.641791
2024-08-01 08:07:00,345 INFO sent 13 -> 9 # 0 at 15595695, 0.625855 0.113619
2024-08-01 08:07:00,345 INFO recv 13 -> 9 # 0 at 33544202, 0.625855 0.113619
2024-08-01 08:07:00,372 INFO CHECKSUM 13 10 0: 1.641791
2024-08-01 08:07:00,372 INFO CHECKSUM 13 10 0: 1.641791
2024-08-01 08:07:00,389 INFO sent 13 -> 10 # 0 at 14541105, 0.625855 0.113619
2024-08-01 08:07:00,389 INFO recv 13 -> 10 # 0 at 31995551, 0.625855 0.113619
2024-08-01 08:07:00,408 INFO CHECKSUM 13 11 0: 1.641791
2024-08-01 08:07:00,409 INFO CHECKSUM 13 11 0: 1.641791
2024-08-01 08:07:00,425 INFO sent 13 -> 11 # 0 at 14176549, 0.625855 0.113619
2024-08-01 08:07:00,425 INFO recv 13 -> 11 # 0 at 31564488, 0.625855 0.113619
2024-08-01 08:07:00,443 INFO CHECKSUM 13 12 0: 1.641791
2024-08-01 08:07:00,444 INFO CHECKSUM 13 12 0: 1.641791
2024-08-01 08:07:00,458 INFO recv 13 -> 12 # 0 at 28848867, 0.625855 0.113619
2024-08-01 08:07:00,458 INFO sent 13 -> 12 # 0 at 14352549, 0.625855 0.113619
2024-08-01 08:07:00,680 INFO CHECKSUM 13 14 0: 1.641791
2024-08-01 08:07:00,680 INFO CHECKSUM 13 14 0: 1.641791
2024-08-01 08:07:00,697 INFO recv 13 -> 14 # 0 at 234519772, 0.625855 0.113619
2024-08-01 08:07:00,698 INFO sent 13 -> 14 # 0 at 217093263, 0.625855 0.113619
2024-08-01 08:07:00,896 INFO CHECKSUM 13 15 0: 1.641791
2024-08-01 08:07:00,897 INFO CHECKSUM 13 15 0: 1.641791
2024-08-01 08:07:00,914 INFO Accepting from rank 14
2024-08-01 08:07:00,914 INFO Accepting from rank 14
2024-08-01 08:07:00,914 INFO Accepting from rank 14
2024-08-01 08:07:00,914 INFO Accepting from rank 14
2024-08-01 08:07:00,914 INFO Sending from rank 14
2024-08-01 08:07:00,914 INFO Accepting from rank 14
2024-08-01 08:07:00,914 INFO Accepting from rank 14
2024-08-01 08:07:00,914 INFO Accepting from rank 14
2024-08-01 08:07:00,914 INFO sent 13 -> 15 # 0 at 191561977, 0.625855 0.113619
2024-08-01 08:07:00,914 INFO Accepting from rank 14
2024-08-01 08:07:00,914 INFO Accepting from rank 14
2024-08-01 08:07:00,914 INFO Accepting from rank 14
2024-08-01 08:07:00,914 INFO Accepting from rank 14
2024-08-01 08:07:00,914 INFO Accepting from rank 14
2024-08-01 08:07:00,914 INFO Accepting from rank 14
2024-08-01 08:07:00,914 INFO Accepting from rank 14
2024-08-01 08:07:00,914 INFO recv 13 -> 15 # 0 at 210331836, 0.625855 0.113619
2024-08-01 08:07:00,915 INFO Accepting from rank 14
2024-08-01 08:07:00,956 INFO CHECKSUM 14 0 0: 1.907351
2024-08-01 08:07:00,957 INFO CHECKSUM 14 0 0: 1.907351
2024-08-01 08:07:00,969 INFO sent 14 -> 0 # 0 at 13976843, 0.342641 0.915483
2024-08-01 08:07:00,969 INFO recv 14 -> 0 # 0 at 27033488, 0.342641 0.915483
2024-08-01 08:07:01,041 INFO CHECKSUM 14 1 0: 1.907351
2024-08-01 08:07:01,041 INFO CHECKSUM 14 1 0: 1.907351
2024-08-01 08:07:01,054 INFO sent 14 -> 1 # 0 at 31156043, 0.342641 0.915483
2024-08-01 08:07:01,061 INFO recv 14 -> 1 # 0 at 43051086, 0.342641 0.915483
2024-08-01 08:07:01,080 INFO CHECKSUM 14 2 0: 1.907351
2024-08-01 08:07:01,088 INFO CHECKSUM 14 2 0: 1.907351
2024-08-01 08:07:01,095 INFO sent 14 -> 2 # 0 at 13718512, 0.342641 0.915483
2024-08-01 08:07:01,095 INFO recv 14 -> 2 # 0 at 28800326, 0.342641 0.915483
2024-08-01 08:07:01,117 INFO CHECKSUM 14 3 0: 1.907351
2024-08-01 08:07:01,117 INFO CHECKSUM 14 3 0: 1.907351
2024-08-01 08:07:01,146 INFO sent 14 -> 3 # 0 at 14352730, 0.342641 0.915483
2024-08-01 08:07:01,146 INFO recv 14 -> 3 # 0 at 43064361, 0.342641 0.915483
2024-08-01 08:07:01,232 INFO CHECKSUM 14 4 0: 1.907351
2024-08-01 08:07:01,238 INFO CHECKSUM 14 4 0: 1.907351
2024-08-01 08:07:01,254 INFO recv 14 -> 4 # 0 at 92528993, 0.342641 0.915483
2024-08-01 08:07:01,258 INFO sent 14 -> 4 # 0 at 70446368, 0.342641 0.915483
2024-08-01 08:07:01,363 INFO CHECKSUM 14 5 0: 1.907351
2024-08-01 08:07:01,364 INFO CHECKSUM 14 5 0: 1.907351
2024-08-01 08:07:01,385 INFO sent 14 -> 5 # 0 at 86018448, 0.342641 0.915483
2024-08-01 08:07:01,385 INFO recv 14 -> 5 # 0 at 111338258, 0.342641 0.915483
2024-08-01 08:07:01,405 INFO CHECKSUM 14 6 0: 1.907351
2024-08-01 08:07:01,405 INFO CHECKSUM 14 6 0: 1.907351
2024-08-01 08:07:01,429 INFO sent 14 -> 6 # 0 at 14280099, 0.342641 0.915483
2024-08-01 08:07:01,429 INFO recv 14 -> 6 # 0 at 38611914, 0.342641 0.915483
2024-08-01 08:07:01,463 INFO CHECKSUM 14 7 0: 1.907351
2024-08-01 08:07:01,463 INFO CHECKSUM 14 7 0: 1.907351
2024-08-01 08:07:01,490 INFO recv 14 -> 7 # 0 at 44532129, 0.342641 0.915483
2024-08-01 08:07:01,490 INFO sent 14 -> 7 # 0 at 13713562, 0.342641 0.915483
2024-08-01 08:07:01,512 INFO CHECKSUM 14 8 0: 1.907351
2024-08-01 08:07:01,512 INFO CHECKSUM 14 8 0: 1.907351
2024-08-01 08:07:01,529 INFO sent 14 -> 8 # 0 at 14622842, 0.342641 0.915483
2024-08-01 08:07:01,529 INFO recv 14 -> 8 # 0 at 31519642, 0.342641 0.915483
2024-08-01 08:07:01,546 INFO CHECKSUM 14 9 0: 1.907351
2024-08-01 08:07:01,555 INFO CHECKSUM 14 9 0: 1.907351
2024-08-01 08:07:01,577 INFO sent 14 -> 9 # 0 at 13944539, 0.342641 0.915483
2024-08-01 08:07:01,577 INFO recv 14 -> 9 # 0 at 45573292, 0.342641 0.915483
2024-08-01 08:07:01,616 INFO CHECKSUM 14 10 0: 1.907351
2024-08-01 08:07:01,616 INFO CHECKSUM 14 10 0: 1.907351
2024-08-01 08:07:01,640 INFO sent 14 -> 10 # 0 at 22330561, 0.342641 0.915483
2024-08-01 08:07:01,640 INFO recv 14 -> 10 # 0 at 46818206, 0.342641 0.915483
2024-08-01 08:07:01,656 INFO CHECKSUM 14 11 0: 1.907351
2024-08-01 08:07:01,657 INFO CHECKSUM 14 11 0: 1.907351
2024-08-01 08:07:01,678 INFO recv 14 -> 11 # 0 at 35110957, 0.342641 0.915483
2024-08-01 08:07:01,678 INFO sent 14 -> 11 # 0 at 13853944, 0.342641 0.915483
2024-08-01 08:07:01,705 INFO CHECKSUM 14 12 0: 1.907351
2024-08-01 08:07:01,705 INFO CHECKSUM 14 12 0: 1.907351
2024-08-01 08:07:01,719 INFO recv 14 -> 12 # 0 at 28913101, 0.342641 0.915483
2024-08-01 08:07:01,719 INFO sent 14 -> 12 # 0 at 14423486, 0.342641 0.915483
2024-08-01 08:07:01,827 INFO CHECKSUM 14 13 0: 1.907351
2024-08-01 08:07:01,828 INFO CHECKSUM 14 13 0: 1.907351
2024-08-01 08:07:01,834 INFO recv 14 -> 13 # 0 at 82365378, 0.342641 0.915483
2024-08-01 08:07:01,834 INFO sent 14 -> 13 # 0 at 75178829, 0.342641 0.915483
2024-08-01 08:07:02,044 INFO CHECKSUM 14 15 0: 1.907351
2024-08-01 08:07:02,044 INFO CHECKSUM 14 15 0: 1.907351
2024-08-01 08:07:02,054 INFO Accepting from rank 15
2024-08-01 08:07:02,054 INFO Accepting from rank 15
2024-08-01 08:07:02,054 INFO Accepting from rank 15
2024-08-01 08:07:02,054 INFO Accepting from rank 15
2024-08-01 08:07:02,054 INFO Accepting from rank 15
2024-08-01 08:07:02,054 INFO Accepting from rank 15
2024-08-01 08:07:02,054 INFO Accepting from rank 15
2024-08-01 08:07:02,054 INFO Accepting from rank 15
2024-08-01 08:07:02,054 INFO sent 14 -> 15 # 0 at 182499017, 0.342641 0.915483
2024-08-01 08:07:02,054 INFO Accepting from rank 15
2024-08-01 08:07:02,054 INFO recv 14 -> 15 # 0 at 192482449, 0.342641 0.915483
2024-08-01 08:07:02,055 INFO Accepting from rank 15
2024-08-01 08:07:02,054 INFO Accepting from rank 15
2024-08-01 08:07:02,054 INFO Accepting from rank 15
2024-08-01 08:07:02,055 INFO Accepting from rank 15
2024-08-01 08:07:02,054 INFO Sending from rank 15
2024-08-01 08:07:02,062 INFO Accepting from rank 15
2024-08-01 08:07:02,062 INFO Accepting from rank 15
2024-08-01 08:07:02,116 INFO CHECKSUM 15 0 0: 2.218749
2024-08-01 08:07:02,116 INFO CHECKSUM 15 0 0: 2.218749
2024-08-01 08:07:02,129 INFO recv 15 -> 0 # 0 at 47927642, 0.029986 0.023443
2024-08-01 08:07:02,134 INFO sent 15 -> 0 # 0 at 34328693, 0.029986 0.023443
2024-08-01 08:07:02,152 INFO CHECKSUM 15 1 0: 2.218749
2024-08-01 08:07:02,152 INFO CHECKSUM 15 1 0: 2.218749
2024-08-01 08:07:02,170 INFO recv 15 -> 1 # 0 at 32034976, 0.029986 0.023443
2024-08-01 08:07:02,178 INFO sent 15 -> 1 # 0 at 14538820, 0.029986 0.023443
2024-08-01 08:07:02,205 INFO CHECKSUM 15 2 0: 2.218749
2024-08-01 08:07:02,208 INFO CHECKSUM 15 2 0: 2.218749
2024-08-01 08:07:02,234 INFO sent 15 -> 2 # 0 at 19336225, 0.029986 0.023443
2024-08-01 08:07:02,238 INFO recv 15 -> 2 # 0 at 51839730, 0.029986 0.023443
2024-08-01 08:07:02,266 INFO CHECKSUM 15 3 0: 2.218749
2024-08-01 08:07:02,267 INFO CHECKSUM 15 3 0: 2.218749
2024-08-01 08:07:02,282 INFO sent 15 -> 3 # 0 at 17031435, 0.029986 0.023443
2024-08-01 08:07:02,282 INFO recv 15 -> 3 # 0 at 29415062, 0.029986 0.023443
2024-08-01 08:07:02,325 INFO CHECKSUM 15 4 0: 2.218749
2024-08-01 08:07:02,331 INFO CHECKSUM 15 4 0: 2.218749
2024-08-01 08:07:02,342 INFO sent 15 -> 4 # 0 at 31064926, 0.029986 0.023443
2024-08-01 08:07:02,342 INFO recv 15 -> 4 # 0 at 47580306, 0.029986 0.023443
2024-08-01 08:07:02,368 INFO CHECKSUM 15 5 0: 2.218749
2024-08-01 08:07:02,368 INFO CHECKSUM 15 5 0: 2.218749
2024-08-01 08:07:02,394 INFO sent 15 -> 5 # 0 at 21513038, 0.029986 0.023443
2024-08-01 08:07:02,401 INFO recv 15 -> 5 # 0 at 54537080, 0.029986 0.023443
2024-08-01 08:07:02,422 INFO CHECKSUM 15 6 0: 2.218749
2024-08-01 08:07:02,422 INFO CHECKSUM 15 6 0: 2.218749
2024-08-01 08:07:02,441 INFO sent 15 -> 6 # 0 at 13939500, 0.029986 0.023443
2024-08-01 08:07:02,441 INFO recv 15 -> 6 # 0 at 33454779, 0.029986 0.023443
2024-08-01 08:07:02,464 INFO CHECKSUM 15 7 0: 2.218749
2024-08-01 08:07:02,464 INFO CHECKSUM 15 7 0: 2.218749
2024-08-01 08:07:02,474 INFO sent 15 -> 7 # 0 at 22067231, 0.029986 0.023443
2024-08-01 08:07:02,474 INFO recv 15 -> 7 # 0 at 32734393, 0.029986 0.023443
2024-08-01 08:07:02,489 INFO CHECKSUM 15 8 0: 2.218749
2024-08-01 08:07:02,490 INFO CHECKSUM 15 8 0: 2.218749
2024-08-01 08:07:02,510 INFO recv 15 -> 8 # 0 at 35388574, 0.029986 0.023443
2024-08-01 08:07:02,513 INFO sent 15 -> 8 # 0 at 13903169, 0.029986 0.023443
2024-08-01 08:07:02,539 INFO CHECKSUM 15 9 0: 2.218749
2024-08-01 08:07:02,539 INFO CHECKSUM 15 9 0: 2.218749
2024-08-01 08:07:02,565 INFO sent 15 -> 9 # 0 at 14011439, 0.029986 0.023443
2024-08-01 08:07:02,569 INFO recv 15 -> 9 # 0 at 44587969, 0.029986 0.023443
2024-08-01 08:07:02,596 INFO CHECKSUM 15 10 0: 2.218749
2024-08-01 08:07:02,597 INFO CHECKSUM 15 10 0: 2.218749
2024-08-01 08:07:02,618 INFO sent 15 -> 10 # 0 at 14460990, 0.029986 0.023443
2024-08-01 08:07:02,618 INFO recv 15 -> 10 # 0 at 35733710, 0.029986 0.023443
2024-08-01 08:07:02,643 INFO CHECKSUM 15 11 0: 2.218749
2024-08-01 08:07:02,653 INFO CHECKSUM 15 11 0: 2.218749
2024-08-01 08:07:02,681 INFO sent 15 -> 11 # 0 at 14173693, 0.029986 0.023443
2024-08-01 08:07:02,685 INFO recv 15 -> 11 # 0 at 55922930, 0.029986 0.023443
2024-08-01 08:07:02,701 INFO CHECKSUM 15 12 0: 2.218749
2024-08-01 08:07:02,701 INFO CHECKSUM 15 12 0: 2.218749
2024-08-01 08:07:02,714 INFO recv 15 -> 12 # 0 at 27132736, 0.029986 0.023443
2024-08-01 08:07:02,714 INFO sent 15 -> 12 # 0 at 14055004, 0.029986 0.023443
2024-08-01 08:07:02,743 INFO CHECKSUM 15 13 0: 2.218749
2024-08-01 08:07:02,744 INFO CHECKSUM 15 13 0: 2.218749
2024-08-01 08:07:02,757 INFO recv 15 -> 13 # 0 at 27830677, 0.029986 0.023443
2024-08-01 08:07:02,757 INFO sent 15 -> 13 # 0 at 13787706, 0.029986 0.023443
2024-08-01 08:07:02,772 INFO CHECKSUM 15 14 0: 2.218749
2024-08-01 08:07:02,772 INFO CHECKSUM 15 14 0: 2.218749
2024-08-01 08:07:02,786 INFO Rank 0 start All-Reduce
2024-08-01 08:07:02,786 INFO Rank 8 start All-Reduce
2024-08-01 08:07:02,786 INFO Rank 4 start All-Reduce
2024-08-01 08:07:02,786 INFO Rank 0 HIT BARRIER
2024-08-01 08:07:02,786 INFO Rank 10 start All-Reduce
2024-08-01 08:07:02,786 INFO Rank 12 start All-Reduce
2024-08-01 08:07:02,786 INFO Rank 13 start All-Reduce
2024-08-01 08:07:02,786 INFO recv 15 -> 14 # 0 at 28547394, 0.029986 0.023443
2024-08-01 08:07:02,786 INFO sent 15 -> 14 # 0 at 14060414, 0.029986 0.023443
2024-08-01 08:07:02,786 INFO Rank 14 start All-Reduce
2024-08-01 08:07:02,786 INFO Rank 15 start All-Reduce
2024-08-01 08:07:02,797 INFO Rank 9 start All-Reduce
2024-08-01 08:07:02,797 INFO Rank 11 start All-Reduce
2024-08-01 08:07:02,798 INFO Rank 2 start All-Reduce
2024-08-01 08:07:02,798 INFO Rank 2 HIT BARRIER
2024-08-01 08:07:02,798 INFO Rank 6 start All-Reduce
2024-08-01 08:07:02,806 INFO Rank 1 start All-Reduce
2024-08-01 08:07:02,806 INFO Rank 3 start All-Reduce
2024-08-01 08:07:02,806 INFO Rank 5 start All-Reduce
2024-08-01 08:07:02,806 INFO Rank 1 HIT BARRIER
2024-08-01 08:07:02,806 INFO Rank 7 start All-Reduce
2024-08-01 08:07:02,806 INFO Rank 3 HIT BARRIER
2024-08-01 08:07:02,810 INFO Added key: store_based_barrier_key:2 to store for rank: 4
2024-08-01 08:07:02,810 INFO Added key: store_based_barrier_key:2 to store for rank: 12
2024-08-01 08:07:02,810 INFO Added key: store_based_barrier_key:2 to store for rank: 3
2024-08-01 08:07:02,810 INFO Added key: store_based_barrier_key:2 to store for rank: 8
2024-08-01 08:07:02,810 INFO Added key: store_based_barrier_key:2 to store for rank: 6
2024-08-01 08:07:02,810 INFO Added key: store_based_barrier_key:2 to store for rank: 2
2024-08-01 08:07:02,810 INFO Added key: store_based_barrier_key:2 to store for rank: 10
2024-08-01 08:07:02,810 INFO Added key: store_based_barrier_key:2 to store for rank: 7
2024-08-01 08:07:02,810 INFO Added key: store_based_barrier_key:2 to store for rank: 14
2024-08-01 08:07:02,810 INFO Added key: store_based_barrier_key:2 to store for rank: 1
2024-08-01 08:07:02,810 INFO Added key: store_based_barrier_key:2 to store for rank: 9
2024-08-01 08:07:02,810 INFO Added key: store_based_barrier_key:2 to store for rank: 5
2024-08-01 08:07:02,810 INFO Added key: store_based_barrier_key:2 to store for rank: 15
2024-08-01 08:07:02,811 INFO Added key: store_based_barrier_key:2 to store for rank: 0
2024-08-01 08:07:02,810 INFO Added key: store_based_barrier_key:2 to store for rank: 11
2024-08-01 08:07:02,810 INFO Added key: store_based_barrier_key:2 to store for rank: 13
2024-08-01 08:07:02,811 INFO Rank 0: Completed store-based barrier for key:store_based_barrier_key:2 with 16 nodes.
2024-08-01 08:07:02,811 INFO Made group
2024-08-01 08:07:02,820 INFO Rank 3: Completed store-based barrier for key:store_based_barrier_key:2 with 16 nodes.
2024-08-01 08:07:02,820 INFO Rank 2: Completed store-based barrier for key:store_based_barrier_key:2 with 16 nodes.
2024-08-01 08:07:02,821 INFO Rank 8: Completed store-based barrier for key:store_based_barrier_key:2 with 16 nodes.
2024-08-01 08:07:02,820 INFO Rank 4: Completed store-based barrier for key:store_based_barrier_key:2 with 16 nodes.
2024-08-01 08:07:02,820 INFO Made group
2024-08-01 08:07:02,821 INFO Rank 12: Completed store-based barrier for key:store_based_barrier_key:2 with 16 nodes.
2024-08-01 08:07:02,821 INFO Made group
2024-08-01 08:07:02,821 INFO Rank 10: Completed store-based barrier for key:store_based_barrier_key:2 with 16 nodes.
2024-08-01 08:07:02,820 INFO Rank 5: Completed store-based barrier for key:store_based_barrier_key:2 with 16 nodes.
2024-08-01 08:07:02,821 INFO Rank 1: Completed store-based barrier for key:store_based_barrier_key:2 with 16 nodes.
2024-08-01 08:07:02,820 INFO Rank 6: Completed store-based barrier for key:store_based_barrier_key:2 with 16 nodes.
2024-08-01 08:07:02,821 INFO Rank 14: Completed store-based barrier for key:store_based_barrier_key:2 with 16 nodes.
2024-08-01 08:07:02,821 INFO Made group
2024-08-01 08:07:02,821 INFO Rank 9: Completed store-based barrier for key:store_based_barrier_key:2 with 16 nodes.
2024-08-01 08:07:02,820 INFO Rank 7: Completed store-based barrier for key:store_based_barrier_key:2 with 16 nodes.
2024-08-01 08:07:02,821 INFO Rank 13: Completed store-based barrier for key:store_based_barrier_key:2 with 16 nodes.
2024-08-01 08:07:02,821 INFO Rank 11: Completed store-based barrier for key:store_based_barrier_key:2 with 16 nodes.
2024-08-01 08:07:02,821 INFO Rank 15: Completed store-based barrier for key:store_based_barrier_key:2 with 16 nodes.
2024-08-01 08:07:03,142 INFO Node Reduce CHECKSUM 1: 3.800912
2024-08-01 08:07:03,145 INFO Node Reduce CHECKSUM 2: 3.800912
2024-08-01 08:07:03,142 INFO Node Reduce CHECKSUM 3: 3.800912
2024-08-01 08:07:03,081 INFO Node Reduce CHECKSUM 0: 3.800912
2024-08-01 08:07:03,166 INFO Node Reduce rank 0 at 356015796
2024-08-01 08:07:03,166 INFO Rank 4 HIT BARRIER
2024-08-01 08:07:03,166 INFO Node Reduce rank 1 at 356011819
2024-08-01 08:07:03,166 INFO Node Reduce rank 2 at 356022919
2024-08-01 08:07:03,166 INFO Rank 6 HIT BARRIER
2024-08-01 08:07:03,166 INFO Node Reduce rank 3 at 355986389
2024-08-01 08:07:03,166 INFO Rank 5 HIT BARRIER
2024-08-01 08:07:03,166 INFO Rank 7 HIT BARRIER
2024-08-01 08:07:03,178 INFO Added key: store_based_barrier_key:3 to store for rank: 8
2024-08-01 08:07:03,178 INFO Added key: store_based_barrier_key:3 to store for rank: 6
2024-08-01 08:07:03,178 INFO Added key: store_based_barrier_key:3 to store for rank: 1
2024-08-01 08:07:03,178 INFO Added key: store_based_barrier_key:3 to store for rank: 2
2024-08-01 08:07:03,178 INFO Added key: store_based_barrier_key:3 to store for rank: 10
2024-08-01 08:07:03,179 INFO Added key: store_based_barrier_key:3 to store for rank: 12
2024-08-01 08:07:03,178 INFO Added key: store_based_barrier_key:3 to store for rank: 3
2024-08-01 08:07:03,178 INFO Added key: store_based_barrier_key:3 to store for rank: 9
2024-08-01 08:07:03,179 INFO Added key: store_based_barrier_key:3 to store for rank: 4
2024-08-01 08:07:03,179 INFO Added key: store_based_barrier_key:3 to store for rank: 14
2024-08-01 08:07:03,179 INFO Added key: store_based_barrier_key:3 to store for rank: 0
2024-08-01 08:07:03,178 INFO Added key: store_based_barrier_key:3 to store for rank: 11
2024-08-01 08:07:03,179 INFO Added key: store_based_barrier_key:3 to store for rank: 5
2024-08-01 08:07:03,179 INFO Added key: store_based_barrier_key:3 to store for rank: 15
2024-08-01 08:07:03,179 INFO Rank 0: Completed store-based barrier for key:store_based_barrier_key:3 with 16 nodes.
2024-08-01 08:07:03,179 INFO Added key: store_based_barrier_key:3 to store for rank: 7
2024-08-01 08:07:03,179 INFO Added key: store_based_barrier_key:3 to store for rank: 13
2024-08-01 08:07:03,179 INFO Rank 4: Completed store-based barrier for key:store_based_barrier_key:3 with 16 nodes.
2024-08-01 08:07:03,179 INFO Rank 15: Completed store-based barrier for key:store_based_barrier_key:3 with 16 nodes.
2024-08-01 08:07:03,179 INFO Rank 7: Completed store-based barrier for key:store_based_barrier_key:3 with 16 nodes.
2024-08-01 08:07:03,179 INFO Rank 14: Completed store-based barrier for key:store_based_barrier_key:3 with 16 nodes.
2024-08-01 08:07:03,179 INFO Rank 5: Completed store-based barrier for key:store_based_barrier_key:3 with 16 nodes.
2024-08-01 08:07:03,179 INFO Rank 12: Completed store-based barrier for key:store_based_barrier_key:3 with 16 nodes.
2024-08-01 08:07:03,179 INFO Made group
2024-08-01 08:07:03,179 INFO Rank 13: Completed store-based barrier for key:store_based_barrier_key:3 with 16 nodes.
2024-08-01 08:07:03,179 INFO Made group
2024-08-01 08:07:03,179 INFO Made group
2024-08-01 08:07:03,188 INFO Rank 3: Completed store-based barrier for key:store_based_barrier_key:3 with 16 nodes.
2024-08-01 08:07:03,188 INFO Rank 1: Completed store-based barrier for key:store_based_barrier_key:3 with 16 nodes.
2024-08-01 08:07:03,189 INFO Rank 2: Completed store-based barrier for key:store_based_barrier_key:3 with 16 nodes.
2024-08-01 08:07:03,189 INFO Rank 9: Completed store-based barrier for key:store_based_barrier_key:3 with 16 nodes.
2024-08-01 08:07:03,189 INFO Rank 6: Completed store-based barrier for key:store_based_barrier_key:3 with 16 nodes.
2024-08-01 08:07:03,189 INFO Made group
2024-08-01 08:07:03,189 INFO Rank 11: Completed store-based barrier for key:store_based_barrier_key:3 with 16 nodes.
2024-08-01 08:07:03,189 INFO Rank 8: Completed store-based barrier for key:store_based_barrier_key:3 with 16 nodes.
2024-08-01 08:07:03,189 INFO Rank 10: Completed store-based barrier for key:store_based_barrier_key:3 with 16 nodes.
2024-08-01 08:07:03,493 INFO Node Reduce CHECKSUM 4: 4.123644
2024-08-01 08:07:03,494 INFO Node Reduce CHECKSUM 5: 4.123644
2024-08-01 08:07:03,497 INFO Node Reduce CHECKSUM 6: 4.123644
2024-08-01 08:07:03,493 INFO Node Reduce CHECKSUM 7: 4.123644
2024-08-01 08:07:03,514 INFO Rank 8 HIT BARRIER
2024-08-01 08:07:03,514 INFO Node Reduce rank 4 at 336134410
2024-08-01 08:07:03,514 INFO Rank 9 HIT BARRIER
2024-08-01 08:07:03,514 INFO Node Reduce rank 5 at 336135523
2024-08-01 08:07:03,514 INFO Rank 11 HIT BARRIER
2024-08-01 08:07:03,514 INFO Node Reduce rank 6 at 336138418
2024-08-01 08:07:03,514 INFO Rank 10 HIT BARRIER
2024-08-01 08:07:03,514 INFO Node Reduce rank 7 at 336136895
2024-08-01 08:07:03,525 INFO Added key: store_based_barrier_key:4 to store for rank: 0
2024-08-01 08:07:03,525 INFO Added key: store_based_barrier_key:4 to store for rank: 1
2024-08-01 08:07:03,525 INFO Added key: store_based_barrier_key:4 to store for rank: 2
2024-08-01 08:07:03,526 INFO Added key: store_based_barrier_key:4 to store for rank: 8
2024-08-01 08:07:03,526 INFO Added key: store_based_barrier_key:4 to store for rank: 12
2024-08-01 08:07:03,525 INFO Added key: store_based_barrier_key:4 to store for rank: 3
2024-08-01 08:07:03,526 INFO Added key: store_based_barrier_key:4 to store for rank: 10
2024-08-01 08:07:03,526 INFO Added key: store_based_barrier_key:4 to store for rank: 4
2024-08-01 08:07:03,526 INFO Added key: store_based_barrier_key:4 to store for rank: 14
2024-08-01 08:07:03,526 INFO Added key: store_based_barrier_key:4 to store for rank: 9
2024-08-01 08:07:03,526 INFO Added key: store_based_barrier_key:4 to store for rank: 5
2024-08-01 08:07:03,526 INFO Added key: store_based_barrier_key:4 to store for rank: 15
2024-08-01 08:07:03,526 INFO Added key: store_based_barrier_key:4 to store for rank: 11
2024-08-01 08:07:03,526 INFO Added key: store_based_barrier_key:4 to store for rank: 6
2024-08-01 08:07:03,526 INFO Added key: store_based_barrier_key:4 to store for rank: 13
2024-08-01 08:07:03,526 INFO Rank 8: Completed store-based barrier for key:store_based_barrier_key:4 with 16 nodes.
2024-08-01 08:07:03,526 INFO Added key: store_based_barrier_key:4 to store for rank: 7
2024-08-01 08:07:03,526 INFO Rank 15: Completed store-based barrier for key:store_based_barrier_key:4 with 16 nodes.
2024-08-01 08:07:03,526 INFO Rank 10: Completed store-based barrier for key:store_based_barrier_key:4 with 16 nodes.
2024-08-01 08:07:03,526 INFO Made group
2024-08-01 08:07:03,526 INFO Rank 4: Completed store-based barrier for key:store_based_barrier_key:4 with 16 nodes.
2024-08-01 08:07:03,526 INFO Rank 14: Completed store-based barrier for key:store_based_barrier_key:4 with 16 nodes.
2024-08-01 08:07:03,526 INFO Made group
2024-08-01 08:07:03,526 INFO Rank 6: Completed store-based barrier for key:store_based_barrier_key:4 with 16 nodes.
2024-08-01 08:07:03,526 INFO Rank 12: Completed store-based barrier for key:store_based_barrier_key:4 with 16 nodes.
2024-08-01 08:07:03,526 INFO Rank 9: Completed store-based barrier for key:store_based_barrier_key:4 with 16 nodes.
2024-08-01 08:07:03,526 INFO Rank 7: Completed store-based barrier for key:store_based_barrier_key:4 with 16 nodes.
2024-08-01 08:07:03,526 INFO Rank 13: Completed store-based barrier for key:store_based_barrier_key:4 with 16 nodes.
2024-08-01 08:07:03,526 INFO Rank 11: Completed store-based barrier for key:store_based_barrier_key:4 with 16 nodes.
2024-08-01 08:07:03,526 INFO Rank 5: Completed store-based barrier for key:store_based_barrier_key:4 with 16 nodes.
2024-08-01 08:07:03,526 INFO Made group
2024-08-01 08:07:03,526 INFO Made group
2024-08-01 08:07:03,536 INFO Rank 3: Completed store-based barrier for key:store_based_barrier_key:4 with 16 nodes.
2024-08-01 08:07:03,536 INFO Rank 2: Completed store-based barrier for key:store_based_barrier_key:4 with 16 nodes.
2024-08-01 08:07:03,536 INFO Rank 1: Completed store-based barrier for key:store_based_barrier_key:4 with 16 nodes.
2024-08-01 08:07:03,536 INFO Rank 0: Completed store-based barrier for key:store_based_barrier_key:4 with 16 nodes.
2024-08-01 08:07:03,838 INFO Node Reduce CHECKSUM 8: 4.997155
2024-08-01 08:07:03,904 INFO Node Reduce CHECKSUM 9: 4.997155
2024-08-01 08:07:03,850 INFO Node Reduce CHECKSUM 10: 4.997155
2024-08-01 08:07:03,848 INFO Node Reduce CHECKSUM 11: 4.997155
2024-08-01 08:07:03,946 INFO Rank 12 HIT BARRIER
2024-08-01 08:07:03,946 INFO Node Reduce rank 8 at 421238358
2024-08-01 08:07:03,946 INFO Rank 13 HIT BARRIER
2024-08-01 08:07:03,946 INFO Node Reduce rank 9 at 421245591
2024-08-01 08:07:03,947 INFO Rank 14 HIT BARRIER
2024-08-01 08:07:03,946 INFO Node Reduce rank 10 at 421255952
2024-08-01 08:07:03,946 INFO Rank 15 HIT BARRIER
2024-08-01 08:07:03,946 INFO Node Reduce rank 11 at 421283174
2024-08-01 08:07:03,958 INFO Added key: store_based_barrier_key:5 to store for rank: 0
2024-08-01 08:07:03,958 INFO Added key: store_based_barrier_key:5 to store for rank: 5
2024-08-01 08:07:03,958 INFO Added key: store_based_barrier_key:5 to store for rank: 1
2024-08-01 08:07:03,959 INFO Added key: store_based_barrier_key:5 to store for rank: 8
2024-08-01 08:07:03,959 INFO Added key: store_based_barrier_key:5 to store for rank: 14
2024-08-01 08:07:03,958 INFO Added key: store_based_barrier_key:5 to store for rank: 2
2024-08-01 08:07:03,959 INFO Added key: store_based_barrier_key:5 to store for rank: 4
2024-08-01 08:07:03,959 INFO Added key: store_based_barrier_key:5 to store for rank: 15
2024-08-01 08:07:03,958 INFO Added key: store_based_barrier_key:5 to store for rank: 3
2024-08-01 08:07:03,959 INFO Added key: store_based_barrier_key:5 to store for rank: 10
2024-08-01 08:07:03,959 INFO Added key: store_based_barrier_key:5 to store for rank: 6
2024-08-01 08:07:03,959 INFO Added key: store_based_barrier_key:5 to store for rank: 12
2024-08-01 08:07:03,959 INFO Added key: store_based_barrier_key:5 to store for rank: 11
2024-08-01 08:07:03,959 INFO Added key: store_based_barrier_key:5 to store for rank: 7
2024-08-01 08:07:03,959 INFO Rank 12: Completed store-based barrier for key:store_based_barrier_key:5 with 16 nodes.
2024-08-01 08:07:03,959 INFO Added key: store_based_barrier_key:5 to store for rank: 9
2024-08-01 08:07:03,959 INFO Rank 4: Completed store-based barrier for key:store_based_barrier_key:5 with 16 nodes.
2024-08-01 08:07:03,959 INFO Added key: store_based_barrier_key:5 to store for rank: 13
2024-08-01 08:07:03,959 INFO Rank 8: Completed store-based barrier for key:store_based_barrier_key:5 with 16 nodes.
2024-08-01 08:07:03,959 INFO Rank 6: Completed store-based barrier for key:store_based_barrier_key:5 with 16 nodes.
2024-08-01 08:07:03,959 INFO Rank 14: Completed store-based barrier for key:store_based_barrier_key:5 with 16 nodes.
2024-08-01 08:07:03,959 INFO Rank 9: Completed store-based barrier for key:store_based_barrier_key:5 with 16 nodes.
2024-08-01 08:07:03,959 INFO Rank 7: Completed store-based barrier for key:store_based_barrier_key:5 with 16 nodes.
2024-08-01 08:07:03,959 INFO Made group
2024-08-01 08:07:03,959 INFO Rank 10: Completed store-based barrier for key:store_based_barrier_key:5 with 16 nodes.
2024-08-01 08:07:03,959 INFO Rank 15: Completed store-based barrier for key:store_based_barrier_key:5 with 16 nodes.
2024-08-01 08:07:03,959 INFO Rank 11: Completed store-based barrier for key:store_based_barrier_key:5 with 16 nodes.
2024-08-01 08:07:03,959 INFO Made group
2024-08-01 08:07:03,959 INFO Made group
2024-08-01 08:07:03,959 INFO Rank 13: Completed store-based barrier for key:store_based_barrier_key:5 with 16 nodes.
2024-08-01 08:07:03,959 INFO Made group
2024-08-01 08:07:03,968 INFO Rank 3: Completed store-based barrier for key:store_based_barrier_key:5 with 16 nodes.
2024-08-01 08:07:03,968 INFO Rank 2: Completed store-based barrier for key:store_based_barrier_key:5 with 16 nodes.
2024-08-01 08:07:03,969 INFO Rank 5: Completed store-based barrier for key:store_based_barrier_key:5 with 16 nodes.
2024-08-01 08:07:03,968 INFO Rank 1: Completed store-based barrier for key:store_based_barrier_key:5 with 16 nodes.
2024-08-01 08:07:03,969 INFO Rank 0: Completed store-based barrier for key:store_based_barrier_key:5 with 16 nodes.
2024-08-01 08:07:04,248 INFO Node Reduce CHECKSUM 12: 6.776668
2024-08-01 08:07:04,250 INFO Node Reduce CHECKSUM 13: 6.776668
2024-08-01 08:07:04,252 INFO Node Reduce CHECKSUM 14: 6.776668
2024-08-01 08:07:04,184 INFO Node Reduce CHECKSUM 15: 6.776668
2024-08-01 08:07:04,263 INFO Node Reduce rank 12 at 305170366
2024-08-01 08:07:04,263 INFO Node Reduce rank 13 at 305176268
2024-08-01 08:07:04,263 INFO Node Reduce rank 14 at 305176098
2024-08-01 08:07:04,263 INFO Node Reduce rank 15 at 305173422
2024-08-01 08:07:04,276 INFO All Reduce CHECKSUM 0: 24.190884
2024-08-01 08:07:04,274 INFO All Reduce CHECKSUM 3: 24.190884
2024-08-01 08:07:04,276 INFO All Reduce CHECKSUM 14: 24.190884
2024-08-01 08:07:04,277 INFO All Reduce CHECKSUM 1: 24.190884
2024-08-01 08:07:04,277 INFO All Reduce CHECKSUM 9: 24.190884
2024-08-01 08:07:04,276 INFO All Reduce CHECKSUM 5: 24.190884
2024-08-01 08:07:04,277 INFO All Reduce CHECKSUM 12: 24.190884
2024-08-01 08:07:04,277 INFO All Reduce CHECKSUM 2: 24.190884
2024-08-01 08:07:04,274 INFO All Reduce CHECKSUM 10: 24.190884
2024-08-01 08:07:04,276 INFO All Reduce CHECKSUM 7: 24.190884
2024-08-01 08:07:04,277 INFO All Reduce CHECKSUM 13: 24.190884
2024-08-01 08:07:04,277 INFO All Reduce CHECKSUM 8: 24.190884
2024-08-01 08:07:04,277 INFO All Reduce CHECKSUM 4: 24.190884
2024-08-01 08:07:04,277 INFO All Reduce CHECKSUM 15: 24.190884
2024-08-01 08:07:04,277 INFO All Reduce CHECKSUM 11: 24.190884
2024-08-01 08:07:04,277 INFO All Reduce CHECKSUM 6: 24.190884
2024-08-01 08:07:04,282 INFO All Reduce rank 0 at 7595482
2024-08-01 08:07:04,282 INFO All Reduce rank 8 at 7594256
2024-08-01 08:07:04,282 INFO All Reduce rank 12 at 7623175
2024-08-01 08:07:04,282 INFO All Reduce rank 1 at 7602616
2024-08-01 08:07:04,282 INFO All Reduce rank 9 at 4515240
2024-08-01 08:07:04,282 INFO All Reduce rank 4 at 7594379
2024-08-01 08:07:04,282 INFO Rank 4 done
2024-08-01 08:07:04,282 INFO All Reduce rank 13 at 7502702
2024-08-01 08:07:04,282 INFO Rank 13 done
2024-08-01 08:07:04,282 INFO All Reduce rank 2 at 7600351
2024-08-01 08:07:04,282 INFO All Reduce rank 11 at 4525129
2024-08-01 08:07:04,282 INFO All Reduce rank 5 at 7594920
2024-08-01 08:07:04,282 INFO Rank 5 done
2024-08-01 08:07:04,282 INFO All Reduce rank 14 at 7503353
2024-08-01 08:07:04,282 INFO Rank 14 done
2024-08-01 08:07:04,282 INFO All Reduce rank 3 at 7624618
2024-08-01 08:07:04,282 INFO Rank 8 done
2024-08-01 08:07:04,282 INFO All Reduce rank 6 at 7595020
2024-08-01 08:07:04,282 INFO Rank 6 done
2024-08-01 08:07:04,282 INFO All Reduce rank 15 at 7504105
2024-08-01 08:07:04,282 INFO Rank 15 done
2024-08-01 08:07:04,282 INFO Rank 0 done
2024-08-01 08:07:04,282 INFO Rank 9 done
2024-08-01 08:07:04,282 INFO All Reduce rank 7 at 7594038
2024-08-01 08:07:04,282 INFO Rank 7 done
2024-08-01 08:07:04,282 INFO Rank 12 done
2024-08-01 08:07:04,282 INFO Rank 1 done
2024-08-01 08:07:04,282 INFO All Reduce rank 10 at 7537567
2024-08-01 08:07:04,282 INFO Rank 2 done
2024-08-01 08:07:04,282 INFO Rank 11 done
2024-08-01 08:07:04,282 INFO Rank 3 done
2024-08-01 08:07:04,282 INFO Rank 10 done
