
2024-08-01 07:57:39,330 INFO Initialized rank 2 out of 16
2024-08-01 07:57:39,330 INFO Initialized rank 15 out of 16
2024-08-01 07:57:39,330 INFO Initialized rank 1 out of 16
2024-08-01 07:57:39,334 INFO Initialized rank 14 out of 16
2024-08-01 07:57:39,335 INFO Initialized rank 11 out of 16
2024-08-01 07:57:39,335 INFO Initialized rank 10 out of 16
2024-08-01 07:57:39,335 INFO Initialized rank 13 out of 16
2024-08-01 07:57:39,335 INFO Initialized rank 7 out of 16
2024-08-01 07:57:39,335 INFO Initialized rank 12 out of 16
2024-08-01 07:57:39,335 INFO Initialized rank 4 out of 16
2024-08-01 07:57:39,335 INFO Initialized rank 5 out of 16
2024-08-01 07:57:39,336 INFO Initialized rank 8 out of 16
2024-08-01 07:57:39,336 INFO Initialized rank 6 out of 16
2024-08-01 07:57:39,336 INFO Initialized rank 9 out of 16
2024-08-01 07:57:39,341 INFO Initialized rank 3 out of 16
2024-08-01 07:57:39,342 INFO Initialized rank 0 out of 16
2024-08-01 07:57:42,042 INFO Sync time
2024-08-01 07:57:42,042 INFO Sync time
2024-08-01 07:57:42,042 INFO Sync time
2024-08-01 07:57:42,042 INFO Sync time
2024-08-01 07:57:42,042 INFO Sync time
2024-08-01 07:57:42,042 INFO Sync time
2024-08-01 07:57:42,042 INFO Sync time
2024-08-01 07:57:42,042 INFO Sync time
2024-08-01 07:57:42,042 INFO Sync time
2024-08-01 07:57:42,042 INFO Sync time
2024-08-01 07:57:42,042 INFO Sync time
2024-08-01 07:57:42,042 INFO Sync time
2024-08-01 07:57:42,042 INFO Sync time
2024-08-01 07:57:42,042 INFO Sending from rank 0
2024-08-01 07:57:42,042 INFO Sync time
2024-08-01 07:57:42,042 INFO Sync time
2024-08-01 07:57:42,042 INFO Sync time
2024-08-01 07:57:42,042 INFO Accepting from rank 0
2024-08-01 07:57:42,042 INFO Accepting from rank 0
2024-08-01 07:57:42,042 INFO Accepting from rank 0
2024-08-01 07:57:42,042 INFO Accepting from rank 0
2024-08-01 07:57:42,042 INFO Accepting from rank 0
2024-08-01 07:57:42,042 INFO Accepting from rank 0
2024-08-01 07:57:42,042 INFO Accepting from rank 0
2024-08-01 07:57:42,042 INFO Accepting from rank 0
2024-08-01 07:57:42,042 INFO Accepting from rank 0
2024-08-01 07:57:42,042 INFO Accepting from rank 0
2024-08-01 07:57:42,042 INFO Accepting from rank 0
2024-08-01 07:57:42,042 INFO Accepting from rank 0
2024-08-01 07:57:42,042 INFO Accepting from rank 0
2024-08-01 07:57:42,042 INFO Accepting from rank 0
2024-08-01 07:57:42,042 INFO Accepting from rank 0
2024-08-01 07:57:42,297 INFO CHECKSUM 0 1 0: 0.484895
2024-08-01 07:57:42,299 INFO CHECKSUM 0 1 0: 0.484895
2024-08-01 07:57:42,313 INFO sent 0 -> 1 # 0 at 229926079, 0.117398 0.463276
2024-08-01 07:57:42,313 INFO recv 0 -> 1 # 0 at 240346820, 0.117398 0.463276
2024-08-01 07:57:42,539 INFO CHECKSUM 0 2 0: 0.484895
2024-08-01 07:57:42,541 INFO CHECKSUM 0 2 0: 0.484895
2024-08-01 07:57:42,565 INFO sent 0 -> 2 # 0 at 214105041, 0.117398 0.463276
2024-08-01 07:57:42,565 INFO recv 0 -> 2 # 0 at 240230926, 0.117398 0.463276
2024-08-01 07:57:42,843 INFO CHECKSUM 0 3 0: 0.484895
2024-08-01 07:57:42,844 INFO CHECKSUM 0 3 0: 0.484895
2024-08-01 07:57:42,873 INFO sent 0 -> 3 # 0 at 272486476, 0.117398 0.463276
2024-08-01 07:57:42,873 INFO recv 0 -> 3 # 0 at 301926235, 0.117398 0.463276
2024-08-01 07:57:43,083 INFO CHECKSUM 0 4 0: 0.484895
2024-08-01 07:57:43,099 INFO sent 0 -> 4 # 0 at 196521592, 0.117398 0.463276
2024-08-01 07:57:43,084 INFO CHECKSUM 0 4 0: 0.484895
2024-08-01 07:57:43,099 INFO recv 0 -> 4 # 0 at 213263471, 0.117398 0.463276
2024-08-01 07:57:43,303 INFO CHECKSUM 0 5 0: 0.484895
2024-08-01 07:57:43,304 INFO CHECKSUM 0 5 0: 0.484895
2024-08-01 07:57:43,325 INFO sent 0 -> 5 # 0 at 196813897, 0.117398 0.463276
2024-08-01 07:57:43,326 INFO recv 0 -> 5 # 0 at 219544444, 0.117398 0.463276
2024-08-01 07:57:43,570 INFO CHECKSUM 0 6 0: 0.484895
2024-08-01 07:57:43,572 INFO CHECKSUM 0 6 0: 0.484895
2024-08-01 07:57:43,590 INFO sent 0 -> 6 # 0 at 244352697, 0.117398 0.463276
2024-08-01 07:57:43,594 INFO recv 0 -> 6 # 0 at 268635747, 0.117398 0.463276
2024-08-01 07:57:43,811 INFO CHECKSUM 0 7 0: 0.484895
2024-08-01 07:57:43,813 INFO CHECKSUM 0 7 0: 0.484895
2024-08-01 07:57:43,828 INFO sent 0 -> 7 # 0 at 213031920, 0.117398 0.463276
2024-08-01 07:57:43,828 INFO recv 0 -> 7 # 0 at 229686570, 0.117398 0.463276
2024-08-01 07:57:44,030 INFO CHECKSUM 0 8 0: 0.484895
2024-08-01 07:57:44,044 INFO sent 0 -> 8 # 0 at 196549326, 0.117398 0.463276
2024-08-01 07:57:44,032 INFO CHECKSUM 0 8 0: 0.484895
2024-08-01 07:57:44,044 INFO recv 0 -> 8 # 0 at 210641446, 0.117398 0.463276
2024-08-01 07:57:44,242 INFO CHECKSUM 0 9 0: 0.484895
2024-08-01 07:57:44,244 INFO CHECKSUM 0 9 0: 0.484895
2024-08-01 07:57:44,273 INFO sent 0 -> 9 # 0 at 184489584, 0.117398 0.463276
2024-08-01 07:57:44,279 INFO recv 0 -> 9 # 0 at 221263731, 0.117398 0.463276
2024-08-01 07:57:44,516 INFO CHECKSUM 0 10 0: 0.484895
2024-08-01 07:57:44,517 INFO CHECKSUM 0 10 0: 0.484895
2024-08-01 07:57:44,527 INFO sent 0 -> 10 # 0 at 231589297, 0.117398 0.463276
2024-08-01 07:57:44,527 INFO recv 0 -> 10 # 0 at 242520272, 0.117398 0.463276
2024-08-01 07:57:44,723 INFO CHECKSUM 0 11 0: 0.484895
2024-08-01 07:57:44,735 INFO CHECKSUM 0 11 0: 0.484895
2024-08-01 07:57:44,746 INFO sent 0 -> 11 # 0 at 185369962, 0.117398 0.463276
2024-08-01 07:57:44,746 INFO recv 0 -> 11 # 0 at 208782626, 0.117398 0.463276
2024-08-01 07:57:44,955 INFO CHECKSUM 0 12 0: 0.484895
2024-08-01 07:57:44,957 INFO CHECKSUM 0 12 0: 0.484895
2024-08-01 07:57:44,967 INFO sent 0 -> 12 # 0 at 197507534, 0.117398 0.463276
2024-08-01 07:57:44,967 INFO recv 0 -> 12 # 0 at 209525464, 0.117398 0.463276
2024-08-01 07:57:45,179 INFO CHECKSUM 0 13 0: 0.484895
2024-08-01 07:57:45,180 INFO CHECKSUM 0 13 0: 0.484895
2024-08-01 07:57:45,190 INFO sent 0 -> 13 # 0 at 197833723, 0.117398 0.463276
2024-08-01 07:57:45,193 INFO recv 0 -> 13 # 0 at 212110568, 0.117398 0.463276
2024-08-01 07:57:45,423 INFO CHECKSUM 0 14 0: 0.484895
2024-08-01 07:57:45,424 INFO CHECKSUM 0 14 0: 0.484895
2024-08-01 07:57:45,435 INFO sent 0 -> 14 # 0 at 201602243, 0.117398 0.463276
2024-08-01 07:57:45,435 INFO recv 0 -> 14 # 0 at 210209939, 0.117398 0.463276
2024-08-01 07:57:45,675 INFO CHECKSUM 0 15 0: 0.484895
2024-08-01 07:57:45,677 INFO CHECKSUM 0 15 0: 0.484895
2024-08-01 07:57:45,701 INFO sent 0 -> 15 # 0 at 239377260, 0.117398 0.463276
2024-08-01 07:57:45,701 INFO Accepting from rank 1
2024-08-01 07:57:45,701 INFO Accepting from rank 1
2024-08-01 07:57:45,701 INFO Accepting from rank 1
2024-08-01 07:57:45,701 INFO Accepting from rank 1
2024-08-01 07:57:45,705 INFO Accepting from rank 1
2024-08-01 07:57:45,705 INFO Accepting from rank 1
2024-08-01 07:57:45,705 INFO Accepting from rank 1
2024-08-01 07:57:45,705 INFO Sending from rank 1
2024-08-01 07:57:45,705 INFO Accepting from rank 1
2024-08-01 07:57:45,705 INFO Accepting from rank 1
2024-08-01 07:57:45,705 INFO Accepting from rank 1
2024-08-01 07:57:45,705 INFO Accepting from rank 1
2024-08-01 07:57:45,705 INFO recv 0 -> 15 # 0 at 269519525, 0.117398 0.463276
2024-08-01 07:57:45,705 INFO Accepting from rank 1
2024-08-01 07:57:45,705 INFO Accepting from rank 1
2024-08-01 07:57:45,705 INFO Accepting from rank 1
2024-08-01 07:57:45,705 INFO Accepting from rank 1
2024-08-01 07:57:45,752 INFO CHECKSUM 1 0 0: 2.434532
2024-08-01 07:57:45,752 INFO CHECKSUM 1 0 0: 2.434532
2024-08-01 07:57:45,765 INFO recv 1 -> 0 # 0 at 28201098, 0.880038 0.153614
2024-08-01 07:57:45,765 INFO sent 1 -> 0 # 0 at 14453460, 0.880038 0.153614
2024-08-01 07:57:45,955 INFO CHECKSUM 1 2 0: 2.434532
2024-08-01 07:57:45,955 INFO CHECKSUM 1 2 0: 2.434532
2024-08-01 07:57:45,978 INFO sent 1 -> 2 # 0 at 184498470, 0.880038 0.153614
2024-08-01 07:57:45,978 INFO recv 1 -> 2 # 0 at 207098205, 0.880038 0.153614
2024-08-01 07:57:46,158 INFO CHECKSUM 1 3 0: 2.434532
2024-08-01 07:57:46,158 INFO CHECKSUM 1 3 0: 2.434532
2024-08-01 07:57:46,181 INFO sent 1 -> 3 # 0 at 180129292, 0.880038 0.153614
2024-08-01 07:57:46,181 INFO recv 1 -> 3 # 0 at 203456570, 0.880038 0.153614
2024-08-01 07:57:46,367 INFO CHECKSUM 1 4 0: 2.434532
2024-08-01 07:57:46,367 INFO CHECKSUM 1 4 0: 2.434532
2024-08-01 07:57:46,384 INFO sent 1 -> 4 # 0 at 180220328, 0.880038 0.153614
2024-08-01 07:57:46,384 INFO recv 1 -> 4 # 0 at 197323608, 0.880038 0.153614
2024-08-01 07:57:46,574 INFO CHECKSUM 1 5 0: 2.434532
2024-08-01 07:57:46,575 INFO CHECKSUM 1 5 0: 2.434532
2024-08-01 07:57:46,601 INFO sent 1 -> 5 # 0 at 180465421, 0.880038 0.153614
2024-08-01 07:57:46,601 INFO recv 1 -> 5 # 0 at 207726039, 0.880038 0.153614
2024-08-01 07:57:46,794 INFO CHECKSUM 1 6 0: 2.434532
2024-08-01 07:57:46,803 INFO CHECKSUM 1 6 0: 2.434532
2024-08-01 07:57:46,825 INFO sent 1 -> 6 # 0 at 176955310, 0.880038 0.153614
2024-08-01 07:57:46,825 INFO recv 1 -> 6 # 0 at 211349421, 0.880038 0.153614
2024-08-01 07:57:47,010 INFO CHECKSUM 1 7 0: 2.434532
2024-08-01 07:57:47,010 INFO CHECKSUM 1 7 0: 2.434532
2024-08-01 07:57:47,028 INFO recv 1 -> 7 # 0 at 194338794, 0.880038 0.153614
2024-08-01 07:57:47,029 INFO sent 1 -> 7 # 0 at 175697654, 0.880038 0.153614
2024-08-01 07:57:47,198 INFO CHECKSUM 1 8 0: 2.434532
2024-08-01 07:57:47,199 INFO CHECKSUM 1 8 0: 2.434532
2024-08-01 07:57:47,209 INFO sent 1 -> 8 # 0 at 163355366, 0.880038 0.153614
2024-08-01 07:57:47,209 INFO recv 1 -> 8 # 0 at 174364637, 0.880038 0.153614
2024-08-01 07:57:47,409 INFO CHECKSUM 1 9 0: 2.434532
2024-08-01 07:57:47,409 INFO CHECKSUM 1 9 0: 2.434532
2024-08-01 07:57:47,433 INFO sent 1 -> 9 # 0 at 191158808, 0.880038 0.153614
2024-08-01 07:57:47,433 INFO recv 1 -> 9 # 0 at 221828111, 0.880038 0.153614
2024-08-01 07:57:47,593 INFO CHECKSUM 1 10 0: 2.434532
2024-08-01 07:57:47,594 INFO CHECKSUM 1 10 0: 2.434532
2024-08-01 07:57:47,625 INFO sent 1 -> 10 # 0 at 159549835, 0.880038 0.153614
2024-08-01 07:57:47,634 INFO recv 1 -> 10 # 0 at 200495603, 0.880038 0.153614
2024-08-01 07:57:47,816 INFO CHECKSUM 1 11 0: 2.434532
2024-08-01 07:57:47,816 INFO CHECKSUM 1 11 0: 2.434532
2024-08-01 07:57:47,834 INFO sent 1 -> 11 # 0 at 162578738, 0.880038 0.153614
2024-08-01 07:57:47,834 INFO recv 1 -> 11 # 0 at 180561525, 0.880038 0.153614
2024-08-01 07:57:48,023 INFO CHECKSUM 1 12 0: 2.434532
2024-08-01 07:57:48,032 INFO CHECKSUM 1 12 0: 2.434532
2024-08-01 07:57:48,049 INFO recv 1 -> 12 # 0 at 203762099, 0.880038 0.153614
2024-08-01 07:57:48,050 INFO sent 1 -> 12 # 0 at 177470955, 0.880038 0.153614
2024-08-01 07:57:48,255 INFO CHECKSUM 1 13 0: 2.434532
2024-08-01 07:57:48,255 INFO CHECKSUM 1 13 0: 2.434532
2024-08-01 07:57:48,266 INFO sent 1 -> 13 # 0 at 188631102, 0.880038 0.153614
2024-08-01 07:57:48,266 INFO recv 1 -> 13 # 0 at 191258017, 0.880038 0.153614
2024-08-01 07:57:48,434 INFO CHECKSUM 1 14 0: 2.434532
2024-08-01 07:57:48,435 INFO CHECKSUM 1 14 0: 2.434532
2024-08-01 07:57:48,458 INFO sent 1 -> 14 # 0 at 160549554, 0.880038 0.153614
2024-08-01 07:57:48,458 INFO recv 1 -> 14 # 0 at 190495521, 0.880038 0.153614
2024-08-01 07:57:48,639 INFO CHECKSUM 1 15 0: 2.434532
2024-08-01 07:57:48,639 INFO CHECKSUM 1 15 0: 2.434532
2024-08-01 07:57:48,666 INFO Accepting from rank 2
2024-08-01 07:57:48,666 INFO Accepting from rank 2
2024-08-01 07:57:48,666 INFO Accepting from rank 2
2024-08-01 07:57:48,666 INFO Accepting from rank 2
2024-08-01 07:57:48,666 INFO sent 1 -> 15 # 0 at 172795366, 0.880038 0.153614
2024-08-01 07:57:48,666 INFO Sending from rank 2
2024-08-01 07:57:48,666 INFO Accepting from rank 2
2024-08-01 07:57:48,666 INFO Accepting from rank 2
2024-08-01 07:57:48,666 INFO Accepting from rank 2
2024-08-01 07:57:48,666 INFO Accepting from rank 2
2024-08-01 07:57:48,666 INFO Accepting from rank 2
2024-08-01 07:57:48,671 INFO Accepting from rank 2
2024-08-01 07:57:48,671 INFO Accepting from rank 2
2024-08-01 07:57:48,671 INFO Accepting from rank 2
2024-08-01 07:57:48,671 INFO Accepting from rank 2
2024-08-01 07:57:48,671 INFO recv 1 -> 15 # 0 at 205003221, 0.880038 0.153614
2024-08-01 07:57:48,671 INFO Accepting from rank 2
2024-08-01 07:57:48,671 INFO Accepting from rank 2
2024-08-01 07:57:48,787 INFO CHECKSUM 2 0 0: 0.989449
2024-08-01 07:57:48,787 INFO CHECKSUM 2 0 0: 0.989449
2024-08-01 07:57:48,805 INFO recv 2 -> 0 # 0 at 111167117, 0.679314 0.086380
2024-08-01 07:57:48,805 INFO sent 2 -> 0 # 0 at 92308921, 0.679314 0.086380
2024-08-01 07:57:48,834 INFO CHECKSUM 2 1 0: 0.989449
2024-08-01 07:57:48,833 INFO CHECKSUM 2 1 0: 0.989449
2024-08-01 07:57:48,842 INFO recv 2 -> 1 # 0 at 23116931, 0.679314 0.086380
2024-08-01 07:57:48,842 INFO sent 2 -> 1 # 0 at 13999685, 0.679314 0.086380
2024-08-01 07:57:49,067 INFO CHECKSUM 2 3 0: 0.989449
2024-08-01 07:57:49,067 INFO CHECKSUM 2 3 0: 0.989449
2024-08-01 07:57:49,079 INFO sent 2 -> 3 # 0 at 209227942, 0.679314 0.086380
2024-08-01 07:57:49,079 INFO recv 2 -> 3 # 0 at 221428708, 0.679314 0.086380
2024-08-01 07:57:49,252 INFO CHECKSUM 2 4 0: 0.989449
2024-08-01 07:57:49,251 INFO CHECKSUM 2 4 0: 0.989449
2024-08-01 07:57:49,273 INFO recv 2 -> 4 # 0 at 179673130, 0.679314 0.086380
2024-08-01 07:57:49,277 INFO sent 2 -> 4 # 0 at 156917948, 0.679314 0.086380
2024-08-01 07:57:49,402 INFO CHECKSUM 2 5 0: 0.989449
2024-08-01 07:57:49,403 INFO CHECKSUM 2 5 0: 0.989449
2024-08-01 07:57:49,426 INFO sent 2 -> 5 # 0 at 121370689, 0.679314 0.086380
2024-08-01 07:57:49,426 INFO recv 2 -> 5 # 0 at 145605194, 0.679314 0.086380
2024-08-01 07:57:49,546 INFO CHECKSUM 2 6 0: 0.989449
2024-08-01 07:57:49,547 INFO CHECKSUM 2 6 0: 0.989449
2024-08-01 07:57:49,562 INFO sent 2 -> 6 # 0 at 100555117, 0.679314 0.086380
2024-08-01 07:57:49,562 INFO recv 2 -> 6 # 0 at 116267285, 0.679314 0.086380
2024-08-01 07:57:49,735 INFO CHECKSUM 2 7 0: 0.989449
2024-08-01 07:57:49,736 INFO CHECKSUM 2 7 0: 0.989449
2024-08-01 07:57:49,754 INFO sent 2 -> 7 # 0 at 173366818, 0.679314 0.086380
2024-08-01 07:57:49,754 INFO recv 2 -> 7 # 0 at 192027724, 0.679314 0.086380
2024-08-01 07:57:49,942 INFO CHECKSUM 2 8 0: 0.989449
2024-08-01 07:57:49,943 INFO CHECKSUM 2 8 0: 0.989449
2024-08-01 07:57:49,955 INFO recv 2 -> 8 # 0 at 193669379, 0.679314 0.086380
2024-08-01 07:57:49,957 INFO sent 2 -> 8 # 0 at 180877796, 0.679314 0.086380
2024-08-01 07:57:50,138 INFO CHECKSUM 2 9 0: 0.989449
2024-08-01 07:57:50,139 INFO CHECKSUM 2 9 0: 0.989449
2024-08-01 07:57:50,170 INFO sent 2 -> 9 # 0 at 179854923, 0.679314 0.086380
2024-08-01 07:57:50,170 INFO recv 2 -> 9 # 0 at 211510404, 0.679314 0.086380
2024-08-01 07:57:50,343 INFO CHECKSUM 2 10 0: 0.989449
2024-08-01 07:57:50,343 INFO CHECKSUM 2 10 0: 0.989449
2024-08-01 07:57:50,370 INFO recv 2 -> 10 # 0 at 199900594, 0.679314 0.086380
2024-08-01 07:57:50,371 INFO sent 2 -> 10 # 0 at 172371959, 0.679314 0.086380
2024-08-01 07:57:50,575 INFO CHECKSUM 2 11 0: 0.989449
2024-08-01 07:57:50,584 INFO CHECKSUM 2 11 0: 0.989449
2024-08-01 07:57:50,607 INFO sent 2 -> 11 # 0 at 173206389, 0.679314 0.086380
2024-08-01 07:57:50,607 INFO recv 2 -> 11 # 0 at 201681954, 0.679314 0.086380
2024-08-01 07:57:50,811 INFO CHECKSUM 2 12 0: 0.989449
2024-08-01 07:57:50,811 INFO CHECKSUM 2 12 0: 0.989449
2024-08-01 07:57:50,830 INFO sent 2 -> 12 # 0 at 192769094, 0.679314 0.086380
2024-08-01 07:57:50,830 INFO recv 2 -> 12 # 0 at 211889069, 0.679314 0.086380
2024-08-01 07:57:51,035 INFO CHECKSUM 2 13 0: 0.989449
2024-08-01 07:57:51,036 INFO CHECKSUM 2 13 0: 0.989449
2024-08-01 07:57:51,047 INFO sent 2 -> 13 # 0 at 193271313, 0.679314 0.086380
2024-08-01 07:57:51,047 INFO recv 2 -> 13 # 0 at 205222186, 0.679314 0.086380
2024-08-01 07:57:51,226 INFO CHECKSUM 2 14 0: 0.989449
2024-08-01 07:57:51,228 INFO CHECKSUM 2 14 0: 0.989449
2024-08-01 07:57:51,245 INFO sent 2 -> 14 # 0 at 177052027, 0.679314 0.086380
2024-08-01 07:57:51,245 INFO recv 2 -> 14 # 0 at 195777264, 0.679314 0.086380
2024-08-01 07:57:51,436 INFO CHECKSUM 2 15 0: 0.989449
2024-08-01 07:57:51,436 INFO CHECKSUM 2 15 0: 0.989449
2024-08-01 07:57:51,456 INFO Accepting from rank 3
2024-08-01 07:57:51,457 INFO sent 2 -> 15 # 0 at 181235888, 0.679314 0.086380
2024-08-01 07:57:51,457 INFO Accepting from rank 3
2024-08-01 07:57:51,457 INFO Accepting from rank 3
2024-08-01 07:57:51,457 INFO Accepting from rank 3
2024-08-01 07:57:51,457 INFO Accepting from rank 3
2024-08-01 07:57:51,457 INFO Accepting from rank 3
2024-08-01 07:57:51,457 INFO Accepting from rank 3
2024-08-01 07:57:51,457 INFO Accepting from rank 3
2024-08-01 07:57:51,461 INFO Accepting from rank 3
2024-08-01 07:57:51,461 INFO Accepting from rank 3
2024-08-01 07:57:51,461 INFO Sending from rank 3
2024-08-01 07:57:51,461 INFO Accepting from rank 3
2024-08-01 07:57:51,461 INFO Accepting from rank 3
2024-08-01 07:57:51,461 INFO recv 2 -> 15 # 0 at 205993489, 0.679314 0.086380
2024-08-01 07:57:51,461 INFO Accepting from rank 3
2024-08-01 07:57:51,465 INFO Accepting from rank 3
2024-08-01 07:57:51,465 INFO Accepting from rank 3
2024-08-01 07:57:51,508 INFO CHECKSUM 3 0 0: 1.812283
2024-08-01 07:57:51,508 INFO CHECKSUM 3 0 0: 1.812283
2024-08-01 07:57:51,530 INFO recv 3 -> 0 # 0 at 41356896, 0.597582 0.826846
2024-08-01 07:57:51,530 INFO sent 3 -> 0 # 0 at 14305475, 0.597582 0.826846
2024-08-01 07:57:51,555 INFO CHECKSUM 3 1 0: 1.812283
2024-08-01 07:57:51,556 INFO CHECKSUM 3 1 0: 1.812283
2024-08-01 07:57:51,582 INFO recv 3 -> 1 # 0 at 40757200, 0.597582 0.826846
2024-08-01 07:57:51,582 INFO sent 3 -> 1 # 0 at 14223548, 0.597582 0.826846
2024-08-01 07:57:51,605 INFO CHECKSUM 3 2 0: 1.812283
2024-08-01 07:57:51,604 INFO CHECKSUM 3 2 0: 1.812283
2024-08-01 07:57:51,622 INFO recv 3 -> 2 # 0 at 31473221, 0.597582 0.826846
2024-08-01 07:57:51,622 INFO sent 3 -> 2 # 0 at 13481375, 0.597582 0.826846
2024-08-01 07:57:51,779 INFO CHECKSUM 3 4 0: 1.812283
2024-08-01 07:57:51,779 INFO CHECKSUM 3 4 0: 1.812283
2024-08-01 07:57:51,790 INFO recv 3 -> 4 # 0 at 164838008, 0.597582 0.826846
2024-08-01 07:57:51,798 INFO sent 3 -> 4 # 0 at 153281384, 0.597582 0.826846
2024-08-01 07:57:51,996 INFO CHECKSUM 3 5 0: 1.812283
2024-08-01 07:57:52,009 INFO sent 3 -> 5 # 0 at 190034970, 0.597582 0.826846
2024-08-01 07:57:51,996 INFO CHECKSUM 3 5 0: 1.812283
2024-08-01 07:57:52,009 INFO recv 3 -> 5 # 0 at 203884103, 0.597582 0.826846
2024-08-01 07:57:52,163 INFO CHECKSUM 3 6 0: 1.812283
2024-08-01 07:57:52,164 INFO CHECKSUM 3 6 0: 1.812283
2024-08-01 07:57:52,185 INFO sent 3 -> 6 # 0 at 152663853, 0.597582 0.826846
2024-08-01 07:57:52,186 INFO recv 3 -> 6 # 0 at 175148721, 0.597582 0.826846
2024-08-01 07:57:52,321 INFO CHECKSUM 3 7 0: 1.812283
2024-08-01 07:57:52,322 INFO CHECKSUM 3 7 0: 1.812283
2024-08-01 07:57:52,350 INFO recv 3 -> 7 # 0 at 151437157, 0.597582 0.826846
2024-08-01 07:57:52,356 INFO sent 3 -> 7 # 0 at 122927022, 0.597582 0.826846
2024-08-01 07:57:52,538 INFO CHECKSUM 3 8 0: 1.812283
2024-08-01 07:57:52,539 INFO CHECKSUM 3 8 0: 1.812283
2024-08-01 07:57:52,562 INFO sent 3 -> 8 # 0 at 171301995, 0.597582 0.826846
2024-08-01 07:57:52,562 INFO recv 3 -> 8 # 0 at 195564029, 0.597582 0.826846
2024-08-01 07:57:52,751 INFO CHECKSUM 3 9 0: 1.812283
2024-08-01 07:57:52,752 INFO CHECKSUM 3 9 0: 1.812283
2024-08-01 07:57:52,773 INFO sent 3 -> 9 # 0 at 181820665, 0.597582 0.826846
2024-08-01 07:57:52,776 INFO recv 3 -> 9 # 0 at 206056653, 0.597582 0.826846
2024-08-01 07:57:52,907 INFO CHECKSUM 3 10 0: 1.812283
2024-08-01 07:57:52,923 INFO sent 3 -> 10 # 0 at 129796983, 0.597582 0.826846
2024-08-01 07:57:52,908 INFO CHECKSUM 3 10 0: 1.812283
2024-08-01 07:57:52,923 INFO recv 3 -> 10 # 0 at 142929208, 0.597582 0.826846
2024-08-01 07:57:53,111 INFO CHECKSUM 3 11 0: 1.812283
2024-08-01 07:57:53,121 INFO CHECKSUM 3 11 0: 1.812283
2024-08-01 07:57:53,133 INFO sent 3 -> 11 # 0 at 185542103, 0.597582 0.826846
2024-08-01 07:57:53,133 INFO recv 3 -> 11 # 0 at 207356733, 0.597582 0.826846
2024-08-01 07:57:53,288 INFO CHECKSUM 3 12 0: 1.812283
2024-08-01 07:57:53,288 INFO CHECKSUM 3 12 0: 1.812283
2024-08-01 07:57:53,301 INFO sent 3 -> 12 # 0 at 134222911, 0.597582 0.826846
2024-08-01 07:57:53,301 INFO recv 3 -> 12 # 0 at 155097367, 0.597582 0.826846
2024-08-01 07:57:53,487 INFO CHECKSUM 3 13 0: 1.812283
2024-08-01 07:57:53,496 INFO CHECKSUM 3 13 0: 1.812283
2024-08-01 07:57:53,514 INFO sent 3 -> 13 # 0 at 181288228, 0.597582 0.826846
2024-08-01 07:57:53,514 INFO recv 3 -> 13 # 0 at 208514117, 0.597582 0.826846
2024-08-01 07:57:53,687 INFO CHECKSUM 3 14 0: 1.812283
2024-08-01 07:57:53,688 INFO CHECKSUM 3 14 0: 1.812283
2024-08-01 07:57:53,702 INFO sent 3 -> 14 # 0 at 157769872, 0.597582 0.826846
2024-08-01 07:57:53,702 INFO recv 3 -> 14 # 0 at 172128071, 0.597582 0.826846
2024-08-01 07:57:53,887 INFO CHECKSUM 3 15 0: 1.812283
2024-08-01 07:57:53,887 INFO CHECKSUM 3 15 0: 1.812283
2024-08-01 07:57:53,909 INFO Accepting from rank 4
2024-08-01 07:57:53,913 INFO Accepting from rank 4
2024-08-01 07:57:53,913 INFO Accepting from rank 4
2024-08-01 07:57:53,913 INFO Accepting from rank 4
2024-08-01 07:57:53,914 INFO Sending from rank 4
2024-08-01 07:57:53,913 INFO Accepting from rank 4
2024-08-01 07:57:53,913 INFO sent 3 -> 15 # 0 at 172603675, 0.597582 0.826846
2024-08-01 07:57:53,914 INFO Accepting from rank 4
2024-08-01 07:57:53,913 INFO Accepting from rank 4
2024-08-01 07:57:53,914 INFO Accepting from rank 4
2024-08-01 07:57:53,914 INFO Accepting from rank 4
2024-08-01 07:57:53,913 INFO Accepting from rank 4
2024-08-01 07:57:53,914 INFO Accepting from rank 4
2024-08-01 07:57:53,914 INFO Accepting from rank 4
2024-08-01 07:57:53,914 INFO recv 3 -> 15 # 0 at 199431217, 0.597582 0.826846
2024-08-01 07:57:53,914 INFO Accepting from rank 4
2024-08-01 07:57:53,914 INFO Accepting from rank 4
2024-08-01 07:57:53,914 INFO Accepting from rank 4
2024-08-01 07:57:53,972 INFO CHECKSUM 4 0 0: 1.531173
2024-08-01 07:57:53,973 INFO CHECKSUM 4 0 0: 1.531173
2024-08-01 07:57:53,982 INFO recv 4 -> 0 # 0 at 41364691, 0.018148 0.387560
2024-08-01 07:57:53,982 INFO sent 4 -> 0 # 0 at 30909365, 0.018148 0.387560
2024-08-01 07:57:54,011 INFO CHECKSUM 4 1 0: 1.531173
2024-08-01 07:57:54,011 INFO CHECKSUM 4 1 0: 1.531173
2024-08-01 07:57:54,028 INFO sent 4 -> 1 # 0 at 22032031, 0.018148 0.387560
2024-08-01 07:57:54,038 INFO recv 4 -> 1 # 0 at 48634835, 0.018148 0.387560
2024-08-01 07:57:54,061 INFO CHECKSUM 4 2 0: 1.531173
2024-08-01 07:57:54,061 INFO CHECKSUM 4 2 0: 1.531173
2024-08-01 07:57:54,074 INFO recv 4 -> 2 # 0 at 28099252, 0.018148 0.387560
2024-08-01 07:57:54,074 INFO sent 4 -> 2 # 0 at 14519581, 0.018148 0.387560
2024-08-01 07:57:54,103 INFO CHECKSUM 4 3 0: 1.531173
2024-08-01 07:57:54,114 INFO CHECKSUM 4 3 0: 1.531173
2024-08-01 07:57:54,134 INFO recv 4 -> 3 # 0 at 44665207, 0.018148 0.387560
2024-08-01 07:57:54,134 INFO sent 4 -> 3 # 0 at 13764307, 0.018148 0.387560
2024-08-01 07:57:54,320 INFO CHECKSUM 4 5 0: 1.531173
2024-08-01 07:57:54,320 INFO CHECKSUM 4 5 0: 1.531173
2024-08-01 07:57:54,345 INFO sent 4 -> 5 # 0 at 176903312, 0.018148 0.387560
2024-08-01 07:57:54,345 INFO recv 4 -> 5 # 0 at 202442228, 0.018148 0.387560
2024-08-01 07:57:54,575 INFO CHECKSUM 4 6 0: 1.531173
2024-08-01 07:57:54,575 INFO CHECKSUM 4 6 0: 1.531173
2024-08-01 07:57:54,601 INFO sent 4 -> 6 # 0 at 213229414, 0.018148 0.387560
2024-08-01 07:57:54,601 INFO recv 4 -> 6 # 0 at 239765945, 0.018148 0.387560
2024-08-01 07:57:54,808 INFO CHECKSUM 4 7 0: 1.531173
2024-08-01 07:57:54,808 INFO CHECKSUM 4 7 0: 1.531173
2024-08-01 07:57:54,822 INFO sent 4 -> 7 # 0 at 197536440, 0.018148 0.387560
2024-08-01 07:57:54,822 INFO recv 4 -> 7 # 0 at 211792359, 0.018148 0.387560
2024-08-01 07:57:55,015 INFO CHECKSUM 4 8 0: 1.531173
2024-08-01 07:57:55,015 INFO CHECKSUM 4 8 0: 1.531173
2024-08-01 07:57:55,032 INFO sent 4 -> 8 # 0 at 188480740, 0.018148 0.387560
2024-08-01 07:57:55,032 INFO recv 4 -> 8 # 0 at 205478526, 0.018148 0.387560
2024-08-01 07:57:55,197 INFO CHECKSUM 4 9 0: 1.531173
2024-08-01 07:57:55,198 INFO CHECKSUM 4 9 0: 1.531173
2024-08-01 07:57:55,233 INFO sent 4 -> 9 # 0 at 159407264, 0.018148 0.387560
2024-08-01 07:57:55,249 INFO recv 4 -> 9 # 0 at 211516606, 0.018148 0.387560
2024-08-01 07:57:55,418 INFO CHECKSUM 4 10 0: 1.531173
2024-08-01 07:57:55,419 INFO CHECKSUM 4 10 0: 1.531173
2024-08-01 07:57:55,442 INFO sent 4 -> 10 # 0 at 166488918, 0.018148 0.387560
2024-08-01 07:57:55,446 INFO recv 4 -> 10 # 0 at 194551914, 0.018148 0.387560
2024-08-01 07:57:55,627 INFO CHECKSUM 4 11 0: 1.531173
2024-08-01 07:57:55,636 INFO CHECKSUM 4 11 0: 1.531173
2024-08-01 07:57:55,657 INFO sent 4 -> 11 # 0 at 177434862, 0.018148 0.387560
2024-08-01 07:57:55,657 INFO recv 4 -> 11 # 0 at 207745533, 0.018148 0.387560
2024-08-01 07:57:55,891 INFO CHECKSUM 4 12 0: 1.531173
2024-08-01 07:57:55,892 INFO CHECKSUM 4 12 0: 1.531173
2024-08-01 07:57:55,917 INFO recv 4 -> 12 # 0 at 243096983, 0.018148 0.387560
2024-08-01 07:57:55,917 INFO sent 4 -> 12 # 0 at 217821915, 0.018148 0.387560
2024-08-01 07:57:56,093 INFO CHECKSUM 4 13 0: 1.531173
2024-08-01 07:57:56,092 INFO CHECKSUM 4 13 0: 1.531173
2024-08-01 07:57:56,106 INFO recv 4 -> 13 # 0 at 176050673, 0.018148 0.387560
2024-08-01 07:57:56,106 INFO sent 4 -> 13 # 0 at 162241116, 0.018148 0.387560
2024-08-01 07:57:56,289 INFO CHECKSUM 4 14 0: 1.531173
2024-08-01 07:57:56,290 INFO CHECKSUM 4 14 0: 1.531173
2024-08-01 07:57:56,306 INFO recv 4 -> 14 # 0 at 184207922, 0.018148 0.387560
2024-08-01 07:57:56,306 INFO sent 4 -> 14 # 0 at 167041119, 0.018148 0.387560
2024-08-01 07:57:56,509 INFO CHECKSUM 4 15 0: 1.531173
2024-08-01 07:57:56,509 INFO CHECKSUM 4 15 0: 1.531173
2024-08-01 07:57:56,533 INFO Accepting from rank 5
2024-08-01 07:57:56,541 INFO Accepting from rank 5
2024-08-01 07:57:56,541 INFO Accepting from rank 5
2024-08-01 07:57:56,541 INFO Accepting from rank 5
2024-08-01 07:57:56,541 INFO sent 4 -> 15 # 0 at 196715770, 0.018148 0.387560
2024-08-01 07:57:56,541 INFO Accepting from rank 5
2024-08-01 07:57:56,542 INFO Accepting from rank 5
2024-08-01 07:57:56,541 INFO Accepting from rank 5
2024-08-01 07:57:56,541 INFO Accepting from rank 5
2024-08-01 07:57:56,542 INFO recv 4 -> 15 # 0 at 228041403, 0.018148 0.387560
2024-08-01 07:57:56,541 INFO Accepting from rank 5
2024-08-01 07:57:56,542 INFO Accepting from rank 5
2024-08-01 07:57:56,546 INFO Accepting from rank 5
2024-08-01 07:57:56,546 INFO Sending from rank 5
2024-08-01 07:57:56,546 INFO Accepting from rank 5
2024-08-01 07:57:56,546 INFO Accepting from rank 5
2024-08-01 07:57:56,549 INFO Accepting from rank 5
2024-08-01 07:57:56,549 INFO Accepting from rank 5
2024-08-01 07:57:56,585 INFO CHECKSUM 5 0 0: 2.141773
2024-08-01 07:57:56,590 INFO CHECKSUM 5 0 0: 2.141773
2024-08-01 07:57:56,602 INFO recv 5 -> 0 # 0 at 33108095, 0.591454 0.357848
2024-08-01 07:57:56,606 INFO sent 5 -> 0 # 0 at 15624963, 0.591454 0.357848
2024-08-01 07:57:56,716 INFO CHECKSUM 5 1 0: 2.141773
2024-08-01 07:57:56,721 INFO CHECKSUM 5 1 0: 2.141773
2024-08-01 07:57:56,726 INFO sent 5 -> 1 # 0 at 89820389, 0.591454 0.357848
2024-08-01 07:57:56,726 INFO recv 5 -> 1 # 0 at 107734927, 0.591454 0.357848
2024-08-01 07:57:56,752 INFO CHECKSUM 5 2 0: 2.141773
2024-08-01 07:57:56,752 INFO CHECKSUM 5 2 0: 2.141773
2024-08-01 07:57:56,773 INFO recv 5 -> 2 # 0 at 43378916, 0.591454 0.357848
2024-08-01 07:57:56,773 INFO sent 5 -> 2 # 0 at 21685368, 0.591454 0.357848
2024-08-01 07:57:56,892 INFO CHECKSUM 5 3 0: 2.141773
2024-08-01 07:57:56,892 INFO CHECKSUM 5 3 0: 2.141773
2024-08-01 07:57:56,905 INFO recv 5 -> 3 # 0 at 99355232, 0.591454 0.357848
2024-08-01 07:57:56,905 INFO sent 5 -> 3 # 0 at 85980687, 0.591454 0.357848
2024-08-01 07:57:56,932 INFO CHECKSUM 5 4 0: 2.141773
2024-08-01 07:57:56,932 INFO CHECKSUM 5 4 0: 2.141773
2024-08-01 07:57:56,950 INFO recv 5 -> 4 # 0 at 31861490, 0.591454 0.357848
2024-08-01 07:57:56,960 INFO sent 5 -> 4 # 0 at 13986006, 0.591454 0.357848
2024-08-01 07:57:57,174 INFO CHECKSUM 5 6 0: 2.141773
2024-08-01 07:57:57,174 INFO CHECKSUM 5 6 0: 2.141773
2024-08-01 07:57:57,194 INFO sent 5 -> 6 # 0 at 193041049, 0.591454 0.357848
2024-08-01 07:57:57,194 INFO recv 5 -> 6 # 0 at 214050717, 0.591454 0.357848
2024-08-01 07:57:57,387 INFO CHECKSUM 5 7 0: 2.141773
2024-08-01 07:57:57,389 INFO CHECKSUM 5 7 0: 2.141773
2024-08-01 07:57:57,402 INFO sent 5 -> 7 # 0 at 189308365, 0.591454 0.357848
2024-08-01 07:57:57,402 INFO recv 5 -> 7 # 0 at 203935273, 0.591454 0.357848
2024-08-01 07:57:57,596 INFO CHECKSUM 5 8 0: 2.141773
2024-08-01 07:57:57,596 INFO CHECKSUM 5 8 0: 2.141773
2024-08-01 07:57:57,606 INFO sent 5 -> 8 # 0 at 193171591, 0.591454 0.357848
2024-08-01 07:57:57,606 INFO recv 5 -> 8 # 0 at 203139428, 0.591454 0.357848
2024-08-01 07:57:57,800 INFO CHECKSUM 5 9 0: 2.141773
2024-08-01 07:57:57,801 INFO CHECKSUM 5 9 0: 2.141773
2024-08-01 07:57:57,818 INFO recv 5 -> 9 # 0 at 191915503, 0.591454 0.357848
2024-08-01 07:57:57,818 INFO sent 5 -> 9 # 0 at 174666136, 0.591454 0.357848
2024-08-01 07:57:58,000 INFO CHECKSUM 5 10 0: 2.141773
2024-08-01 07:57:58,000 INFO CHECKSUM 5 10 0: 2.141773
2024-08-01 07:57:58,022 INFO recv 5 -> 10 # 0 at 203901129, 0.591454 0.357848
2024-08-01 07:57:58,025 INFO sent 5 -> 10 # 0 at 173734371, 0.591454 0.357848
2024-08-01 07:57:58,205 INFO CHECKSUM 5 11 0: 2.141773
2024-08-01 07:57:58,214 INFO CHECKSUM 5 11 0: 2.141773
2024-08-01 07:57:58,233 INFO sent 5 -> 11 # 0 at 178096815, 0.591454 0.357848
2024-08-01 07:57:58,233 INFO recv 5 -> 11 # 0 at 206921563, 0.591454 0.357848
2024-08-01 07:57:58,445 INFO CHECKSUM 5 12 0: 2.141773
2024-08-01 07:57:58,453 INFO CHECKSUM 5 12 0: 2.141773
2024-08-01 07:57:58,469 INFO recv 5 -> 12 # 0 at 226464851, 0.591454 0.357848
2024-08-01 07:57:58,469 INFO sent 5 -> 12 # 0 at 201725209, 0.591454 0.357848
2024-08-01 07:57:58,680 INFO CHECKSUM 5 13 0: 2.141773
2024-08-01 07:57:58,680 INFO CHECKSUM 5 13 0: 2.141773
2024-08-01 07:57:58,695 INFO sent 5 -> 13 # 0 at 206714840, 0.591454 0.357848
2024-08-01 07:57:58,697 INFO recv 5 -> 13 # 0 at 223951246, 0.591454 0.357848
2024-08-01 07:57:58,908 INFO CHECKSUM 5 14 0: 2.141773
2024-08-01 07:57:58,909 INFO CHECKSUM 5 14 0: 2.141773
2024-08-01 07:57:58,920 INFO recv 5 -> 14 # 0 at 222103490, 0.591454 0.357848
2024-08-01 07:57:58,920 INFO sent 5 -> 14 # 0 at 210495256, 0.591454 0.357848
2024-08-01 07:57:59,122 INFO CHECKSUM 5 15 0: 2.141773
2024-08-01 07:57:59,122 INFO CHECKSUM 5 15 0: 2.141773
2024-08-01 07:57:59,141 INFO Accepting from rank 6
2024-08-01 07:57:59,141 INFO Accepting from rank 6
2024-08-01 07:57:59,141 INFO Accepting from rank 6
2024-08-01 07:57:59,141 INFO Accepting from rank 6
2024-08-01 07:57:59,141 INFO Accepting from rank 6
2024-08-01 07:57:59,141 INFO Accepting from rank 6
2024-08-01 07:57:59,141 INFO Accepting from rank 6
2024-08-01 07:57:59,141 INFO Sending from rank 6
2024-08-01 07:57:59,141 INFO Accepting from rank 6
2024-08-01 07:57:59,141 INFO Accepting from rank 6
2024-08-01 07:57:59,141 INFO Accepting from rank 6
2024-08-01 07:57:59,141 INFO Accepting from rank 6
2024-08-01 07:57:59,141 INFO Accepting from rank 6
2024-08-01 07:57:59,141 INFO recv 5 -> 15 # 0 at 214723606, 0.591454 0.357848
2024-08-01 07:57:59,141 INFO sent 5 -> 15 # 0 at 195665564, 0.591454 0.357848
2024-08-01 07:57:59,141 INFO Accepting from rank 6
2024-08-01 07:57:59,141 INFO Accepting from rank 6
2024-08-01 07:57:59,141 INFO Accepting from rank 6
2024-08-01 07:57:59,203 INFO CHECKSUM 6 0 0: 2.103030
2024-08-01 07:57:59,203 INFO CHECKSUM 6 0 0: 2.103030
2024-08-01 07:57:59,210 INFO recv 6 -> 0 # 0 at 49435670, 0.090645 0.058069
2024-08-01 07:57:59,221 INFO sent 6 -> 0 # 0 at 41456075, 0.090645 0.058069
2024-08-01 07:57:59,261 INFO CHECKSUM 6 1 0: 2.103030
2024-08-01 07:57:59,261 INFO CHECKSUM 6 1 0: 2.103030
2024-08-01 07:57:59,270 INFO recv 6 -> 1 # 0 at 32240320, 0.090645 0.058069
2024-08-01 07:57:59,270 INFO sent 6 -> 1 # 0 at 23536696, 0.090645 0.058069
2024-08-01 07:57:59,358 INFO CHECKSUM 6 2 0: 2.103030
2024-08-01 07:57:59,358 INFO CHECKSUM 6 2 0: 2.103030
2024-08-01 07:57:59,385 INFO recv 6 -> 2 # 0 at 111737337, 0.090645 0.058069
2024-08-01 07:57:59,385 INFO sent 6 -> 2 # 0 at 84779189, 0.090645 0.058069
2024-08-01 07:57:59,404 INFO CHECKSUM 6 3 0: 2.103030
2024-08-01 07:57:59,405 INFO CHECKSUM 6 3 0: 2.103030
2024-08-01 07:57:59,433 INFO recv 6 -> 3 # 0 at 43742758, 0.090645 0.058069
2024-08-01 07:57:59,433 INFO sent 6 -> 3 # 0 at 14534890, 0.090645 0.058069
2024-08-01 07:57:59,448 INFO CHECKSUM 6 4 0: 2.103030
2024-08-01 07:57:59,448 INFO CHECKSUM 6 4 0: 2.103030
2024-08-01 07:57:59,463 INFO recv 6 -> 4 # 0 at 29066193, 0.090645 0.058069
2024-08-01 07:57:59,463 INFO sent 6 -> 4 # 0 at 13829573, 0.090645 0.058069
2024-08-01 07:57:59,480 INFO CHECKSUM 6 5 0: 2.103030
2024-08-01 07:57:59,481 INFO CHECKSUM 6 5 0: 2.103030
2024-08-01 07:57:59,497 INFO recv 6 -> 5 # 0 at 31611346, 0.090645 0.058069
2024-08-01 07:57:59,497 INFO sent 6 -> 5 # 0 at 14229939, 0.090645 0.058069
2024-08-01 07:57:59,728 INFO CHECKSUM 6 7 0: 2.103030
2024-08-01 07:57:59,728 INFO CHECKSUM 6 7 0: 2.103030
2024-08-01 07:57:59,744 INFO recv 6 -> 7 # 0 at 234077750, 0.090645 0.058069
2024-08-01 07:57:59,744 INFO sent 6 -> 7 # 0 at 217981034, 0.090645 0.058069
2024-08-01 07:57:59,903 INFO CHECKSUM 6 8 0: 2.103030
2024-08-01 07:57:59,903 INFO CHECKSUM 6 8 0: 2.103030
2024-08-01 07:57:59,914 INFO sent 6 -> 8 # 0 at 153616360, 0.090645 0.058069
2024-08-01 07:57:59,914 INFO recv 6 -> 8 # 0 at 164926240, 0.090645 0.058069
2024-08-01 07:58:00,151 INFO CHECKSUM 6 9 0: 2.103030
2024-08-01 07:58:00,151 INFO CHECKSUM 6 9 0: 2.103030
2024-08-01 07:58:00,169 INFO sent 6 -> 9 # 0 at 208644088, 0.090645 0.058069
2024-08-01 07:58:00,169 INFO recv 6 -> 9 # 0 at 232542412, 0.090645 0.058069
2024-08-01 07:58:00,322 INFO CHECKSUM 6 10 0: 2.103030
2024-08-01 07:58:00,323 INFO CHECKSUM 6 10 0: 2.103030
2024-08-01 07:58:00,343 INFO sent 6 -> 10 # 0 at 152583002, 0.090645 0.058069
2024-08-01 07:58:00,343 INFO recv 6 -> 10 # 0 at 172987859, 0.090645 0.058069
2024-08-01 07:58:00,523 INFO CHECKSUM 6 11 0: 2.103030
2024-08-01 07:58:00,523 INFO CHECKSUM 6 11 0: 2.103030
2024-08-01 07:58:00,545 INFO sent 6 -> 11 # 0 at 176936974, 0.090645 0.058069
2024-08-01 07:58:00,545 INFO recv 6 -> 11 # 0 at 199415627, 0.090645 0.058069
2024-08-01 07:58:00,748 INFO CHECKSUM 6 12 0: 2.103030
2024-08-01 07:58:00,748 INFO CHECKSUM 6 12 0: 2.103030
2024-08-01 07:58:00,766 INFO recv 6 -> 12 # 0 at 212252843, 0.090645 0.058069
2024-08-01 07:58:00,766 INFO sent 6 -> 12 # 0 at 194492639, 0.090645 0.058069
2024-08-01 07:58:00,960 INFO CHECKSUM 6 13 0: 2.103030
2024-08-01 07:58:00,961 INFO CHECKSUM 6 13 0: 2.103030
2024-08-01 07:58:00,971 INFO recv 6 -> 13 # 0 at 192653117, 0.090645 0.058069
2024-08-01 07:58:00,971 INFO sent 6 -> 13 # 0 at 181391197, 0.090645 0.058069
2024-08-01 07:58:01,145 INFO CHECKSUM 6 14 0: 2.103030
2024-08-01 07:58:01,145 INFO CHECKSUM 6 14 0: 2.103030
2024-08-01 07:58:01,162 INFO recv 6 -> 14 # 0 at 179553572, 0.090645 0.058069
2024-08-01 07:58:01,162 INFO sent 6 -> 14 # 0 at 162791578, 0.090645 0.058069
2024-08-01 07:58:01,262 INFO CHECKSUM 6 15 0: 2.103030
2024-08-01 07:58:01,263 INFO CHECKSUM 6 15 0: 2.103030
2024-08-01 07:58:01,277 INFO Accepting from rank 7
2024-08-01 07:58:01,277 INFO Accepting from rank 7
2024-08-01 07:58:01,277 INFO Accepting from rank 7
2024-08-01 07:58:01,277 INFO Accepting from rank 7
2024-08-01 07:58:01,277 INFO Accepting from rank 7
2024-08-01 07:58:01,277 INFO Accepting from rank 7
2024-08-01 07:58:01,277 INFO Accepting from rank 7
2024-08-01 07:58:01,277 INFO Accepting from rank 7
2024-08-01 07:58:01,277 INFO Accepting from rank 7
2024-08-01 07:58:01,277 INFO Accepting from rank 7
2024-08-01 07:58:01,277 INFO Sending from rank 7
2024-08-01 07:58:01,277 INFO Accepting from rank 7
2024-08-01 07:58:01,277 INFO Accepting from rank 7
2024-08-01 07:58:01,277 INFO recv 6 -> 15 # 0 at 114830619, 0.090645 0.058069
2024-08-01 07:58:01,277 INFO sent 6 -> 15 # 0 at 100360581, 0.090645 0.058069
2024-08-01 07:58:01,277 INFO Accepting from rank 7
2024-08-01 07:58:01,277 INFO Accepting from rank 7
2024-08-01 07:58:01,277 INFO Accepting from rank 7
2024-08-01 07:58:01,317 INFO CHECKSUM 7 0 0: 1.718447
2024-08-01 07:58:01,317 INFO CHECKSUM 7 0 0: 1.718447
2024-08-01 07:58:01,326 INFO recv 7 -> 0 # 0 at 24123824, 0.867817 0.562632
2024-08-01 07:58:01,326 INFO sent 7 -> 0 # 0 at 14674571, 0.867817 0.562632
2024-08-01 07:58:01,347 INFO CHECKSUM 7 1 0: 1.718447
2024-08-01 07:58:01,355 INFO CHECKSUM 7 1 0: 1.718447
2024-08-01 07:58:01,366 INFO recv 7 -> 1 # 0 at 33611104, 0.867817 0.562632
2024-08-01 07:58:01,366 INFO sent 7 -> 1 # 0 at 14674230, 0.867817 0.562632
2024-08-01 07:58:01,393 INFO CHECKSUM 7 2 0: 1.718447
2024-08-01 07:58:01,393 INFO CHECKSUM 7 2 0: 1.718447
2024-08-01 07:58:01,402 INFO recv 7 -> 2 # 0 at 24410096, 0.867817 0.562632
2024-08-01 07:58:01,402 INFO sent 7 -> 2 # 0 at 14686844, 0.867817 0.562632
2024-08-01 07:58:01,504 INFO CHECKSUM 7 3 0: 1.718447
2024-08-01 07:58:01,504 INFO CHECKSUM 7 3 0: 1.718447
2024-08-01 07:58:01,518 INFO recv 7 -> 3 # 0 at 104814714, 0.867817 0.562632
2024-08-01 07:58:01,523 INFO sent 7 -> 3 # 0 at 86728179, 0.867817 0.562632
2024-08-01 07:58:01,543 INFO CHECKSUM 7 4 0: 1.718447
2024-08-01 07:58:01,544 INFO CHECKSUM 7 4 0: 1.718447
2024-08-01 07:58:01,558 INFO recv 7 -> 4 # 0 at 28537500, 0.867817 0.562632
2024-08-01 07:58:01,558 INFO sent 7 -> 4 # 0 at 14228957, 0.867817 0.562632
2024-08-01 07:58:01,575 INFO CHECKSUM 7 5 0: 1.718447
2024-08-01 07:58:01,575 INFO CHECKSUM 7 5 0: 1.718447
2024-08-01 07:58:01,590 INFO recv 7 -> 5 # 0 at 29685193, 0.867817 0.562632
2024-08-01 07:58:01,590 INFO sent 7 -> 5 # 0 at 14148582, 0.867817 0.562632
2024-08-01 07:58:01,612 INFO CHECKSUM 7 6 0: 1.718447
2024-08-01 07:58:01,611 INFO CHECKSUM 7 6 0: 1.718447
2024-08-01 07:58:01,626 INFO sent 7 -> 6 # 0 at 13987610, 0.867817 0.562632
2024-08-01 07:58:01,626 INFO recv 7 -> 6 # 0 at 28391145, 0.867817 0.562632
2024-08-01 07:58:01,745 INFO CHECKSUM 7 8 0: 1.718447
2024-08-01 07:58:01,745 INFO CHECKSUM 7 8 0: 1.718447
2024-08-01 07:58:01,759 INFO recv 7 -> 8 # 0 at 121008816, 0.867817 0.562632
2024-08-01 07:58:01,766 INFO sent 7 -> 8 # 0 at 102441975, 0.867817 0.562632
2024-08-01 07:58:01,977 INFO CHECKSUM 7 9 0: 1.718447
2024-08-01 07:58:01,977 INFO CHECKSUM 7 9 0: 1.718447
2024-08-01 07:58:01,994 INFO sent 7 -> 9 # 0 at 182617133, 0.867817 0.562632
2024-08-01 07:58:01,998 INFO recv 7 -> 9 # 0 at 201160817, 0.867817 0.562632
2024-08-01 07:58:02,175 INFO CHECKSUM 7 10 0: 1.718447
2024-08-01 07:58:02,176 INFO CHECKSUM 7 10 0: 1.718447
2024-08-01 07:58:02,195 INFO sent 7 -> 10 # 0 at 160528212, 0.867817 0.562632
2024-08-01 07:58:02,195 INFO recv 7 -> 10 # 0 at 181066340, 0.867817 0.562632
2024-08-01 07:58:02,395 INFO CHECKSUM 7 11 0: 1.718447
2024-08-01 07:58:02,395 INFO CHECKSUM 7 11 0: 1.718447
2024-08-01 07:58:02,417 INFO sent 7 -> 11 # 0 at 165713161, 0.867817 0.562632
2024-08-01 07:58:02,425 INFO recv 7 -> 11 # 0 at 191997080, 0.867817 0.562632
2024-08-01 07:58:02,679 INFO CHECKSUM 7 12 0: 1.718447
2024-08-01 07:58:02,680 INFO CHECKSUM 7 12 0: 1.718447
2024-08-01 07:58:02,692 INFO recv 7 -> 12 # 0 at 252966895, 0.867817 0.562632
2024-08-01 07:58:02,692 INFO sent 7 -> 12 # 0 at 229092988, 0.867817 0.562632
2024-08-01 07:58:02,855 INFO CHECKSUM 7 13 0: 1.718447
2024-08-01 07:58:02,856 INFO CHECKSUM 7 13 0: 1.718447
2024-08-01 07:58:02,874 INFO recv 7 -> 13 # 0 at 180818950, 0.867817 0.562632
2024-08-01 07:58:02,874 INFO sent 7 -> 13 # 0 at 161132163, 0.867817 0.562632
2024-08-01 07:58:03,063 INFO CHECKSUM 7 14 0: 1.718447
2024-08-01 07:58:03,063 INFO CHECKSUM 7 14 0: 1.718447
2024-08-01 07:58:03,085 INFO sent 7 -> 14 # 0 at 177630178, 0.867817 0.562632
2024-08-01 07:58:03,085 INFO recv 7 -> 14 # 0 at 199406176, 0.867817 0.562632
2024-08-01 07:58:03,253 INFO CHECKSUM 7 15 0: 1.718447
2024-08-01 07:58:03,261 INFO CHECKSUM 7 15 0: 1.718447
2024-08-01 07:58:03,273 INFO Accepting from rank 8
2024-08-01 07:58:03,273 INFO Accepting from rank 8
2024-08-01 07:58:03,273 INFO Accepting from rank 8
2024-08-01 07:58:03,273 INFO Accepting from rank 8
2024-08-01 07:58:03,273 INFO Accepting from rank 8
2024-08-01 07:58:03,273 INFO Accepting from rank 8
2024-08-01 07:58:03,273 INFO Sending from rank 8
2024-08-01 07:58:03,273 INFO Accepting from rank 8
2024-08-01 07:58:03,273 INFO Accepting from rank 8
2024-08-01 07:58:03,273 INFO Accepting from rank 8
2024-08-01 07:58:03,273 INFO Accepting from rank 8
2024-08-01 07:58:03,273 INFO recv 7 -> 15 # 0 at 180553866, 0.867817 0.562632
2024-08-01 07:58:03,273 INFO Accepting from rank 8
2024-08-01 07:58:03,281 INFO Accepting from rank 8
2024-08-01 07:58:03,281 INFO Accepting from rank 8
2024-08-01 07:58:03,282 INFO Accepting from rank 8
2024-08-01 07:58:03,282 INFO sent 7 -> 15 # 0 at 160433849, 0.867817 0.562632
2024-08-01 07:58:03,282 INFO Accepting from rank 8
2024-08-01 07:58:03,376 INFO CHECKSUM 8 0 0: 1.558414
2024-08-01 07:58:03,376 INFO CHECKSUM 8 0 0: 1.558414
2024-08-01 07:58:03,386 INFO recv 8 -> 0 # 0 at 89893612, 0.207677 0.836987
2024-08-01 07:58:03,386 INFO sent 8 -> 0 # 0 at 79661033, 0.207677 0.836987
2024-08-01 07:58:03,464 INFO CHECKSUM 8 1 0: 1.558414
2024-08-01 07:58:03,464 INFO CHECKSUM 8 1 0: 1.558414
2024-08-01 07:58:03,479 INFO recv 8 -> 1 # 0 at 89905495, 0.207677 0.836987
2024-08-01 07:58:03,479 INFO sent 8 -> 1 # 0 at 74465659, 0.207677 0.836987
2024-08-01 07:58:03,510 INFO CHECKSUM 8 2 0: 1.558414
2024-08-01 07:58:03,531 INFO CHECKSUM 8 2 0: 1.558414
2024-08-01 07:58:03,546 INFO recv 8 -> 2 # 0 at 55950857, 0.207677 0.836987
2024-08-01 07:58:03,546 INFO sent 8 -> 2 # 0 at 19670829, 0.207677 0.836987
2024-08-01 07:58:03,572 INFO CHECKSUM 8 3 0: 1.558414
2024-08-01 07:58:03,577 INFO CHECKSUM 8 3 0: 1.558414
2024-08-01 07:58:03,589 INFO recv 8 -> 3 # 0 at 31989758, 0.207677 0.836987
2024-08-01 07:58:03,589 INFO sent 8 -> 3 # 0 at 14500113, 0.207677 0.836987
2024-08-01 07:58:03,604 INFO CHECKSUM 8 4 0: 1.558414
2024-08-01 07:58:03,605 INFO CHECKSUM 8 4 0: 1.558414
2024-08-01 07:58:03,614 INFO recv 8 -> 4 # 0 at 24165835, 0.207677 0.836987
2024-08-01 07:58:03,614 INFO sent 8 -> 4 # 0 at 13983645, 0.207677 0.836987
2024-08-01 07:58:03,715 INFO CHECKSUM 8 5 0: 1.558414
2024-08-01 07:58:03,716 INFO CHECKSUM 8 5 0: 1.558414
2024-08-01 07:58:03,738 INFO recv 8 -> 5 # 0 at 99432340, 0.207677 0.836987
2024-08-01 07:58:03,738 INFO sent 8 -> 5 # 0 at 77316005, 0.207677 0.836987
2024-08-01 07:58:03,847 INFO CHECKSUM 8 6 0: 1.558414
2024-08-01 07:58:03,848 INFO CHECKSUM 8 6 0: 1.558414
2024-08-01 07:58:03,862 INFO recv 8 -> 6 # 0 at 104304654, 0.207677 0.836987
2024-08-01 07:58:03,862 INFO sent 8 -> 6 # 0 at 89609837, 0.207677 0.836987
2024-08-01 07:58:03,892 INFO CHECKSUM 8 7 0: 1.558414
2024-08-01 07:58:03,892 INFO CHECKSUM 8 7 0: 1.558414
2024-08-01 07:58:03,914 INFO recv 8 -> 7 # 0 at 36480723, 0.207677 0.836987
2024-08-01 07:58:03,914 INFO sent 8 -> 7 # 0 at 14148073, 0.207677 0.836987
2024-08-01 07:58:04,130 INFO CHECKSUM 8 9 0: 1.558414
2024-08-01 07:58:04,131 INFO CHECKSUM 8 9 0: 1.558414
2024-08-01 07:58:04,148 INFO sent 8 -> 9 # 0 at 210255090, 0.207677 0.836987
2024-08-01 07:58:04,148 INFO recv 8 -> 9 # 0 at 227737363, 0.207677 0.836987
2024-08-01 07:58:04,341 INFO CHECKSUM 8 10 0: 1.558414
2024-08-01 07:58:04,342 INFO CHECKSUM 8 10 0: 1.558414
2024-08-01 07:58:04,362 INFO sent 8 -> 10 # 0 at 179190939, 0.207677 0.836987
2024-08-01 07:58:04,362 INFO recv 8 -> 10 # 0 at 200037799, 0.207677 0.836987
2024-08-01 07:58:04,558 INFO CHECKSUM 8 11 0: 1.558414
2024-08-01 07:58:04,559 INFO CHECKSUM 8 11 0: 1.558414
2024-08-01 07:58:04,581 INFO sent 8 -> 11 # 0 at 180698880, 0.207677 0.836987
2024-08-01 07:58:04,581 INFO recv 8 -> 11 # 0 at 203777772, 0.207677 0.836987
2024-08-01 07:58:04,767 INFO CHECKSUM 8 12 0: 1.558414
2024-08-01 07:58:04,768 INFO CHECKSUM 8 12 0: 1.558414
2024-08-01 07:58:04,790 INFO recv 8 -> 12 # 0 at 203394245, 0.207677 0.836987
2024-08-01 07:58:04,790 INFO sent 8 -> 12 # 0 at 180812901, 0.207677 0.836987
2024-08-01 07:58:04,982 INFO CHECKSUM 8 13 0: 1.558414
2024-08-01 07:58:04,983 INFO CHECKSUM 8 13 0: 1.558414
2024-08-01 07:58:04,997 INFO sent 8 -> 13 # 0 at 160945612, 0.207677 0.836987
2024-08-01 07:58:04,997 INFO recv 8 -> 13 # 0 at 171258825, 0.207677 0.836987
2024-08-01 07:58:05,199 INFO CHECKSUM 8 14 0: 1.558414
2024-08-01 07:58:05,200 INFO CHECKSUM 8 14 0: 1.558414
2024-08-01 07:58:05,221 INFO sent 8 -> 14 # 0 at 196815225, 0.207677 0.836987
2024-08-01 07:58:05,230 INFO recv 8 -> 14 # 0 at 227345223, 0.207677 0.836987
2024-08-01 07:58:05,406 INFO CHECKSUM 8 15 0: 1.558414
2024-08-01 07:58:05,416 INFO Accepting from rank 9
2024-08-01 07:58:05,407 INFO CHECKSUM 8 15 0: 1.558414
2024-08-01 07:58:05,416 INFO Accepting from rank 9
2024-08-01 07:58:05,416 INFO Sending from rank 9
2024-08-01 07:58:05,416 INFO Accepting from rank 9
2024-08-01 07:58:05,416 INFO Accepting from rank 9
2024-08-01 07:58:05,416 INFO Accepting from rank 9
2024-08-01 07:58:05,416 INFO Accepting from rank 9
2024-08-01 07:58:05,416 INFO Accepting from rank 9
2024-08-01 07:58:05,416 INFO Accepting from rank 9
2024-08-01 07:58:05,416 INFO Accepting from rank 9
2024-08-01 07:58:05,416 INFO Accepting from rank 9
2024-08-01 07:58:05,416 INFO Accepting from rank 9
2024-08-01 07:58:05,416 INFO Accepting from rank 9
2024-08-01 07:58:05,416 INFO recv 8 -> 15 # 0 at 178488009, 0.207677 0.836987
2024-08-01 07:58:05,416 INFO Accepting from rank 9
2024-08-01 07:58:05,416 INFO sent 8 -> 15 # 0 at 169027691, 0.207677 0.836987
2024-08-01 07:58:05,416 INFO Accepting from rank 9
2024-08-01 07:58:05,416 INFO Accepting from rank 9
2024-08-01 07:58:05,473 INFO CHECKSUM 9 0 0: 2.116899
2024-08-01 07:58:05,473 INFO CHECKSUM 9 0 0: 2.116899
2024-08-01 07:58:05,482 INFO recv 9 -> 0 # 0 at 33352376, 0.147896 0.551928
2024-08-01 07:58:05,482 INFO sent 9 -> 0 # 0 at 23450940, 0.147896 0.551928
2024-08-01 07:58:05,576 INFO CHECKSUM 9 1 0: 2.116899
2024-08-01 07:58:05,576 INFO CHECKSUM 9 1 0: 2.116899
2024-08-01 07:58:05,587 INFO sent 9 -> 1 # 0 at 81634194, 0.147896 0.551928
2024-08-01 07:58:05,587 INFO recv 9 -> 1 # 0 at 92643126, 0.147896 0.551928
2024-08-01 07:58:05,606 INFO CHECKSUM 9 2 0: 2.116899
2024-08-01 07:58:05,607 INFO CHECKSUM 9 2 0: 2.116899
2024-08-01 07:58:05,626 INFO recv 9 -> 2 # 0 at 37197141, 0.147896 0.551928
2024-08-01 07:58:05,626 INFO sent 9 -> 2 # 0 at 18110785, 0.147896 0.551928
2024-08-01 07:58:05,652 INFO CHECKSUM 9 3 0: 2.116899
2024-08-01 07:58:05,652 INFO CHECKSUM 9 3 0: 2.116899
2024-08-01 07:58:05,673 INFO recv 9 -> 3 # 0 at 35467295, 0.147896 0.551928
2024-08-01 07:58:05,674 INFO sent 9 -> 3 # 0 at 13689678, 0.147896 0.551928
2024-08-01 07:58:05,719 INFO CHECKSUM 9 4 0: 2.116899
2024-08-01 07:58:05,719 INFO CHECKSUM 9 4 0: 2.116899
2024-08-01 07:58:05,742 INFO recv 9 -> 4 # 0 at 52237332, 0.147896 0.551928
2024-08-01 07:58:05,750 INFO sent 9 -> 4 # 0 at 29235681, 0.147896 0.551928
2024-08-01 07:58:05,765 INFO CHECKSUM 9 5 0: 2.116899
2024-08-01 07:58:05,765 INFO CHECKSUM 9 5 0: 2.116899
2024-08-01 07:58:05,790 INFO recv 9 -> 5 # 0 at 39953885, 0.147896 0.551928
2024-08-01 07:58:05,790 INFO sent 9 -> 5 # 0 at 15018584, 0.147896 0.551928
2024-08-01 07:58:05,826 INFO CHECKSUM 9 6 0: 2.116899
2024-08-01 07:58:05,829 INFO CHECKSUM 9 6 0: 2.116899
2024-08-01 07:58:05,854 INFO recv 9 -> 6 # 0 at 50081394, 0.147896 0.551928
2024-08-01 07:58:05,857 INFO sent 9 -> 6 # 0 at 21686501, 0.147896 0.551928
2024-08-01 07:58:05,876 INFO CHECKSUM 9 7 0: 2.116899
2024-08-01 07:58:05,876 INFO CHECKSUM 9 7 0: 2.116899
2024-08-01 07:58:05,896 INFO recv 9 -> 7 # 0 at 34212228, 0.147896 0.551928
2024-08-01 07:58:05,896 INFO sent 9 -> 7 # 0 at 14615926, 0.147896 0.551928
2024-08-01 07:58:05,912 INFO CHECKSUM 9 8 0: 2.116899
2024-08-01 07:58:05,913 INFO CHECKSUM 9 8 0: 2.116899
2024-08-01 07:58:05,930 INFO recv 9 -> 8 # 0 at 31980862, 0.147896 0.551928
2024-08-01 07:58:05,930 INFO sent 9 -> 8 # 0 at 13892870, 0.147896 0.551928
2024-08-01 07:58:06,120 INFO CHECKSUM 9 10 0: 2.116899
2024-08-01 07:58:06,120 INFO CHECKSUM 9 10 0: 2.116899
2024-08-01 07:58:06,132 INFO recv 9 -> 10 # 0 at 196181231, 0.147896 0.551928
2024-08-01 07:58:06,132 INFO sent 9 -> 10 # 0 at 184157540, 0.147896 0.551928
2024-08-01 07:58:06,350 INFO CHECKSUM 9 11 0: 2.116899
2024-08-01 07:58:06,350 INFO CHECKSUM 9 11 0: 2.116899
2024-08-01 07:58:06,363 INFO sent 9 -> 11 # 0 at 207494549, 0.147896 0.551928
2024-08-01 07:58:06,363 INFO recv 9 -> 11 # 0 at 221377370, 0.147896 0.551928
2024-08-01 07:58:06,582 INFO CHECKSUM 9 12 0: 2.116899
2024-08-01 07:58:06,582 INFO CHECKSUM 9 12 0: 2.116899
2024-08-01 07:58:06,599 INFO recv 9 -> 12 # 0 at 225106730, 0.147896 0.551928
2024-08-01 07:58:06,599 INFO sent 9 -> 12 # 0 at 205229075, 0.147896 0.551928
2024-08-01 07:58:06,718 INFO CHECKSUM 9 13 0: 2.116899
2024-08-01 07:58:06,718 INFO CHECKSUM 9 13 0: 2.116899
2024-08-01 07:58:06,729 INFO recv 9 -> 13 # 0 at 117830575, 0.147896 0.551928
2024-08-01 07:58:06,729 INFO sent 9 -> 13 # 0 at 106045087, 0.147896 0.551928
2024-08-01 07:58:06,891 INFO CHECKSUM 9 14 0: 2.116899
2024-08-01 07:58:06,900 INFO CHECKSUM 9 14 0: 2.116899
2024-08-01 07:58:06,922 INFO recv 9 -> 14 # 0 at 190315702, 0.147896 0.551928
2024-08-01 07:58:06,930 INFO sent 9 -> 14 # 0 at 158915833, 0.147896 0.551928
2024-08-01 07:58:07,115 INFO CHECKSUM 9 15 0: 2.116899
2024-08-01 07:58:07,115 INFO CHECKSUM 9 15 0: 2.116899
2024-08-01 07:58:07,128 INFO Accepting from rank 10
2024-08-01 07:58:07,128 INFO Accepting from rank 10
2024-08-01 07:58:07,128 INFO Accepting from rank 10
2024-08-01 07:58:07,128 INFO Accepting from rank 10
2024-08-01 07:58:07,128 INFO Accepting from rank 10
2024-08-01 07:58:07,128 INFO Accepting from rank 10
2024-08-01 07:58:07,128 INFO Accepting from rank 10
2024-08-01 07:58:07,128 INFO Sending from rank 10
2024-08-01 07:58:07,128 INFO Accepting from rank 10
2024-08-01 07:58:07,128 INFO Accepting from rank 10
2024-08-01 07:58:07,128 INFO sent 9 -> 15 # 0 at 177424788, 0.147896 0.551928
2024-08-01 07:58:07,128 INFO recv 9 -> 15 # 0 at 190484468, 0.147896 0.551928
2024-08-01 07:58:07,128 INFO Accepting from rank 10
2024-08-01 07:58:07,128 INFO Accepting from rank 10
2024-08-01 07:58:07,129 INFO Accepting from rank 10
2024-08-01 07:58:07,128 INFO Accepting from rank 10
2024-08-01 07:58:07,128 INFO Accepting from rank 10
2024-08-01 07:58:07,129 INFO Accepting from rank 10
2024-08-01 07:58:07,171 INFO CHECKSUM 10 0 0: 2.091476
2024-08-01 07:58:07,172 INFO CHECKSUM 10 0 0: 2.091476
2024-08-01 07:58:07,189 INFO recv 10 -> 0 # 0 at 32019625, 0.624835 0.904174
2024-08-01 07:58:07,190 INFO sent 10 -> 0 # 0 at 14237296, 0.624835 0.904174
2024-08-01 07:58:07,280 INFO CHECKSUM 10 1 0: 2.091476
2024-08-01 07:58:07,281 INFO CHECKSUM 10 1 0: 2.091476
2024-08-01 07:58:07,290 INFO recv 10 -> 1 # 0 at 84543441, 0.624835 0.904174
2024-08-01 07:58:07,290 INFO sent 10 -> 1 # 0 at 74546536, 0.624835 0.904174
2024-08-01 07:58:07,323 INFO CHECKSUM 10 2 0: 2.091476
2024-08-01 07:58:07,323 INFO CHECKSUM 10 2 0: 2.091476
2024-08-01 07:58:07,334 INFO recv 10 -> 2 # 0 at 32804849, 0.624835 0.904174
2024-08-01 07:58:07,334 INFO sent 10 -> 2 # 0 at 21640052, 0.624835 0.904174
2024-08-01 07:58:07,361 INFO CHECKSUM 10 3 0: 2.091476
2024-08-01 07:58:07,361 INFO CHECKSUM 10 3 0: 2.091476
2024-08-01 07:58:07,369 INFO recv 10 -> 3 # 0 at 31067108, 0.624835 0.904174
2024-08-01 07:58:07,369 INFO sent 10 -> 3 # 0 at 22569296, 0.624835 0.904174
2024-08-01 07:58:07,400 INFO CHECKSUM 10 4 0: 2.091476
2024-08-01 07:58:07,400 INFO CHECKSUM 10 4 0: 2.091476
2024-08-01 07:58:07,414 INFO recv 10 -> 4 # 0 at 28588628, 0.624835 0.904174
2024-08-01 07:58:07,414 INFO sent 10 -> 4 # 0 at 14606929, 0.624835 0.904174
2024-08-01 07:58:07,495 INFO CHECKSUM 10 5 0: 2.091476
2024-08-01 07:58:07,506 INFO sent 10 -> 5 # 0 at 73872645, 0.624835 0.904174
2024-08-01 07:58:07,496 INFO CHECKSUM 10 5 0: 2.091476
2024-08-01 07:58:07,506 INFO recv 10 -> 5 # 0 at 84543876, 0.624835 0.904174
2024-08-01 07:58:07,528 INFO CHECKSUM 10 6 0: 2.091476
2024-08-01 07:58:07,528 INFO CHECKSUM 10 6 0: 2.091476
2024-08-01 07:58:07,546 INFO recv 10 -> 6 # 0 at 32429091, 0.624835 0.904174
2024-08-01 07:58:07,546 INFO sent 10 -> 6 # 0 at 14166158, 0.624835 0.904174
2024-08-01 07:58:07,571 INFO CHECKSUM 10 7 0: 2.091476
2024-08-01 07:58:07,572 INFO CHECKSUM 10 7 0: 2.091476
2024-08-01 07:58:07,579 INFO recv 10 -> 7 # 0 at 22189105, 0.624835 0.904174
2024-08-01 07:58:07,579 INFO sent 10 -> 7 # 0 at 13966713, 0.624835 0.904174
2024-08-01 07:58:07,604 INFO CHECKSUM 10 8 0: 2.091476
2024-08-01 07:58:07,604 INFO CHECKSUM 10 8 0: 2.091476
2024-08-01 07:58:07,621 INFO recv 10 -> 8 # 0 at 32004418, 0.624835 0.904174
2024-08-01 07:58:07,621 INFO sent 10 -> 8 # 0 at 14422212, 0.624835 0.904174
2024-08-01 07:58:07,648 INFO CHECKSUM 10 9 0: 2.091476
2024-08-01 07:58:07,649 INFO CHECKSUM 10 9 0: 2.091476
2024-08-01 07:58:07,665 INFO recv 10 -> 9 # 0 at 31185136, 0.624835 0.904174
2024-08-01 07:58:07,665 INFO sent 10 -> 9 # 0 at 13642126, 0.624835 0.904174
2024-08-01 07:58:07,887 INFO CHECKSUM 10 11 0: 2.091476
2024-08-01 07:58:07,887 INFO CHECKSUM 10 11 0: 2.091476
2024-08-01 07:58:07,898 INFO sent 10 -> 11 # 0 at 209432521, 0.624835 0.904174
2024-08-01 07:58:07,898 INFO recv 10 -> 11 # 0 at 220797290, 0.624835 0.904174
2024-08-01 07:58:08,126 INFO CHECKSUM 10 12 0: 2.091476
2024-08-01 07:58:08,126 INFO CHECKSUM 10 12 0: 2.091476
2024-08-01 07:58:08,137 INFO recv 10 -> 12 # 0 at 227233156, 0.624835 0.904174
2024-08-01 07:58:08,137 INFO sent 10 -> 12 # 0 at 216230440, 0.624835 0.904174
2024-08-01 07:58:08,299 INFO CHECKSUM 10 13 0: 2.091476
2024-08-01 07:58:08,300 INFO CHECKSUM 10 13 0: 2.091476
2024-08-01 07:58:08,315 INFO sent 10 -> 13 # 0 at 160196736, 0.624835 0.904174
2024-08-01 07:58:08,315 INFO recv 10 -> 13 # 0 at 176890747, 0.624835 0.904174
2024-08-01 07:58:08,507 INFO CHECKSUM 10 14 0: 2.091476
2024-08-01 07:58:08,508 INFO CHECKSUM 10 14 0: 2.091476
2024-08-01 07:58:08,518 INFO recv 10 -> 14 # 0 at 192223003, 0.624835 0.904174
2024-08-01 07:58:08,518 INFO sent 10 -> 14 # 0 at 182114454, 0.624835 0.904174
2024-08-01 07:58:08,685 INFO CHECKSUM 10 15 0: 2.091476
2024-08-01 07:58:08,686 INFO CHECKSUM 10 15 0: 2.091476
2024-08-01 07:58:08,699 INFO Accepting from rank 11
2024-08-01 07:58:08,699 INFO Accepting from rank 11
2024-08-01 07:58:08,699 INFO Accepting from rank 11
2024-08-01 07:58:08,699 INFO Accepting from rank 11
2024-08-01 07:58:08,699 INFO Accepting from rank 11
2024-08-01 07:58:08,699 INFO Accepting from rank 11
2024-08-01 07:58:08,699 INFO Accepting from rank 11
2024-08-01 07:58:08,699 INFO Accepting from rank 11
2024-08-01 07:58:08,699 INFO Accepting from rank 11
2024-08-01 07:58:08,699 INFO Accepting from rank 11
2024-08-01 07:58:08,699 INFO Sending from rank 11
2024-08-01 07:58:08,699 INFO recv 10 -> 15 # 0 at 177016741, 0.624835 0.904174
2024-08-01 07:58:08,699 INFO Accepting from rank 11
2024-08-01 07:58:08,699 INFO sent 10 -> 15 # 0 at 162385263, 0.624835 0.904174
2024-08-01 07:58:08,700 INFO Accepting from rank 11
2024-08-01 07:58:08,700 INFO Accepting from rank 11
2024-08-01 07:58:08,700 INFO Accepting from rank 11
2024-08-01 07:58:08,700 INFO Accepting from rank 11
2024-08-01 07:58:08,819 INFO CHECKSUM 11 0 0: 1.427696
2024-08-01 07:58:08,819 INFO CHECKSUM 11 0 0: 1.427696
2024-08-01 07:58:08,837 INFO recv 11 -> 0 # 0 at 113615400, 0.167341 0.708017
2024-08-01 07:58:08,837 INFO sent 11 -> 0 # 0 at 95078287, 0.167341 0.708017
2024-08-01 07:58:08,855 INFO CHECKSUM 11 1 0: 1.427696
2024-08-01 07:58:08,856 INFO CHECKSUM 11 1 0: 1.427696
2024-08-01 07:58:08,869 INFO recv 11 -> 1 # 0 at 27991425, 0.167341 0.708017
2024-08-01 07:58:08,869 INFO sent 11 -> 1 # 0 at 13907058, 0.167341 0.708017
2024-08-01 07:58:08,888 INFO CHECKSUM 11 2 0: 1.427696
2024-08-01 07:58:08,889 INFO CHECKSUM 11 2 0: 1.427696
2024-08-01 07:58:08,906 INFO recv 11 -> 2 # 0 at 33121851, 0.167341 0.708017
2024-08-01 07:58:08,917 INFO sent 11 -> 2 # 0 at 14588323, 0.167341 0.708017
2024-08-01 07:58:08,951 INFO CHECKSUM 11 3 0: 1.427696
2024-08-01 07:58:08,968 INFO CHECKSUM 11 3 0: 1.427696
2024-08-01 07:58:08,987 INFO recv 11 -> 3 # 0 at 50046027, 0.167341 0.708017
2024-08-01 07:58:08,987 INFO sent 11 -> 3 # 0 at 14129679, 0.167341 0.708017
2024-08-01 07:58:09,012 INFO CHECKSUM 11 4 0: 1.427696
2024-08-01 07:58:09,011 INFO CHECKSUM 11 4 0: 1.427696
2024-08-01 07:58:09,042 INFO recv 11 -> 4 # 0 at 44509194, 0.167341 0.708017
2024-08-01 07:58:09,048 INFO sent 11 -> 4 # 0 at 13810562, 0.167341 0.708017
2024-08-01 07:58:09,081 INFO CHECKSUM 11 5 0: 1.427696
2024-08-01 07:58:09,080 INFO CHECKSUM 11 5 0: 1.427696
2024-08-01 07:58:09,086 INFO recv 11 -> 5 # 0 at 20282028, 0.167341 0.708017
2024-08-01 07:58:09,086 INFO sent 11 -> 5 # 0 at 14879025, 0.167341 0.708017
2024-08-01 07:58:09,112 INFO CHECKSUM 11 6 0: 1.427696
2024-08-01 07:58:09,112 INFO CHECKSUM 11 6 0: 1.427696
2024-08-01 07:58:09,134 INFO recv 11 -> 6 # 0 at 36997265, 0.167341 0.708017
2024-08-01 07:58:09,142 INFO sent 11 -> 6 # 0 at 14242967, 0.167341 0.708017
2024-08-01 07:58:09,232 INFO CHECKSUM 11 7 0: 1.427696
2024-08-01 07:58:09,232 INFO CHECKSUM 11 7 0: 1.427696
2024-08-01 07:58:09,240 INFO recv 11 -> 7 # 0 at 88948292, 0.167341 0.708017
2024-08-01 07:58:09,240 INFO sent 11 -> 7 # 0 at 70672003, 0.167341 0.708017
2024-08-01 07:58:09,254 INFO CHECKSUM 11 8 0: 1.427696
2024-08-01 07:58:09,255 INFO CHECKSUM 11 8 0: 1.427696
2024-08-01 07:58:09,264 INFO recv 11 -> 8 # 0 at 23668058, 0.167341 0.708017
2024-08-01 07:58:09,264 INFO sent 11 -> 8 # 0 at 13874895, 0.167341 0.708017
2024-08-01 07:58:09,288 INFO CHECKSUM 11 9 0: 1.427696
2024-08-01 07:58:09,288 INFO CHECKSUM 11 9 0: 1.427696
2024-08-01 07:58:09,301 INFO recv 11 -> 9 # 0 at 27939649, 0.167341 0.708017
2024-08-01 07:58:09,301 INFO sent 11 -> 9 # 0 at 14200465, 0.167341 0.708017
2024-08-01 07:58:09,319 INFO CHECKSUM 11 10 0: 1.427696
2024-08-01 07:58:09,320 INFO CHECKSUM 11 10 0: 1.427696
2024-08-01 07:58:09,354 INFO recv 11 -> 10 # 0 at 50103441, 0.167341 0.708017
2024-08-01 07:58:09,354 INFO sent 11 -> 10 # 0 at 14820482, 0.167341 0.708017
2024-08-01 07:58:09,600 INFO CHECKSUM 11 12 0: 1.427696
2024-08-01 07:58:09,600 INFO CHECKSUM 11 12 0: 1.427696
2024-08-01 07:58:09,612 INFO recv 11 -> 12 # 0 at 242065424, 0.167341 0.708017
2024-08-01 07:58:09,612 INFO sent 11 -> 12 # 0 at 229992578, 0.167341 0.708017
2024-08-01 07:58:09,811 INFO CHECKSUM 11 13 0: 1.427696
2024-08-01 07:58:09,812 INFO CHECKSUM 11 13 0: 1.427696
2024-08-01 07:58:09,841 INFO sent 11 -> 13 # 0 at 189197804, 0.167341 0.708017
2024-08-01 07:58:09,842 INFO recv 11 -> 13 # 0 at 220747252, 0.167341 0.708017
2024-08-01 07:58:10,075 INFO CHECKSUM 11 14 0: 1.427696
2024-08-01 07:58:10,075 INFO CHECKSUM 11 14 0: 1.427696
2024-08-01 07:58:10,088 INFO recv 11 -> 14 # 0 at 226550584, 0.167341 0.708017
2024-08-01 07:58:10,088 INFO sent 11 -> 14 # 0 at 213830164, 0.167341 0.708017
2024-08-01 07:58:10,336 INFO CHECKSUM 11 15 0: 1.427696
2024-08-01 07:58:10,337 INFO CHECKSUM 11 15 0: 1.427696
2024-08-01 07:58:10,353 INFO Accepting from rank 12
2024-08-01 07:58:10,354 INFO Sending from rank 12
2024-08-01 07:58:10,354 INFO Accepting from rank 12
2024-08-01 07:58:10,354 INFO Accepting from rank 12
2024-08-01 07:58:10,354 INFO Accepting from rank 12
2024-08-01 07:58:10,354 INFO Accepting from rank 12
2024-08-01 07:58:10,354 INFO Accepting from rank 12
2024-08-01 07:58:10,354 INFO Accepting from rank 12
2024-08-01 07:58:10,354 INFO Accepting from rank 12
2024-08-01 07:58:10,354 INFO Accepting from rank 12
2024-08-01 07:58:10,354 INFO Accepting from rank 12
2024-08-01 07:58:10,354 INFO recv 11 -> 15 # 0 at 259596716, 0.167341 0.708017
2024-08-01 07:58:10,354 INFO Accepting from rank 12
2024-08-01 07:58:10,354 INFO sent 11 -> 15 # 0 at 241758019, 0.167341 0.708017
2024-08-01 07:58:10,354 INFO Accepting from rank 12
2024-08-01 07:58:10,354 INFO Accepting from rank 12
2024-08-01 07:58:10,356 INFO Accepting from rank 12
2024-08-01 07:58:10,356 INFO Accepting from rank 12
2024-08-01 07:58:10,388 INFO CHECKSUM 12 0 0: 1.910346
2024-08-01 07:58:10,401 INFO CHECKSUM 12 0 0: 1.910346
2024-08-01 07:58:10,411 INFO recv 12 -> 0 # 0 at 37610008, 0.546480 0.083986
2024-08-01 07:58:10,411 INFO sent 12 -> 0 # 0 at 14952761, 0.546480 0.083986
2024-08-01 07:58:10,452 INFO CHECKSUM 12 1 0: 1.910346
2024-08-01 07:58:10,452 INFO CHECKSUM 12 1 0: 1.910346
2024-08-01 07:58:10,469 INFO recv 12 -> 1 # 0 at 31495564, 0.546480 0.083986
2024-08-01 07:58:10,469 INFO sent 12 -> 1 # 0 at 13749322, 0.546480 0.083986
2024-08-01 07:58:10,492 INFO CHECKSUM 12 2 0: 1.910346
2024-08-01 07:58:10,493 INFO CHECKSUM 12 2 0: 1.910346
2024-08-01 07:58:10,501 INFO recv 12 -> 2 # 0 at 23091794, 0.546480 0.083986
2024-08-01 07:58:10,501 INFO sent 12 -> 2 # 0 at 14224994, 0.546480 0.083986
2024-08-01 07:58:10,579 INFO CHECKSUM 12 3 0: 1.910346
2024-08-01 07:58:10,579 INFO CHECKSUM 12 3 0: 1.910346
2024-08-01 07:58:10,595 INFO recv 12 -> 3 # 0 at 93346402, 0.546480 0.083986
2024-08-01 07:58:10,595 INFO sent 12 -> 3 # 0 at 77761510, 0.546480 0.083986
2024-08-01 07:58:10,672 INFO CHECKSUM 12 4 0: 1.910346
2024-08-01 07:58:10,672 INFO CHECKSUM 12 4 0: 1.910346
2024-08-01 07:58:10,685 INFO sent 12 -> 4 # 0 at 70760940, 0.546480 0.083986
2024-08-01 07:58:10,685 INFO recv 12 -> 4 # 0 at 84026112, 0.546480 0.083986
2024-08-01 07:58:10,704 INFO CHECKSUM 12 5 0: 1.910346
2024-08-01 07:58:10,705 INFO CHECKSUM 12 5 0: 1.910346
2024-08-01 07:58:10,725 INFO sent 12 -> 5 # 0 at 14630007, 0.546480 0.083986
2024-08-01 07:58:10,725 INFO recv 12 -> 5 # 0 at 35594607, 0.546480 0.083986
2024-08-01 07:58:10,750 INFO CHECKSUM 12 6 0: 1.910346
2024-08-01 07:58:10,762 INFO sent 12 -> 6 # 0 at 13892449, 0.546480 0.083986
2024-08-01 07:58:10,751 INFO CHECKSUM 12 6 0: 1.910346
2024-08-01 07:58:10,762 INFO recv 12 -> 6 # 0 at 25023538, 0.546480 0.083986
2024-08-01 07:58:10,776 INFO CHECKSUM 12 7 0: 1.910346
2024-08-01 07:58:10,776 INFO CHECKSUM 12 7 0: 1.910346
2024-08-01 07:58:10,790 INFO sent 12 -> 7 # 0 at 14077799, 0.546480 0.083986
2024-08-01 07:58:10,790 INFO recv 12 -> 7 # 0 at 27749722, 0.546480 0.083986
2024-08-01 07:58:10,812 INFO CHECKSUM 12 8 0: 1.910346
2024-08-01 07:58:10,813 INFO CHECKSUM 12 8 0: 1.910346
2024-08-01 07:58:10,825 INFO sent 12 -> 8 # 0 at 13784641, 0.546480 0.083986
2024-08-01 07:58:10,825 INFO recv 12 -> 8 # 0 at 26910941, 0.546480 0.083986
2024-08-01 07:58:10,855 INFO CHECKSUM 12 9 0: 1.910346
2024-08-01 07:58:10,856 INFO CHECKSUM 12 9 0: 1.910346
2024-08-01 07:58:10,876 INFO sent 12 -> 9 # 0 at 18324598, 0.546480 0.083986
2024-08-01 07:58:10,876 INFO recv 12 -> 9 # 0 at 35440985, 0.546480 0.083986
2024-08-01 07:58:10,907 INFO CHECKSUM 12 10 0: 1.910346
2024-08-01 07:58:10,907 INFO CHECKSUM 12 10 0: 1.910346
2024-08-01 07:58:10,921 INFO sent 12 -> 10 # 0 at 21935797, 0.546480 0.083986
2024-08-01 07:58:10,921 INFO recv 12 -> 10 # 0 at 35985957, 0.546480 0.083986
2024-08-01 07:58:10,940 INFO CHECKSUM 12 11 0: 1.910346
2024-08-01 07:58:10,941 INFO CHECKSUM 12 11 0: 1.910346
2024-08-01 07:58:10,953 INFO sent 12 -> 11 # 0 at 14098187, 0.546480 0.083986
2024-08-01 07:58:10,953 INFO recv 12 -> 11 # 0 at 27201903, 0.546480 0.083986
2024-08-01 07:58:11,143 INFO CHECKSUM 12 13 0: 1.910346
2024-08-01 07:58:11,144 INFO CHECKSUM 12 13 0: 1.910346
2024-08-01 07:58:11,162 INFO sent 12 -> 13 # 0 at 189534660, 0.546480 0.083986
2024-08-01 07:58:11,162 INFO recv 12 -> 13 # 0 at 208784698, 0.546480 0.083986
2024-08-01 07:58:11,379 INFO CHECKSUM 12 14 0: 1.910346
2024-08-01 07:58:11,379 INFO CHECKSUM 12 14 0: 1.910346
2024-08-01 07:58:11,397 INFO sent 12 -> 14 # 0 at 204779686, 0.546480 0.083986
2024-08-01 07:58:11,397 INFO recv 12 -> 14 # 0 at 223330593, 0.546480 0.083986
2024-08-01 07:58:11,587 INFO CHECKSUM 12 15 0: 1.910346
2024-08-01 07:58:11,587 INFO CHECKSUM 12 15 0: 1.910346
2024-08-01 07:58:11,608 INFO Accepting from rank 13
2024-08-01 07:58:11,608 INFO Accepting from rank 13
2024-08-01 07:58:11,608 INFO Accepting from rank 13
2024-08-01 07:58:11,608 INFO Accepting from rank 13
2024-08-01 07:58:11,608 INFO Sending from rank 13
2024-08-01 07:58:11,608 INFO Accepting from rank 13
2024-08-01 07:58:11,608 INFO Accepting from rank 13
2024-08-01 07:58:11,608 INFO Accepting from rank 13
2024-08-01 07:58:11,608 INFO Accepting from rank 13
2024-08-01 07:58:11,608 INFO Accepting from rank 13
2024-08-01 07:58:11,608 INFO Accepting from rank 13
2024-08-01 07:58:11,608 INFO sent 12 -> 15 # 0 at 182328071, 0.546480 0.083986
2024-08-01 07:58:11,608 INFO Accepting from rank 13
2024-08-01 07:58:11,608 INFO Accepting from rank 13
2024-08-01 07:58:11,608 INFO recv 12 -> 15 # 0 at 203161875, 0.546480 0.083986
2024-08-01 07:58:11,608 INFO Accepting from rank 13
2024-08-01 07:58:11,608 INFO Accepting from rank 13
2024-08-01 07:58:11,608 INFO Accepting from rank 13
2024-08-01 07:58:11,656 INFO CHECKSUM 13 0 0: 1.884792
2024-08-01 07:58:11,656 INFO CHECKSUM 13 0 0: 1.884792
2024-08-01 07:58:11,670 INFO recv 13 -> 0 # 0 at 27915197, 0.847196 0.828765
2024-08-01 07:58:11,673 INFO sent 13 -> 0 # 0 at 14064683, 0.847196 0.828765
2024-08-01 07:58:11,692 INFO CHECKSUM 13 1 0: 1.884792
2024-08-01 07:58:11,692 INFO CHECKSUM 13 1 0: 1.884792
2024-08-01 07:58:11,703 INFO recv 13 -> 1 # 0 at 25198367, 0.847196 0.828765
2024-08-01 07:58:11,703 INFO sent 13 -> 1 # 0 at 14753336, 0.847196 0.828765
2024-08-01 07:58:11,728 INFO CHECKSUM 13 2 0: 1.884792
2024-08-01 07:58:11,729 INFO CHECKSUM 13 2 0: 1.884792
2024-08-01 07:58:11,749 INFO sent 13 -> 2 # 0 at 14268778, 0.847196 0.828765
2024-08-01 07:58:11,758 INFO recv 13 -> 2 # 0 at 43966219, 0.847196 0.828765
2024-08-01 07:58:11,863 INFO CHECKSUM 13 3 0: 1.884792
2024-08-01 07:58:11,872 INFO CHECKSUM 13 3 0: 1.884792
2024-08-01 07:58:11,882 INFO recv 13 -> 3 # 0 at 96642529, 0.847196 0.828765
2024-08-01 07:58:11,882 INFO sent 13 -> 3 # 0 at 86497939, 0.847196 0.828765
2024-08-01 07:58:11,984 INFO CHECKSUM 13 4 0: 1.884792
2024-08-01 07:58:11,985 INFO CHECKSUM 13 4 0: 1.884792
2024-08-01 07:58:12,010 INFO recv 13 -> 4 # 0 at 116708865, 0.847196 0.828765
2024-08-01 07:58:12,010 INFO sent 13 -> 4 # 0 at 90982811, 0.847196 0.828765
2024-08-01 07:58:12,067 INFO CHECKSUM 13 5 0: 1.884792
2024-08-01 07:58:12,067 INFO CHECKSUM 13 5 0: 1.884792
2024-08-01 07:58:12,075 INFO sent 13 -> 5 # 0 at 37852154, 0.847196 0.828765
2024-08-01 07:58:12,075 INFO recv 13 -> 5 # 0 at 42697332, 0.847196 0.828765
2024-08-01 07:58:12,095 INFO CHECKSUM 13 6 0: 1.884792
2024-08-01 07:58:12,096 INFO CHECKSUM 13 6 0: 1.884792
2024-08-01 07:58:12,121 INFO recv 13 -> 6 # 0 at 40354010, 0.847196 0.828765
2024-08-01 07:58:12,130 INFO sent 13 -> 6 # 0 at 14569780, 0.847196 0.828765
2024-08-01 07:58:12,168 INFO CHECKSUM 13 7 0: 1.884792
2024-08-01 07:58:12,168 INFO CHECKSUM 13 7 0: 1.884792
2024-08-01 07:58:12,186 INFO sent 13 -> 7 # 0 at 14388069, 0.847196 0.828765
2024-08-01 07:58:12,186 INFO recv 13 -> 7 # 0 at 32612467, 0.847196 0.828765
2024-08-01 07:58:12,212 INFO CHECKSUM 13 8 0: 1.884792
2024-08-01 07:58:12,213 INFO CHECKSUM 13 8 0: 1.884792
2024-08-01 07:58:12,221 INFO sent 13 -> 8 # 0 at 13970921, 0.847196 0.828765
2024-08-01 07:58:12,221 INFO recv 13 -> 8 # 0 at 23386625, 0.847196 0.828765
2024-08-01 07:58:12,244 INFO CHECKSUM 13 9 0: 1.884792
2024-08-01 07:58:12,244 INFO CHECKSUM 13 9 0: 1.884792
2024-08-01 07:58:12,262 INFO sent 13 -> 9 # 0 at 14400844, 0.847196 0.828765
2024-08-01 07:58:12,262 INFO recv 13 -> 9 # 0 at 32807028, 0.847196 0.828765
2024-08-01 07:58:12,284 INFO CHECKSUM 13 10 0: 1.884792
2024-08-01 07:58:12,285 INFO CHECKSUM 13 10 0: 1.884792
2024-08-01 07:58:12,313 INFO sent 13 -> 10 # 0 at 13794360, 0.847196 0.828765
2024-08-01 07:58:12,313 INFO recv 13 -> 10 # 0 at 42800568, 0.847196 0.828765
2024-08-01 07:58:12,348 INFO CHECKSUM 13 11 0: 1.884792
2024-08-01 07:58:12,348 INFO CHECKSUM 13 11 0: 1.884792
2024-08-01 07:58:12,358 INFO sent 13 -> 11 # 0 at 22579754, 0.847196 0.828765
2024-08-01 07:58:12,358 INFO recv 13 -> 11 # 0 at 32231197, 0.847196 0.828765
2024-08-01 07:58:12,379 INFO CHECKSUM 13 12 0: 1.884792
2024-08-01 07:58:12,380 INFO CHECKSUM 13 12 0: 1.884792
2024-08-01 07:58:12,394 INFO recv 13 -> 12 # 0 at 35852573, 0.847196 0.828765
2024-08-01 07:58:12,394 INFO sent 13 -> 12 # 0 at 20665078, 0.847196 0.828765
2024-08-01 07:58:12,599 INFO CHECKSUM 13 14 0: 1.884792
2024-08-01 07:58:12,599 INFO CHECKSUM 13 14 0: 1.884792
2024-08-01 07:58:12,617 INFO sent 13 -> 14 # 0 at 189804763, 0.847196 0.828765
2024-08-01 07:58:12,617 INFO recv 13 -> 14 # 0 at 208219995, 0.847196 0.828765
2024-08-01 07:58:12,835 INFO CHECKSUM 13 15 0: 1.884792
2024-08-01 07:58:12,835 INFO CHECKSUM 13 15 0: 1.884792
2024-08-01 07:58:12,857 INFO Accepting from rank 14
2024-08-01 07:58:12,858 INFO Accepting from rank 14
2024-08-01 07:58:12,869 INFO Accepting from rank 14
2024-08-01 07:58:12,869 INFO Accepting from rank 14
2024-08-01 07:58:12,869 INFO Accepting from rank 14
2024-08-01 07:58:12,869 INFO Accepting from rank 14
2024-08-01 07:58:12,869 INFO Accepting from rank 14
2024-08-01 07:58:12,869 INFO Accepting from rank 14
2024-08-01 07:58:12,869 INFO Accepting from rank 14
2024-08-01 07:58:12,869 INFO Accepting from rank 14
2024-08-01 07:58:12,872 INFO Sending from rank 14
2024-08-01 07:58:12,872 INFO Accepting from rank 14
2024-08-01 07:58:12,872 INFO sent 13 -> 15 # 0 at 204866244, 0.847196 0.828765
2024-08-01 07:58:12,872 INFO Accepting from rank 14
2024-08-01 07:58:12,872 INFO recv 13 -> 15 # 0 at 242367078, 0.847196 0.828765
2024-08-01 07:58:12,872 INFO Accepting from rank 14
2024-08-01 07:58:12,872 INFO Accepting from rank 14
2024-08-01 07:58:12,872 INFO Accepting from rank 14
2024-08-01 07:58:12,988 INFO CHECKSUM 14 0 0: 1.251397
2024-08-01 07:58:12,988 INFO CHECKSUM 14 0 0: 1.251397
2024-08-01 07:58:13,001 INFO recv 14 -> 0 # 0 at 105185159, 0.926039 0.448295
2024-08-01 07:58:13,001 INFO sent 14 -> 0 # 0 at 91327166, 0.926039 0.448295
2024-08-01 07:58:13,033 INFO CHECKSUM 14 1 0: 1.251397
2024-08-01 07:58:13,032 INFO CHECKSUM 14 1 0: 1.251397
2024-08-01 07:58:13,058 INFO sent 14 -> 1 # 0 at 14553629, 0.926039 0.448295
2024-08-01 07:58:13,060 INFO recv 14 -> 1 # 0 at 42881477, 0.926039 0.448295
2024-08-01 07:58:13,140 INFO CHECKSUM 14 2 0: 1.251397
2024-08-01 07:58:13,140 INFO CHECKSUM 14 2 0: 1.251397
2024-08-01 07:58:13,154 INFO recv 14 -> 2 # 0 at 92290365, 0.926039 0.448295
2024-08-01 07:58:13,154 INFO sent 14 -> 2 # 0 at 78470331, 0.926039 0.448295
2024-08-01 07:58:13,169 INFO CHECKSUM 14 3 0: 1.251397
2024-08-01 07:58:13,178 INFO recv 14 -> 3 # 0 at 23907706, 0.926039 0.448295
2024-08-01 07:58:13,168 INFO CHECKSUM 14 3 0: 1.251397
2024-08-01 07:58:13,178 INFO sent 14 -> 3 # 0 at 13934530, 0.926039 0.448295
2024-08-01 07:58:13,200 INFO CHECKSUM 14 4 0: 1.251397
2024-08-01 07:58:13,200 INFO CHECKSUM 14 4 0: 1.251397
2024-08-01 07:58:13,226 INFO recv 14 -> 4 # 0 at 40700493, 0.926039 0.448295
2024-08-01 07:58:13,226 INFO sent 14 -> 4 # 0 at 14028723, 0.926039 0.448295
2024-08-01 07:58:13,260 INFO CHECKSUM 14 5 0: 1.251397
2024-08-01 07:58:13,260 INFO CHECKSUM 14 5 0: 1.251397
2024-08-01 07:58:13,273 INFO sent 14 -> 5 # 0 at 17828257, 0.926039 0.448295
2024-08-01 07:58:13,273 INFO recv 14 -> 5 # 0 at 27370617, 0.926039 0.448295
2024-08-01 07:58:13,322 INFO CHECKSUM 14 6 0: 1.251397
2024-08-01 07:58:13,323 INFO CHECKSUM 14 6 0: 1.251397
2024-08-01 07:58:13,338 INFO sent 14 -> 6 # 0 at 13770643, 0.926039 0.448295
2024-08-01 07:58:13,338 INFO recv 14 -> 6 # 0 at 32387971, 0.926039 0.448295
2024-08-01 07:58:13,367 INFO CHECKSUM 14 7 0: 1.251397
2024-08-01 07:58:13,368 INFO CHECKSUM 14 7 0: 1.251397
2024-08-01 07:58:13,382 INFO recv 14 -> 7 # 0 at 28856837, 0.926039 0.448295
2024-08-01 07:58:13,390 INFO sent 14 -> 7 # 0 at 14089741, 0.926039 0.448295
2024-08-01 07:58:13,417 INFO CHECKSUM 14 8 0: 1.251397
2024-08-01 07:58:13,418 INFO CHECKSUM 14 8 0: 1.251397
2024-08-01 07:58:13,430 INFO sent 14 -> 8 # 0 at 13855458, 0.926039 0.448295
2024-08-01 07:58:13,430 INFO recv 14 -> 8 # 0 at 28833644, 0.926039 0.448295
2024-08-01 07:58:13,476 INFO CHECKSUM 14 9 0: 1.251397
2024-08-01 07:58:13,477 INFO CHECKSUM 14 9 0: 1.251397
2024-08-01 07:58:13,486 INFO recv 14 -> 9 # 0 at 24071718, 0.926039 0.448295
2024-08-01 07:58:13,486 INFO sent 14 -> 9 # 0 at 13758159, 0.926039 0.448295
2024-08-01 07:58:13,512 INFO CHECKSUM 14 10 0: 1.251397
2024-08-01 07:58:13,512 INFO CHECKSUM 14 10 0: 1.251397
2024-08-01 07:58:13,526 INFO sent 14 -> 10 # 0 at 13910815, 0.926039 0.448295
2024-08-01 07:58:13,526 INFO recv 14 -> 10 # 0 at 28524357, 0.926039 0.448295
2024-08-01 07:58:13,560 INFO CHECKSUM 14 11 0: 1.251397
2024-08-01 07:58:13,560 INFO CHECKSUM 14 11 0: 1.251397
2024-08-01 07:58:13,567 INFO sent 14 -> 11 # 0 at 14457924, 0.926039 0.448295
2024-08-01 07:58:13,567 INFO recv 14 -> 11 # 0 at 22029173, 0.926039 0.448295
2024-08-01 07:58:13,589 INFO CHECKSUM 14 12 0: 1.251397
2024-08-01 07:58:13,590 INFO CHECKSUM 14 12 0: 1.251397
2024-08-01 07:58:13,603 INFO recv 14 -> 12 # 0 at 27998261, 0.926039 0.448295
2024-08-01 07:58:13,603 INFO sent 14 -> 12 # 0 at 13736217, 0.926039 0.448295
2024-08-01 07:58:13,619 INFO CHECKSUM 14 13 0: 1.251397
2024-08-01 07:58:13,620 INFO CHECKSUM 14 13 0: 1.251397
2024-08-01 07:58:13,637 INFO recv 14 -> 13 # 0 at 31840318, 0.926039 0.448295
2024-08-01 07:58:13,637 INFO sent 14 -> 13 # 0 at 13881659, 0.926039 0.448295
2024-08-01 07:58:13,832 INFO CHECKSUM 14 15 0: 1.251397
2024-08-01 07:58:13,833 INFO CHECKSUM 14 15 0: 1.251397
2024-08-01 07:58:13,849 INFO Accepting from rank 15
2024-08-01 07:58:13,849 INFO Accepting from rank 15
2024-08-01 07:58:13,849 INFO Accepting from rank 15
2024-08-01 07:58:13,849 INFO sent 14 -> 15 # 0 at 185804810, 0.926039 0.448295
2024-08-01 07:58:13,849 INFO Accepting from rank 15
2024-08-01 07:58:13,849 INFO Accepting from rank 15
2024-08-01 07:58:13,849 INFO Accepting from rank 15
2024-08-01 07:58:13,849 INFO Accepting from rank 15
2024-08-01 07:58:13,849 INFO Accepting from rank 15
2024-08-01 07:58:13,849 INFO Accepting from rank 15
2024-08-01 07:58:13,849 INFO Accepting from rank 15
2024-08-01 07:58:13,849 INFO Accepting from rank 15
2024-08-01 07:58:13,849 INFO Accepting from rank 15
2024-08-01 07:58:13,849 INFO Accepting from rank 15
2024-08-01 07:58:13,849 INFO Accepting from rank 15
2024-08-01 07:58:13,851 INFO Accepting from rank 15
2024-08-01 07:58:13,851 INFO recv 14 -> 15 # 0 at 204424198, 0.926039 0.448295
2024-08-01 07:58:13,851 INFO Sending from rank 15
2024-08-01 07:58:13,888 INFO CHECKSUM 15 0 0: 1.188681
2024-08-01 07:58:13,888 INFO CHECKSUM 15 0 0: 1.188681
2024-08-01 07:58:13,897 INFO recv 15 -> 0 # 0 at 38813329, 0.232153 0.186825
2024-08-01 07:58:13,901 INFO sent 15 -> 0 # 0 at 29317985, 0.232153 0.186825
2024-08-01 07:58:13,926 INFO CHECKSUM 15 1 0: 1.188681
2024-08-01 07:58:13,927 INFO CHECKSUM 15 1 0: 1.188681
2024-08-01 07:58:13,941 INFO recv 15 -> 1 # 0 at 29229203, 0.232153 0.186825
2024-08-01 07:58:13,941 INFO sent 15 -> 1 # 0 at 13936364, 0.232153 0.186825
2024-08-01 07:58:14,040 INFO CHECKSUM 15 2 0: 1.188681
2024-08-01 07:58:14,054 INFO CHECKSUM 15 2 0: 1.188681
2024-08-01 07:58:14,065 INFO recv 15 -> 2 # 0 at 116611829, 0.232153 0.186825
2024-08-01 07:58:14,065 INFO sent 15 -> 2 # 0 at 90775498, 0.232153 0.186825
2024-08-01 07:58:14,082 INFO CHECKSUM 15 3 0: 1.188681
2024-08-01 07:58:14,081 INFO CHECKSUM 15 3 0: 1.188681
2024-08-01 07:58:14,095 INFO recv 15 -> 3 # 0 at 27846505, 0.232153 0.186825
2024-08-01 07:58:14,095 INFO sent 15 -> 3 # 0 at 13865317, 0.232153 0.186825
2024-08-01 07:58:14,129 INFO CHECKSUM 15 4 0: 1.188681
2024-08-01 07:58:14,129 INFO CHECKSUM 15 4 0: 1.188681
2024-08-01 07:58:14,142 INFO sent 15 -> 4 # 0 at 23346999, 0.232153 0.186825
2024-08-01 07:58:14,142 INFO recv 15 -> 4 # 0 at 36027576, 0.232153 0.186825
2024-08-01 07:58:14,171 INFO CHECKSUM 15 5 0: 1.188681
2024-08-01 07:58:14,171 INFO CHECKSUM 15 5 0: 1.188681
2024-08-01 07:58:14,186 INFO sent 15 -> 5 # 0 at 23057568, 0.232153 0.186825
2024-08-01 07:58:14,186 INFO recv 15 -> 5 # 0 at 37454451, 0.232153 0.186825
2024-08-01 07:58:14,200 INFO CHECKSUM 15 6 0: 1.188681
2024-08-01 07:58:14,201 INFO CHECKSUM 15 6 0: 1.188681
2024-08-01 07:58:14,213 INFO sent 15 -> 6 # 0 at 14675915, 0.232153 0.186825
2024-08-01 07:58:14,214 INFO recv 15 -> 6 # 0 at 27720735, 0.232153 0.186825
2024-08-01 07:58:14,240 INFO CHECKSUM 15 7 0: 1.188681
2024-08-01 07:58:14,241 INFO CHECKSUM 15 7 0: 1.188681
2024-08-01 07:58:14,253 INFO sent 15 -> 7 # 0 at 14323955, 0.232153 0.186825
2024-08-01 07:58:14,253 INFO recv 15 -> 7 # 0 at 27517122, 0.232153 0.186825
2024-08-01 07:58:14,276 INFO CHECKSUM 15 8 0: 1.188681
2024-08-01 07:58:14,277 INFO CHECKSUM 15 8 0: 1.188681
2024-08-01 07:58:14,294 INFO recv 15 -> 8 # 0 at 31728496, 0.232153 0.186825
2024-08-01 07:58:14,294 INFO sent 15 -> 8 # 0 at 13768449, 0.232153 0.186825
2024-08-01 07:58:14,309 INFO CHECKSUM 15 9 0: 1.188681
2024-08-01 07:58:14,324 INFO CHECKSUM 15 9 0: 1.188681
2024-08-01 07:58:14,358 INFO recv 15 -> 9 # 0 at 63425979, 0.232153 0.186825
2024-08-01 07:58:14,362 INFO sent 15 -> 9 # 0 at 13862071, 0.232153 0.186825
2024-08-01 07:58:14,388 INFO CHECKSUM 15 10 0: 1.188681
2024-08-01 07:58:14,388 INFO CHECKSUM 15 10 0: 1.188681
2024-08-01 07:58:14,409 INFO sent 15 -> 10 # 0 at 14278126, 0.232153 0.186825
2024-08-01 07:58:14,409 INFO recv 15 -> 10 # 0 at 36028729, 0.232153 0.186825
2024-08-01 07:58:14,440 INFO CHECKSUM 15 11 0: 1.188681
2024-08-01 07:58:14,440 INFO CHECKSUM 15 11 0: 1.188681
2024-08-01 07:58:14,469 INFO sent 15 -> 11 # 0 at 14177391, 0.232153 0.186825
2024-08-01 07:58:14,477 INFO recv 15 -> 11 # 0 at 51527912, 0.232153 0.186825
2024-08-01 07:58:14,497 INFO CHECKSUM 15 12 0: 1.188681
2024-08-01 07:58:14,497 INFO CHECKSUM 15 12 0: 1.188681
2024-08-01 07:58:14,510 INFO recv 15 -> 12 # 0 at 27484497, 0.232153 0.186825
2024-08-01 07:58:14,510 INFO sent 15 -> 12 # 0 at 14119839, 0.232153 0.186825
2024-08-01 07:58:14,623 INFO CHECKSUM 15 13 0: 1.188681
2024-08-01 07:58:14,624 INFO CHECKSUM 15 13 0: 1.188681
2024-08-01 07:58:14,633 INFO sent 15 -> 13 # 0 at 92087318, 0.232153 0.186825
2024-08-01 07:58:14,633 INFO recv 15 -> 13 # 0 at 102143942, 0.232153 0.186825
2024-08-01 07:58:14,659 INFO CHECKSUM 15 14 0: 1.188681
2024-08-01 07:58:14,667 INFO Rank 0 start All-Reduce
2024-08-01 07:58:14,659 INFO CHECKSUM 15 14 0: 1.188681
2024-08-01 07:58:14,667 INFO Rank 4 start All-Reduce
2024-08-01 07:58:14,667 INFO Rank 8 start All-Reduce
2024-08-01 07:58:14,667 INFO Rank 1 start All-Reduce
2024-08-01 07:58:14,667 INFO Rank 5 start All-Reduce
2024-08-01 07:58:14,667 INFO Rank 9 start All-Reduce
2024-08-01 07:58:14,667 INFO Rank 2 start All-Reduce
2024-08-01 07:58:14,667 INFO Rank 12 start All-Reduce
2024-08-01 07:58:14,667 INFO Rank 6 start All-Reduce
2024-08-01 07:58:14,667 INFO Rank 10 start All-Reduce
2024-08-01 07:58:14,667 INFO Rank 3 start All-Reduce
2024-08-01 07:58:14,667 INFO Rank 13 start All-Reduce
2024-08-01 07:58:14,667 INFO Rank 7 start All-Reduce
2024-08-01 07:58:14,667 INFO Rank 11 start All-Reduce
2024-08-01 07:58:14,667 INFO Rank 2 HIT BARRIER
2024-08-01 07:58:14,667 INFO sent 15 -> 14 # 0 at 13883061, 0.232153 0.186825
2024-08-01 07:58:14,667 INFO Rank 3 HIT BARRIER
2024-08-01 07:58:14,667 INFO recv 15 -> 14 # 0 at 21615507, 0.232153 0.186825
2024-08-01 07:58:14,667 INFO Rank 1 HIT BARRIER
2024-08-01 07:58:14,667 INFO Rank 14 start All-Reduce
2024-08-01 07:58:14,667 INFO Rank 0 HIT BARRIER
2024-08-01 07:58:14,667 INFO Rank 15 start All-Reduce
2024-08-01 07:58:14,678 INFO Added key: store_based_barrier_key:2 to store for rank: 11
2024-08-01 07:58:14,678 INFO Added key: store_based_barrier_key:2 to store for rank: 1
2024-08-01 07:58:14,678 INFO Added key: store_based_barrier_key:2 to store for rank: 12
2024-08-01 07:58:14,678 INFO Added key: store_based_barrier_key:2 to store for rank: 4
2024-08-01 07:58:14,678 INFO Added key: store_based_barrier_key:2 to store for rank: 2
2024-08-01 07:58:14,678 INFO Added key: store_based_barrier_key:2 to store for rank: 6
2024-08-01 07:58:14,678 INFO Added key: store_based_barrier_key:2 to store for rank: 3
2024-08-01 07:58:14,678 INFO Added key: store_based_barrier_key:2 to store for rank: 14
2024-08-01 07:58:14,678 INFO Added key: store_based_barrier_key:2 to store for rank: 10
2024-08-01 07:58:14,679 INFO Added key: store_based_barrier_key:2 to store for rank: 5
2024-08-01 07:58:14,679 INFO Added key: store_based_barrier_key:2 to store for rank: 8
2024-08-01 07:58:14,679 INFO Added key: store_based_barrier_key:2 to store for rank: 0
2024-08-01 07:58:14,679 INFO Added key: store_based_barrier_key:2 to store for rank: 13
2024-08-01 07:58:14,679 INFO Added key: store_based_barrier_key:2 to store for rank: 7
2024-08-01 07:58:14,679 INFO Added key: store_based_barrier_key:2 to store for rank: 9
2024-08-01 07:58:14,679 INFO Rank 0: Completed store-based barrier for key:store_based_barrier_key:2 with 16 nodes.
2024-08-01 07:58:14,679 INFO Added key: store_based_barrier_key:2 to store for rank: 15
2024-08-01 07:58:14,679 INFO Made group
2024-08-01 07:58:14,689 INFO Rank 1: Completed store-based barrier for key:store_based_barrier_key:2 with 16 nodes.
2024-08-01 07:58:14,689 INFO Made group
2024-08-01 07:58:14,689 INFO Rank 2: Completed store-based barrier for key:store_based_barrier_key:2 with 16 nodes.
2024-08-01 07:58:14,689 INFO Rank 12: Completed store-based barrier for key:store_based_barrier_key:2 with 16 nodes.
2024-08-01 07:58:14,689 INFO Made group
2024-08-01 07:58:14,689 INFO Rank 4: Completed store-based barrier for key:store_based_barrier_key:2 with 16 nodes.
2024-08-01 07:58:14,689 INFO Rank 3: Completed store-based barrier for key:store_based_barrier_key:2 with 16 nodes.
2024-08-01 07:58:14,689 INFO Rank 14: Completed store-based barrier for key:store_based_barrier_key:2 with 16 nodes.
2024-08-01 07:58:14,689 INFO Rank 5: Completed store-based barrier for key:store_based_barrier_key:2 with 16 nodes.
2024-08-01 07:58:14,689 INFO Made group
2024-08-01 07:58:14,689 INFO Rank 13: Completed store-based barrier for key:store_based_barrier_key:2 with 16 nodes.
2024-08-01 07:58:14,689 INFO Rank 6: Completed store-based barrier for key:store_based_barrier_key:2 with 16 nodes.
2024-08-01 07:58:14,689 INFO Rank 15: Completed store-based barrier for key:store_based_barrier_key:2 with 16 nodes.
2024-08-01 07:58:14,689 INFO Rank 7: Completed store-based barrier for key:store_based_barrier_key:2 with 16 nodes.
2024-08-01 07:58:14,689 INFO Rank 10: Completed store-based barrier for key:store_based_barrier_key:2 with 16 nodes.
2024-08-01 07:58:14,689 INFO Rank 11: Completed store-based barrier for key:store_based_barrier_key:2 with 16 nodes.
2024-08-01 07:58:14,690 INFO Rank 8: Completed store-based barrier for key:store_based_barrier_key:2 with 16 nodes.
2024-08-01 07:58:14,690 INFO Rank 9: Completed store-based barrier for key:store_based_barrier_key:2 with 16 nodes.
2024-08-01 07:58:14,960 INFO Node Reduce CHECKSUM 1: 4.840154
2024-08-01 07:58:15,014 INFO Node Reduce CHECKSUM 0: 4.840154
2024-08-01 07:58:15,022 INFO Node Reduce CHECKSUM 2: 4.840154
2024-08-01 07:58:14,958 INFO Node Reduce CHECKSUM 3: 4.840154
2024-08-01 07:58:15,045 INFO Node Reduce rank 0 at 367441641
2024-08-01 07:58:15,045 INFO Node Reduce rank 1 at 367441020
2024-08-01 07:58:15,045 INFO Node Reduce rank 2 at 367445909
2024-08-01 07:58:15,045 INFO Rank 4 HIT BARRIER
2024-08-01 07:58:15,045 INFO Node Reduce rank 3 at 367444016
2024-08-01 07:58:15,045 INFO Rank 5 HIT BARRIER
2024-08-01 07:58:15,046 INFO Added key: store_based_barrier_key:3 to store for rank: 11
2024-08-01 07:58:15,046 INFO Added key: store_based_barrier_key:3 to store for rank: 1
2024-08-01 07:58:15,046 INFO Added key: store_based_barrier_key:3 to store for rank: 12
2024-08-01 07:58:15,045 INFO Rank 6 HIT BARRIER
2024-08-01 07:58:15,046 INFO Added key: store_based_barrier_key:3 to store for rank: 9
2024-08-01 07:58:15,046 INFO Added key: store_based_barrier_key:3 to store for rank: 2
2024-08-01 07:58:15,046 INFO Added key: store_based_barrier_key:3 to store for rank: 13
2024-08-01 07:58:15,045 INFO Rank 7 HIT BARRIER
2024-08-01 07:58:15,046 INFO Added key: store_based_barrier_key:3 to store for rank: 10
2024-08-01 07:58:15,046 INFO Added key: store_based_barrier_key:3 to store for rank: 3
2024-08-01 07:58:15,046 INFO Added key: store_based_barrier_key:3 to store for rank: 14
2024-08-01 07:58:15,046 INFO Added key: store_based_barrier_key:3 to store for rank: 5
2024-08-01 07:58:15,046 INFO Added key: store_based_barrier_key:3 to store for rank: 8
2024-08-01 07:58:15,046 INFO Added key: store_based_barrier_key:3 to store for rank: 0
2024-08-01 07:58:15,046 INFO Added key: store_based_barrier_key:3 to store for rank: 15
2024-08-01 07:58:15,046 INFO Added key: store_based_barrier_key:3 to store for rank: 4
2024-08-01 07:58:15,046 INFO Rank 11: Completed store-based barrier for key:store_based_barrier_key:3 with 16 nodes.
2024-08-01 07:58:15,047 INFO Rank 0: Completed store-based barrier for key:store_based_barrier_key:3 with 16 nodes.
2024-08-01 07:58:15,046 INFO Rank 12: Completed store-based barrier for key:store_based_barrier_key:3 with 16 nodes.
2024-08-01 07:58:15,046 INFO Added key: store_based_barrier_key:3 to store for rank: 7
2024-08-01 07:58:15,046 INFO Rank 10: Completed store-based barrier for key:store_based_barrier_key:3 with 16 nodes.
2024-08-01 07:58:15,046 INFO Rank 13: Completed store-based barrier for key:store_based_barrier_key:3 with 16 nodes.
2024-08-01 07:58:15,046 INFO Added key: store_based_barrier_key:3 to store for rank: 6
2024-08-01 07:58:15,046 INFO Rank 9: Completed store-based barrier for key:store_based_barrier_key:3 with 16 nodes.
2024-08-01 07:58:15,046 INFO Rank 14: Completed store-based barrier for key:store_based_barrier_key:3 with 16 nodes.
2024-08-01 07:58:15,046 INFO Rank 5: Completed store-based barrier for key:store_based_barrier_key:3 with 16 nodes.
2024-08-01 07:58:15,046 INFO Rank 8: Completed store-based barrier for key:store_based_barrier_key:3 with 16 nodes.
2024-08-01 07:58:15,046 INFO Rank 15: Completed store-based barrier for key:store_based_barrier_key:3 with 16 nodes.
2024-08-01 07:58:15,046 INFO Rank 4: Completed store-based barrier for key:store_based_barrier_key:3 with 16 nodes.
2024-08-01 07:58:15,046 INFO Made group
2024-08-01 07:58:15,046 INFO Rank 6: Completed store-based barrier for key:store_based_barrier_key:3 with 16 nodes.
2024-08-01 07:58:15,046 INFO Made group
2024-08-01 07:58:15,046 INFO Rank 7: Completed store-based barrier for key:store_based_barrier_key:3 with 16 nodes.
2024-08-01 07:58:15,046 INFO Made group
2024-08-01 07:58:15,046 INFO Made group
2024-08-01 07:58:15,056 INFO Rank 1: Completed store-based barrier for key:store_based_barrier_key:3 with 16 nodes.
2024-08-01 07:58:15,056 INFO Rank 2: Completed store-based barrier for key:store_based_barrier_key:3 with 16 nodes.
2024-08-01 07:58:15,056 INFO Rank 3: Completed store-based barrier for key:store_based_barrier_key:3 with 16 nodes.
2024-08-01 07:58:15,366 INFO Node Reduce CHECKSUM 4: 6.019381
2024-08-01 07:58:15,366 INFO Node Reduce CHECKSUM 5: 6.019381
2024-08-01 07:58:15,370 INFO Node Reduce CHECKSUM 6: 6.019381
2024-08-01 07:58:15,370 INFO Node Reduce CHECKSUM 7: 6.019381
2024-08-01 07:58:15,389 INFO Node Reduce rank 4 at 343445196
2024-08-01 07:58:15,389 INFO Node Reduce rank 5 at 343943782
2024-08-01 07:58:15,389 INFO Rank 8 HIT BARRIER
2024-08-01 07:58:15,390 INFO Rank 9 HIT BARRIER
2024-08-01 07:58:15,390 INFO Node Reduce rank 6 at 343945175
2024-08-01 07:58:15,390 INFO Rank 10 HIT BARRIER
2024-08-01 07:58:15,390 INFO Node Reduce rank 7 at 343945446
2024-08-01 07:58:15,390 INFO Rank 11 HIT BARRIER
2024-08-01 07:58:15,401 INFO Added key: store_based_barrier_key:4 to store for rank: 0
2024-08-01 07:58:15,401 INFO Added key: store_based_barrier_key:4 to store for rank: 1
2024-08-01 07:58:15,401 INFO Added key: store_based_barrier_key:4 to store for rank: 2
2024-08-01 07:58:15,402 INFO Added key: store_based_barrier_key:4 to store for rank: 14
2024-08-01 07:58:15,402 INFO Added key: store_based_barrier_key:4 to store for rank: 4
2024-08-01 07:58:15,402 INFO Added key: store_based_barrier_key:4 to store for rank: 8
2024-08-01 07:58:15,401 INFO Added key: store_based_barrier_key:4 to store for rank: 3
2024-08-01 07:58:15,402 INFO Added key: store_based_barrier_key:4 to store for rank: 12
2024-08-01 07:58:15,402 INFO Added key: store_based_barrier_key:4 to store for rank: 5
2024-08-01 07:58:15,402 INFO Added key: store_based_barrier_key:4 to store for rank: 11
2024-08-01 07:58:15,402 INFO Added key: store_based_barrier_key:4 to store for rank: 13
2024-08-01 07:58:15,402 INFO Added key: store_based_barrier_key:4 to store for rank: 6
2024-08-01 07:58:15,402 INFO Added key: store_based_barrier_key:4 to store for rank: 9
2024-08-01 07:58:15,402 INFO Added key: store_based_barrier_key:4 to store for rank: 15
2024-08-01 07:58:15,402 INFO Added key: store_based_barrier_key:4 to store for rank: 7
2024-08-01 07:58:15,402 INFO Added key: store_based_barrier_key:4 to store for rank: 10
2024-08-01 07:58:15,402 INFO Rank 14: Completed store-based barrier for key:store_based_barrier_key:4 with 16 nodes.
2024-08-01 07:58:15,402 INFO Rank 5: Completed store-based barrier for key:store_based_barrier_key:4 with 16 nodes.
2024-08-01 07:58:15,402 INFO Rank 11: Completed store-based barrier for key:store_based_barrier_key:4 with 16 nodes.
2024-08-01 07:58:15,402 INFO Rank 12: Completed store-based barrier for key:store_based_barrier_key:4 with 16 nodes.
2024-08-01 07:58:15,402 INFO Rank 4: Completed store-based barrier for key:store_based_barrier_key:4 with 16 nodes.
2024-08-01 07:58:15,402 INFO Rank 8: Completed store-based barrier for key:store_based_barrier_key:4 with 16 nodes.
2024-08-01 07:58:15,402 INFO Rank 13: Completed store-based barrier for key:store_based_barrier_key:4 with 16 nodes.
2024-08-01 07:58:15,402 INFO Rank 7: Completed store-based barrier for key:store_based_barrier_key:4 with 16 nodes.
2024-08-01 07:58:15,402 INFO Made group
2024-08-01 07:58:15,402 INFO Rank 15: Completed store-based barrier for key:store_based_barrier_key:4 with 16 nodes.
2024-08-01 07:58:15,402 INFO Rank 6: Completed store-based barrier for key:store_based_barrier_key:4 with 16 nodes.
2024-08-01 07:58:15,402 INFO Made group
2024-08-01 07:58:15,402 INFO Rank 10: Completed store-based barrier for key:store_based_barrier_key:4 with 16 nodes.
2024-08-01 07:58:15,402 INFO Rank 9: Completed store-based barrier for key:store_based_barrier_key:4 with 16 nodes.
2024-08-01 07:58:15,402 INFO Made group
2024-08-01 07:58:15,402 INFO Made group
2024-08-01 07:58:15,411 INFO Rank 1: Completed store-based barrier for key:store_based_barrier_key:4 with 16 nodes.
2024-08-01 07:58:15,411 INFO Rank 2: Completed store-based barrier for key:store_based_barrier_key:4 with 16 nodes.
2024-08-01 07:58:15,411 INFO Rank 3: Completed store-based barrier for key:store_based_barrier_key:4 with 16 nodes.
2024-08-01 07:58:15,412 INFO Rank 0: Completed store-based barrier for key:store_based_barrier_key:4 with 16 nodes.
2024-08-01 07:58:15,642 INFO Node Reduce CHECKSUM 9: 4.518561
2024-08-01 07:58:15,658 INFO Rank 12 HIT BARRIER
2024-08-01 07:58:15,642 INFO Node Reduce CHECKSUM 10: 4.518561
2024-08-01 07:58:15,658 INFO Rank 13 HIT BARRIER
2024-08-01 07:58:15,640 INFO Node Reduce CHECKSUM 8: 4.518561
2024-08-01 07:58:15,658 INFO Added key: store_based_barrier_key:5 to store for rank: 1
2024-08-01 07:58:15,658 INFO Rank 14 HIT BARRIER
2024-08-01 07:58:15,641 INFO Node Reduce CHECKSUM 11: 4.518561
2024-08-01 07:58:15,658 INFO Added key: store_based_barrier_key:5 to store for rank: 2
2024-08-01 07:58:15,658 INFO Rank 15 HIT BARRIER
2024-08-01 07:58:15,658 INFO Added key: store_based_barrier_key:5 to store for rank: 4
2024-08-01 07:58:15,657 INFO Node Reduce rank 8 at 256425556
2024-08-01 07:58:15,658 INFO Added key: store_based_barrier_key:5 to store for rank: 3
2024-08-01 07:58:15,658 INFO Added key: store_based_barrier_key:5 to store for rank: 12
2024-08-01 07:58:15,658 INFO Added key: store_based_barrier_key:5 to store for rank: 5
2024-08-01 07:58:15,657 INFO Node Reduce rank 9 at 256435105
2024-08-01 07:58:15,658 INFO Rank 3: Completed store-based barrier for key:store_based_barrier_key:5 with 16 nodes.
2024-08-01 07:58:15,658 INFO Added key: store_based_barrier_key:5 to store for rank: 13
2024-08-01 07:58:15,658 INFO Added key: store_based_barrier_key:5 to store for rank: 6
2024-08-01 07:58:15,657 INFO Node Reduce rank 10 at 256433000
2024-08-01 07:58:15,659 INFO Added key: store_based_barrier_key:5 to store for rank: 0
2024-08-01 07:58:15,658 INFO Added key: store_based_barrier_key:5 to store for rank: 14
2024-08-01 07:58:15,658 INFO Added key: store_based_barrier_key:5 to store for rank: 7
2024-08-01 07:58:15,657 INFO Node Reduce rank 11 at 256436187
2024-08-01 07:58:15,659 INFO Rank 0: Completed store-based barrier for key:store_based_barrier_key:5 with 16 nodes.
2024-08-01 07:58:15,658 INFO Added key: store_based_barrier_key:5 to store for rank: 15
2024-08-01 07:58:15,658 INFO Rank 5: Completed store-based barrier for key:store_based_barrier_key:5 with 16 nodes.
2024-08-01 07:58:15,658 INFO Added key: store_based_barrier_key:5 to store for rank: 9
2024-08-01 07:58:15,659 INFO Rank 12: Completed store-based barrier for key:store_based_barrier_key:5 with 16 nodes.
2024-08-01 07:58:15,659 INFO Rank 4: Completed store-based barrier for key:store_based_barrier_key:5 with 16 nodes.
2024-08-01 07:58:15,658 INFO Added key: store_based_barrier_key:5 to store for rank: 10
2024-08-01 07:58:15,659 INFO Rank 13: Completed store-based barrier for key:store_based_barrier_key:5 with 16 nodes.
2024-08-01 07:58:15,659 INFO Rank 7: Completed store-based barrier for key:store_based_barrier_key:5 with 16 nodes.
2024-08-01 07:58:15,658 INFO Added key: store_based_barrier_key:5 to store for rank: 11
2024-08-01 07:58:15,659 INFO Rank 14: Completed store-based barrier for key:store_based_barrier_key:5 with 16 nodes.
2024-08-01 07:58:15,659 INFO Rank 6: Completed store-based barrier for key:store_based_barrier_key:5 with 16 nodes.
2024-08-01 07:58:15,658 INFO Added key: store_based_barrier_key:5 to store for rank: 8
2024-08-01 07:58:15,659 INFO Made group
2024-08-01 07:58:15,658 INFO Rank 11: Completed store-based barrier for key:store_based_barrier_key:5 with 16 nodes.
2024-08-01 07:58:15,659 INFO Rank 15: Completed store-based barrier for key:store_based_barrier_key:5 with 16 nodes.
2024-08-01 07:58:15,658 INFO Rank 9: Completed store-based barrier for key:store_based_barrier_key:5 with 16 nodes.
2024-08-01 07:58:15,659 INFO Made group
2024-08-01 07:58:15,658 INFO Rank 10: Completed store-based barrier for key:store_based_barrier_key:5 with 16 nodes.
2024-08-01 07:58:15,659 INFO Made group
2024-08-01 07:58:15,658 INFO Rank 8: Completed store-based barrier for key:store_based_barrier_key:5 with 16 nodes.
2024-08-01 07:58:15,659 INFO Made group
2024-08-01 07:58:15,668 INFO Rank 1: Completed store-based barrier for key:store_based_barrier_key:5 with 16 nodes.
2024-08-01 07:58:15,668 INFO Rank 2: Completed store-based barrier for key:store_based_barrier_key:5 with 16 nodes.
2024-08-01 07:58:15,960 INFO Node Reduce CHECKSUM 12: 5.326122
2024-08-01 07:58:15,965 INFO Node Reduce CHECKSUM 13: 5.326122
2024-08-01 07:58:15,965 INFO Node Reduce CHECKSUM 14: 5.326122
2024-08-01 07:58:15,902 INFO Node Reduce CHECKSUM 15: 5.326122
2024-08-01 07:58:15,981 INFO Node Reduce rank 12 at 323573635
2024-08-01 07:58:15,981 INFO Node Reduce rank 13 at 323581651
2024-08-01 07:58:15,981 INFO Node Reduce rank 14 at 323579757
2024-08-01 07:58:15,981 INFO Node Reduce rank 15 at 323581680
2024-08-01 07:58:16,003 INFO All Reduce CHECKSUM 0: 22.310427
2024-08-01 07:58:16,005 INFO All Reduce CHECKSUM 1: 22.310427
2024-08-01 07:58:16,005 INFO All Reduce CHECKSUM 2: 22.310427
2024-08-01 07:58:16,003 INFO All Reduce CHECKSUM 12: 22.310427
2024-08-01 07:58:16,005 INFO All Reduce CHECKSUM 4: 22.310427
2024-08-01 07:58:16,004 INFO All Reduce CHECKSUM 8: 22.310427
2024-08-01 07:58:16,008 INFO All Reduce CHECKSUM 3: 22.310427
2024-08-01 07:58:16,007 INFO All Reduce CHECKSUM 13: 22.310427
2024-08-01 07:58:16,006 INFO All Reduce CHECKSUM 5: 22.310427
2024-08-01 07:58:16,005 INFO All Reduce CHECKSUM 9: 22.310427
2024-08-01 07:58:16,011 INFO All Reduce rank 0 at 8151064
2024-08-01 07:58:16,004 INFO All Reduce CHECKSUM 14: 22.310427
2024-08-01 07:58:16,003 INFO All Reduce CHECKSUM 6: 22.310427
2024-08-01 07:58:16,004 INFO All Reduce CHECKSUM 10: 22.310427
2024-08-01 07:58:16,011 INFO All Reduce rank 1 at 8151214
2024-08-01 07:58:16,004 INFO All Reduce CHECKSUM 15: 22.310427
2024-08-01 07:58:16,004 INFO All Reduce CHECKSUM 7: 22.310427
2024-08-01 07:58:16,004 INFO All Reduce CHECKSUM 11: 22.310427
2024-08-01 07:58:16,011 INFO All Reduce rank 2 at 8151504
2024-08-01 07:58:16,011 INFO All Reduce rank 12 at 8164552
2024-08-01 07:58:16,011 INFO All Reduce rank 4 at 8150627
2024-08-01 07:58:16,011 INFO All Reduce rank 8 at 8157373
2024-08-01 07:58:16,011 INFO All Reduce rank 3 at 8162906
2024-08-01 07:58:16,011 INFO All Reduce rank 13 at 6810432
2024-08-01 07:58:16,011 INFO All Reduce rank 6 at 8158602
2024-08-01 07:58:16,011 INFO All Reduce rank 9 at 6814139
2024-08-01 07:58:16,011 INFO Rank 0 done
2024-08-01 07:58:16,011 INFO All Reduce rank 14 at 6808848
2024-08-01 07:58:16,011 INFO All Reduce rank 7 at 6822433
2024-08-01 07:58:16,011 INFO All Reduce rank 10 at 6814591
2024-08-01 07:58:16,011 INFO Rank 2 done
2024-08-01 07:58:16,011 INFO All Reduce rank 15 at 6812786
2024-08-01 07:58:16,011 INFO All Reduce rank 5 at 6816291
2024-08-01 07:58:16,011 INFO All Reduce rank 11 at 6814240
2024-08-01 07:58:16,011 INFO Rank 1 done
2024-08-01 07:58:16,011 INFO Rank 12 done
2024-08-01 07:58:16,011 INFO Rank 4 done
2024-08-01 07:58:16,011 INFO Rank 8 done
2024-08-01 07:58:16,011 INFO Rank 3 done
2024-08-01 07:58:16,011 INFO Rank 13 done
2024-08-01 07:58:16,011 INFO Rank 6 done
2024-08-01 07:58:16,011 INFO Rank 10 done
2024-08-01 07:58:16,011 INFO Rank 15 done
2024-08-01 07:58:16,011 INFO Rank 7 done
2024-08-01 07:58:16,011 INFO Rank 9 done
2024-08-01 07:58:16,011 INFO Rank 14 done
2024-08-01 07:58:16,011 INFO Rank 5 done
2024-08-01 07:58:16,011 INFO Rank 11 done
