
2024-08-01 08:04:43,400 INFO Initialized rank 0 out of 16
2024-08-01 08:04:43,414 INFO Initialized rank 12 out of 16
2024-08-01 08:04:43,414 INFO Initialized rank 14 out of 16
2024-08-01 08:04:43,414 INFO Initialized rank 8 out of 16
2024-08-01 08:04:43,414 INFO Initialized rank 4 out of 16
2024-08-01 08:04:43,414 INFO Initialized rank 2 out of 16
2024-08-01 08:04:43,414 INFO Initialized rank 13 out of 16
2024-08-01 08:04:43,414 INFO Initialized rank 11 out of 16
2024-08-01 08:04:43,414 INFO Initialized rank 5 out of 16
2024-08-01 08:04:43,414 INFO Initialized rank 1 out of 16
2024-08-01 08:04:43,414 INFO Initialized rank 15 out of 16
2024-08-01 08:04:43,414 INFO Initialized rank 9 out of 16
2024-08-01 08:04:43,414 INFO Initialized rank 6 out of 16
2024-08-01 08:04:43,415 INFO Initialized rank 3 out of 16
2024-08-01 08:04:43,414 INFO Initialized rank 10 out of 16
2024-08-01 08:04:43,414 INFO Initialized rank 7 out of 16
2024-08-01 08:04:45,979 INFO Sync time
2024-08-01 08:04:45,979 INFO Sync time
2024-08-01 08:04:45,979 INFO Sync time
2024-08-01 08:04:45,979 INFO Sync time
2024-08-01 08:04:45,979 INFO Sync time
2024-08-01 08:04:45,979 INFO Sync time
2024-08-01 08:04:45,979 INFO Sync time
2024-08-01 08:04:45,979 INFO Sync time
2024-08-01 08:04:45,979 INFO Sync time
2024-08-01 08:04:45,979 INFO Sync time
2024-08-01 08:04:45,979 INFO Sync time
2024-08-01 08:04:45,979 INFO Sync time
2024-08-01 08:04:45,979 INFO Sync time
2024-08-01 08:04:45,980 INFO Sending from rank 0
2024-08-01 08:04:45,979 INFO Sync time
2024-08-01 08:04:45,979 INFO Sync time
2024-08-01 08:04:45,979 INFO Sync time
2024-08-01 08:04:45,980 INFO Accepting from rank 0
2024-08-01 08:04:45,980 INFO Accepting from rank 0
2024-08-01 08:04:45,980 INFO Accepting from rank 0
2024-08-01 08:04:45,980 INFO Accepting from rank 0
2024-08-01 08:04:45,980 INFO Accepting from rank 0
2024-08-01 08:04:45,980 INFO Accepting from rank 0
2024-08-01 08:04:45,980 INFO Accepting from rank 0
2024-08-01 08:04:45,980 INFO Accepting from rank 0
2024-08-01 08:04:45,980 INFO Accepting from rank 0
2024-08-01 08:04:45,980 INFO Accepting from rank 0
2024-08-01 08:04:45,980 INFO Accepting from rank 0
2024-08-01 08:04:45,980 INFO Accepting from rank 0
2024-08-01 08:04:45,980 INFO Accepting from rank 0
2024-08-01 08:04:45,980 INFO Accepting from rank 0
2024-08-01 08:04:45,980 INFO Accepting from rank 0
2024-08-01 08:04:46,241 INFO CHECKSUM 0 1 0: 1.781265
2024-08-01 08:04:46,245 INFO CHECKSUM 0 1 0: 1.781265
2024-08-01 08:04:46,256 INFO sent 0 -> 1 # 0 at 234460980, 0.000349 0.197270
2024-08-01 08:04:46,266 INFO recv 0 -> 1 # 0 at 259088006, 0.000349 0.197270
2024-08-01 08:04:46,495 INFO CHECKSUM 0 2 0: 1.781265
2024-08-01 08:04:46,496 INFO CHECKSUM 0 2 0: 1.781265
2024-08-01 08:04:46,504 INFO sent 0 -> 2 # 0 at 228955810, 0.000349 0.197270
2024-08-01 08:04:46,514 INFO recv 0 -> 2 # 0 at 247976161, 0.000349 0.197270
2024-08-01 08:04:46,786 INFO CHECKSUM 0 3 0: 1.781265
2024-08-01 08:04:46,788 INFO CHECKSUM 0 3 0: 1.781265
2024-08-01 08:04:46,796 INFO sent 0 -> 3 # 0 at 269138222, 0.000349 0.197270
2024-08-01 08:04:46,798 INFO recv 0 -> 3 # 0 at 281165042, 0.000349 0.197270
2024-08-01 08:04:47,019 INFO CHECKSUM 0 4 0: 1.781265
2024-08-01 08:04:47,021 INFO CHECKSUM 0 4 0: 1.781265
2024-08-01 08:04:47,029 INFO sent 0 -> 4 # 0 at 209678754, 0.000349 0.197270
2024-08-01 08:04:47,034 INFO recv 0 -> 4 # 0 at 223843114, 0.000349 0.197270
2024-08-01 08:04:47,251 INFO CHECKSUM 0 5 0: 1.781265
2024-08-01 08:04:47,253 INFO CHECKSUM 0 5 0: 1.781265
2024-08-01 08:04:47,270 INFO recv 0 -> 5 # 0 at 224298897, 0.000349 0.197270
2024-08-01 08:04:47,270 INFO sent 0 -> 5 # 0 at 205817385, 0.000349 0.197270
2024-08-01 08:04:47,523 INFO CHECKSUM 0 6 0: 1.781265
2024-08-01 08:04:47,525 INFO CHECKSUM 0 6 0: 1.781265
2024-08-01 08:04:47,536 INFO sent 0 -> 6 # 0 at 253281014, 0.000349 0.197270
2024-08-01 08:04:47,536 INFO recv 0 -> 6 # 0 at 266540195, 0.000349 0.197270
2024-08-01 08:04:47,735 INFO CHECKSUM 0 7 0: 1.781265
2024-08-01 08:04:47,737 INFO CHECKSUM 0 7 0: 1.781265
2024-08-01 08:04:47,749 INFO sent 0 -> 7 # 0 at 193950825, 0.000349 0.197270
2024-08-01 08:04:47,752 INFO recv 0 -> 7 # 0 at 206048856, 0.000349 0.197270
2024-08-01 08:04:47,979 INFO CHECKSUM 0 8 0: 1.781265
2024-08-01 08:04:47,981 INFO CHECKSUM 0 8 0: 1.781265
2024-08-01 08:04:47,997 INFO sent 0 -> 8 # 0 at 215354313, 0.000349 0.197270
2024-08-01 08:04:48,002 INFO recv 0 -> 8 # 0 at 237735916, 0.000349 0.197270
2024-08-01 08:04:48,223 INFO CHECKSUM 0 9 0: 1.781265
2024-08-01 08:04:48,224 INFO CHECKSUM 0 9 0: 1.781265
2024-08-01 08:04:48,231 INFO sent 0 -> 9 # 0 at 221469779, 0.000349 0.197270
2024-08-01 08:04:48,233 INFO recv 0 -> 9 # 0 at 231520463, 0.000349 0.197270
2024-08-01 08:04:48,441 INFO CHECKSUM 0 10 0: 1.781265
2024-08-01 08:04:48,442 INFO CHECKSUM 0 10 0: 1.781265
2024-08-01 08:04:48,461 INFO sent 0 -> 10 # 0 at 202517190, 0.000349 0.197270
2024-08-01 08:04:48,461 INFO recv 0 -> 10 # 0 at 222325134, 0.000349 0.197270
2024-08-01 08:04:48,691 INFO CHECKSUM 0 11 0: 1.781265
2024-08-01 08:04:48,692 INFO CHECKSUM 0 11 0: 1.781265
2024-08-01 08:04:48,713 INFO sent 0 -> 11 # 0 at 217181517, 0.000349 0.197270
2024-08-01 08:04:48,721 INFO recv 0 -> 11 # 0 at 247472299, 0.000349 0.197270
2024-08-01 08:04:48,947 INFO CHECKSUM 0 12 0: 1.781265
2024-08-01 08:04:48,949 INFO CHECKSUM 0 12 0: 1.781265
2024-08-01 08:04:48,965 INFO sent 0 -> 12 # 0 at 219535789, 0.000349 0.197270
2024-08-01 08:04:48,965 INFO recv 0 -> 12 # 0 at 237521524, 0.000349 0.197270
2024-08-01 08:04:49,200 INFO CHECKSUM 0 13 0: 1.781265
2024-08-01 08:04:49,201 INFO CHECKSUM 0 13 0: 1.781265
2024-08-01 08:04:49,210 INFO sent 0 -> 13 # 0 at 230514096, 0.000349 0.197270
2024-08-01 08:04:49,210 INFO recv 0 -> 13 # 0 at 240263060, 0.000349 0.197270
2024-08-01 08:04:49,423 INFO CHECKSUM 0 14 0: 1.781265
2024-08-01 08:04:49,424 INFO CHECKSUM 0 14 0: 1.781265
2024-08-01 08:04:49,435 INFO sent 0 -> 14 # 0 at 201462675, 0.000349 0.197270
2024-08-01 08:04:49,437 INFO recv 0 -> 14 # 0 at 216020559, 0.000349 0.197270
2024-08-01 08:04:49,646 INFO CHECKSUM 0 15 0: 1.781265
2024-08-01 08:04:49,648 INFO CHECKSUM 0 15 0: 1.781265
2024-08-01 08:04:49,682 INFO Accepting from rank 1
2024-08-01 08:04:49,682 INFO Accepting from rank 1
2024-08-01 08:04:49,682 INFO Accepting from rank 1
2024-08-01 08:04:49,682 INFO sent 0 -> 15 # 0 at 200077624, 0.000349 0.197270
2024-08-01 08:04:49,682 INFO Sending from rank 1
2024-08-01 08:04:49,682 INFO Accepting from rank 1
2024-08-01 08:04:49,682 INFO Accepting from rank 1
2024-08-01 08:04:49,682 INFO Accepting from rank 1
2024-08-01 08:04:49,682 INFO Accepting from rank 1
2024-08-01 08:04:49,682 INFO Accepting from rank 1
2024-08-01 08:04:49,682 INFO Accepting from rank 1
2024-08-01 08:04:49,682 INFO Accepting from rank 1
2024-08-01 08:04:49,682 INFO Accepting from rank 1
2024-08-01 08:04:49,682 INFO recv 0 -> 15 # 0 at 235904133, 0.000349 0.197270
2024-08-01 08:04:49,682 INFO Accepting from rank 1
2024-08-01 08:04:49,682 INFO Accepting from rank 1
2024-08-01 08:04:49,682 INFO Accepting from rank 1
2024-08-01 08:04:49,682 INFO Accepting from rank 1
2024-08-01 08:04:49,724 INFO CHECKSUM 1 0 0: 1.361406
2024-08-01 08:04:49,724 INFO CHECKSUM 1 0 0: 1.361406
2024-08-01 08:04:49,742 INFO recv 1 -> 0 # 0 at 32583975, 0.423248 0.286235
2024-08-01 08:04:49,750 INFO sent 1 -> 0 # 0 at 14011028, 0.423248 0.286235
2024-08-01 08:04:49,932 INFO CHECKSUM 1 2 0: 1.361406
2024-08-01 08:04:49,933 INFO CHECKSUM 1 2 0: 1.361406
2024-08-01 08:04:49,945 INFO sent 1 -> 2 # 0 at 177846720, 0.423248 0.286235
2024-08-01 08:04:49,945 INFO recv 1 -> 2 # 0 at 191192384, 0.423248 0.286235
2024-08-01 08:04:50,131 INFO CHECKSUM 1 3 0: 1.361406
2024-08-01 08:04:50,131 INFO CHECKSUM 1 3 0: 1.361406
2024-08-01 08:04:50,154 INFO sent 1 -> 3 # 0 at 180930518, 0.423248 0.286235
2024-08-01 08:04:50,154 INFO recv 1 -> 3 # 0 at 204391365, 0.423248 0.286235
2024-08-01 08:04:50,355 INFO CHECKSUM 1 4 0: 1.361406
2024-08-01 08:04:50,356 INFO CHECKSUM 1 4 0: 1.361406
2024-08-01 08:04:50,377 INFO recv 1 -> 4 # 0 at 218663605, 0.423248 0.286235
2024-08-01 08:04:50,378 INFO sent 1 -> 4 # 0 at 196595737, 0.423248 0.286235
2024-08-01 08:04:50,548 INFO CHECKSUM 1 5 0: 1.361406
2024-08-01 08:04:50,557 INFO CHECKSUM 1 5 0: 1.361406
2024-08-01 08:04:50,567 INFO recv 1 -> 5 # 0 at 181611023, 0.423248 0.286235
2024-08-01 08:04:50,567 INFO sent 1 -> 5 # 0 at 161845372, 0.423248 0.286235
2024-08-01 08:04:50,747 INFO CHECKSUM 1 6 0: 1.361406
2024-08-01 08:04:50,748 INFO CHECKSUM 1 6 0: 1.361406
2024-08-01 08:04:50,758 INFO recv 1 -> 6 # 0 at 187207199, 0.423248 0.286235
2024-08-01 08:04:50,758 INFO sent 1 -> 6 # 0 at 176721810, 0.423248 0.286235
2024-08-01 08:04:50,919 INFO CHECKSUM 1 7 0: 1.361406
2024-08-01 08:04:50,928 INFO CHECKSUM 1 7 0: 1.361406
2024-08-01 08:04:50,937 INFO recv 1 -> 7 # 0 at 179407022, 0.423248 0.286235
2024-08-01 08:04:50,941 INFO sent 1 -> 7 # 0 at 160793654, 0.423248 0.286235
2024-08-01 08:04:51,080 INFO CHECKSUM 1 8 0: 1.361406
2024-08-01 08:04:51,081 INFO CHECKSUM 1 8 0: 1.361406
2024-08-01 08:04:51,098 INFO recv 1 -> 8 # 0 at 148394486, 0.423248 0.286235
2024-08-01 08:04:51,098 INFO sent 1 -> 8 # 0 at 128770561, 0.423248 0.286235
2024-08-01 08:04:51,267 INFO CHECKSUM 1 9 0: 1.361406
2024-08-01 08:04:51,267 INFO CHECKSUM 1 9 0: 1.361406
2024-08-01 08:04:51,276 INFO sent 1 -> 9 # 0 at 159550716, 0.423248 0.286235
2024-08-01 08:04:51,276 INFO recv 1 -> 9 # 0 at 168965443, 0.423248 0.286235
2024-08-01 08:04:51,496 INFO CHECKSUM 1 10 0: 1.361406
2024-08-01 08:04:51,496 INFO CHECKSUM 1 10 0: 1.361406
2024-08-01 08:04:51,514 INFO recv 1 -> 10 # 0 at 212225328, 0.423248 0.286235
2024-08-01 08:04:51,514 INFO sent 1 -> 10 # 0 at 194333242, 0.423248 0.286235
2024-08-01 08:04:51,679 INFO CHECKSUM 1 11 0: 1.361406
2024-08-01 08:04:51,680 INFO CHECKSUM 1 11 0: 1.361406
2024-08-01 08:04:51,696 INFO sent 1 -> 11 # 0 at 156884313, 0.423248 0.286235
2024-08-01 08:04:51,696 INFO recv 1 -> 11 # 0 at 173763179, 0.423248 0.286235
2024-08-01 08:04:51,903 INFO CHECKSUM 1 12 0: 1.361406
2024-08-01 08:04:51,913 INFO CHECKSUM 1 12 0: 1.361406
2024-08-01 08:04:51,930 INFO recv 1 -> 12 # 0 at 212598866, 0.423248 0.286235
2024-08-01 08:04:51,930 INFO sent 1 -> 12 # 0 at 176944148, 0.423248 0.286235
2024-08-01 08:04:52,119 INFO CHECKSUM 1 13 0: 1.361406
2024-08-01 08:04:52,119 INFO CHECKSUM 1 13 0: 1.361406
2024-08-01 08:04:52,162 INFO recv 1 -> 13 # 0 at 220499247, 0.423248 0.286235
2024-08-01 08:04:52,162 INFO sent 1 -> 13 # 0 at 177548064, 0.423248 0.286235
2024-08-01 08:04:52,347 INFO CHECKSUM 1 14 0: 1.361406
2024-08-01 08:04:52,350 INFO CHECKSUM 1 14 0: 1.361406
2024-08-01 08:04:52,382 INFO sent 1 -> 14 # 0 at 176748912, 0.423248 0.286235
2024-08-01 08:04:52,390 INFO recv 1 -> 14 # 0 at 220010491, 0.423248 0.286235
2024-08-01 08:04:52,570 INFO CHECKSUM 1 15 0: 1.361406
2024-08-01 08:04:52,571 INFO CHECKSUM 1 15 0: 1.361406
2024-08-01 08:04:52,594 INFO Accepting from rank 2
2024-08-01 08:04:52,594 INFO sent 1 -> 15 # 0 at 176826732, 0.423248 0.286235
2024-08-01 08:04:52,594 INFO Accepting from rank 2
2024-08-01 08:04:52,594 INFO Accepting from rank 2
2024-08-01 08:04:52,594 INFO Accepting from rank 2
2024-08-01 08:04:52,594 INFO Sending from rank 2
2024-08-01 08:04:52,594 INFO Accepting from rank 2
2024-08-01 08:04:52,594 INFO Accepting from rank 2
2024-08-01 08:04:52,594 INFO Accepting from rank 2
2024-08-01 08:04:52,594 INFO Accepting from rank 2
2024-08-01 08:04:52,594 INFO Accepting from rank 2
2024-08-01 08:04:52,594 INFO Accepting from rank 2
2024-08-01 08:04:52,594 INFO Accepting from rank 2
2024-08-01 08:04:52,594 INFO recv 1 -> 15 # 0 at 200262039, 0.423248 0.286235
2024-08-01 08:04:52,594 INFO Accepting from rank 2
2024-08-01 08:04:52,594 INFO Accepting from rank 2
2024-08-01 08:04:52,602 INFO Accepting from rank 2
2024-08-01 08:04:52,602 INFO Accepting from rank 2
2024-08-01 08:04:52,631 INFO CHECKSUM 2 0 0: 1.809495
2024-08-01 08:04:52,631 INFO CHECKSUM 2 0 0: 1.809495
2024-08-01 08:04:52,646 INFO recv 2 -> 0 # 0 at 29199306, 0.870669 0.847408
2024-08-01 08:04:52,646 INFO sent 2 -> 0 # 0 at 13898631, 0.870669 0.847408
2024-08-01 08:04:52,663 INFO CHECKSUM 2 1 0: 1.809495
2024-08-01 08:04:52,664 INFO CHECKSUM 2 1 0: 1.809495
2024-08-01 08:04:52,698 INFO recv 2 -> 1 # 0 at 48189027, 0.870669 0.847408
2024-08-01 08:04:52,698 INFO sent 2 -> 1 # 0 at 13981561, 0.870669 0.847408
2024-08-01 08:04:52,955 INFO CHECKSUM 2 3 0: 1.809495
2024-08-01 08:04:52,955 INFO CHECKSUM 2 3 0: 1.809495
2024-08-01 08:04:52,966 INFO recv 2 -> 3 # 0 at 247716640, 0.870669 0.847408
2024-08-01 08:04:52,966 INFO sent 2 -> 3 # 0 at 236703325, 0.870669 0.847408
2024-08-01 08:04:53,139 INFO CHECKSUM 2 4 0: 1.809495
2024-08-01 08:04:53,141 INFO CHECKSUM 2 4 0: 1.809495
2024-08-01 08:04:53,158 INFO recv 2 -> 4 # 0 at 172547337, 0.870669 0.847408
2024-08-01 08:04:53,158 INFO sent 2 -> 4 # 0 at 153183554, 0.870669 0.847408
2024-08-01 08:04:53,351 INFO CHECKSUM 2 5 0: 1.809495
2024-08-01 08:04:53,351 INFO CHECKSUM 2 5 0: 1.809495
2024-08-01 08:04:53,368 INFO sent 2 -> 5 # 0 at 180813021, 0.870669 0.847408
2024-08-01 08:04:53,369 INFO recv 2 -> 5 # 0 at 198575713, 0.870669 0.847408
2024-08-01 08:04:53,539 INFO CHECKSUM 2 6 0: 1.809495
2024-08-01 08:04:53,539 INFO CHECKSUM 2 6 0: 1.809495
2024-08-01 08:04:53,561 INFO sent 2 -> 6 # 0 at 160717808, 0.870669 0.847408
2024-08-01 08:04:53,561 INFO recv 2 -> 6 # 0 at 183107233, 0.870669 0.847408
2024-08-01 08:04:53,755 INFO CHECKSUM 2 7 0: 1.809495
2024-08-01 08:04:53,755 INFO CHECKSUM 2 7 0: 1.809495
2024-08-01 08:04:53,772 INFO recv 2 -> 7 # 0 at 196739333, 0.870669 0.847408
2024-08-01 08:04:53,772 INFO sent 2 -> 7 # 0 at 179487384, 0.870669 0.847408
2024-08-01 08:04:53,943 INFO CHECKSUM 2 8 0: 1.809495
2024-08-01 08:04:53,944 INFO CHECKSUM 2 8 0: 1.809495
2024-08-01 08:04:53,953 INFO recv 2 -> 8 # 0 at 176622511, 0.870669 0.847408
2024-08-01 08:04:53,953 INFO sent 2 -> 8 # 0 at 167126851, 0.870669 0.847408
2024-08-01 08:04:54,135 INFO CHECKSUM 2 9 0: 1.809495
2024-08-01 08:04:54,135 INFO CHECKSUM 2 9 0: 1.809495
2024-08-01 08:04:54,143 INFO sent 2 -> 9 # 0 at 173967738, 0.870669 0.847408
2024-08-01 08:04:54,157 INFO recv 2 -> 9 # 0 at 196349277, 0.870669 0.847408
2024-08-01 08:04:54,296 INFO CHECKSUM 2 10 0: 1.809495
2024-08-01 08:04:54,296 INFO CHECKSUM 2 10 0: 1.809495
2024-08-01 08:04:54,313 INFO sent 2 -> 10 # 0 at 126500532, 0.870669 0.847408
2024-08-01 08:04:54,313 INFO recv 2 -> 10 # 0 at 143800324, 0.870669 0.847408
2024-08-01 08:04:54,495 INFO CHECKSUM 2 11 0: 1.809495
2024-08-01 08:04:54,495 INFO CHECKSUM 2 11 0: 1.809495
2024-08-01 08:04:54,506 INFO recv 2 -> 11 # 0 at 192860110, 0.870669 0.847408
2024-08-01 08:04:54,506 INFO sent 2 -> 11 # 0 at 180977639, 0.870669 0.847408
2024-08-01 08:04:54,707 INFO CHECKSUM 2 12 0: 1.809495
2024-08-01 08:04:54,708 INFO CHECKSUM 2 12 0: 1.809495
2024-08-01 08:04:54,725 INFO recv 2 -> 12 # 0 at 207233601, 0.870669 0.847408
2024-08-01 08:04:54,729 INFO sent 2 -> 12 # 0 at 188675889, 0.870669 0.847408
2024-08-01 08:04:54,939 INFO CHECKSUM 2 13 0: 1.809495
2024-08-01 08:04:54,939 INFO CHECKSUM 2 13 0: 1.809495
2024-08-01 08:04:54,953 INFO recv 2 -> 13 # 0 at 191834386, 0.870669 0.847408
2024-08-01 08:04:54,953 INFO sent 2 -> 13 # 0 at 177364420, 0.870669 0.847408
2024-08-01 08:04:55,118 INFO CHECKSUM 2 14 0: 1.809495
2024-08-01 08:04:55,118 INFO CHECKSUM 2 14 0: 1.809495
2024-08-01 08:04:55,134 INFO recv 2 -> 14 # 0 at 149276695, 0.870669 0.847408
2024-08-01 08:04:55,134 INFO sent 2 -> 14 # 0 at 132454307, 0.870669 0.847408
2024-08-01 08:04:55,319 INFO CHECKSUM 2 15 0: 1.809495
2024-08-01 08:04:55,320 INFO CHECKSUM 2 15 0: 1.809495
2024-08-01 08:04:55,335 INFO Accepting from rank 3
2024-08-01 08:04:55,335 INFO Accepting from rank 3
2024-08-01 08:04:55,335 INFO Accepting from rank 3
2024-08-01 08:04:55,335 INFO Accepting from rank 3
2024-08-01 08:04:55,335 INFO Accepting from rank 3
2024-08-01 08:04:55,335 INFO Accepting from rank 3
2024-08-01 08:04:55,335 INFO Accepting from rank 3
2024-08-01 08:04:55,335 INFO Accepting from rank 3
2024-08-01 08:04:55,335 INFO recv 2 -> 15 # 0 at 191031513, 0.870669 0.847408
2024-08-01 08:04:55,335 INFO Accepting from rank 3
2024-08-01 08:04:55,335 INFO Accepting from rank 3
2024-08-01 08:04:55,342 INFO Accepting from rank 3
2024-08-01 08:04:55,342 INFO sent 2 -> 15 # 0 at 174953738, 0.870669 0.847408
2024-08-01 08:04:55,342 INFO Accepting from rank 3
2024-08-01 08:04:55,342 INFO Accepting from rank 3
2024-08-01 08:04:55,342 INFO Sending from rank 3
2024-08-01 08:04:55,350 INFO Accepting from rank 3
2024-08-01 08:04:55,350 INFO Accepting from rank 3
2024-08-01 08:04:55,384 INFO CHECKSUM 3 0 0: 1.443868
2024-08-01 08:04:55,383 INFO CHECKSUM 3 0 0: 1.443868
2024-08-01 08:04:55,393 INFO recv 3 -> 0 # 0 at 24250620, 0.171233 0.355488
2024-08-01 08:04:55,393 INFO sent 3 -> 0 # 0 at 14516903, 0.171233 0.355488
2024-08-01 08:04:55,416 INFO CHECKSUM 3 1 0: 1.443868
2024-08-01 08:04:55,416 INFO CHECKSUM 3 1 0: 1.443868
2024-08-01 08:04:55,447 INFO recv 3 -> 1 # 0 at 45630191, 0.171233 0.355488
2024-08-01 08:04:55,447 INFO sent 3 -> 1 # 0 at 14221954, 0.171233 0.355488
2024-08-01 08:04:55,524 INFO CHECKSUM 3 2 0: 1.443868
2024-08-01 08:04:55,523 INFO CHECKSUM 3 2 0: 1.443868
2024-08-01 08:04:55,530 INFO recv 3 -> 2 # 0 at 80872815, 0.171233 0.355488
2024-08-01 08:04:55,535 INFO sent 3 -> 2 # 0 at 73212588, 0.171233 0.355488
2024-08-01 08:04:55,697 INFO CHECKSUM 3 4 0: 1.443868
2024-08-01 08:04:55,698 INFO CHECKSUM 3 4 0: 1.443868
2024-08-01 08:04:55,708 INFO sent 3 -> 4 # 0 at 157884723, 0.171233 0.355488
2024-08-01 08:04:55,708 INFO recv 3 -> 4 # 0 at 168350553, 0.171233 0.355488
2024-08-01 08:04:55,894 INFO CHECKSUM 3 5 0: 1.443868
2024-08-01 08:04:55,894 INFO CHECKSUM 3 5 0: 1.443868
2024-08-01 08:04:55,910 INFO recv 3 -> 5 # 0 at 192224924, 0.171233 0.355488
2024-08-01 08:04:55,909 INFO sent 3 -> 5 # 0 at 176759914, 0.171233 0.355488
2024-08-01 08:04:56,110 INFO CHECKSUM 3 6 0: 1.443868
2024-08-01 08:04:56,110 INFO CHECKSUM 3 6 0: 1.443868
2024-08-01 08:04:56,128 INFO recv 3 -> 6 # 0 at 217978246, 0.171233 0.355488
2024-08-01 08:04:56,136 INFO sent 3 -> 6 # 0 at 199735333, 0.171233 0.355488
2024-08-01 08:04:56,307 INFO CHECKSUM 3 7 0: 1.443868
2024-08-01 08:04:56,307 INFO CHECKSUM 3 7 0: 1.443868
2024-08-01 08:04:56,325 INFO recv 3 -> 7 # 0 at 183438645, 0.171233 0.355488
2024-08-01 08:04:56,329 INFO sent 3 -> 7 # 0 at 164688477, 0.171233 0.355488
2024-08-01 08:04:56,532 INFO CHECKSUM 3 8 0: 1.443868
2024-08-01 08:04:56,533 INFO CHECKSUM 3 8 0: 1.443868
2024-08-01 08:04:56,553 INFO recv 3 -> 8 # 0 at 223848677, 0.171233 0.355488
2024-08-01 08:04:56,561 INFO sent 3 -> 8 # 0 at 202881252, 0.171233 0.355488
2024-08-01 08:04:56,686 INFO CHECKSUM 3 9 0: 1.443868
2024-08-01 08:04:56,687 INFO CHECKSUM 3 9 0: 1.443868
2024-08-01 08:04:56,698 INFO sent 3 -> 9 # 0 at 110684573, 0.171233 0.355488
2024-08-01 08:04:56,698 INFO recv 3 -> 9 # 0 at 122810306, 0.171233 0.355488
2024-08-01 08:04:56,898 INFO CHECKSUM 3 10 0: 1.443868
2024-08-01 08:04:56,899 INFO CHECKSUM 3 10 0: 1.443868
2024-08-01 08:04:56,920 INFO sent 3 -> 10 # 0 at 189228766, 0.171233 0.355488
2024-08-01 08:04:56,920 INFO recv 3 -> 10 # 0 at 210463597, 0.171233 0.355488
2024-08-01 08:04:57,085 INFO CHECKSUM 3 11 0: 1.443868
2024-08-01 08:04:57,086 INFO CHECKSUM 3 11 0: 1.443868
2024-08-01 08:04:57,101 INFO sent 3 -> 11 # 0 at 155420249, 0.171233 0.355488
2024-08-01 08:04:57,113 INFO recv 3 -> 11 # 0 at 183240813, 0.171233 0.355488
2024-08-01 08:04:57,334 INFO CHECKSUM 3 12 0: 1.443868
2024-08-01 08:04:57,335 INFO CHECKSUM 3 12 0: 1.443868
2024-08-01 08:04:57,374 INFO recv 3 -> 12 # 0 at 259437773, 0.171233 0.355488
2024-08-01 08:04:57,390 INFO sent 3 -> 12 # 0 at 220142569, 0.171233 0.355488
2024-08-01 08:04:57,509 INFO CHECKSUM 3 13 0: 1.443868
2024-08-01 08:04:57,511 INFO CHECKSUM 3 13 0: 1.443868
2024-08-01 08:04:57,530 INFO recv 3 -> 13 # 0 at 124023528, 0.171233 0.355488
2024-08-01 08:04:57,538 INFO sent 3 -> 13 # 0 at 103248538, 0.171233 0.355488
2024-08-01 08:04:57,748 INFO CHECKSUM 3 14 0: 1.443868
2024-08-01 08:04:57,757 INFO CHECKSUM 3 14 0: 1.443868
2024-08-01 08:04:57,777 INFO recv 3 -> 14 # 0 at 215508808, 0.171233 0.355488
2024-08-01 08:04:57,794 INFO sent 3 -> 14 # 0 at 186469012, 0.171233 0.355488
2024-08-01 08:04:57,975 INFO CHECKSUM 3 15 0: 1.443868
2024-08-01 08:04:57,975 INFO CHECKSUM 3 15 0: 1.443868
2024-08-01 08:04:57,991 INFO Accepting from rank 4
2024-08-01 08:04:57,991 INFO Accepting from rank 4
2024-08-01 08:04:57,991 INFO Accepting from rank 4
2024-08-01 08:04:57,991 INFO Accepting from rank 4
2024-08-01 08:04:57,991 INFO Accepting from rank 4
2024-08-01 08:04:57,991 INFO Accepting from rank 4
2024-08-01 08:04:57,991 INFO Accepting from rank 4
2024-08-01 08:04:57,991 INFO Accepting from rank 4
2024-08-01 08:04:57,991 INFO Accepting from rank 4
2024-08-01 08:04:57,991 INFO Accepting from rank 4
2024-08-01 08:04:57,991 INFO Sending from rank 4
2024-08-01 08:04:57,991 INFO sent 3 -> 15 # 0 at 172334997, 0.171233 0.355488
2024-08-01 08:04:57,991 INFO recv 3 -> 15 # 0 at 187450822, 0.171233 0.355488
2024-08-01 08:04:57,991 INFO Accepting from rank 4
2024-08-01 08:04:57,991 INFO Accepting from rank 4
2024-08-01 08:04:57,991 INFO Accepting from rank 4
2024-08-01 08:04:57,991 INFO Accepting from rank 4
2024-08-01 08:04:57,991 INFO Accepting from rank 4
2024-08-01 08:04:58,027 INFO CHECKSUM 4 0 0: 1.120241
2024-08-01 08:04:58,028 INFO CHECKSUM 4 0 0: 1.120241
2024-08-01 08:04:58,042 INFO sent 4 -> 0 # 0 at 14324974, 0.215900 0.167663
2024-08-01 08:04:58,042 INFO recv 4 -> 0 # 0 at 29221298, 0.215900 0.167663
2024-08-01 08:04:58,068 INFO CHECKSUM 4 1 0: 1.120241
2024-08-01 08:04:58,069 INFO CHECKSUM 4 1 0: 1.120241
2024-08-01 08:04:58,101 INFO sent 4 -> 1 # 0 at 14554277, 0.215900 0.167663
2024-08-01 08:04:58,102 INFO recv 4 -> 1 # 0 at 48085348, 0.215900 0.167663
2024-08-01 08:04:58,120 INFO CHECKSUM 4 2 0: 1.120241
2024-08-01 08:04:58,129 INFO sent 4 -> 2 # 0 at 13960597, 0.215900 0.167663
2024-08-01 08:04:58,120 INFO CHECKSUM 4 2 0: 1.120241
2024-08-01 08:04:58,129 INFO recv 4 -> 2 # 0 at 23130359, 0.215900 0.167663
2024-08-01 08:04:58,144 INFO CHECKSUM 4 3 0: 1.120241
2024-08-01 08:04:58,144 INFO CHECKSUM 4 3 0: 1.120241
2024-08-01 08:04:58,152 INFO sent 4 -> 3 # 0 at 14497037, 0.215900 0.167663
2024-08-01 08:04:58,152 INFO recv 4 -> 3 # 0 at 22656525, 0.215900 0.167663
2024-08-01 08:04:58,387 INFO CHECKSUM 4 5 0: 1.120241
2024-08-01 08:04:58,388 INFO CHECKSUM 4 5 0: 1.120241
2024-08-01 08:04:58,398 INFO sent 4 -> 5 # 0 at 232723515, 0.215900 0.167663
2024-08-01 08:04:58,398 INFO recv 4 -> 5 # 0 at 243914444, 0.215900 0.167663
2024-08-01 08:04:58,594 INFO CHECKSUM 4 6 0: 1.120241
2024-08-01 08:04:58,597 INFO CHECKSUM 4 6 0: 1.120241
2024-08-01 08:04:58,617 INFO sent 4 -> 6 # 0 at 184331315, 0.215900 0.167663
2024-08-01 08:04:58,618 INFO recv 4 -> 6 # 0 at 208182772, 0.215900 0.167663
2024-08-01 08:04:58,807 INFO CHECKSUM 4 7 0: 1.120241
2024-08-01 08:04:58,808 INFO CHECKSUM 4 7 0: 1.120241
2024-08-01 08:04:58,820 INFO sent 4 -> 7 # 0 at 177849984, 0.215900 0.167663
2024-08-01 08:04:58,820 INFO recv 4 -> 7 # 0 at 190767078, 0.215900 0.167663
2024-08-01 08:04:58,988 INFO CHECKSUM 4 8 0: 1.120241
2024-08-01 08:04:58,988 INFO CHECKSUM 4 8 0: 1.120241
2024-08-01 08:04:59,005 INFO recv 4 -> 8 # 0 at 184151010, 0.215900 0.167663
2024-08-01 08:04:59,005 INFO sent 4 -> 8 # 0 at 166892227, 0.215900 0.167663
2024-08-01 08:04:59,167 INFO CHECKSUM 4 9 0: 1.120241
2024-08-01 08:04:59,167 INFO CHECKSUM 4 9 0: 1.120241
2024-08-01 08:04:59,194 INFO sent 4 -> 9 # 0 at 156583898, 0.215900 0.167663
2024-08-01 08:04:59,194 INFO recv 4 -> 9 # 0 at 183550501, 0.215900 0.167663
2024-08-01 08:04:59,299 INFO CHECKSUM 4 10 0: 1.120241
2024-08-01 08:04:59,300 INFO CHECKSUM 4 10 0: 1.120241
2024-08-01 08:04:59,322 INFO sent 4 -> 10 # 0 at 101898040, 0.215900 0.167663
2024-08-01 08:04:59,322 INFO recv 4 -> 10 # 0 at 124964948, 0.215900 0.167663
2024-08-01 08:04:59,500 INFO CHECKSUM 4 11 0: 1.120241
2024-08-01 08:04:59,500 INFO CHECKSUM 4 11 0: 1.120241
2024-08-01 08:04:59,511 INFO sent 4 -> 11 # 0 at 174208587, 0.215900 0.167663
2024-08-01 08:04:59,511 INFO recv 4 -> 11 # 0 at 185892945, 0.215900 0.167663
2024-08-01 08:04:59,751 INFO CHECKSUM 4 12 0: 1.120241
2024-08-01 08:04:59,751 INFO CHECKSUM 4 12 0: 1.120241
2024-08-01 08:04:59,766 INFO recv 4 -> 12 # 0 at 230456581, 0.215900 0.167663
2024-08-01 08:04:59,766 INFO sent 4 -> 12 # 0 at 214888989, 0.215900 0.167663
2024-08-01 08:04:59,940 INFO CHECKSUM 4 13 0: 1.120241
2024-08-01 08:04:59,953 INFO CHECKSUM 4 13 0: 1.120241
2024-08-01 08:04:59,995 INFO recv 4 -> 13 # 0 at 216575914, 0.215900 0.167663
2024-08-01 08:04:59,995 INFO sent 4 -> 13 # 0 at 162301379, 0.215900 0.167663
2024-08-01 08:05:00,160 INFO CHECKSUM 4 14 0: 1.120241
2024-08-01 08:05:00,160 INFO CHECKSUM 4 14 0: 1.120241
2024-08-01 08:05:00,181 INFO sent 4 -> 14 # 0 at 154404835, 0.215900 0.167663
2024-08-01 08:05:00,186 INFO recv 4 -> 14 # 0 at 180229786, 0.215900 0.167663
2024-08-01 08:05:00,355 INFO CHECKSUM 4 15 0: 1.120241
2024-08-01 08:05:00,356 INFO CHECKSUM 4 15 0: 1.120241
2024-08-01 08:05:00,378 INFO Accepting from rank 5
2024-08-01 08:05:00,378 INFO Accepting from rank 5
2024-08-01 08:05:00,378 INFO Accepting from rank 5
2024-08-01 08:05:00,378 INFO Accepting from rank 5
2024-08-01 08:05:00,378 INFO Accepting from rank 5
2024-08-01 08:05:00,378 INFO Accepting from rank 5
2024-08-01 08:05:00,378 INFO sent 4 -> 15 # 0 at 165835378, 0.215900 0.167663
2024-08-01 08:05:00,378 INFO Accepting from rank 5
2024-08-01 08:05:00,378 INFO Accepting from rank 5
2024-08-01 08:05:00,378 INFO Accepting from rank 5
2024-08-01 08:05:00,378 INFO Sending from rank 5
2024-08-01 08:05:00,378 INFO Accepting from rank 5
2024-08-01 08:05:00,378 INFO recv 4 -> 15 # 0 at 189005180, 0.215900 0.167663
2024-08-01 08:05:00,378 INFO Accepting from rank 5
2024-08-01 08:05:00,378 INFO Accepting from rank 5
2024-08-01 08:05:00,378 INFO Accepting from rank 5
2024-08-01 08:05:00,378 INFO Accepting from rank 5
2024-08-01 08:05:00,378 INFO Accepting from rank 5
2024-08-01 08:05:00,420 INFO CHECKSUM 5 0 0: 0.796627
2024-08-01 08:05:00,421 INFO CHECKSUM 5 0 0: 0.796627
2024-08-01 08:05:00,441 INFO recv 5 -> 0 # 0 at 35097813, 0.298154 0.464499
2024-08-01 08:05:00,442 INFO sent 5 -> 0 # 0 at 14082914, 0.298154 0.464499
2024-08-01 08:05:00,567 INFO CHECKSUM 5 1 0: 0.796627
2024-08-01 08:05:00,574 INFO CHECKSUM 5 1 0: 0.796627
2024-08-01 08:05:00,582 INFO recv 5 -> 1 # 0 at 108444510, 0.298154 0.464499
2024-08-01 08:05:00,582 INFO sent 5 -> 1 # 0 at 97530796, 0.298154 0.464499
2024-08-01 08:05:00,660 INFO CHECKSUM 5 2 0: 0.796627
2024-08-01 08:05:00,660 INFO CHECKSUM 5 2 0: 0.796627
2024-08-01 08:05:00,681 INFO recv 5 -> 2 # 0 at 95734252, 0.298154 0.464499
2024-08-01 08:05:00,681 INFO sent 5 -> 2 # 0 at 74273962, 0.298154 0.464499
2024-08-01 08:05:00,723 INFO CHECKSUM 5 3 0: 0.796627
2024-08-01 08:05:00,723 INFO CHECKSUM 5 3 0: 0.796627
2024-08-01 08:05:00,741 INFO recv 5 -> 3 # 0 at 45379758, 0.298154 0.464499
2024-08-01 08:05:00,741 INFO sent 5 -> 3 # 0 at 20996473, 0.298154 0.464499
2024-08-01 08:05:00,765 INFO CHECKSUM 5 4 0: 0.796627
2024-08-01 08:05:00,764 INFO CHECKSUM 5 4 0: 0.796627
2024-08-01 08:05:00,778 INFO recv 5 -> 4 # 0 at 28361868, 0.298154 0.464499
2024-08-01 08:05:00,778 INFO sent 5 -> 4 # 0 at 13861133, 0.298154 0.464499
2024-08-01 08:05:00,963 INFO CHECKSUM 5 6 0: 0.796627
2024-08-01 08:05:00,963 INFO CHECKSUM 5 6 0: 0.796627
2024-08-01 08:05:00,985 INFO sent 5 -> 6 # 0 at 176936544, 0.298154 0.464499
2024-08-01 08:05:00,985 INFO recv 5 -> 6 # 0 at 198662441, 0.298154 0.464499
2024-08-01 08:05:01,191 INFO CHECKSUM 5 7 0: 0.796627
2024-08-01 08:05:01,191 INFO CHECKSUM 5 7 0: 0.796627
2024-08-01 08:05:01,214 INFO sent 5 -> 7 # 0 at 204098036, 0.298154 0.464499
2024-08-01 08:05:01,214 INFO recv 5 -> 7 # 0 at 226891942, 0.298154 0.464499
2024-08-01 08:05:01,375 INFO CHECKSUM 5 8 0: 0.796627
2024-08-01 08:05:01,376 INFO CHECKSUM 5 8 0: 0.796627
2024-08-01 08:05:01,386 INFO recv 5 -> 8 # 0 at 171551508, 0.298154 0.464499
2024-08-01 08:05:01,386 INFO sent 5 -> 8 # 0 at 157526685, 0.298154 0.464499
2024-08-01 08:05:01,580 INFO CHECKSUM 5 9 0: 0.796627
2024-08-01 08:05:01,580 INFO CHECKSUM 5 9 0: 0.796627
2024-08-01 08:05:01,609 INFO recv 5 -> 9 # 0 at 211177174, 0.298154 0.464499
2024-08-01 08:05:01,609 INFO sent 5 -> 9 # 0 at 177506768, 0.298154 0.464499
2024-08-01 08:05:01,771 INFO CHECKSUM 5 10 0: 0.796627
2024-08-01 08:05:01,772 INFO CHECKSUM 5 10 0: 0.796627
2024-08-01 08:05:01,786 INFO recv 5 -> 10 # 0 at 173769441, 0.298154 0.464499
2024-08-01 08:05:01,786 INFO sent 5 -> 10 # 0 at 159060157, 0.298154 0.464499
2024-08-01 08:05:01,996 INFO CHECKSUM 5 11 0: 0.796627
2024-08-01 08:05:01,995 INFO CHECKSUM 5 11 0: 0.796627
2024-08-01 08:05:02,010 INFO sent 5 -> 11 # 0 at 196344108, 0.298154 0.464499
2024-08-01 08:05:02,013 INFO recv 5 -> 11 # 0 at 219282688, 0.298154 0.464499
2024-08-01 08:05:02,239 INFO CHECKSUM 5 12 0: 0.796627
2024-08-01 08:05:02,240 INFO CHECKSUM 5 12 0: 0.796627
2024-08-01 08:05:02,249 INFO sent 5 -> 12 # 0 at 225391274, 0.298154 0.464499
2024-08-01 08:05:02,249 INFO recv 5 -> 12 # 0 at 235598442, 0.298154 0.464499
2024-08-01 08:05:02,402 INFO CHECKSUM 5 13 0: 0.796627
2024-08-01 08:05:02,403 INFO CHECKSUM 5 13 0: 0.796627
2024-08-01 08:05:02,430 INFO sent 5 -> 13 # 0 at 149539585, 0.298154 0.464499
2024-08-01 08:05:02,433 INFO recv 5 -> 13 # 0 at 179924074, 0.298154 0.464499
2024-08-01 08:05:02,631 INFO CHECKSUM 5 14 0: 0.796627
2024-08-01 08:05:02,631 INFO CHECKSUM 5 14 0: 0.796627
2024-08-01 08:05:02,644 INFO recv 5 -> 14 # 0 at 182474190, 0.298154 0.464499
2024-08-01 08:05:02,643 INFO sent 5 -> 14 # 0 at 169861551, 0.298154 0.464499
2024-08-01 08:05:02,785 INFO CHECKSUM 5 15 0: 0.796627
2024-08-01 08:05:02,794 INFO CHECKSUM 5 15 0: 0.796627
2024-08-01 08:05:02,810 INFO Accepting from rank 6
2024-08-01 08:05:02,810 INFO Accepting from rank 6
2024-08-01 08:05:02,810 INFO Accepting from rank 6
2024-08-01 08:05:02,810 INFO Accepting from rank 6
2024-08-01 08:05:02,810 INFO Accepting from rank 6
2024-08-01 08:05:02,810 INFO Accepting from rank 6
2024-08-01 08:05:02,810 INFO sent 5 -> 15 # 0 at 118827933, 0.298154 0.464499
2024-08-01 08:05:02,810 INFO Accepting from rank 6
2024-08-01 08:05:02,810 INFO Accepting from rank 6
2024-08-01 08:05:02,810 INFO Accepting from rank 6
2024-08-01 08:05:02,810 INFO Sending from rank 6
2024-08-01 08:05:02,810 INFO recv 5 -> 15 # 0 at 135806183, 0.298154 0.464499
2024-08-01 08:05:02,810 INFO Accepting from rank 6
2024-08-01 08:05:02,810 INFO Accepting from rank 6
2024-08-01 08:05:02,818 INFO Accepting from rank 6
2024-08-01 08:05:02,810 INFO Accepting from rank 6
2024-08-01 08:05:02,810 INFO Accepting from rank 6
2024-08-01 08:05:02,818 INFO Accepting from rank 6
2024-08-01 08:05:02,916 INFO CHECKSUM 6 0 0: 1.725777
2024-08-01 08:05:02,916 INFO CHECKSUM 6 0 0: 1.725777
2024-08-01 08:05:02,923 INFO recv 6 -> 0 # 0 at 81796024, 0.556283 0.448600
2024-08-01 08:05:02,923 INFO sent 6 -> 0 # 0 at 74349287, 0.556283 0.448600
2024-08-01 08:05:02,953 INFO CHECKSUM 6 1 0: 1.725777
2024-08-01 08:05:02,953 INFO CHECKSUM 6 1 0: 1.725777
2024-08-01 08:05:02,966 INFO sent 6 -> 1 # 0 at 20392673, 0.556283 0.448600
2024-08-01 08:05:02,966 INFO recv 6 -> 1 # 0 at 33578884, 0.556283 0.448600
2024-08-01 08:05:03,084 INFO CHECKSUM 6 2 0: 1.725777
2024-08-01 08:05:03,093 INFO CHECKSUM 6 2 0: 1.725777
2024-08-01 08:05:03,109 INFO recv 6 -> 2 # 0 at 116831839, 0.556283 0.448600
2024-08-01 08:05:03,109 INFO sent 6 -> 2 # 0 at 91083170, 0.556283 0.448600
2024-08-01 08:05:03,125 INFO CHECKSUM 6 3 0: 1.725777
2024-08-01 08:05:03,124 INFO CHECKSUM 6 3 0: 1.725777
2024-08-01 08:05:03,147 INFO sent 6 -> 3 # 0 at 14538798, 0.556283 0.448600
2024-08-01 08:05:03,158 INFO recv 6 -> 3 # 0 at 48221851, 0.556283 0.448600
2024-08-01 08:05:03,195 INFO CHECKSUM 6 4 0: 1.725777
2024-08-01 08:05:03,195 INFO CHECKSUM 6 4 0: 1.725777
2024-08-01 08:05:03,206 INFO recv 6 -> 4 # 0 at 41042706, 0.556283 0.448600
2024-08-01 08:05:03,206 INFO sent 6 -> 4 # 0 at 30575438, 0.556283 0.448600
2024-08-01 08:05:03,232 INFO CHECKSUM 6 5 0: 1.725777
2024-08-01 08:05:03,233 INFO CHECKSUM 6 5 0: 1.725777
2024-08-01 08:05:03,265 INFO sent 6 -> 5 # 0 at 14200032, 0.556283 0.448600
2024-08-01 08:05:03,266 INFO recv 6 -> 5 # 0 at 47973718, 0.556283 0.448600
2024-08-01 08:05:03,483 INFO CHECKSUM 6 7 0: 1.725777
2024-08-01 08:05:03,484 INFO CHECKSUM 6 7 0: 1.725777
2024-08-01 08:05:03,496 INFO sent 6 -> 7 # 0 at 209939146, 0.556283 0.448600
2024-08-01 08:05:03,496 INFO recv 6 -> 7 # 0 at 222537403, 0.556283 0.448600
2024-08-01 08:05:03,679 INFO CHECKSUM 6 8 0: 1.725777
2024-08-01 08:05:03,679 INFO CHECKSUM 6 8 0: 1.725777
2024-08-01 08:05:03,692 INFO sent 6 -> 8 # 0 at 160755463, 0.556283 0.448600
2024-08-01 08:05:03,692 INFO recv 6 -> 8 # 0 at 179118581, 0.556283 0.448600
2024-08-01 08:05:03,815 INFO CHECKSUM 6 9 0: 1.725777
2024-08-01 08:05:03,815 INFO CHECKSUM 6 9 0: 1.725777
2024-08-01 08:05:03,834 INFO recv 6 -> 9 # 0 at 124510750, 0.556283 0.448600
2024-08-01 08:05:03,834 INFO sent 6 -> 9 # 0 at 105930646, 0.556283 0.448600
2024-08-01 08:05:03,999 INFO CHECKSUM 6 10 0: 1.725777
2024-08-01 08:05:03,999 INFO CHECKSUM 6 10 0: 1.725777
2024-08-01 08:05:04,011 INFO recv 6 -> 10 # 0 at 171105437, 0.556283 0.448600
2024-08-01 08:05:04,020 INFO sent 6 -> 10 # 0 at 159353365, 0.556283 0.448600
2024-08-01 08:05:04,231 INFO CHECKSUM 6 11 0: 1.725777
2024-08-01 08:05:04,232 INFO CHECKSUM 6 11 0: 1.725777
2024-08-01 08:05:04,260 INFO recv 6 -> 11 # 0 at 218416405, 0.556283 0.448600
2024-08-01 08:05:04,260 INFO sent 6 -> 11 # 0 at 189798541, 0.556283 0.448600
2024-08-01 08:05:04,476 INFO CHECKSUM 6 12 0: 1.725777
2024-08-01 08:05:04,476 INFO CHECKSUM 6 12 0: 1.725777
2024-08-01 08:05:04,487 INFO recv 6 -> 12 # 0 at 202129272, 0.556283 0.448600
2024-08-01 08:05:04,487 INFO sent 6 -> 12 # 0 at 189852436, 0.556283 0.448600
2024-08-01 08:05:04,703 INFO CHECKSUM 6 13 0: 1.725777
2024-08-01 08:05:04,704 INFO CHECKSUM 6 13 0: 1.725777
2024-08-01 08:05:04,730 INFO sent 6 -> 13 # 0 at 185913001, 0.556283 0.448600
2024-08-01 08:05:04,730 INFO recv 6 -> 13 # 0 at 212769746, 0.556283 0.448600
2024-08-01 08:05:04,899 INFO CHECKSUM 6 14 0: 1.725777
2024-08-01 08:05:04,899 INFO CHECKSUM 6 14 0: 1.725777
2024-08-01 08:05:04,918 INFO recv 6 -> 14 # 0 at 176750792, 0.556283 0.448600
2024-08-01 08:05:04,918 INFO sent 6 -> 14 # 0 at 153462057, 0.556283 0.448600
2024-08-01 08:05:05,067 INFO CHECKSUM 6 15 0: 1.725777
2024-08-01 08:05:05,067 INFO CHECKSUM 6 15 0: 1.725777
2024-08-01 08:05:05,098 INFO Accepting from rank 7
2024-08-01 08:05:05,098 INFO Accepting from rank 7
2024-08-01 08:05:05,098 INFO Accepting from rank 7
2024-08-01 08:05:05,098 INFO Accepting from rank 7
2024-08-01 08:05:05,098 INFO Accepting from rank 7
2024-08-01 08:05:05,098 INFO Accepting from rank 7
2024-08-01 08:05:05,098 INFO Accepting from rank 7
2024-08-01 08:05:05,098 INFO Accepting from rank 7
2024-08-01 08:05:05,098 INFO Accepting from rank 7
2024-08-01 08:05:05,098 INFO Accepting from rank 7
2024-08-01 08:05:05,098 INFO Accepting from rank 7
2024-08-01 08:05:05,098 INFO Sending from rank 7
2024-08-01 08:05:05,098 INFO Accepting from rank 7
2024-08-01 08:05:05,098 INFO recv 6 -> 15 # 0 at 165136873, 0.556283 0.448600
2024-08-01 08:05:05,098 INFO Accepting from rank 7
2024-08-01 08:05:05,098 INFO sent 6 -> 15 # 0 at 133435794, 0.556283 0.448600
2024-08-01 08:05:05,099 INFO Accepting from rank 7
2024-08-01 08:05:05,099 INFO Accepting from rank 7
2024-08-01 08:05:05,141 INFO CHECKSUM 7 0 0: 1.585643
2024-08-01 08:05:05,140 INFO CHECKSUM 7 0 0: 1.585643
2024-08-01 08:05:05,162 INFO recv 7 -> 0 # 0 at 36275376, 0.363362 0.133476
2024-08-01 08:05:05,162 INFO sent 7 -> 0 # 0 at 14899647, 0.363362 0.133476
2024-08-01 08:05:05,236 INFO CHECKSUM 7 1 0: 1.585643
2024-08-01 08:05:05,235 INFO CHECKSUM 7 1 0: 1.585643
2024-08-01 08:05:05,251 INFO sent 7 -> 1 # 0 at 72723597, 0.363362 0.133476
2024-08-01 08:05:05,251 INFO recv 7 -> 1 # 0 at 88292777, 0.363362 0.133476
2024-08-01 08:05:05,279 INFO CHECKSUM 7 2 0: 1.585643
2024-08-01 08:05:05,285 INFO CHECKSUM 7 2 0: 1.585643
2024-08-01 08:05:05,303 INFO recv 7 -> 2 # 0 at 38922141, 0.363362 0.133476
2024-08-01 08:05:05,303 INFO sent 7 -> 2 # 0 at 14603203, 0.363362 0.133476
2024-08-01 08:05:05,324 INFO CHECKSUM 7 3 0: 1.585643
2024-08-01 08:05:05,324 INFO CHECKSUM 7 3 0: 1.585643
2024-08-01 08:05:05,339 INFO recv 7 -> 3 # 0 at 29500948, 0.363362 0.133476
2024-08-01 08:05:05,339 INFO sent 7 -> 3 # 0 at 14294775, 0.363362 0.133476
2024-08-01 08:05:05,364 INFO CHECKSUM 7 4 0: 1.585643
2024-08-01 08:05:05,363 INFO CHECKSUM 7 4 0: 1.585643
2024-08-01 08:05:05,393 INFO recv 7 -> 4 # 0 at 43964407, 0.363362 0.133476
2024-08-01 08:05:05,396 INFO sent 7 -> 4 # 0 at 14153010, 0.363362 0.133476
2024-08-01 08:05:05,515 INFO CHECKSUM 7 5 0: 1.585643
2024-08-01 08:05:05,516 INFO CHECKSUM 7 5 0: 1.585643
2024-08-01 08:05:05,530 INFO sent 7 -> 5 # 0 at 89397572, 0.363362 0.133476
2024-08-01 08:05:05,530 INFO recv 7 -> 5 # 0 at 104239838, 0.363362 0.133476
2024-08-01 08:05:05,557 INFO CHECKSUM 7 6 0: 1.585643
2024-08-01 08:05:05,557 INFO CHECKSUM 7 6 0: 1.585643
2024-08-01 08:05:05,570 INFO recv 7 -> 6 # 0 at 35988460, 0.363362 0.133476
2024-08-01 08:05:05,570 INFO sent 7 -> 6 # 0 at 23216155, 0.363362 0.133476
2024-08-01 08:05:05,735 INFO CHECKSUM 7 8 0: 1.585643
2024-08-01 08:05:05,736 INFO CHECKSUM 7 8 0: 1.585643
2024-08-01 08:05:05,755 INFO recv 7 -> 8 # 0 at 180829376, 0.363362 0.133476
2024-08-01 08:05:05,755 INFO sent 7 -> 8 # 0 at 161203942, 0.363362 0.133476
2024-08-01 08:05:05,941 INFO CHECKSUM 7 9 0: 1.585643
2024-08-01 08:05:05,942 INFO CHECKSUM 7 9 0: 1.585643
2024-08-01 08:05:05,961 INFO sent 7 -> 9 # 0 at 186449851, 0.363362 0.133476
2024-08-01 08:05:05,961 INFO recv 7 -> 9 # 0 at 206426399, 0.363362 0.133476
2024-08-01 08:05:06,150 INFO CHECKSUM 7 10 0: 1.585643
2024-08-01 08:05:06,160 INFO CHECKSUM 7 10 0: 1.585643
2024-08-01 08:05:06,170 INFO sent 7 -> 10 # 0 at 175890747, 0.363362 0.133476
2024-08-01 08:05:06,170 INFO recv 7 -> 10 # 0 at 195566215, 0.363362 0.133476
2024-08-01 08:05:06,363 INFO CHECKSUM 7 11 0: 1.585643
2024-08-01 08:05:06,364 INFO CHECKSUM 7 11 0: 1.585643
2024-08-01 08:05:06,382 INFO recv 7 -> 11 # 0 at 199750537, 0.363362 0.133476
2024-08-01 08:05:06,382 INFO sent 7 -> 11 # 0 at 181176822, 0.363362 0.133476
2024-08-01 08:05:06,539 INFO CHECKSUM 7 12 0: 1.585643
2024-08-01 08:05:06,539 INFO CHECKSUM 7 12 0: 1.585643
2024-08-01 08:05:06,556 INFO sent 7 -> 12 # 0 at 150246986, 0.363362 0.133476
2024-08-01 08:05:06,556 INFO recv 7 -> 12 # 0 at 167447756, 0.363362 0.133476
2024-08-01 08:05:06,743 INFO CHECKSUM 7 13 0: 1.585643
2024-08-01 08:05:06,743 INFO CHECKSUM 7 13 0: 1.585643
2024-08-01 08:05:06,752 INFO recv 7 -> 13 # 0 at 187156293, 0.363362 0.133476
2024-08-01 08:05:06,752 INFO sent 7 -> 13 # 0 at 177731705, 0.363362 0.133476
2024-08-01 08:05:06,941 INFO CHECKSUM 7 14 0: 1.585643
2024-08-01 08:05:06,942 INFO CHECKSUM 7 14 0: 1.585643
2024-08-01 08:05:06,955 INFO recv 7 -> 14 # 0 at 201445559, 0.363362 0.133476
2024-08-01 08:05:06,969 INFO sent 7 -> 14 # 0 at 187531097, 0.363362 0.133476
2024-08-01 08:05:07,159 INFO CHECKSUM 7 15 0: 1.585643
2024-08-01 08:05:07,160 INFO CHECKSUM 7 15 0: 1.585643
2024-08-01 08:05:07,175 INFO Accepting from rank 8
2024-08-01 08:05:07,175 INFO Sending from rank 8
2024-08-01 08:05:07,175 INFO Accepting from rank 8
2024-08-01 08:05:07,175 INFO Accepting from rank 8
2024-08-01 08:05:07,175 INFO Accepting from rank 8
2024-08-01 08:05:07,175 INFO Accepting from rank 8
2024-08-01 08:05:07,175 INFO Accepting from rank 8
2024-08-01 08:05:07,175 INFO Accepting from rank 8
2024-08-01 08:05:07,175 INFO Accepting from rank 8
2024-08-01 08:05:07,175 INFO Accepting from rank 8
2024-08-01 08:05:07,175 INFO Accepting from rank 8
2024-08-01 08:05:07,175 INFO Accepting from rank 8
2024-08-01 08:05:07,175 INFO recv 7 -> 15 # 0 at 188854960, 0.363362 0.133476
2024-08-01 08:05:07,175 INFO Accepting from rank 8
2024-08-01 08:05:07,175 INFO sent 7 -> 15 # 0 at 172850425, 0.363362 0.133476
2024-08-01 08:05:07,175 INFO Accepting from rank 8
2024-08-01 08:05:07,175 INFO Accepting from rank 8
2024-08-01 08:05:07,175 INFO Accepting from rank 8
2024-08-01 08:05:07,211 INFO CHECKSUM 8 0 0: 1.309603
2024-08-01 08:05:07,211 INFO CHECKSUM 8 0 0: 1.309603
2024-08-01 08:05:07,226 INFO recv 8 -> 0 # 0 at 29774275, 0.631469 0.270013
2024-08-01 08:05:07,226 INFO sent 8 -> 0 # 0 at 14603373, 0.631469 0.270013
2024-08-01 08:05:07,265 INFO CHECKSUM 8 1 0: 1.309603
2024-08-01 08:05:07,265 INFO CHECKSUM 8 1 0: 1.309603
2024-08-01 08:05:07,286 INFO sent 8 -> 1 # 0 at 22898934, 0.631469 0.270013
2024-08-01 08:05:07,286 INFO recv 8 -> 1 # 0 at 43370532, 0.631469 0.270013
2024-08-01 08:05:07,304 INFO CHECKSUM 8 2 0: 1.309603
2024-08-01 08:05:07,305 INFO CHECKSUM 8 2 0: 1.309603
2024-08-01 08:05:07,318 INFO recv 8 -> 2 # 0 at 28347091, 0.631469 0.270013
2024-08-01 08:05:07,318 INFO sent 8 -> 2 # 0 at 14376514, 0.631469 0.270013
2024-08-01 08:05:07,372 INFO CHECKSUM 8 3 0: 1.309603
2024-08-01 08:05:07,386 INFO sent 8 -> 3 # 0 at 38228989, 0.631469 0.270013
2024-08-01 08:05:07,372 INFO CHECKSUM 8 3 0: 1.309603
2024-08-01 08:05:07,386 INFO recv 8 -> 3 # 0 at 43967353, 0.631469 0.270013
2024-08-01 08:05:07,412 INFO CHECKSUM 8 4 0: 1.309603
2024-08-01 08:05:07,412 INFO CHECKSUM 8 4 0: 1.309603
2024-08-01 08:05:07,425 INFO sent 8 -> 4 # 0 at 14295137, 0.631469 0.270013
2024-08-01 08:05:07,425 INFO recv 8 -> 4 # 0 at 27772416, 0.631469 0.270013
2024-08-01 08:05:07,449 INFO CHECKSUM 8 5 0: 1.309603
2024-08-01 08:05:07,449 INFO CHECKSUM 8 5 0: 1.309603
2024-08-01 08:05:07,474 INFO sent 8 -> 5 # 0 at 14119508, 0.631469 0.270013
2024-08-01 08:05:07,481 INFO recv 8 -> 5 # 0 at 46348769, 0.631469 0.270013
2024-08-01 08:05:07,574 INFO CHECKSUM 8 6 0: 1.309603
2024-08-01 08:05:07,574 INFO CHECKSUM 8 6 0: 1.309603
2024-08-01 08:05:07,589 INFO sent 8 -> 6 # 0 at 83412910, 0.631469 0.270013
2024-08-01 08:05:07,589 INFO recv 8 -> 6 # 0 at 98599057, 0.631469 0.270013
2024-08-01 08:05:07,619 INFO CHECKSUM 8 7 0: 1.309603
2024-08-01 08:05:07,619 INFO CHECKSUM 8 7 0: 1.309603
2024-08-01 08:05:07,626 INFO sent 8 -> 7 # 0 at 21198148, 0.631469 0.270013
2024-08-01 08:05:07,626 INFO recv 8 -> 7 # 0 at 28463346, 0.631469 0.270013
2024-08-01 08:05:07,822 INFO CHECKSUM 8 9 0: 1.309603
2024-08-01 08:05:07,822 INFO CHECKSUM 8 9 0: 1.309603
2024-08-01 08:05:07,835 INFO sent 8 -> 9 # 0 at 183761367, 0.631469 0.270013
2024-08-01 08:05:07,835 INFO recv 8 -> 9 # 0 at 196846438, 0.631469 0.270013
2024-08-01 08:05:08,034 INFO CHECKSUM 8 10 0: 1.309603
2024-08-01 08:05:08,035 INFO CHECKSUM 8 10 0: 1.309603
2024-08-01 08:05:08,050 INFO sent 8 -> 10 # 0 at 188824987, 0.631469 0.270013
2024-08-01 08:05:08,050 INFO recv 8 -> 10 # 0 at 205184461, 0.631469 0.270013
2024-08-01 08:05:08,246 INFO CHECKSUM 8 11 0: 1.309603
2024-08-01 08:05:08,246 INFO CHECKSUM 8 11 0: 1.309603
2024-08-01 08:05:08,261 INFO sent 8 -> 11 # 0 at 188937154, 0.631469 0.270013
2024-08-01 08:05:08,261 INFO recv 8 -> 11 # 0 at 204415906, 0.631469 0.270013
2024-08-01 08:05:08,493 INFO CHECKSUM 8 12 0: 1.309603
2024-08-01 08:05:08,494 INFO CHECKSUM 8 12 0: 1.309603
2024-08-01 08:05:08,507 INFO sent 8 -> 12 # 0 at 215338811, 0.631469 0.270013
2024-08-01 08:05:08,507 INFO recv 8 -> 12 # 0 at 229692801, 0.631469 0.270013
2024-08-01 08:05:08,685 INFO CHECKSUM 8 13 0: 1.309603
2024-08-01 08:05:08,695 INFO CHECKSUM 8 13 0: 1.309603
2024-08-01 08:05:08,709 INFO sent 8 -> 13 # 0 at 163788806, 0.631469 0.270013
2024-08-01 08:05:08,709 INFO recv 8 -> 13 # 0 at 187972531, 0.631469 0.270013
2024-08-01 08:05:08,828 INFO CHECKSUM 8 14 0: 1.309603
2024-08-01 08:05:08,829 INFO CHECKSUM 8 14 0: 1.309603
2024-08-01 08:05:08,839 INFO sent 8 -> 14 # 0 at 118720128, 0.631469 0.270013
2024-08-01 08:05:08,839 INFO recv 8 -> 14 # 0 at 129622165, 0.631469 0.270013
2024-08-01 08:05:09,022 INFO CHECKSUM 8 15 0: 1.309603
2024-08-01 08:05:09,023 INFO CHECKSUM 8 15 0: 1.309603
2024-08-01 08:05:09,037 INFO Accepting from rank 9
2024-08-01 08:05:09,037 INFO sent 8 -> 15 # 0 at 164669125, 0.631469 0.270013
2024-08-01 08:05:09,037 INFO Accepting from rank 9
2024-08-01 08:05:09,037 INFO Accepting from rank 9
2024-08-01 08:05:09,037 INFO Accepting from rank 9
2024-08-01 08:05:09,037 INFO Sending from rank 9
2024-08-01 08:05:09,037 INFO Accepting from rank 9
2024-08-01 08:05:09,037 INFO Accepting from rank 9
2024-08-01 08:05:09,037 INFO Accepting from rank 9
2024-08-01 08:05:09,037 INFO Accepting from rank 9
2024-08-01 08:05:09,037 INFO Accepting from rank 9
2024-08-01 08:05:09,037 INFO Accepting from rank 9
2024-08-01 08:05:09,037 INFO recv 8 -> 15 # 0 at 179111351, 0.631469 0.270013
2024-08-01 08:05:09,037 INFO Accepting from rank 9
2024-08-01 08:05:09,037 INFO Accepting from rank 9
2024-08-01 08:05:09,037 INFO Accepting from rank 9
2024-08-01 08:05:09,037 INFO Accepting from rank 9
2024-08-01 08:05:09,037 INFO Accepting from rank 9
2024-08-01 08:05:09,147 INFO CHECKSUM 9 0 0: 1.116108
2024-08-01 08:05:09,147 INFO CHECKSUM 9 0 0: 1.116108
2024-08-01 08:05:09,162 INFO recv 9 -> 0 # 0 at 97731034, 0.111994 0.131240
2024-08-01 08:05:09,162 INFO sent 9 -> 0 # 0 at 81963261, 0.111994 0.131240
2024-08-01 08:05:09,194 INFO CHECKSUM 9 1 0: 1.116108
2024-08-01 08:05:09,201 INFO CHECKSUM 9 1 0: 1.116108
2024-08-01 08:05:09,226 INFO sent 9 -> 1 # 0 at 16095655, 0.111994 0.131240
2024-08-01 08:05:09,230 INFO recv 9 -> 1 # 0 at 50069624, 0.111994 0.131240
2024-08-01 08:05:09,245 INFO CHECKSUM 9 2 0: 1.116108
2024-08-01 08:05:09,245 INFO CHECKSUM 9 2 0: 1.116108
2024-08-01 08:05:09,257 INFO sent 9 -> 2 # 0 at 14037911, 0.111994 0.131240
2024-08-01 08:05:09,257 INFO recv 9 -> 2 # 0 at 26767845, 0.111994 0.131240
2024-08-01 08:05:09,355 INFO CHECKSUM 9 3 0: 1.116108
2024-08-01 08:05:09,355 INFO CHECKSUM 9 3 0: 1.116108
2024-08-01 08:05:09,382 INFO recv 9 -> 3 # 0 at 112000861, 0.111994 0.131240
2024-08-01 08:05:09,382 INFO sent 9 -> 3 # 0 at 88523220, 0.111994 0.131240
2024-08-01 08:05:09,400 INFO CHECKSUM 9 4 0: 1.116108
2024-08-01 08:05:09,400 INFO CHECKSUM 9 4 0: 1.116108
2024-08-01 08:05:09,412 INFO sent 9 -> 4 # 0 at 14186728, 0.111994 0.131240
2024-08-01 08:05:09,413 INFO recv 9 -> 4 # 0 at 27232290, 0.111994 0.131240
2024-08-01 08:05:09,436 INFO CHECKSUM 9 5 0: 1.116108
2024-08-01 08:05:09,437 INFO CHECKSUM 9 5 0: 1.116108
2024-08-01 08:05:09,450 INFO recv 9 -> 5 # 0 at 27986452, 0.111994 0.131240
2024-08-01 08:05:09,466 INFO sent 9 -> 5 # 0 at 13594745, 0.111994 0.131240
2024-08-01 08:05:09,548 INFO CHECKSUM 9 6 0: 1.116108
2024-08-01 08:05:09,548 INFO CHECKSUM 9 6 0: 1.116108
2024-08-01 08:05:09,577 INFO sent 9 -> 6 # 0 at 81922442, 0.111994 0.131240
2024-08-01 08:05:09,578 INFO recv 9 -> 6 # 0 at 112619260, 0.111994 0.131240
2024-08-01 08:05:09,624 INFO CHECKSUM 9 7 0: 1.116108
2024-08-01 08:05:09,625 INFO CHECKSUM 9 7 0: 1.116108
2024-08-01 08:05:09,654 INFO recv 9 -> 7 # 0 at 44391987, 0.111994 0.131240
2024-08-01 08:05:09,661 INFO sent 9 -> 7 # 0 at 13797918, 0.111994 0.131240
2024-08-01 08:05:09,683 INFO CHECKSUM 9 8 0: 1.116108
2024-08-01 08:05:09,684 INFO CHECKSUM 9 8 0: 1.116108
2024-08-01 08:05:09,699 INFO recv 9 -> 8 # 0 at 30005178, 0.111994 0.131240
2024-08-01 08:05:09,699 INFO sent 9 -> 8 # 0 at 14151359, 0.111994 0.131240
2024-08-01 08:05:09,883 INFO CHECKSUM 9 10 0: 1.116108
2024-08-01 08:05:09,884 INFO CHECKSUM 9 10 0: 1.116108
2024-08-01 08:05:09,897 INFO sent 9 -> 10 # 0 at 181794761, 0.111994 0.131240
2024-08-01 08:05:09,897 INFO recv 9 -> 10 # 0 at 195990525, 0.111994 0.131240
2024-08-01 08:05:10,090 INFO CHECKSUM 9 11 0: 1.116108
2024-08-01 08:05:10,092 INFO CHECKSUM 9 11 0: 1.116108
2024-08-01 08:05:10,106 INFO sent 9 -> 11 # 0 at 182226313, 0.111994 0.131240
2024-08-01 08:05:10,106 INFO recv 9 -> 11 # 0 at 198247444, 0.111994 0.131240
2024-08-01 08:05:10,338 INFO CHECKSUM 9 12 0: 1.116108
2024-08-01 08:05:10,339 INFO CHECKSUM 9 12 0: 1.116108
2024-08-01 08:05:10,351 INFO recv 9 -> 12 # 0 at 233769291, 0.111994 0.131240
2024-08-01 08:05:10,355 INFO sent 9 -> 12 # 0 at 220808795, 0.111994 0.131240
2024-08-01 08:05:10,536 INFO CHECKSUM 9 13 0: 1.116108
2024-08-01 08:05:10,543 INFO CHECKSUM 9 13 0: 1.116108
2024-08-01 08:05:10,578 INFO sent 9 -> 13 # 0 at 160934754, 0.111994 0.131240
2024-08-01 08:05:10,582 INFO recv 9 -> 13 # 0 at 207080005, 0.111994 0.131240
2024-08-01 08:05:10,746 INFO CHECKSUM 9 14 0: 1.116108
2024-08-01 08:05:10,747 INFO CHECKSUM 9 14 0: 1.116108
2024-08-01 08:05:10,762 INFO recv 9 -> 14 # 0 at 172290309, 0.111994 0.131240
2024-08-01 08:05:10,762 INFO sent 9 -> 14 # 0 at 156938306, 0.111994 0.131240
2024-08-01 08:05:10,931 INFO CHECKSUM 9 15 0: 1.116108
2024-08-01 08:05:10,931 INFO CHECKSUM 9 15 0: 1.116108
2024-08-01 08:05:10,951 INFO Accepting from rank 10
2024-08-01 08:05:10,951 INFO Accepting from rank 10
2024-08-01 08:05:10,951 INFO Accepting from rank 10
2024-08-01 08:05:10,951 INFO Accepting from rank 10
2024-08-01 08:05:10,951 INFO Accepting from rank 10
2024-08-01 08:05:10,951 INFO Accepting from rank 10
2024-08-01 08:05:10,951 INFO Sending from rank 10
2024-08-01 08:05:10,951 INFO Accepting from rank 10
2024-08-01 08:05:10,952 INFO Accepting from rank 10
2024-08-01 08:05:10,953 INFO Accepting from rank 10
2024-08-01 08:05:10,951 INFO Accepting from rank 10
2024-08-01 08:05:10,951 INFO Accepting from rank 10
2024-08-01 08:05:10,952 INFO Accepting from rank 10
2024-08-01 08:05:10,953 INFO recv 9 -> 15 # 0 at 188492809, 0.111994 0.131240
2024-08-01 08:05:10,951 INFO sent 9 -> 15 # 0 at 165721779, 0.111994 0.131240
2024-08-01 08:05:10,951 INFO Accepting from rank 10
2024-08-01 08:05:10,953 INFO Accepting from rank 10
2024-08-01 08:05:10,951 INFO Accepting from rank 10
2024-08-01 08:05:11,055 INFO CHECKSUM 10 0 0: 2.259097
2024-08-01 08:05:11,066 INFO sent 10 -> 0 # 0 at 74036112, 0.946668 0.876701
2024-08-01 08:05:11,056 INFO CHECKSUM 10 0 0: 2.259097
2024-08-01 08:05:11,066 INFO recv 10 -> 0 # 0 at 84487838, 0.946668 0.876701
2024-08-01 08:05:11,081 INFO CHECKSUM 10 1 0: 2.259097
2024-08-01 08:05:11,081 INFO CHECKSUM 10 1 0: 2.259097
2024-08-01 08:05:11,103 INFO recv 10 -> 1 # 0 at 37205610, 0.946668 0.876701
2024-08-01 08:05:11,103 INFO sent 10 -> 1 # 0 at 14359833, 0.946668 0.876701
2024-08-01 08:05:11,187 INFO CHECKSUM 10 2 0: 2.259097
2024-08-01 08:05:11,188 INFO CHECKSUM 10 2 0: 2.259097
2024-08-01 08:05:11,205 INFO sent 10 -> 2 # 0 at 73762704, 0.946668 0.876701
2024-08-01 08:05:11,210 INFO recv 10 -> 2 # 0 at 97090679, 0.946668 0.876701
2024-08-01 08:05:11,255 INFO CHECKSUM 10 3 0: 2.259097
2024-08-01 08:05:11,256 INFO CHECKSUM 10 3 0: 2.259097
2024-08-01 08:05:11,269 INFO sent 10 -> 3 # 0 at 29869996, 0.946668 0.876701
2024-08-01 08:05:11,269 INFO recv 10 -> 3 # 0 at 43870567, 0.946668 0.876701
2024-08-01 08:05:11,291 INFO CHECKSUM 10 4 0: 2.259097
2024-08-01 08:05:11,291 INFO CHECKSUM 10 4 0: 2.259097
2024-08-01 08:05:11,297 INFO sent 10 -> 4 # 0 at 21134496, 0.946668 0.876701
2024-08-01 08:05:11,297 INFO recv 10 -> 4 # 0 at 27690016, 0.946668 0.876701
2024-08-01 08:05:11,331 INFO CHECKSUM 10 5 0: 2.259097
2024-08-01 08:05:11,327 INFO CHECKSUM 10 5 0: 2.259097
2024-08-01 08:05:11,354 INFO sent 10 -> 5 # 0 at 20187627, 0.946668 0.876701
2024-08-01 08:05:11,354 INFO recv 10 -> 5 # 0 at 46970935, 0.946668 0.876701
2024-08-01 08:05:11,380 INFO CHECKSUM 10 6 0: 2.259097
2024-08-01 08:05:11,380 INFO CHECKSUM 10 6 0: 2.259097
2024-08-01 08:05:11,398 INFO recv 10 -> 6 # 0 at 32636223, 0.946668 0.876701
2024-08-01 08:05:11,398 INFO sent 10 -> 6 # 0 at 14639593, 0.946668 0.876701
2024-08-01 08:05:11,412 INFO CHECKSUM 10 7 0: 2.259097
2024-08-01 08:05:11,413 INFO CHECKSUM 10 7 0: 2.259097
2024-08-01 08:05:11,433 INFO sent 10 -> 7 # 0 at 13787067, 0.946668 0.876701
2024-08-01 08:05:11,433 INFO recv 10 -> 7 # 0 at 34758456, 0.946668 0.876701
2024-08-01 08:05:11,456 INFO CHECKSUM 10 8 0: 2.259097
2024-08-01 08:05:11,455 INFO CHECKSUM 10 8 0: 2.259097
2024-08-01 08:05:11,467 INFO recv 10 -> 8 # 0 at 24936097, 0.946668 0.876701
2024-08-01 08:05:11,467 INFO sent 10 -> 8 # 0 at 13749814, 0.946668 0.876701
2024-08-01 08:05:11,493 INFO CHECKSUM 10 9 0: 2.259097
2024-08-01 08:05:11,493 INFO CHECKSUM 10 9 0: 2.259097
2024-08-01 08:05:11,525 INFO sent 10 -> 9 # 0 at 13902028, 0.946668 0.876701
2024-08-01 08:05:11,525 INFO recv 10 -> 9 # 0 at 46010076, 0.946668 0.876701
2024-08-01 08:05:11,742 INFO CHECKSUM 10 11 0: 2.259097
2024-08-01 08:05:11,743 INFO CHECKSUM 10 11 0: 2.259097
2024-08-01 08:05:11,773 INFO sent 10 -> 11 # 0 at 197708733, 0.946668 0.876701
2024-08-01 08:05:11,773 INFO recv 10 -> 11 # 0 at 228286628, 0.946668 0.876701
2024-08-01 08:05:11,950 INFO CHECKSUM 10 12 0: 2.259097
2024-08-01 08:05:11,960 INFO CHECKSUM 10 12 0: 2.259097
2024-08-01 08:05:11,974 INFO recv 10 -> 12 # 0 at 199431130, 0.946668 0.876701
2024-08-01 08:05:11,974 INFO sent 10 -> 12 # 0 at 174536132, 0.946668 0.876701
2024-08-01 08:05:12,183 INFO CHECKSUM 10 13 0: 2.259097
2024-08-01 08:05:12,183 INFO CHECKSUM 10 13 0: 2.259097
2024-08-01 08:05:12,200 INFO recv 10 -> 13 # 0 at 202511321, 0.946668 0.876701
2024-08-01 08:05:12,200 INFO sent 10 -> 13 # 0 at 193621670, 0.946668 0.876701
2024-08-01 08:05:12,420 INFO CHECKSUM 10 14 0: 2.259097
2024-08-01 08:05:12,420 INFO CHECKSUM 10 14 0: 2.259097
2024-08-01 08:05:12,430 INFO recv 10 -> 14 # 0 at 216012363, 0.946668 0.876701
2024-08-01 08:05:12,430 INFO sent 10 -> 14 # 0 at 206048270, 0.946668 0.876701
2024-08-01 08:05:12,603 INFO CHECKSUM 10 15 0: 2.259097
2024-08-01 08:05:12,603 INFO CHECKSUM 10 15 0: 2.259097
2024-08-01 08:05:12,618 INFO Accepting from rank 11
2024-08-01 08:05:12,618 INFO Accepting from rank 11
2024-08-01 08:05:12,618 INFO Accepting from rank 11
2024-08-01 08:05:12,618 INFO Accepting from rank 11
2024-08-01 08:05:12,618 INFO Accepting from rank 11
2024-08-01 08:05:12,618 INFO Accepting from rank 11
2024-08-01 08:05:12,618 INFO Accepting from rank 11
2024-08-01 08:05:12,618 INFO Accepting from rank 11
2024-08-01 08:05:12,618 INFO Accepting from rank 11
2024-08-01 08:05:12,618 INFO Accepting from rank 11
2024-08-01 08:05:12,618 INFO Accepting from rank 11
2024-08-01 08:05:12,618 INFO Sending from rank 11
2024-08-01 08:05:12,618 INFO Accepting from rank 11
2024-08-01 08:05:12,618 INFO recv 10 -> 15 # 0 at 176844724, 0.946668 0.876701
2024-08-01 08:05:12,618 INFO sent 10 -> 15 # 0 at 161096326, 0.946668 0.876701
2024-08-01 08:05:12,618 INFO Accepting from rank 11
2024-08-01 08:05:12,619 INFO Accepting from rank 11
2024-08-01 08:05:12,619 INFO Accepting from rank 11
2024-08-01 08:05:12,732 INFO CHECKSUM 11 0 0: 0.995073
2024-08-01 08:05:12,732 INFO CHECKSUM 11 0 0: 0.995073
2024-08-01 08:05:12,741 INFO recv 11 -> 0 # 0 at 95998111, 0.761073 0.196693
2024-08-01 08:05:12,741 INFO sent 11 -> 0 # 0 at 86228738, 0.761073 0.196693
2024-08-01 08:05:12,761 INFO CHECKSUM 11 1 0: 0.995073
2024-08-01 08:05:12,761 INFO CHECKSUM 11 1 0: 0.995073
2024-08-01 08:05:12,777 INFO recv 11 -> 1 # 0 at 33938758, 0.761073 0.196693
2024-08-01 08:05:12,777 INFO sent 11 -> 1 # 0 at 17239143, 0.761073 0.196693
2024-08-01 08:05:12,806 INFO CHECKSUM 11 2 0: 0.995073
2024-08-01 08:05:12,806 INFO CHECKSUM 11 2 0: 0.995073
2024-08-01 08:05:12,826 INFO recv 11 -> 2 # 0 at 39620789, 0.761073 0.196693
2024-08-01 08:05:12,835 INFO sent 11 -> 2 # 0 at 27959136, 0.761073 0.196693
2024-08-01 08:05:12,849 INFO CHECKSUM 11 3 0: 0.995073
2024-08-01 08:05:12,859 INFO CHECKSUM 11 3 0: 0.995073
2024-08-01 08:05:12,869 INFO recv 11 -> 3 # 0 at 34650501, 0.761073 0.196693
2024-08-01 08:05:12,869 INFO sent 11 -> 3 # 0 at 14025977, 0.761073 0.196693
2024-08-01 08:05:12,887 INFO CHECKSUM 11 4 0: 0.995073
2024-08-01 08:05:12,902 INFO sent 11 -> 4 # 0 at 14434697, 0.761073 0.196693
2024-08-01 08:05:12,888 INFO CHECKSUM 11 4 0: 0.995073
2024-08-01 08:05:12,902 INFO recv 11 -> 4 # 0 at 29517508, 0.761073 0.196693
2024-08-01 08:05:12,921 INFO CHECKSUM 11 5 0: 0.995073
2024-08-01 08:05:12,921 INFO CHECKSUM 11 5 0: 0.995073
2024-08-01 08:05:12,933 INFO sent 11 -> 5 # 0 at 14435678, 0.761073 0.196693
2024-08-01 08:05:12,933 INFO recv 11 -> 5 # 0 at 26223053, 0.761073 0.196693
2024-08-01 08:05:13,006 INFO CHECKSUM 11 6 0: 0.995073
2024-08-01 08:05:13,007 INFO CHECKSUM 11 6 0: 0.995073
2024-08-01 08:05:13,017 INFO sent 11 -> 6 # 0 at 69732851, 0.761073 0.196693
2024-08-01 08:05:13,017 INFO recv 11 -> 6 # 0 at 80400135, 0.761073 0.196693
2024-08-01 08:05:13,031 INFO CHECKSUM 11 7 0: 0.995073
2024-08-01 08:05:13,032 INFO CHECKSUM 11 7 0: 0.995073
2024-08-01 08:05:13,039 INFO sent 11 -> 7 # 0 at 13944260, 0.761073 0.196693
2024-08-01 08:05:13,039 INFO recv 11 -> 7 # 0 at 21919552, 0.761073 0.196693
2024-08-01 08:05:13,064 INFO CHECKSUM 11 8 0: 0.995073
2024-08-01 08:05:13,064 INFO CHECKSUM 11 8 0: 0.995073
2024-08-01 08:05:13,081 INFO recv 11 -> 8 # 0 at 30830270, 0.761073 0.196693
2024-08-01 08:05:13,089 INFO sent 11 -> 8 # 0 at 13579996, 0.761073 0.196693
2024-08-01 08:05:13,111 INFO CHECKSUM 11 9 0: 0.995073
2024-08-01 08:05:13,112 INFO CHECKSUM 11 9 0: 0.995073
2024-08-01 08:05:13,123 INFO recv 11 -> 9 # 0 at 25434480, 0.761073 0.196693
2024-08-01 08:05:13,123 INFO sent 11 -> 9 # 0 at 14151700, 0.761073 0.196693
2024-08-01 08:05:13,168 INFO CHECKSUM 11 10 0: 0.995073
2024-08-01 08:05:13,168 INFO CHECKSUM 11 10 0: 0.995073
2024-08-01 08:05:13,185 INFO recv 11 -> 10 # 0 at 48116554, 0.761073 0.196693
2024-08-01 08:05:13,185 INFO sent 11 -> 10 # 0 at 30933018, 0.761073 0.196693
2024-08-01 08:05:13,412 INFO CHECKSUM 11 12 0: 0.995073
2024-08-01 08:05:13,412 INFO CHECKSUM 11 12 0: 0.995073
2024-08-01 08:05:13,429 INFO recv 11 -> 12 # 0 at 227993342, 0.761073 0.196693
2024-08-01 08:05:13,433 INFO sent 11 -> 12 # 0 at 210978190, 0.761073 0.196693
2024-08-01 08:05:13,662 INFO CHECKSUM 11 13 0: 0.995073
2024-08-01 08:05:13,662 INFO CHECKSUM 11 13 0: 0.995073
2024-08-01 08:05:13,693 INFO recv 11 -> 13 # 0 at 243316240, 0.761073 0.196693
2024-08-01 08:05:13,694 INFO sent 11 -> 13 # 0 at 212189269, 0.761073 0.196693
2024-08-01 08:05:13,935 INFO CHECKSUM 11 14 0: 0.995073
2024-08-01 08:05:13,936 INFO CHECKSUM 11 14 0: 0.995073
2024-08-01 08:05:13,948 INFO recv 11 -> 14 # 0 at 239813811, 0.761073 0.196693
2024-08-01 08:05:13,947 INFO sent 11 -> 14 # 0 at 226929446, 0.761073 0.196693
2024-08-01 08:05:14,191 INFO CHECKSUM 11 15 0: 0.995073
2024-08-01 08:05:14,192 INFO CHECKSUM 11 15 0: 0.995073
2024-08-01 08:05:14,203 INFO Sending from rank 12
2024-08-01 08:05:14,203 INFO Accepting from rank 12
2024-08-01 08:05:14,203 INFO Accepting from rank 12
2024-08-01 08:05:14,203 INFO Accepting from rank 12
2024-08-01 08:05:14,203 INFO Accepting from rank 12
2024-08-01 08:05:14,203 INFO Accepting from rank 12
2024-08-01 08:05:14,203 INFO Accepting from rank 12
2024-08-01 08:05:14,203 INFO Accepting from rank 12
2024-08-01 08:05:14,203 INFO Accepting from rank 12
2024-08-01 08:05:14,203 INFO Accepting from rank 12
2024-08-01 08:05:14,203 INFO Accepting from rank 12
2024-08-01 08:05:14,203 INFO Accepting from rank 12
2024-08-01 08:05:14,203 INFO recv 11 -> 15 # 0 at 228123985, 0.761073 0.196693
2024-08-01 08:05:14,203 INFO sent 11 -> 15 # 0 at 215985420, 0.761073 0.196693
2024-08-01 08:05:14,203 INFO Accepting from rank 12
2024-08-01 08:05:14,203 INFO Accepting from rank 12
2024-08-01 08:05:14,203 INFO Accepting from rank 12
2024-08-01 08:05:14,203 INFO Accepting from rank 12
2024-08-01 08:05:14,247 INFO CHECKSUM 12 0 0: 2.010728
2024-08-01 08:05:14,247 INFO CHECKSUM 12 0 0: 2.010728
2024-08-01 08:05:14,255 INFO sent 12 -> 0 # 0 at 14317041, 0.645446 0.150458
2024-08-01 08:05:14,255 INFO recv 12 -> 0 # 0 at 22181429, 0.645446 0.150458
2024-08-01 08:05:14,280 INFO CHECKSUM 12 1 0: 2.010728
2024-08-01 08:05:14,297 INFO sent 12 -> 1 # 0 at 14341789, 0.645446 0.150458
2024-08-01 08:05:14,289 INFO CHECKSUM 12 1 0: 2.010728
2024-08-01 08:05:14,297 INFO recv 12 -> 1 # 0 at 31311090, 0.645446 0.150458
2024-08-01 08:05:14,324 INFO CHECKSUM 12 2 0: 2.010728
2024-08-01 08:05:14,325 INFO CHECKSUM 12 2 0: 2.010728
2024-08-01 08:05:14,346 INFO recv 12 -> 2 # 0 at 35993402, 0.645446 0.150458
2024-08-01 08:05:14,346 INFO sent 12 -> 2 # 0 at 14153134, 0.645446 0.150458
2024-08-01 08:05:14,380 INFO CHECKSUM 12 3 0: 2.010728
2024-08-01 08:05:14,380 INFO CHECKSUM 12 3 0: 2.010728
2024-08-01 08:05:14,398 INFO sent 12 -> 3 # 0 at 14400672, 0.645446 0.150458
2024-08-01 08:05:14,398 INFO recv 12 -> 3 # 0 at 32445207, 0.645446 0.150458
2024-08-01 08:05:14,424 INFO CHECKSUM 12 4 0: 2.010728
2024-08-01 08:05:14,424 INFO CHECKSUM 12 4 0: 2.010728
2024-08-01 08:05:14,437 INFO sent 12 -> 4 # 0 at 14426212, 0.645446 0.150458
2024-08-01 08:05:14,437 INFO recv 12 -> 4 # 0 at 28208511, 0.645446 0.150458
2024-08-01 08:05:14,463 INFO CHECKSUM 12 5 0: 2.010728
2024-08-01 08:05:14,463 INFO CHECKSUM 12 5 0: 2.010728
2024-08-01 08:05:14,474 INFO sent 12 -> 5 # 0 at 21948691, 0.645446 0.150458
2024-08-01 08:05:14,474 INFO recv 12 -> 5 # 0 at 33101455, 0.645446 0.150458
2024-08-01 08:05:14,547 INFO CHECKSUM 12 6 0: 2.010728
2024-08-01 08:05:14,558 INFO sent 12 -> 6 # 0 at 69716607, 0.645446 0.150458
2024-08-01 08:05:14,548 INFO CHECKSUM 12 6 0: 2.010728
2024-08-01 08:05:14,558 INFO recv 12 -> 6 # 0 at 80511290, 0.645446 0.150458
2024-08-01 08:05:14,577 INFO CHECKSUM 12 7 0: 2.010728
2024-08-01 08:05:14,585 INFO CHECKSUM 12 7 0: 2.010728
2024-08-01 08:05:14,606 INFO sent 12 -> 7 # 0 at 14042609, 0.645446 0.150458
2024-08-01 08:05:14,606 INFO recv 12 -> 7 # 0 at 42978988, 0.645446 0.150458
2024-08-01 08:05:14,695 INFO CHECKSUM 12 8 0: 2.010728
2024-08-01 08:05:14,696 INFO CHECKSUM 12 8 0: 2.010728
2024-08-01 08:05:14,705 INFO sent 12 -> 8 # 0 at 84845649, 0.645446 0.150458
2024-08-01 08:05:14,705 INFO recv 12 -> 8 # 0 at 94814540, 0.645446 0.150458
2024-08-01 08:05:14,740 INFO CHECKSUM 12 9 0: 2.010728
2024-08-01 08:05:14,741 INFO CHECKSUM 12 9 0: 2.010728
2024-08-01 08:05:14,761 INFO sent 12 -> 9 # 0 at 13882540, 0.645446 0.150458
2024-08-01 08:05:14,761 INFO recv 12 -> 9 # 0 at 35247292, 0.645446 0.150458
2024-08-01 08:05:14,861 INFO CHECKSUM 12 10 0: 2.010728
2024-08-01 08:05:14,861 INFO CHECKSUM 12 10 0: 2.010728
2024-08-01 08:05:14,874 INFO sent 12 -> 10 # 0 at 83620508, 0.645446 0.150458
2024-08-01 08:05:14,874 INFO recv 12 -> 10 # 0 at 96292575, 0.645446 0.150458
2024-08-01 08:05:14,976 INFO CHECKSUM 12 11 0: 2.010728
2024-08-01 08:05:14,984 INFO CHECKSUM 12 11 0: 2.010728
2024-08-01 08:05:14,999 INFO sent 12 -> 11 # 0 at 85293396, 0.645446 0.150458
2024-08-01 08:05:14,999 INFO recv 12 -> 11 # 0 at 106034999, 0.645446 0.150458
2024-08-01 08:05:15,200 INFO CHECKSUM 12 13 0: 2.010728
2024-08-01 08:05:15,211 INFO CHECKSUM 12 13 0: 2.010728
2024-08-01 08:05:15,225 INFO sent 12 -> 13 # 0 at 192264779, 0.645446 0.150458
2024-08-01 08:05:15,225 INFO recv 12 -> 13 # 0 at 217878013, 0.645446 0.150458
2024-08-01 08:05:15,413 INFO CHECKSUM 12 14 0: 2.010728
2024-08-01 08:05:15,413 INFO CHECKSUM 12 14 0: 2.010728
2024-08-01 08:05:15,427 INFO sent 12 -> 14 # 0 at 175316296, 0.645446 0.150458
2024-08-01 08:05:15,427 INFO recv 12 -> 14 # 0 at 189754831, 0.645446 0.150458
2024-08-01 08:05:15,657 INFO CHECKSUM 12 15 0: 2.010728
2024-08-01 08:05:15,656 INFO CHECKSUM 12 15 0: 2.010728
2024-08-01 08:05:15,674 INFO Accepting from rank 13
2024-08-01 08:05:15,674 INFO Accepting from rank 13
2024-08-01 08:05:15,674 INFO Accepting from rank 13
2024-08-01 08:05:15,674 INFO Accepting from rank 13
2024-08-01 08:05:15,674 INFO sent 12 -> 15 # 0 at 210129757, 0.645446 0.150458
2024-08-01 08:05:15,674 INFO Accepting from rank 13
2024-08-01 08:05:15,674 INFO Accepting from rank 13
2024-08-01 08:05:15,674 INFO Accepting from rank 13
2024-08-01 08:05:15,674 INFO Accepting from rank 13
2024-08-01 08:05:15,674 INFO Sending from rank 13
2024-08-01 08:05:15,674 INFO Accepting from rank 13
2024-08-01 08:05:15,674 INFO Accepting from rank 13
2024-08-01 08:05:15,674 INFO Accepting from rank 13
2024-08-01 08:05:15,674 INFO Accepting from rank 13
2024-08-01 08:05:15,674 INFO Accepting from rank 13
2024-08-01 08:05:15,674 INFO Accepting from rank 13
2024-08-01 08:05:15,674 INFO recv 12 -> 15 # 0 at 228240150, 0.645446 0.150458
2024-08-01 08:05:15,674 INFO Accepting from rank 13
2024-08-01 08:05:15,708 INFO CHECKSUM 13 0 0: 1.548655
2024-08-01 08:05:15,709 INFO CHECKSUM 13 0 0: 1.548655
2024-08-01 08:05:15,719 INFO recv 13 -> 0 # 0 at 24881327, 0.988393 0.698101
2024-08-01 08:05:15,721 INFO sent 13 -> 0 # 0 at 13749993, 0.988393 0.698101
2024-08-01 08:05:15,761 INFO CHECKSUM 13 1 0: 1.548655
2024-08-01 08:05:15,781 INFO sent 13 -> 1 # 0 at 14468404, 0.988393 0.698101
2024-08-01 08:05:15,771 INFO CHECKSUM 13 1 0: 1.548655
2024-08-01 08:05:15,781 INFO recv 13 -> 1 # 0 at 34740655, 0.988393 0.698101
2024-08-01 08:05:15,860 INFO CHECKSUM 13 2 0: 1.548655
2024-08-01 08:05:15,860 INFO CHECKSUM 13 2 0: 1.548655
2024-08-01 08:05:15,877 INFO recv 13 -> 2 # 0 at 91970682, 0.988393 0.698101
2024-08-01 08:05:15,877 INFO sent 13 -> 2 # 0 at 74470358, 0.988393 0.698101
2024-08-01 08:05:15,904 INFO CHECKSUM 13 3 0: 1.548655
2024-08-01 08:05:15,904 INFO CHECKSUM 13 3 0: 1.548655
2024-08-01 08:05:15,914 INFO sent 13 -> 3 # 0 at 21095531, 0.988393 0.698101
2024-08-01 08:05:15,930 INFO recv 13 -> 3 # 0 at 39996865, 0.988393 0.698101
2024-08-01 08:05:15,959 INFO CHECKSUM 13 4 0: 1.548655
2024-08-01 08:05:15,968 INFO sent 13 -> 4 # 0 at 17296227, 0.988393 0.698101
2024-08-01 08:05:15,959 INFO CHECKSUM 13 4 0: 1.548655
2024-08-01 08:05:15,968 INFO recv 13 -> 4 # 0 at 31739414, 0.988393 0.698101
2024-08-01 08:05:15,992 INFO CHECKSUM 13 5 0: 1.548655
2024-08-01 08:05:15,992 INFO CHECKSUM 13 5 0: 1.548655
2024-08-01 08:05:16,002 INFO sent 13 -> 5 # 0 at 14693048, 0.988393 0.698101
2024-08-01 08:05:16,002 INFO recv 13 -> 5 # 0 at 24973952, 0.988393 0.698101
2024-08-01 08:05:16,021 INFO CHECKSUM 13 6 0: 1.548655
2024-08-01 08:05:16,022 INFO CHECKSUM 13 6 0: 1.548655
2024-08-01 08:05:16,041 INFO recv 13 -> 6 # 0 at 33973263, 0.988393 0.698101
2024-08-01 08:05:16,042 INFO sent 13 -> 6 # 0 at 14101384, 0.988393 0.698101
2024-08-01 08:05:16,079 INFO CHECKSUM 13 7 0: 1.548655
2024-08-01 08:05:16,080 INFO CHECKSUM 13 7 0: 1.548655
2024-08-01 08:05:16,105 INFO sent 13 -> 7 # 0 at 24966002, 0.988393 0.698101
2024-08-01 08:05:16,114 INFO recv 13 -> 7 # 0 at 59849405, 0.988393 0.698101
2024-08-01 08:05:16,129 INFO CHECKSUM 13 8 0: 1.548655
2024-08-01 08:05:16,130 INFO CHECKSUM 13 8 0: 1.548655
2024-08-01 08:05:16,139 INFO sent 13 -> 8 # 0 at 14040265, 0.988393 0.698101
2024-08-01 08:05:16,139 INFO recv 13 -> 8 # 0 at 23749737, 0.988393 0.698101
2024-08-01 08:05:16,164 INFO CHECKSUM 13 9 0: 1.548655
2024-08-01 08:05:16,165 INFO CHECKSUM 13 9 0: 1.548655
2024-08-01 08:05:16,186 INFO sent 13 -> 9 # 0 at 14250562, 0.988393 0.698101
2024-08-01 08:05:16,186 INFO recv 13 -> 9 # 0 at 35476604, 0.988393 0.698101
2024-08-01 08:05:16,228 INFO CHECKSUM 13 10 0: 1.548655
2024-08-01 08:05:16,228 INFO CHECKSUM 13 10 0: 1.548655
2024-08-01 08:05:16,233 INFO sent 13 -> 10 # 0 at 29636922, 0.988393 0.698101
2024-08-01 08:05:16,233 INFO recv 13 -> 10 # 0 at 35394796, 0.988393 0.698101
2024-08-01 08:05:16,249 INFO CHECKSUM 13 11 0: 1.548655
2024-08-01 08:05:16,249 INFO CHECKSUM 13 11 0: 1.548655
2024-08-01 08:05:16,261 INFO recv 13 -> 11 # 0 at 26784798, 0.988393 0.698101
2024-08-01 08:05:16,261 INFO sent 13 -> 11 # 0 at 14258186, 0.988393 0.698101
2024-08-01 08:05:16,287 INFO CHECKSUM 13 12 0: 1.548655
2024-08-01 08:05:16,289 INFO CHECKSUM 13 12 0: 1.548655
2024-08-01 08:05:16,314 INFO recv 13 -> 12 # 0 at 48249076, 0.988393 0.698101
2024-08-01 08:05:16,314 INFO sent 13 -> 12 # 0 at 21913724, 0.988393 0.698101
2024-08-01 08:05:16,504 INFO CHECKSUM 13 14 0: 1.548655
2024-08-01 08:05:16,504 INFO CHECKSUM 13 14 0: 1.548655
2024-08-01 08:05:16,517 INFO sent 13 -> 14 # 0 at 178721747, 0.988393 0.698101
2024-08-01 08:05:16,517 INFO recv 13 -> 14 # 0 at 192004275, 0.988393 0.698101
2024-08-01 08:05:16,703 INFO CHECKSUM 13 15 0: 1.548655
2024-08-01 08:05:16,704 INFO CHECKSUM 13 15 0: 1.548655
2024-08-01 08:05:16,716 INFO Accepting from rank 14
2024-08-01 08:05:16,716 INFO Accepting from rank 14
2024-08-01 08:05:16,716 INFO Accepting from rank 14
2024-08-01 08:05:16,716 INFO Accepting from rank 14
2024-08-01 08:05:16,716 INFO Accepting from rank 14
2024-08-01 08:05:16,716 INFO Accepting from rank 14
2024-08-01 08:05:16,716 INFO Accepting from rank 14
2024-08-01 08:05:16,716 INFO Sending from rank 14
2024-08-01 08:05:16,716 INFO Accepting from rank 14
2024-08-01 08:05:16,716 INFO Accepting from rank 14
2024-08-01 08:05:16,716 INFO sent 13 -> 15 # 0 at 182157237, 0.988393 0.698101
2024-08-01 08:05:16,716 INFO Accepting from rank 14
2024-08-01 08:05:16,716 INFO Accepting from rank 14
2024-08-01 08:05:16,718 INFO Accepting from rank 14
2024-08-01 08:05:16,716 INFO Accepting from rank 14
2024-08-01 08:05:16,718 INFO Accepting from rank 14
2024-08-01 08:05:16,716 INFO recv 13 -> 15 # 0 at 195022668, 0.988393 0.698101
2024-08-01 08:05:16,716 INFO Accepting from rank 14
2024-08-01 08:05:16,761 INFO CHECKSUM 14 0 0: 1.977846
2024-08-01 08:05:16,761 INFO CHECKSUM 14 0 0: 1.977846
2024-08-01 08:05:16,772 INFO recv 14 -> 0 # 0 at 26584061, 0.997679 0.201941
2024-08-01 08:05:16,776 INFO sent 14 -> 0 # 0 at 15220509, 0.997679 0.201941
2024-08-01 08:05:16,791 INFO CHECKSUM 14 1 0: 1.977846
2024-08-01 08:05:16,801 INFO CHECKSUM 14 1 0: 1.977846
2024-08-01 08:05:16,822 INFO recv 14 -> 1 # 0 at 44640211, 0.997679 0.201941
2024-08-01 08:05:16,822 INFO sent 14 -> 1 # 0 at 14091174, 0.997679 0.201941
2024-08-01 08:05:16,840 INFO CHECKSUM 14 2 0: 1.977846
2024-08-01 08:05:16,840 INFO CHECKSUM 14 2 0: 1.977846
2024-08-01 08:05:16,858 INFO sent 14 -> 2 # 0 at 14174815, 0.997679 0.201941
2024-08-01 08:05:16,858 INFO recv 14 -> 2 # 0 at 32445628, 0.997679 0.201941
2024-08-01 08:05:16,884 INFO CHECKSUM 14 3 0: 1.977846
2024-08-01 08:05:16,894 INFO sent 14 -> 3 # 0 at 14163934, 0.997679 0.201941
2024-08-01 08:05:16,885 INFO CHECKSUM 14 3 0: 1.977846
2024-08-01 08:05:16,894 INFO recv 14 -> 3 # 0 at 24237755, 0.997679 0.201941
2024-08-01 08:05:16,920 INFO CHECKSUM 14 4 0: 1.977846
2024-08-01 08:05:16,921 INFO CHECKSUM 14 4 0: 1.977846
2024-08-01 08:05:16,933 INFO recv 14 -> 4 # 0 at 26982866, 0.997679 0.201941
2024-08-01 08:05:16,934 INFO sent 14 -> 4 # 0 at 13849506, 0.997679 0.201941
2024-08-01 08:05:16,968 INFO CHECKSUM 14 5 0: 1.977846
2024-08-01 08:05:16,969 INFO CHECKSUM 14 5 0: 1.977846
2024-08-01 08:05:16,997 INFO recv 14 -> 5 # 0 at 43343574, 0.997679 0.201941
2024-08-01 08:05:17,002 INFO sent 14 -> 5 # 0 at 13761676, 0.997679 0.201941
2024-08-01 08:05:17,049 INFO CHECKSUM 14 6 0: 1.977846
2024-08-01 08:05:17,049 INFO CHECKSUM 14 6 0: 1.977846
2024-08-01 08:05:17,061 INFO sent 14 -> 6 # 0 at 26935534, 0.997679 0.201941
2024-08-01 08:05:17,062 INFO recv 14 -> 6 # 0 at 33633826, 0.997679 0.201941
2024-08-01 08:05:17,078 INFO CHECKSUM 14 7 0: 1.977846
2024-08-01 08:05:17,078 INFO CHECKSUM 14 7 0: 1.977846
2024-08-01 08:05:17,096 INFO sent 14 -> 7 # 0 at 14156981, 0.997679 0.201941
2024-08-01 08:05:17,096 INFO recv 14 -> 7 # 0 at 32634120, 0.997679 0.201941
2024-08-01 08:05:17,128 INFO CHECKSUM 14 8 0: 1.977846
2024-08-01 08:05:17,129 INFO CHECKSUM 14 8 0: 1.977846
2024-08-01 08:05:17,152 INFO recv 14 -> 8 # 0 at 38438835, 0.997679 0.201941
2024-08-01 08:05:17,157 INFO sent 14 -> 8 # 0 at 14332841, 0.997679 0.201941
2024-08-01 08:05:17,262 INFO CHECKSUM 14 9 0: 1.977846
2024-08-01 08:05:17,263 INFO CHECKSUM 14 9 0: 1.977846
2024-08-01 08:05:17,300 INFO sent 14 -> 9 # 0 at 92288645, 0.997679 0.201941
2024-08-01 08:05:17,300 INFO recv 14 -> 9 # 0 at 118579606, 0.997679 0.201941
2024-08-01 08:05:17,407 INFO CHECKSUM 14 10 0: 1.977846
2024-08-01 08:05:17,407 INFO CHECKSUM 14 10 0: 1.977846
2024-08-01 08:05:17,418 INFO recv 14 -> 10 # 0 at 100625583, 0.997679 0.201941
2024-08-01 08:05:17,418 INFO sent 14 -> 10 # 0 at 89382339, 0.997679 0.201941
2024-08-01 08:05:17,455 INFO CHECKSUM 14 11 0: 1.977846
2024-08-01 08:05:17,455 INFO CHECKSUM 14 11 0: 1.977846
2024-08-01 08:05:17,477 INFO sent 14 -> 11 # 0 at 24674297, 0.997679 0.201941
2024-08-01 08:05:17,477 INFO recv 14 -> 11 # 0 at 47358079, 0.997679 0.201941
2024-08-01 08:05:17,497 INFO CHECKSUM 14 12 0: 1.977846
2024-08-01 08:05:17,496 INFO CHECKSUM 14 12 0: 1.977846
2024-08-01 08:05:17,509 INFO recv 14 -> 12 # 0 at 26871780, 0.997679 0.201941
2024-08-01 08:05:17,509 INFO sent 14 -> 12 # 0 at 13434883, 0.997679 0.201941
2024-08-01 08:05:17,528 INFO CHECKSUM 14 13 0: 1.977846
2024-08-01 08:05:17,529 INFO CHECKSUM 14 13 0: 1.977846
2024-08-01 08:05:17,542 INFO recv 14 -> 13 # 0 at 27678742, 0.997679 0.201941
2024-08-01 08:05:17,542 INFO sent 14 -> 13 # 0 at 13806723, 0.997679 0.201941
2024-08-01 08:05:17,741 INFO CHECKSUM 14 15 0: 1.977846
2024-08-01 08:05:17,750 INFO CHECKSUM 14 15 0: 1.977846
2024-08-01 08:05:17,765 INFO Accepting from rank 15
2024-08-01 08:05:17,765 INFO Accepting from rank 15
2024-08-01 08:05:17,765 INFO Accepting from rank 15
2024-08-01 08:05:17,765 INFO Accepting from rank 15
2024-08-01 08:05:17,765 INFO Accepting from rank 15
2024-08-01 08:05:17,765 INFO Accepting from rank 15
2024-08-01 08:05:17,765 INFO Accepting from rank 15
2024-08-01 08:05:17,765 INFO recv 14 -> 15 # 0 at 219988980, 0.997679 0.201941
2024-08-01 08:05:17,765 INFO Accepting from rank 15
2024-08-01 08:05:17,765 INFO sent 14 -> 15 # 0 at 195304092, 0.997679 0.201941
2024-08-01 08:05:17,765 INFO Sending from rank 15
2024-08-01 08:05:17,765 INFO Accepting from rank 15
2024-08-01 08:05:17,769 INFO Accepting from rank 15
2024-08-01 08:05:17,769 INFO Accepting from rank 15
2024-08-01 08:05:17,770 INFO Accepting from rank 15
2024-08-01 08:05:17,769 INFO Accepting from rank 15
2024-08-01 08:05:17,770 INFO Accepting from rank 15
2024-08-01 08:05:17,769 INFO Accepting from rank 15
2024-08-01 08:05:17,886 INFO CHECKSUM 15 0 0: 1.458849
2024-08-01 08:05:17,899 INFO sent 15 -> 0 # 0 at 95498377, 0.364642 0.220399
2024-08-01 08:05:17,889 INFO CHECKSUM 15 0 0: 1.458849
2024-08-01 08:05:17,899 INFO recv 15 -> 0 # 0 at 109493173, 0.364642 0.220399
2024-08-01 08:05:17,924 INFO CHECKSUM 15 1 0: 1.458849
2024-08-01 08:05:17,925 INFO CHECKSUM 15 1 0: 1.458849
2024-08-01 08:05:17,931 INFO sent 15 -> 1 # 0 at 14192870, 0.364642 0.220399
2024-08-01 08:05:17,931 INFO recv 15 -> 1 # 0 at 20641168, 0.364642 0.220399
2024-08-01 08:05:17,956 INFO CHECKSUM 15 2 0: 1.458849
2024-08-01 08:05:17,956 INFO CHECKSUM 15 2 0: 1.458849
2024-08-01 08:05:17,974 INFO sent 15 -> 2 # 0 at 14517058, 0.364642 0.220399
2024-08-01 08:05:17,974 INFO recv 15 -> 2 # 0 at 32620866, 0.364642 0.220399
2024-08-01 08:05:17,992 INFO CHECKSUM 15 3 0: 1.458849
2024-08-01 08:05:17,992 INFO CHECKSUM 15 3 0: 1.458849
2024-08-01 08:05:18,013 INFO sent 15 -> 3 # 0 at 14056577, 0.364642 0.220399
2024-08-01 08:05:18,013 INFO recv 15 -> 3 # 0 at 35515360, 0.364642 0.220399
2024-08-01 08:05:18,035 INFO CHECKSUM 15 4 0: 1.458849
2024-08-01 08:05:18,036 INFO CHECKSUM 15 4 0: 1.458849
2024-08-01 08:05:18,058 INFO sent 15 -> 4 # 0 at 14146851, 0.364642 0.220399
2024-08-01 08:05:18,058 INFO recv 15 -> 4 # 0 at 37106487, 0.364642 0.220399
2024-08-01 08:05:18,109 INFO CHECKSUM 15 5 0: 1.458849
2024-08-01 08:05:18,109 INFO CHECKSUM 15 5 0: 1.458849
2024-08-01 08:05:18,121 INFO recv 15 -> 5 # 0 at 36223636, 0.364642 0.220399
2024-08-01 08:05:18,129 INFO sent 15 -> 5 # 0 at 21823530, 0.364642 0.220399
2024-08-01 08:05:18,145 INFO CHECKSUM 15 6 0: 1.458849
2024-08-01 08:05:18,148 INFO CHECKSUM 15 6 0: 1.458849
2024-08-01 08:05:18,169 INFO recv 15 -> 6 # 0 at 38974527, 0.364642 0.220399
2024-08-01 08:05:18,170 INFO sent 15 -> 6 # 0 at 14524061, 0.364642 0.220399
2024-08-01 08:05:18,225 INFO CHECKSUM 15 7 0: 1.458849
2024-08-01 08:05:18,232 INFO CHECKSUM 15 7 0: 1.458849
2024-08-01 08:05:18,249 INFO sent 15 -> 7 # 0 at 34126503, 0.364642 0.220399
2024-08-01 08:05:18,249 INFO recv 15 -> 7 # 0 at 55321810, 0.364642 0.220399
2024-08-01 08:05:18,264 INFO CHECKSUM 15 8 0: 1.458849
2024-08-01 08:05:18,273 INFO CHECKSUM 15 8 0: 1.458849
2024-08-01 08:05:18,281 INFO recv 15 -> 8 # 0 at 30400270, 0.364642 0.220399
2024-08-01 08:05:18,281 INFO sent 15 -> 8 # 0 at 13875306, 0.364642 0.220399
2024-08-01 08:05:18,395 INFO CHECKSUM 15 9 0: 1.458849
2024-08-01 08:05:18,395 INFO CHECKSUM 15 9 0: 1.458849
2024-08-01 08:05:18,422 INFO sent 15 -> 9 # 0 at 97479151, 0.364642 0.220399
2024-08-01 08:05:18,422 INFO recv 15 -> 9 # 0 at 112761249, 0.364642 0.220399
2024-08-01 08:05:18,442 INFO CHECKSUM 15 10 0: 1.458849
2024-08-01 08:05:18,443 INFO CHECKSUM 15 10 0: 1.458849
2024-08-01 08:05:18,458 INFO recv 15 -> 10 # 0 at 29912839, 0.364642 0.220399
2024-08-01 08:05:18,462 INFO sent 15 -> 10 # 0 at 14071636, 0.364642 0.220399
2024-08-01 08:05:18,497 INFO CHECKSUM 15 11 0: 1.458849
2024-08-01 08:05:18,507 INFO sent 15 -> 11 # 0 at 22232792, 0.364642 0.220399
2024-08-01 08:05:18,497 INFO CHECKSUM 15 11 0: 1.458849
2024-08-01 08:05:18,507 INFO recv 15 -> 11 # 0 at 32189256, 0.364642 0.220399
2024-08-01 08:05:18,530 INFO CHECKSUM 15 12 0: 1.458849
2024-08-01 08:05:18,530 INFO CHECKSUM 15 12 0: 1.458849
2024-08-01 08:05:18,552 INFO recv 15 -> 12 # 0 at 36134840, 0.364642 0.220399
2024-08-01 08:05:18,552 INFO sent 15 -> 12 # 0 at 13759772, 0.364642 0.220399
2024-08-01 08:05:18,627 INFO CHECKSUM 15 13 0: 1.458849
2024-08-01 08:05:18,628 INFO CHECKSUM 15 13 0: 1.458849
2024-08-01 08:05:18,650 INFO recv 15 -> 13 # 0 at 95983306, 0.364642 0.220399
2024-08-01 08:05:18,650 INFO sent 15 -> 13 # 0 at 73888912, 0.364642 0.220399
2024-08-01 08:05:18,676 INFO CHECKSUM 15 14 0: 1.458849
2024-08-01 08:05:18,676 INFO CHECKSUM 15 14 0: 1.458849
2024-08-01 08:05:18,693 INFO Rank 0 start All-Reduce
2024-08-01 08:05:18,693 INFO Rank 0 HIT BARRIER
2024-08-01 08:05:18,696 INFO Rank 12 start All-Reduce
2024-08-01 08:05:18,696 INFO Rank 8 start All-Reduce
2024-08-01 08:05:18,696 INFO Rank 4 start All-Reduce
2024-08-01 08:05:18,696 INFO Rank 1 start All-Reduce
2024-08-01 08:05:18,696 INFO Rank 9 start All-Reduce
2024-08-01 08:05:18,696 INFO Rank 5 start All-Reduce
2024-08-01 08:05:18,696 INFO Rank 2 start All-Reduce
2024-08-01 08:05:18,696 INFO Rank 13 start All-Reduce
2024-08-01 08:05:18,696 INFO Rank 10 start All-Reduce
2024-08-01 08:05:18,696 INFO Rank 6 start All-Reduce
2024-08-01 08:05:18,696 INFO Rank 3 start All-Reduce
2024-08-01 08:05:18,696 INFO sent 15 -> 14 # 0 at 13592318, 0.364642 0.220399
2024-08-01 08:05:18,696 INFO Rank 11 start All-Reduce
2024-08-01 08:05:18,696 INFO Rank 7 start All-Reduce
2024-08-01 08:05:18,697 INFO Rank 1 HIT BARRIER
2024-08-01 08:05:18,696 INFO recv 15 -> 14 # 0 at 34315418, 0.364642 0.220399
2024-08-01 08:05:18,700 INFO Added key: store_based_barrier_key:2 to store for rank: 9
2024-08-01 08:05:18,700 INFO Added key: store_based_barrier_key:2 to store for rank: 4
2024-08-01 08:05:18,697 INFO Rank 2 HIT BARRIER
2024-08-01 08:05:18,696 INFO Rank 14 start All-Reduce
2024-08-01 08:05:18,700 INFO Added key: store_based_barrier_key:2 to store for rank: 10
2024-08-01 08:05:18,700 INFO Added key: store_based_barrier_key:2 to store for rank: 6
2024-08-01 08:05:18,697 INFO Rank 3 HIT BARRIER
2024-08-01 08:05:18,696 INFO Rank 15 start All-Reduce
2024-08-01 08:05:18,700 INFO Added key: store_based_barrier_key:2 to store for rank: 11
2024-08-01 08:05:18,700 INFO Added key: store_based_barrier_key:2 to store for rank: 7
2024-08-01 08:05:18,701 INFO Added key: store_based_barrier_key:2 to store for rank: 2
2024-08-01 08:05:18,701 INFO Added key: store_based_barrier_key:2 to store for rank: 8
2024-08-01 08:05:18,701 INFO Added key: store_based_barrier_key:2 to store for rank: 5
2024-08-01 08:05:18,701 INFO Added key: store_based_barrier_key:2 to store for rank: 1
2024-08-01 08:05:18,700 INFO Added key: store_based_barrier_key:2 to store for rank: 12
2024-08-01 08:05:18,701 INFO Added key: store_based_barrier_key:2 to store for rank: 3
2024-08-01 08:05:18,700 INFO Added key: store_based_barrier_key:2 to store for rank: 13
2024-08-01 08:05:18,701 INFO Added key: store_based_barrier_key:2 to store for rank: 0
2024-08-01 08:05:18,700 INFO Added key: store_based_barrier_key:2 to store for rank: 15
2024-08-01 08:05:18,701 INFO Rank 0: Completed store-based barrier for key:store_based_barrier_key:2 with 16 nodes.
2024-08-01 08:05:18,700 INFO Added key: store_based_barrier_key:2 to store for rank: 14
2024-08-01 08:05:18,701 INFO Made group
2024-08-01 08:05:18,711 INFO Rank 13: Completed store-based barrier for key:store_based_barrier_key:2 with 16 nodes.
2024-08-01 08:05:18,711 INFO Rank 9: Completed store-based barrier for key:store_based_barrier_key:2 with 16 nodes.
2024-08-01 08:05:18,711 INFO Rank 4: Completed store-based barrier for key:store_based_barrier_key:2 with 16 nodes.
2024-08-01 08:05:18,711 INFO Rank 2: Completed store-based barrier for key:store_based_barrier_key:2 with 16 nodes.
2024-08-01 08:05:18,711 INFO Rank 10: Completed store-based barrier for key:store_based_barrier_key:2 with 16 nodes.
2024-08-01 08:05:18,711 INFO Rank 5: Completed store-based barrier for key:store_based_barrier_key:2 with 16 nodes.
2024-08-01 08:05:18,711 INFO Rank 1: Completed store-based barrier for key:store_based_barrier_key:2 with 16 nodes.
2024-08-01 08:05:18,711 INFO Rank 12: Completed store-based barrier for key:store_based_barrier_key:2 with 16 nodes.
2024-08-01 08:05:18,711 INFO Rank 11: Completed store-based barrier for key:store_based_barrier_key:2 with 16 nodes.
2024-08-01 08:05:18,711 INFO Rank 7: Completed store-based barrier for key:store_based_barrier_key:2 with 16 nodes.
2024-08-01 08:05:18,711 INFO Made group
2024-08-01 08:05:18,711 INFO Rank 15: Completed store-based barrier for key:store_based_barrier_key:2 with 16 nodes.
2024-08-01 08:05:18,711 INFO Rank 8: Completed store-based barrier for key:store_based_barrier_key:2 with 16 nodes.
2024-08-01 08:05:18,711 INFO Rank 6: Completed store-based barrier for key:store_based_barrier_key:2 with 16 nodes.
2024-08-01 08:05:18,711 INFO Rank 3: Completed store-based barrier for key:store_based_barrier_key:2 with 16 nodes.
2024-08-01 08:05:18,711 INFO Rank 14: Completed store-based barrier for key:store_based_barrier_key:2 with 16 nodes.
2024-08-01 08:05:18,711 INFO Made group
2024-08-01 08:05:18,711 INFO Made group
2024-08-01 08:05:18,936 INFO Node Reduce CHECKSUM 0: 4.345128
2024-08-01 08:05:18,994 INFO Node Reduce CHECKSUM 1: 4.345128
2024-08-01 08:05:19,004 INFO Rank 4 HIT BARRIER
2024-08-01 08:05:18,939 INFO Node Reduce CHECKSUM 2: 4.345128
2024-08-01 08:05:19,004 INFO Rank 5 HIT BARRIER
2024-08-01 08:05:18,936 INFO Node Reduce CHECKSUM 3: 4.345128
2024-08-01 08:05:19,004 INFO Rank 6 HIT BARRIER
2024-08-01 08:05:19,004 INFO Node Reduce rank 0 at 304107516
2024-08-01 08:05:19,004 INFO Rank 7 HIT BARRIER
2024-08-01 08:05:19,004 INFO Node Reduce rank 1 at 304101926
2024-08-01 08:05:19,004 INFO Node Reduce rank 2 at 304105231
2024-08-01 08:05:19,004 INFO Node Reduce rank 3 at 304112907
2024-08-01 08:05:19,022 INFO Added key: store_based_barrier_key:3 to store for rank: 12
2024-08-01 08:05:19,022 INFO Added key: store_based_barrier_key:3 to store for rank: 9
2024-08-01 08:05:19,022 INFO Added key: store_based_barrier_key:3 to store for rank: 2
2024-08-01 08:05:19,022 INFO Added key: store_based_barrier_key:3 to store for rank: 13
2024-08-01 08:05:19,022 INFO Added key: store_based_barrier_key:3 to store for rank: 10
2024-08-01 08:05:19,023 INFO Added key: store_based_barrier_key:3 to store for rank: 4
2024-08-01 08:05:19,023 INFO Added key: store_based_barrier_key:3 to store for rank: 1
2024-08-01 08:05:19,022 INFO Added key: store_based_barrier_key:3 to store for rank: 15
2024-08-01 08:05:19,022 INFO Added key: store_based_barrier_key:3 to store for rank: 11
2024-08-01 08:05:19,023 INFO Added key: store_based_barrier_key:3 to store for rank: 6
2024-08-01 08:05:19,023 INFO Added key: store_based_barrier_key:3 to store for rank: 3
2024-08-01 08:05:19,022 INFO Added key: store_based_barrier_key:3 to store for rank: 14
2024-08-01 08:05:19,022 INFO Added key: store_based_barrier_key:3 to store for rank: 8
2024-08-01 08:05:19,023 INFO Added key: store_based_barrier_key:3 to store for rank: 5
2024-08-01 08:05:19,023 INFO Added key: store_based_barrier_key:3 to store for rank: 0
2024-08-01 08:05:19,023 INFO Added key: store_based_barrier_key:3 to store for rank: 7
2024-08-01 08:05:19,023 INFO Rank 0: Completed store-based barrier for key:store_based_barrier_key:3 with 16 nodes.
2024-08-01 08:05:19,033 INFO Rank 13: Completed store-based barrier for key:store_based_barrier_key:3 with 16 nodes.
2024-08-01 08:05:19,033 INFO Rank 9: Completed store-based barrier for key:store_based_barrier_key:3 with 16 nodes.
2024-08-01 08:05:19,033 INFO Rank 15: Completed store-based barrier for key:store_based_barrier_key:3 with 16 nodes.
2024-08-01 08:05:19,033 INFO Rank 10: Completed store-based barrier for key:store_based_barrier_key:3 with 16 nodes.
2024-08-01 08:05:19,033 INFO Rank 4: Completed store-based barrier for key:store_based_barrier_key:3 with 16 nodes.
2024-08-01 08:05:19,033 INFO Rank 2: Completed store-based barrier for key:store_based_barrier_key:3 with 16 nodes.
2024-08-01 08:05:19,033 INFO Rank 12: Completed store-based barrier for key:store_based_barrier_key:3 with 16 nodes.
2024-08-01 08:05:19,033 INFO Rank 11: Completed store-based barrier for key:store_based_barrier_key:3 with 16 nodes.
2024-08-01 08:05:19,033 INFO Rank 6: Completed store-based barrier for key:store_based_barrier_key:3 with 16 nodes.
2024-08-01 08:05:19,033 INFO Rank 1: Completed store-based barrier for key:store_based_barrier_key:3 with 16 nodes.
2024-08-01 08:05:19,033 INFO Rank 14: Completed store-based barrier for key:store_based_barrier_key:3 with 16 nodes.
2024-08-01 08:05:19,033 INFO Rank 8: Completed store-based barrier for key:store_based_barrier_key:3 with 16 nodes.
2024-08-01 08:05:19,033 INFO Made group
2024-08-01 08:05:19,033 INFO Rank 3: Completed store-based barrier for key:store_based_barrier_key:3 with 16 nodes.
2024-08-01 08:05:19,033 INFO Rank 7: Completed store-based barrier for key:store_based_barrier_key:3 with 16 nodes.
2024-08-01 08:05:19,033 INFO Rank 5: Completed store-based barrier for key:store_based_barrier_key:3 with 16 nodes.
2024-08-01 08:05:19,033 INFO Made group
2024-08-01 08:05:19,033 INFO Made group
2024-08-01 08:05:19,033 INFO Made group
2024-08-01 08:05:19,263 INFO Node Reduce CHECKSUM 4: 5.577279
2024-08-01 08:05:19,325 INFO Node Reduce CHECKSUM 5: 5.577279
2024-08-01 08:05:19,324 INFO Node Reduce CHECKSUM 6: 5.577279
2024-08-01 08:05:19,263 INFO Node Reduce CHECKSUM 7: 5.577279
2024-08-01 08:05:19,338 INFO Rank 8 HIT BARRIER
2024-08-01 08:05:19,338 INFO Node Reduce rank 5 at 316352377
2024-08-01 08:05:19,338 INFO Rank 9 HIT BARRIER
2024-08-01 08:05:19,338 INFO Node Reduce rank 6 at 316344592
2024-08-01 08:05:19,338 INFO Rank 11 HIT BARRIER
2024-08-01 08:05:19,338 INFO Node Reduce rank 4 at 316379058
2024-08-01 08:05:19,338 INFO Rank 10 HIT BARRIER
2024-08-01 08:05:19,338 INFO Node Reduce rank 7 at 316378537
2024-08-01 08:05:19,350 INFO Added key: store_based_barrier_key:4 to store for rank: 0
2024-08-01 08:05:19,350 INFO Added key: store_based_barrier_key:4 to store for rank: 12
2024-08-01 08:05:19,350 INFO Added key: store_based_barrier_key:4 to store for rank: 9
2024-08-01 08:05:19,350 INFO Added key: store_based_barrier_key:4 to store for rank: 4
2024-08-01 08:05:19,350 INFO Added key: store_based_barrier_key:4 to store for rank: 1
2024-08-01 08:05:19,350 INFO Added key: store_based_barrier_key:4 to store for rank: 13
2024-08-01 08:05:19,350 INFO Added key: store_based_barrier_key:4 to store for rank: 10
2024-08-01 08:05:19,350 INFO Added key: store_based_barrier_key:4 to store for rank: 6
2024-08-01 08:05:19,350 INFO Added key: store_based_barrier_key:4 to store for rank: 2
2024-08-01 08:05:19,350 INFO Added key: store_based_barrier_key:4 to store for rank: 15
2024-08-01 08:05:19,350 INFO Added key: store_based_barrier_key:4 to store for rank: 11
2024-08-01 08:05:19,350 INFO Added key: store_based_barrier_key:4 to store for rank: 7
2024-08-01 08:05:19,350 INFO Added key: store_based_barrier_key:4 to store for rank: 3
2024-08-01 08:05:19,350 INFO Added key: store_based_barrier_key:4 to store for rank: 14
2024-08-01 08:05:19,350 INFO Added key: store_based_barrier_key:4 to store for rank: 8
2024-08-01 08:05:19,350 INFO Added key: store_based_barrier_key:4 to store for rank: 5
2024-08-01 08:05:19,350 INFO Rank 12: Completed store-based barrier for key:store_based_barrier_key:4 with 16 nodes.
2024-08-01 08:05:19,350 INFO Rank 9: Completed store-based barrier for key:store_based_barrier_key:4 with 16 nodes.
2024-08-01 08:05:19,351 INFO Rank 6: Completed store-based barrier for key:store_based_barrier_key:4 with 16 nodes.
2024-08-01 08:05:19,350 INFO Rank 13: Completed store-based barrier for key:store_based_barrier_key:4 with 16 nodes.
2024-08-01 08:05:19,350 INFO Rank 11: Completed store-based barrier for key:store_based_barrier_key:4 with 16 nodes.
2024-08-01 08:05:19,351 INFO Rank 4: Completed store-based barrier for key:store_based_barrier_key:4 with 16 nodes.
2024-08-01 08:05:19,351 INFO Rank 15: Completed store-based barrier for key:store_based_barrier_key:4 with 16 nodes.
2024-08-01 08:05:19,351 INFO Made group
2024-08-01 08:05:19,351 INFO Rank 7: Completed store-based barrier for key:store_based_barrier_key:4 with 16 nodes.
2024-08-01 08:05:19,351 INFO Rank 14: Completed store-based barrier for key:store_based_barrier_key:4 with 16 nodes.
2024-08-01 08:05:19,351 INFO Rank 10: Completed store-based barrier for key:store_based_barrier_key:4 with 16 nodes.
2024-08-01 08:05:19,351 INFO Rank 5: Completed store-based barrier for key:store_based_barrier_key:4 with 16 nodes.
2024-08-01 08:05:19,351 INFO Made group
2024-08-01 08:05:19,351 INFO Made group
2024-08-01 08:05:19,351 INFO Rank 8: Completed store-based barrier for key:store_based_barrier_key:4 with 16 nodes.
2024-08-01 08:05:19,351 INFO Made group
2024-08-01 08:05:19,360 INFO Rank 2: Completed store-based barrier for key:store_based_barrier_key:4 with 16 nodes.
2024-08-01 08:05:19,360 INFO Rank 1: Completed store-based barrier for key:store_based_barrier_key:4 with 16 nodes.
2024-08-01 08:05:19,360 INFO Rank 3: Completed store-based barrier for key:store_based_barrier_key:4 with 16 nodes.
2024-08-01 08:05:19,360 INFO Rank 0: Completed store-based barrier for key:store_based_barrier_key:4 with 16 nodes.
2024-08-01 08:05:19,601 INFO Node Reduce CHECKSUM 8: 6.305518
2024-08-01 08:05:19,674 INFO Rank 12 HIT BARRIER
2024-08-01 08:05:19,660 INFO Node Reduce CHECKSUM 9: 6.305518
2024-08-01 08:05:19,674 INFO Rank 14 HIT BARRIER
2024-08-01 08:05:19,603 INFO Node Reduce CHECKSUM 10: 6.305518
2024-08-01 08:05:19,599 INFO Node Reduce CHECKSUM 11: 6.305518
2024-08-01 08:05:19,674 INFO Node Reduce rank 8 at 323966267
2024-08-01 08:05:19,674 INFO Node Reduce rank 9 at 323936040
2024-08-01 08:05:19,677 INFO Rank 13 HIT BARRIER
2024-08-01 08:05:19,674 INFO Node Reduce rank 10 at 323977559
2024-08-01 08:05:19,677 INFO Rank 15 HIT BARRIER
2024-08-01 08:05:19,674 INFO Node Reduce rank 11 at 323971849
2024-08-01 08:05:19,693 INFO Added key: store_based_barrier_key:5 to store for rank: 0
2024-08-01 08:05:19,694 INFO Added key: store_based_barrier_key:5 to store for rank: 12
2024-08-01 08:05:19,694 INFO Added key: store_based_barrier_key:5 to store for rank: 9
2024-08-01 08:05:19,694 INFO Added key: store_based_barrier_key:5 to store for rank: 4
2024-08-01 08:05:19,693 INFO Added key: store_based_barrier_key:5 to store for rank: 1
2024-08-01 08:05:19,694 INFO Added key: store_based_barrier_key:5 to store for rank: 13
2024-08-01 08:05:19,694 INFO Added key: store_based_barrier_key:5 to store for rank: 10
2024-08-01 08:05:19,694 INFO Added key: store_based_barrier_key:5 to store for rank: 5
2024-08-01 08:05:19,693 INFO Added key: store_based_barrier_key:5 to store for rank: 2
2024-08-01 08:05:19,694 INFO Added key: store_based_barrier_key:5 to store for rank: 15
2024-08-01 08:05:19,694 INFO Added key: store_based_barrier_key:5 to store for rank: 11
2024-08-01 08:05:19,694 INFO Added key: store_based_barrier_key:5 to store for rank: 6
2024-08-01 08:05:19,693 INFO Added key: store_based_barrier_key:5 to store for rank: 3
2024-08-01 08:05:19,694 INFO Added key: store_based_barrier_key:5 to store for rank: 14
2024-08-01 08:05:19,694 INFO Added key: store_based_barrier_key:5 to store for rank: 8
2024-08-01 08:05:19,694 INFO Added key: store_based_barrier_key:5 to store for rank: 7
2024-08-01 08:05:19,694 INFO Rank 13: Completed store-based barrier for key:store_based_barrier_key:5 with 16 nodes.
2024-08-01 08:05:19,694 INFO Rank 8: Completed store-based barrier for key:store_based_barrier_key:5 with 16 nodes.
2024-08-01 08:05:19,694 INFO Rank 6: Completed store-based barrier for key:store_based_barrier_key:5 with 16 nodes.
2024-08-01 08:05:19,694 INFO Rank 12: Completed store-based barrier for key:store_based_barrier_key:5 with 16 nodes.
2024-08-01 08:05:19,694 INFO Rank 9: Completed store-based barrier for key:store_based_barrier_key:5 with 16 nodes.
2024-08-01 08:05:19,694 INFO Rank 4: Completed store-based barrier for key:store_based_barrier_key:5 with 16 nodes.
2024-08-01 08:05:19,694 INFO Made group
2024-08-01 08:05:19,694 INFO Rank 10: Completed store-based barrier for key:store_based_barrier_key:5 with 16 nodes.
2024-08-01 08:05:19,694 INFO Rank 5: Completed store-based barrier for key:store_based_barrier_key:5 with 16 nodes.
2024-08-01 08:05:19,694 INFO Made group
2024-08-01 08:05:19,694 INFO Rank 11: Completed store-based barrier for key:store_based_barrier_key:5 with 16 nodes.
2024-08-01 08:05:19,694 INFO Rank 7: Completed store-based barrier for key:store_based_barrier_key:5 with 16 nodes.
2024-08-01 08:05:19,694 INFO Rank 15: Completed store-based barrier for key:store_based_barrier_key:5 with 16 nodes.
2024-08-01 08:05:19,694 INFO Rank 14: Completed store-based barrier for key:store_based_barrier_key:5 with 16 nodes.
2024-08-01 08:05:19,694 INFO Made group
2024-08-01 08:05:19,694 INFO Made group
2024-08-01 08:05:19,704 INFO Rank 2: Completed store-based barrier for key:store_based_barrier_key:5 with 16 nodes.
2024-08-01 08:05:19,704 INFO Rank 1: Completed store-based barrier for key:store_based_barrier_key:5 with 16 nodes.
2024-08-01 08:05:19,704 INFO Rank 3: Completed store-based barrier for key:store_based_barrier_key:5 with 16 nodes.
2024-08-01 08:05:19,704 INFO Rank 0: Completed store-based barrier for key:store_based_barrier_key:5 with 16 nodes.
2024-08-01 08:05:19,928 INFO Node Reduce CHECKSUM 12: 6.378220
2024-08-01 08:05:19,931 INFO Node Reduce CHECKSUM 13: 6.378220
2024-08-01 08:05:19,933 INFO Node Reduce CHECKSUM 14: 6.378220
2024-08-01 08:05:19,985 INFO Node Reduce CHECKSUM 15: 6.378220
2024-08-01 08:05:20,010 INFO Node Reduce rank 12 at 317226774
2024-08-01 08:05:20,010 INFO Node Reduce rank 13 at 317234259
2024-08-01 08:05:20,010 INFO Node Reduce rank 14 at 317233827
2024-08-01 08:05:20,010 INFO Node Reduce rank 15 at 317236472
2024-08-01 08:05:20,021 INFO All Reduce CHECKSUM 12: 22.397675
2024-08-01 08:05:20,020 INFO All Reduce CHECKSUM 8: 22.397675
2024-08-01 08:05:20,021 INFO All Reduce CHECKSUM 4: 22.397675
2024-08-01 08:05:20,016 INFO All Reduce CHECKSUM 0: 22.397675
2024-08-01 08:05:20,019 INFO All Reduce CHECKSUM 13: 22.397675
2024-08-01 08:05:20,021 INFO All Reduce CHECKSUM 10: 22.397675
2024-08-01 08:05:20,021 INFO All Reduce CHECKSUM 14: 22.397675
2024-08-01 08:05:20,021 INFO All Reduce CHECKSUM 15: 22.397675
2024-08-01 08:05:20,017 INFO All Reduce CHECKSUM 9: 22.397675
2024-08-01 08:05:20,020 INFO All Reduce CHECKSUM 11: 22.397675
2024-08-01 08:05:20,018 INFO All Reduce CHECKSUM 1: 22.397675
2024-08-01 08:05:20,021 INFO All Reduce CHECKSUM 5: 22.397675
2024-08-01 08:05:20,017 INFO All Reduce CHECKSUM 2: 22.397675
2024-08-01 08:05:20,017 INFO All Reduce CHECKSUM 6: 22.397675
2024-08-01 08:05:20,020 INFO All Reduce CHECKSUM 3: 22.397675
2024-08-01 08:05:20,021 INFO All Reduce CHECKSUM 7: 22.397675
2024-08-01 08:05:20,037 INFO All Reduce rank 0 at 20672067
2024-08-01 08:05:20,037 INFO All Reduce rank 12 at 20661310
2024-08-01 08:05:20,037 INFO Rank 12 done
2024-08-01 08:05:20,037 INFO All Reduce rank 8 at 20668306
2024-08-01 08:05:20,037 INFO Rank 8 done
2024-08-01 08:05:20,037 INFO All Reduce rank 4 at 20669901
2024-08-01 08:05:20,037 INFO Rank 4 done
2024-08-01 08:05:20,037 INFO All Reduce rank 1 at 20671986
2024-08-01 08:05:20,037 INFO All Reduce rank 14 at 20945480
2024-08-01 08:05:20,037 INFO All Reduce rank 9 at 20946152
2024-08-01 08:05:20,037 INFO All Reduce rank 5 at 20667166
2024-08-01 08:05:20,037 INFO Rank 5 done
2024-08-01 08:05:20,037 INFO All Reduce rank 2 at 20671275
2024-08-01 08:05:20,037 INFO All Reduce rank 15 at 20943917
2024-08-01 08:05:20,037 INFO All Reduce rank 10 at 20946553
2024-08-01 08:05:20,037 INFO All Reduce rank 6 at 20667927
2024-08-01 08:05:20,037 INFO Rank 6 done
2024-08-01 08:05:20,037 INFO All Reduce rank 3 at 20670964
2024-08-01 08:05:20,037 INFO All Reduce rank 13 at 20944078
2024-08-01 08:05:20,037 INFO All Reduce rank 11 at 20944900
2024-08-01 08:05:20,037 INFO All Reduce rank 7 at 20667726
2024-08-01 08:05:20,037 INFO Rank 7 done
2024-08-01 08:05:20,037 INFO Rank 0 done
2024-08-01 08:05:20,037 INFO Rank 14 done
2024-08-01 08:05:20,037 INFO Rank 9 done
2024-08-01 08:05:20,037 INFO Rank 1 done
2024-08-01 08:05:20,037 INFO Rank 15 done
2024-08-01 08:05:20,037 INFO Rank 10 done
2024-08-01 08:05:20,037 INFO Rank 3 done
2024-08-01 08:05:20,037 INFO Rank 13 done
2024-08-01 08:05:20,037 INFO Rank 11 done
2024-08-01 08:05:20,037 INFO Rank 2 done
