
Lmod is automatically replacing "gcc-native/12.3" with "gcc/11.2.0".


Inactive Modules:
  1) cray-libsci/23.12.5

The following have been reloaded with a version change:
  1) cray-mpich/8.1.28 => cray-mpich/8.1.25
  2) cudatoolkit/12.2 => cudatoolkit/11.7

nid[001488,001497,001536,002084]
2024-09-10 09:44:51,706 INFO Initialized rank 4 out of 16
2024-09-10 09:44:51,707 INFO Initialized rank 3 out of 16
2024-09-10 09:44:51,708 INFO Initialized rank 0 out of 16
2024-09-10 09:44:51,709 INFO Initialized rank 2 out of 16
2024-09-10 09:44:51,709 INFO Initialized rank 1 out of 16
2024-09-10 09:44:51,710 INFO Initialized rank 6 out of 16
2024-09-10 09:44:51,711 INFO Initialized rank 7 out of 16
2024-09-10 09:44:51,711 INFO Initialized rank 10 out of 16
2024-09-10 09:44:51,712 INFO Initialized rank 8 out of 16
2024-09-10 09:44:51,712 INFO Initialized rank 11 out of 16
2024-09-10 09:44:51,713 INFO Initialized rank 5 out of 16
2024-09-10 09:44:51,713 INFO Initialized rank 9 out of 16
2024-09-10 09:44:51,714 INFO Initialized rank 15 out of 16
2024-09-10 09:44:51,714 INFO Initialized rank 13 out of 16
2024-09-10 09:44:51,714 INFO Initialized rank 12 out of 16
2024-09-10 09:44:51,715 INFO Initialized rank 14 out of 16
2024-09-10 09:44:56,083 INFO Accepting from rank 15
2024-09-10 09:44:56,083 INFO Accepting from rank 15
2024-09-10 09:44:56,083 INFO Accepting from rank 15
2024-09-10 09:44:56,083 INFO Accepting from rank 15
2024-09-10 09:44:56,083 INFO Accepting from rank 15
2024-09-10 09:44:56,083 INFO Accepting from rank 15
2024-09-10 09:44:56,083 INFO Accepting from rank 15
2024-09-10 09:44:56,083 INFO Accepting from rank 15
2024-09-10 09:44:56,083 INFO Accepting from rank 15
2024-09-10 09:44:56,083 INFO Accepting from rank 15
2024-09-10 09:44:56,083 INFO Accepting from rank 15
2024-09-10 09:44:56,083 INFO Accepting from rank 15
2024-09-10 09:44:56,083 INFO Sending from rank 15
2024-09-10 09:44:56,083 INFO Accepting from rank 15
2024-09-10 09:44:56,083 INFO Accepting from rank 15
2024-09-10 09:44:56,083 INFO Accepting from rank 15
slurmstepd: error: *** STEP 30349661.0 ON nid001488 CANCELLED AT 2024-09-10T17:14:02 DUE TO TIME LIMIT ***
slurmstepd: error: *** JOB 30349661 ON nid001488 CANCELLED AT 2024-09-10T17:14:02 DUE TO TIME LIMIT ***
