
Lmod is automatically replacing "gcc-native/12.3" with "gcc/11.2.0".


Inactive Modules:
  1) cray-libsci/23.12.5

The following have been reloaded with a version change:
  1) cray-mpich/8.1.28 => cray-mpich/8.1.25
  2) cudatoolkit/12.2 => cudatoolkit/11.7

2024-08-19 10:27:58,796 INFO Initialized rank 7 out of 16
2024-08-19 10:27:58,797 INFO Initialized rank 6 out of 16
2024-08-19 10:27:58,797 INFO Initialized rank 0 out of 16
2024-08-19 10:27:58,797 INFO Initialized rank 11 out of 16
2024-08-19 10:27:58,797 INFO Initialized rank 13 out of 16
2024-08-19 10:27:58,797 INFO Initialized rank 5 out of 16
2024-08-19 10:27:58,797 INFO Initialized rank 3 out of 16
2024-08-19 10:27:58,797 INFO Initialized rank 9 out of 16
2024-08-19 10:27:58,797 INFO Initialized rank 15 out of 16
2024-08-19 10:27:58,797 INFO Initialized rank 4 out of 16
2024-08-19 10:27:58,797 INFO Initialized rank 1 out of 16
2024-08-19 10:27:58,797 INFO Initialized rank 10 out of 16
2024-08-19 10:27:58,797 INFO Initialized rank 14 out of 16
2024-08-19 10:27:58,798 INFO Initialized rank 2 out of 16
2024-08-19 10:27:58,797 INFO Initialized rank 8 out of 16
2024-08-19 10:27:58,797 INFO Initialized rank 12 out of 16
2024-08-19 10:28:02,933 INFO Sync time
2024-08-19 10:28:02,934 INFO Sync time
2024-08-19 10:28:02,934 INFO Sync time
2024-08-19 10:28:02,934 INFO Sync time
2024-08-19 10:28:02,934 INFO Sync time
2024-08-19 10:28:02,934 INFO Sync time
2024-08-19 10:28:02,934 INFO Sync time
2024-08-19 10:28:02,934 INFO Sync time
2024-08-19 10:28:02,934 INFO Sync time
2024-08-19 10:28:02,934 INFO Sync time
2024-08-19 10:28:02,934 INFO Sync time
2024-08-19 10:28:02,934 INFO Sync time
2024-08-19 10:28:02,935 INFO Sync time
2024-08-19 10:28:02,934 INFO Sync time
2024-08-19 10:28:02,937 INFO Sending from rank 0
2024-08-19 10:28:02,934 INFO Sync time
2024-08-19 10:28:02,935 INFO Sync time
2024-08-19 10:28:02,937 INFO Accepting from rank 0
2024-08-19 10:28:02,937 INFO Accepting from rank 0
2024-08-19 10:28:02,942 INFO Accepting from rank 0
2024-08-19 10:28:02,937 INFO Accepting from rank 0
2024-08-19 10:28:02,937 INFO Accepting from rank 0
2024-08-19 10:28:02,937 INFO Accepting from rank 0
2024-08-19 10:28:02,942 INFO Accepting from rank 0
2024-08-19 10:28:02,937 INFO Accepting from rank 0
2024-08-19 10:28:02,937 INFO Accepting from rank 0
2024-08-19 10:28:02,937 INFO Accepting from rank 0
2024-08-19 10:28:02,942 INFO Accepting from rank 0
2024-08-19 10:28:02,937 INFO Accepting from rank 0
2024-08-19 10:28:02,937 INFO Accepting from rank 0
2024-08-19 10:28:02,942 INFO Accepting from rank 0
2024-08-19 10:28:02,937 INFO Accepting from rank 0
2024-08-19 10:28:11,824 INFO CHECKSUM 0 1 0: 2.101074
2024-08-19 10:28:11,825 INFO CHECKSUM 0 1 0: 2.101074
2024-08-19 10:28:12,938 INFO sent 0 -> 1 # 0 at 185909254, 0.991098 0.257076
2024-08-19 10:28:12,938 INFO recv 0 -> 1 # 0 at 1288038805, 0.991098 0.257076
2024-08-19 10:28:21,891 INFO CHECKSUM 0 2 0: 1.747323
2024-08-19 10:28:21,893 INFO CHECKSUM 0 2 0: 1.747323
2024-08-19 10:28:22,956 INFO sent 0 -> 2 # 0 at 260418523, 0.648582 0.876952
2024-08-19 10:28:22,956 INFO recv 0 -> 2 # 0 at 1323271026, 0.648582 0.876952
2024-08-19 10:28:31,909 INFO CHECKSUM 0 3 0: 2.293881
2024-08-19 10:28:31,910 INFO CHECKSUM 0 3 0: 2.293881
2024-08-19 10:28:32,904 INFO sent 0 -> 3 # 0 at 231654545, 0.745227 0.560048
2024-08-19 10:28:32,905 INFO recv 0 -> 3 # 0 at 1225544152, 0.745227 0.560048
2024-08-19 10:28:41,833 INFO CHECKSUM 0 4 0: 1.181430
2024-08-19 10:28:41,834 INFO CHECKSUM 0 4 0: 1.181430
2024-08-19 10:28:42,980 INFO sent 0 -> 4 # 0 at 241395200, 0.747875 0.151899
2024-08-19 10:28:42,980 INFO recv 0 -> 4 # 0 at 1389134998, 0.747875 0.151899
2024-08-19 10:28:51,900 INFO CHECKSUM 0 5 0: 1.942946
2024-08-19 10:28:51,901 INFO CHECKSUM 0 5 0: 1.942946
2024-08-19 10:28:53,011 INFO sent 0 -> 5 # 0 at 205173774, 0.694379 0.265531
2024-08-19 10:28:53,011 INFO recv 0 -> 5 # 0 at 1312724424, 0.694379 0.265531
2024-08-19 10:29:01,936 INFO CHECKSUM 0 6 0: 1.154085
2024-08-19 10:29:01,937 INFO CHECKSUM 0 6 0: 1.154085
2024-08-19 10:29:03,128 INFO sent 0 -> 6 # 0 at 216102522, 0.540930 0.585313
2024-08-19 10:29:03,128 INFO recv 0 -> 6 # 0 at 1399201202, 0.540930 0.585313
2024-08-19 10:29:12,024 INFO CHECKSUM 0 7 0: 1.773401
2024-08-19 10:29:12,026 INFO CHECKSUM 0 7 0: 1.773401
2024-08-19 10:29:13,182 INFO sent 0 -> 7 # 0 at 181988632, 0.948022 0.874464
2024-08-19 10:29:13,182 INFO recv 0 -> 7 # 0 at 1333517349, 0.948022 0.874464
2024-08-19 10:29:22,051 INFO CHECKSUM 0 8 0: 1.423669
2024-08-19 10:29:22,052 INFO CHECKSUM 0 8 0: 1.423669
2024-08-19 10:29:23,099 INFO sent 0 -> 8 # 0 at 192761556, 0.844462 0.949564
2024-08-19 10:29:23,099 INFO recv 0 -> 8 # 0 at 1241715944, 0.844462 0.949564
2024-08-19 10:29:31,984 INFO CHECKSUM 0 9 0: 0.972631
2024-08-19 10:29:31,996 INFO CHECKSUM 0 9 0: 0.972631
2024-08-19 10:29:33,211 INFO sent 0 -> 9 # 0 at 171008020, 0.838237 0.566037
2024-08-19 10:29:33,222 INFO recv 0 -> 9 # 0 at 1407956731, 0.838237 0.566037
2024-08-19 10:29:42,153 INFO CHECKSUM 0 10 0: 1.754847
2024-08-19 10:29:42,165 INFO CHECKSUM 0 10 0: 1.754847
2024-08-19 10:29:43,334 INFO sent 0 -> 10 # 0 at 214278130, 0.517533 0.996999
2024-08-19 10:29:43,334 INFO recv 0 -> 10 # 0 at 1387784669, 0.517533 0.996999
2024-08-19 10:29:52,232 INFO CHECKSUM 0 11 0: 1.905325
2024-08-19 10:29:52,231 INFO CHECKSUM 0 11 0: 1.905325
2024-08-19 10:29:53,233 INFO recv 0 -> 11 # 0 at 1204322131, 0.081962 0.009379
2024-08-19 10:29:53,233 INFO sent 0 -> 11 # 0 at 201817182, 0.081962 0.009379
2024-08-19 10:30:02,161 INFO CHECKSUM 0 12 0: 0.763570
2024-08-19 10:30:03,308 INFO sent 0 -> 12 # 0 at 199555738, 0.227293 0.921822
2024-08-19 10:30:02,162 INFO CHECKSUM 0 12 0: 0.763570
2024-08-19 10:30:03,308 INFO recv 0 -> 12 # 0 at 1346129437, 0.227293 0.921822
2024-08-19 10:30:12,263 INFO CHECKSUM 0 13 0: 1.667720
2024-08-19 10:30:13,387 INFO sent 0 -> 13 # 0 at 195689202, 0.502857 0.180147
2024-08-19 10:30:12,265 INFO CHECKSUM 0 13 0: 1.667720
2024-08-19 10:30:13,386 INFO recv 0 -> 13 # 0 at 1311838298, 0.502857 0.180147
2024-08-19 10:30:22,302 INFO CHECKSUM 0 14 0: 1.951414
2024-08-19 10:30:23,343 INFO sent 0 -> 14 # 0 at 197554318, 0.504842 0.360431
2024-08-19 10:30:22,303 INFO CHECKSUM 0 14 0: 1.951414
2024-08-19 10:30:23,343 INFO recv 0 -> 14 # 0 at 1238351412, 0.504842 0.360431
2024-08-19 10:30:32,232 INFO CHECKSUM 0 15 0: 1.043745
2024-08-19 10:30:32,246 INFO CHECKSUM 0 15 0: 1.043745
2024-08-19 10:30:33,414 INFO sent 0 -> 15 # 0 at 194058880, 0.276429 0.533414
2024-08-19 10:30:33,414 INFO Accepting from rank 1
2024-08-19 10:30:33,414 INFO Accepting from rank 1
2024-08-19 10:30:33,414 INFO Accepting from rank 1
2024-08-19 10:30:33,414 INFO Accepting from rank 1
2024-08-19 10:30:33,414 INFO Accepting from rank 1
2024-08-19 10:30:33,414 INFO Accepting from rank 1
2024-08-19 10:30:33,415 INFO Sending from rank 1
2024-08-19 10:30:33,414 INFO Accepting from rank 1
2024-08-19 10:30:33,414 INFO Accepting from rank 1
2024-08-19 10:30:33,414 INFO Accepting from rank 1
2024-08-19 10:30:33,415 INFO Accepting from rank 1
2024-08-19 10:30:33,414 INFO Accepting from rank 1
2024-08-19 10:30:33,414 INFO Accepting from rank 1
2024-08-19 10:30:33,414 INFO Accepting from rank 1
2024-08-19 10:30:33,414 INFO Accepting from rank 1
2024-08-19 10:30:33,414 INFO recv 0 -> 15 # 0 at 1371276074, 0.276429 0.533414
2024-08-19 10:30:33,414 INFO Accepting from rank 1
2024-08-19 10:30:42,232 INFO CHECKSUM 1 0 0: 1.376915
2024-08-19 10:30:42,232 INFO CHECKSUM 1 0 0: 1.376915
2024-08-19 10:30:43,346 INFO recv 1 -> 0 # 0 at 1199976076, 0.198729 0.896600
2024-08-19 10:30:43,346 INFO sent 1 -> 0 # 0 at 77474718, 0.198729 0.896600
2024-08-19 10:30:52,266 INFO CHECKSUM 1 2 0: 1.752541
2024-08-19 10:30:52,267 INFO CHECKSUM 1 2 0: 1.752541
2024-08-19 10:30:53,432 INFO sent 1 -> 2 # 0 at 191097028, 0.108348 0.639269
2024-08-19 10:30:53,432 INFO recv 1 -> 2 # 0 at 1357543717, 0.108348 0.639269
2024-08-19 10:31:02,319 INFO CHECKSUM 1 3 0: 1.962091
2024-08-19 10:31:02,319 INFO CHECKSUM 1 3 0: 1.962091
2024-08-19 10:31:03,422 INFO sent 1 -> 3 # 0 at 180950549, 0.143356 0.491057
2024-08-19 10:31:03,422 INFO recv 1 -> 3 # 0 at 1283971934, 0.143356 0.491057
2024-08-19 10:31:12,328 INFO CHECKSUM 1 4 0: 1.196601
2024-08-19 10:31:12,337 INFO CHECKSUM 1 4 0: 1.196601
2024-08-19 10:31:13,586 INFO sent 1 -> 4 # 0 at 185408632, 0.717911 0.407289
2024-08-19 10:31:13,586 INFO recv 1 -> 4 # 0 at 1443982839, 0.717911 0.407289
2024-08-19 10:31:22,423 INFO CHECKSUM 1 5 0: 2.159801
2024-08-19 10:31:22,423 INFO CHECKSUM 1 5 0: 2.159801
2024-08-19 10:31:23,592 INFO sent 1 -> 5 # 0 at 168104847, 0.202909 0.311401
2024-08-19 10:31:23,591 INFO recv 1 -> 5 # 0 at 1336731698, 0.202909 0.311401
2024-08-19 10:31:32,463 INFO CHECKSUM 1 6 0: 1.793867
2024-08-19 10:31:32,463 INFO CHECKSUM 1 6 0: 1.793867
2024-08-19 10:31:33,642 INFO sent 1 -> 6 # 0 at 160947455, 0.712656 0.616587
2024-08-19 10:31:33,642 INFO recv 1 -> 6 # 0 at 1339950071, 0.712656 0.616587
2024-08-19 10:31:42,532 INFO CHECKSUM 1 7 0: 1.987650
2024-08-19 10:31:42,532 INFO CHECKSUM 1 7 0: 1.987650
2024-08-19 10:31:43,546 INFO sent 1 -> 7 # 0 at 183417322, 0.712580 0.956483
2024-08-19 10:31:43,552 INFO recv 1 -> 7 # 0 at 1203964545, 0.712580 0.956483
2024-08-19 10:31:52,388 INFO CHECKSUM 1 8 0: 0.916731
2024-08-19 10:31:52,388 INFO CHECKSUM 1 8 0: 0.916731
2024-08-19 10:31:53,475 INFO recv 1 -> 8 # 0 at 1254654748, 0.434789 0.185829
2024-08-19 10:31:53,483 INFO sent 1 -> 8 # 0 at 167375905, 0.434789 0.185829
2024-08-19 10:32:02,348 INFO CHECKSUM 1 9 0: 0.959639
2024-08-19 10:32:02,349 INFO CHECKSUM 1 9 0: 0.959639
2024-08-19 10:32:03,354 INFO sent 1 -> 9 # 0 at 172822284, 0.303144 0.375215
2024-08-19 10:32:03,354 INFO recv 1 -> 9 # 0 at 1179312564, 0.303144 0.375215
2024-08-19 10:32:12,223 INFO CHECKSUM 1 10 0: 1.186458
2024-08-19 10:32:12,224 INFO CHECKSUM 1 10 0: 1.186458
2024-08-19 10:32:13,419 INFO sent 1 -> 10 # 0 at 192555821, 0.771994 0.913229
2024-08-19 10:32:13,419 INFO recv 1 -> 10 # 0 at 1388699041, 0.771994 0.913229
2024-08-19 10:32:22,278 INFO CHECKSUM 1 11 0: 1.920380
2024-08-19 10:32:22,282 INFO CHECKSUM 1 11 0: 1.920380
2024-08-19 10:32:23,282 INFO sent 1 -> 11 # 0 at 168207396, 0.065901 0.308645
2024-08-19 10:32:23,290 INFO recv 1 -> 11 # 0 at 1179953444, 0.065901 0.308645
2024-08-19 10:32:32,161 INFO CHECKSUM 1 12 0: 0.589801
2024-08-19 10:32:33,294 INFO sent 1 -> 12 # 0 at 198993541, 0.377129 0.969940
2024-08-19 10:32:32,161 INFO CHECKSUM 1 12 0: 0.589801
2024-08-19 10:32:33,294 INFO recv 1 -> 12 # 0 at 1332476445, 0.377129 0.969940
2024-08-19 10:32:42,155 INFO CHECKSUM 1 13 0: 0.395769
2024-08-19 10:32:42,163 INFO CHECKSUM 1 13 0: 0.395769
2024-08-19 10:32:43,450 INFO sent 1 -> 13 # 0 at 160853718, 0.451396 0.270992
2024-08-19 10:32:43,452 INFO recv 1 -> 13 # 0 at 1459698856, 0.451396 0.270992
2024-08-19 10:32:52,348 INFO CHECKSUM 1 14 0: 1.409111
2024-08-19 10:32:52,348 INFO CHECKSUM 1 14 0: 1.409111
2024-08-19 10:32:53,514 INFO sent 1 -> 14 # 0 at 187558950, 0.938999 0.188099
2024-08-19 10:32:53,514 INFO recv 1 -> 14 # 0 at 1353593838, 0.938999 0.188099
2024-08-19 10:33:02,351 INFO CHECKSUM 1 15 0: 0.339066
2024-08-19 10:33:02,361 INFO CHECKSUM 1 15 0: 0.339066
2024-08-19 10:33:03,483 INFO Accepting from rank 2
2024-08-19 10:33:03,483 INFO Accepting from rank 2
2024-08-19 10:33:03,483 INFO Accepting from rank 2
2024-08-19 10:33:03,483 INFO Accepting from rank 2
2024-08-19 10:33:03,483 INFO Accepting from rank 2
2024-08-19 10:33:03,483 INFO sent 1 -> 15 # 0 at 165071731, 0.075239 0.647928
2024-08-19 10:33:03,483 INFO Accepting from rank 2
2024-08-19 10:33:03,483 INFO Accepting from rank 2
2024-08-19 10:33:03,483 INFO Accepting from rank 2
2024-08-19 10:33:03,483 INFO Sending from rank 2
2024-08-19 10:33:03,483 INFO Accepting from rank 2
2024-08-19 10:33:03,483 INFO Accepting from rank 2
2024-08-19 10:33:03,483 INFO Accepting from rank 2
2024-08-19 10:33:03,483 INFO Accepting from rank 2
2024-08-19 10:33:03,483 INFO Accepting from rank 2
2024-08-19 10:33:03,483 INFO recv 1 -> 15 # 0 at 1296704486, 0.075239 0.647928
2024-08-19 10:33:03,484 INFO Accepting from rank 2
2024-08-19 10:33:03,484 INFO Accepting from rank 2
2024-08-19 10:33:12,202 INFO CHECKSUM 2 0 0: 0.834246
2024-08-19 10:33:12,201 INFO CHECKSUM 2 0 0: 0.834246
2024-08-19 10:33:13,259 INFO recv 2 -> 0 # 0 at 1072661630, 0.461125 0.069706
2024-08-19 10:33:13,259 INFO sent 2 -> 0 # 0 at 14616120, 0.461125 0.069706
2024-08-19 10:33:21,993 INFO CHECKSUM 2 1 0: 1.374701
2024-08-19 10:33:21,992 INFO CHECKSUM 2 1 0: 1.374701
2024-08-19 10:33:23,148 INFO recv 2 -> 1 # 0 at 1170239920, 0.262919 0.768710
2024-08-19 10:33:23,148 INFO sent 2 -> 1 # 0 at 14170325, 0.262919 0.768710
2024-08-19 10:33:32,062 INFO CHECKSUM 2 3 0: 1.373755
2024-08-19 10:33:32,062 INFO CHECKSUM 2 3 0: 1.373755
2024-08-19 10:33:33,099 INFO sent 2 -> 3 # 0 at 182008896, 0.658707 0.195234
2024-08-19 10:33:33,099 INFO recv 2 -> 3 # 0 at 1218649996, 0.658707 0.195234
2024-08-19 10:33:41,989 INFO CHECKSUM 2 4 0: 0.793544
2024-08-19 10:33:41,990 INFO CHECKSUM 2 4 0: 0.793544
2024-08-19 10:33:43,198 INFO sent 2 -> 4 # 0 at 179184893, 0.652205 0.370280
2024-08-19 10:33:43,198 INFO recv 2 -> 4 # 0 at 1387991743, 0.652205 0.370280
2024-08-19 10:33:52,080 INFO CHECKSUM 2 5 0: 1.559792
2024-08-19 10:33:52,080 INFO CHECKSUM 2 5 0: 1.559792
2024-08-19 10:33:53,261 INFO recv 2 -> 5 # 0 at 1347090465, 0.610811 0.261900
2024-08-19 10:33:53,261 INFO sent 2 -> 5 # 0 at 165874345, 0.610811 0.261900
2024-08-19 10:34:02,154 INFO CHECKSUM 2 6 0: 0.765716
2024-08-19 10:34:02,156 INFO CHECKSUM 2 6 0: 0.765716
2024-08-19 10:34:03,251 INFO sent 2 -> 6 # 0 at 169981260, 0.076601 0.659866
2024-08-19 10:34:03,251 INFO recv 2 -> 6 # 0 at 1266829314, 0.076601 0.659866
2024-08-19 10:34:12,419 INFO CHECKSUM 2 7 0: 0.913971
2024-08-19 10:34:12,419 INFO CHECKSUM 2 7 0: 0.913971
2024-08-19 10:34:13,402 INFO recv 2 -> 7 # 0 at 1147999830, 0.391280 0.609337
2024-08-19 10:34:13,402 INFO sent 2 -> 7 # 0 at 165326425, 0.391280 0.609337
2024-08-19 10:34:22,263 INFO CHECKSUM 2 8 0: 1.570699
2024-08-19 10:34:22,263 INFO CHECKSUM 2 8 0: 1.570699
2024-08-19 10:34:23,602 INFO sent 2 -> 8 # 0 at 176858628, 0.962924 0.201697
2024-08-19 10:34:23,602 INFO recv 2 -> 8 # 0 at 1515989305, 0.962924 0.201697
2024-08-19 10:34:32,467 INFO CHECKSUM 2 9 0: 1.074497
2024-08-19 10:34:32,467 INFO CHECKSUM 2 9 0: 1.074497
2024-08-19 10:34:33,642 INFO recv 2 -> 9 # 0 at 1375260810, 0.016461 0.696309
2024-08-19 10:34:33,644 INFO sent 2 -> 9 # 0 at 199916282, 0.016461 0.696309
2024-08-19 10:34:42,493 INFO CHECKSUM 2 10 0: 2.136237
2024-08-19 10:34:42,494 INFO CHECKSUM 2 10 0: 2.136237
2024-08-19 10:34:43,834 INFO sent 2 -> 10 # 0 at 177542610, 0.510170 0.063361
2024-08-19 10:34:43,834 INFO recv 2 -> 10 # 0 at 1510524103, 0.510170 0.063361
2024-08-19 10:34:52,614 INFO CHECKSUM 2 11 0: 1.887215
2024-08-19 10:34:53,778 INFO sent 2 -> 11 # 0 at 104142084, 0.277979 0.514559
2024-08-19 10:34:52,614 INFO CHECKSUM 2 11 0: 1.887215
2024-08-19 10:34:53,778 INFO recv 2 -> 11 # 0 at 1267886374, 0.277979 0.514559
2024-08-19 10:35:02,657 INFO CHECKSUM 2 12 0: 0.735277
2024-08-19 10:35:02,657 INFO CHECKSUM 2 12 0: 0.735277
2024-08-19 10:35:03,744 INFO sent 2 -> 12 # 0 at 195030948, 0.323758 0.443428
2024-08-19 10:35:03,744 INFO recv 2 -> 12 # 0 at 1282281621, 0.323758 0.443428
2024-08-19 10:35:12,596 INFO CHECKSUM 2 13 0: 0.954917
2024-08-19 10:35:12,596 INFO CHECKSUM 2 13 0: 0.954917
2024-08-19 10:35:13,723 INFO sent 2 -> 13 # 0 at 166354414, 0.651393 0.990479
2024-08-19 10:35:13,723 INFO recv 2 -> 13 # 0 at 1293422959, 0.651393 0.990479
2024-08-19 10:35:22,600 INFO CHECKSUM 2 14 0: 1.881015
2024-08-19 10:35:22,601 INFO CHECKSUM 2 14 0: 1.881015
2024-08-19 10:35:23,802 INFO sent 2 -> 14 # 0 at 207448680, 0.306889 0.733961
2024-08-19 10:35:23,802 INFO recv 2 -> 14 # 0 at 1409519853, 0.306889 0.733961
2024-08-19 10:35:32,690 INFO CHECKSUM 2 15 0: 1.385535
2024-08-19 10:35:34,077 INFO Accepting from rank 3
2024-08-19 10:35:32,691 INFO CHECKSUM 2 15 0: 1.385535
2024-08-19 10:35:34,078 INFO Accepting from rank 3
2024-08-19 10:35:34,078 INFO Accepting from rank 3
2024-08-19 10:35:34,078 INFO Accepting from rank 3
2024-08-19 10:35:34,078 INFO Accepting from rank 3
2024-08-19 10:35:34,078 INFO Accepting from rank 3
2024-08-19 10:35:34,078 INFO sent 2 -> 15 # 0 at 186939797, 0.632245 0.894190
2024-08-19 10:35:34,078 INFO Accepting from rank 3
2024-08-19 10:35:34,078 INFO Accepting from rank 3
2024-08-19 10:35:34,078 INFO Accepting from rank 3
2024-08-19 10:35:34,078 INFO Sending from rank 3
2024-08-19 10:35:34,078 INFO Accepting from rank 3
2024-08-19 10:35:34,078 INFO Accepting from rank 3
2024-08-19 10:35:34,078 INFO Accepting from rank 3
2024-08-19 10:35:34,078 INFO Accepting from rank 3
2024-08-19 10:35:34,078 INFO Accepting from rank 3
2024-08-19 10:35:34,078 INFO recv 2 -> 15 # 0 at 1574153386, 0.632245 0.894190
2024-08-19 10:35:34,078 INFO Accepting from rank 3
2024-08-19 10:35:42,813 INFO CHECKSUM 3 0 0: 2.024879
2024-08-19 10:35:42,813 INFO CHECKSUM 3 0 0: 2.024879
2024-08-19 10:35:43,894 INFO recv 3 -> 0 # 0 at 1095203790, 0.443472 0.464149
2024-08-19 10:35:43,894 INFO sent 3 -> 0 # 0 at 14556956, 0.443472 0.464149
2024-08-19 10:35:52,824 INFO CHECKSUM 3 1 0: 1.090248
2024-08-19 10:35:52,823 INFO CHECKSUM 3 1 0: 1.090248
2024-08-19 10:35:54,061 INFO recv 3 -> 1 # 0 at 1324453105, 0.616191 0.152467
2024-08-19 10:35:54,061 INFO sent 3 -> 1 # 0 at 87078524, 0.616191 0.152467
2024-08-19 10:36:02,762 INFO CHECKSUM 3 2 0: 0.509592
2024-08-19 10:36:02,763 INFO CHECKSUM 3 2 0: 0.509592
2024-08-19 10:36:03,758 INFO sent 3 -> 2 # 0 at 14085406, 0.972142 0.304280
2024-08-19 10:36:03,758 INFO recv 3 -> 2 # 0 at 1009902333, 0.972142 0.304280
2024-08-19 10:36:12,667 INFO CHECKSUM 3 4 0: 0.296398
2024-08-19 10:36:12,667 INFO CHECKSUM 3 4 0: 0.296398
2024-08-19 10:36:13,771 INFO recv 3 -> 4 # 0 at 1281631640, 0.115715 0.350568
2024-08-19 10:36:13,771 INFO sent 3 -> 4 # 0 at 177949615, 0.115715 0.350568
2024-08-19 10:36:22,650 INFO CHECKSUM 3 5 0: 0.986850
2024-08-19 10:36:22,657 INFO CHECKSUM 3 5 0: 0.986850
2024-08-19 10:36:23,880 INFO sent 3 -> 5 # 0 at 159952732, 0.929397 0.943153
2024-08-19 10:36:23,883 INFO recv 3 -> 5 # 0 at 1399668035, 0.929397 0.943153
2024-08-19 10:36:32,745 INFO CHECKSUM 3 6 0: 1.587295
2024-08-19 10:36:32,746 INFO CHECKSUM 3 6 0: 1.587295
2024-08-19 10:36:33,942 INFO recv 3 -> 6 # 0 at 1365614836, 0.490606 0.462201
2024-08-19 10:36:33,950 INFO sent 3 -> 6 # 0 at 168679056, 0.490606 0.462201
2024-08-19 10:36:42,846 INFO CHECKSUM 3 7 0: 1.023190
2024-08-19 10:36:42,847 INFO CHECKSUM 3 7 0: 1.023190
2024-08-19 10:36:43,806 INFO sent 3 -> 7 # 0 at 179988765, 0.848445 0.550803
2024-08-19 10:36:43,806 INFO recv 3 -> 7 # 0 at 1139330138, 0.848445 0.550803
2024-08-19 10:36:52,686 INFO CHECKSUM 3 8 0: 2.015074
2024-08-19 10:36:53,906 INFO sent 3 -> 8 # 0 at 163949725, 0.462498 0.285248
2024-08-19 10:36:52,688 INFO CHECKSUM 3 8 0: 2.015074
2024-08-19 10:36:53,906 INFO recv 3 -> 8 # 0 at 1391946998, 0.462498 0.285248
2024-08-19 10:37:02,742 INFO CHECKSUM 3 9 0: 1.470923
2024-08-19 10:37:02,743 INFO CHECKSUM 3 9 0: 1.470923
2024-08-19 10:37:03,898 INFO sent 3 -> 9 # 0 at 175639737, 0.275692 0.369775
2024-08-19 10:37:03,898 INFO recv 3 -> 9 # 0 at 1331203759, 0.275692 0.369775
2024-08-19 10:37:12,714 INFO CHECKSUM 3 10 0: 2.277994
2024-08-19 10:37:12,715 INFO CHECKSUM 3 10 0: 2.277994
2024-08-19 10:37:13,738 INFO sent 3 -> 10 # 0 at 158866180, 0.731011 0.214054
2024-08-19 10:37:13,743 INFO recv 3 -> 10 # 0 at 1187133231, 0.731011 0.214054
2024-08-19 10:37:22,587 INFO CHECKSUM 3 11 0: 2.052361
2024-08-19 10:37:22,588 INFO CHECKSUM 3 11 0: 2.052361
2024-08-19 10:37:23,869 INFO sent 3 -> 11 # 0 at 171060464, 0.250800 0.927973
2024-08-19 10:37:23,869 INFO recv 3 -> 11 # 0 at 1450966033, 0.250800 0.927973
2024-08-19 10:37:32,770 INFO CHECKSUM 3 12 0: 2.623223
2024-08-19 10:37:32,779 INFO CHECKSUM 3 12 0: 2.623223
2024-08-19 10:37:34,016 INFO sent 3 -> 12 # 0 at 192030672, 0.621776 0.218897
2024-08-19 10:37:34,016 INFO recv 3 -> 12 # 0 at 1438064010, 0.621776 0.218897
2024-08-19 10:37:42,878 INFO CHECKSUM 3 13 0: 1.495275
2024-08-19 10:37:43,951 INFO sent 3 -> 13 # 0 at 165866451, 0.945074 0.589079
2024-08-19 10:37:42,886 INFO CHECKSUM 3 13 0: 1.495275
2024-08-19 10:37:43,951 INFO recv 3 -> 13 # 0 at 1236916732, 0.945074 0.589079
2024-08-19 10:37:52,869 INFO CHECKSUM 3 14 0: 1.760332
2024-08-19 10:37:52,869 INFO CHECKSUM 3 14 0: 1.760332
2024-08-19 10:37:53,973 INFO sent 3 -> 14 # 0 at 185990841, 0.648187 0.603670
2024-08-19 10:37:53,973 INFO recv 3 -> 14 # 0 at 1294581879, 0.648187 0.603670
2024-08-19 10:38:02,832 INFO CHECKSUM 3 15 0: 1.086857
2024-08-19 10:38:03,956 INFO Sending from rank 4
2024-08-19 10:38:03,956 INFO Accepting from rank 4
2024-08-19 10:38:03,956 INFO Accepting from rank 4
2024-08-19 10:38:02,841 INFO CHECKSUM 3 15 0: 1.086857
2024-08-19 10:38:03,956 INFO Accepting from rank 4
2024-08-19 10:38:03,956 INFO Accepting from rank 4
2024-08-19 10:38:03,956 INFO Accepting from rank 4
2024-08-19 10:38:03,956 INFO Accepting from rank 4
2024-08-19 10:38:03,956 INFO Accepting from rank 4
2024-08-19 10:38:03,956 INFO Accepting from rank 4
2024-08-19 10:38:03,956 INFO Accepting from rank 4
2024-08-19 10:38:03,956 INFO sent 3 -> 15 # 0 at 157136237, 0.744839 0.924393
2024-08-19 10:38:03,956 INFO Accepting from rank 4
2024-08-19 10:38:03,956 INFO Accepting from rank 4
2024-08-19 10:38:03,956 INFO Accepting from rank 4
2024-08-19 10:38:03,956 INFO recv 3 -> 15 # 0 at 1281658520, 0.744839 0.924393
2024-08-19 10:38:03,956 INFO Accepting from rank 4
2024-08-19 10:38:03,962 INFO Accepting from rank 4
2024-08-19 10:38:03,962 INFO Accepting from rank 4
2024-08-19 10:38:12,696 INFO CHECKSUM 4 0 0: 1.324173
2024-08-19 10:38:12,696 INFO CHECKSUM 4 0 0: 1.324173
2024-08-19 10:38:13,775 INFO recv 4 -> 0 # 0 at 1093824087, 0.866327 0.657315
2024-08-19 10:38:13,775 INFO sent 4 -> 0 # 0 at 14869924, 0.866327 0.657315
2024-08-19 10:38:22,586 INFO CHECKSUM 4 1 0: 1.039928
2024-08-19 10:38:22,587 INFO CHECKSUM 4 1 0: 1.039928
2024-08-19 10:38:23,810 INFO recv 4 -> 1 # 0 at 1299984270, 0.460421 0.141317
2024-08-19 10:38:23,810 INFO sent 4 -> 1 # 0 at 80088805, 0.460421 0.141317
2024-08-19 10:38:32,608 INFO CHECKSUM 4 2 0: 0.373920
2024-08-19 10:38:32,608 INFO CHECKSUM 4 2 0: 0.373920
2024-08-19 10:38:33,722 INFO sent 4 -> 2 # 0 at 89479008, 0.035824 0.785313
2024-08-19 10:38:33,722 INFO recv 4 -> 2 # 0 at 1203899931, 0.035824 0.785313
2024-08-19 10:38:42,440 INFO CHECKSUM 4 3 0: 1.508162
2024-08-19 10:38:42,441 INFO CHECKSUM 4 3 0: 1.508162
2024-08-19 10:38:43,675 INFO sent 4 -> 3 # 0 at 14470030, 0.417028 0.714009
2024-08-19 10:38:43,675 INFO recv 4 -> 3 # 0 at 1249395973, 0.417028 0.714009
2024-08-19 10:38:52,643 INFO CHECKSUM 4 5 0: 0.514287
2024-08-19 10:38:52,643 INFO CHECKSUM 4 5 0: 0.514287
2024-08-19 10:38:53,690 INFO sent 4 -> 5 # 0 at 216897083, 0.951177 0.664536
2024-08-19 10:38:53,690 INFO recv 4 -> 5 # 0 at 1263645632, 0.951177 0.664536
2024-08-19 10:39:02,605 INFO CHECKSUM 4 6 0: 0.719144
2024-08-19 10:39:02,606 INFO CHECKSUM 4 6 0: 0.719144
2024-08-19 10:39:03,569 INFO sent 4 -> 6 # 0 at 191443223, 0.385215 0.123415
2024-08-19 10:39:03,569 INFO recv 4 -> 6 # 0 at 1154874876, 0.385215 0.123415
2024-08-19 10:39:12,545 INFO CHECKSUM 4 7 0: 1.418165
2024-08-19 10:39:12,545 INFO CHECKSUM 4 7 0: 1.418165
2024-08-19 10:39:13,630 INFO sent 4 -> 7 # 0 at 230730711, 0.631469 0.137854
2024-08-19 10:39:13,636 INFO recv 4 -> 7 # 0 at 1319953328, 0.631469 0.137854
2024-08-19 10:39:22,470 INFO CHECKSUM 4 8 0: 1.384024
2024-08-19 10:39:23,536 INFO sent 4 -> 8 # 0 at 108991483, 0.006555 0.757058
2024-08-19 10:39:22,471 INFO CHECKSUM 4 8 0: 1.384024
2024-08-19 10:39:23,536 INFO recv 4 -> 8 # 0 at 1175085212, 0.006555 0.757058
2024-08-19 10:39:32,425 INFO CHECKSUM 4 9 0: 1.937421
2024-08-19 10:39:32,426 INFO CHECKSUM 4 9 0: 1.937421
2024-08-19 10:39:33,632 INFO sent 4 -> 9 # 0 at 158571781, 0.482475 0.934406
2024-08-19 10:39:33,632 INFO recv 4 -> 9 # 0 at 1365740475, 0.482475 0.934406
2024-08-19 10:39:42,505 INFO CHECKSUM 4 10 0: 1.547153
2024-08-19 10:39:42,506 INFO CHECKSUM 4 10 0: 1.547153
2024-08-19 10:39:43,774 INFO sent 4 -> 10 # 0 at 163458546, 0.855829 0.372083
2024-08-19 10:39:43,774 INFO recv 4 -> 10 # 0 at 1432013991, 0.855829 0.372083
2024-08-19 10:39:52,695 INFO CHECKSUM 4 11 0: 1.503297
2024-08-19 10:39:52,696 INFO CHECKSUM 4 11 0: 1.503297
2024-08-19 10:39:53,825 INFO sent 4 -> 11 # 0 at 156733945, 0.420669 0.812524
2024-08-19 10:39:53,825 INFO recv 4 -> 11 # 0 at 1286654682, 0.420669 0.812524
2024-08-19 10:40:02,748 INFO CHECKSUM 4 12 0: 2.691184
2024-08-19 10:40:02,748 INFO CHECKSUM 4 12 0: 2.691184
2024-08-19 10:40:03,810 INFO sent 4 -> 12 # 0 at 189843960, 0.064116 0.824330
2024-08-19 10:40:03,810 INFO recv 4 -> 12 # 0 at 1251818337, 0.064116 0.824330
2024-08-19 10:40:12,734 INFO CHECKSUM 4 13 0: 1.915968
2024-08-19 10:40:12,734 INFO CHECKSUM 4 13 0: 1.915968
2024-08-19 10:40:13,904 INFO sent 4 -> 13 # 0 at 183589428, 0.052526 0.067267
2024-08-19 10:40:13,904 INFO recv 4 -> 13 # 0 at 1352329497, 0.052526 0.067267
2024-08-19 10:40:22,852 INFO CHECKSUM 4 14 0: 1.826330
2024-08-19 10:40:22,853 INFO CHECKSUM 4 14 0: 1.826330
2024-08-19 10:40:23,915 INFO sent 4 -> 14 # 0 at 190536421, 0.994847 0.943089
2024-08-19 10:40:23,923 INFO recv 4 -> 14 # 0 at 1255948055, 0.994847 0.943089
2024-08-19 10:40:32,813 INFO CHECKSUM 4 15 0: 1.223319
2024-08-19 10:40:32,813 INFO CHECKSUM 4 15 0: 1.223319
2024-08-19 10:40:34,004 INFO sent 4 -> 15 # 0 at 174674124, 0.591020 0.888513
2024-08-19 10:40:34,004 INFO Accepting from rank 5
2024-08-19 10:40:34,004 INFO Accepting from rank 5
2024-08-19 10:40:34,004 INFO Accepting from rank 5
2024-08-19 10:40:34,004 INFO Sending from rank 5
2024-08-19 10:40:34,004 INFO Accepting from rank 5
2024-08-19 10:40:34,004 INFO Accepting from rank 5
2024-08-19 10:40:34,004 INFO Accepting from rank 5
2024-08-19 10:40:34,004 INFO Accepting from rank 5
2024-08-19 10:40:34,004 INFO Accepting from rank 5
2024-08-19 10:40:34,004 INFO Accepting from rank 5
2024-08-19 10:40:34,004 INFO Accepting from rank 5
2024-08-19 10:40:34,004 INFO Accepting from rank 5
2024-08-19 10:40:34,004 INFO Accepting from rank 5
2024-08-19 10:40:34,004 INFO Accepting from rank 5
2024-08-19 10:40:34,004 INFO recv 4 -> 15 # 0 at 1362879365, 0.591020 0.888513
2024-08-19 10:40:34,004 INFO Accepting from rank 5
2024-08-19 10:40:34,004 INFO Accepting from rank 5
2024-08-19 10:40:42,745 INFO CHECKSUM 5 0 0: 0.935350
2024-08-19 10:40:42,746 INFO CHECKSUM 5 0 0: 0.935350
2024-08-19 10:40:43,824 INFO sent 5 -> 0 # 0 at 13974752, 0.485391 0.097067
2024-08-19 10:40:43,824 INFO recv 5 -> 0 # 0 at 1101059830, 0.485391 0.097067
2024-08-19 10:40:52,593 INFO CHECKSUM 5 1 0: 1.772664
2024-08-19 10:40:52,585 INFO CHECKSUM 5 1 0: 1.772664
2024-08-19 10:40:53,822 INFO sent 5 -> 1 # 0 at 14855757, 0.362770 0.686119
2024-08-19 10:40:53,822 INFO recv 5 -> 1 # 0 at 1251863618, 0.362770 0.686119
2024-08-19 10:41:02,582 INFO CHECKSUM 5 2 0: 1.795068
2024-08-19 10:41:02,581 INFO CHECKSUM 5 2 0: 1.795068
2024-08-19 10:41:03,819 INFO recv 5 -> 2 # 0 at 1270328512, 0.359931 0.381697
2024-08-19 10:41:03,819 INFO sent 5 -> 2 # 0 at 33134684, 0.359931 0.381697
2024-08-19 10:41:12,628 INFO CHECKSUM 5 3 0: 1.163455
2024-08-19 10:41:12,628 INFO CHECKSUM 5 3 0: 1.163455
2024-08-19 10:41:13,772 INFO recv 5 -> 3 # 0 at 1238367920, 0.282853 0.974358
2024-08-19 10:41:13,780 INFO sent 5 -> 3 # 0 at 93959739, 0.282853 0.974358
2024-08-19 10:41:22,514 INFO CHECKSUM 5 4 0: 2.220447
2024-08-19 10:41:22,525 INFO CHECKSUM 5 4 0: 2.220447
2024-08-19 10:41:23,715 INFO recv 5 -> 4 # 0 at 1223222575, 0.783710 0.010562
2024-08-19 10:41:23,715 INFO sent 5 -> 4 # 0 at 22451747, 0.783710 0.010562
2024-08-19 10:41:32,658 INFO CHECKSUM 5 6 0: 1.626149
2024-08-19 10:41:32,662 INFO CHECKSUM 5 6 0: 1.626149
2024-08-19 10:41:33,561 INFO sent 5 -> 6 # 0 at 201446152, 0.238310 0.185559
2024-08-19 10:41:33,561 INFO recv 5 -> 6 # 0 at 1105069287, 0.238310 0.185559
2024-08-19 10:41:42,482 INFO CHECKSUM 5 7 0: 2.176038
2024-08-19 10:41:42,482 INFO CHECKSUM 5 7 0: 2.176038
2024-08-19 10:41:43,471 INFO sent 5 -> 7 # 0 at 196067026, 0.925694 0.762387
2024-08-19 10:41:43,471 INFO recv 5 -> 7 # 0 at 1185045227, 0.925694 0.762387
2024-08-19 10:41:52,385 INFO CHECKSUM 5 8 0: 2.576473
2024-08-19 10:41:52,385 INFO CHECKSUM 5 8 0: 2.576473
2024-08-19 10:41:53,532 INFO sent 5 -> 8 # 0 at 182921751, 0.550108 0.175083
2024-08-19 10:41:53,532 INFO recv 5 -> 8 # 0 at 1330434165, 0.550108 0.175083
2024-08-19 10:42:02,439 INFO CHECKSUM 5 9 0: 2.007425
2024-08-19 10:42:02,439 INFO CHECKSUM 5 9 0: 2.007425
2024-08-19 10:42:03,565 INFO sent 5 -> 9 # 0 at 167105382, 0.188528 0.194699
2024-08-19 10:42:03,565 INFO recv 5 -> 9 # 0 at 1292912885, 0.188528 0.194699
2024-08-19 10:42:12,465 INFO CHECKSUM 5 10 0: 0.959651
2024-08-19 10:42:12,465 INFO CHECKSUM 5 10 0: 0.959651
2024-08-19 10:42:13,681 INFO sent 5 -> 10 # 0 at 158860196, 0.297749 0.643618
2024-08-19 10:42:13,681 INFO recv 5 -> 10 # 0 at 1387011910, 0.297749 0.643618
2024-08-19 10:42:22,623 INFO CHECKSUM 5 11 0: 1.245039
2024-08-19 10:42:22,623 INFO CHECKSUM 5 11 0: 1.245039
2024-08-19 10:42:23,802 INFO sent 5 -> 11 # 0 at 179874068, 0.045423 0.042131
2024-08-19 10:42:23,802 INFO recv 5 -> 11 # 0 at 1359358826, 0.045423 0.042131
2024-08-19 10:42:32,725 INFO CHECKSUM 5 12 0: 1.477465
2024-08-19 10:42:32,725 INFO CHECKSUM 5 12 0: 1.477465
2024-08-19 10:42:33,867 INFO recv 5 -> 12 # 0 at 1338813068, 0.174083 0.386564
2024-08-19 10:42:33,873 INFO sent 5 -> 12 # 0 at 197213947, 0.174083 0.386564
2024-08-19 10:42:42,765 INFO CHECKSUM 5 13 0: 1.922819
2024-08-19 10:42:42,766 INFO CHECKSUM 5 13 0: 1.922819
2024-08-19 10:42:43,886 INFO sent 5 -> 13 # 0 at 178854695, 0.245153 0.092793
2024-08-19 10:42:43,886 INFO recv 5 -> 13 # 0 at 1299888351, 0.245153 0.092793
2024-08-19 10:42:52,721 INFO CHECKSUM 5 14 0: 1.105942
2024-08-19 10:42:52,721 INFO CHECKSUM 5 14 0: 1.105942
2024-08-19 10:42:53,726 INFO sent 5 -> 14 # 0 at 107044004, 0.482248 0.676444
2024-08-19 10:42:53,726 INFO recv 5 -> 14 # 0 at 1111719239, 0.482248 0.676444
2024-08-19 10:43:02,595 INFO CHECKSUM 5 15 0: 2.416927
2024-08-19 10:43:02,595 INFO CHECKSUM 5 15 0: 2.416927
2024-08-19 10:43:03,768 INFO Accepting from rank 6
2024-08-19 10:43:03,768 INFO Accepting from rank 6
2024-08-19 10:43:03,768 INFO Accepting from rank 6
2024-08-19 10:43:03,768 INFO Accepting from rank 6
2024-08-19 10:43:03,768 INFO Accepting from rank 6
2024-08-19 10:43:03,768 INFO Accepting from rank 6
2024-08-19 10:43:03,768 INFO Accepting from rank 6
2024-08-19 10:43:03,768 INFO Accepting from rank 6
2024-08-19 10:43:03,768 INFO Accepting from rank 6
2024-08-19 10:43:03,768 INFO Accepting from rank 6
2024-08-19 10:43:03,768 INFO sent 5 -> 15 # 0 at 166554964, 0.448843 0.452377
2024-08-19 10:43:03,768 INFO Accepting from rank 6
2024-08-19 10:43:03,768 INFO Accepting from rank 6
2024-08-19 10:43:03,768 INFO Sending from rank 6
2024-08-19 10:43:03,768 INFO Accepting from rank 6
2024-08-19 10:43:03,768 INFO recv 5 -> 15 # 0 at 1339766023, 0.448843 0.452377
2024-08-19 10:43:03,768 INFO Accepting from rank 6
2024-08-19 10:43:03,768 INFO Accepting from rank 6
2024-08-19 10:43:12,542 INFO CHECKSUM 6 0 0: 1.339321
2024-08-19 10:43:12,543 INFO CHECKSUM 6 0 0: 1.339321
2024-08-19 10:43:13,694 INFO sent 6 -> 0 # 0 at 32565010, 0.095414 0.465442
2024-08-19 10:43:13,694 INFO recv 6 -> 0 # 0 at 1184580100, 0.095414 0.465442
2024-08-19 10:43:22,441 INFO CHECKSUM 6 1 0: 1.544892
2024-08-19 10:43:22,440 INFO CHECKSUM 6 1 0: 1.544892
2024-08-19 10:43:23,598 INFO recv 6 -> 1 # 0 at 1171975319, 0.372839 0.361803
2024-08-19 10:43:23,598 INFO sent 6 -> 1 # 0 at 14210357, 0.372839 0.361803
2024-08-19 10:43:32,365 INFO CHECKSUM 6 2 0: 1.709167
2024-08-19 10:43:32,365 INFO CHECKSUM 6 2 0: 1.709167
2024-08-19 10:43:33,668 INFO recv 6 -> 2 # 0 at 1325503461, 0.642346 0.864415
2024-08-19 10:43:33,667 INFO sent 6 -> 2 # 0 at 22890276, 0.642346 0.864415
2024-08-19 10:43:42,412 INFO CHECKSUM 6 3 0: 1.505112
2024-08-19 10:43:42,422 INFO CHECKSUM 6 3 0: 1.505112
2024-08-19 10:43:43,515 INFO sent 6 -> 3 # 0 at 14228674, 0.449072 0.842384
2024-08-19 10:43:43,515 INFO recv 6 -> 3 # 0 at 1117180088, 0.449072 0.842384
2024-08-19 10:43:52,249 INFO CHECKSUM 6 4 0: 1.249476
2024-08-19 10:43:52,249 INFO CHECKSUM 6 4 0: 1.249476
2024-08-19 10:43:53,386 INFO recv 6 -> 4 # 0 at 1150992695, 0.738501 0.927553
2024-08-19 10:43:53,386 INFO sent 6 -> 4 # 0 at 14176432, 0.738501 0.927553
2024-08-19 10:44:02,106 INFO CHECKSUM 6 5 0: 1.857682
2024-08-19 10:44:02,107 INFO CHECKSUM 6 5 0: 1.857682
2024-08-19 10:44:03,142 INFO sent 6 -> 5 # 0 at 14267949, 0.677398 0.467374
2024-08-19 10:44:03,152 INFO recv 6 -> 5 # 0 at 1060149249, 0.677398 0.467374
2024-08-19 10:44:12,074 INFO CHECKSUM 6 7 0: 1.990502
2024-08-19 10:44:12,074 INFO CHECKSUM 6 7 0: 1.990502
2024-08-19 10:44:13,150 INFO sent 6 -> 7 # 0 at 223533037, 0.067957 0.589021
2024-08-19 10:44:13,150 INFO recv 6 -> 7 # 0 at 1300307731, 0.067957 0.589021
2024-08-19 10:44:22,045 INFO CHECKSUM 6 8 0: 1.744006
2024-08-19 10:44:22,048 INFO CHECKSUM 6 8 0: 1.744006
2024-08-19 10:44:23,256 INFO recv 6 -> 8 # 0 at 1393683196, 0.394808 0.057081
2024-08-19 10:44:23,256 INFO sent 6 -> 8 # 0 at 178726101, 0.394808 0.057081
2024-08-19 10:44:32,151 INFO CHECKSUM 6 9 0: 1.540044
2024-08-19 10:44:32,152 INFO CHECKSUM 6 9 0: 1.540044
2024-08-19 10:44:33,241 INFO sent 6 -> 9 # 0 at 191231527, 0.358086 0.624966
2024-08-19 10:44:33,241 INFO recv 6 -> 9 # 0 at 1279671798, 0.358086 0.624966
2024-08-19 10:44:42,193 INFO CHECKSUM 6 10 0: 1.479188
2024-08-19 10:44:42,202 INFO CHECKSUM 6 10 0: 1.479188
2024-08-19 10:44:43,275 INFO sent 6 -> 10 # 0 at 185341913, 0.068936 0.280247
2024-08-19 10:44:43,275 INFO recv 6 -> 10 # 0 at 1267266968, 0.068936 0.280247
2024-08-19 10:44:52,178 INFO CHECKSUM 6 11 0: 1.343792
2024-08-19 10:44:52,177 INFO CHECKSUM 6 11 0: 1.343792
2024-08-19 10:44:53,292 INFO recv 6 -> 11 # 0 at 1281620075, 0.333681 0.565073
2024-08-19 10:44:53,292 INFO sent 6 -> 11 # 0 at 166672771, 0.333681 0.565073
2024-08-19 10:45:02,226 INFO CHECKSUM 6 12 0: 1.505379
2024-08-19 10:45:02,226 INFO CHECKSUM 6 12 0: 1.505379
2024-08-19 10:45:03,354 INFO sent 6 -> 12 # 0 at 219514094, 0.533316 0.751703
2024-08-19 10:45:03,354 INFO recv 6 -> 12 # 0 at 1348064358, 0.533316 0.751703
2024-08-19 10:45:12,316 INFO CHECKSUM 6 13 0: 1.261688
2024-08-19 10:45:12,314 INFO CHECKSUM 6 13 0: 1.261688
2024-08-19 10:45:13,391 INFO sent 6 -> 13 # 0 at 189604956, 0.219783 0.054780
2024-08-19 10:45:13,391 INFO recv 6 -> 13 # 0 at 1264715588, 0.219783 0.054780
2024-08-19 10:45:22,313 INFO CHECKSUM 6 14 0: 1.558978
2024-08-19 10:45:22,313 INFO CHECKSUM 6 14 0: 1.558978
2024-08-19 10:45:23,420 INFO sent 6 -> 14 # 0 at 172583814, 0.941834 0.384142
2024-08-19 10:45:23,420 INFO recv 6 -> 14 # 0 at 1280149241, 0.941834 0.384142
2024-08-19 10:45:32,585 INFO CHECKSUM 6 15 0: 1.090025
2024-08-19 10:45:32,585 INFO CHECKSUM 6 15 0: 1.090025
2024-08-19 10:45:33,776 INFO Accepting from rank 7
2024-08-19 10:45:33,776 INFO Accepting from rank 7
2024-08-19 10:45:33,776 INFO Accepting from rank 7
2024-08-19 10:45:33,776 INFO Accepting from rank 7
2024-08-19 10:45:33,776 INFO Accepting from rank 7
2024-08-19 10:45:33,776 INFO Accepting from rank 7
2024-08-19 10:45:33,776 INFO Accepting from rank 7
2024-08-19 10:45:33,776 INFO Accepting from rank 7
2024-08-19 10:45:33,776 INFO sent 6 -> 15 # 0 at 168943716, 0.753318 0.870419
2024-08-19 10:45:33,776 INFO Accepting from rank 7
2024-08-19 10:45:33,776 INFO Accepting from rank 7
2024-08-19 10:45:33,776 INFO Accepting from rank 7
2024-08-19 10:45:33,776 INFO Sending from rank 7
2024-08-19 10:45:33,776 INFO Accepting from rank 7
2024-08-19 10:45:33,776 INFO Accepting from rank 7
2024-08-19 10:45:33,776 INFO recv 6 -> 15 # 0 at 1356265885, 0.753318 0.870419
2024-08-19 10:45:33,776 INFO Accepting from rank 7
2024-08-19 10:45:33,776 INFO Accepting from rank 7
2024-08-19 10:45:42,587 INFO CHECKSUM 7 0 0: 1.436152
2024-08-19 10:45:42,588 INFO CHECKSUM 7 0 0: 1.436152
2024-08-19 10:45:43,774 INFO recv 7 -> 0 # 0 at 1201511136, 0.181547 0.081280
2024-08-19 10:45:43,786 INFO sent 7 -> 0 # 0 at 14713993, 0.181547 0.081280
2024-08-19 10:45:52,576 INFO CHECKSUM 7 1 0: 1.679522
2024-08-19 10:45:52,576 INFO CHECKSUM 7 1 0: 1.679522
2024-08-19 10:45:53,754 INFO sent 7 -> 1 # 0 at 15203531, 0.525204 0.469858
2024-08-19 10:45:53,762 INFO recv 7 -> 1 # 0 at 1201643663, 0.525204 0.469858
2024-08-19 10:46:02,529 INFO CHECKSUM 7 2 0: 1.221484
2024-08-19 10:46:02,529 INFO CHECKSUM 7 2 0: 1.221484
2024-08-19 10:46:03,660 INFO recv 7 -> 2 # 0 at 1146474822, 0.476529 0.734362
2024-08-19 10:46:03,660 INFO sent 7 -> 2 # 0 at 14494658, 0.476529 0.734362
2024-08-19 10:46:12,401 INFO CHECKSUM 7 3 0: 1.537266
2024-08-19 10:46:12,402 INFO CHECKSUM 7 3 0: 1.537266
2024-08-19 10:46:13,582 INFO recv 7 -> 3 # 0 at 1195933670, 0.644062 0.146646
2024-08-19 10:46:13,583 INFO sent 7 -> 3 # 0 at 15178122, 0.644062 0.146646
2024-08-19 10:46:22,381 INFO CHECKSUM 7 4 0: 1.401710
2024-08-19 10:46:22,381 INFO CHECKSUM 7 4 0: 1.401710
2024-08-19 10:46:23,307 INFO recv 7 -> 4 # 0 at 940548729, 0.781102 0.514460
2024-08-19 10:46:23,312 INFO sent 7 -> 4 # 0 at 14453108, 0.781102 0.514460
2024-08-19 10:46:32,143 INFO CHECKSUM 7 5 0: 1.367325
2024-08-19 10:46:32,142 INFO CHECKSUM 7 5 0: 1.367325
2024-08-19 10:46:33,164 INFO recv 7 -> 5 # 0 at 1110174121, 0.172000 0.738954
2024-08-19 10:46:33,164 INFO sent 7 -> 5 # 0 at 87833611, 0.172000 0.738954
2024-08-19 10:46:41,976 INFO CHECKSUM 7 6 0: 1.532356
2024-08-19 10:46:41,976 INFO CHECKSUM 7 6 0: 1.532356
2024-08-19 10:46:43,034 INFO recv 7 -> 6 # 0 at 1072710863, 0.528692 0.546328
2024-08-19 10:46:43,034 INFO sent 7 -> 6 # 0 at 14228744, 0.528692 0.546328
2024-08-19 10:46:51,940 INFO CHECKSUM 7 8 0: 1.432765
2024-08-19 10:46:51,940 INFO CHECKSUM 7 8 0: 1.432765
2024-08-19 10:46:52,963 INFO recv 7 -> 8 # 0 at 1201875821, 0.059758 0.326915
2024-08-19 10:46:52,968 INFO sent 7 -> 8 # 0 at 178259271, 0.059758 0.326915
2024-08-19 10:47:01,851 INFO CHECKSUM 7 9 0: 1.267203
2024-08-19 10:47:01,860 INFO CHECKSUM 7 9 0: 1.267203
2024-08-19 10:47:03,083 INFO sent 7 -> 9 # 0 at 174898121, 0.658148 0.743688
2024-08-19 10:47:03,083 INFO recv 7 -> 9 # 0 at 1388793585, 0.658148 0.743688
2024-08-19 10:47:11,976 INFO CHECKSUM 7 10 0: 0.996561
2024-08-19 10:47:11,985 INFO CHECKSUM 7 10 0: 0.996561
2024-08-19 10:47:13,202 INFO sent 7 -> 10 # 0 at 191102521, 0.004144 0.027122
2024-08-19 10:47:13,202 INFO recv 7 -> 10 # 0 at 1414993772, 0.004144 0.027122
2024-08-19 10:47:22,085 INFO CHECKSUM 7 11 0: 1.049364
2024-08-19 10:47:22,086 INFO CHECKSUM 7 11 0: 1.049364
2024-08-19 10:47:23,166 INFO sent 7 -> 11 # 0 at 192875034, 0.869803 0.118317
2024-08-19 10:47:23,166 INFO recv 7 -> 11 # 0 at 1277639390, 0.869803 0.118317
2024-08-19 10:47:32,069 INFO CHECKSUM 7 12 0: 1.339071
2024-08-19 10:47:32,070 INFO CHECKSUM 7 12 0: 1.339071
2024-08-19 10:47:33,247 INFO sent 7 -> 12 # 0 at 181134767, 0.242705 0.321930
2024-08-19 10:47:33,247 INFO recv 7 -> 12 # 0 at 1366405655, 0.242705 0.321930
2024-08-19 10:47:42,145 INFO CHECKSUM 7 13 0: 1.430963
2024-08-19 10:47:42,146 INFO CHECKSUM 7 13 0: 1.430963
2024-08-19 10:47:43,194 INFO sent 7 -> 13 # 0 at 173142740, 0.382418 0.965551
2024-08-19 10:47:43,194 INFO recv 7 -> 13 # 0 at 1222215207, 0.382418 0.965551
2024-08-19 10:47:52,074 INFO CHECKSUM 7 14 0: 1.106752
2024-08-19 10:47:52,074 INFO CHECKSUM 7 14 0: 1.106752
2024-08-19 10:47:53,273 INFO sent 7 -> 14 # 0 at 169183043, 0.923985 0.330679
2024-08-19 10:47:53,273 INFO recv 7 -> 14 # 0 at 1369142405, 0.923985 0.330679
2024-08-19 10:48:02,152 INFO CHECKSUM 7 15 0: 0.987906
2024-08-19 10:48:02,153 INFO CHECKSUM 7 15 0: 0.987906
2024-08-19 10:48:03,564 INFO Accepting from rank 8
2024-08-19 10:48:03,571 INFO Accepting from rank 8
2024-08-19 10:48:03,571 INFO Sending from rank 8
2024-08-19 10:48:03,571 INFO Accepting from rank 8
2024-08-19 10:48:03,577 INFO Accepting from rank 8
2024-08-19 10:48:03,577 INFO Accepting from rank 8
2024-08-19 10:48:03,578 INFO sent 7 -> 15 # 0 at 173795355, 0.166431 0.503110
2024-08-19 10:48:03,578 INFO Accepting from rank 8
2024-08-19 10:48:03,577 INFO Accepting from rank 8
2024-08-19 10:48:03,578 INFO Accepting from rank 8
2024-08-19 10:48:03,578 INFO Accepting from rank 8
2024-08-19 10:48:03,577 INFO Accepting from rank 8
2024-08-19 10:48:03,578 INFO Accepting from rank 8
2024-08-19 10:48:03,578 INFO Accepting from rank 8
2024-08-19 10:48:03,578 INFO Accepting from rank 8
2024-08-19 10:48:03,583 INFO Accepting from rank 8
2024-08-19 10:48:03,583 INFO recv 7 -> 15 # 0 at 1592056172, 0.166431 0.503110
2024-08-19 10:48:03,584 INFO Accepting from rank 8
2024-08-19 10:48:12,288 INFO CHECKSUM 8 0 0: 1.032133
2024-08-19 10:48:13,559 INFO recv 8 -> 0 # 0 at 1291781880, 0.905692 0.487134
2024-08-19 10:48:12,288 INFO CHECKSUM 8 0 0: 1.032133
2024-08-19 10:48:13,558 INFO sent 8 -> 0 # 0 at 21053585, 0.905692 0.487134
2024-08-19 10:48:22,286 INFO CHECKSUM 8 1 0: 1.004771
2024-08-19 10:48:22,280 INFO CHECKSUM 8 1 0: 1.004771
2024-08-19 10:48:23,570 INFO sent 8 -> 1 # 0 at 18146477, 0.920033 0.674646
2024-08-19 10:48:23,574 INFO recv 8 -> 1 # 0 at 1307969181, 0.920033 0.674646
2024-08-19 10:48:32,362 INFO CHECKSUM 8 2 0: 1.389629
2024-08-19 10:48:32,352 INFO CHECKSUM 8 2 0: 1.389629
2024-08-19 10:48:33,458 INFO recv 8 -> 2 # 0 at 1184036450, 0.717853 0.759248
2024-08-19 10:48:33,458 INFO sent 8 -> 2 # 0 at 77727100, 0.717853 0.759248
2024-08-19 10:48:42,185 INFO CHECKSUM 8 3 0: 0.424183
2024-08-19 10:48:42,193 INFO CHECKSUM 8 3 0: 0.424183
2024-08-19 10:48:43,196 INFO sent 8 -> 3 # 0 at 14802511, 0.955787 0.980135
2024-08-19 10:48:43,196 INFO recv 8 -> 3 # 0 at 1026121404, 0.955787 0.980135
2024-08-19 10:48:51,974 INFO CHECKSUM 8 4 0: 1.419708
2024-08-19 10:48:51,978 INFO CHECKSUM 8 4 0: 1.419708
2024-08-19 10:48:53,070 INFO sent 8 -> 4 # 0 at 84795359, 0.096178 0.409667
2024-08-19 10:48:53,070 INFO recv 8 -> 4 # 0 at 1180250122, 0.096178 0.409667
2024-08-19 10:49:01,776 INFO CHECKSUM 8 5 0: 1.781420
2024-08-19 10:49:01,775 INFO CHECKSUM 8 5 0: 1.781420
2024-08-19 10:49:02,913 INFO sent 8 -> 5 # 0 at 14725651, 0.363203 0.239612
2024-08-19 10:49:02,921 INFO recv 8 -> 5 # 0 at 1160295690, 0.363203 0.239612
2024-08-19 10:49:11,669 INFO CHECKSUM 8 6 0: 2.017671
2024-08-19 10:49:11,668 INFO CHECKSUM 8 6 0: 2.017671
2024-08-19 10:49:12,973 INFO recv 8 -> 6 # 0 at 1339217021, 0.738474 0.744663
2024-08-19 10:49:12,973 INFO sent 8 -> 6 # 0 at 34178043, 0.738474 0.744663
2024-08-19 10:49:21,723 INFO CHECKSUM 8 7 0: 1.526367
2024-08-19 10:49:21,723 INFO CHECKSUM 8 7 0: 1.526367
2024-08-19 10:49:22,806 INFO sent 8 -> 7 # 0 at 36724772, 0.520591 0.905993
2024-08-19 10:49:22,814 INFO recv 8 -> 7 # 0 at 1123931396, 0.520591 0.905993
2024-08-19 10:49:31,711 INFO CHECKSUM 8 9 0: 1.549664
2024-08-19 10:49:31,711 INFO CHECKSUM 8 9 0: 1.549664
2024-08-19 10:49:32,694 INFO sent 8 -> 9 # 0 at 184618757, 0.505411 0.275537
2024-08-19 10:49:32,703 INFO recv 8 -> 9 # 0 at 1177493366, 0.505411 0.275537
2024-08-19 10:49:41,583 INFO CHECKSUM 8 10 0: 1.858164
2024-08-19 10:49:41,583 INFO CHECKSUM 8 10 0: 1.858164
2024-08-19 10:49:42,892 INFO sent 8 -> 10 # 0 at 177765976, 0.360486 0.471365
2024-08-19 10:49:42,892 INFO recv 8 -> 10 # 0 at 1487061629, 0.360486 0.471365
2024-08-19 10:49:51,811 INFO CHECKSUM 8 11 0: 1.457562
2024-08-19 10:49:51,813 INFO CHECKSUM 8 11 0: 1.457562
2024-08-19 10:49:52,746 INFO sent 8 -> 11 # 0 at 184277897, 0.579670 0.822589
2024-08-19 10:49:52,746 INFO recv 8 -> 11 # 0 at 1119248367, 0.579670 0.822589
2024-08-19 10:50:01,695 INFO CHECKSUM 8 12 0: 1.303182
2024-08-19 10:50:02,944 INFO sent 8 -> 12 # 0 at 233429517, 0.328869 0.415693
2024-08-19 10:50:01,696 INFO CHECKSUM 8 12 0: 1.303182
2024-08-19 10:50:02,944 INFO recv 8 -> 12 # 0 at 1481972270, 0.328869 0.415693
2024-08-19 10:50:11,838 INFO CHECKSUM 8 13 0: 2.251259
2024-08-19 10:50:13,067 INFO sent 8 -> 13 # 0 at 196319370, 0.256718 0.518671
2024-08-19 10:50:11,839 INFO CHECKSUM 8 13 0: 2.251259
2024-08-19 10:50:13,067 INFO recv 8 -> 13 # 0 at 1425020128, 0.256718 0.518671
2024-08-19 10:50:21,979 INFO CHECKSUM 8 14 0: 1.210430
2024-08-19 10:50:21,979 INFO CHECKSUM 8 14 0: 1.210430
2024-08-19 10:50:23,098 INFO sent 8 -> 14 # 0 at 188234279, 0.473107 0.813562
2024-08-19 10:50:23,098 INFO recv 8 -> 14 # 0 at 1306565695, 0.473107 0.813562
2024-08-19 10:50:32,000 INFO CHECKSUM 8 15 0: 1.415804
2024-08-19 10:50:32,000 INFO CHECKSUM 8 15 0: 1.415804
2024-08-19 10:50:33,114 INFO Accepting from rank 9
2024-08-19 10:50:33,114 INFO Accepting from rank 9
2024-08-19 10:50:33,114 INFO Accepting from rank 9
2024-08-19 10:50:33,114 INFO Accepting from rank 9
2024-08-19 10:50:33,114 INFO sent 8 -> 15 # 0 at 189914226, 0.312197 0.115488
2024-08-19 10:50:33,114 INFO Accepting from rank 9
2024-08-19 10:50:33,114 INFO Accepting from rank 9
2024-08-19 10:50:33,114 INFO Accepting from rank 9
2024-08-19 10:50:33,114 INFO Sending from rank 9
2024-08-19 10:50:33,114 INFO Accepting from rank 9
2024-08-19 10:50:33,114 INFO Accepting from rank 9
2024-08-19 10:50:33,114 INFO Accepting from rank 9
2024-08-19 10:50:33,114 INFO Accepting from rank 9
2024-08-19 10:50:33,114 INFO Accepting from rank 9
2024-08-19 10:50:33,114 INFO Accepting from rank 9
2024-08-19 10:50:33,114 INFO recv 8 -> 15 # 0 at 1295308389, 0.312197 0.115488
2024-08-19 10:50:33,114 INFO Accepting from rank 9
2024-08-19 10:50:33,114 INFO Accepting from rank 9
2024-08-19 10:50:41,940 INFO CHECKSUM 9 0 0: 1.314016
2024-08-19 10:50:41,940 INFO CHECKSUM 9 0 0: 1.314016
2024-08-19 10:50:43,098 INFO recv 9 -> 0 # 0 at 1244021191, 0.970251 0.282838
2024-08-19 10:50:43,098 INFO sent 9 -> 0 # 0 at 86162985, 0.970251 0.282838
2024-08-19 10:50:51,826 INFO CHECKSUM 9 1 0: 1.881579
2024-08-19 10:50:51,826 INFO CHECKSUM 9 1 0: 1.881579
2024-08-19 10:50:53,392 INFO recv 9 -> 1 # 0 at 1586263960, 0.024882 0.975702
2024-08-19 10:50:53,394 INFO sent 9 -> 1 # 0 at 14410373, 0.024882 0.975702
2024-08-19 10:51:02,176 INFO CHECKSUM 9 2 0: 1.408839
2024-08-19 10:51:02,176 INFO CHECKSUM 9 2 0: 1.408839
2024-08-19 10:51:03,338 INFO sent 9 -> 2 # 0 at 85115663, 0.964887 0.949571
2024-08-19 10:51:03,340 INFO recv 9 -> 2 # 0 at 1249525374, 0.964887 0.949571
2024-08-19 10:51:12,150 INFO CHECKSUM 9 3 0: 1.056812
2024-08-19 10:51:12,149 INFO CHECKSUM 9 3 0: 1.056812
2024-08-19 10:51:13,259 INFO sent 9 -> 3 # 0 at 97608125, 0.365172 0.202463
2024-08-19 10:51:13,278 INFO recv 9 -> 3 # 0 at 1224926097, 0.365172 0.202463
2024-08-19 10:51:22,027 INFO CHECKSUM 9 4 0: 1.207055
2024-08-19 10:51:22,027 INFO CHECKSUM 9 4 0: 1.207055
2024-08-19 10:51:23,342 INFO recv 9 -> 4 # 0 at 1371353429, 0.171463 0.700101
2024-08-19 10:51:23,342 INFO sent 9 -> 4 # 0 at 36791076, 0.171463 0.700101
2024-08-19 10:51:32,864 INFO CHECKSUM 9 5 0: 1.271308
2024-08-19 10:51:32,864 INFO CHECKSUM 9 5 0: 1.271308
2024-08-19 10:51:33,610 INFO recv 9 -> 5 # 0 at 762278599, 0.172582 0.142864
2024-08-19 10:51:33,610 INFO sent 9 -> 5 # 0 at 15318954, 0.172582 0.142864
2024-08-19 10:51:42,473 INFO CHECKSUM 9 6 0: 1.692021
2024-08-19 10:51:42,473 INFO CHECKSUM 9 6 0: 1.692021
2024-08-19 10:51:43,690 INFO recv 9 -> 6 # 0 at 1307957907, 0.512280 0.784003
2024-08-19 10:51:43,705 INFO sent 9 -> 6 # 0 at 91173572, 0.512280 0.784003
2024-08-19 10:51:52,556 INFO CHECKSUM 9 7 0: 1.037669
2024-08-19 10:51:52,556 INFO CHECKSUM 9 7 0: 1.037669
2024-08-19 10:51:53,645 INFO recv 9 -> 7 # 0 at 1180738213, 0.863294 0.725452
2024-08-19 10:51:53,645 INFO sent 9 -> 7 # 0 at 85725124, 0.863294 0.725452
2024-08-19 10:52:02,385 INFO CHECKSUM 9 8 0: 1.389081
2024-08-19 10:52:02,385 INFO CHECKSUM 9 8 0: 1.389081
2024-08-19 10:52:03,616 INFO recv 9 -> 8 # 0 at 1246334817, 0.190822 0.971175
2024-08-19 10:52:03,625 INFO sent 9 -> 8 # 0 at 14578016, 0.190822 0.971175
2024-08-19 10:52:12,567 INFO CHECKSUM 9 10 0: 1.514576
2024-08-19 10:52:12,567 INFO CHECKSUM 9 10 0: 1.514576
2024-08-19 10:52:13,602 INFO sent 9 -> 10 # 0 at 184417279, 0.498622 0.748021
2024-08-19 10:52:13,602 INFO recv 9 -> 10 # 0 at 1220200467, 0.498622 0.748021
2024-08-19 10:52:22,588 INFO CHECKSUM 9 11 0: 2.406487
2024-08-19 10:52:22,588 INFO CHECKSUM 9 11 0: 2.406487
2024-08-19 10:52:23,759 INFO sent 9 -> 11 # 0 at 213907309, 0.217118 0.743984
2024-08-19 10:52:23,759 INFO recv 9 -> 11 # 0 at 1384856458, 0.217118 0.743984
2024-08-19 10:52:32,627 INFO CHECKSUM 9 12 0: 0.874180
2024-08-19 10:52:32,627 INFO CHECKSUM 9 12 0: 0.874180
2024-08-19 10:52:33,803 INFO sent 9 -> 12 # 0 at 151611439, 0.667971 0.767438
2024-08-19 10:52:33,803 INFO recv 9 -> 12 # 0 at 1327258677, 0.667971 0.767438
2024-08-19 10:52:42,630 INFO CHECKSUM 9 13 0: 0.593975
2024-08-19 10:52:42,631 INFO CHECKSUM 9 13 0: 0.593975
2024-08-19 10:52:43,760 INFO sent 9 -> 13 # 0 at 108098358, 0.861416 0.544342
2024-08-19 10:52:43,760 INFO recv 9 -> 13 # 0 at 1238159640, 0.861416 0.544342
2024-08-19 10:52:52,672 INFO CHECKSUM 9 14 0: 2.222688
2024-08-19 10:52:52,673 INFO CHECKSUM 9 14 0: 2.222688
2024-08-19 10:52:53,946 INFO recv 9 -> 14 # 0 at 1459907174, 0.612689 0.048005
2024-08-19 10:52:53,954 INFO sent 9 -> 14 # 0 at 186172191, 0.612689 0.048005
2024-08-19 10:53:02,837 INFO CHECKSUM 9 15 0: 0.856244
2024-08-19 10:53:02,837 INFO CHECKSUM 9 15 0: 0.856244
2024-08-19 10:53:04,053 INFO Accepting from rank 10
2024-08-19 10:53:04,052 INFO Accepting from rank 10
2024-08-19 10:53:04,053 INFO Accepting from rank 10
2024-08-19 10:53:04,053 INFO Accepting from rank 10
2024-08-19 10:53:04,053 INFO Accepting from rank 10
2024-08-19 10:53:04,053 INFO Accepting from rank 10
2024-08-19 10:53:04,053 INFO Sending from rank 10
2024-08-19 10:53:04,053 INFO Accepting from rank 10
2024-08-19 10:53:04,053 INFO Accepting from rank 10
2024-08-19 10:53:04,053 INFO Accepting from rank 10
2024-08-19 10:53:04,053 INFO Accepting from rank 10
2024-08-19 10:53:04,053 INFO Accepting from rank 10
2024-08-19 10:53:04,053 INFO Accepting from rank 10
2024-08-19 10:53:04,053 INFO Accepting from rank 10
2024-08-19 10:53:04,053 INFO sent 9 -> 15 # 0 at 183108298, 0.159427 0.416095
2024-08-19 10:53:04,053 INFO recv 9 -> 15 # 0 at 1394645288, 0.159427 0.416095
2024-08-19 10:53:04,053 INFO Accepting from rank 10
2024-08-19 10:53:04,053 INFO Accepting from rank 10
2024-08-19 10:53:12,782 INFO CHECKSUM 10 0 0: 1.182079
2024-08-19 10:53:12,782 INFO CHECKSUM 10 0 0: 1.182079
2024-08-19 10:53:13,867 INFO recv 10 -> 0 # 0 at 1099958701, 0.757694 0.586521
2024-08-19 10:53:13,867 INFO sent 10 -> 0 # 0 at 14678440, 0.757694 0.586521
2024-08-19 10:53:22,668 INFO CHECKSUM 10 1 0: 2.898590
2024-08-19 10:53:22,668 INFO CHECKSUM 10 1 0: 2.898590
2024-08-19 10:53:23,851 INFO sent 10 -> 1 # 0 at 85681739, 0.343233 0.275728
2024-08-19 10:53:23,866 INFO recv 10 -> 1 # 0 at 1287967496, 0.343233 0.275728
2024-08-19 10:53:32,842 INFO CHECKSUM 10 2 0: 0.976325
2024-08-19 10:53:32,841 INFO CHECKSUM 10 2 0: 0.976325
2024-08-19 10:53:33,993 INFO sent 10 -> 2 # 0 at 14498501, 0.320524 0.825433
2024-08-19 10:53:33,994 INFO recv 10 -> 2 # 0 at 1167122611, 0.320524 0.825433
2024-08-19 10:53:42,769 INFO CHECKSUM 10 3 0: 1.011925
2024-08-19 10:53:42,769 INFO CHECKSUM 10 3 0: 1.011925
2024-08-19 10:53:44,011 INFO recv 10 -> 3 # 0 at 1256702285, 0.500860 0.348382
2024-08-19 10:53:44,011 INFO sent 10 -> 3 # 0 at 22770285, 0.500860 0.348382
2024-08-19 10:53:52,772 INFO CHECKSUM 10 4 0: 1.619506
2024-08-19 10:53:52,772 INFO CHECKSUM 10 4 0: 1.619506
2024-08-19 10:53:54,018 INFO recv 10 -> 4 # 0 at 1267942610, 0.547009 0.641369
2024-08-19 10:53:54,019 INFO sent 10 -> 4 # 0 at 21732603, 0.547009 0.641369
2024-08-19 10:54:02,827 INFO CHECKSUM 10 5 0: 1.298212
2024-08-19 10:54:02,826 INFO CHECKSUM 10 5 0: 1.298212
2024-08-19 10:54:04,094 INFO sent 10 -> 5 # 0 at 96331295, 0.799451 0.866291
2024-08-19 10:54:04,095 INFO recv 10 -> 5 # 0 at 1362984422, 0.799451 0.866291
2024-08-19 10:54:12,827 INFO CHECKSUM 10 6 0: 1.596996
2024-08-19 10:54:12,826 INFO CHECKSUM 10 6 0: 1.596996
2024-08-19 10:54:13,946 INFO sent 10 -> 6 # 0 at 14454586, 0.520960 0.468924
2024-08-19 10:54:13,948 INFO recv 10 -> 6 # 0 at 1136757938, 0.520960 0.468924
2024-08-19 10:54:22,767 INFO CHECKSUM 10 7 0: 1.794022
2024-08-19 10:54:22,766 INFO CHECKSUM 10 7 0: 1.794022
2024-08-19 10:54:24,002 INFO recv 10 -> 7 # 0 at 1321668643, 0.940380 0.224323
2024-08-19 10:54:24,011 INFO sent 10 -> 7 # 0 at 85498473, 0.940380 0.224323
2024-08-19 10:54:32,728 INFO CHECKSUM 10 8 0: 2.175381
2024-08-19 10:54:32,729 INFO CHECKSUM 10 8 0: 2.175381
2024-08-19 10:54:33,946 INFO recv 10 -> 8 # 0 at 1232322764, 0.695460 0.710753
2024-08-19 10:54:33,946 INFO sent 10 -> 8 # 0 at 14585159, 0.695460 0.710753
2024-08-19 10:54:42,688 INFO CHECKSUM 10 9 0: 2.146154
2024-08-19 10:54:42,689 INFO CHECKSUM 10 9 0: 2.146154
2024-08-19 10:54:43,741 INFO recv 10 -> 9 # 0 at 1067219208, 0.254099 0.612320
2024-08-19 10:54:43,741 INFO sent 10 -> 9 # 0 at 14396032, 0.254099 0.612320
2024-08-19 10:54:52,642 INFO CHECKSUM 10 11 0: 1.147806
2024-08-19 10:54:52,643 INFO CHECKSUM 10 11 0: 1.147806
2024-08-19 10:54:53,825 INFO sent 10 -> 11 # 0 at 183269082, 0.472041 0.199251
2024-08-19 10:54:53,825 INFO recv 10 -> 11 # 0 at 1366339918, 0.472041 0.199251
2024-08-19 10:55:02,714 INFO CHECKSUM 10 12 0: 1.854445
2024-08-19 10:55:02,715 INFO CHECKSUM 10 12 0: 1.854445
2024-08-19 10:55:03,890 INFO recv 10 -> 12 # 0 at 1336074485, 0.320921 0.748156
2024-08-19 10:55:03,891 INFO sent 10 -> 12 # 0 at 160265324, 0.320921 0.748156
2024-08-19 10:55:12,809 INFO CHECKSUM 10 13 0: 1.575452
2024-08-19 10:55:12,810 INFO CHECKSUM 10 13 0: 1.575452
2024-08-19 10:55:14,447 INFO sent 10 -> 13 # 0 at 189152083, 0.414213 0.602780
2024-08-19 10:55:14,447 INFO recv 10 -> 13 # 0 at 1827905668, 0.414213 0.602780
2024-08-19 10:55:23,367 INFO CHECKSUM 10 14 0: 1.970165
2024-08-19 10:55:23,367 INFO CHECKSUM 10 14 0: 1.970165
2024-08-19 10:55:24,502 INFO sent 10 -> 14 # 0 at 187523053, 0.508820 0.124680
2024-08-19 10:55:24,502 INFO recv 10 -> 14 # 0 at 1322478841, 0.508820 0.124680
2024-08-19 10:55:33,423 INFO CHECKSUM 10 15 0: 2.254159
2024-08-19 10:55:33,423 INFO CHECKSUM 10 15 0: 2.254159
2024-08-19 10:55:34,446 INFO Accepting from rank 11
2024-08-19 10:55:34,453 INFO Accepting from rank 11
2024-08-19 10:55:34,459 INFO Accepting from rank 11
2024-08-19 10:55:34,459 INFO Accepting from rank 11
2024-08-19 10:55:34,459 INFO Accepting from rank 11
2024-08-19 10:55:34,459 INFO Accepting from rank 11
2024-08-19 10:55:34,459 INFO Accepting from rank 11
2024-08-19 10:55:34,459 INFO Accepting from rank 11
2024-08-19 10:55:34,459 INFO Accepting from rank 11
2024-08-19 10:55:34,459 INFO sent 10 -> 15 # 0 at 168861326, 0.586296 0.261452
2024-08-19 10:55:34,459 INFO Accepting from rank 11
2024-08-19 10:55:34,459 INFO Sending from rank 11
2024-08-19 10:55:34,459 INFO recv 10 -> 15 # 0 at 1204961280, 0.586296 0.261452
2024-08-19 10:55:34,459 INFO Accepting from rank 11
2024-08-19 10:55:34,459 INFO Accepting from rank 11
2024-08-19 10:55:34,459 INFO Accepting from rank 11
2024-08-19 10:55:34,471 INFO Accepting from rank 11
2024-08-19 10:55:34,471 INFO Accepting from rank 11
2024-08-19 10:55:43,302 INFO CHECKSUM 11 0 0: 2.048088
2024-08-19 10:55:43,287 INFO CHECKSUM 11 0 0: 2.048088
2024-08-19 10:55:44,562 INFO recv 11 -> 0 # 0 at 1354289809, 0.371306 0.233661
2024-08-19 10:55:44,562 INFO sent 11 -> 0 # 0 at 79695158, 0.371306 0.233661
2024-08-19 10:55:53,371 INFO CHECKSUM 11 1 0: 2.005799
2024-08-19 10:55:53,371 INFO CHECKSUM 11 1 0: 2.005799
2024-08-19 10:55:54,475 INFO recv 11 -> 1 # 0 at 1126605618, 0.008039 0.113276
2024-08-19 10:55:54,480 INFO sent 11 -> 1 # 0 at 22286568, 0.008039 0.113276
2024-08-19 10:56:03,309 INFO CHECKSUM 11 2 0: 1.247856
2024-08-19 10:56:04,421 INFO recv 11 -> 2 # 0 at 1210754944, 0.478130 0.554907
2024-08-19 10:56:03,300 INFO CHECKSUM 11 2 0: 1.247856
2024-08-19 10:56:04,421 INFO sent 11 -> 2 # 0 at 82177237, 0.478130 0.554907
2024-08-19 10:56:13,184 INFO CHECKSUM 11 3 0: 1.109099
2024-08-19 10:56:13,183 INFO CHECKSUM 11 3 0: 1.109099
2024-08-19 10:56:14,394 INFO recv 11 -> 3 # 0 at 1225727369, 0.242499 0.773355
2024-08-19 10:56:14,394 INFO sent 11 -> 3 # 0 at 24607340, 0.242499 0.773355
2024-08-19 10:56:23,608 INFO CHECKSUM 11 4 0: 1.230417
2024-08-19 10:56:23,607 INFO CHECKSUM 11 4 0: 1.230417
2024-08-19 10:56:24,351 INFO recv 11 -> 4 # 0 at 758635074, 0.361052 0.299396
2024-08-19 10:56:24,355 INFO sent 11 -> 4 # 0 at 14808153, 0.361052 0.299396
2024-08-19 10:56:33,432 INFO CHECKSUM 11 5 0: 0.893427
2024-08-19 10:56:33,433 INFO CHECKSUM 11 5 0: 0.893427
2024-08-19 10:56:34,675 INFO recv 11 -> 5 # 0 at 1257387344, 0.064365 0.615703
2024-08-19 10:56:34,675 INFO sent 11 -> 5 # 0 at 14370504, 0.064365 0.615703
2024-08-19 10:56:43,403 INFO CHECKSUM 11 6 0: 1.755786
2024-08-19 10:56:43,403 INFO CHECKSUM 11 6 0: 1.755786
2024-08-19 10:56:44,685 INFO recv 11 -> 6 # 0 at 1296505266, 0.649220 0.957204
2024-08-19 10:56:44,685 INFO sent 11 -> 6 # 0 at 24650023, 0.649220 0.957204
2024-08-19 10:56:53,396 INFO CHECKSUM 11 7 0: 2.293893
2024-08-19 10:56:53,395 INFO CHECKSUM 11 7 0: 2.293893
2024-08-19 10:56:54,810 INFO recv 11 -> 7 # 0 at 1429737408, 0.404164 0.497540
2024-08-19 10:56:54,810 INFO sent 11 -> 7 # 0 at 24516294, 0.404164 0.497540
2024-08-19 10:57:03,560 INFO CHECKSUM 11 8 0: 1.808079
2024-08-19 10:57:03,560 INFO CHECKSUM 11 8 0: 1.808079
2024-08-19 10:57:04,654 INFO recv 11 -> 8 # 0 at 1131923013, 0.518793 0.042696
2024-08-19 10:57:04,654 INFO sent 11 -> 8 # 0 at 29874084, 0.518793 0.042696
2024-08-19 10:57:13,369 INFO CHECKSUM 11 9 0: 1.943571
2024-08-19 10:57:13,370 INFO CHECKSUM 11 9 0: 1.943571
2024-08-19 10:57:14,429 INFO recv 11 -> 9 # 0 at 1073936351, 0.575442 0.836945
2024-08-19 10:57:14,429 INFO sent 11 -> 9 # 0 at 14334043, 0.575442 0.836945
2024-08-19 10:57:23,180 INFO CHECKSUM 11 10 0: 2.258273
2024-08-19 10:57:23,181 INFO CHECKSUM 11 10 0: 2.258273
2024-08-19 10:57:24,395 INFO recv 11 -> 10 # 0 at 1228690426, 0.033992 0.472516
2024-08-19 10:57:24,395 INFO sent 11 -> 10 # 0 at 14138965, 0.033992 0.472516
2024-08-19 10:57:33,399 INFO CHECKSUM 11 12 0: 1.081391
2024-08-19 10:57:33,399 INFO CHECKSUM 11 12 0: 1.081391
2024-08-19 10:57:34,557 INFO recv 11 -> 12 # 0 at 1439486890, 0.866287 0.247457
2024-08-19 10:57:34,562 INFO sent 11 -> 12 # 0 at 280553027, 0.866287 0.247457
2024-08-19 10:57:43,512 INFO CHECKSUM 11 13 0: 1.969512
2024-08-19 10:57:43,512 INFO CHECKSUM 11 13 0: 1.969512
2024-08-19 10:57:44,629 INFO sent 11 -> 13 # 0 at 225510384, 0.397875 0.272807
2024-08-19 10:57:44,629 INFO recv 11 -> 13 # 0 at 1337317926, 0.397875 0.272807
2024-08-19 10:57:53,633 INFO CHECKSUM 11 14 0: 1.240810
2024-08-19 10:57:53,634 INFO CHECKSUM 11 14 0: 1.240810
2024-08-19 10:57:54,818 INFO sent 11 -> 14 # 0 at 256264276, 0.720314 0.747683
2024-08-19 10:57:54,818 INFO recv 11 -> 14 # 0 at 1446119312, 0.720314 0.747683
2024-08-19 10:58:03,789 INFO CHECKSUM 11 15 0: 1.556597
2024-08-19 10:58:03,789 INFO CHECKSUM 11 15 0: 1.556597
2024-08-19 10:58:05,055 INFO Accepting from rank 12
2024-08-19 10:58:05,055 INFO Accepting from rank 12
2024-08-19 10:58:05,055 INFO Accepting from rank 12
2024-08-19 10:58:05,055 INFO Sending from rank 12
2024-08-19 10:58:05,055 INFO Accepting from rank 12
2024-08-19 10:58:05,055 INFO Accepting from rank 12
2024-08-19 10:58:05,055 INFO Accepting from rank 12
2024-08-19 10:58:05,055 INFO Accepting from rank 12
2024-08-19 10:58:05,055 INFO sent 11 -> 15 # 0 at 246577155, 0.666166 0.385468
2024-08-19 10:58:05,055 INFO recv 11 -> 15 # 0 at 1521122187, 0.666166 0.385468
2024-08-19 10:58:05,055 INFO Accepting from rank 12
2024-08-19 10:58:05,055 INFO Accepting from rank 12
2024-08-19 10:58:05,064 INFO Accepting from rank 12
2024-08-19 10:58:05,064 INFO Accepting from rank 12
2024-08-19 10:58:05,065 INFO Accepting from rank 12
2024-08-19 10:58:05,065 INFO Accepting from rank 12
2024-08-19 10:58:05,065 INFO Accepting from rank 12
2024-08-19 10:58:05,065 INFO Accepting from rank 12
2024-08-19 10:58:13,796 INFO CHECKSUM 12 0 0: 1.130603
2024-08-19 10:58:13,796 INFO CHECKSUM 12 0 0: 1.130603
2024-08-19 10:58:14,970 INFO recv 12 -> 0 # 0 at 1209740189, 0.097574 0.643561
2024-08-19 10:58:14,970 INFO sent 12 -> 0 # 0 at 35597155, 0.097574 0.643561
2024-08-19 10:58:23,704 INFO CHECKSUM 12 1 0: 1.848958
2024-08-19 10:58:23,703 INFO CHECKSUM 12 1 0: 1.848958
2024-08-19 10:58:24,954 INFO sent 12 -> 1 # 0 at 24479809, 0.508124 0.873601
2024-08-19 10:58:24,959 INFO recv 12 -> 1 # 0 at 1281438074, 0.508124 0.873601
2024-08-19 10:58:33,665 INFO CHECKSUM 12 2 0: 1.554932
2024-08-19 10:58:33,665 INFO CHECKSUM 12 2 0: 1.554932
2024-08-19 10:58:34,907 INFO recv 12 -> 2 # 0 at 1257079462, 0.694584 0.186858
2024-08-19 10:58:34,907 INFO sent 12 -> 2 # 0 at 14714460, 0.694584 0.186858
2024-08-19 10:58:43,654 INFO CHECKSUM 12 3 0: 1.701939
2024-08-19 10:58:43,654 INFO CHECKSUM 12 3 0: 1.701939
2024-08-19 10:58:44,810 INFO recv 12 -> 3 # 0 at 1173828916, 0.766643 0.757149
2024-08-19 10:58:44,810 INFO sent 12 -> 3 # 0 at 27986249, 0.766643 0.757149
2024-08-19 10:58:53,519 INFO CHECKSUM 12 4 0: 1.652494
2024-08-19 10:58:53,519 INFO CHECKSUM 12 4 0: 1.652494
2024-08-19 10:58:54,683 INFO recv 12 -> 4 # 0 at 1178686723, 0.658681 0.890717
2024-08-19 10:58:54,683 INFO sent 12 -> 4 # 0 at 14507910, 0.658681 0.890717
2024-08-19 10:59:03,436 INFO CHECKSUM 12 5 0: 1.425120
2024-08-19 10:59:03,435 INFO CHECKSUM 12 5 0: 1.425120
2024-08-19 10:59:04,513 INFO sent 12 -> 5 # 0 at 16899061, 0.891682 0.886822
2024-08-19 10:59:04,520 INFO recv 12 -> 5 # 0 at 1099934846, 0.891682 0.886822
2024-08-19 10:59:13,322 INFO CHECKSUM 12 6 0: 1.521569
2024-08-19 10:59:13,321 INFO CHECKSUM 12 6 0: 1.521569
2024-08-19 10:59:14,595 INFO recv 12 -> 6 # 0 at 1350346741, 0.503071 0.275160
2024-08-19 10:59:14,595 INFO sent 12 -> 6 # 0 at 75961391, 0.503071 0.275160
2024-08-19 10:59:23,346 INFO CHECKSUM 12 7 0: 1.239012
2024-08-19 10:59:23,346 INFO CHECKSUM 12 7 0: 1.239012
2024-08-19 10:59:24,478 INFO recv 12 -> 7 # 0 at 1162048598, 0.134801 0.371763
2024-08-19 10:59:24,478 INFO sent 12 -> 7 # 0 at 31617469, 0.134801 0.371763
2024-08-19 10:59:33,231 INFO CHECKSUM 12 8 0: 1.887448
2024-08-19 10:59:33,231 INFO CHECKSUM 12 8 0: 1.887448
2024-08-19 10:59:34,390 INFO recv 12 -> 8 # 0 at 1183518115, 0.085895 0.881531
2024-08-19 10:59:34,390 INFO sent 12 -> 8 # 0 at 24754310, 0.085895 0.881531
2024-08-19 10:59:43,119 INFO CHECKSUM 12 9 0: 1.825132
2024-08-19 10:59:43,119 INFO CHECKSUM 12 9 0: 1.825132
2024-08-19 10:59:44,364 INFO sent 12 -> 9 # 0 at 35554102, 0.296189 0.819120
2024-08-19 10:59:44,364 INFO recv 12 -> 9 # 0 at 1275475945, 0.296189 0.819120
2024-08-19 10:59:53,113 INFO CHECKSUM 12 10 0: 1.000823
2024-08-19 10:59:53,112 INFO CHECKSUM 12 10 0: 1.000823
2024-08-19 10:59:54,256 INFO recv 12 -> 10 # 0 at 1157724984, 0.095618 0.855840
2024-08-19 10:59:54,256 INFO sent 12 -> 10 # 0 at 14340417, 0.095618 0.855840
2024-08-19 11:00:02,981 INFO CHECKSUM 12 11 0: 1.835843
2024-08-19 11:00:02,981 INFO CHECKSUM 12 11 0: 1.835843
2024-08-19 11:00:04,110 INFO recv 12 -> 11 # 0 at 1144109985, 0.421921 0.594300
2024-08-19 11:00:04,110 INFO sent 12 -> 11 # 0 at 22119990, 0.421921 0.594300
2024-08-19 11:00:13,012 INFO CHECKSUM 12 13 0: 2.139740
2024-08-19 11:00:13,013 INFO CHECKSUM 12 13 0: 2.139740
2024-08-19 11:00:14,021 INFO sent 12 -> 13 # 0 at 181865688, 0.407523 0.334998
2024-08-19 11:00:14,021 INFO recv 12 -> 13 # 0 at 1190693214, 0.407523 0.334998
2024-08-19 11:00:22,906 INFO CHECKSUM 12 14 0: 1.418480
2024-08-19 11:00:22,907 INFO CHECKSUM 12 14 0: 1.418480
2024-08-19 11:00:24,029 INFO sent 12 -> 14 # 0 at 176501031, 0.190845 0.550673
2024-08-19 11:00:24,029 INFO recv 12 -> 14 # 0 at 1298989433, 0.190845 0.550673
2024-08-19 11:00:32,952 INFO CHECKSUM 12 15 0: 1.435927
2024-08-19 11:00:34,108 INFO Accepting from rank 13
2024-08-19 11:00:34,108 INFO Accepting from rank 13
2024-08-19 11:00:34,108 INFO Accepting from rank 13
2024-08-19 11:00:32,953 INFO CHECKSUM 12 15 0: 1.435927
2024-08-19 11:00:34,108 INFO Accepting from rank 13
2024-08-19 11:00:34,108 INFO Accepting from rank 13
2024-08-19 11:00:34,108 INFO Sending from rank 13
2024-08-19 11:00:34,108 INFO Accepting from rank 13
2024-08-19 11:00:34,108 INFO Accepting from rank 13
2024-08-19 11:00:34,108 INFO Accepting from rank 13
2024-08-19 11:00:34,108 INFO Accepting from rank 13
2024-08-19 11:00:34,108 INFO Accepting from rank 13
2024-08-19 11:00:34,108 INFO Accepting from rank 13
2024-08-19 11:00:34,108 INFO Accepting from rank 13
2024-08-19 11:00:34,108 INFO sent 12 -> 15 # 0 at 189101699, 0.746815 0.001124
2024-08-19 11:00:34,108 INFO Accepting from rank 13
2024-08-19 11:00:34,108 INFO recv 12 -> 15 # 0 at 1344646396, 0.746815 0.001124
2024-08-19 11:00:34,108 INFO Accepting from rank 13
2024-08-19 11:00:34,108 INFO Accepting from rank 13
2024-08-19 11:00:42,928 INFO CHECKSUM 13 0 0: 1.241586
2024-08-19 11:00:42,928 INFO CHECKSUM 13 0 0: 1.241586
2024-08-19 11:00:44,179 INFO recv 13 -> 0 # 0 at 1340749563, 0.280360 0.874044
2024-08-19 11:00:44,179 INFO sent 13 -> 0 # 0 at 89932632, 0.280360 0.874044
2024-08-19 11:00:52,926 INFO CHECKSUM 13 1 0: 1.522409
2024-08-19 11:00:52,925 INFO CHECKSUM 13 1 0: 1.522409
2024-08-19 11:00:54,174 INFO recv 13 -> 1 # 0 at 1271900658, 0.878086 0.636317
2024-08-19 11:00:54,183 INFO sent 13 -> 1 # 0 at 14455900, 0.878086 0.636317
2024-08-19 11:01:02,945 INFO CHECKSUM 13 2 0: 1.497654
2024-08-19 11:01:02,945 INFO CHECKSUM 13 2 0: 1.497654
2024-08-19 11:01:04,011 INFO recv 13 -> 2 # 0 at 1088935827, 0.272317 0.270998
2024-08-19 11:01:04,011 INFO sent 13 -> 2 # 0 at 21949559, 0.272317 0.270998
2024-08-19 11:01:12,744 INFO CHECKSUM 13 3 0: 1.291844
2024-08-19 11:01:12,744 INFO CHECKSUM 13 3 0: 1.291844
2024-08-19 11:01:13,933 INFO recv 13 -> 3 # 0 at 1208898419, 0.944509 0.993903
2024-08-19 11:01:13,939 INFO sent 13 -> 3 # 0 at 26316084, 0.944509 0.993903
2024-08-19 11:01:22,715 INFO CHECKSUM 13 4 0: 2.248449
2024-08-19 11:01:22,714 INFO CHECKSUM 13 4 0: 2.248449
2024-08-19 11:01:24,008 INFO recv 13 -> 4 # 0 at 1328507834, 0.783160 0.208311
2024-08-19 11:01:24,015 INFO sent 13 -> 4 # 0 at 33890720, 0.783160 0.208311
2024-08-19 11:01:32,772 INFO CHECKSUM 13 5 0: 2.001199
2024-08-19 11:01:32,771 INFO CHECKSUM 13 5 0: 2.001199
2024-08-19 11:01:33,980 INFO recv 13 -> 5 # 0 at 1224424030, 0.598679 0.683487
2024-08-19 11:01:33,980 INFO sent 13 -> 5 # 0 at 20456238, 0.598679 0.683487
2024-08-19 11:01:42,733 INFO CHECKSUM 13 6 0: 0.778942
2024-08-19 11:01:42,733 INFO CHECKSUM 13 6 0: 0.778942
2024-08-19 11:01:43,997 INFO recv 13 -> 6 # 0 at 1279146794, 0.030556 0.264670
2024-08-19 11:01:43,997 INFO sent 13 -> 6 # 0 at 14573678, 0.030556 0.264670
2024-08-19 11:01:52,760 INFO CHECKSUM 13 7 0: 0.494528
2024-08-19 11:01:52,759 INFO CHECKSUM 13 7 0: 0.494528
2024-08-19 11:01:54,040 INFO recv 13 -> 7 # 0 at 1296406869, 0.139488 0.100294
2024-08-19 11:01:54,042 INFO sent 13 -> 7 # 0 at 15454804, 0.139488 0.100294
2024-08-19 11:02:02,798 INFO CHECKSUM 13 8 0: 1.465403
2024-08-19 11:02:02,788 INFO CHECKSUM 13 8 0: 1.465403
2024-08-19 11:02:03,898 INFO recv 13 -> 8 # 0 at 1136212805, 0.937292 0.403209
2024-08-19 11:02:03,898 INFO sent 13 -> 8 # 0 at 26537964, 0.937292 0.403209
2024-08-19 11:02:12,705 INFO CHECKSUM 13 9 0: 1.982236
2024-08-19 11:02:12,706 INFO CHECKSUM 13 9 0: 1.982236
2024-08-19 11:02:13,906 INFO recv 13 -> 9 # 0 at 1279802578, 0.457877 0.118097
2024-08-19 11:02:13,915 INFO sent 13 -> 9 # 0 at 79255118, 0.457877 0.118097
2024-08-19 11:02:22,751 INFO CHECKSUM 13 10 0: 1.221902
2024-08-19 11:02:22,762 INFO CHECKSUM 13 10 0: 1.221902
2024-08-19 11:02:23,866 INFO recv 13 -> 10 # 0 at 1148477984, 0.161443 0.304783
2024-08-19 11:02:23,866 INFO sent 13 -> 10 # 0 at 32814867, 0.161443 0.304783
2024-08-19 11:02:32,766 INFO CHECKSUM 13 11 0: 1.399102
2024-08-19 11:02:32,765 INFO CHECKSUM 13 11 0: 1.399102
2024-08-19 11:02:33,885 INFO recv 13 -> 11 # 0 at 1203131412, 0.248905 0.564771
2024-08-19 11:02:33,885 INFO sent 13 -> 11 # 0 at 85713974, 0.248905 0.564771
2024-08-19 11:02:42,603 INFO CHECKSUM 13 12 0: 1.532927
2024-08-19 11:02:42,603 INFO CHECKSUM 13 12 0: 1.532927
2024-08-19 11:02:43,594 INFO recv 13 -> 12 # 0 at 1005592888, 0.843247 0.456910
2024-08-19 11:02:43,595 INFO sent 13 -> 12 # 0 at 14069111, 0.843247 0.456910
2024-08-19 11:02:52,485 INFO CHECKSUM 13 14 0: 1.347326
2024-08-19 11:02:52,486 INFO CHECKSUM 13 14 0: 1.347326
2024-08-19 11:02:53,466 INFO sent 13 -> 14 # 0 at 185695652, 0.244414 0.201990
2024-08-19 11:02:53,466 INFO recv 13 -> 14 # 0 at 1166727682, 0.244414 0.201990
2024-08-19 11:03:02,398 INFO CHECKSUM 13 15 0: 1.535505
2024-08-19 11:03:02,398 INFO CHECKSUM 13 15 0: 1.535505
2024-08-19 11:03:03,386 INFO Accepting from rank 14
2024-08-19 11:03:03,386 INFO Accepting from rank 14
2024-08-19 11:03:03,386 INFO Accepting from rank 14
2024-08-19 11:03:03,386 INFO Accepting from rank 14
2024-08-19 11:03:03,386 INFO Accepting from rank 14
2024-08-19 11:03:03,386 INFO Accepting from rank 14
2024-08-19 11:03:03,386 INFO Accepting from rank 14
2024-08-19 11:03:03,386 INFO sent 13 -> 15 # 0 at 210804800, 0.756350 0.829672
2024-08-19 11:03:03,386 INFO Accepting from rank 14
2024-08-19 11:03:03,387 INFO Accepting from rank 14
2024-08-19 11:03:03,386 INFO Accepting from rank 14
2024-08-19 11:03:03,386 INFO recv 13 -> 15 # 0 at 1199261074, 0.756350 0.829672
2024-08-19 11:03:03,386 INFO Accepting from rank 14
2024-08-19 11:03:03,387 INFO Accepting from rank 14
2024-08-19 11:03:03,386 INFO Accepting from rank 14
2024-08-19 11:03:03,386 INFO Sending from rank 14
2024-08-19 11:03:03,386 INFO Accepting from rank 14
2024-08-19 11:03:03,386 INFO Accepting from rank 14
2024-08-19 11:03:12,424 INFO CHECKSUM 14 0 0: 0.629112
2024-08-19 11:03:12,424 INFO CHECKSUM 14 0 0: 0.629112
2024-08-19 11:03:13,638 INFO recv 14 -> 0 # 0 at 1242982945, 0.389475 0.117692
2024-08-19 11:03:13,642 INFO sent 14 -> 0 # 0 at 29278671, 0.389475 0.117692
2024-08-19 11:03:22,753 INFO CHECKSUM 14 1 0: 1.409315
2024-08-19 11:03:22,743 INFO CHECKSUM 14 1 0: 1.409315
2024-08-19 11:03:23,880 INFO recv 14 -> 1 # 0 at 1151064868, 0.985337 0.229259
2024-08-19 11:03:23,880 INFO sent 14 -> 1 # 0 at 14331639, 0.985337 0.229259
2024-08-19 11:03:33,021 INFO CHECKSUM 14 2 0: 2.253566
2024-08-19 11:03:33,021 INFO CHECKSUM 14 2 0: 2.253566
2024-08-19 11:03:34,080 INFO recv 14 -> 2 # 0 at 1107231439, 0.671864 0.288026
2024-08-19 11:03:34,080 INFO sent 14 -> 2 # 0 at 48469689, 0.671864 0.288026
2024-08-19 11:03:43,210 INFO CHECKSUM 14 3 0: 1.652966
2024-08-19 11:03:43,209 INFO CHECKSUM 14 3 0: 1.652966
2024-08-19 11:03:44,293 INFO sent 14 -> 3 # 0 at 14991347, 0.742067 0.509981
2024-08-19 11:03:44,306 INFO recv 14 -> 3 # 0 at 1111776013, 0.742067 0.509981
2024-08-19 11:03:53,398 INFO CHECKSUM 14 4 0: 2.179109
2024-08-19 11:03:53,398 INFO CHECKSUM 14 4 0: 2.179109
2024-08-19 11:03:54,427 INFO recv 14 -> 4 # 0 at 1053803366, 0.910845 0.112053
2024-08-19 11:03:54,427 INFO sent 14 -> 4 # 0 at 14312232, 0.910845 0.112053
2024-08-19 11:04:03,518 INFO CHECKSUM 14 5 0: 1.981600
2024-08-19 11:04:03,518 INFO CHECKSUM 14 5 0: 1.981600
2024-08-19 11:04:04,604 INFO recv 14 -> 5 # 0 at 1100755933, 0.913846 0.787996
2024-08-19 11:04:04,604 INFO sent 14 -> 5 # 0 at 14923817, 0.913846 0.787996
2024-08-19 11:04:13,663 INFO CHECKSUM 14 6 0: 1.822956
2024-08-19 11:04:13,654 INFO CHECKSUM 14 6 0: 1.822956
2024-08-19 11:04:14,855 INFO recv 14 -> 6 # 0 at 1216671780, 0.718238 0.375717
2024-08-19 11:04:14,855 INFO sent 14 -> 6 # 0 at 15014121, 0.718238 0.375717
2024-08-19 11:04:23,951 INFO CHECKSUM 14 7 0: 1.182575
2024-08-19 11:04:23,951 INFO CHECKSUM 14 7 0: 1.182575
2024-08-19 11:04:25,087 INFO recv 14 -> 7 # 0 at 1151074163, 0.282390 0.143868
2024-08-19 11:04:25,087 INFO sent 14 -> 7 # 0 at 15260427, 0.282390 0.143868
2024-08-19 11:04:34,061 INFO CHECKSUM 14 8 0: 1.123876
2024-08-19 11:04:34,061 INFO CHECKSUM 14 8 0: 1.123876
2024-08-19 11:04:35,136 INFO recv 14 -> 8 # 0 at 1089590982, 0.904393 0.229995
2024-08-19 11:04:35,136 INFO sent 14 -> 8 # 0 at 14993431, 0.904393 0.229995
2024-08-19 11:04:43,900 INFO CHECKSUM 14 9 0: 0.990824
2024-08-19 11:04:43,900 INFO CHECKSUM 14 9 0: 0.990824
2024-08-19 11:04:45,086 INFO sent 14 -> 9 # 0 at 30744239, 0.120635 0.187379
2024-08-19 11:04:45,086 INFO recv 14 -> 9 # 0 at 1216827743, 0.120635 0.187379
2024-08-19 11:04:53,882 INFO CHECKSUM 14 10 0: 1.014629
2024-08-19 11:04:53,881 INFO CHECKSUM 14 10 0: 1.014629
2024-08-19 11:04:55,018 INFO recv 14 -> 10 # 0 at 1168091564, 0.507532 0.559333
2024-08-19 11:04:55,018 INFO sent 14 -> 10 # 0 at 31617180, 0.507532 0.559333
2024-08-19 11:05:03,801 INFO CHECKSUM 14 11 0: 1.038322
2024-08-19 11:05:03,801 INFO CHECKSUM 14 11 0: 1.038322
2024-08-19 11:05:04,875 INFO sent 14 -> 11 # 0 at 14474938, 0.110485 0.861601
2024-08-19 11:05:04,886 INFO recv 14 -> 11 # 0 at 1099788171, 0.110485 0.861601
2024-08-19 11:05:13,658 INFO CHECKSUM 14 12 0: 1.515072
2024-08-19 11:05:13,658 INFO CHECKSUM 14 12 0: 1.515072
2024-08-19 11:05:14,795 INFO recv 14 -> 12 # 0 at 1152655242, 0.820201 0.000775
2024-08-19 11:05:14,795 INFO sent 14 -> 12 # 0 at 14777604, 0.820201 0.000775
2024-08-19 11:05:23,604 INFO CHECKSUM 14 13 0: 2.354703
2024-08-19 11:05:23,605 INFO CHECKSUM 14 13 0: 2.354703
2024-08-19 11:05:24,746 INFO recv 14 -> 13 # 0 at 1176040111, 0.837985 0.007741
2024-08-19 11:05:24,746 INFO sent 14 -> 13 # 0 at 34230059, 0.837985 0.007741
2024-08-19 11:05:33,674 INFO CHECKSUM 14 15 0: 0.804057
2024-08-19 11:05:34,733 INFO Accepting from rank 15
2024-08-19 11:05:34,733 INFO Accepting from rank 15
2024-08-19 11:05:34,733 INFO Accepting from rank 15
2024-08-19 11:05:33,674 INFO CHECKSUM 14 15 0: 0.804057
2024-08-19 11:05:34,733 INFO Accepting from rank 15
2024-08-19 11:05:34,733 INFO Accepting from rank 15
2024-08-19 11:05:34,734 INFO Accepting from rank 15
2024-08-19 11:05:34,734 INFO Accepting from rank 15
2024-08-19 11:05:34,733 INFO Accepting from rank 15
2024-08-19 11:05:34,733 INFO Accepting from rank 15
2024-08-19 11:05:34,734 INFO Accepting from rank 15
2024-08-19 11:05:34,733 INFO Accepting from rank 15
2024-08-19 11:05:34,733 INFO sent 14 -> 15 # 0 at 175597556, 0.811195 0.432860
2024-08-19 11:05:34,734 INFO Accepting from rank 15
2024-08-19 11:05:34,733 INFO recv 14 -> 15 # 0 at 1234996287, 0.811195 0.432860
2024-08-19 11:05:34,733 INFO Accepting from rank 15
2024-08-19 11:05:34,733 INFO Sending from rank 15
2024-08-19 11:05:34,739 INFO Accepting from rank 15
2024-08-19 11:05:34,739 INFO Accepting from rank 15
2024-08-19 11:05:43,609 INFO CHECKSUM 15 0 0: 1.723079
2024-08-19 11:05:43,609 INFO CHECKSUM 15 0 0: 1.723079
2024-08-19 11:05:44,641 INFO recv 15 -> 0 # 0 at 1113578524, 0.994212 0.022942
2024-08-19 11:05:44,641 INFO sent 15 -> 0 # 0 at 80751488, 0.994212 0.022942
2024-08-19 11:05:53,423 INFO CHECKSUM 15 1 0: 1.953502
2024-08-19 11:05:53,423 INFO CHECKSUM 15 1 0: 1.953502
2024-08-19 11:05:54,619 INFO recv 15 -> 1 # 0 at 1213499570, 0.905882 0.675702
2024-08-19 11:05:54,619 INFO sent 15 -> 1 # 0 at 14709882, 0.905882 0.675702
2024-08-19 11:06:03,452 INFO CHECKSUM 15 2 0: 1.222261
2024-08-19 11:06:03,452 INFO CHECKSUM 15 2 0: 1.222261
2024-08-19 11:06:04,509 INFO recv 15 -> 2 # 0 at 1143641290, 0.536654 0.485389
2024-08-19 11:06:04,509 INFO sent 15 -> 2 # 0 at 80804741, 0.536654 0.485389
2024-08-19 11:06:13,298 INFO CHECKSUM 15 3 0: 1.640787
2024-08-19 11:06:13,297 INFO CHECKSUM 15 3 0: 1.640787
2024-08-19 11:06:14,462 INFO recv 15 -> 3 # 0 at 1192128954, 0.577686 0.154332
2024-08-19 11:06:14,462 INFO sent 15 -> 3 # 0 at 25854903, 0.577686 0.154332
2024-08-19 11:06:23,241 INFO CHECKSUM 15 4 0: 2.133945
2024-08-19 11:06:23,240 INFO CHECKSUM 15 4 0: 2.133945
2024-08-19 11:06:24,341 INFO recv 15 -> 4 # 0 at 1131184587, 0.681591 0.442508
2024-08-19 11:06:24,341 INFO sent 15 -> 4 # 0 at 17408618, 0.681591 0.442508
2024-08-19 11:06:33,125 INFO CHECKSUM 15 5 0: 1.100951
2024-08-19 11:06:33,125 INFO CHECKSUM 15 5 0: 1.100951
2024-08-19 11:06:34,073 INFO recv 15 -> 5 # 0 at 974474067, 0.152247 0.732457
2024-08-19 11:06:34,073 INFO sent 15 -> 5 # 0 at 26098133, 0.152247 0.732457
2024-08-19 11:06:42,944 INFO CHECKSUM 15 6 0: 2.214046
2024-08-19 11:06:42,935 INFO CHECKSUM 15 6 0: 2.214046
2024-08-19 11:06:44,047 INFO recv 15 -> 6 # 0 at 1207458518, 0.842589 0.720188
2024-08-19 11:06:44,055 INFO sent 15 -> 6 # 0 at 92573728, 0.842589 0.720188
2024-08-19 11:06:52,885 INFO CHECKSUM 15 7 0: 2.127486
2024-08-19 11:06:52,884 INFO CHECKSUM 15 7 0: 2.127486
2024-08-19 11:06:54,034 INFO recv 15 -> 7 # 0 at 1239620251, 0.681419 0.786931
2024-08-19 11:06:54,034 INFO sent 15 -> 7 # 0 at 84766662, 0.681419 0.786931
2024-08-19 11:07:02,872 INFO CHECKSUM 15 8 0: 2.076153
2024-08-19 11:07:02,872 INFO CHECKSUM 15 8 0: 2.076153
2024-08-19 11:07:04,092 INFO recv 15 -> 8 # 0 at 1306172390, 0.193611 0.810213
2024-08-19 11:07:04,092 INFO sent 15 -> 8 # 0 at 83645190, 0.193611 0.810213
2024-08-19 11:07:12,873 INFO CHECKSUM 15 9 0: 1.293489
2024-08-19 11:07:12,873 INFO CHECKSUM 15 9 0: 1.293489
2024-08-19 11:07:13,967 INFO recv 15 -> 9 # 0 at 1108997659, 0.653200 0.916785
2024-08-19 11:07:13,967 INFO sent 15 -> 9 # 0 at 15027909, 0.653200 0.916785
2024-08-19 11:07:22,788 INFO CHECKSUM 15 10 0: 1.937456
2024-08-19 11:07:22,788 INFO CHECKSUM 15 10 0: 1.937456
2024-08-19 11:07:23,809 INFO recv 15 -> 10 # 0 at 1111072965, 0.750887 0.707715
2024-08-19 11:07:23,815 INFO sent 15 -> 10 # 0 at 85202623, 0.750887 0.707715
2024-08-19 11:07:32,582 INFO CHECKSUM 15 11 0: 2.188003
2024-08-19 11:07:32,581 INFO CHECKSUM 15 11 0: 2.188003
2024-08-19 11:07:33,714 INFO sent 15 -> 11 # 0 at 25378479, 0.065923 0.649659
2024-08-19 11:07:33,722 INFO recv 15 -> 11 # 0 at 1166304071, 0.065923 0.649659
2024-08-19 11:07:42,488 INFO CHECKSUM 15 12 0: 1.607080
2024-08-19 11:07:42,488 INFO CHECKSUM 15 12 0: 1.607080
2024-08-19 11:07:43,436 INFO recv 15 -> 12 # 0 at 977687205, 0.800829 0.041076
2024-08-19 11:07:43,436 INFO sent 15 -> 12 # 0 at 29720656, 0.800829 0.041076
2024-08-19 11:07:52,190 INFO CHECKSUM 15 13 0: 1.163741
2024-08-19 11:07:52,190 INFO CHECKSUM 15 13 0: 1.163741
2024-08-19 11:07:53,255 INFO recv 15 -> 13 # 0 at 1080435992, 0.776661 0.613681
2024-08-19 11:07:53,255 INFO sent 15 -> 13 # 0 at 14704601, 0.776661 0.613681
2024-08-19 11:08:02,036 INFO CHECKSUM 15 14 0: 0.730971
2024-08-19 11:08:03,034 INFO Rank 0 start All-Reduce
2024-08-19 11:08:02,036 INFO CHECKSUM 15 14 0: 0.730971
2024-08-19 11:08:03,034 INFO Rank 0 HIT BARRIER
2024-08-19 11:08:03,041 INFO Rank 2 start All-Reduce
2024-08-19 11:08:03,041 INFO Rank 12 start All-Reduce
2024-08-19 11:08:03,041 INFO Rank 4 start All-Reduce
2024-08-19 11:08:03,041 INFO Rank 2 HIT BARRIER
2024-08-19 11:08:03,041 INFO Rank 8 start All-Reduce
2024-08-19 11:08:03,041 INFO Rank 5 start All-Reduce
2024-08-19 11:08:03,041 INFO Rank 6 start All-Reduce
2024-08-19 11:08:03,043 INFO Rank 1 start All-Reduce
2024-08-19 11:08:03,041 INFO Rank 7 start All-Reduce
2024-08-19 11:08:03,043 INFO Rank 3 start All-Reduce
2024-08-19 11:08:03,043 INFO Rank 1 HIT BARRIER
2024-08-19 11:08:03,043 INFO Rank 3 HIT BARRIER
2024-08-19 11:08:03,047 INFO recv 15 -> 14 # 0 at 1026028916, 0.245658 0.217846
2024-08-19 11:08:03,047 INFO Rank 10 start All-Reduce
2024-08-19 11:08:03,048 INFO Rank 14 start All-Reduce
2024-08-19 11:08:03,048 INFO Rank 13 start All-Reduce
2024-08-19 11:08:03,048 INFO sent 15 -> 14 # 0 at 14327341, 0.245658 0.217846
2024-08-19 11:08:03,048 INFO Rank 15 start All-Reduce
2024-08-19 11:08:03,050 INFO Rank 9 start All-Reduce
2024-08-19 11:08:03,050 INFO Rank 11 start All-Reduce
2024-08-19 11:08:03,054 INFO Added key: store_based_barrier_key:2 to store for rank: 0
2024-08-19 11:08:03,055 INFO Added key: store_based_barrier_key:2 to store for rank: 4
2024-08-19 11:08:03,055 INFO Added key: store_based_barrier_key:2 to store for rank: 6
2024-08-19 11:08:03,055 INFO Added key: store_based_barrier_key:2 to store for rank: 2
2024-08-19 11:08:03,055 INFO Added key: store_based_barrier_key:2 to store for rank: 9
2024-08-19 11:08:03,055 INFO Added key: store_based_barrier_key:2 to store for rank: 12
2024-08-19 11:08:03,055 INFO Added key: store_based_barrier_key:2 to store for rank: 10
2024-08-19 11:08:03,055 INFO Added key: store_based_barrier_key:2 to store for rank: 14
2024-08-19 11:08:03,055 INFO Added key: store_based_barrier_key:2 to store for rank: 5
2024-08-19 11:08:03,055 INFO Added key: store_based_barrier_key:2 to store for rank: 1
2024-08-19 11:08:03,055 INFO Added key: store_based_barrier_key:2 to store for rank: 8
2024-08-19 11:08:03,055 INFO Added key: store_based_barrier_key:2 to store for rank: 13
2024-08-19 11:08:03,055 INFO Added key: store_based_barrier_key:2 to store for rank: 7
2024-08-19 11:08:03,055 INFO Added key: store_based_barrier_key:2 to store for rank: 3
2024-08-19 11:08:03,055 INFO Added key: store_based_barrier_key:2 to store for rank: 11
2024-08-19 11:08:03,055 INFO Added key: store_based_barrier_key:2 to store for rank: 15
2024-08-19 11:08:03,056 INFO Rank 5: Completed store-based barrier for key:store_based_barrier_key:2 with 16 nodes.
2024-08-19 11:08:03,055 INFO Rank 1: Completed store-based barrier for key:store_based_barrier_key:2 with 16 nodes.
2024-08-19 11:08:03,055 INFO Rank 15: Completed store-based barrier for key:store_based_barrier_key:2 with 16 nodes.
2024-08-19 11:08:03,056 INFO Rank 7: Completed store-based barrier for key:store_based_barrier_key:2 with 16 nodes.
2024-08-19 11:08:03,055 INFO Made group
2024-08-19 11:08:03,055 INFO Rank 13: Completed store-based barrier for key:store_based_barrier_key:2 with 16 nodes.
2024-08-19 11:08:03,055 INFO Rank 3: Completed store-based barrier for key:store_based_barrier_key:2 with 16 nodes.
2024-08-19 11:08:03,056 INFO Made group
2024-08-19 11:08:03,065 INFO Rank 0: Completed store-based barrier for key:store_based_barrier_key:2 with 16 nodes.
2024-08-19 11:08:03,066 INFO Rank 4: Completed store-based barrier for key:store_based_barrier_key:2 with 16 nodes.
2024-08-19 11:08:03,065 INFO Made group
2024-08-19 11:08:03,065 INFO Rank 10: Completed store-based barrier for key:store_based_barrier_key:2 with 16 nodes.
2024-08-19 11:08:03,065 INFO Rank 12: Completed store-based barrier for key:store_based_barrier_key:2 with 16 nodes.
2024-08-19 11:08:03,066 INFO Rank 6: Completed store-based barrier for key:store_based_barrier_key:2 with 16 nodes.
2024-08-19 11:08:03,065 INFO Rank 2: Completed store-based barrier for key:store_based_barrier_key:2 with 16 nodes.
2024-08-19 11:08:03,065 INFO Rank 9: Completed store-based barrier for key:store_based_barrier_key:2 with 16 nodes.
2024-08-19 11:08:03,065 INFO Rank 14: Completed store-based barrier for key:store_based_barrier_key:2 with 16 nodes.
2024-08-19 11:08:03,065 INFO Made group
2024-08-19 11:08:03,065 INFO Rank 8: Completed store-based barrier for key:store_based_barrier_key:2 with 16 nodes.
2024-08-19 11:08:03,065 INFO Rank 11: Completed store-based barrier for key:store_based_barrier_key:2 with 16 nodes.
2024-08-19 11:08:03,381 INFO Node Reduce CHECKSUM 0: 5.279263
2024-08-19 11:08:03,442 INFO Node Reduce CHECKSUM 1: 5.279263
2024-08-19 11:08:03,451 INFO Rank 4 HIT BARRIER
2024-08-19 11:08:03,438 INFO Node Reduce CHECKSUM 2: 5.279263
2024-08-19 11:08:03,451 INFO Rank 5 HIT BARRIER
2024-08-19 11:08:03,366 INFO Node Reduce CHECKSUM 3: 5.279263
2024-08-19 11:08:03,451 INFO Rank 6 HIT BARRIER
2024-08-19 11:08:03,451 INFO Node Reduce rank 0 at 397521557
2024-08-19 11:08:03,451 INFO Rank 7 HIT BARRIER
2024-08-19 11:08:03,451 INFO Node Reduce rank 1 at 396556036
2024-08-19 11:08:03,451 INFO Node Reduce rank 3 at 396562358
2024-08-19 11:08:03,451 INFO Node Reduce rank 2 at 397038681
2024-08-19 11:08:03,474 INFO Added key: store_based_barrier_key:3 to store for rank: 8
2024-08-19 11:08:03,474 INFO Added key: store_based_barrier_key:3 to store for rank: 12
2024-08-19 11:08:03,474 INFO Added key: store_based_barrier_key:3 to store for rank: 0
2024-08-19 11:08:03,474 INFO Added key: store_based_barrier_key:3 to store for rank: 4
2024-08-19 11:08:03,474 INFO Added key: store_based_barrier_key:3 to store for rank: 1
2024-08-19 11:08:03,474 INFO Added key: store_based_barrier_key:3 to store for rank: 10
2024-08-19 11:08:03,475 INFO Added key: store_based_barrier_key:3 to store for rank: 14
2024-08-19 11:08:03,474 INFO Added key: store_based_barrier_key:3 to store for rank: 6
2024-08-19 11:08:03,474 INFO Added key: store_based_barrier_key:3 to store for rank: 2
2024-08-19 11:08:03,474 INFO Added key: store_based_barrier_key:3 to store for rank: 9
2024-08-19 11:08:03,475 INFO Added key: store_based_barrier_key:3 to store for rank: 15
2024-08-19 11:08:03,475 INFO Rank 6: Completed store-based barrier for key:store_based_barrier_key:3 with 16 nodes.
2024-08-19 11:08:03,474 INFO Added key: store_based_barrier_key:3 to store for rank: 3
2024-08-19 11:08:03,474 INFO Added key: store_based_barrier_key:3 to store for rank: 11
2024-08-19 11:08:03,475 INFO Added key: store_based_barrier_key:3 to store for rank: 13
2024-08-19 11:08:03,475 INFO Rank 4: Completed store-based barrier for key:store_based_barrier_key:3 with 16 nodes.
2024-08-19 11:08:03,475 INFO Rank 0: Completed store-based barrier for key:store_based_barrier_key:3 with 16 nodes.
2024-08-19 11:08:03,475 INFO Rank 9: Completed store-based barrier for key:store_based_barrier_key:3 with 16 nodes.
2024-08-19 11:08:03,475 INFO Rank 13: Completed store-based barrier for key:store_based_barrier_key:3 with 16 nodes.
2024-08-19 11:08:03,475 INFO Added key: store_based_barrier_key:3 to store for rank: 5
2024-08-19 11:08:03,475 INFO Rank 11: Completed store-based barrier for key:store_based_barrier_key:3 with 16 nodes.
2024-08-19 11:08:03,475 INFO Rank 15: Completed store-based barrier for key:store_based_barrier_key:3 with 16 nodes.
2024-08-19 11:08:03,475 INFO Added key: store_based_barrier_key:3 to store for rank: 7
2024-08-19 11:08:03,475 INFO Rank 14: Completed store-based barrier for key:store_based_barrier_key:3 with 16 nodes.
2024-08-19 11:08:03,475 INFO Made group
2024-08-19 11:08:03,475 INFO Made group
2024-08-19 11:08:03,475 INFO Rank 5: Completed store-based barrier for key:store_based_barrier_key:3 with 16 nodes.
2024-08-19 11:08:03,475 INFO Rank 7: Completed store-based barrier for key:store_based_barrier_key:3 with 16 nodes.
2024-08-19 11:08:03,475 INFO Made group
2024-08-19 11:08:03,475 INFO Made group
2024-08-19 11:08:03,484 INFO Rank 3: Completed store-based barrier for key:store_based_barrier_key:3 with 16 nodes.
2024-08-19 11:08:03,484 INFO Rank 1: Completed store-based barrier for key:store_based_barrier_key:3 with 16 nodes.
2024-08-19 11:08:03,485 INFO Rank 12: Completed store-based barrier for key:store_based_barrier_key:3 with 16 nodes.
2024-08-19 11:08:03,484 INFO Rank 2: Completed store-based barrier for key:store_based_barrier_key:3 with 16 nodes.
2024-08-19 11:08:03,485 INFO Rank 8: Completed store-based barrier for key:store_based_barrier_key:3 with 16 nodes.
2024-08-19 11:08:03,485 INFO Rank 10: Completed store-based barrier for key:store_based_barrier_key:3 with 16 nodes.
2024-08-19 11:08:03,797 INFO Node Reduce CHECKSUM 4: 6.416821
2024-08-19 11:08:03,797 INFO Node Reduce CHECKSUM 5: 6.416821
2024-08-19 11:08:03,799 INFO Node Reduce CHECKSUM 6: 6.416821
2024-08-19 11:08:03,784 INFO Node Reduce CHECKSUM 7: 6.416821
2024-08-19 11:08:03,830 INFO Rank 8 HIT BARRIER
2024-08-19 11:08:03,832 INFO Node Reduce rank 4 at 358230818
2024-08-19 11:08:03,832 INFO Node Reduce rank 5 at 357823619
2024-08-19 11:08:03,832 INFO Rank 9 HIT BARRIER
2024-08-19 11:08:03,832 INFO Node Reduce rank 6 at 358024658
2024-08-19 11:08:03,832 INFO Rank 10 HIT BARRIER
2024-08-19 11:08:03,832 INFO Node Reduce rank 7 at 357817187
2024-08-19 11:08:03,832 INFO Rank 11 HIT BARRIER
2024-08-19 11:08:03,838 INFO Added key: store_based_barrier_key:4 to store for rank: 0
2024-08-19 11:08:03,839 INFO Added key: store_based_barrier_key:4 to store for rank: 4
2024-08-19 11:08:03,839 INFO Added key: store_based_barrier_key:4 to store for rank: 1
2024-08-19 11:08:03,839 INFO Added key: store_based_barrier_key:4 to store for rank: 12
2024-08-19 11:08:03,839 INFO Added key: store_based_barrier_key:4 to store for rank: 5
2024-08-19 11:08:03,839 INFO Added key: store_based_barrier_key:4 to store for rank: 3
2024-08-19 11:08:03,839 INFO Added key: store_based_barrier_key:4 to store for rank: 6
2024-08-19 11:08:03,839 INFO Added key: store_based_barrier_key:4 to store for rank: 2
2024-08-19 11:08:03,839 INFO Added key: store_based_barrier_key:4 to store for rank: 9
2024-08-19 11:08:03,839 INFO Added key: store_based_barrier_key:4 to store for rank: 13
2024-08-19 11:08:03,839 INFO Added key: store_based_barrier_key:4 to store for rank: 7
2024-08-19 11:08:03,839 INFO Added key: store_based_barrier_key:4 to store for rank: 10
2024-08-19 11:08:03,839 INFO Added key: store_based_barrier_key:4 to store for rank: 14
2024-08-19 11:08:03,839 INFO Rank 5: Completed store-based barrier for key:store_based_barrier_key:4 with 16 nodes.
2024-08-19 11:08:03,839 INFO Added key: store_based_barrier_key:4 to store for rank: 8
2024-08-19 11:08:03,839 INFO Added key: store_based_barrier_key:4 to store for rank: 15
2024-08-19 11:08:03,839 INFO Rank 7: Completed store-based barrier for key:store_based_barrier_key:4 with 16 nodes.
2024-08-19 11:08:03,839 INFO Added key: store_based_barrier_key:4 to store for rank: 11
2024-08-19 11:08:03,839 INFO Rank 12: Completed store-based barrier for key:store_based_barrier_key:4 with 16 nodes.
2024-08-19 11:08:03,839 INFO Rank 4: Completed store-based barrier for key:store_based_barrier_key:4 with 16 nodes.
2024-08-19 11:08:03,839 INFO Rank 9: Completed store-based barrier for key:store_based_barrier_key:4 with 16 nodes.
2024-08-19 11:08:03,839 INFO Rank 14: Completed store-based barrier for key:store_based_barrier_key:4 with 16 nodes.
2024-08-19 11:08:03,839 INFO Rank 6: Completed store-based barrier for key:store_based_barrier_key:4 with 16 nodes.
2024-08-19 11:08:03,839 INFO Rank 10: Completed store-based barrier for key:store_based_barrier_key:4 with 16 nodes.
2024-08-19 11:08:03,839 INFO Made group
2024-08-19 11:08:03,839 INFO Rank 15: Completed store-based barrier for key:store_based_barrier_key:4 with 16 nodes.
2024-08-19 11:08:03,839 INFO Rank 11: Completed store-based barrier for key:store_based_barrier_key:4 with 16 nodes.
2024-08-19 11:08:03,839 INFO Made group
2024-08-19 11:08:03,839 INFO Rank 13: Completed store-based barrier for key:store_based_barrier_key:4 with 16 nodes.
2024-08-19 11:08:03,839 INFO Rank 8: Completed store-based barrier for key:store_based_barrier_key:4 with 16 nodes.
2024-08-19 11:08:03,839 INFO Made group
2024-08-19 11:08:03,839 INFO Made group
2024-08-19 11:08:03,849 INFO Rank 0: Completed store-based barrier for key:store_based_barrier_key:4 with 16 nodes.
2024-08-19 11:08:03,849 INFO Rank 1: Completed store-based barrier for key:store_based_barrier_key:4 with 16 nodes.
2024-08-19 11:08:03,849 INFO Rank 2: Completed store-based barrier for key:store_based_barrier_key:4 with 16 nodes.
2024-08-19 11:08:03,849 INFO Rank 3: Completed store-based barrier for key:store_based_barrier_key:4 with 16 nodes.
2024-08-19 11:08:04,073 INFO Node Reduce CHECKSUM 9: 5.536019
2024-08-19 11:08:04,074 INFO Node Reduce CHECKSUM 10: 5.536019
2024-08-19 11:08:04,069 INFO Node Reduce CHECKSUM 11: 5.536019
2024-08-19 11:08:04,070 INFO Node Reduce CHECKSUM 8: 5.536019
2024-08-19 11:08:04,088 INFO Node Reduce rank 8 at 249436296
2024-08-19 11:08:04,088 INFO Rank 12 HIT BARRIER
2024-08-19 11:08:04,088 INFO Node Reduce rank 9 at 249440935
2024-08-19 11:08:04,088 INFO Rank 13 HIT BARRIER
2024-08-19 11:08:04,088 INFO Node Reduce rank 11 at 249443901
2024-08-19 11:08:04,088 INFO Rank 14 HIT BARRIER
2024-08-19 11:08:04,088 INFO Node Reduce rank 10 at 249454371
2024-08-19 11:08:04,088 INFO Rank 15 HIT BARRIER
2024-08-19 11:08:04,090 INFO Added key: store_based_barrier_key:5 to store for rank: 5
2024-08-19 11:08:04,090 INFO Added key: store_based_barrier_key:5 to store for rank: 1
2024-08-19 11:08:04,090 INFO Added key: store_based_barrier_key:5 to store for rank: 9
2024-08-19 11:08:04,090 INFO Added key: store_based_barrier_key:5 to store for rank: 7
2024-08-19 11:08:04,090 INFO Added key: store_based_barrier_key:5 to store for rank: 3
2024-08-19 11:08:04,091 INFO Added key: store_based_barrier_key:5 to store for rank: 10
2024-08-19 11:08:04,091 INFO Added key: store_based_barrier_key:5 to store for rank: 12
2024-08-19 11:08:04,090 INFO Added key: store_based_barrier_key:5 to store for rank: 4
2024-08-19 11:08:04,090 INFO Added key: store_based_barrier_key:5 to store for rank: 2
2024-08-19 11:08:04,091 INFO Added key: store_based_barrier_key:5 to store for rank: 11
2024-08-19 11:08:04,091 INFO Added key: store_based_barrier_key:5 to store for rank: 14
2024-08-19 11:08:04,090 INFO Added key: store_based_barrier_key:5 to store for rank: 6
2024-08-19 11:08:04,091 INFO Rank 2: Completed store-based barrier for key:store_based_barrier_key:5 with 16 nodes.
2024-08-19 11:08:04,091 INFO Added key: store_based_barrier_key:5 to store for rank: 8
2024-08-19 11:08:04,091 INFO Added key: store_based_barrier_key:5 to store for rank: 13
2024-08-19 11:08:04,091 INFO Rank 5: Completed store-based barrier for key:store_based_barrier_key:5 with 16 nodes.
2024-08-19 11:08:04,091 INFO Rank 1: Completed store-based barrier for key:store_based_barrier_key:5 with 16 nodes.
2024-08-19 11:08:04,091 INFO Rank 9: Completed store-based barrier for key:store_based_barrier_key:5 with 16 nodes.
2024-08-19 11:08:04,091 INFO Added key: store_based_barrier_key:5 to store for rank: 15
2024-08-19 11:08:04,091 INFO Rank 7: Completed store-based barrier for key:store_based_barrier_key:5 with 16 nodes.
2024-08-19 11:08:04,091 INFO Rank 3: Completed store-based barrier for key:store_based_barrier_key:5 with 16 nodes.
2024-08-19 11:08:04,091 INFO Rank 10: Completed store-based barrier for key:store_based_barrier_key:5 with 16 nodes.
2024-08-19 11:08:04,091 INFO Rank 12: Completed store-based barrier for key:store_based_barrier_key:5 with 16 nodes.
2024-08-19 11:08:04,091 INFO Rank 4: Completed store-based barrier for key:store_based_barrier_key:5 with 16 nodes.
2024-08-19 11:08:04,091 INFO Added key: store_based_barrier_key:5 to store for rank: 0
2024-08-19 11:08:04,091 INFO Rank 11: Completed store-based barrier for key:store_based_barrier_key:5 with 16 nodes.
2024-08-19 11:08:04,091 INFO Rank 13: Completed store-based barrier for key:store_based_barrier_key:5 with 16 nodes.
2024-08-19 11:08:04,091 INFO Rank 6: Completed store-based barrier for key:store_based_barrier_key:5 with 16 nodes.
2024-08-19 11:08:04,091 INFO Rank 0: Completed store-based barrier for key:store_based_barrier_key:5 with 16 nodes.
2024-08-19 11:08:04,091 INFO Rank 8: Completed store-based barrier for key:store_based_barrier_key:5 with 16 nodes.
2024-08-19 11:08:04,091 INFO Rank 14: Completed store-based barrier for key:store_based_barrier_key:5 with 16 nodes.
2024-08-19 11:08:04,091 INFO Made group
2024-08-19 11:08:04,091 INFO Rank 15: Completed store-based barrier for key:store_based_barrier_key:5 with 16 nodes.
2024-08-19 11:08:04,091 INFO Made group
2024-08-19 11:08:04,091 INFO Made group
2024-08-19 11:08:04,091 INFO Made group
2024-08-19 11:08:04,388 INFO Node Reduce CHECKSUM 13: 5.974101
2024-08-19 11:08:04,446 INFO Node Reduce CHECKSUM 14: 5.974101
2024-08-19 11:08:04,333 INFO Node Reduce CHECKSUM 15: 5.974101
2024-08-19 11:08:04,386 INFO Node Reduce CHECKSUM 12: 5.974101
2024-08-19 11:08:04,464 INFO Node Reduce rank 12 at 373796132
2024-08-19 11:08:04,464 INFO Node Reduce rank 13 at 373797415
2024-08-19 11:08:04,464 INFO Node Reduce rank 14 at 373799128
2024-08-19 11:08:04,464 INFO Node Reduce rank 15 at 373813375
2024-08-19 11:08:04,482 INFO All Reduce CHECKSUM 0: 22.920631
2024-08-19 11:08:04,478 INFO All Reduce CHECKSUM 4: 22.920631
2024-08-19 11:08:04,479 INFO All Reduce CHECKSUM 12: 22.920631
2024-08-19 11:08:04,477 INFO All Reduce CHECKSUM 1: 22.920631
2024-08-19 11:08:04,479 INFO All Reduce CHECKSUM 8: 22.920631
2024-08-19 11:08:04,479 INFO All Reduce CHECKSUM 5: 22.920631
2024-08-19 11:08:04,479 INFO All Reduce CHECKSUM 2: 22.920631
2024-08-19 11:08:04,479 INFO All Reduce CHECKSUM 6: 22.920631
2024-08-19 11:08:04,474 INFO All Reduce CHECKSUM 3: 22.920631
2024-08-19 11:08:04,479 INFO All Reduce CHECKSUM 9: 22.920631
2024-08-19 11:08:04,477 INFO All Reduce CHECKSUM 13: 22.920631
2024-08-19 11:08:04,478 INFO All Reduce CHECKSUM 7: 22.920631
2024-08-19 11:08:04,479 INFO All Reduce CHECKSUM 10: 22.920631
2024-08-19 11:08:04,478 INFO All Reduce CHECKSUM 14: 22.920631
2024-08-19 11:08:04,479 INFO All Reduce CHECKSUM 11: 22.920631
2024-08-19 11:08:04,477 INFO All Reduce CHECKSUM 15: 22.920631
2024-08-19 11:08:04,490 INFO All Reduce rank 6 at 15727207
2024-08-19 11:08:04,490 INFO All Reduce rank 0 at 15863812
2024-08-19 11:08:04,490 INFO All Reduce rank 9 at 15728527
2024-08-19 11:08:04,490 INFO All Reduce rank 12 at 15733664
2024-08-19 11:08:04,490 INFO All Reduce rank 4 at 15752746
2024-08-19 11:08:04,490 INFO All Reduce rank 3 at 15732177
2024-08-19 11:08:04,490 INFO All Reduce rank 11 at 15730020
2024-08-19 11:08:04,490 INFO All Reduce rank 14 at 15723805
2024-08-19 11:08:04,490 INFO Rank 6 done
2024-08-19 11:08:04,490 INFO All Reduce rank 1 at 15757717
2024-08-19 11:08:04,490 INFO All Reduce rank 8 at 15750660
2024-08-19 11:08:04,490 INFO Rank 12 done
2024-08-19 11:08:04,490 INFO Rank 4 done
2024-08-19 11:08:04,490 INFO All Reduce rank 2 at 15758859
2024-08-19 11:08:04,490 INFO All Reduce rank 10 at 15747354
2024-08-19 11:08:04,490 INFO Rank 14 done
2024-08-19 11:08:04,490 INFO All Reduce rank 5 at 16012509
2024-08-19 11:08:04,490 INFO Rank 5 done
2024-08-19 11:08:04,490 INFO Rank 0 done
2024-08-19 11:08:04,490 INFO Rank 9 done
2024-08-19 11:08:04,490 INFO All Reduce rank 15 at 15874838
2024-08-19 11:08:04,490 INFO All Reduce rank 7 at 16033580
2024-08-19 11:08:04,490 INFO Rank 7 done
2024-08-19 11:08:04,490 INFO Rank 1 done
2024-08-19 11:08:04,490 INFO Rank 11 done
2024-08-19 11:08:04,490 INFO All Reduce rank 13 at 15898864
2024-08-19 11:08:04,490 INFO Rank 2 done
2024-08-19 11:08:04,490 INFO Rank 8 done
2024-08-19 11:08:04,490 INFO Rank 15 done
2024-08-19 11:08:04,490 INFO Rank 3 done
2024-08-19 11:08:04,490 INFO Rank 10 done
2024-08-19 11:08:04,490 INFO Rank 13 done
BREAK
