
Lmod is automatically replacing "gcc-native/12.3" with "gcc/11.2.0".


Inactive Modules:
  1) cray-libsci/23.12.5

The following have been reloaded with a version change:
  1) cray-mpich/8.1.28 => cray-mpich/8.1.25
  2) cudatoolkit/12.2 => cudatoolkit/11.7

nid[002365,002724,002820,002964]
2024-09-10 14:01:02,247 INFO Initialized rank 11 out of 16
2024-09-10 14:01:02,247 INFO Initialized rank 4 out of 16
2024-09-10 14:01:02,247 INFO Initialized rank 10 out of 16
2024-09-10 14:01:02,247 INFO Initialized rank 6 out of 16
2024-09-10 14:01:02,247 INFO Initialized rank 9 out of 16
2024-09-10 14:01:02,247 INFO Initialized rank 12 out of 16
2024-09-10 14:01:02,247 INFO Initialized rank 5 out of 16
2024-09-10 14:01:02,247 INFO Initialized rank 8 out of 16
2024-09-10 14:01:02,247 INFO Initialized rank 13 out of 16
2024-09-10 14:01:02,248 INFO Initialized rank 0 out of 16
2024-09-10 14:01:02,247 INFO Initialized rank 7 out of 16
2024-09-10 14:01:02,247 INFO Initialized rank 14 out of 16
2024-09-10 14:01:02,248 INFO Initialized rank 2 out of 16
2024-09-10 14:01:02,248 INFO Initialized rank 15 out of 16
2024-09-10 14:01:02,248 INFO Initialized rank 3 out of 16
2024-09-10 14:01:02,248 INFO Initialized rank 1 out of 16
2024-09-10 14:01:06,679 INFO Accepting from rank 15
2024-09-10 14:01:06,680 INFO Accepting from rank 15
2024-09-10 14:01:06,679 INFO Accepting from rank 15
2024-09-10 14:01:06,680 INFO Accepting from rank 15
2024-09-10 14:01:06,679 INFO Accepting from rank 15
2024-09-10 14:01:06,680 INFO Accepting from rank 15
2024-09-10 14:01:06,680 INFO Accepting from rank 15
2024-09-10 14:01:06,679 INFO Accepting from rank 15
2024-09-10 14:01:06,680 INFO Accepting from rank 15
2024-09-10 14:01:06,680 INFO Sending from rank 15
2024-09-10 14:01:06,680 INFO Accepting from rank 15
2024-09-10 14:01:06,680 INFO Accepting from rank 15
2024-09-10 14:01:06,680 INFO Accepting from rank 15
2024-09-10 14:01:06,680 INFO Accepting from rank 15
2024-09-10 14:01:06,680 INFO Accepting from rank 15
2024-09-10 14:01:06,680 INFO Accepting from rank 15
2024-09-10 14:01:06,875 INFO CHECKSUM 15 14 0: 0.863071
2024-09-10 14:01:06,875 INFO CHECKSUM 15 14 0: 0.863071
2024-09-10 14:01:06,894 INFO recv reverse 15 -> 14 # 0 at 159976486, 0.212299 0.632246
2024-09-10 14:01:06,894 INFO sent reverse 15 -> 14 # 0 at 159900482, 0.212299 0.632246
2024-09-10 14:01:07,086 INFO CHECKSUM 15 13 0: 2.099327
2024-09-10 14:01:07,087 INFO CHECKSUM 15 13 0: 2.099327
2024-09-10 14:01:07,121 INFO recv reverse 15 -> 13 # 0 at 196822875, 0.643032 0.644710
2024-09-10 14:01:07,121 INFO sent reverse 15 -> 13 # 0 at 196693786, 0.643032 0.644710
2024-09-10 14:01:07,359 INFO CHECKSUM 15 12 0: 1.275879
2024-09-10 14:01:07,361 INFO CHECKSUM 15 12 0: 1.275879
2024-09-10 14:01:07,390 INFO recv reverse 15 -> 12 # 0 at 234178115, 0.855676 0.758455
2024-09-10 14:01:07,390 INFO sent reverse 15 -> 12 # 0 at 233762298, 0.855676 0.758455
2024-09-10 14:01:07,611 INFO CHECKSUM 15 11 0: 2.221784
2024-09-10 14:01:07,608 INFO CHECKSUM 15 11 0: 2.221784
2024-09-10 14:01:07,629 INFO recv reverse 15 -> 11 # 0 at 219007781, 0.203696 0.066599
2024-09-10 14:01:07,629 INFO sent reverse 15 -> 11 # 0 at 218947814, 0.203696 0.066599
2024-09-10 14:01:07,842 INFO CHECKSUM 15 10 0: 0.376455
2024-09-10 14:01:07,841 INFO CHECKSUM 15 10 0: 0.376455
2024-09-10 14:01:07,858 INFO sent reverse 15 -> 10 # 0 at 214650375, 0.915052 0.351199
2024-09-10 14:01:07,858 INFO recv reverse 15 -> 10 # 0 at 214755645, 0.915052 0.351199
2024-09-10 14:01:08,095 INFO CHECKSUM 15 9 0: 0.935225
2024-09-10 14:01:08,102 INFO CHECKSUM 15 9 0: 0.935225
2024-09-10 14:01:08,111 INFO recv reverse 15 -> 9 # 0 at 242150497, 0.857751 0.958505
2024-09-10 14:01:08,111 INFO sent reverse 15 -> 9 # 0 at 241687942, 0.857751 0.958505
2024-09-10 14:01:08,395 INFO CHECKSUM 15 8 0: 2.100985
2024-09-10 14:01:08,393 INFO CHECKSUM 15 8 0: 2.100985
2024-09-10 14:01:08,413 INFO recv reverse 15 -> 8 # 0 at 285479217, 0.485857 0.142258
2024-09-10 14:01:08,425 INFO sent reverse 15 -> 8 # 0 at 285368133, 0.485857 0.142258
2024-09-10 14:01:08,638 INFO CHECKSUM 15 7 0: 1.659916
2024-09-10 14:01:08,637 INFO CHECKSUM 15 7 0: 1.659916
2024-09-10 14:01:08,665 INFO recv reverse 15 -> 7 # 0 at 207576446, 0.694105 0.152533
2024-09-10 14:01:08,669 INFO sent reverse 15 -> 7 # 0 at 207495101, 0.694105 0.152533
2024-09-10 14:01:08,912 INFO CHECKSUM 15 6 0: 1.425383
2024-09-10 14:01:08,913 INFO CHECKSUM 15 6 0: 1.425383
2024-09-10 14:01:08,933 INFO recv reverse 15 -> 6 # 0 at 232135421, 0.088391 0.776782
2024-09-10 14:01:08,936 INFO sent reverse 15 -> 6 # 0 at 231162750, 0.088391 0.776782
2024-09-10 14:01:09,099 INFO CHECKSUM 15 5 0: 1.478414
2024-09-10 14:01:09,100 INFO CHECKSUM 15 5 0: 1.478414
2024-09-10 14:01:09,126 INFO recv reverse 15 -> 5 # 0 at 161756408, 0.228859 0.822721
2024-09-10 14:01:09,127 INFO sent reverse 15 -> 5 # 0 at 161630279, 0.228859 0.822721
2024-09-10 14:01:09,364 INFO CHECKSUM 15 4 0: 1.785941
2024-09-10 14:01:09,365 INFO CHECKSUM 15 4 0: 1.785941
2024-09-10 14:01:09,380 INFO sent reverse 15 -> 4 # 0 at 210905120, 0.924732 0.298282
2024-09-10 14:01:09,379 INFO recv reverse 15 -> 4 # 0 at 213447845, 0.924732 0.298282
2024-09-10 14:01:09,671 INFO CHECKSUM 15 3 0: 1.497475
2024-09-10 14:01:09,673 INFO CHECKSUM 15 3 0: 1.497475
2024-09-10 14:01:09,690 INFO sent reverse 15 -> 3 # 0 at 284231719, 0.778456 0.986744
2024-09-10 14:01:09,690 INFO recv reverse 15 -> 3 # 0 at 287435516, 0.778456 0.986744
2024-09-10 14:01:09,917 INFO CHECKSUM 15 2 0: 1.543315
2024-09-10 14:01:09,918 INFO CHECKSUM 15 2 0: 1.543315
2024-09-10 14:01:09,942 INFO recv reverse 15 -> 2 # 0 at 231442886, 0.032813 0.526934
2024-09-10 14:01:09,942 INFO sent reverse 15 -> 2 # 0 at 231346405, 0.032813 0.526934
2024-09-10 14:01:10,183 INFO CHECKSUM 15 1 0: 1.783185
2024-09-10 14:01:10,182 INFO CHECKSUM 15 1 0: 1.783185
2024-09-10 14:01:10,215 INFO recv reverse 15 -> 1 # 0 at 239239929, 0.374037 0.311175
2024-09-10 14:01:10,215 INFO sent reverse 15 -> 1 # 0 at 239161209, 0.374037 0.311175
2024-09-10 14:01:10,413 INFO CHECKSUM 15 0 0: 1.964715
2024-09-10 14:01:10,412 INFO CHECKSUM 15 0 0: 1.964715
2024-09-10 14:01:10,429 INFO Accepting from rank 14
2024-09-10 14:01:10,430 INFO Accepting from rank 14
2024-09-10 14:01:10,429 INFO Accepting from rank 14
2024-09-10 14:01:10,429 INFO Accepting from rank 14
2024-09-10 14:01:10,429 INFO Accepting from rank 14
2024-09-10 14:01:10,430 INFO Accepting from rank 14
2024-09-10 14:01:10,429 INFO recv reverse 15 -> 0 # 0 at 195432128, 0.393418 0.486808
2024-09-10 14:01:10,429 INFO Accepting from rank 14
2024-09-10 14:01:10,429 INFO Accepting from rank 14
2024-09-10 14:01:10,430 INFO Sending from rank 14
2024-09-10 14:01:10,429 INFO Accepting from rank 14
2024-09-10 14:01:10,429 INFO Accepting from rank 14
2024-09-10 14:01:10,429 INFO Accepting from rank 14
2024-09-10 14:01:10,430 INFO sent reverse 15 -> 0 # 0 at 195336898, 0.393418 0.486808
2024-09-10 14:01:10,430 INFO Accepting from rank 14
2024-09-10 14:01:10,429 INFO Accepting from rank 14
2024-09-10 14:01:10,431 INFO Accepting from rank 14
2024-09-10 14:01:10,430 INFO Accepting from rank 14
2024-09-10 14:01:10,458 INFO CHECKSUM 14 15 0: 2.338886
2024-09-10 14:01:10,458 INFO CHECKSUM 14 15 0: 2.338886
2024-09-10 14:01:10,475 INFO sent reverse 14 -> 15 # 0 at 31964767, 0.703834 0.750905
2024-09-10 14:01:10,475 INFO recv reverse 14 -> 15 # 0 at 32080478, 0.703834 0.750905
2024-09-10 14:01:10,704 INFO CHECKSUM 14 13 0: 1.984973
2024-09-10 14:01:10,706 INFO CHECKSUM 14 13 0: 1.984973
2024-09-10 14:01:10,733 INFO recv reverse 14 -> 13 # 0 at 225267333, 0.809624 0.490352
2024-09-10 14:01:10,733 INFO sent reverse 14 -> 13 # 0 at 225298049, 0.809624 0.490352
2024-09-10 14:01:10,893 INFO CHECKSUM 14 12 0: 1.416349
2024-09-10 14:01:10,894 INFO CHECKSUM 14 12 0: 1.416349
2024-09-10 14:01:10,922 INFO recv reverse 14 -> 12 # 0 at 161279708, 0.886560 0.333884
2024-09-10 14:01:10,922 INFO sent reverse 14 -> 12 # 0 at 161151992, 0.886560 0.333884
2024-09-10 14:01:11,124 INFO CHECKSUM 14 11 0: 1.474417
2024-09-10 14:01:11,124 INFO CHECKSUM 14 11 0: 1.474417
2024-09-10 14:01:11,145 INFO recv reverse 14 -> 11 # 0 at 193967041, 0.293324 0.316653
2024-09-10 14:01:11,146 INFO sent reverse 14 -> 11 # 0 at 193878463, 0.293324 0.316653
2024-09-10 14:01:11,418 INFO CHECKSUM 14 10 0: 1.331675
2024-09-10 14:01:11,418 INFO CHECKSUM 14 10 0: 1.331675
2024-09-10 14:01:11,435 INFO recv reverse 14 -> 10 # 0 at 261976745, 0.698763 0.517290
2024-09-10 14:01:11,435 INFO sent reverse 14 -> 10 # 0 at 261894836, 0.698763 0.517290
2024-09-10 14:01:11,615 INFO CHECKSUM 14 9 0: 1.809061
2024-09-10 14:01:11,615 INFO CHECKSUM 14 9 0: 1.809061
2024-09-10 14:01:11,629 INFO recv reverse 14 -> 9 # 0 at 178813415, 0.647778 0.184893
2024-09-10 14:01:11,629 INFO sent reverse 14 -> 9 # 0 at 184019454, 0.647778 0.184893
2024-09-10 14:01:11,803 INFO CHECKSUM 14 8 0: 1.475386
2024-09-10 14:01:11,803 INFO CHECKSUM 14 8 0: 1.475386
2024-09-10 14:01:11,819 INFO recv reverse 14 -> 8 # 0 at 177570755, 0.515211 0.906407
2024-09-10 14:01:11,819 INFO sent reverse 14 -> 8 # 0 at 177454849, 0.515211 0.906407
2024-09-10 14:01:12,011 INFO CHECKSUM 14 7 0: 1.199893
2024-09-10 14:01:12,028 INFO sent reverse 14 -> 7 # 0 at 193255416, 0.663910 0.916780
2024-09-10 14:01:12,011 INFO CHECKSUM 14 7 0: 1.199893
2024-09-10 14:01:12,027 INFO recv reverse 14 -> 7 # 0 at 193327484, 0.663910 0.916780
2024-09-10 14:01:12,226 INFO CHECKSUM 14 6 0: 0.584578
2024-09-10 14:01:12,245 INFO CHECKSUM 14 6 0: 0.584578
2024-09-10 14:01:12,267 INFO sent reverse 14 -> 6 # 0 at 228883132, 0.748408 0.346788
2024-09-10 14:01:12,267 INFO recv reverse 14 -> 6 # 0 at 228982788, 0.748408 0.346788
2024-09-10 14:01:12,436 INFO CHECKSUM 14 5 0: 0.590498
2024-09-10 14:01:12,462 INFO sent reverse 14 -> 5 # 0 at 172031494, 0.984105 0.329475
2024-09-10 14:01:12,436 INFO CHECKSUM 14 5 0: 0.590498
2024-09-10 14:01:12,461 INFO recv reverse 14 -> 5 # 0 at 180034149, 0.984105 0.329475
2024-09-10 14:01:12,599 INFO CHECKSUM 14 4 0: 1.759566
2024-09-10 14:01:12,592 INFO CHECKSUM 14 4 0: 1.759566
2024-09-10 14:01:12,625 INFO recv reverse 14 -> 4 # 0 at 143065887, 0.617077 0.313879
2024-09-10 14:01:12,628 INFO sent reverse 14 -> 4 # 0 at 142967269, 0.617077 0.313879
2024-09-10 14:01:12,826 INFO CHECKSUM 14 3 0: 1.290352
2024-09-10 14:01:12,826 INFO CHECKSUM 14 3 0: 1.290352
2024-09-10 14:01:12,843 INFO sent reverse 14 -> 3 # 0 at 197274017, 0.422204 0.192234
2024-09-10 14:01:12,843 INFO recv reverse 14 -> 3 # 0 at 197319488, 0.422204 0.192234
2024-09-10 14:01:13,010 INFO CHECKSUM 14 2 0: 2.451205
2024-09-10 14:01:13,011 INFO CHECKSUM 14 2 0: 2.451205
2024-09-10 14:01:13,029 INFO sent reverse 14 -> 2 # 0 at 166042022, 0.105681 0.263904
2024-09-10 14:01:13,037 INFO recv reverse 14 -> 2 # 0 at 166105056, 0.105681 0.263904
2024-09-10 14:01:13,252 INFO CHECKSUM 14 1 0: 1.954730
2024-09-10 14:01:13,252 INFO CHECKSUM 14 1 0: 1.954730
2024-09-10 14:01:13,263 INFO sent reverse 14 -> 1 # 0 at 197997924, 0.004424 0.217701
2024-09-10 14:01:13,263 INFO recv reverse 14 -> 1 # 0 at 194473114, 0.004424 0.217701
2024-09-10 14:01:13,439 INFO CHECKSUM 14 0 0: 1.140323
2024-09-10 14:01:13,439 INFO CHECKSUM 14 0 0: 1.140323
2024-09-10 14:01:13,455 INFO Accepting from rank 13
2024-09-10 14:01:13,455 INFO Accepting from rank 13
2024-09-10 14:01:13,455 INFO Accepting from rank 13
2024-09-10 14:01:13,455 INFO Accepting from rank 13
2024-09-10 14:01:13,455 INFO Accepting from rank 13
2024-09-10 14:01:13,455 INFO Accepting from rank 13
2024-09-10 14:01:13,455 INFO Accepting from rank 13
2024-09-10 14:01:13,455 INFO Sending from rank 13
2024-09-10 14:01:13,455 INFO Accepting from rank 13
2024-09-10 14:01:13,455 INFO Accepting from rank 13
2024-09-10 14:01:13,455 INFO Accepting from rank 13
2024-09-10 14:01:13,455 INFO Accepting from rank 13
2024-09-10 14:01:13,455 INFO recv reverse 14 -> 0 # 0 at 177836318, 0.737652 0.083305
2024-09-10 14:01:13,455 INFO Accepting from rank 13
2024-09-10 14:01:13,455 INFO sent reverse 14 -> 0 # 0 at 177735321, 0.737652 0.083305
2024-09-10 14:01:13,455 INFO Accepting from rank 13
2024-09-10 14:01:13,455 INFO Accepting from rank 13
2024-09-10 14:01:13,456 INFO Accepting from rank 13
2024-09-10 14:01:13,480 INFO CHECKSUM 13 15 0: 1.150380
2024-09-10 14:01:13,481 INFO CHECKSUM 13 15 0: 1.150380
2024-09-10 14:01:13,498 INFO sent reverse 13 -> 15 # 0 at 20919679, 0.814798 0.107652
2024-09-10 14:01:13,498 INFO recv reverse 13 -> 15 # 0 at 21019168, 0.814798 0.107652
2024-09-10 14:01:13,529 INFO CHECKSUM 13 14 0: 1.901374
2024-09-10 14:01:13,530 INFO CHECKSUM 13 14 0: 1.901374
2024-09-10 14:01:13,545 INFO sent reverse 13 -> 14 # 0 at 37627742, 0.268987 0.167189
2024-09-10 14:01:13,545 INFO recv reverse 13 -> 14 # 0 at 37710304, 0.268987 0.167189
2024-09-10 14:01:13,743 INFO CHECKSUM 13 12 0: 1.444868
2024-09-10 14:01:13,744 INFO CHECKSUM 13 12 0: 1.444868
2024-09-10 14:01:13,777 INFO recv reverse 13 -> 12 # 0 at 201157241, 0.983244 0.916691
2024-09-10 14:01:13,777 INFO sent reverse 13 -> 12 # 0 at 201079559, 0.983244 0.916691
2024-09-10 14:01:13,998 INFO CHECKSUM 13 11 0: 0.170251
2024-09-10 14:01:13,998 INFO CHECKSUM 13 11 0: 0.170251
2024-09-10 14:01:14,012 INFO recv reverse 13 -> 11 # 0 at 208984390, 0.658424 0.166020
2024-09-10 14:01:14,012 INFO sent reverse 13 -> 11 # 0 at 208906372, 0.658424 0.166020
2024-09-10 14:01:14,215 INFO CHECKSUM 13 10 0: 0.591601
2024-09-10 14:01:14,215 INFO CHECKSUM 13 10 0: 0.591601
2024-09-10 14:01:14,225 INFO recv reverse 13 -> 10 # 0 at 201190429, 0.411172 0.606093
2024-09-10 14:01:14,225 INFO sent reverse 13 -> 10 # 0 at 201086074, 0.411172 0.606093
2024-09-10 14:01:14,428 INFO CHECKSUM 13 9 0: 0.952287
2024-09-10 14:01:14,427 INFO CHECKSUM 13 9 0: 0.952287
2024-09-10 14:01:14,444 INFO recv reverse 13 -> 9 # 0 at 189886138, 0.587858 0.992323
2024-09-10 14:01:14,444 INFO sent reverse 13 -> 9 # 0 at 189814270, 0.587858 0.992323
2024-09-10 14:01:14,620 INFO CHECKSUM 13 8 0: 1.969244
2024-09-10 14:01:14,620 INFO CHECKSUM 13 8 0: 1.969244
2024-09-10 14:01:14,631 INFO recv reverse 13 -> 8 # 0 at 177126022, 0.828612 0.606866
2024-09-10 14:01:14,637 INFO sent reverse 13 -> 8 # 0 at 177019485, 0.828612 0.606866
2024-09-10 14:01:14,863 INFO CHECKSUM 13 7 0: 2.370502
2024-09-10 14:01:14,863 INFO CHECKSUM 13 7 0: 2.370502
2024-09-10 14:01:14,891 INFO sent reverse 13 -> 7 # 0 at 223966979, 0.273105 0.324448
2024-09-10 14:01:14,890 INFO recv reverse 13 -> 7 # 0 at 212841369, 0.273105 0.324448
2024-09-10 14:01:15,104 INFO CHECKSUM 13 6 0: 0.811623
2024-09-10 14:01:15,106 INFO CHECKSUM 13 6 0: 0.811623
2024-09-10 14:01:15,121 INFO sent reverse 13 -> 6 # 0 at 199920669, 0.613856 0.240138
2024-09-10 14:01:15,121 INFO recv reverse 13 -> 6 # 0 at 215131622, 0.613856 0.240138
2024-09-10 14:01:15,302 INFO CHECKSUM 13 5 0: 0.863213
2024-09-10 14:01:15,302 INFO CHECKSUM 13 5 0: 0.863213
2024-09-10 14:01:15,336 INFO recv reverse 13 -> 5 # 0 at 191228347, 0.530194 0.336720
2024-09-10 14:01:15,341 INFO sent reverse 13 -> 5 # 0 at 191145690, 0.530194 0.336720
2024-09-10 14:01:15,543 INFO CHECKSUM 13 4 0: 1.426831
2024-09-10 14:01:15,543 INFO CHECKSUM 13 4 0: 1.426831
2024-09-10 14:01:15,563 INFO sent reverse 13 -> 4 # 0 at 200679107, 0.316877 0.898670
2024-09-10 14:01:15,562 INFO recv reverse 13 -> 4 # 0 at 207706436, 0.316877 0.898670
2024-09-10 14:01:15,796 INFO CHECKSUM 13 3 0: 1.519813
2024-09-10 14:01:15,796 INFO CHECKSUM 13 3 0: 1.519813
2024-09-10 14:01:15,826 INFO recv reverse 13 -> 3 # 0 at 243335968, 0.804509 0.545628
2024-09-10 14:01:15,841 INFO sent reverse 13 -> 3 # 0 at 243258682, 0.804509 0.545628
2024-09-10 14:01:16,058 INFO CHECKSUM 13 2 0: 1.369029
2024-09-10 14:01:16,058 INFO CHECKSUM 13 2 0: 1.369029
2024-09-10 14:01:16,075 INFO sent reverse 13 -> 2 # 0 at 198404769, 0.635422 0.780458
2024-09-10 14:01:16,075 INFO recv reverse 13 -> 2 # 0 at 196258178, 0.635422 0.780458
2024-09-10 14:01:16,262 INFO CHECKSUM 13 1 0: 1.396426
2024-09-10 14:01:16,262 INFO CHECKSUM 13 1 0: 1.396426
2024-09-10 14:01:16,282 INFO recv reverse 13 -> 1 # 0 at 179142684, 0.616349 0.408212
2024-09-10 14:01:16,282 INFO sent reverse 13 -> 1 # 0 at 179063064, 0.616349 0.408212
2024-09-10 14:01:16,399 INFO CHECKSUM 13 0 0: 1.790934
2024-09-10 14:01:16,399 INFO CHECKSUM 13 0 0: 1.790934
2024-09-10 14:01:16,411 INFO Accepting from rank 12
2024-09-10 14:01:16,412 INFO Sending from rank 12
2024-09-10 14:01:16,411 INFO Accepting from rank 12
2024-09-10 14:01:16,411 INFO Accepting from rank 12
2024-09-10 14:01:16,411 INFO Accepting from rank 12
2024-09-10 14:01:16,412 INFO Accepting from rank 12
2024-09-10 14:01:16,411 INFO Accepting from rank 12
2024-09-10 14:01:16,411 INFO Accepting from rank 12
2024-09-10 14:01:16,411 INFO Accepting from rank 12
2024-09-10 14:01:16,412 INFO Accepting from rank 12
2024-09-10 14:01:16,411 INFO Accepting from rank 12
2024-09-10 14:01:16,411 INFO Accepting from rank 12
2024-09-10 14:01:16,411 INFO Accepting from rank 12
2024-09-10 14:01:16,412 INFO sent reverse 13 -> 0 # 0 at 114346397, 0.226848 0.907352
2024-09-10 14:01:16,411 INFO recv reverse 13 -> 0 # 0 at 114404830, 0.226848 0.907352
2024-09-10 14:01:16,411 INFO Accepting from rank 12
2024-09-10 14:01:16,413 INFO Accepting from rank 12
2024-09-10 14:01:16,412 INFO Accepting from rank 12
2024-09-10 14:01:16,511 INFO CHECKSUM 12 15 0: 1.322865
2024-09-10 14:01:16,511 INFO CHECKSUM 12 15 0: 1.322865
2024-09-10 14:01:16,523 INFO sent reverse 12 -> 15 # 0 at 97105247, 0.157107 0.348610
2024-09-10 14:01:16,523 INFO recv reverse 12 -> 15 # 0 at 97054306, 0.157107 0.348610
2024-09-10 14:01:16,550 INFO CHECKSUM 12 14 0: 1.528171
2024-09-10 14:01:16,551 INFO CHECKSUM 12 14 0: 1.528171
2024-09-10 14:01:16,559 INFO sent reverse 12 -> 14 # 0 at 22393951, 0.719370 0.010619
2024-09-10 14:01:16,559 INFO recv reverse 12 -> 14 # 0 at 22495071, 0.719370 0.010619
2024-09-10 14:01:16,583 INFO CHECKSUM 12 13 0: 0.459417
2024-09-10 14:01:16,583 INFO CHECKSUM 12 13 0: 0.459417
2024-09-10 14:01:16,610 INFO sent reverse 12 -> 13 # 0 at 22044672, 0.757052 0.220077
2024-09-10 14:01:16,610 INFO recv reverse 12 -> 13 # 0 at 28772672, 0.757052 0.220077
2024-09-10 14:01:16,798 INFO CHECKSUM 12 11 0: 1.196140
2024-09-10 14:01:16,798 INFO CHECKSUM 12 11 0: 1.196140
2024-09-10 14:01:16,807 INFO recv reverse 12 -> 11 # 0 at 184338745, 0.577625 0.371904
2024-09-10 14:01:16,807 INFO sent reverse 12 -> 11 # 0 at 184283996, 0.577625 0.371904
2024-09-10 14:01:16,975 INFO CHECKSUM 12 10 0: 1.705621
2024-09-10 14:01:16,975 INFO CHECKSUM 12 10 0: 1.705621
2024-09-10 14:01:16,987 INFO recv reverse 12 -> 10 # 0 at 170684997, 0.178711 0.800139
2024-09-10 14:01:16,987 INFO sent reverse 12 -> 10 # 0 at 170584228, 0.178711 0.800139
2024-09-10 14:01:17,164 INFO CHECKSUM 12 9 0: 1.671685
2024-09-10 14:01:17,164 INFO CHECKSUM 12 9 0: 1.671685
2024-09-10 14:01:17,173 INFO sent reverse 12 -> 9 # 0 at 176742401, 0.803456 0.150491
2024-09-10 14:01:17,173 INFO recv reverse 12 -> 9 # 0 at 176821945, 0.803456 0.150491
2024-09-10 14:01:17,342 INFO CHECKSUM 12 8 0: 1.926244
2024-09-10 14:01:17,343 INFO CHECKSUM 12 8 0: 1.926244
2024-09-10 14:01:17,359 INFO sent reverse 12 -> 8 # 0 at 173266372, 0.930562 0.911705
2024-09-10 14:01:17,359 INFO recv reverse 12 -> 8 # 0 at 173357254, 0.930562 0.911705
2024-09-10 14:01:17,547 INFO CHECKSUM 12 7 0: 1.559827
2024-09-10 14:01:17,547 INFO CHECKSUM 12 7 0: 1.559827
2024-09-10 14:01:17,581 INFO sent reverse 12 -> 7 # 0 at 195760284, 0.174887 0.397888
2024-09-10 14:01:17,581 INFO recv reverse 12 -> 7 # 0 at 195843963, 0.174887 0.397888
2024-09-10 14:01:17,768 INFO CHECKSUM 12 6 0: 1.610716
2024-09-10 14:01:17,781 INFO sent reverse 12 -> 6 # 0 at 187243331, 0.947559 0.932237
2024-09-10 14:01:17,768 INFO CHECKSUM 12 6 0: 1.610716
2024-09-10 14:01:17,781 INFO recv reverse 12 -> 6 # 0 at 187324798, 0.947559 0.932237
2024-09-10 14:01:17,984 INFO CHECKSUM 12 5 0: 2.230499
2024-09-10 14:01:17,984 INFO CHECKSUM 12 5 0: 2.230499
2024-09-10 14:01:18,010 INFO sent reverse 12 -> 5 # 0 at 205016647, 0.392793 0.678164
2024-09-10 14:01:18,015 INFO recv reverse 12 -> 5 # 0 at 210714370, 0.392793 0.678164
2024-09-10 14:01:18,179 INFO CHECKSUM 12 4 0: 1.235835
2024-09-10 14:01:18,198 INFO sent reverse 12 -> 4 # 0 at 178049728, 0.978354 0.397137
2024-09-10 14:01:18,180 INFO CHECKSUM 12 4 0: 1.235835
2024-09-10 14:01:18,198 INFO recv reverse 12 -> 4 # 0 at 178159835, 0.978354 0.397137
2024-09-10 14:01:18,444 INFO CHECKSUM 12 3 0: 0.868464
2024-09-10 14:01:18,442 INFO CHECKSUM 12 3 0: 0.868464
2024-09-10 14:01:18,458 INFO sent reverse 12 -> 3 # 0 at 248852539, 0.393165 0.986410
2024-09-10 14:01:18,458 INFO recv reverse 12 -> 3 # 0 at 248934875, 0.393165 0.986410
2024-09-10 14:01:18,636 INFO CHECKSUM 12 2 0: 1.714311
2024-09-10 14:01:18,636 INFO CHECKSUM 12 2 0: 1.714311
2024-09-10 14:01:18,658 INFO recv reverse 12 -> 2 # 0 at 175509948, 0.377278 0.886038
2024-09-10 14:01:18,658 INFO sent reverse 12 -> 2 # 0 at 175442016, 0.377278 0.886038
2024-09-10 14:01:18,780 INFO CHECKSUM 12 1 0: 1.595002
2024-09-10 14:01:18,781 INFO CHECKSUM 12 1 0: 1.595002
2024-09-10 14:01:18,795 INFO sent reverse 12 -> 1 # 0 at 125135169, 0.100169 0.268416
2024-09-10 14:01:18,795 INFO recv reverse 12 -> 1 # 0 at 121619583, 0.100169 0.268416
2024-09-10 14:01:18,976 INFO CHECKSUM 12 0 0: 1.893473
2024-09-10 14:01:18,989 INFO Accepting from rank 11
2024-09-10 14:01:18,989 INFO Accepting from rank 11
2024-09-10 14:01:18,976 INFO CHECKSUM 12 0 0: 1.893473
2024-09-10 14:01:18,989 INFO Accepting from rank 11
2024-09-10 14:01:18,989 INFO recv reverse 12 -> 0 # 0 at 183105758, 0.834081 0.893126
2024-09-10 14:01:18,989 INFO Accepting from rank 11
2024-09-10 14:01:18,989 INFO sent reverse 12 -> 0 # 0 at 182863845, 0.834081 0.893126
2024-09-10 14:01:18,989 INFO Accepting from rank 11
2024-09-10 14:01:18,989 INFO Accepting from rank 11
2024-09-10 14:01:18,989 INFO Accepting from rank 11
2024-09-10 14:01:18,989 INFO Accepting from rank 11
2024-09-10 14:01:18,989 INFO Accepting from rank 11
2024-09-10 14:01:18,989 INFO Accepting from rank 11
2024-09-10 14:01:18,989 INFO Sending from rank 11
2024-09-10 14:01:18,989 INFO Accepting from rank 11
2024-09-10 14:01:18,989 INFO Accepting from rank 11
2024-09-10 14:01:18,989 INFO Accepting from rank 11
2024-09-10 14:01:18,990 INFO Accepting from rank 11
2024-09-10 14:01:18,989 INFO Accepting from rank 11
2024-09-10 14:01:19,016 INFO CHECKSUM 11 15 0: 2.114506
2024-09-10 14:01:19,017 INFO CHECKSUM 11 15 0: 2.114506
2024-09-10 14:01:19,037 INFO sent reverse 11 -> 15 # 0 at 31097568, 0.120003 0.257170
2024-09-10 14:01:19,037 INFO recv reverse 11 -> 15 # 0 at 31185951, 0.120003 0.257170
2024-09-10 14:01:19,061 INFO CHECKSUM 11 14 0: 1.051470
2024-09-10 14:01:19,062 INFO CHECKSUM 11 14 0: 1.051470
2024-09-10 14:01:19,086 INFO recv reverse 11 -> 14 # 0 at 30709440, 0.031887 0.983425
2024-09-10 14:01:19,085 INFO sent reverse 11 -> 14 # 0 at 30624544, 0.031887 0.983425
2024-09-10 14:01:19,119 INFO CHECKSUM 11 13 0: 1.362853
2024-09-10 14:01:19,120 INFO CHECKSUM 11 13 0: 1.362853
2024-09-10 14:01:19,139 INFO sent reverse 11 -> 13 # 0 at 28386175, 0.282042 0.703323
2024-09-10 14:01:19,140 INFO recv reverse 11 -> 13 # 0 at 25320768, 0.282042 0.703323
2024-09-10 14:01:19,161 INFO CHECKSUM 11 12 0: 0.928863
2024-09-10 14:01:19,162 INFO CHECKSUM 11 12 0: 0.928863
2024-09-10 14:01:19,177 INFO sent reverse 11 -> 12 # 0 at 26262079, 0.796368 0.930031
2024-09-10 14:01:19,178 INFO recv reverse 11 -> 12 # 0 at 26355520, 0.796368 0.930031
2024-09-10 14:01:19,375 INFO CHECKSUM 11 10 0: 0.976425
2024-09-10 14:01:19,375 INFO CHECKSUM 11 10 0: 0.976425
2024-09-10 14:01:19,401 INFO recv reverse 11 -> 10 # 0 at 199032455, 0.302913 0.168139
2024-09-10 14:01:19,401 INFO sent reverse 11 -> 10 # 0 at 198960128, 0.302913 0.168139
2024-09-10 14:01:19,599 INFO CHECKSUM 11 9 0: 1.319844
2024-09-10 14:01:19,600 INFO CHECKSUM 11 9 0: 1.319844
2024-09-10 14:01:19,626 INFO recv reverse 11 -> 9 # 0 at 202190109, 0.980859 0.779493
2024-09-10 14:01:19,626 INFO sent reverse 11 -> 9 # 0 at 202110717, 0.980859 0.779493
2024-09-10 14:01:19,814 INFO CHECKSUM 11 8 0: 1.602881
2024-09-10 14:01:19,815 INFO CHECKSUM 11 8 0: 1.602881
2024-09-10 14:01:19,825 INFO recv reverse 11 -> 8 # 0 at 188823974, 0.207060 0.103237
2024-09-10 14:01:19,825 INFO sent reverse 11 -> 8 # 0 at 188721954, 0.207060 0.103237
2024-09-10 14:01:19,999 INFO CHECKSUM 11 7 0: 1.584593
2024-09-10 14:01:19,999 INFO CHECKSUM 11 7 0: 1.584593
2024-09-10 14:01:20,033 INFO recv reverse 11 -> 7 # 0 at 178255172, 0.726177 0.453419
2024-09-10 14:01:20,041 INFO sent reverse 11 -> 7 # 0 at 178165313, 0.726177 0.453419
2024-09-10 14:01:20,218 INFO CHECKSUM 11 6 0: 1.903640
2024-09-10 14:01:20,219 INFO CHECKSUM 11 6 0: 1.903640
2024-09-10 14:01:20,254 INFO sent reverse 11 -> 6 # 0 at 177598846, 0.037964 0.105134
2024-09-10 14:01:20,253 INFO recv reverse 11 -> 6 # 0 at 177649017, 0.037964 0.105134
2024-09-10 14:01:20,442 INFO CHECKSUM 11 5 0: 2.221465
2024-09-10 14:01:20,443 INFO CHECKSUM 11 5 0: 2.221465
2024-09-10 14:01:20,465 INFO sent reverse 11 -> 5 # 0 at 194879333, 0.038639 0.425437
2024-09-10 14:01:20,465 INFO recv reverse 11 -> 5 # 0 at 192613159, 0.038639 0.425437
2024-09-10 14:01:20,635 INFO CHECKSUM 11 4 0: 0.566320
2024-09-10 14:01:20,644 INFO CHECKSUM 11 4 0: 0.566320
2024-09-10 14:01:20,665 INFO recv reverse 11 -> 4 # 0 at 177458648, 0.362854 0.619418
2024-09-10 14:01:20,673 INFO sent reverse 11 -> 4 # 0 at 177359420, 0.362854 0.619418
2024-09-10 14:01:20,905 INFO CHECKSUM 11 3 0: 0.334687
2024-09-10 14:01:20,906 INFO CHECKSUM 11 3 0: 0.334687
2024-09-10 14:01:20,934 INFO recv reverse 11 -> 3 # 0 at 224300292, 0.886386 0.408602
2024-09-10 14:01:20,941 INFO sent reverse 11 -> 3 # 0 at 220092773, 0.886386 0.408602
2024-09-10 14:01:21,122 INFO CHECKSUM 11 2 0: 1.331001
2024-09-10 14:01:21,122 INFO CHECKSUM 11 2 0: 1.331001
2024-09-10 14:01:21,152 INFO recv reverse 11 -> 2 # 0 at 171233627, 0.170793 0.235266
2024-09-10 14:01:21,157 INFO sent reverse 11 -> 2 # 0 at 170803710, 0.170793 0.235266
2024-09-10 14:01:21,292 INFO CHECKSUM 11 1 0: 1.377822
2024-09-10 14:01:21,292 INFO CHECKSUM 11 1 0: 1.377822
2024-09-10 14:01:21,306 INFO sent reverse 11 -> 1 # 0 at 128411941, 0.512048 0.647987
2024-09-10 14:01:21,306 INFO recv reverse 11 -> 1 # 0 at 117741760, 0.512048 0.647987
2024-09-10 14:01:21,496 INFO CHECKSUM 11 0 0: 1.330444
2024-09-10 14:01:21,515 INFO Accepting from rank 10
2024-09-10 14:01:21,515 INFO Accepting from rank 10
2024-09-10 14:01:21,497 INFO CHECKSUM 11 0 0: 1.330444
2024-09-10 14:01:21,515 INFO Accepting from rank 10
2024-09-10 14:01:21,515 INFO Accepting from rank 10
2024-09-10 14:01:21,515 INFO Accepting from rank 10
2024-09-10 14:01:21,515 INFO Accepting from rank 10
2024-09-10 14:01:21,515 INFO Accepting from rank 10
2024-09-10 14:01:21,515 INFO Accepting from rank 10
2024-09-10 14:01:21,515 INFO Sending from rank 10
2024-09-10 14:01:21,515 INFO Accepting from rank 10
2024-09-10 14:01:21,515 INFO Accepting from rank 10
2024-09-10 14:01:21,515 INFO Accepting from rank 10
2024-09-10 14:01:21,515 INFO sent reverse 11 -> 0 # 0 at 177183609, 0.168087 0.594809
2024-09-10 14:01:21,515 INFO Accepting from rank 10
2024-09-10 14:01:21,515 INFO recv reverse 11 -> 0 # 0 at 191477218, 0.168087 0.594809
2024-09-10 14:01:21,515 INFO Accepting from rank 10
2024-09-10 14:01:21,515 INFO Accepting from rank 10
2024-09-10 14:01:21,515 INFO Accepting from rank 10
2024-09-10 14:01:21,563 INFO CHECKSUM 10 15 0: 1.398332
2024-09-10 14:01:21,564 INFO CHECKSUM 10 15 0: 1.398332
2024-09-10 14:01:21,604 INFO sent reverse 10 -> 15 # 0 at 44227390, 0.065850 0.034602
2024-09-10 14:01:21,609 INFO recv reverse 10 -> 15 # 0 at 44320896, 0.065850 0.034602
2024-09-10 14:01:21,640 INFO CHECKSUM 10 14 0: 1.792662
2024-09-10 14:01:21,641 INFO CHECKSUM 10 14 0: 1.792662
2024-09-10 14:01:21,674 INFO sent reverse 10 -> 14 # 0 at 22292512, 0.971904 0.711689
2024-09-10 14:01:21,675 INFO recv reverse 10 -> 14 # 0 at 22360416, 0.971904 0.711689
2024-09-10 14:01:21,704 INFO CHECKSUM 10 13 0: 1.189977
2024-09-10 14:01:21,705 INFO CHECKSUM 10 13 0: 1.189977
2024-09-10 14:01:21,727 INFO sent reverse 10 -> 13 # 0 at 28066015, 0.036921 0.860642
2024-09-10 14:01:21,727 INFO recv reverse 10 -> 13 # 0 at 28130239, 0.036921 0.860642
2024-09-10 14:01:21,752 INFO CHECKSUM 10 12 0: 2.358566
2024-09-10 14:01:21,753 INFO CHECKSUM 10 12 0: 2.358566
2024-09-10 14:01:21,768 INFO sent reverse 10 -> 12 # 0 at 19699840, 0.137428 0.201858
2024-09-10 14:01:21,768 INFO recv reverse 10 -> 12 # 0 at 19808223, 0.137428 0.201858
2024-09-10 14:01:21,792 INFO CHECKSUM 10 11 0: 1.606274
2024-09-10 14:01:21,793 INFO CHECKSUM 10 11 0: 1.606274
2024-09-10 14:01:21,812 INFO sent reverse 10 -> 11 # 0 at 20296352, 0.018308 0.166325
2024-09-10 14:01:21,812 INFO recv reverse 10 -> 11 # 0 at 20401536, 0.018308 0.166325
2024-09-10 14:01:22,023 INFO CHECKSUM 10 9 0: 2.027730
2024-09-10 14:01:22,023 INFO CHECKSUM 10 9 0: 2.027730
2024-09-10 14:01:22,042 INFO recv reverse 10 -> 9 # 0 at 217655548, 0.913842 0.530250
2024-09-10 14:01:22,042 INFO sent reverse 10 -> 9 # 0 at 217564773, 0.913842 0.530250
2024-09-10 14:01:22,239 INFO CHECKSUM 10 8 0: 1.118116
2024-09-10 14:01:22,240 INFO CHECKSUM 10 8 0: 1.118116
2024-09-10 14:01:22,256 INFO sent reverse 10 -> 8 # 0 at 194082778, 0.673087 0.037261
2024-09-10 14:01:22,256 INFO recv reverse 10 -> 8 # 0 at 194167648, 0.673087 0.037261
2024-09-10 14:01:22,439 INFO CHECKSUM 10 7 0: 2.332460
2024-09-10 14:01:22,439 INFO CHECKSUM 10 7 0: 2.332460
2024-09-10 14:01:22,458 INFO sent reverse 10 -> 7 # 0 at 188189025, 0.682569 0.507874
2024-09-10 14:01:22,458 INFO recv reverse 10 -> 7 # 0 at 176692031, 0.682569 0.507874
2024-09-10 14:01:22,656 INFO CHECKSUM 10 6 0: 2.068652
2024-09-10 14:01:22,669 INFO sent reverse 10 -> 6 # 0 at 191974502, 0.318329 0.790170
2024-09-10 14:01:22,657 INFO CHECKSUM 10 6 0: 2.068652
2024-09-10 14:01:22,668 INFO recv reverse 10 -> 6 # 0 at 192049636, 0.318329 0.790170
2024-09-10 14:01:22,856 INFO CHECKSUM 10 5 0: 0.993407
2024-09-10 14:01:22,857 INFO CHECKSUM 10 5 0: 0.993407
2024-09-10 14:01:22,884 INFO sent reverse 10 -> 5 # 0 at 190951995, 0.157298 0.468098
2024-09-10 14:01:22,893 INFO recv reverse 10 -> 5 # 0 at 191049636, 0.157298 0.468098
2024-09-10 14:01:23,078 INFO CHECKSUM 10 4 0: 0.862672
2024-09-10 14:01:23,079 INFO CHECKSUM 10 4 0: 0.862672
2024-09-10 14:01:23,097 INFO sent reverse 10 -> 4 # 0 at 186811035, 0.639652 0.796362
2024-09-10 14:01:23,096 INFO recv reverse 10 -> 4 # 0 at 186882080, 0.639652 0.796362
2024-09-10 14:01:23,302 INFO CHECKSUM 10 3 0: 1.947834
2024-09-10 14:01:23,302 INFO CHECKSUM 10 3 0: 1.947834
2024-09-10 14:01:23,338 INFO recv reverse 10 -> 3 # 0 at 209820541, 0.111701 0.774667
2024-09-10 14:01:23,338 INFO sent reverse 10 -> 3 # 0 at 209735229, 0.111701 0.774667
2024-09-10 14:01:23,519 INFO CHECKSUM 10 2 0: 1.093881
2024-09-10 14:01:23,518 INFO CHECKSUM 10 2 0: 1.093881
2024-09-10 14:01:23,546 INFO recv reverse 10 -> 2 # 0 at 182990951, 0.259714 0.533935
2024-09-10 14:01:23,545 INFO sent reverse 10 -> 2 # 0 at 182921630, 0.259714 0.533935
2024-09-10 14:01:23,719 INFO CHECKSUM 10 1 0: 1.887969
2024-09-10 14:01:23,720 INFO CHECKSUM 10 1 0: 1.887969
2024-09-10 14:01:23,757 INFO sent reverse 10 -> 1 # 0 at 177720291, 0.747634 0.091833
2024-09-10 14:01:23,768 INFO recv reverse 10 -> 1 # 0 at 177812667, 0.747634 0.091833
2024-09-10 14:01:23,951 INFO CHECKSUM 10 0 0: 1.093781
2024-09-10 14:01:23,951 INFO CHECKSUM 10 0 0: 1.093781
2024-09-10 14:01:23,968 INFO Accepting from rank 9
2024-09-10 14:01:23,968 INFO Accepting from rank 9
2024-09-10 14:01:23,968 INFO Accepting from rank 9
2024-09-10 14:01:23,968 INFO Accepting from rank 9
2024-09-10 14:01:23,968 INFO Sending from rank 9
2024-09-10 14:01:23,968 INFO Accepting from rank 9
2024-09-10 14:01:23,968 INFO recv reverse 10 -> 0 # 0 at 189841125, 0.049509 0.006124
2024-09-10 14:01:23,968 INFO Accepting from rank 9
2024-09-10 14:01:23,968 INFO Accepting from rank 9
2024-09-10 14:01:23,968 INFO Accepting from rank 9
2024-09-10 14:01:23,968 INFO Accepting from rank 9
2024-09-10 14:01:23,968 INFO Accepting from rank 9
2024-09-10 14:01:23,968 INFO sent reverse 10 -> 0 # 0 at 189304473, 0.049509 0.006124
2024-09-10 14:01:23,968 INFO Accepting from rank 9
2024-09-10 14:01:23,968 INFO Accepting from rank 9
2024-09-10 14:01:23,967 INFO Accepting from rank 9
2024-09-10 14:01:23,968 INFO Accepting from rank 9
2024-09-10 14:01:23,968 INFO Accepting from rank 9
2024-09-10 14:01:23,996 INFO CHECKSUM 9 15 0: 1.050229
2024-09-10 14:01:24,008 INFO CHECKSUM 9 15 0: 1.050229
2024-09-10 14:01:24,033 INFO sent reverse 9 -> 15 # 0 at 51164672, 0.597176 0.835662
2024-09-10 14:01:24,034 INFO recv reverse 9 -> 15 # 0 at 51252735, 0.597176 0.835662
2024-09-10 14:01:24,059 INFO CHECKSUM 9 14 0: 1.413998
2024-09-10 14:01:24,060 INFO CHECKSUM 9 14 0: 1.413998
2024-09-10 14:01:24,090 INFO sent reverse 9 -> 14 # 0 at 29085983, 0.588713 0.269242
2024-09-10 14:01:24,090 INFO recv reverse 9 -> 14 # 0 at 29176704, 0.588713 0.269242
2024-09-10 14:01:24,115 INFO CHECKSUM 9 13 0: 1.993695
2024-09-10 14:01:24,116 INFO CHECKSUM 9 13 0: 1.993695
2024-09-10 14:01:24,138 INFO sent reverse 9 -> 13 # 0 at 35302593, 0.861279 0.533422
2024-09-10 14:01:24,138 INFO recv reverse 9 -> 13 # 0 at 35400161, 0.861279 0.533422
2024-09-10 14:01:24,168 INFO CHECKSUM 9 12 0: 1.758200
2024-09-10 14:01:24,169 INFO CHECKSUM 9 12 0: 1.758200
2024-09-10 14:01:24,190 INFO sent reverse 9 -> 12 # 0 at 35458145, 0.824973 0.288460
2024-09-10 14:01:24,190 INFO recv reverse 9 -> 12 # 0 at 35537120, 0.824973 0.288460
2024-09-10 14:01:24,279 INFO CHECKSUM 9 11 0: 1.057206
2024-09-10 14:01:24,280 INFO CHECKSUM 9 11 0: 1.057206
2024-09-10 14:01:24,308 INFO sent reverse 9 -> 11 # 0 at 88897888, 0.707865 0.675440
2024-09-10 14:01:24,308 INFO recv reverse 9 -> 11 # 0 at 88981567, 0.707865 0.675440
2024-09-10 14:01:24,359 INFO CHECKSUM 9 10 0: 1.754514
2024-09-10 14:01:24,359 INFO CHECKSUM 9 10 0: 1.754514
2024-09-10 14:01:24,377 INFO sent reverse 9 -> 10 # 0 at 44457695, 0.293465 0.907157
2024-09-10 14:01:24,377 INFO recv reverse 9 -> 10 # 0 at 44625694, 0.293465 0.907157
2024-09-10 14:01:24,522 INFO CHECKSUM 9 8 0: 1.687375
2024-09-10 14:01:24,522 INFO CHECKSUM 9 8 0: 1.687375
2024-09-10 14:01:24,553 INFO recv reverse 9 -> 8 # 0 at 149856185, 0.267203 0.661726
2024-09-10 14:01:24,553 INFO sent reverse 9 -> 8 # 0 at 149766265, 0.267203 0.661726
2024-09-10 14:01:24,723 INFO CHECKSUM 9 7 0: 2.186792
2024-09-10 14:01:24,723 INFO CHECKSUM 9 7 0: 2.186792
2024-09-10 14:01:24,741 INFO recv reverse 9 -> 7 # 0 at 169643737, 0.531238 0.050123
2024-09-10 14:01:24,749 INFO sent reverse 9 -> 7 # 0 at 169556259, 0.531238 0.050123
2024-09-10 14:01:24,923 INFO CHECKSUM 9 6 0: 1.217559
2024-09-10 14:01:24,923 INFO CHECKSUM 9 6 0: 1.217559
2024-09-10 14:01:24,944 INFO sent reverse 9 -> 6 # 0 at 177595046, 0.430729 0.535936
2024-09-10 14:01:24,944 INFO recv reverse 9 -> 6 # 0 at 177693222, 0.430729 0.535936
2024-09-10 14:01:25,131 INFO CHECKSUM 9 5 0: 1.304694
2024-09-10 14:01:25,131 INFO CHECKSUM 9 5 0: 1.304694
2024-09-10 14:01:25,149 INFO recv reverse 9 -> 5 # 0 at 187092926, 0.593902 0.296980
2024-09-10 14:01:25,158 INFO sent reverse 9 -> 5 # 0 at 185545822, 0.593902 0.296980
2024-09-10 14:01:25,367 INFO CHECKSUM 9 4 0: 1.500252
2024-09-10 14:01:25,367 INFO CHECKSUM 9 4 0: 1.500252
2024-09-10 14:01:25,387 INFO recv reverse 9 -> 4 # 0 at 201883422, 0.725122 0.705487
2024-09-10 14:01:25,393 INFO sent reverse 9 -> 4 # 0 at 201800003, 0.725122 0.705487
2024-09-10 14:01:25,617 INFO CHECKSUM 9 3 0: 1.444258
2024-09-10 14:01:25,618 INFO CHECKSUM 9 3 0: 1.444258
2024-09-10 14:01:25,647 INFO recv reverse 9 -> 3 # 0 at 229394973, 0.088723 0.921358
2024-09-10 14:01:25,647 INFO sent reverse 9 -> 3 # 0 at 239592834, 0.088723 0.921358
2024-09-10 14:01:25,817 INFO CHECKSUM 9 2 0: 0.843565
2024-09-10 14:01:25,818 INFO CHECKSUM 9 2 0: 0.843565
2024-09-10 14:01:25,853 INFO recv reverse 9 -> 2 # 0 at 185941757, 0.892946 0.541385
2024-09-10 14:01:25,857 INFO sent reverse 9 -> 2 # 0 at 185854873, 0.892946 0.541385
2024-09-10 14:01:26,054 INFO CHECKSUM 9 1 0: 0.801358
2024-09-10 14:01:26,055 INFO CHECKSUM 9 1 0: 0.801358
2024-09-10 14:01:26,070 INFO sent reverse 9 -> 1 # 0 at 184069091, 0.466843 0.987802
2024-09-10 14:01:26,070 INFO recv reverse 9 -> 1 # 0 at 184144485, 0.466843 0.987802
2024-09-10 14:01:26,243 INFO CHECKSUM 9 0 0: 1.879881
2024-09-10 14:01:26,243 INFO CHECKSUM 9 0 0: 1.879881
2024-09-10 14:01:26,262 INFO recv reverse 9 -> 0 # 0 at 170887939, 0.909602 0.794088
2024-09-10 14:01:26,262 INFO Accepting from rank 8
2024-09-10 14:01:26,263 INFO Sending from rank 8
2024-09-10 14:01:26,263 INFO Accepting from rank 8
2024-09-10 14:01:26,262 INFO Accepting from rank 8
2024-09-10 14:01:26,269 INFO Accepting from rank 8
2024-09-10 14:01:26,269 INFO Accepting from rank 8
2024-09-10 14:01:26,269 INFO Accepting from rank 8
2024-09-10 14:01:26,269 INFO Accepting from rank 8
2024-09-10 14:01:26,269 INFO Accepting from rank 8
2024-09-10 14:01:26,269 INFO Accepting from rank 8
2024-09-10 14:01:26,269 INFO Accepting from rank 8
2024-09-10 14:01:26,269 INFO Accepting from rank 8
2024-09-10 14:01:26,273 INFO Accepting from rank 8
2024-09-10 14:01:26,273 INFO sent reverse 9 -> 0 # 0 at 170799774, 0.909602 0.794088
2024-09-10 14:01:26,277 INFO Accepting from rank 8
2024-09-10 14:01:26,274 INFO Accepting from rank 8
2024-09-10 14:01:26,277 INFO Accepting from rank 8
2024-09-10 14:01:26,403 INFO CHECKSUM 8 15 0: 1.985791
2024-09-10 14:01:26,404 INFO CHECKSUM 8 15 0: 1.985791
2024-09-10 14:01:26,429 INFO sent reverse 8 -> 15 # 0 at 120625694, 0.671758 0.401757
2024-09-10 14:01:26,437 INFO recv reverse 8 -> 15 # 0 at 120576065, 0.671758 0.401757
2024-09-10 14:01:26,457 INFO CHECKSUM 8 14 0: 2.507663
2024-09-10 14:01:26,458 INFO CHECKSUM 8 14 0: 2.507663
2024-09-10 14:01:26,472 INFO sent reverse 8 -> 14 # 0 at 29416767, 0.601150 0.060006
2024-09-10 14:01:26,472 INFO recv reverse 8 -> 14 # 0 at 29466079, 0.601150 0.060006
2024-09-10 14:01:26,500 INFO CHECKSUM 8 13 0: 0.641411
2024-09-10 14:01:26,508 INFO CHECKSUM 8 13 0: 0.641411
2024-09-10 14:01:26,519 INFO sent reverse 8 -> 13 # 0 at 31706111, 0.002572 0.875156
2024-09-10 14:01:26,519 INFO recv reverse 8 -> 13 # 0 at 31791744, 0.002572 0.875156
2024-09-10 14:01:26,551 INFO CHECKSUM 8 12 0: 2.147847
2024-09-10 14:01:26,573 INFO sent reverse 8 -> 12 # 0 at 35347679, 0.444636 0.976023
2024-09-10 14:01:26,553 INFO CHECKSUM 8 12 0: 2.147847
2024-09-10 14:01:26,573 INFO recv reverse 8 -> 12 # 0 at 35423103, 0.444636 0.976023
2024-09-10 14:01:26,599 INFO CHECKSUM 8 11 0: 2.256095
2024-09-10 14:01:26,600 INFO CHECKSUM 8 11 0: 2.256095
2024-09-10 14:01:26,632 INFO sent reverse 8 -> 11 # 0 at 28021343, 0.651027 0.694111
2024-09-10 14:01:26,633 INFO recv reverse 8 -> 11 # 0 at 28111679, 0.651027 0.694111
2024-09-10 14:01:26,664 INFO CHECKSUM 8 10 0: 1.134029
2024-09-10 14:01:26,664 INFO CHECKSUM 8 10 0: 1.134029
2024-09-10 14:01:26,681 INFO sent reverse 8 -> 10 # 0 at 31137983, 0.534739 0.934617
2024-09-10 14:01:26,681 INFO recv reverse 8 -> 10 # 0 at 31185119, 0.534739 0.934617
2024-09-10 14:01:26,705 INFO CHECKSUM 8 9 0: 1.740904
2024-09-10 14:01:26,705 INFO CHECKSUM 8 9 0: 1.740904
2024-09-10 14:01:26,721 INFO sent reverse 8 -> 9 # 0 at 27144384, 0.920511 0.255579
2024-09-10 14:01:26,721 INFO recv reverse 8 -> 9 # 0 at 27228832, 0.920511 0.255579
2024-09-10 14:01:26,854 INFO CHECKSUM 8 7 0: 2.360253
2024-09-10 14:01:26,855 INFO CHECKSUM 8 7 0: 2.360253
2024-09-10 14:01:26,888 INFO sent reverse 8 -> 7 # 0 at 127961090, 0.523720 0.079826
2024-09-10 14:01:26,897 INFO recv reverse 8 -> 7 # 0 at 128023803, 0.523720 0.079826
2024-09-10 14:01:27,079 INFO CHECKSUM 8 6 0: 0.952367
2024-09-10 14:01:27,098 INFO sent reverse 8 -> 6 # 0 at 192070663, 0.198126 0.116622
2024-09-10 14:01:27,080 INFO CHECKSUM 8 6 0: 0.952367
2024-09-10 14:01:27,098 INFO recv reverse 8 -> 6 # 0 at 192133728, 0.198126 0.116622
2024-09-10 14:01:27,290 INFO CHECKSUM 8 5 0: 1.248642
2024-09-10 14:01:27,290 INFO CHECKSUM 8 5 0: 1.248642
2024-09-10 14:01:27,324 INFO sent reverse 8 -> 5 # 0 at 177226013, 0.096670 0.631751
2024-09-10 14:01:27,333 INFO recv reverse 8 -> 5 # 0 at 177289596, 0.096670 0.631751
2024-09-10 14:01:27,498 INFO CHECKSUM 8 4 0: 2.045709
2024-09-10 14:01:27,522 INFO sent reverse 8 -> 4 # 0 at 179608123, 0.274885 0.641411
2024-09-10 14:01:27,499 INFO CHECKSUM 8 4 0: 2.045709
2024-09-10 14:01:27,522 INFO recv reverse 8 -> 4 # 0 at 179664993, 0.274885 0.641411
2024-09-10 14:01:27,763 INFO CHECKSUM 8 3 0: 2.337875
2024-09-10 14:01:27,764 INFO CHECKSUM 8 3 0: 2.337875
2024-09-10 14:01:27,786 INFO sent reverse 8 -> 3 # 0 at 229325958, 0.919997 0.371319
2024-09-10 14:01:27,786 INFO recv reverse 8 -> 3 # 0 at 227201568, 0.919997 0.371319
2024-09-10 14:01:27,931 INFO CHECKSUM 8 2 0: 1.414039
2024-09-10 14:01:27,932 INFO CHECKSUM 8 2 0: 1.414039
2024-09-10 14:01:27,968 INFO sent reverse 8 -> 2 # 0 at 155650207, 0.181246 0.104278
2024-09-10 14:01:27,977 INFO recv reverse 8 -> 2 # 0 at 148290756, 0.181246 0.104278
2024-09-10 14:01:28,150 INFO CHECKSUM 8 1 0: 1.272179
2024-09-10 14:01:28,151 INFO CHECKSUM 8 1 0: 1.272179
2024-09-10 14:01:28,170 INFO sent reverse 8 -> 1 # 0 at 170722976, 0.669452 0.594999
2024-09-10 14:01:28,170 INFO recv reverse 8 -> 1 # 0 at 165919418, 0.669452 0.594999
2024-09-10 14:01:28,354 INFO CHECKSUM 8 0 0: 1.204499
2024-09-10 14:01:28,355 INFO CHECKSUM 8 0 0: 1.204499
2024-09-10 14:01:28,365 INFO Accepting from rank 7
2024-09-10 14:01:28,365 INFO Accepting from rank 7
2024-09-10 14:01:28,365 INFO Accepting from rank 7
2024-09-10 14:01:28,365 INFO Accepting from rank 7
2024-09-10 14:01:28,365 INFO Accepting from rank 7
2024-09-10 14:01:28,365 INFO Accepting from rank 7
2024-09-10 14:01:28,365 INFO Accepting from rank 7
2024-09-10 14:01:28,365 INFO Accepting from rank 7
2024-09-10 14:01:28,365 INFO Accepting from rank 7
2024-09-10 14:01:28,365 INFO Accepting from rank 7
2024-09-10 14:01:28,365 INFO Accepting from rank 7
2024-09-10 14:01:28,365 INFO Accepting from rank 7
2024-09-10 14:01:28,365 INFO sent reverse 8 -> 0 # 0 at 175119293, 0.924675 0.207525
2024-09-10 14:01:28,365 INFO Accepting from rank 7
2024-09-10 14:01:28,365 INFO recv reverse 8 -> 0 # 0 at 175196868, 0.924675 0.207525
2024-09-10 14:01:28,365 INFO Sending from rank 7
2024-09-10 14:01:28,366 INFO Accepting from rank 7
2024-09-10 14:01:28,365 INFO Accepting from rank 7
2024-09-10 14:01:28,412 INFO CHECKSUM 7 15 0: 1.669834
2024-09-10 14:01:28,411 INFO CHECKSUM 7 15 0: 1.669834
2024-09-10 14:01:28,430 INFO recv reverse 7 -> 15 # 0 at 44324478, 0.089832 0.827242
2024-09-10 14:01:28,429 INFO sent reverse 7 -> 15 # 0 at 44248992, 0.089832 0.827242
2024-09-10 14:01:28,455 INFO CHECKSUM 7 14 0: 2.429395
2024-09-10 14:01:28,456 INFO CHECKSUM 7 14 0: 2.429395
2024-09-10 14:01:28,474 INFO recv reverse 7 -> 14 # 0 at 26080032, 0.414383 0.037264
2024-09-10 14:01:28,473 INFO sent reverse 7 -> 14 # 0 at 25982048, 0.414383 0.037264
2024-09-10 14:01:28,500 INFO CHECKSUM 7 13 0: 0.386079
2024-09-10 14:01:28,501 INFO CHECKSUM 7 13 0: 0.386079
2024-09-10 14:01:28,513 INFO recv reverse 7 -> 13 # 0 at 24441440, 0.451849 0.519928
2024-09-10 14:01:28,513 INFO sent reverse 7 -> 13 # 0 at 24358144, 0.451849 0.519928
2024-09-10 14:01:28,540 INFO CHECKSUM 7 12 0: 2.235243
2024-09-10 14:01:28,539 INFO CHECKSUM 7 12 0: 2.235243
2024-09-10 14:01:28,557 INFO recv reverse 7 -> 12 # 0 at 28301919, 0.847022 0.380333
2024-09-10 14:01:28,557 INFO sent reverse 7 -> 12 # 0 at 28202560, 0.847022 0.380333
2024-09-10 14:01:28,667 INFO CHECKSUM 7 11 0: 1.375823
2024-09-10 14:01:28,670 INFO CHECKSUM 7 11 0: 1.375823
2024-09-10 14:01:28,689 INFO recv reverse 7 -> 11 # 0 at 105577247, 0.281361 0.654056
2024-09-10 14:01:28,689 INFO sent reverse 7 -> 11 # 0 at 105512733, 0.281361 0.654056
2024-09-10 14:01:28,725 INFO CHECKSUM 7 10 0: 1.941071
2024-09-10 14:01:28,725 INFO CHECKSUM 7 10 0: 1.941071
2024-09-10 14:01:28,744 INFO sent reverse 7 -> 10 # 0 at 28427776, 0.350605 0.706240
2024-09-10 14:01:28,753 INFO recv reverse 7 -> 10 # 0 at 28524127, 0.350605 0.706240
2024-09-10 14:01:28,855 INFO CHECKSUM 7 9 0: 1.528490
2024-09-10 14:01:28,854 INFO CHECKSUM 7 9 0: 1.528490
2024-09-10 14:01:28,871 INFO recv reverse 7 -> 9 # 0 at 86334754, 0.396588 0.242048
2024-09-10 14:01:28,871 INFO sent reverse 7 -> 9 # 0 at 86628028, 0.396588 0.242048
2024-09-10 14:01:28,895 INFO CHECKSUM 7 8 0: 0.267535
2024-09-10 14:01:28,896 INFO CHECKSUM 7 8 0: 0.267535
2024-09-10 14:01:28,913 INFO recv reverse 7 -> 8 # 0 at 28653215, 0.251206 0.504112
2024-09-10 14:01:28,913 INFO sent reverse 7 -> 8 # 0 at 28546976, 0.251206 0.504112
2024-09-10 14:01:29,107 INFO CHECKSUM 7 6 0: 0.848242
2024-09-10 14:01:29,108 INFO CHECKSUM 7 6 0: 0.848242
2024-09-10 14:01:29,149 INFO recv reverse 7 -> 6 # 0 at 201293624, 0.516758 0.268412
2024-09-10 14:01:29,157 INFO sent reverse 7 -> 6 # 0 at 201225509, 0.516758 0.268412
2024-09-10 14:01:29,353 INFO CHECKSUM 7 5 0: 1.177958
2024-09-10 14:01:29,354 INFO CHECKSUM 7 5 0: 1.177958
2024-09-10 14:01:29,376 INFO recv reverse 7 -> 5 # 0 at 180706268, 0.813714 0.449270
2024-09-10 14:01:29,376 INFO sent reverse 7 -> 5 # 0 at 180629089, 0.813714 0.449270
2024-09-10 14:01:29,610 INFO CHECKSUM 7 4 0: 1.889996
2024-09-10 14:01:29,610 INFO CHECKSUM 7 4 0: 1.889996
2024-09-10 14:01:29,622 INFO recv reverse 7 -> 4 # 0 at 224283462, 0.741107 0.636533
2024-09-10 14:01:29,622 INFO sent reverse 7 -> 4 # 0 at 215736099, 0.741107 0.636533
2024-09-10 14:01:29,842 INFO CHECKSUM 7 3 0: 1.903635
2024-09-10 14:01:29,842 INFO CHECKSUM 7 3 0: 1.903635
2024-09-10 14:01:29,852 INFO recv reverse 7 -> 3 # 0 at 218401184, 0.602817 0.072395
2024-09-10 14:01:29,852 INFO sent reverse 7 -> 3 # 0 at 218310043, 0.602817 0.072395
2024-09-10 14:01:30,030 INFO CHECKSUM 7 2 0: 0.635924
2024-09-10 14:01:30,029 INFO CHECKSUM 7 2 0: 0.635924
2024-09-10 14:01:30,045 INFO recv reverse 7 -> 2 # 0 at 173448318, 0.626123 0.181688
2024-09-10 14:01:30,045 INFO sent reverse 7 -> 2 # 0 at 173384475, 0.626123 0.181688
2024-09-10 14:01:30,243 INFO CHECKSUM 7 1 0: 1.740416
2024-09-10 14:01:30,243 INFO CHECKSUM 7 1 0: 1.740416
2024-09-10 14:01:30,257 INFO recv reverse 7 -> 1 # 0 at 199187973, 0.549051 0.818117
2024-09-10 14:01:30,256 INFO sent reverse 7 -> 1 # 0 at 199090301, 0.549051 0.818117
2024-09-10 14:01:30,434 INFO CHECKSUM 7 0 0: 0.859269
2024-09-10 14:01:30,434 INFO CHECKSUM 7 0 0: 0.859269
2024-09-10 14:01:30,449 INFO Accepting from rank 6
2024-09-10 14:01:30,450 INFO Accepting from rank 6
2024-09-10 14:01:30,450 INFO Accepting from rank 6
2024-09-10 14:01:30,450 INFO Accepting from rank 6
2024-09-10 14:01:30,449 INFO Accepting from rank 6
2024-09-10 14:01:30,450 INFO Accepting from rank 6
2024-09-10 14:01:30,450 INFO Accepting from rank 6
2024-09-10 14:01:30,449 INFO Accepting from rank 6
2024-09-10 14:01:30,449 INFO Accepting from rank 6
2024-09-10 14:01:30,450 INFO Accepting from rank 6
2024-09-10 14:01:30,450 INFO recv reverse 7 -> 0 # 0 at 169506149, 0.194526 0.931583
2024-09-10 14:01:30,449 INFO Accepting from rank 6
2024-09-10 14:01:30,449 INFO Accepting from rank 6
2024-09-10 14:01:30,450 INFO Accepting from rank 6
2024-09-10 14:01:30,450 INFO Accepting from rank 6
2024-09-10 14:01:30,449 INFO Sending from rank 6
2024-09-10 14:01:30,449 INFO sent reverse 7 -> 0 # 0 at 164444412, 0.194526 0.931583
2024-09-10 14:01:30,450 INFO Accepting from rank 6
2024-09-10 14:01:30,482 INFO CHECKSUM 6 15 0: 1.343543
2024-09-10 14:01:30,481 INFO CHECKSUM 6 15 0: 1.343543
2024-09-10 14:01:30,513 INFO recv reverse 6 -> 15 # 0 at 39364097, 0.147025 0.826251
2024-09-10 14:01:30,513 INFO sent reverse 6 -> 15 # 0 at 39259391, 0.147025 0.826251
2024-09-10 14:01:30,548 INFO CHECKSUM 6 14 0: 2.389595
2024-09-10 14:01:30,547 INFO CHECKSUM 6 14 0: 2.389595
2024-09-10 14:01:30,570 INFO recv reverse 6 -> 14 # 0 at 28158048, 0.630258 0.379030
2024-09-10 14:01:30,569 INFO sent reverse 6 -> 14 # 0 at 28086719, 0.630258 0.379030
2024-09-10 14:01:30,601 INFO CHECKSUM 6 13 0: 1.696638
2024-09-10 14:01:30,600 INFO CHECKSUM 6 13 0: 1.696638
2024-09-10 14:01:30,618 INFO recv reverse 6 -> 13 # 0 at 31267007, 0.491964 0.630247
2024-09-10 14:01:30,617 INFO sent reverse 6 -> 13 # 0 at 35653377, 0.491964 0.630247
2024-09-10 14:01:30,663 INFO CHECKSUM 6 12 0: 1.461931
2024-09-10 14:01:30,665 INFO CHECKSUM 6 12 0: 1.461931
2024-09-10 14:01:30,686 INFO recv reverse 6 -> 12 # 0 at 23949632, 0.114327 0.008379
2024-09-10 14:01:30,689 INFO sent reverse 6 -> 12 # 0 at 23255424, 0.114327 0.008379
2024-09-10 14:01:30,738 INFO CHECKSUM 6 11 0: 1.348733
2024-09-10 14:01:30,738 INFO CHECKSUM 6 11 0: 1.348733
2024-09-10 14:01:30,757 INFO recv reverse 6 -> 11 # 0 at 45954463, 0.746789 0.128546
2024-09-10 14:01:30,757 INFO sent reverse 6 -> 11 # 0 at 45880638, 0.746789 0.128546
2024-09-10 14:01:30,786 INFO CHECKSUM 6 10 0: 1.246254
2024-09-10 14:01:30,786 INFO CHECKSUM 6 10 0: 1.246254
2024-09-10 14:01:30,805 INFO recv reverse 6 -> 10 # 0 at 23044416, 0.404265 0.406568
2024-09-10 14:01:30,805 INFO sent reverse 6 -> 10 # 0 at 25493247, 0.404265 0.406568
2024-09-10 14:01:30,919 INFO CHECKSUM 6 9 0: 1.779700
2024-09-10 14:01:30,920 INFO CHECKSUM 6 9 0: 1.779700
2024-09-10 14:01:30,958 INFO sent reverse 6 -> 9 # 0 at 108736190, 0.867803 0.527283
2024-09-10 14:01:30,974 INFO recv reverse 6 -> 9 # 0 at 108808097, 0.867803 0.527283
2024-09-10 14:01:31,003 INFO CHECKSUM 6 8 0: 1.867708
2024-09-10 14:01:31,004 INFO CHECKSUM 6 8 0: 1.867708
2024-09-10 14:01:31,021 INFO recv reverse 6 -> 8 # 0 at 20801023, 0.330547 0.033595
2024-09-10 14:01:31,021 INFO sent reverse 6 -> 8 # 0 at 20728160, 0.330547 0.033595
2024-09-10 14:01:31,047 INFO CHECKSUM 6 7 0: 1.592696
2024-09-10 14:01:31,048 INFO CHECKSUM 6 7 0: 1.592696
2024-09-10 14:01:31,073 INFO sent reverse 6 -> 7 # 0 at 28208576, 0.065790 0.238182
2024-09-10 14:01:31,073 INFO recv reverse 6 -> 7 # 0 at 28305536, 0.065790 0.238182
2024-09-10 14:01:31,287 INFO CHECKSUM 6 5 0: 1.666735
2024-09-10 14:01:31,287 INFO CHECKSUM 6 5 0: 1.666735
2024-09-10 14:01:31,321 INFO recv reverse 6 -> 5 # 0 at 218981887, 0.607824 0.163905
2024-09-10 14:01:31,321 INFO sent reverse 6 -> 5 # 0 at 218920547, 0.607824 0.163905
2024-09-10 14:01:31,532 INFO CHECKSUM 6 4 0: 1.356729
2024-09-10 14:01:31,535 INFO CHECKSUM 6 4 0: 1.356729
2024-09-10 14:01:31,557 INFO recv reverse 6 -> 4 # 0 at 215732284, 0.779744 0.438554
2024-09-10 14:01:31,557 INFO sent reverse 6 -> 4 # 0 at 205722076, 0.779744 0.438554
2024-09-10 14:01:31,771 INFO CHECKSUM 6 3 0: 0.728728
2024-09-10 14:01:31,770 INFO CHECKSUM 6 3 0: 0.728728
2024-09-10 14:01:31,783 INFO recv reverse 6 -> 3 # 0 at 210477218, 0.009683 0.244559
2024-09-10 14:01:31,782 INFO sent reverse 6 -> 3 # 0 at 210404739, 0.009683 0.244559
2024-09-10 14:01:31,980 INFO CHECKSUM 6 2 0: 1.962877
2024-09-10 14:01:31,978 INFO CHECKSUM 6 2 0: 1.962877
2024-09-10 14:01:32,013 INFO recv reverse 6 -> 2 # 0 at 201337509, 0.702926 0.201108
2024-09-10 14:01:32,013 INFO sent reverse 6 -> 2 # 0 at 201212356, 0.702926 0.201108
2024-09-10 14:01:32,203 INFO CHECKSUM 6 1 0: 0.979168
2024-09-10 14:01:32,202 INFO CHECKSUM 6 1 0: 0.979168
2024-09-10 14:01:32,222 INFO recv reverse 6 -> 1 # 0 at 177097061, 0.071156 0.424819
2024-09-10 14:01:32,221 INFO sent reverse 6 -> 1 # 0 at 177000961, 0.071156 0.424819
2024-09-10 14:01:32,395 INFO CHECKSUM 6 0 0: 1.953124
2024-09-10 14:01:32,393 INFO CHECKSUM 6 0 0: 1.953124
2024-09-10 14:01:32,411 INFO Accepting from rank 5
2024-09-10 14:01:32,412 INFO Accepting from rank 5
2024-09-10 14:01:32,411 INFO Accepting from rank 5
2024-09-10 14:01:32,411 INFO Accepting from rank 5
2024-09-10 14:01:32,411 INFO Accepting from rank 5
2024-09-10 14:01:32,412 INFO Accepting from rank 5
2024-09-10 14:01:32,411 INFO Accepting from rank 5
2024-09-10 14:01:32,411 INFO Sending from rank 5
2024-09-10 14:01:32,411 INFO Accepting from rank 5
2024-09-10 14:01:32,411 INFO Accepting from rank 5
2024-09-10 14:01:32,411 INFO recv reverse 6 -> 0 # 0 at 177509338, 0.393041 0.850691
2024-09-10 14:01:32,411 INFO sent reverse 6 -> 0 # 0 at 177391876, 0.393041 0.850691
2024-09-10 14:01:32,411 INFO Accepting from rank 5
2024-09-10 14:01:32,411 INFO Accepting from rank 5
2024-09-10 14:01:32,421 INFO Accepting from rank 5
2024-09-10 14:01:32,421 INFO Accepting from rank 5
2024-09-10 14:01:32,421 INFO Accepting from rank 5
2024-09-10 14:01:32,421 INFO Accepting from rank 5
2024-09-10 14:01:32,543 INFO CHECKSUM 5 15 0: 0.913593
2024-09-10 14:01:32,542 INFO CHECKSUM 5 15 0: 0.913593
2024-09-10 14:01:32,564 INFO sent reverse 5 -> 15 # 0 at 95496444, 0.527238 0.992010
2024-09-10 14:01:32,568 INFO recv reverse 5 -> 15 # 0 at 108118881, 0.527238 0.992010
2024-09-10 14:01:32,610 INFO CHECKSUM 5 14 0: 1.228363
2024-09-10 14:01:32,611 INFO CHECKSUM 5 14 0: 1.228363
2024-09-10 14:01:32,627 INFO recv reverse 5 -> 14 # 0 at 29694688, 0.035310 0.341535
2024-09-10 14:01:32,637 INFO sent reverse 5 -> 14 # 0 at 38941406, 0.035310 0.341535
2024-09-10 14:01:32,730 INFO CHECKSUM 5 13 0: 1.649839
2024-09-10 14:01:32,731 INFO CHECKSUM 5 13 0: 1.649839
2024-09-10 14:01:32,773 INFO sent reverse 5 -> 13 # 0 at 88686882, 0.841987 0.946296
2024-09-10 14:01:32,781 INFO recv reverse 5 -> 13 # 0 at 80861953, 0.841987 0.946296
2024-09-10 14:01:32,809 INFO CHECKSUM 5 12 0: 1.577599
2024-09-10 14:01:32,808 INFO CHECKSUM 5 12 0: 1.577599
2024-09-10 14:01:32,830 INFO recv reverse 5 -> 12 # 0 at 26425088, 0.096810 0.206535
2024-09-10 14:01:32,837 INFO sent reverse 5 -> 12 # 0 at 20430656, 0.096810 0.206535
2024-09-10 14:01:32,879 INFO CHECKSUM 5 11 0: 1.245128
2024-09-10 14:01:32,880 INFO CHECKSUM 5 11 0: 1.245128
2024-09-10 14:01:32,919 INFO recv reverse 5 -> 11 # 0 at 40974113, 0.418374 0.675106
2024-09-10 14:01:32,933 INFO sent reverse 5 -> 11 # 0 at 48949279, 0.418374 0.675106
2024-09-10 14:01:32,967 INFO CHECKSUM 5 10 0: 1.005180
2024-09-10 14:01:32,968 INFO CHECKSUM 5 10 0: 1.005180
2024-09-10 14:01:32,985 INFO recv reverse 5 -> 10 # 0 at 28606176, 0.944803 0.680124
2024-09-10 14:01:32,990 INFO sent reverse 5 -> 10 # 0 at 28532896, 0.944803 0.680124
2024-09-10 14:01:33,087 INFO CHECKSUM 5 9 0: 1.524359
2024-09-10 14:01:33,087 INFO CHECKSUM 5 9 0: 1.524359
2024-09-10 14:01:33,104 INFO recv reverse 5 -> 9 # 0 at 92058433, 0.076193 0.338186
2024-09-10 14:01:33,107 INFO sent reverse 5 -> 9 # 0 at 95871070, 0.076193 0.338186
2024-09-10 14:01:33,150 INFO CHECKSUM 5 8 0: 1.782060
2024-09-10 14:01:33,151 INFO CHECKSUM 5 8 0: 1.782060
2024-09-10 14:01:33,188 INFO recv reverse 5 -> 8 # 0 at 37531967, 0.505604 0.022761
2024-09-10 14:01:33,197 INFO sent reverse 5 -> 8 # 0 at 29556768, 0.505604 0.022761
2024-09-10 14:01:33,256 INFO CHECKSUM 5 7 0: 0.341524
2024-09-10 14:01:33,256 INFO CHECKSUM 5 7 0: 0.341524
2024-09-10 14:01:33,273 INFO sent reverse 5 -> 7 # 0 at 31598783, 0.597816 0.511677
2024-09-10 14:01:33,273 INFO recv reverse 5 -> 7 # 0 at 31664287, 0.597816 0.511677
2024-09-10 14:01:33,303 INFO CHECKSUM 5 6 0: 1.805215
2024-09-10 14:01:33,304 INFO CHECKSUM 5 6 0: 1.805215
2024-09-10 14:01:33,325 INFO sent reverse 5 -> 6 # 0 at 32561248, 0.661944 0.425804
2024-09-10 14:01:33,325 INFO recv reverse 5 -> 6 # 0 at 32618751, 0.661944 0.425804
2024-09-10 14:01:33,522 INFO CHECKSUM 5 4 0: 0.811148
2024-09-10 14:01:33,522 INFO CHECKSUM 5 4 0: 0.811148
2024-09-10 14:01:33,540 INFO recv reverse 5 -> 4 # 0 at 194100326, 0.252221 0.023719
2024-09-10 14:01:33,544 INFO sent reverse 5 -> 4 # 0 at 194028121, 0.252221 0.023719
2024-09-10 14:01:33,778 INFO CHECKSUM 5 3 0: 0.853388
2024-09-10 14:01:33,778 INFO CHECKSUM 5 3 0: 0.853388
2024-09-10 14:01:33,788 INFO recv reverse 5 -> 3 # 0 at 230419006, 0.832430 0.829017
2024-09-10 14:01:33,788 INFO sent reverse 5 -> 3 # 0 at 230316345, 0.832430 0.829017
2024-09-10 14:01:33,970 INFO CHECKSUM 5 2 0: 1.188900
2024-09-10 14:01:33,970 INFO CHECKSUM 5 2 0: 1.188900
2024-09-10 14:01:33,993 INFO recv reverse 5 -> 2 # 0 at 181511901, 0.603490 0.987538
2024-09-10 14:01:33,993 INFO sent reverse 5 -> 2 # 0 at 181392349, 0.603490 0.987538
2024-09-10 14:01:34,175 INFO CHECKSUM 5 1 0: 1.451040
2024-09-10 14:01:34,174 INFO CHECKSUM 5 1 0: 1.451040
2024-09-10 14:01:34,201 INFO recv reverse 5 -> 1 # 0 at 187112197, 0.104691 0.530332
2024-09-10 14:01:34,200 INFO sent reverse 5 -> 1 # 0 at 184029251, 0.104691 0.530332
2024-09-10 14:01:34,384 INFO CHECKSUM 5 0 0: 1.753651
2024-09-10 14:01:34,383 INFO CHECKSUM 5 0 0: 1.753651
2024-09-10 14:01:34,414 INFO Accepting from rank 4
2024-09-10 14:01:34,414 INFO recv reverse 5 -> 0 # 0 at 176596633, 0.914946 0.765692
2024-09-10 14:01:34,413 INFO Accepting from rank 4
2024-09-10 14:01:34,414 INFO Accepting from rank 4
2024-09-10 14:01:34,414 INFO Accepting from rank 4
2024-09-10 14:01:34,413 INFO Sending from rank 4
2024-09-10 14:01:34,414 INFO Accepting from rank 4
2024-09-10 14:01:34,413 INFO Accepting from rank 4
2024-09-10 14:01:34,414 INFO Accepting from rank 4
2024-09-10 14:01:34,413 INFO Accepting from rank 4
2024-09-10 14:01:34,413 INFO sent reverse 5 -> 0 # 0 at 176491455, 0.914946 0.765692
2024-09-10 14:01:34,414 INFO Accepting from rank 4
2024-09-10 14:01:34,421 INFO Accepting from rank 4
2024-09-10 14:01:34,421 INFO Accepting from rank 4
2024-09-10 14:01:34,421 INFO Accepting from rank 4
2024-09-10 14:01:34,421 INFO Accepting from rank 4
2024-09-10 14:01:34,421 INFO Accepting from rank 4
2024-09-10 14:01:34,421 INFO Accepting from rank 4
2024-09-10 14:01:34,440 INFO CHECKSUM 4 15 0: 1.160099
2024-09-10 14:01:34,441 INFO CHECKSUM 4 15 0: 1.160099
2024-09-10 14:01:34,480 INFO sent reverse 4 -> 15 # 0 at 31520832, 0.904268 0.284353
2024-09-10 14:01:34,489 INFO recv reverse 4 -> 15 # 0 at 38959358, 0.904268 0.284353
2024-09-10 14:01:34,508 INFO CHECKSUM 4 14 0: 1.565975
2024-09-10 14:01:34,516 INFO CHECKSUM 4 14 0: 1.565975
2024-09-10 14:01:34,528 INFO recv reverse 4 -> 14 # 0 at 34113822, 0.803974 0.381144
2024-09-10 14:01:34,528 INFO sent reverse 4 -> 14 # 0 at 34024383, 0.803974 0.381144
2024-09-10 14:01:34,559 INFO CHECKSUM 4 13 0: 1.141263
2024-09-10 14:01:34,560 INFO CHECKSUM 4 13 0: 1.141263
2024-09-10 14:01:34,586 INFO recv reverse 4 -> 13 # 0 at 28862943, 0.761701 0.591948
2024-09-10 14:01:34,585 INFO sent reverse 4 -> 13 # 0 at 35839809, 0.761701 0.591948
2024-09-10 14:01:34,616 INFO CHECKSUM 4 12 0: 1.472456
2024-09-10 14:01:34,617 INFO CHECKSUM 4 12 0: 1.472456
2024-09-10 14:01:34,648 INFO recv reverse 4 -> 12 # 0 at 33550880, 0.513026 0.751787
2024-09-10 14:01:34,647 INFO sent reverse 4 -> 12 # 0 at 33479007, 0.513026 0.751787
2024-09-10 14:01:34,686 INFO CHECKSUM 4 11 0: 0.992774
2024-09-10 14:01:34,687 INFO CHECKSUM 4 11 0: 0.992774
2024-09-10 14:01:34,699 INFO sent reverse 4 -> 11 # 0 at 32247264, 0.378872 0.834809
2024-09-10 14:01:34,699 INFO recv reverse 4 -> 11 # 0 at 26697599, 0.378872 0.834809
2024-09-10 14:01:34,730 INFO CHECKSUM 4 10 0: 0.976022
2024-09-10 14:01:34,730 INFO CHECKSUM 4 10 0: 0.976022
2024-09-10 14:01:34,760 INFO sent reverse 4 -> 10 # 0 at 35881248, 0.010500 0.254824
2024-09-10 14:01:34,761 INFO recv reverse 4 -> 10 # 0 at 35969825, 0.010500 0.254824
2024-09-10 14:01:34,804 INFO CHECKSUM 4 9 0: 0.816250
2024-09-10 14:01:34,804 INFO CHECKSUM 4 9 0: 0.816250
2024-09-10 14:01:34,826 INFO recv reverse 4 -> 9 # 0 at 46079040, 0.369460 0.864879
2024-09-10 14:01:34,826 INFO sent reverse 4 -> 9 # 0 at 49131649, 0.369460 0.864879
2024-09-10 14:01:34,855 INFO CHECKSUM 4 8 0: 1.687719
2024-09-10 14:01:34,856 INFO CHECKSUM 4 8 0: 1.687719
2024-09-10 14:01:34,864 INFO recv reverse 4 -> 8 # 0 at 23820896, 0.828752 0.748618
2024-09-10 14:01:34,864 INFO sent reverse 4 -> 8 # 0 at 23748031, 0.828752 0.748618
2024-09-10 14:01:34,887 INFO CHECKSUM 4 7 0: 1.475200
2024-09-10 14:01:34,888 INFO CHECKSUM 4 7 0: 1.475200
2024-09-10 14:01:34,916 INFO sent reverse 4 -> 7 # 0 at 27672672, 0.270535 0.577656
2024-09-10 14:01:34,921 INFO recv reverse 4 -> 7 # 0 at 27769664, 0.270535 0.577656
2024-09-10 14:01:35,030 INFO CHECKSUM 4 6 0: 2.152786
2024-09-10 14:01:35,031 INFO CHECKSUM 4 6 0: 2.152786
2024-09-10 14:01:35,049 INFO sent reverse 4 -> 6 # 0 at 109164802, 0.741804 0.666625
2024-09-10 14:01:35,049 INFO recv reverse 4 -> 6 # 0 at 109239555, 0.741804 0.666625
2024-09-10 14:01:35,089 INFO CHECKSUM 4 5 0: 1.039722
2024-09-10 14:01:35,089 INFO CHECKSUM 4 5 0: 1.039722
2024-09-10 14:01:35,098 INFO sent reverse 4 -> 5 # 0 at 22584064, 0.224301 0.062671
2024-09-10 14:01:35,098 INFO recv reverse 4 -> 5 # 0 at 22644704, 0.224301 0.062671
2024-09-10 14:01:35,327 INFO CHECKSUM 4 3 0: 0.738099
2024-09-10 14:01:35,327 INFO CHECKSUM 4 3 0: 0.738099
2024-09-10 14:01:35,343 INFO recv reverse 4 -> 3 # 0 at 234497116, 0.010010 0.069025
2024-09-10 14:01:35,343 INFO sent reverse 4 -> 3 # 0 at 234442749, 0.010010 0.069025
2024-09-10 14:01:35,586 INFO CHECKSUM 4 2 0: 1.762859
2024-09-10 14:01:35,586 INFO CHECKSUM 4 2 0: 1.762859
2024-09-10 14:01:35,602 INFO sent reverse 4 -> 2 # 0 at 245792572, 0.927250 0.097391
2024-09-10 14:01:35,603 INFO recv reverse 4 -> 2 # 0 at 245873977, 0.927250 0.097391
2024-09-10 14:01:35,827 INFO CHECKSUM 4 1 0: 2.152209
2024-09-10 14:01:35,826 INFO CHECKSUM 4 1 0: 2.152209
2024-09-10 14:01:35,856 INFO sent reverse 4 -> 1 # 0 at 216471450, 0.635137 0.205207
2024-09-10 14:01:35,857 INFO recv reverse 4 -> 1 # 0 at 216570968, 0.635137 0.205207
2024-09-10 14:01:36,035 INFO CHECKSUM 4 0 0: 1.731408
2024-09-10 14:01:36,035 INFO CHECKSUM 4 0 0: 1.731408
2024-09-10 14:01:36,045 INFO Accepting from rank 3
2024-09-10 14:01:36,045 INFO Accepting from rank 3
2024-09-10 14:01:36,045 INFO Accepting from rank 3
2024-09-10 14:01:36,045 INFO Accepting from rank 3
2024-09-10 14:01:36,045 INFO Accepting from rank 3
2024-09-10 14:01:36,045 INFO Accepting from rank 3
2024-09-10 14:01:36,045 INFO Accepting from rank 3
2024-09-10 14:01:36,045 INFO Accepting from rank 3
2024-09-10 14:01:36,045 INFO Accepting from rank 3
2024-09-10 14:01:36,045 INFO Accepting from rank 3
2024-09-10 14:01:36,045 INFO Sending from rank 3
2024-09-10 14:01:36,045 INFO Accepting from rank 3
2024-09-10 14:01:36,045 INFO Accepting from rank 3
2024-09-10 14:01:36,045 INFO Accepting from rank 3
2024-09-10 14:01:36,045 INFO recv reverse 4 -> 0 # 0 at 158840545, 0.462921 0.754115
2024-09-10 14:01:36,045 INFO sent reverse 4 -> 0 # 0 at 158742233, 0.462921 0.754115
2024-09-10 14:01:36,045 INFO Accepting from rank 3
2024-09-10 14:01:36,046 INFO Accepting from rank 3
2024-09-10 14:01:36,099 INFO CHECKSUM 3 15 0: 1.427391
2024-09-10 14:01:36,099 INFO CHECKSUM 3 15 0: 1.427391
2024-09-10 14:01:36,113 INFO sent reverse 3 -> 15 # 0 at 50417503, 0.116286 0.923463
2024-09-10 14:01:36,114 INFO recv reverse 3 -> 15 # 0 at 42143489, 0.116286 0.923463
2024-09-10 14:01:36,137 INFO CHECKSUM 3 14 0: 0.663717
2024-09-10 14:01:36,137 INFO CHECKSUM 3 14 0: 0.663717
2024-09-10 14:01:36,154 INFO recv reverse 3 -> 14 # 0 at 30573247, 0.188170 0.320766
2024-09-10 14:01:36,154 INFO sent reverse 3 -> 14 # 0 at 30479776, 0.188170 0.320766
2024-09-10 14:01:36,179 INFO CHECKSUM 3 13 0: 0.744193
2024-09-10 14:01:36,180 INFO CHECKSUM 3 13 0: 0.744193
2024-09-10 14:01:36,209 INFO recv reverse 3 -> 13 # 0 at 26858112, 0.567428 0.733049
2024-09-10 14:01:36,209 INFO sent reverse 3 -> 13 # 0 at 26760896, 0.567428 0.733049
2024-09-10 14:01:36,235 INFO CHECKSUM 3 12 0: 1.810359
2024-09-10 14:01:36,236 INFO CHECKSUM 3 12 0: 1.810359
2024-09-10 14:01:36,253 INFO sent reverse 3 -> 12 # 0 at 31724576, 0.333911 0.973793
2024-09-10 14:01:36,253 INFO recv reverse 3 -> 12 # 0 at 31911584, 0.333911 0.973793
2024-09-10 14:01:36,294 INFO CHECKSUM 3 11 0: 1.036667
2024-09-10 14:01:36,295 INFO CHECKSUM 3 11 0: 1.036667
2024-09-10 14:01:36,328 INFO sent reverse 3 -> 11 # 0 at 43827102, 0.184588 0.801179
2024-09-10 14:01:36,329 INFO recv reverse 3 -> 11 # 0 at 43924865, 0.184588 0.801179
2024-09-10 14:01:36,378 INFO CHECKSUM 3 10 0: 0.409226
2024-09-10 14:01:36,379 INFO CHECKSUM 3 10 0: 0.409226
2024-09-10 14:01:36,401 INFO recv reverse 3 -> 10 # 0 at 41195007, 0.380474 0.282065
2024-09-10 14:01:36,404 INFO sent reverse 3 -> 10 # 0 at 29500543, 0.380474 0.282065
2024-09-10 14:01:36,438 INFO CHECKSUM 3 9 0: 1.427667
2024-09-10 14:01:36,439 INFO CHECKSUM 3 9 0: 1.427667
2024-09-10 14:01:36,461 INFO recv reverse 3 -> 9 # 0 at 30530591, 0.879540 0.036559
2024-09-10 14:01:36,463 INFO sent reverse 3 -> 9 # 0 at 30473600, 0.879540 0.036559
2024-09-10 14:01:36,538 INFO CHECKSUM 3 8 0: 1.400910
2024-09-10 14:01:36,538 INFO CHECKSUM 3 8 0: 1.400910
2024-09-10 14:01:36,548 INFO sent reverse 3 -> 8 # 0 at 47396640, 0.708824 0.985271
2024-09-10 14:01:36,548 INFO recv reverse 3 -> 8 # 0 at 56454078, 0.708824 0.985271
2024-09-10 14:01:36,591 INFO CHECKSUM 3 7 0: 2.153044
2024-09-10 14:01:36,591 INFO CHECKSUM 3 7 0: 2.153044
2024-09-10 14:01:36,633 INFO sent reverse 3 -> 7 # 0 at 35047550, 0.069570 0.531173
2024-09-10 14:01:36,641 INFO recv reverse 3 -> 7 # 0 at 42697822, 0.069570 0.531173
2024-09-10 14:01:36,682 INFO CHECKSUM 3 6 0: 2.542978
2024-09-10 14:01:36,682 INFO CHECKSUM 3 6 0: 2.542978
2024-09-10 14:01:36,709 INFO sent reverse 3 -> 6 # 0 at 34462078, 0.402911 0.352776
2024-09-10 14:01:36,709 INFO recv reverse 3 -> 6 # 0 at 37583103, 0.402911 0.352776
2024-09-10 14:01:36,744 INFO CHECKSUM 3 5 0: 2.823368
2024-09-10 14:01:36,751 INFO CHECKSUM 3 5 0: 2.823368
2024-09-10 14:01:36,768 INFO sent reverse 3 -> 5 # 0 at 29263967, 0.199962 0.503685
2024-09-10 14:01:36,777 INFO recv reverse 3 -> 5 # 0 at 29322975, 0.199962 0.503685
2024-09-10 14:01:36,797 INFO CHECKSUM 3 4 0: 1.649684
2024-09-10 14:01:36,797 INFO CHECKSUM 3 4 0: 1.649684
2024-09-10 14:01:36,815 INFO sent reverse 3 -> 4 # 0 at 23347743, 0.859964 0.563758
2024-09-10 14:01:36,815 INFO recv reverse 3 -> 4 # 0 at 23410112, 0.859964 0.563758
2024-09-10 14:01:37,013 INFO CHECKSUM 3 2 0: 1.444962
2024-09-10 14:01:37,014 INFO CHECKSUM 3 2 0: 1.444962
2024-09-10 14:01:37,035 INFO recv reverse 3 -> 2 # 0 at 204888549, 0.996942 0.500516
2024-09-10 14:01:37,035 INFO sent reverse 3 -> 2 # 0 at 204810180, 0.996942 0.500516
2024-09-10 14:01:37,232 INFO CHECKSUM 3 1 0: 1.444038
2024-09-10 14:01:37,233 INFO CHECKSUM 3 1 0: 1.444038
2024-09-10 14:01:37,247 INFO recv reverse 3 -> 1 # 0 at 198459777, 0.565715 0.195721
2024-09-10 14:01:37,247 INFO sent reverse 3 -> 1 # 0 at 198341094, 0.565715 0.195721
2024-09-10 14:01:37,441 INFO CHECKSUM 3 0 0: 2.207733
2024-09-10 14:01:37,442 INFO CHECKSUM 3 0 0: 2.207733
2024-09-10 14:01:37,472 INFO Accepting from rank 2
2024-09-10 14:01:37,472 INFO Sending from rank 2
2024-09-10 14:01:37,471 INFO Accepting from rank 2
2024-09-10 14:01:37,472 INFO Accepting from rank 2
2024-09-10 14:01:37,472 INFO sent reverse 3 -> 0 # 0 at 208509979, 0.209769 0.758020
2024-09-10 14:01:37,471 INFO Accepting from rank 2
2024-09-10 14:01:37,471 INFO Accepting from rank 2
2024-09-10 14:01:37,472 INFO Accepting from rank 2
2024-09-10 14:01:37,472 INFO recv reverse 3 -> 0 # 0 at 208588134, 0.209769 0.758020
2024-09-10 14:01:37,471 INFO Accepting from rank 2
2024-09-10 14:01:37,472 INFO Accepting from rank 2
2024-09-10 14:01:37,472 INFO Accepting from rank 2
2024-09-10 14:01:37,472 INFO Accepting from rank 2
2024-09-10 14:01:37,471 INFO Accepting from rank 2
2024-09-10 14:01:37,472 INFO Accepting from rank 2
2024-09-10 14:01:37,472 INFO Accepting from rank 2
2024-09-10 14:01:37,472 INFO Accepting from rank 2
2024-09-10 14:01:37,471 INFO Accepting from rank 2
2024-09-10 14:01:37,500 INFO CHECKSUM 2 15 0: 1.935690
2024-09-10 14:01:37,500 INFO CHECKSUM 2 15 0: 1.935690
2024-09-10 14:01:37,532 INFO sent reverse 2 -> 15 # 0 at 26899200, 0.917765 0.944235
2024-09-10 14:01:37,537 INFO recv reverse 2 -> 15 # 0 at 27021856, 0.917765 0.944235
2024-09-10 14:01:37,559 INFO CHECKSUM 2 14 0: 1.426518
2024-09-10 14:01:37,560 INFO CHECKSUM 2 14 0: 1.426518
2024-09-10 14:01:37,578 INFO sent reverse 2 -> 14 # 0 at 26392095, 0.233198 0.437483
2024-09-10 14:01:37,579 INFO recv reverse 2 -> 14 # 0 at 26498432, 0.233198 0.437483
2024-09-10 14:01:37,607 INFO CHECKSUM 2 13 0: 1.548316
2024-09-10 14:01:37,608 INFO CHECKSUM 2 13 0: 1.548316
2024-09-10 14:01:37,638 INFO sent reverse 2 -> 13 # 0 at 35640766, 0.723417 0.771625
2024-09-10 14:01:37,638 INFO recv reverse 2 -> 13 # 0 at 40978401, 0.723417 0.771625
2024-09-10 14:01:37,675 INFO CHECKSUM 2 12 0: 1.639975
2024-09-10 14:01:37,675 INFO CHECKSUM 2 12 0: 1.639975
2024-09-10 14:01:37,702 INFO sent reverse 2 -> 12 # 0 at 43621726, 0.878816 0.791925
2024-09-10 14:01:37,702 INFO recv reverse 2 -> 12 # 0 at 43718112, 0.878816 0.791925
2024-09-10 14:01:37,741 INFO CHECKSUM 2 11 0: 1.451195
2024-09-10 14:01:37,741 INFO CHECKSUM 2 11 0: 1.451195
2024-09-10 14:01:37,766 INFO sent reverse 2 -> 11 # 0 at 38648639, 0.438968 0.095976
2024-09-10 14:01:37,766 INFO recv reverse 2 -> 11 # 0 at 38722976, 0.438968 0.095976
2024-09-10 14:01:37,870 INFO CHECKSUM 2 10 0: 1.965699
2024-09-10 14:01:37,870 INFO CHECKSUM 2 10 0: 1.965699
2024-09-10 14:01:37,877 INFO recv reverse 2 -> 10 # 0 at 90914268, 0.713682 0.157782
2024-09-10 14:01:37,877 INFO sent reverse 2 -> 10 # 0 at 90849250, 0.713682 0.157782
2024-09-10 14:01:37,903 INFO CHECKSUM 2 9 0: 1.856088
2024-09-10 14:01:37,904 INFO CHECKSUM 2 9 0: 1.856088
2024-09-10 14:01:37,931 INFO sent reverse 2 -> 9 # 0 at 22374559, 0.319907 0.172324
2024-09-10 14:01:37,941 INFO recv reverse 2 -> 9 # 0 at 22471839, 0.319907 0.172324
2024-09-10 14:01:37,958 INFO CHECKSUM 2 8 0: 1.134132
2024-09-10 14:01:37,959 INFO CHECKSUM 2 8 0: 1.134132
2024-09-10 14:01:37,973 INFO recv reverse 2 -> 8 # 0 at 28885055, 0.429461 0.845626
2024-09-10 14:01:37,973 INFO sent reverse 2 -> 8 # 0 at 28773279, 0.429461 0.845626
2024-09-10 14:01:38,000 INFO CHECKSUM 2 7 0: 1.762186
2024-09-10 14:01:38,000 INFO CHECKSUM 2 7 0: 1.762186
2024-09-10 14:01:38,033 INFO sent reverse 2 -> 7 # 0 at 22943840, 0.106305 0.917504
2024-09-10 14:01:38,041 INFO recv reverse 2 -> 7 # 0 at 23043455, 0.106305 0.917504
2024-09-10 14:01:38,094 INFO CHECKSUM 2 6 0: 0.760907
2024-09-10 14:01:38,094 INFO CHECKSUM 2 6 0: 0.760907
2024-09-10 14:01:38,110 INFO sent reverse 2 -> 6 # 0 at 50541088, 0.107982 0.764943
2024-09-10 14:01:38,109 INFO recv reverse 2 -> 6 # 0 at 50616958, 0.107982 0.764943
2024-09-10 14:01:38,198 INFO CHECKSUM 2 5 0: 1.244510
2024-09-10 14:01:38,198 INFO CHECKSUM 2 5 0: 1.244510
2024-09-10 14:01:38,222 INFO sent reverse 2 -> 5 # 0 at 88662620, 0.435456 0.272706
2024-09-10 14:01:38,221 INFO recv reverse 2 -> 5 # 0 at 88745475, 0.435456 0.272706
2024-09-10 14:01:38,290 INFO CHECKSUM 2 4 0: 1.837515
2024-09-10 14:01:38,307 INFO sent reverse 2 -> 4 # 0 at 52885631, 0.146999 0.478033
2024-09-10 14:01:38,290 INFO CHECKSUM 2 4 0: 1.837515
2024-09-10 14:01:38,306 INFO recv reverse 2 -> 4 # 0 at 52951393, 0.146999 0.478033
2024-09-10 14:01:38,406 INFO CHECKSUM 2 3 0: 2.180042
2024-09-10 14:01:38,406 INFO CHECKSUM 2 3 0: 2.180042
2024-09-10 14:01:38,438 INFO sent reverse 2 -> 3 # 0 at 103284385, 0.592082 0.221687
2024-09-10 14:01:38,438 INFO recv reverse 2 -> 3 # 0 at 103364227, 0.592082 0.221687
2024-09-10 14:01:38,666 INFO CHECKSUM 2 1 0: 0.815758
2024-09-10 14:01:38,666 INFO CHECKSUM 2 1 0: 0.815758
2024-09-10 14:01:38,681 INFO recv reverse 2 -> 1 # 0 at 226795654, 0.315761 0.951449
2024-09-10 14:01:38,681 INFO sent reverse 2 -> 1 # 0 at 226825088, 0.315761 0.951449
2024-09-10 14:01:38,894 INFO CHECKSUM 2 0 0: 1.405395
2024-09-10 14:01:38,894 INFO CHECKSUM 2 0 0: 1.405395
2024-09-10 14:01:38,918 INFO Sending from rank 1
2024-09-10 14:01:38,918 INFO Accepting from rank 1
2024-09-10 14:01:38,917 INFO Accepting from rank 1
2024-09-10 14:01:38,917 INFO Accepting from rank 1
2024-09-10 14:01:38,918 INFO Accepting from rank 1
2024-09-10 14:01:38,918 INFO recv reverse 2 -> 0 # 0 at 206858215, 0.470010 0.516598
2024-09-10 14:01:38,917 INFO Accepting from rank 1
2024-09-10 14:01:38,917 INFO Accepting from rank 1
2024-09-10 14:01:38,918 INFO Accepting from rank 1
2024-09-10 14:01:38,918 INFO sent reverse 2 -> 0 # 0 at 206632385, 0.470010 0.516598
2024-09-10 14:01:38,917 INFO Accepting from rank 1
2024-09-10 14:01:38,918 INFO Accepting from rank 1
2024-09-10 14:01:38,918 INFO Accepting from rank 1
2024-09-10 14:01:38,917 INFO Accepting from rank 1
2024-09-10 14:01:38,918 INFO Accepting from rank 1
2024-09-10 14:01:38,918 INFO Accepting from rank 1
2024-09-10 14:01:38,921 INFO Accepting from rank 1
2024-09-10 14:01:38,921 INFO Accepting from rank 1
2024-09-10 14:01:38,946 INFO CHECKSUM 1 15 0: 1.094682
2024-09-10 14:01:38,947 INFO CHECKSUM 1 15 0: 1.094682
2024-09-10 14:01:38,976 INFO sent reverse 1 -> 15 # 0 at 29088607, 0.758998 0.952797
2024-09-10 14:01:38,985 INFO recv reverse 1 -> 15 # 0 at 29191583, 0.758998 0.952797
2024-09-10 14:01:39,017 INFO CHECKSUM 1 14 0: 1.878592
2024-09-10 14:01:39,017 INFO CHECKSUM 1 14 0: 1.878592
2024-09-10 14:01:39,038 INFO sent reverse 1 -> 14 # 0 at 27484544, 0.089331 0.428618
2024-09-10 14:01:39,038 INFO recv reverse 1 -> 14 # 0 at 27555200, 0.089331 0.428618
2024-09-10 14:01:39,074 INFO CHECKSUM 1 13 0: 0.830220
2024-09-10 14:01:39,074 INFO CHECKSUM 1 13 0: 0.830220
2024-09-10 14:01:39,101 INFO recv reverse 1 -> 13 # 0 at 29246591, 0.057066 0.839094
2024-09-10 14:01:39,109 INFO sent reverse 1 -> 13 # 0 at 23881216, 0.057066 0.839094
2024-09-10 14:01:39,161 INFO CHECKSUM 1 12 0: 2.076464
2024-09-10 14:01:39,162 INFO CHECKSUM 1 12 0: 2.076464
2024-09-10 14:01:39,181 INFO sent reverse 1 -> 12 # 0 at 29861087, 0.032427 0.481661
2024-09-10 14:01:39,181 INFO recv reverse 1 -> 12 # 0 at 29933567, 0.032427 0.481661
2024-09-10 14:01:39,207 INFO CHECKSUM 1 11 0: 0.758279
2024-09-10 14:01:39,207 INFO CHECKSUM 1 11 0: 0.758279
2024-09-10 14:01:39,234 INFO recv reverse 1 -> 11 # 0 at 37145057, 0.932946 0.110245
2024-09-10 14:01:39,242 INFO sent reverse 1 -> 11 # 0 at 37418945, 0.932946 0.110245
2024-09-10 14:01:39,366 INFO CHECKSUM 1 10 0: 1.225414
2024-09-10 14:01:39,366 INFO CHECKSUM 1 10 0: 1.225414
2024-09-10 14:01:39,382 INFO recv reverse 1 -> 10 # 0 at 111632957, 0.567779 0.029720
2024-09-10 14:01:39,382 INFO sent reverse 1 -> 10 # 0 at 107780899, 0.567779 0.029720
2024-09-10 14:01:39,406 INFO CHECKSUM 1 9 0: 1.387003
2024-09-10 14:01:39,406 INFO CHECKSUM 1 9 0: 1.387003
2024-09-10 14:01:39,426 INFO sent reverse 1 -> 9 # 0 at 30639167, 0.930358 0.032985
2024-09-10 14:01:39,425 INFO recv reverse 1 -> 9 # 0 at 30728639, 0.930358 0.032985
2024-09-10 14:01:39,542 INFO CHECKSUM 1 8 0: 0.299137
2024-09-10 14:01:39,542 INFO CHECKSUM 1 8 0: 0.299137
2024-09-10 14:01:39,564 INFO recv reverse 1 -> 8 # 0 at 103038177, 0.304128 0.413397
2024-09-10 14:01:39,576 INFO sent reverse 1 -> 8 # 0 at 102971649, 0.304128 0.413397
2024-09-10 14:01:39,627 INFO CHECKSUM 1 7 0: 1.310676
2024-09-10 14:01:39,627 INFO CHECKSUM 1 7 0: 1.310676
2024-09-10 14:01:39,674 INFO sent reverse 1 -> 7 # 0 at 57275745, 0.166059 0.551382
2024-09-10 14:01:39,681 INFO recv reverse 1 -> 7 # 0 at 68878753, 0.166059 0.551382
2024-09-10 14:01:39,724 INFO CHECKSUM 1 6 0: 1.064127
2024-09-10 14:01:39,724 INFO CHECKSUM 1 6 0: 1.064127
2024-09-10 14:01:39,738 INFO sent reverse 1 -> 6 # 0 at 36204769, 0.487419 0.969839
2024-09-10 14:01:39,737 INFO recv reverse 1 -> 6 # 0 at 43139358, 0.487419 0.969839
2024-09-10 14:01:39,763 INFO CHECKSUM 1 5 0: 2.158856
2024-09-10 14:01:39,764 INFO CHECKSUM 1 5 0: 2.158856
2024-09-10 14:01:39,790 INFO sent reverse 1 -> 5 # 0 at 20731359, 0.401582 0.274084
2024-09-10 14:01:39,789 INFO recv reverse 1 -> 5 # 0 at 20816160, 0.401582 0.274084
2024-09-10 14:01:39,816 INFO CHECKSUM 1 4 0: 2.652426
2024-09-10 14:01:39,816 INFO CHECKSUM 1 4 0: 2.652426
2024-09-10 14:01:39,830 INFO sent reverse 1 -> 4 # 0 at 26953439, 0.322009 0.884218
2024-09-10 14:01:39,829 INFO recv reverse 1 -> 4 # 0 at 27049663, 0.322009 0.884218
2024-09-10 14:01:39,858 INFO CHECKSUM 1 3 0: 1.708610
2024-09-10 14:01:39,859 INFO CHECKSUM 1 3 0: 1.708610
2024-09-10 14:01:39,881 INFO sent reverse 1 -> 3 # 0 at 26903135, 0.278313 0.140118
2024-09-10 14:01:39,881 INFO recv reverse 1 -> 3 # 0 at 26977632, 0.278313 0.140118
2024-09-10 14:01:39,978 INFO CHECKSUM 1 2 0: 1.479164
2024-09-10 14:01:39,978 INFO CHECKSUM 1 2 0: 1.479164
2024-09-10 14:01:39,994 INFO sent reverse 1 -> 2 # 0 at 97345474, 0.625782 0.362454
2024-09-10 14:01:39,994 INFO recv reverse 1 -> 2 # 0 at 97412193, 0.625782 0.362454
2024-09-10 14:01:40,185 INFO CHECKSUM 1 0 0: 1.795867
2024-09-10 14:01:40,185 INFO CHECKSUM 1 0 0: 1.795867
2024-09-10 14:01:40,206 INFO Accepting from rank 0
2024-09-10 14:01:40,206 INFO Accepting from rank 0
2024-09-10 14:01:40,206 INFO Accepting from rank 0
2024-09-10 14:01:40,207 INFO Accepting from rank 0
2024-09-10 14:01:40,206 INFO recv reverse 1 -> 0 # 0 at 196714080, 0.037012 0.693530
2024-09-10 14:01:40,206 INFO Accepting from rank 0
2024-09-10 14:01:40,206 INFO Accepting from rank 0
2024-09-10 14:01:40,207 INFO Accepting from rank 0
2024-09-10 14:01:40,207 INFO sent reverse 1 -> 0 # 0 at 196608825, 0.037012 0.693530
2024-09-10 14:01:40,206 INFO Accepting from rank 0
2024-09-10 14:01:40,206 INFO Accepting from rank 0
2024-09-10 14:01:40,207 INFO Accepting from rank 0
2024-09-10 14:01:40,207 INFO Sending from rank 0
2024-09-10 14:01:40,206 INFO Accepting from rank 0
2024-09-10 14:01:40,206 INFO Accepting from rank 0
2024-09-10 14:01:40,207 INFO Accepting from rank 0
2024-09-10 14:01:40,207 INFO Accepting from rank 0
2024-09-10 14:01:40,206 INFO Accepting from rank 0
2024-09-10 14:01:40,236 INFO CHECKSUM 0 15 0: 1.419449
2024-09-10 14:01:40,237 INFO CHECKSUM 0 15 0: 1.419449
2024-09-10 14:01:40,249 INFO sent reverse 0 -> 15 # 0 at 31486751, 0.798487 0.678102
2024-09-10 14:01:40,249 INFO recv reverse 0 -> 15 # 0 at 26903711, 0.798487 0.678102
2024-09-10 14:01:40,275 INFO CHECKSUM 0 14 0: 1.342430
2024-09-10 14:01:40,285 INFO CHECKSUM 0 14 0: 1.342430
2024-09-10 14:01:40,302 INFO sent reverse 0 -> 14 # 0 at 29809312, 0.333640 0.253705
2024-09-10 14:01:40,302 INFO recv reverse 0 -> 14 # 0 at 29898496, 0.333640 0.253705
2024-09-10 14:01:40,327 INFO CHECKSUM 0 13 0: 2.133367
2024-09-10 14:01:40,328 INFO CHECKSUM 0 13 0: 2.133367
2024-09-10 14:01:40,354 INFO sent reverse 0 -> 13 # 0 at 29516544, 0.633389 0.518057
2024-09-10 14:01:40,354 INFO recv reverse 0 -> 13 # 0 at 27071584, 0.633389 0.518057
2024-09-10 14:01:40,389 INFO CHECKSUM 0 12 0: 1.763251
2024-09-10 14:01:40,389 INFO CHECKSUM 0 12 0: 1.763251
2024-09-10 14:01:40,405 INFO sent reverse 0 -> 12 # 0 at 35171520, 0.765190 0.193989
2024-09-10 14:01:40,405 INFO recv reverse 0 -> 12 # 0 at 35137790, 0.765190 0.193989
2024-09-10 14:01:40,523 INFO CHECKSUM 0 11 0: 1.957532
2024-09-10 14:01:40,524 INFO CHECKSUM 0 11 0: 1.957532
2024-09-10 14:01:40,538 INFO sent reverse 0 -> 11 # 0 at 111090019, 0.405311 0.112322
2024-09-10 14:01:40,538 INFO recv reverse 0 -> 11 # 0 at 106841888, 0.405311 0.112322
2024-09-10 14:01:40,568 INFO CHECKSUM 0 10 0: 1.044396
2024-09-10 14:01:40,568 INFO CHECKSUM 0 10 0: 1.044396
2024-09-10 14:01:40,585 INFO sent reverse 0 -> 10 # 0 at 32839744, 0.900308 0.049180
2024-09-10 14:01:40,593 INFO recv reverse 0 -> 10 # 0 at 26271200, 0.900308 0.049180
2024-09-10 14:01:40,627 INFO CHECKSUM 0 9 0: 2.032412
2024-09-10 14:01:40,627 INFO CHECKSUM 0 9 0: 2.032412
2024-09-10 14:01:40,650 INFO sent reverse 0 -> 9 # 0 at 22481119, 0.661629 0.560385
2024-09-10 14:01:40,654 INFO recv reverse 0 -> 9 # 0 at 21988704, 0.661629 0.560385
2024-09-10 14:01:40,709 INFO CHECKSUM 0 8 0: 2.691141
2024-09-10 14:01:40,709 INFO CHECKSUM 0 8 0: 2.691141
2024-09-10 14:01:40,716 INFO sent reverse 0 -> 8 # 0 at 42596481, 0.525994 0.180093
2024-09-10 14:01:40,716 INFO recv reverse 0 -> 8 # 0 at 42568256, 0.525994 0.180093
2024-09-10 14:01:40,741 INFO CHECKSUM 0 7 0: 1.908847
2024-09-10 14:01:40,761 INFO sent reverse 0 -> 7 # 0 at 34043262, 0.027785 0.028898
2024-09-10 14:01:40,741 INFO CHECKSUM 0 7 0: 1.908847
2024-09-10 14:01:40,760 INFO recv reverse 0 -> 7 # 0 at 34143230, 0.027785 0.028898
2024-09-10 14:01:40,784 INFO CHECKSUM 0 6 0: 1.710856
2024-09-10 14:01:40,784 INFO CHECKSUM 0 6 0: 1.710856
2024-09-10 14:01:40,802 INFO sent reverse 0 -> 6 # 0 at 21020511, 0.136876 0.484492
2024-09-10 14:01:40,804 INFO recv reverse 0 -> 6 # 0 at 21095232, 0.136876 0.484492
2024-09-10 14:01:40,894 INFO CHECKSUM 0 5 0: 1.525733
2024-09-10 14:01:40,910 INFO sent reverse 0 -> 5 # 0 at 92479293, 0.053545 0.554115
2024-09-10 14:01:40,894 INFO CHECKSUM 0 5 0: 1.525733
2024-09-10 14:01:40,910 INFO recv reverse 0 -> 5 # 0 at 92454399, 0.053545 0.554115
2024-09-10 14:01:40,935 INFO CHECKSUM 0 4 0: 2.034688
2024-09-10 14:01:40,942 INFO CHECKSUM 0 4 0: 2.034688
2024-09-10 14:01:40,949 INFO sent reverse 0 -> 4 # 0 at 26764415, 0.794286 0.109157
2024-09-10 14:01:40,949 INFO recv reverse 0 -> 4 # 0 at 26845279, 0.794286 0.109157
2024-09-10 14:01:40,976 INFO CHECKSUM 0 3 0: 1.252708
2024-09-10 14:01:40,976 INFO CHECKSUM 0 3 0: 1.252708
2024-09-10 14:01:40,994 INFO sent reverse 0 -> 3 # 0 at 25942111, 0.972913 0.856886
2024-09-10 14:01:40,994 INFO recv reverse 0 -> 3 # 0 at 22465120, 0.972913 0.856886
2024-09-10 14:01:41,023 INFO CHECKSUM 0 2 0: 2.211178
2024-09-10 14:01:41,024 INFO CHECKSUM 0 2 0: 2.211178
2024-09-10 14:01:41,035 INFO sent reverse 0 -> 2 # 0 at 31445312, 0.052384 0.956087
2024-09-10 14:01:41,035 INFO recv reverse 0 -> 2 # 0 at 25554336, 0.052384 0.956087
2024-09-10 14:01:41,122 INFO CHECKSUM 0 1 0: 1.195290
2024-09-10 14:01:41,122 INFO CHECKSUM 0 1 0: 1.195290
2024-09-10 14:01:41,133 INFO sent reverse 0 -> 1 # 0 at 80207107, 0.489681 0.876830
2024-09-10 14:01:41,134 INFO recv reverse 0 -> 1 # 0 at 80266464, 0.489681 0.876830
BREAK
