
Lmod is automatically replacing "gcc-native/12.3" with "gcc/11.2.0".


Inactive Modules:
  1) cray-libsci/23.12.5

The following have been reloaded with a version change:
  1) cray-mpich/8.1.28 => cray-mpich/8.1.25
  2) cudatoolkit/12.2 => cudatoolkit/11.7

2024-08-19 09:48:16,467 INFO Initialized rank 1 out of 16
2024-08-19 09:48:16,467 INFO Initialized rank 7 out of 16
2024-08-19 09:48:16,467 INFO Initialized rank 8 out of 16
2024-08-19 09:48:16,467 INFO Initialized rank 2 out of 16
2024-08-19 09:48:16,467 INFO Initialized rank 12 out of 16
2024-08-19 09:48:16,467 INFO Initialized rank 6 out of 16
2024-08-19 09:48:16,467 INFO Initialized rank 11 out of 16
2024-08-19 09:48:16,468 INFO Initialized rank 3 out of 16
2024-08-19 09:48:16,467 INFO Initialized rank 15 out of 16
2024-08-19 09:48:16,467 INFO Initialized rank 5 out of 16
2024-08-19 09:48:16,467 INFO Initialized rank 10 out of 16
2024-08-19 09:48:16,468 INFO Initialized rank 0 out of 16
2024-08-19 09:48:16,467 INFO Initialized rank 13 out of 16
2024-08-19 09:48:16,468 INFO Initialized rank 4 out of 16
2024-08-19 09:48:16,468 INFO Initialized rank 9 out of 16
2024-08-19 09:48:16,468 INFO Initialized rank 14 out of 16
2024-08-19 09:48:20,158 INFO Sync time
2024-08-19 09:48:20,159 INFO Sync time
2024-08-19 09:48:20,159 INFO Sync time
2024-08-19 09:48:20,159 INFO Sync time
2024-08-19 09:48:20,159 INFO Sync time
2024-08-19 09:48:20,159 INFO Sync time
2024-08-19 09:48:20,159 INFO Sync time
2024-08-19 09:48:20,159 INFO Sync time
2024-08-19 09:48:20,159 INFO Sync time
2024-08-19 09:48:20,159 INFO Sync time
2024-08-19 09:48:20,159 INFO Sync time
2024-08-19 09:48:20,159 INFO Sync time
2024-08-19 09:48:20,159 INFO Sync time
2024-08-19 09:48:20,159 INFO Sync time
2024-08-19 09:48:20,159 INFO Sync time
2024-08-19 09:48:20,159 INFO Sync time
2024-08-19 09:48:20,161 INFO Accepting from rank 0
2024-08-19 09:48:20,162 INFO Accepting from rank 0
2024-08-19 09:48:20,161 INFO Sending from rank 0
2024-08-19 09:48:20,162 INFO Accepting from rank 0
2024-08-19 09:48:20,161 INFO Accepting from rank 0
2024-08-19 09:48:20,162 INFO Accepting from rank 0
2024-08-19 09:48:20,161 INFO Accepting from rank 0
2024-08-19 09:48:20,163 INFO Accepting from rank 0
2024-08-19 09:48:20,162 INFO Accepting from rank 0
2024-08-19 09:48:20,163 INFO Accepting from rank 0
2024-08-19 09:48:20,163 INFO Accepting from rank 0
2024-08-19 09:48:20,163 INFO Accepting from rank 0
2024-08-19 09:48:20,205 INFO Accepting from rank 0
2024-08-19 09:48:20,205 INFO Accepting from rank 0
2024-08-19 09:48:20,205 INFO Accepting from rank 0
2024-08-19 09:48:20,205 INFO Accepting from rank 0
2024-08-19 09:48:20,402 INFO CHECKSUM 0 1 0: 1.651225
2024-08-19 09:48:20,402 INFO CHECKSUM 0 1 0: 1.651225
2024-08-19 09:48:20,426 INFO sent 0 -> 1 # 0 at 190007015, 0.928759 0.561132
2024-08-19 09:48:20,426 INFO recv 0 -> 1 # 0 at 203432944, 0.928759 0.561132
2024-08-19 09:48:20,687 INFO CHECKSUM 0 2 0: 1.651225
2024-08-19 09:48:20,688 INFO CHECKSUM 0 2 0: 1.651225
2024-08-19 09:48:20,714 INFO sent 0 -> 2 # 0 at 248532645, 0.928759 0.561132
2024-08-19 09:48:20,722 INFO recv 0 -> 2 # 0 at 283752726, 0.928759 0.561132
2024-08-19 09:48:20,987 INFO CHECKSUM 0 3 0: 1.651225
2024-08-19 09:48:20,988 INFO CHECKSUM 0 3 0: 1.651225
2024-08-19 09:48:21,014 INFO sent 0 -> 3 # 0 at 240926702, 0.928759 0.561132
2024-08-19 09:48:21,015 INFO recv 0 -> 3 # 0 at 268264217, 0.928759 0.561132
2024-08-19 09:48:21,236 INFO CHECKSUM 0 4 0: 1.651225
2024-08-19 09:48:21,237 INFO CHECKSUM 0 4 0: 1.651225
2024-08-19 09:48:21,254 INFO sent 0 -> 4 # 0 at 205656755, 0.928759 0.561132
2024-08-19 09:48:21,258 INFO recv 0 -> 4 # 0 at 228201386, 0.928759 0.561132
2024-08-19 09:48:21,411 INFO CHECKSUM 0 5 0: 1.651225
2024-08-19 09:48:21,413 INFO CHECKSUM 0 5 0: 1.651225
2024-08-19 09:48:21,434 INFO sent 0 -> 5 # 0 at 134247347, 0.928759 0.561132
2024-08-19 09:48:21,438 INFO recv 0 -> 5 # 0 at 148090115, 0.928759 0.561132
2024-08-19 09:48:21,700 INFO CHECKSUM 0 6 0: 1.651225
2024-08-19 09:48:21,701 INFO CHECKSUM 0 6 0: 1.651225
2024-08-19 09:48:21,723 INFO sent 0 -> 6 # 0 at 252914830, 0.928759 0.561132
2024-08-19 09:48:21,723 INFO recv 0 -> 6 # 0 at 276036516, 0.928759 0.561132
2024-08-19 09:48:21,932 INFO CHECKSUM 0 7 0: 1.651225
2024-08-19 09:48:21,933 INFO CHECKSUM 0 7 0: 1.651225
2024-08-19 09:48:21,958 INFO sent 0 -> 7 # 0 at 197637955, 0.928759 0.561132
2024-08-19 09:48:21,966 INFO recv 0 -> 7 # 0 at 231982233, 0.928759 0.561132
2024-08-19 09:48:22,182 INFO CHECKSUM 0 8 0: 1.651225
2024-08-19 09:48:22,183 INFO CHECKSUM 0 8 0: 1.651225
2024-08-19 09:48:22,200 INFO recv 0 -> 8 # 0 at 224983133, 0.928759 0.561132
2024-08-19 09:48:22,200 INFO sent 0 -> 8 # 0 at 207219127, 0.928759 0.561132
2024-08-19 09:48:22,463 INFO CHECKSUM 0 9 0: 1.651225
2024-08-19 09:48:22,465 INFO CHECKSUM 0 9 0: 1.651225
2024-08-19 09:48:22,482 INFO sent 0 -> 9 # 0 at 229146568, 0.928759 0.561132
2024-08-19 09:48:22,482 INFO recv 0 -> 9 # 0 at 247046408, 0.928759 0.561132
2024-08-19 09:48:22,700 INFO CHECKSUM 0 10 0: 1.651225
2024-08-19 09:48:22,701 INFO CHECKSUM 0 10 0: 1.651225
2024-08-19 09:48:22,714 INFO sent 0 -> 10 # 0 at 200777868, 0.928759 0.561132
2024-08-19 09:48:22,714 INFO recv 0 -> 10 # 0 at 207401339, 0.928759 0.561132
2024-08-19 09:48:22,935 INFO CHECKSUM 0 11 0: 1.651225
2024-08-19 09:48:22,937 INFO CHECKSUM 0 11 0: 1.651225
2024-08-19 09:48:22,953 INFO sent 0 -> 11 # 0 at 202218154, 0.928759 0.561132
2024-08-19 09:48:22,953 INFO recv 0 -> 11 # 0 at 219413193, 0.928759 0.561132
2024-08-19 09:48:23,150 INFO CHECKSUM 0 12 0: 1.651225
2024-08-19 09:48:23,151 INFO CHECKSUM 0 12 0: 1.651225
2024-08-19 09:48:23,169 INFO sent 0 -> 12 # 0 at 195355651, 0.928759 0.561132
2024-08-19 09:48:23,169 INFO recv 0 -> 12 # 0 at 214109427, 0.928759 0.561132
2024-08-19 09:48:23,379 INFO CHECKSUM 0 13 0: 1.651225
2024-08-19 09:48:23,380 INFO CHECKSUM 0 13 0: 1.651225
2024-08-19 09:48:23,394 INFO sent 0 -> 13 # 0 at 196638943, 0.928759 0.561132
2024-08-19 09:48:23,405 INFO recv 0 -> 13 # 0 at 222346353, 0.928759 0.561132
2024-08-19 09:48:23,631 INFO CHECKSUM 0 14 0: 1.651225
2024-08-19 09:48:23,633 INFO CHECKSUM 0 14 0: 1.651225
2024-08-19 09:48:23,654 INFO sent 0 -> 14 # 0 at 213611010, 0.928759 0.561132
2024-08-19 09:48:23,665 INFO recv 0 -> 14 # 0 at 239993626, 0.928759 0.561132
2024-08-19 09:48:23,815 INFO CHECKSUM 0 15 0: 1.651225
2024-08-19 09:48:23,817 INFO CHECKSUM 0 15 0: 1.651225
2024-08-19 09:48:23,834 INFO sent 0 -> 15 # 0 at 141352559, 0.928759 0.561132
2024-08-19 09:48:23,834 INFO Accepting from rank 1
2024-08-19 09:48:23,843 INFO Accepting from rank 1
2024-08-19 09:48:23,843 INFO Accepting from rank 1
2024-08-19 09:48:23,843 INFO Accepting from rank 1
2024-08-19 09:48:23,843 INFO Accepting from rank 1
2024-08-19 09:48:23,843 INFO Accepting from rank 1
2024-08-19 09:48:23,843 INFO Accepting from rank 1
2024-08-19 09:48:23,843 INFO Accepting from rank 1
2024-08-19 09:48:23,843 INFO recv 0 -> 15 # 0 at 168705194, 0.928759 0.561132
2024-08-19 09:48:23,843 INFO Accepting from rank 1
2024-08-19 09:48:23,843 INFO Accepting from rank 1
2024-08-19 09:48:23,850 INFO Accepting from rank 1
2024-08-19 09:48:23,850 INFO Accepting from rank 1
2024-08-19 09:48:23,850 INFO Accepting from rank 1
2024-08-19 09:48:23,850 INFO Accepting from rank 1
2024-08-19 09:48:23,851 INFO Sending from rank 1
2024-08-19 09:48:23,851 INFO Accepting from rank 1
2024-08-19 09:48:23,912 INFO CHECKSUM 1 0 0: 1.379092
2024-08-19 09:48:23,912 INFO CHECKSUM 1 0 0: 1.379092
2024-08-19 09:48:23,926 INFO recv 1 -> 0 # 0 at 39717080, 0.042047 0.959318
2024-08-19 09:48:23,939 INFO sent 1 -> 0 # 0 at 24679585, 0.042047 0.959318
2024-08-19 09:48:24,160 INFO CHECKSUM 1 2 0: 1.379092
2024-08-19 09:48:24,160 INFO CHECKSUM 1 2 0: 1.379092
2024-08-19 09:48:24,177 INFO sent 1 -> 2 # 0 at 195907909, 0.042047 0.959318
2024-08-19 09:48:24,177 INFO recv 1 -> 2 # 0 at 212429194, 0.042047 0.959318
2024-08-19 09:48:24,372 INFO CHECKSUM 1 3 0: 1.379092
2024-08-19 09:48:24,373 INFO CHECKSUM 1 3 0: 1.379092
2024-08-19 09:48:24,395 INFO sent 1 -> 3 # 0 at 186621778, 0.042047 0.959318
2024-08-19 09:48:24,395 INFO recv 1 -> 3 # 0 at 208779164, 0.042047 0.959318
2024-08-19 09:48:24,599 INFO CHECKSUM 1 4 0: 1.379092
2024-08-19 09:48:24,600 INFO CHECKSUM 1 4 0: 1.379092
2024-08-19 09:48:24,627 INFO sent 1 -> 4 # 0 at 192447626, 0.042047 0.959318
2024-08-19 09:48:24,627 INFO recv 1 -> 4 # 0 at 220003235, 0.042047 0.959318
2024-08-19 09:48:24,769 INFO CHECKSUM 1 5 0: 1.379092
2024-08-19 09:48:24,770 INFO CHECKSUM 1 5 0: 1.379092
2024-08-19 09:48:24,807 INFO sent 1 -> 5 # 0 at 109763401, 0.042047 0.959318
2024-08-19 09:48:24,810 INFO recv 1 -> 5 # 0 at 152006113, 0.042047 0.959318
2024-08-19 09:48:24,999 INFO CHECKSUM 1 6 0: 1.379092
2024-08-19 09:48:24,999 INFO CHECKSUM 1 6 0: 1.379092
2024-08-19 09:48:25,018 INFO sent 1 -> 6 # 0 at 160635426, 0.042047 0.959318
2024-08-19 09:48:25,018 INFO recv 1 -> 6 # 0 at 184088891, 0.042047 0.959318
2024-08-19 09:48:25,212 INFO CHECKSUM 1 7 0: 1.379092
2024-08-19 09:48:25,212 INFO CHECKSUM 1 7 0: 1.379092
2024-08-19 09:48:25,251 INFO recv 1 -> 7 # 0 at 217790720, 0.042047 0.959318
2024-08-19 09:48:25,252 INFO sent 1 -> 7 # 0 at 178947715, 0.042047 0.959318
2024-08-19 09:48:25,447 INFO CHECKSUM 1 8 0: 1.379092
2024-08-19 09:48:25,448 INFO CHECKSUM 1 8 0: 1.379092
2024-08-19 09:48:25,463 INFO recv 1 -> 8 # 0 at 192838277, 0.042047 0.959318
2024-08-19 09:48:25,463 INFO sent 1 -> 8 # 0 at 176712832, 0.042047 0.959318
2024-08-19 09:48:25,636 INFO CHECKSUM 1 9 0: 1.379092
2024-08-19 09:48:25,636 INFO CHECKSUM 1 9 0: 1.379092
2024-08-19 09:48:25,653 INFO sent 1 -> 9 # 0 at 160986144, 0.042047 0.959318
2024-08-19 09:48:25,653 INFO recv 1 -> 9 # 0 at 177900561, 0.042047 0.959318
2024-08-19 09:48:25,839 INFO CHECKSUM 1 10 0: 1.379092
2024-08-19 09:48:25,839 INFO CHECKSUM 1 10 0: 1.379092
2024-08-19 09:48:25,853 INFO recv 1 -> 10 # 0 at 186414690, 0.042047 0.959318
2024-08-19 09:48:25,853 INFO sent 1 -> 10 # 0 at 172348812, 0.042047 0.959318
2024-08-19 09:48:26,068 INFO CHECKSUM 1 11 0: 1.379092
2024-08-19 09:48:26,069 INFO CHECKSUM 1 11 0: 1.379092
2024-08-19 09:48:26,089 INFO recv 1 -> 11 # 0 at 222140942, 0.042047 0.959318
2024-08-19 09:48:26,091 INFO sent 1 -> 11 # 0 at 201609256, 0.042047 0.959318
2024-08-19 09:48:26,325 INFO CHECKSUM 1 12 0: 1.379092
2024-08-19 09:48:26,325 INFO CHECKSUM 1 12 0: 1.379092
2024-08-19 09:48:26,339 INFO sent 1 -> 12 # 0 at 214081920, 0.042047 0.959318
2024-08-19 09:48:26,339 INFO recv 1 -> 12 # 0 at 237948581, 0.042047 0.959318
2024-08-19 09:48:26,536 INFO CHECKSUM 1 13 0: 1.379092
2024-08-19 09:48:26,536 INFO CHECKSUM 1 13 0: 1.379092
2024-08-19 09:48:26,571 INFO sent 1 -> 13 # 0 at 161012355, 0.042047 0.959318
2024-08-19 09:48:26,573 INFO recv 1 -> 13 # 0 at 206781557, 0.042047 0.959318
2024-08-19 09:48:26,768 INFO CHECKSUM 1 14 0: 1.379092
2024-08-19 09:48:26,781 INFO sent 1 -> 14 # 0 at 181749575, 0.042047 0.959318
2024-08-19 09:48:26,768 INFO CHECKSUM 1 14 0: 1.379092
2024-08-19 09:48:26,781 INFO recv 1 -> 14 # 0 at 194945151, 0.042047 0.959318
2024-08-19 09:48:26,935 INFO CHECKSUM 1 15 0: 1.379092
2024-08-19 09:48:26,936 INFO CHECKSUM 1 15 0: 1.379092
2024-08-19 09:48:26,966 INFO Accepting from rank 2
2024-08-19 09:48:26,967 INFO Accepting from rank 2
2024-08-19 09:48:26,967 INFO Accepting from rank 2
2024-08-19 09:48:26,967 INFO Accepting from rank 2
2024-08-19 09:48:26,970 INFO Sending from rank 2
2024-08-19 09:48:26,970 INFO Accepting from rank 2
2024-08-19 09:48:26,971 INFO sent 1 -> 15 # 0 at 152675129, 0.042047 0.959318
2024-08-19 09:48:26,970 INFO Accepting from rank 2
2024-08-19 09:48:26,971 INFO Accepting from rank 2
2024-08-19 09:48:26,970 INFO Accepting from rank 2
2024-08-19 09:48:26,971 INFO Accepting from rank 2
2024-08-19 09:48:26,973 INFO Accepting from rank 2
2024-08-19 09:48:26,973 INFO Accepting from rank 2
2024-08-19 09:48:26,973 INFO Accepting from rank 2
2024-08-19 09:48:26,973 INFO Accepting from rank 2
2024-08-19 09:48:26,979 INFO Accepting from rank 2
2024-08-19 09:48:26,979 INFO recv 1 -> 15 # 0 at 196855204, 0.042047 0.959318
2024-08-19 09:48:26,980 INFO Accepting from rank 2
2024-08-19 09:48:27,084 INFO CHECKSUM 2 0 0: 1.486275
2024-08-19 09:48:27,084 INFO CHECKSUM 2 0 0: 1.486275
2024-08-19 09:48:27,103 INFO recv 2 -> 0 # 0 at 104461597, 0.127428 0.966538
2024-08-19 09:48:27,103 INFO sent 2 -> 0 # 0 at 85786686, 0.127428 0.966538
2024-08-19 09:48:27,146 INFO CHECKSUM 2 1 0: 1.486275
2024-08-19 09:48:27,145 INFO CHECKSUM 2 1 0: 1.486275
2024-08-19 09:48:27,151 INFO sent 2 -> 1 # 0 at 30875649, 0.127428 0.966538
2024-08-19 09:48:27,152 INFO recv 2 -> 1 # 0 at 37255008, 0.127428 0.966538
2024-08-19 09:48:27,343 INFO CHECKSUM 2 3 0: 1.486275
2024-08-19 09:48:27,344 INFO CHECKSUM 2 3 0: 1.486275
2024-08-19 09:48:27,359 INFO sent 2 -> 3 # 0 at 180464630, 0.127428 0.966538
2024-08-19 09:48:27,359 INFO recv 2 -> 3 # 0 at 195771796, 0.127428 0.966538
2024-08-19 09:48:27,552 INFO CHECKSUM 2 4 0: 1.486275
2024-08-19 09:48:27,552 INFO CHECKSUM 2 4 0: 1.486275
2024-08-19 09:48:27,571 INFO recv 2 -> 4 # 0 at 200351186, 0.127428 0.966538
2024-08-19 09:48:27,571 INFO sent 2 -> 4 # 0 at 181153452, 0.127428 0.966538
2024-08-19 09:48:27,710 INFO CHECKSUM 2 5 0: 1.486275
2024-08-19 09:48:27,718 INFO CHECKSUM 2 5 0: 1.486275
2024-08-19 09:48:27,739 INFO sent 2 -> 5 # 0 at 121381222, 0.127428 0.966538
2024-08-19 09:48:27,739 INFO recv 2 -> 5 # 0 at 140063165, 0.127428 0.966538
2024-08-19 09:48:27,952 INFO CHECKSUM 2 6 0: 1.486275
2024-08-19 09:48:27,952 INFO CHECKSUM 2 6 0: 1.486275
2024-08-19 09:48:27,971 INFO recv 2 -> 6 # 0 at 212009116, 0.127428 0.966538
2024-08-19 09:48:27,970 INFO sent 2 -> 6 # 0 at 193325354, 0.127428 0.966538
2024-08-19 09:48:28,162 INFO CHECKSUM 2 7 0: 1.486275
2024-08-19 09:48:28,162 INFO CHECKSUM 2 7 0: 1.486275
2024-08-19 09:48:28,172 INFO sent 2 -> 7 # 0 at 175981437, 0.127428 0.966538
2024-08-19 09:48:28,172 INFO recv 2 -> 7 # 0 at 184562384, 0.127428 0.966538
2024-08-19 09:48:28,336 INFO CHECKSUM 2 8 0: 1.486275
2024-08-19 09:48:28,336 INFO CHECKSUM 2 8 0: 1.486275
2024-08-19 09:48:28,352 INFO recv 2 -> 8 # 0 at 179284941, 0.127428 0.966538
2024-08-19 09:48:28,354 INFO sent 2 -> 8 # 0 at 163369354, 0.127428 0.966538
2024-08-19 09:48:28,560 INFO CHECKSUM 2 9 0: 1.486275
2024-08-19 09:48:28,560 INFO CHECKSUM 2 9 0: 1.486275
2024-08-19 09:48:28,578 INFO recv 2 -> 9 # 0 at 184058537, 0.127428 0.966538
2024-08-19 09:48:28,578 INFO sent 2 -> 9 # 0 at 165667519, 0.127428 0.966538
2024-08-19 09:48:28,748 INFO CHECKSUM 2 10 0: 1.486275
2024-08-19 09:48:28,748 INFO CHECKSUM 2 10 0: 1.486275
2024-08-19 09:48:28,764 INFO recv 2 -> 10 # 0 at 177546820, 0.127428 0.966538
2024-08-19 09:48:28,764 INFO sent 2 -> 10 # 0 at 161249263, 0.127428 0.966538
2024-08-19 09:48:28,940 INFO CHECKSUM 2 11 0: 1.486275
2024-08-19 09:48:28,941 INFO CHECKSUM 2 11 0: 1.486275
2024-08-19 09:48:28,962 INFO sent 2 -> 11 # 0 at 165522899, 0.127428 0.966538
2024-08-19 09:48:28,966 INFO recv 2 -> 11 # 0 at 188003002, 0.127428 0.966538
2024-08-19 09:48:29,181 INFO CHECKSUM 2 12 0: 1.486275
2024-08-19 09:48:29,182 INFO CHECKSUM 2 12 0: 1.486275
2024-08-19 09:48:29,211 INFO recv 2 -> 12 # 0 at 238688402, 0.127428 0.966538
2024-08-19 09:48:29,214 INFO sent 2 -> 12 # 0 at 208677598, 0.127428 0.966538
2024-08-19 09:48:29,393 INFO CHECKSUM 2 13 0: 1.486275
2024-08-19 09:48:29,394 INFO CHECKSUM 2 13 0: 1.486275
2024-08-19 09:48:29,417 INFO sent 2 -> 13 # 0 at 162655052, 0.127428 0.966538
2024-08-19 09:48:29,417 INFO recv 2 -> 13 # 0 at 179816178, 0.127428 0.966538
2024-08-19 09:48:29,603 INFO CHECKSUM 2 14 0: 1.486275
2024-08-19 09:48:29,603 INFO CHECKSUM 2 14 0: 1.486275
2024-08-19 09:48:29,626 INFO sent 2 -> 14 # 0 at 180580343, 0.127428 0.966538
2024-08-19 09:48:29,626 INFO recv 2 -> 14 # 0 at 203648560, 0.127428 0.966538
2024-08-19 09:48:29,800 INFO CHECKSUM 2 15 0: 1.486275
2024-08-19 09:48:29,809 INFO CHECKSUM 2 15 0: 1.486275
2024-08-19 09:48:29,837 INFO Accepting from rank 3
2024-08-19 09:48:29,837 INFO Accepting from rank 3
2024-08-19 09:48:29,837 INFO Accepting from rank 3
2024-08-19 09:48:29,837 INFO Accepting from rank 3
2024-08-19 09:48:29,837 INFO Sending from rank 3
2024-08-19 09:48:29,837 INFO Accepting from rank 3
2024-08-19 09:48:29,837 INFO Accepting from rank 3
2024-08-19 09:48:29,837 INFO Accepting from rank 3
2024-08-19 09:48:29,837 INFO sent 2 -> 15 # 0 at 161359456, 0.127428 0.966538
2024-08-19 09:48:29,837 INFO Accepting from rank 3
2024-08-19 09:48:29,837 INFO Accepting from rank 3
2024-08-19 09:48:29,837 INFO Accepting from rank 3
2024-08-19 09:48:29,837 INFO recv 2 -> 15 # 0 at 198797760, 0.127428 0.966538
2024-08-19 09:48:29,837 INFO Accepting from rank 3
2024-08-19 09:48:29,843 INFO Accepting from rank 3
2024-08-19 09:48:29,843 INFO Accepting from rank 3
2024-08-19 09:48:29,846 INFO Accepting from rank 3
2024-08-19 09:48:29,846 INFO Accepting from rank 3
2024-08-19 09:48:29,962 INFO CHECKSUM 3 0 0: 1.558354
2024-08-19 09:48:29,961 INFO CHECKSUM 3 0 0: 1.558354
2024-08-19 09:48:29,972 INFO recv 3 -> 0 # 0 at 105552877, 0.175518 0.441629
2024-08-19 09:48:29,972 INFO sent 3 -> 0 # 0 at 94751956, 0.175518 0.441629
2024-08-19 09:48:29,992 INFO CHECKSUM 3 1 0: 1.558354
2024-08-19 09:48:29,992 INFO CHECKSUM 3 1 0: 1.558354
2024-08-19 09:48:30,007 INFO recv 3 -> 1 # 0 at 29024298, 0.175518 0.441629
2024-08-19 09:48:30,007 INFO sent 3 -> 1 # 0 at 13728453, 0.175518 0.441629
2024-08-19 09:48:30,040 INFO CHECKSUM 3 2 0: 1.558354
2024-08-19 09:48:30,041 INFO CHECKSUM 3 2 0: 1.558354
2024-08-19 09:48:30,055 INFO recv 3 -> 2 # 0 at 28690312, 0.175518 0.441629
2024-08-19 09:48:30,055 INFO sent 3 -> 2 # 0 at 14336299, 0.175518 0.441629
2024-08-19 09:48:30,224 INFO CHECKSUM 3 4 0: 1.558354
2024-08-19 09:48:30,224 INFO CHECKSUM 3 4 0: 1.558354
2024-08-19 09:48:30,239 INFO recv 3 -> 4 # 0 at 176565681, 0.175518 0.441629
2024-08-19 09:48:30,239 INFO sent 3 -> 4 # 0 at 161585954, 0.175518 0.441629
2024-08-19 09:48:30,451 INFO CHECKSUM 3 5 0: 1.558354
2024-08-19 09:48:30,452 INFO CHECKSUM 3 5 0: 1.558354
2024-08-19 09:48:30,474 INFO recv 3 -> 5 # 0 at 208669750, 0.175518 0.441629
2024-08-19 09:48:30,474 INFO sent 3 -> 5 # 0 at 185460773, 0.175518 0.441629
2024-08-19 09:48:30,589 INFO CHECKSUM 3 6 0: 1.558354
2024-08-19 09:48:30,601 INFO CHECKSUM 3 6 0: 1.558354
2024-08-19 09:48:30,626 INFO recv 3 -> 6 # 0 at 139571396, 0.175518 0.441629
2024-08-19 09:48:30,635 INFO sent 3 -> 6 # 0 at 102257583, 0.175518 0.441629
2024-08-19 09:48:30,827 INFO CHECKSUM 3 7 0: 1.558354
2024-08-19 09:48:30,828 INFO CHECKSUM 3 7 0: 1.558354
2024-08-19 09:48:30,859 INFO sent 3 -> 7 # 0 at 187056439, 0.175518 0.441629
2024-08-19 09:48:30,859 INFO recv 3 -> 7 # 0 at 212292161, 0.175518 0.441629
2024-08-19 09:48:31,085 INFO CHECKSUM 3 8 0: 1.558354
2024-08-19 09:48:31,087 INFO CHECKSUM 3 8 0: 1.558354
2024-08-19 09:48:31,098 INFO recv 3 -> 8 # 0 at 199008535, 0.175518 0.441629
2024-08-19 09:48:31,106 INFO sent 3 -> 8 # 0 at 178068064, 0.175518 0.441629
2024-08-19 09:48:31,313 INFO CHECKSUM 3 9 0: 1.558354
2024-08-19 09:48:31,313 INFO CHECKSUM 3 9 0: 1.558354
2024-08-19 09:48:31,332 INFO recv 3 -> 9 # 0 at 198012745, 0.175518 0.441629
2024-08-19 09:48:31,332 INFO sent 3 -> 9 # 0 at 178471374, 0.175518 0.441629
2024-08-19 09:48:31,527 INFO CHECKSUM 3 10 0: 1.558354
2024-08-19 09:48:31,528 INFO CHECKSUM 3 10 0: 1.558354
2024-08-19 09:48:31,550 INFO sent 3 -> 10 # 0 at 176430606, 0.175518 0.441629
2024-08-19 09:48:31,557 INFO recv 3 -> 10 # 0 at 206773990, 0.175518 0.441629
2024-08-19 09:48:31,731 INFO CHECKSUM 3 11 0: 1.558354
2024-08-19 09:48:31,732 INFO CHECKSUM 3 11 0: 1.558354
2024-08-19 09:48:31,752 INFO sent 3 -> 11 # 0 at 153384211, 0.175518 0.441629
2024-08-19 09:48:31,752 INFO recv 3 -> 11 # 0 at 174583615, 0.175518 0.441629
2024-08-19 09:48:31,962 INFO CHECKSUM 3 12 0: 1.558354
2024-08-19 09:48:31,962 INFO CHECKSUM 3 12 0: 1.558354
2024-08-19 09:48:31,979 INFO sent 3 -> 12 # 0 at 208438225, 0.175518 0.441629
2024-08-19 09:48:31,979 INFO recv 3 -> 12 # 0 at 225679188, 0.175518 0.441629
2024-08-19 09:48:32,163 INFO CHECKSUM 3 13 0: 1.558354
2024-08-19 09:48:32,176 INFO sent 3 -> 13 # 0 at 170559390, 0.175518 0.441629
2024-08-19 09:48:32,164 INFO CHECKSUM 3 13 0: 1.558354
2024-08-19 09:48:32,176 INFO recv 3 -> 13 # 0 at 175443804, 0.175518 0.441629
2024-08-19 09:48:32,347 INFO CHECKSUM 3 14 0: 1.558354
2024-08-19 09:48:32,356 INFO CHECKSUM 3 14 0: 1.558354
2024-08-19 09:48:32,394 INFO sent 3 -> 14 # 0 at 167423806, 0.175518 0.441629
2024-08-19 09:48:32,397 INFO recv 3 -> 14 # 0 at 217192908, 0.175518 0.441629
2024-08-19 09:48:32,594 INFO CHECKSUM 3 15 0: 1.558354
2024-08-19 09:48:32,604 INFO Accepting from rank 4
2024-08-19 09:48:32,604 INFO Accepting from rank 4
2024-08-19 09:48:32,594 INFO CHECKSUM 3 15 0: 1.558354
2024-08-19 09:48:32,604 INFO Sending from rank 4
2024-08-19 09:48:32,604 INFO Accepting from rank 4
2024-08-19 09:48:32,604 INFO Accepting from rank 4
2024-08-19 09:48:32,604 INFO Accepting from rank 4
2024-08-19 09:48:32,604 INFO Accepting from rank 4
2024-08-19 09:48:32,604 INFO Accepting from rank 4
2024-08-19 09:48:32,604 INFO Accepting from rank 4
2024-08-19 09:48:32,604 INFO Accepting from rank 4
2024-08-19 09:48:32,604 INFO Accepting from rank 4
2024-08-19 09:48:32,604 INFO sent 3 -> 15 # 0 at 183787666, 0.175518 0.441629
2024-08-19 09:48:32,604 INFO Accepting from rank 4
2024-08-19 09:48:32,604 INFO Accepting from rank 4
2024-08-19 09:48:32,604 INFO Accepting from rank 4
2024-08-19 09:48:32,604 INFO Accepting from rank 4
2024-08-19 09:48:32,604 INFO recv 3 -> 15 # 0 at 182817942, 0.175518 0.441629
2024-08-19 09:48:32,604 INFO Accepting from rank 4
2024-08-19 09:48:32,696 INFO CHECKSUM 4 0 0: 1.248381
2024-08-19 09:48:32,697 INFO CHECKSUM 4 0 0: 1.248381
2024-08-19 09:48:32,718 INFO recv 4 -> 0 # 0 at 52029264, 0.920909 0.122561
2024-08-19 09:48:32,718 INFO sent 4 -> 0 # 0 at 30531438, 0.920909 0.122561
2024-08-19 09:48:32,756 INFO CHECKSUM 4 1 0: 1.248381
2024-08-19 09:48:32,756 INFO CHECKSUM 4 1 0: 1.248381
2024-08-19 09:48:32,771 INFO sent 4 -> 1 # 0 at 21851819, 0.920909 0.122561
2024-08-19 09:48:32,771 INFO recv 4 -> 1 # 0 at 36274641, 0.920909 0.122561
2024-08-19 09:48:32,904 INFO CHECKSUM 4 2 0: 1.248381
2024-08-19 09:48:32,905 INFO CHECKSUM 4 2 0: 1.248381
2024-08-19 09:48:32,915 INFO sent 4 -> 2 # 0 at 96393824, 0.920909 0.122561
2024-08-19 09:48:32,915 INFO recv 4 -> 2 # 0 at 107175105, 0.920909 0.122561
2024-08-19 09:48:32,942 INFO CHECKSUM 4 3 0: 1.248381
2024-08-19 09:48:32,949 INFO CHECKSUM 4 3 0: 1.248381
2024-08-19 09:48:32,974 INFO recv 4 -> 3 # 0 at 46800179, 0.920909 0.122561
2024-08-19 09:48:32,974 INFO sent 4 -> 3 # 0 at 14389735, 0.920909 0.122561
2024-08-19 09:48:33,212 INFO CHECKSUM 4 5 0: 1.248381
2024-08-19 09:48:33,212 INFO CHECKSUM 4 5 0: 1.248381
2024-08-19 09:48:33,227 INFO sent 4 -> 5 # 0 at 221414895, 0.920909 0.122561
2024-08-19 09:48:33,227 INFO recv 4 -> 5 # 0 at 232066145, 0.920909 0.122561
2024-08-19 09:48:33,415 INFO CHECKSUM 4 6 0: 1.248381
2024-08-19 09:48:33,415 INFO CHECKSUM 4 6 0: 1.248381
2024-08-19 09:48:33,434 INFO sent 4 -> 6 # 0 at 176036911, 0.920909 0.122561
2024-08-19 09:48:33,434 INFO recv 4 -> 6 # 0 at 195034889, 0.920909 0.122561
2024-08-19 09:48:33,598 INFO CHECKSUM 4 7 0: 1.248381
2024-08-19 09:48:33,598 INFO CHECKSUM 4 7 0: 1.248381
2024-08-19 09:48:33,612 INFO sent 4 -> 7 # 0 at 142949297, 0.920909 0.122561
2024-08-19 09:48:33,612 INFO recv 4 -> 7 # 0 at 155338927, 0.920909 0.122561
2024-08-19 09:48:33,807 INFO CHECKSUM 4 8 0: 1.248381
2024-08-19 09:48:33,820 INFO sent 4 -> 8 # 0 at 167774476, 0.920909 0.122561
2024-08-19 09:48:33,808 INFO CHECKSUM 4 8 0: 1.248381
2024-08-19 09:48:33,820 INFO recv 4 -> 8 # 0 at 180121695, 0.920909 0.122561
2024-08-19 09:48:34,020 INFO CHECKSUM 4 9 0: 1.248381
2024-08-19 09:48:34,024 INFO CHECKSUM 4 9 0: 1.248381
2024-08-19 09:48:34,046 INFO sent 4 -> 9 # 0 at 170027579, 0.920909 0.122561
2024-08-19 09:48:34,046 INFO recv 4 -> 9 # 0 at 195989995, 0.920909 0.122561
2024-08-19 09:48:34,229 INFO CHECKSUM 4 10 0: 1.248381
2024-08-19 09:48:34,229 INFO CHECKSUM 4 10 0: 1.248381
2024-08-19 09:48:34,254 INFO sent 4 -> 10 # 0 at 176741330, 0.920909 0.122561
2024-08-19 09:48:34,254 INFO recv 4 -> 10 # 0 at 202087322, 0.920909 0.122561
2024-08-19 09:48:34,475 INFO CHECKSUM 4 11 0: 1.248381
2024-08-19 09:48:34,476 INFO CHECKSUM 4 11 0: 1.248381
2024-08-19 09:48:34,492 INFO sent 4 -> 11 # 0 at 209131209, 0.920909 0.122561
2024-08-19 09:48:34,492 INFO recv 4 -> 11 # 0 at 225598359, 0.920909 0.122561
2024-08-19 09:48:34,707 INFO CHECKSUM 4 12 0: 1.248381
2024-08-19 09:48:34,714 INFO sent 4 -> 12 # 0 at 203806325, 0.920909 0.122561
2024-08-19 09:48:34,707 INFO CHECKSUM 4 12 0: 1.248381
2024-08-19 09:48:34,714 INFO recv 4 -> 12 # 0 at 211019231, 0.920909 0.122561
2024-08-19 09:48:34,911 INFO CHECKSUM 4 13 0: 1.248381
2024-08-19 09:48:34,920 INFO CHECKSUM 4 13 0: 1.248381
2024-08-19 09:48:34,938 INFO sent 4 -> 13 # 0 at 164598735, 0.920909 0.122561
2024-08-19 09:48:34,938 INFO recv 4 -> 13 # 0 at 191028367, 0.920909 0.122561
2024-08-19 09:48:35,121 INFO CHECKSUM 4 14 0: 1.248381
2024-08-19 09:48:35,122 INFO CHECKSUM 4 14 0: 1.248381
2024-08-19 09:48:35,158 INFO sent 4 -> 14 # 0 at 181991639, 0.920909 0.122561
2024-08-19 09:48:35,161 INFO recv 4 -> 14 # 0 at 221556466, 0.920909 0.122561
2024-08-19 09:48:35,356 INFO CHECKSUM 4 15 0: 1.248381
2024-08-19 09:48:35,356 INFO CHECKSUM 4 15 0: 1.248381
2024-08-19 09:48:35,370 INFO Accepting from rank 5
2024-08-19 09:48:35,370 INFO Accepting from rank 5
2024-08-19 09:48:35,370 INFO Accepting from rank 5
2024-08-19 09:48:35,370 INFO Accepting from rank 5
2024-08-19 09:48:35,370 INFO sent 4 -> 15 # 0 at 177761577, 0.920909 0.122561
2024-08-19 09:48:35,370 INFO Accepting from rank 5
2024-08-19 09:48:35,370 INFO Accepting from rank 5
2024-08-19 09:48:35,370 INFO Accepting from rank 5
2024-08-19 09:48:35,370 INFO Sending from rank 5
2024-08-19 09:48:35,370 INFO Accepting from rank 5
2024-08-19 09:48:35,370 INFO Accepting from rank 5
2024-08-19 09:48:35,370 INFO Accepting from rank 5
2024-08-19 09:48:35,370 INFO Accepting from rank 5
2024-08-19 09:48:35,370 INFO Accepting from rank 5
2024-08-19 09:48:35,370 INFO recv 4 -> 15 # 0 at 192388857, 0.920909 0.122561
2024-08-19 09:48:35,370 INFO Accepting from rank 5
2024-08-19 09:48:35,371 INFO Accepting from rank 5
2024-08-19 09:48:35,371 INFO Accepting from rank 5
2024-08-19 09:48:35,441 INFO CHECKSUM 5 0 0: 1.822488
2024-08-19 09:48:35,441 INFO CHECKSUM 5 0 0: 1.822488
2024-08-19 09:48:35,455 INFO sent 5 -> 0 # 0 at 38317304, 0.286120 0.702346
2024-08-19 09:48:35,455 INFO recv 5 -> 0 # 0 at 53097840, 0.286120 0.702346
2024-08-19 09:48:35,485 INFO CHECKSUM 5 1 0: 1.822488
2024-08-19 09:48:35,494 INFO CHECKSUM 5 1 0: 1.822488
2024-08-19 09:48:35,503 INFO sent 5 -> 1 # 0 at 14031385, 0.286120 0.702346
2024-08-19 09:48:35,503 INFO recv 5 -> 1 # 0 at 32488538, 0.286120 0.702346
2024-08-19 09:48:35,528 INFO CHECKSUM 5 2 0: 1.822488
2024-08-19 09:48:35,529 INFO CHECKSUM 5 2 0: 1.822488
2024-08-19 09:48:35,550 INFO sent 5 -> 2 # 0 at 14236540, 0.286120 0.702346
2024-08-19 09:48:35,550 INFO recv 5 -> 2 # 0 at 36006633, 0.286120 0.702346
2024-08-19 09:48:35,577 INFO CHECKSUM 5 3 0: 1.822488
2024-08-19 09:48:35,578 INFO CHECKSUM 5 3 0: 1.822488
2024-08-19 09:48:35,591 INFO sent 5 -> 3 # 0 at 14581445, 0.286120 0.702346
2024-08-19 09:48:35,591 INFO recv 5 -> 3 # 0 at 28365895, 0.286120 0.702346
2024-08-19 09:48:35,611 INFO CHECKSUM 5 4 0: 1.822488
2024-08-19 09:48:35,611 INFO CHECKSUM 5 4 0: 1.822488
2024-08-19 09:48:35,630 INFO recv 5 -> 4 # 0 at 33119837, 0.286120 0.702346
2024-08-19 09:48:35,646 INFO sent 5 -> 4 # 0 at 13662093, 0.286120 0.702346
2024-08-19 09:48:35,884 INFO CHECKSUM 5 6 0: 1.822488
2024-08-19 09:48:35,884 INFO CHECKSUM 5 6 0: 1.822488
2024-08-19 09:48:35,903 INFO sent 5 -> 6 # 0 at 221294092, 0.286120 0.702346
2024-08-19 09:48:35,903 INFO recv 5 -> 6 # 0 at 240461807, 0.286120 0.702346
2024-08-19 09:48:36,128 INFO CHECKSUM 5 7 0: 1.822488
2024-08-19 09:48:36,128 INFO CHECKSUM 5 7 0: 1.822488
2024-08-19 09:48:36,155 INFO sent 5 -> 7 # 0 at 193301849, 0.286120 0.702346
2024-08-19 09:48:36,155 INFO recv 5 -> 7 # 0 at 220282813, 0.286120 0.702346
2024-08-19 09:48:36,348 INFO CHECKSUM 5 8 0: 1.822488
2024-08-19 09:48:36,349 INFO CHECKSUM 5 8 0: 1.822488
2024-08-19 09:48:36,387 INFO recv 5 -> 8 # 0 at 216363351, 0.286120 0.702346
2024-08-19 09:48:36,390 INFO sent 5 -> 8 # 0 at 177768188, 0.286120 0.702346
2024-08-19 09:48:36,611 INFO CHECKSUM 5 9 0: 1.822488
2024-08-19 09:48:36,612 INFO CHECKSUM 5 9 0: 1.822488
2024-08-19 09:48:36,643 INFO recv 5 -> 9 # 0 at 220715193, 0.286120 0.702346
2024-08-19 09:48:36,644 INFO sent 5 -> 9 # 0 at 192768782, 0.286120 0.702346
2024-08-19 09:48:36,780 INFO CHECKSUM 5 10 0: 1.822488
2024-08-19 09:48:36,780 INFO CHECKSUM 5 10 0: 1.822488
2024-08-19 09:48:36,798 INFO sent 5 -> 10 # 0 at 117167845, 0.286120 0.702346
2024-08-19 09:48:36,798 INFO recv 5 -> 10 # 0 at 125571564, 0.286120 0.702346
2024-08-19 09:48:36,992 INFO CHECKSUM 5 11 0: 1.822488
2024-08-19 09:48:36,992 INFO CHECKSUM 5 11 0: 1.822488
2024-08-19 09:48:37,008 INFO sent 5 -> 11 # 0 at 184955882, 0.286120 0.702346
2024-08-19 09:48:37,008 INFO recv 5 -> 11 # 0 at 198285331, 0.286120 0.702346
2024-08-19 09:48:37,150 INFO CHECKSUM 5 12 0: 1.822488
2024-08-19 09:48:37,150 INFO CHECKSUM 5 12 0: 1.822488
2024-08-19 09:48:37,163 INFO recv 5 -> 12 # 0 at 154054516, 0.286120 0.702346
2024-08-19 09:48:37,170 INFO sent 5 -> 12 # 0 at 140816306, 0.286120 0.702346
2024-08-19 09:48:37,363 INFO CHECKSUM 5 13 0: 1.822488
2024-08-19 09:48:37,372 INFO CHECKSUM 5 13 0: 1.822488
2024-08-19 09:48:37,389 INFO recv 5 -> 13 # 0 at 210362954, 0.286120 0.702346
2024-08-19 09:48:37,399 INFO sent 5 -> 13 # 0 at 184626106, 0.286120 0.702346
2024-08-19 09:48:37,564 INFO CHECKSUM 5 14 0: 1.822488
2024-08-19 09:48:37,564 INFO CHECKSUM 5 14 0: 1.822488
2024-08-19 09:48:37,595 INFO recv 5 -> 14 # 0 at 193025751, 0.286120 0.702346
2024-08-19 09:48:37,606 INFO sent 5 -> 14 # 0 at 161792847, 0.286120 0.702346
2024-08-19 09:48:37,787 INFO CHECKSUM 5 15 0: 1.822488
2024-08-19 09:48:37,804 INFO Accepting from rank 6
2024-08-19 09:48:37,804 INFO Accepting from rank 6
2024-08-19 09:48:37,804 INFO Accepting from rank 6
2024-08-19 09:48:37,788 INFO CHECKSUM 5 15 0: 1.822488
2024-08-19 09:48:37,804 INFO Sending from rank 6
2024-08-19 09:48:37,804 INFO Accepting from rank 6
2024-08-19 09:48:37,804 INFO Accepting from rank 6
2024-08-19 09:48:37,804 INFO Accepting from rank 6
2024-08-19 09:48:37,804 INFO Accepting from rank 6
2024-08-19 09:48:37,804 INFO Accepting from rank 6
2024-08-19 09:48:37,804 INFO Accepting from rank 6
2024-08-19 09:48:37,804 INFO Accepting from rank 6
2024-08-19 09:48:37,804 INFO sent 5 -> 15 # 0 at 161500674, 0.286120 0.702346
2024-08-19 09:48:37,804 INFO Accepting from rank 6
2024-08-19 09:48:37,804 INFO Accepting from rank 6
2024-08-19 09:48:37,804 INFO Accepting from rank 6
2024-08-19 09:48:37,804 INFO Accepting from rank 6
2024-08-19 09:48:37,804 INFO recv 5 -> 15 # 0 at 178553628, 0.286120 0.702346
2024-08-19 09:48:37,804 INFO Accepting from rank 6
2024-08-19 09:48:37,928 INFO CHECKSUM 6 0 0: 1.100203
2024-08-19 09:48:37,931 INFO CHECKSUM 6 0 0: 1.100203
2024-08-19 09:48:37,946 INFO recv 6 -> 0 # 0 at 108029748, 0.274468 0.669981
2024-08-19 09:48:37,946 INFO sent 6 -> 0 # 0 at 89998207, 0.274468 0.669981
2024-08-19 09:48:37,983 INFO CHECKSUM 6 1 0: 1.100203
2024-08-19 09:48:37,983 INFO CHECKSUM 6 1 0: 1.100203
2024-08-19 09:48:38,014 INFO recv 6 -> 1 # 0 at 53403381, 0.274468 0.669981
2024-08-19 09:48:38,014 INFO sent 6 -> 1 # 0 at 22083095, 0.274468 0.669981
2024-08-19 09:48:38,070 INFO CHECKSUM 6 2 0: 1.100203
2024-08-19 09:48:38,069 INFO CHECKSUM 6 2 0: 1.100203
2024-08-19 09:48:38,078 INFO sent 6 -> 2 # 0 at 31275702, 0.274468 0.669981
2024-08-19 09:48:38,078 INFO recv 6 -> 2 # 0 at 39722420, 0.274468 0.669981
2024-08-19 09:48:38,105 INFO CHECKSUM 6 3 0: 1.100203
2024-08-19 09:48:38,106 INFO CHECKSUM 6 3 0: 1.100203
2024-08-19 09:48:38,124 INFO sent 6 -> 3 # 0 at 15147897, 0.274468 0.669981
2024-08-19 09:48:38,125 INFO recv 6 -> 3 # 0 at 33772332, 0.274468 0.669981
2024-08-19 09:48:38,152 INFO CHECKSUM 6 4 0: 1.100203
2024-08-19 09:48:38,152 INFO CHECKSUM 6 4 0: 1.100203
2024-08-19 09:48:38,167 INFO sent 6 -> 4 # 0 at 14252350, 0.274468 0.669981
2024-08-19 09:48:38,167 INFO recv 6 -> 4 # 0 at 29026788, 0.274468 0.669981
2024-08-19 09:48:38,183 INFO CHECKSUM 6 5 0: 1.100203
2024-08-19 09:48:38,184 INFO CHECKSUM 6 5 0: 1.100203
2024-08-19 09:48:38,197 INFO recv 6 -> 5 # 0 at 27454036, 0.274468 0.669981
2024-08-19 09:48:38,197 INFO sent 6 -> 5 # 0 at 13607277, 0.274468 0.669981
2024-08-19 09:48:38,395 INFO CHECKSUM 6 7 0: 1.100203
2024-08-19 09:48:38,395 INFO CHECKSUM 6 7 0: 1.100203
2024-08-19 09:48:38,414 INFO sent 6 -> 7 # 0 at 171971916, 0.274468 0.669981
2024-08-19 09:48:38,414 INFO recv 6 -> 7 # 0 at 191344024, 0.274468 0.669981
2024-08-19 09:48:38,583 INFO CHECKSUM 6 8 0: 1.100203
2024-08-19 09:48:38,600 INFO sent 6 -> 8 # 0 at 156539311, 0.274468 0.669981
2024-08-19 09:48:38,583 INFO CHECKSUM 6 8 0: 1.100203
2024-08-19 09:48:38,600 INFO recv 6 -> 8 # 0 at 173803691, 0.274468 0.669981
2024-08-19 09:48:38,799 INFO CHECKSUM 6 9 0: 1.100203
2024-08-19 09:48:38,800 INFO CHECKSUM 6 9 0: 1.100203
2024-08-19 09:48:38,826 INFO recv 6 -> 9 # 0 at 211359081, 0.274468 0.669981
2024-08-19 09:48:38,830 INFO sent 6 -> 9 # 0 at 184814219, 0.274468 0.669981
2024-08-19 09:48:39,016 INFO CHECKSUM 6 10 0: 1.100203
2024-08-19 09:48:39,017 INFO CHECKSUM 6 10 0: 1.100203
2024-08-19 09:48:39,034 INFO sent 6 -> 10 # 0 at 169278455, 0.274468 0.669981
2024-08-19 09:48:39,034 INFO recv 6 -> 10 # 0 at 190779808, 0.274468 0.669981
2024-08-19 09:48:39,227 INFO CHECKSUM 6 11 0: 1.100203
2024-08-19 09:48:39,228 INFO CHECKSUM 6 11 0: 1.100203
2024-08-19 09:48:39,243 INFO recv 6 -> 11 # 0 at 196467576, 0.274468 0.669981
2024-08-19 09:48:39,247 INFO sent 6 -> 11 # 0 at 180484244, 0.274468 0.669981
2024-08-19 09:48:39,470 INFO CHECKSUM 6 12 0: 1.100203
2024-08-19 09:48:39,470 INFO CHECKSUM 6 12 0: 1.100203
2024-08-19 09:48:39,498 INFO sent 6 -> 12 # 0 at 191705551, 0.274468 0.669981
2024-08-19 09:48:39,498 INFO recv 6 -> 12 # 0 at 224010221, 0.274468 0.669981
2024-08-19 09:48:39,693 INFO CHECKSUM 6 13 0: 1.100203
2024-08-19 09:48:39,694 INFO CHECKSUM 6 13 0: 1.100203
2024-08-19 09:48:39,714 INFO sent 6 -> 13 # 0 at 179492633, 0.274468 0.669981
2024-08-19 09:48:39,714 INFO recv 6 -> 13 # 0 at 200358439, 0.274468 0.669981
2024-08-19 09:48:39,920 INFO CHECKSUM 6 14 0: 1.100203
2024-08-19 09:48:39,928 INFO CHECKSUM 6 14 0: 1.100203
2024-08-19 09:48:39,954 INFO sent 6 -> 14 # 0 at 194016897, 0.274468 0.669981
2024-08-19 09:48:39,954 INFO recv 6 -> 14 # 0 at 228457590, 0.274468 0.669981
2024-08-19 09:48:40,134 INFO CHECKSUM 6 15 0: 1.100203
2024-08-19 09:48:40,134 INFO CHECKSUM 6 15 0: 1.100203
2024-08-19 09:48:40,151 INFO Accepting from rank 7
2024-08-19 09:48:40,151 INFO Accepting from rank 7
2024-08-19 09:48:40,151 INFO Accepting from rank 7
2024-08-19 09:48:40,151 INFO Accepting from rank 7
2024-08-19 09:48:40,151 INFO Accepting from rank 7
2024-08-19 09:48:40,151 INFO Accepting from rank 7
2024-08-19 09:48:40,151 INFO Accepting from rank 7
2024-08-19 09:48:40,151 INFO Accepting from rank 7
2024-08-19 09:48:40,151 INFO Sending from rank 7
2024-08-19 09:48:40,151 INFO Accepting from rank 7
2024-08-19 09:48:40,151 INFO Accepting from rank 7
2024-08-19 09:48:40,151 INFO sent 6 -> 15 # 0 at 163635880, 0.274468 0.669981
2024-08-19 09:48:40,151 INFO Accepting from rank 7
2024-08-19 09:48:40,151 INFO recv 6 -> 15 # 0 at 180691080, 0.274468 0.669981
2024-08-19 09:48:40,151 INFO Accepting from rank 7
2024-08-19 09:48:40,151 INFO Accepting from rank 7
2024-08-19 09:48:40,154 INFO Accepting from rank 7
2024-08-19 09:48:40,154 INFO Accepting from rank 7
2024-08-19 09:48:40,272 INFO CHECKSUM 7 0 0: 1.482906
2024-08-19 09:48:40,273 INFO CHECKSUM 7 0 0: 1.482906
2024-08-19 09:48:40,284 INFO recv 7 -> 0 # 0 at 101407569, 0.129795 0.600729
2024-08-19 09:48:40,286 INFO sent 7 -> 0 # 0 at 89690844, 0.129795 0.600729
2024-08-19 09:48:40,317 INFO CHECKSUM 7 1 0: 1.482906
2024-08-19 09:48:40,317 INFO CHECKSUM 7 1 0: 1.482906
2024-08-19 09:48:40,354 INFO recv 7 -> 1 # 0 at 52055464, 0.129795 0.600729
2024-08-19 09:48:40,358 INFO sent 7 -> 1 # 0 at 14445834, 0.129795 0.600729
2024-08-19 09:48:40,464 INFO CHECKSUM 7 2 0: 1.482906
2024-08-19 09:48:40,465 INFO CHECKSUM 7 2 0: 1.482906
2024-08-19 09:48:40,483 INFO recv 7 -> 2 # 0 at 108028104, 0.129795 0.600729
2024-08-19 09:48:40,483 INFO sent 7 -> 2 # 0 at 86487100, 0.129795 0.600729
2024-08-19 09:48:40,512 INFO CHECKSUM 7 3 0: 1.482906
2024-08-19 09:48:40,516 INFO CHECKSUM 7 3 0: 1.482906
2024-08-19 09:48:40,538 INFO sent 7 -> 3 # 0 at 21939968, 0.129795 0.600729
2024-08-19 09:48:40,541 INFO recv 7 -> 3 # 0 at 50318664, 0.129795 0.600729
2024-08-19 09:48:40,569 INFO CHECKSUM 7 4 0: 1.482906
2024-08-19 09:48:40,569 INFO CHECKSUM 7 4 0: 1.482906
2024-08-19 09:48:40,583 INFO recv 7 -> 4 # 0 at 28286091, 0.129795 0.600729
2024-08-19 09:48:40,584 INFO sent 7 -> 4 # 0 at 14149232, 0.129795 0.600729
2024-08-19 09:48:40,601 INFO CHECKSUM 7 5 0: 1.482906
2024-08-19 09:48:40,601 INFO CHECKSUM 7 5 0: 1.482906
2024-08-19 09:48:40,618 INFO recv 7 -> 5 # 0 at 31990359, 0.129795 0.600729
2024-08-19 09:48:40,618 INFO sent 7 -> 5 # 0 at 14436736, 0.129795 0.600729
2024-08-19 09:48:40,636 INFO CHECKSUM 7 6 0: 1.482906
2024-08-19 09:48:40,637 INFO CHECKSUM 7 6 0: 1.482906
2024-08-19 09:48:40,651 INFO recv 7 -> 6 # 0 at 28414106, 0.129795 0.600729
2024-08-19 09:48:40,651 INFO sent 7 -> 6 # 0 at 13908508, 0.129795 0.600729
2024-08-19 09:48:40,818 INFO CHECKSUM 7 8 0: 1.482906
2024-08-19 09:48:40,819 INFO CHECKSUM 7 8 0: 1.482906
2024-08-19 09:48:40,835 INFO sent 7 -> 8 # 0 at 152587223, 0.129795 0.600729
2024-08-19 09:48:40,835 INFO recv 7 -> 8 # 0 at 172452186, 0.129795 0.600729
2024-08-19 09:48:41,036 INFO CHECKSUM 7 9 0: 1.482906
2024-08-19 09:48:41,037 INFO CHECKSUM 7 9 0: 1.482906
2024-08-19 09:48:41,054 INFO recv 7 -> 9 # 0 at 200379208, 0.129795 0.600729
2024-08-19 09:48:41,062 INFO sent 7 -> 9 # 0 at 187451061, 0.129795 0.600729
2024-08-19 09:48:41,248 INFO CHECKSUM 7 10 0: 1.482906
2024-08-19 09:48:41,252 INFO CHECKSUM 7 10 0: 1.482906
2024-08-19 09:48:41,274 INFO recv 7 -> 10 # 0 at 189233627, 0.129795 0.600729
2024-08-19 09:48:41,278 INFO sent 7 -> 10 # 0 at 165251393, 0.129795 0.600729
2024-08-19 09:48:41,463 INFO CHECKSUM 7 11 0: 1.482906
2024-08-19 09:48:41,464 INFO CHECKSUM 7 11 0: 1.482906
2024-08-19 09:48:41,490 INFO recv 7 -> 11 # 0 at 183324150, 0.129795 0.600729
2024-08-19 09:48:41,498 INFO sent 7 -> 11 # 0 at 152088592, 0.129795 0.600729
2024-08-19 09:48:41,715 INFO CHECKSUM 7 12 0: 1.482906
2024-08-19 09:48:41,716 INFO CHECKSUM 7 12 0: 1.482906
2024-08-19 09:48:41,738 INFO recv 7 -> 12 # 0 at 227316164, 0.129795 0.600729
2024-08-19 09:48:41,746 INFO sent 7 -> 12 # 0 at 204661323, 0.129795 0.600729
2024-08-19 09:48:41,874 INFO CHECKSUM 7 13 0: 1.482906
2024-08-19 09:48:41,874 INFO CHECKSUM 7 13 0: 1.482906
2024-08-19 09:48:41,889 INFO recv 7 -> 13 # 0 at 120065666, 0.129795 0.600729
2024-08-19 09:48:41,898 INFO sent 7 -> 13 # 0 at 121408779, 0.129795 0.600729
2024-08-19 09:48:42,079 INFO CHECKSUM 7 14 0: 1.482906
2024-08-19 09:48:42,096 INFO sent 7 -> 14 # 0 at 180210005, 0.129795 0.600729
2024-08-19 09:48:42,079 INFO CHECKSUM 7 14 0: 1.482906
2024-08-19 09:48:42,096 INFO recv 7 -> 14 # 0 at 197699357, 0.129795 0.600729
2024-08-19 09:48:42,295 INFO CHECKSUM 7 15 0: 1.482906
2024-08-19 09:48:42,295 INFO CHECKSUM 7 15 0: 1.482906
2024-08-19 09:48:42,317 INFO Accepting from rank 8
2024-08-19 09:48:42,318 INFO Accepting from rank 8
2024-08-19 09:48:42,318 INFO Accepting from rank 8
2024-08-19 09:48:42,318 INFO Sending from rank 8
2024-08-19 09:48:42,318 INFO Accepting from rank 8
2024-08-19 09:48:42,318 INFO Accepting from rank 8
2024-08-19 09:48:42,318 INFO Accepting from rank 8
2024-08-19 09:48:42,318 INFO Accepting from rank 8
2024-08-19 09:48:42,318 INFO Accepting from rank 8
2024-08-19 09:48:42,318 INFO Accepting from rank 8
2024-08-19 09:48:42,318 INFO Accepting from rank 8
2024-08-19 09:48:42,318 INFO Accepting from rank 8
2024-08-19 09:48:42,318 INFO sent 7 -> 15 # 0 at 185612809, 0.129795 0.600729
2024-08-19 09:48:42,318 INFO Accepting from rank 8
2024-08-19 09:48:42,318 INFO Accepting from rank 8
2024-08-19 09:48:42,318 INFO recv 7 -> 15 # 0 at 208825892, 0.129795 0.600729
2024-08-19 09:48:42,318 INFO Accepting from rank 8
2024-08-19 09:48:42,318 INFO Accepting from rank 8
2024-08-19 09:48:42,373 INFO CHECKSUM 8 0 0: 1.328151
2024-08-19 09:48:42,387 INFO sent 8 -> 0 # 0 at 14451396, 0.106647 0.335721
2024-08-19 09:48:42,374 INFO CHECKSUM 8 0 0: 1.328151
2024-08-19 09:48:42,387 INFO recv 8 -> 0 # 0 at 28451440, 0.106647 0.335721
2024-08-19 09:48:42,430 INFO CHECKSUM 8 1 0: 1.328151
2024-08-19 09:48:42,431 INFO CHECKSUM 8 1 0: 1.328151
2024-08-19 09:48:42,447 INFO sent 8 -> 1 # 0 at 14173211, 0.106647 0.335721
2024-08-19 09:48:42,447 INFO recv 8 -> 1 # 0 at 30578594, 0.106647 0.335721
2024-08-19 09:48:42,472 INFO CHECKSUM 8 2 0: 1.328151
2024-08-19 09:48:42,487 INFO sent 8 -> 2 # 0 at 14010847, 0.106647 0.335721
2024-08-19 09:48:42,472 INFO CHECKSUM 8 2 0: 1.328151
2024-08-19 09:48:42,487 INFO recv 8 -> 2 # 0 at 28793462, 0.106647 0.335721
2024-08-19 09:48:42,529 INFO CHECKSUM 8 3 0: 1.328151
2024-08-19 09:48:42,530 INFO CHECKSUM 8 3 0: 1.328151
2024-08-19 09:48:42,536 INFO sent 8 -> 3 # 0 at 32118736, 0.106647 0.335721
2024-08-19 09:48:42,536 INFO recv 8 -> 3 # 0 at 20887720, 0.106647 0.335721
2024-08-19 09:48:42,553 INFO CHECKSUM 8 4 0: 1.328151
2024-08-19 09:48:42,553 INFO CHECKSUM 8 4 0: 1.328151
2024-08-19 09:48:42,567 INFO recv 8 -> 4 # 0 at 28365553, 0.106647 0.335721
2024-08-19 09:48:42,567 INFO sent 8 -> 4 # 0 at 14144755, 0.106647 0.335721
2024-08-19 09:48:42,584 INFO CHECKSUM 8 5 0: 1.328151
2024-08-19 09:48:42,585 INFO CHECKSUM 8 5 0: 1.328151
2024-08-19 09:48:42,606 INFO sent 8 -> 5 # 0 at 14492897, 0.106647 0.335721
2024-08-19 09:48:42,614 INFO recv 8 -> 5 # 0 at 44422011, 0.106647 0.335721
2024-08-19 09:48:42,728 INFO CHECKSUM 8 6 0: 1.328151
2024-08-19 09:48:42,728 INFO CHECKSUM 8 6 0: 1.328151
2024-08-19 09:48:42,739 INFO sent 8 -> 6 # 0 at 93627466, 0.106647 0.335721
2024-08-19 09:48:42,739 INFO recv 8 -> 6 # 0 at 104025434, 0.106647 0.335721
2024-08-19 09:48:42,765 INFO CHECKSUM 8 7 0: 1.328151
2024-08-19 09:48:42,765 INFO CHECKSUM 8 7 0: 1.328151
2024-08-19 09:48:42,785 INFO recv 8 -> 7 # 0 at 34521909, 0.106647 0.335721
2024-08-19 09:48:42,785 INFO sent 8 -> 7 # 0 at 14152921, 0.106647 0.335721
2024-08-19 09:48:43,007 INFO CHECKSUM 8 9 0: 1.328151
2024-08-19 09:48:43,008 INFO CHECKSUM 8 9 0: 1.328151
2024-08-19 09:48:43,035 INFO sent 8 -> 9 # 0 at 188646534, 0.106647 0.335721
2024-08-19 09:48:43,050 INFO recv 8 -> 9 # 0 at 225553072, 0.106647 0.335721
2024-08-19 09:48:43,255 INFO CHECKSUM 8 10 0: 1.328151
2024-08-19 09:48:43,255 INFO CHECKSUM 8 10 0: 1.328151
2024-08-19 09:48:43,287 INFO sent 8 -> 10 # 0 at 188835157, 0.106647 0.335721
2024-08-19 09:48:43,298 INFO recv 8 -> 10 # 0 at 232315212, 0.106647 0.335721
2024-08-19 09:48:43,444 INFO CHECKSUM 8 11 0: 1.328151
2024-08-19 09:48:43,445 INFO CHECKSUM 8 11 0: 1.328151
2024-08-19 09:48:43,470 INFO sent 8 -> 11 # 0 at 136943713, 0.106647 0.335721
2024-08-19 09:48:43,470 INFO recv 8 -> 11 # 0 at 163043763, 0.106647 0.335721
2024-08-19 09:48:43,714 INFO CHECKSUM 8 12 0: 1.328151
2024-08-19 09:48:43,714 INFO CHECKSUM 8 12 0: 1.328151
2024-08-19 09:48:43,738 INFO sent 8 -> 12 # 0 at 222702265, 0.106647 0.335721
2024-08-19 09:48:43,738 INFO recv 8 -> 12 # 0 at 246778375, 0.106647 0.335721
2024-08-19 09:48:43,947 INFO CHECKSUM 8 13 0: 1.328151
2024-08-19 09:48:43,955 INFO CHECKSUM 8 13 0: 1.328151
2024-08-19 09:48:43,973 INFO sent 8 -> 13 # 0 at 184066782, 0.106647 0.335721
2024-08-19 09:48:43,973 INFO recv 8 -> 13 # 0 at 208302520, 0.106647 0.335721
2024-08-19 09:48:44,142 INFO CHECKSUM 8 14 0: 1.328151
2024-08-19 09:48:44,143 INFO CHECKSUM 8 14 0: 1.328151
2024-08-19 09:48:44,163 INFO sent 8 -> 14 # 0 at 159968763, 0.106647 0.335721
2024-08-19 09:48:44,174 INFO recv 8 -> 14 # 0 at 191649900, 0.106647 0.335721
2024-08-19 09:48:44,359 INFO CHECKSUM 8 15 0: 1.328151
2024-08-19 09:48:44,360 INFO CHECKSUM 8 15 0: 1.328151
2024-08-19 09:48:44,377 INFO Accepting from rank 9
2024-08-19 09:48:44,377 INFO Accepting from rank 9
2024-08-19 09:48:44,377 INFO Accepting from rank 9
2024-08-19 09:48:44,377 INFO Accepting from rank 9
2024-08-19 09:48:44,378 INFO Accepting from rank 9
2024-08-19 09:48:44,377 INFO sent 8 -> 15 # 0 at 162890287, 0.106647 0.335721
2024-08-19 09:48:44,378 INFO Accepting from rank 9
2024-08-19 09:48:44,377 INFO Accepting from rank 9
2024-08-19 09:48:44,378 INFO Accepting from rank 9
2024-08-19 09:48:44,377 INFO Accepting from rank 9
2024-08-19 09:48:44,378 INFO Accepting from rank 9
2024-08-19 09:48:44,377 INFO Accepting from rank 9
2024-08-19 09:48:44,378 INFO Accepting from rank 9
2024-08-19 09:48:44,378 INFO Accepting from rank 9
2024-08-19 09:48:44,377 INFO recv 8 -> 15 # 0 at 180777527, 0.106647 0.335721
2024-08-19 09:48:44,377 INFO Accepting from rank 9
2024-08-19 09:48:44,381 INFO Sending from rank 9
2024-08-19 09:48:44,381 INFO Accepting from rank 9
2024-08-19 09:48:44,425 INFO CHECKSUM 9 0 0: 1.684978
2024-08-19 09:48:44,424 INFO CHECKSUM 9 0 0: 1.684978
2024-08-19 09:48:44,449 INFO recv 9 -> 0 # 0 at 39101910, 0.196090 0.378065
2024-08-19 09:48:44,458 INFO sent 9 -> 0 # 0 at 14640792, 0.196090 0.378065
2024-08-19 09:48:44,492 INFO CHECKSUM 9 1 0: 1.684978
2024-08-19 09:48:44,492 INFO CHECKSUM 9 1 0: 1.684978
2024-08-19 09:48:44,513 INFO sent 9 -> 1 # 0 at 13433654, 0.196090 0.378065
2024-08-19 09:48:44,523 INFO recv 9 -> 1 # 0 at 49472158, 0.196090 0.378065
2024-08-19 09:48:44,568 INFO CHECKSUM 9 2 0: 1.684978
2024-08-19 09:48:44,568 INFO CHECKSUM 9 2 0: 1.684978
2024-08-19 09:48:44,601 INFO sent 9 -> 2 # 0 at 21820989, 0.196090 0.378065
2024-08-19 09:48:44,602 INFO recv 9 -> 2 # 0 at 63989817, 0.196090 0.378065
2024-08-19 09:48:44,626 INFO CHECKSUM 9 3 0: 1.684978
2024-08-19 09:48:44,626 INFO CHECKSUM 9 3 0: 1.684978
2024-08-19 09:48:44,654 INFO sent 9 -> 3 # 0 at 23685062, 0.196090 0.378065
2024-08-19 09:48:44,655 INFO recv 9 -> 3 # 0 at 52788302, 0.196090 0.378065
2024-08-19 09:48:44,716 INFO CHECKSUM 9 4 0: 1.684978
2024-08-19 09:48:44,717 INFO CHECKSUM 9 4 0: 1.684978
2024-08-19 09:48:44,730 INFO recv 9 -> 4 # 0 at 43022593, 0.196090 0.378065
2024-08-19 09:48:44,730 INFO sent 9 -> 4 # 0 at 27201463, 0.196090 0.378065
2024-08-19 09:48:44,755 INFO CHECKSUM 9 5 0: 1.684978
2024-08-19 09:48:44,755 INFO CHECKSUM 9 5 0: 1.684978
2024-08-19 09:48:44,767 INFO recv 9 -> 5 # 0 at 26641029, 0.196090 0.378065
2024-08-19 09:48:44,777 INFO sent 9 -> 5 # 0 at 16112289, 0.196090 0.378065
2024-08-19 09:48:44,808 INFO CHECKSUM 9 6 0: 1.684978
2024-08-19 09:48:44,809 INFO CHECKSUM 9 6 0: 1.684978
2024-08-19 09:48:44,825 INFO sent 9 -> 6 # 0 at 14161759, 0.196090 0.378065
2024-08-19 09:48:44,825 INFO recv 9 -> 6 # 0 at 31138448, 0.196090 0.378065
2024-08-19 09:48:44,844 INFO CHECKSUM 9 7 0: 1.684978
2024-08-19 09:48:44,844 INFO CHECKSUM 9 7 0: 1.684978
2024-08-19 09:48:44,858 INFO recv 9 -> 7 # 0 at 28680240, 0.196090 0.378065
2024-08-19 09:48:44,858 INFO sent 9 -> 7 # 0 at 14615403, 0.196090 0.378065
2024-08-19 09:48:44,885 INFO CHECKSUM 9 8 0: 1.684978
2024-08-19 09:48:44,885 INFO CHECKSUM 9 8 0: 1.684978
2024-08-19 09:48:44,906 INFO recv 9 -> 8 # 0 at 35663460, 0.196090 0.378065
2024-08-19 09:48:44,906 INFO sent 9 -> 8 # 0 at 14227505, 0.196090 0.378065
2024-08-19 09:48:45,115 INFO CHECKSUM 9 10 0: 1.684978
2024-08-19 09:48:45,115 INFO CHECKSUM 9 10 0: 1.684978
2024-08-19 09:48:45,132 INFO sent 9 -> 10 # 0 at 194244649, 0.196090 0.378065
2024-08-19 09:48:45,132 INFO recv 9 -> 10 # 0 at 211560369, 0.196090 0.378065
2024-08-19 09:48:45,340 INFO CHECKSUM 9 11 0: 1.684978
2024-08-19 09:48:45,341 INFO CHECKSUM 9 11 0: 1.684978
2024-08-19 09:48:45,369 INFO sent 9 -> 11 # 0 at 177743529, 0.196090 0.378065
2024-08-19 09:48:45,369 INFO recv 9 -> 11 # 0 at 206803457, 0.196090 0.378065
2024-08-19 09:48:45,521 INFO CHECKSUM 9 12 0: 1.684978
2024-08-19 09:48:45,522 INFO CHECKSUM 9 12 0: 1.684978
2024-08-19 09:48:45,541 INFO recv 9 -> 12 # 0 at 153883887, 0.196090 0.378065
2024-08-19 09:48:45,545 INFO sent 9 -> 12 # 0 at 134187899, 0.196090 0.378065
2024-08-19 09:48:45,705 INFO CHECKSUM 9 13 0: 1.684978
2024-08-19 09:48:45,715 INFO CHECKSUM 9 13 0: 1.684978
2024-08-19 09:48:45,739 INFO sent 9 -> 13 # 0 at 154881844, 0.196090 0.378065
2024-08-19 09:48:45,745 INFO recv 9 -> 13 # 0 at 194335944, 0.196090 0.378065
2024-08-19 09:48:45,922 INFO CHECKSUM 9 14 0: 1.684978
2024-08-19 09:48:45,922 INFO CHECKSUM 9 14 0: 1.684978
2024-08-19 09:48:45,938 INFO sent 9 -> 14 # 0 at 160491933, 0.196090 0.378065
2024-08-19 09:48:45,938 INFO recv 9 -> 14 # 0 at 176742485, 0.196090 0.378065
2024-08-19 09:48:46,125 INFO CHECKSUM 9 15 0: 1.684978
2024-08-19 09:48:46,125 INFO CHECKSUM 9 15 0: 1.684978
2024-08-19 09:48:46,138 INFO Accepting from rank 10
2024-08-19 09:48:46,138 INFO Accepting from rank 10
2024-08-19 09:48:46,138 INFO Accepting from rank 10
2024-08-19 09:48:46,138 INFO Accepting from rank 10
2024-08-19 09:48:46,138 INFO Accepting from rank 10
2024-08-19 09:48:46,138 INFO Accepting from rank 10
2024-08-19 09:48:46,138 INFO Sending from rank 10
2024-08-19 09:48:46,138 INFO Accepting from rank 10
2024-08-19 09:48:46,138 INFO Accepting from rank 10
2024-08-19 09:48:46,138 INFO sent 9 -> 15 # 0 at 178969463, 0.196090 0.378065
2024-08-19 09:48:46,138 INFO Accepting from rank 10
2024-08-19 09:48:46,138 INFO Accepting from rank 10
2024-08-19 09:48:46,138 INFO Accepting from rank 10
2024-08-19 09:48:46,138 INFO recv 9 -> 15 # 0 at 192364181, 0.196090 0.378065
2024-08-19 09:48:46,138 INFO Accepting from rank 10
2024-08-19 09:48:46,138 INFO Accepting from rank 10
2024-08-19 09:48:46,142 INFO Accepting from rank 10
2024-08-19 09:48:46,142 INFO Accepting from rank 10
2024-08-19 09:48:46,189 INFO CHECKSUM 10 0 0: 1.541096
2024-08-19 09:48:46,189 INFO CHECKSUM 10 0 0: 1.541096
2024-08-19 09:48:46,205 INFO recv 10 -> 0 # 0 at 30736618, 0.334662 0.889582
2024-08-19 09:48:46,205 INFO sent 10 -> 0 # 0 at 14363317, 0.334662 0.889582
2024-08-19 09:48:46,307 INFO CHECKSUM 10 1 0: 1.541096
2024-08-19 09:48:46,337 INFO CHECKSUM 10 1 0: 1.541096
2024-08-19 09:48:46,345 INFO recv 10 -> 1 # 0 at 122300744, 0.334662 0.889582
2024-08-19 09:48:46,345 INFO sent 10 -> 1 # 0 at 84422404, 0.334662 0.889582
2024-08-19 09:48:46,371 INFO CHECKSUM 10 2 0: 1.541096
2024-08-19 09:48:46,373 INFO CHECKSUM 10 2 0: 1.541096
2024-08-19 09:48:46,380 INFO sent 10 -> 2 # 0 at 20620503, 0.334662 0.889582
2024-08-19 09:48:46,380 INFO recv 10 -> 2 # 0 at 29346350, 0.334662 0.889582
2024-08-19 09:48:46,428 INFO CHECKSUM 10 3 0: 1.541096
2024-08-19 09:48:46,429 INFO CHECKSUM 10 3 0: 1.541096
2024-08-19 09:48:46,448 INFO recv 10 -> 3 # 0 at 49871076, 0.334662 0.889582
2024-08-19 09:48:46,457 INFO sent 10 -> 3 # 0 at 30006973, 0.334662 0.889582
2024-08-19 09:48:46,504 INFO CHECKSUM 10 4 0: 1.541096
2024-08-19 09:48:46,504 INFO CHECKSUM 10 4 0: 1.541096
2024-08-19 09:48:46,531 INFO recv 10 -> 4 # 0 at 56334201, 0.334662 0.889582
2024-08-19 09:48:46,539 INFO sent 10 -> 4 # 0 at 29318185, 0.334662 0.889582
2024-08-19 09:48:46,648 INFO CHECKSUM 10 5 0: 1.541096
2024-08-19 09:48:46,649 INFO CHECKSUM 10 5 0: 1.541096
2024-08-19 09:48:46,669 INFO sent 10 -> 5 # 0 at 94579882, 0.334662 0.889582
2024-08-19 09:48:46,678 INFO recv 10 -> 5 # 0 at 115751946, 0.334662 0.889582
2024-08-19 09:48:46,719 INFO CHECKSUM 10 6 0: 1.541096
2024-08-19 09:48:46,719 INFO CHECKSUM 10 6 0: 1.541096
2024-08-19 09:48:46,737 INFO recv 10 -> 6 # 0 at 42399362, 0.334662 0.889582
2024-08-19 09:48:46,737 INFO sent 10 -> 6 # 0 at 22200130, 0.334662 0.889582
2024-08-19 09:48:46,844 INFO CHECKSUM 10 7 0: 1.541096
2024-08-19 09:48:46,844 INFO CHECKSUM 10 7 0: 1.541096
2024-08-19 09:48:46,858 INFO sent 10 -> 7 # 0 at 86062538, 0.334662 0.889582
2024-08-19 09:48:46,858 INFO recv 10 -> 7 # 0 at 100016055, 0.334662 0.889582
2024-08-19 09:48:46,888 INFO CHECKSUM 10 8 0: 1.541096
2024-08-19 09:48:46,888 INFO CHECKSUM 10 8 0: 1.541096
2024-08-19 09:48:46,902 INFO recv 10 -> 8 # 0 at 27704294, 0.334662 0.889582
2024-08-19 09:48:46,902 INFO sent 10 -> 8 # 0 at 13760424, 0.334662 0.889582
2024-08-19 09:48:46,920 INFO CHECKSUM 10 9 0: 1.541096
2024-08-19 09:48:46,920 INFO CHECKSUM 10 9 0: 1.541096
2024-08-19 09:48:46,951 INFO recv 10 -> 9 # 0 at 44934860, 0.334662 0.889582
2024-08-19 09:48:46,951 INFO sent 10 -> 9 # 0 at 14050253, 0.334662 0.889582
2024-08-19 09:48:47,183 INFO CHECKSUM 10 11 0: 1.541096
2024-08-19 09:48:47,184 INFO CHECKSUM 10 11 0: 1.541096
2024-08-19 09:48:47,210 INFO sent 10 -> 11 # 0 at 216165079, 0.334662 0.889582
2024-08-19 09:48:47,210 INFO recv 10 -> 11 # 0 at 243385970, 0.334662 0.889582
2024-08-19 09:48:47,434 INFO CHECKSUM 10 12 0: 1.541096
2024-08-19 09:48:47,434 INFO CHECKSUM 10 12 0: 1.541096
2024-08-19 09:48:47,458 INFO recv 10 -> 12 # 0 at 232168767, 0.334662 0.889582
2024-08-19 09:48:47,461 INFO sent 10 -> 12 # 0 at 207681950, 0.334662 0.889582
2024-08-19 09:48:47,667 INFO CHECKSUM 10 13 0: 1.541096
2024-08-19 09:48:47,667 INFO CHECKSUM 10 13 0: 1.541096
2024-08-19 09:48:47,685 INFO sent 10 -> 13 # 0 at 185754007, 0.334662 0.889582
2024-08-19 09:48:47,688 INFO recv 10 -> 13 # 0 at 203058920, 0.334662 0.889582
2024-08-19 09:48:47,908 INFO CHECKSUM 10 14 0: 1.541096
2024-08-19 09:48:47,916 INFO CHECKSUM 10 14 0: 1.541096
2024-08-19 09:48:47,926 INFO sent 10 -> 14 # 0 at 189210652, 0.334662 0.889582
2024-08-19 09:48:47,926 INFO recv 10 -> 14 # 0 at 207357432, 0.334662 0.889582
2024-08-19 09:48:48,127 INFO CHECKSUM 10 15 0: 1.541096
2024-08-19 09:48:48,127 INFO CHECKSUM 10 15 0: 1.541096
2024-08-19 09:48:48,138 INFO Accepting from rank 11
2024-08-19 09:48:48,138 INFO Accepting from rank 11
2024-08-19 09:48:48,138 INFO Accepting from rank 11
2024-08-19 09:48:48,138 INFO Accepting from rank 11
2024-08-19 09:48:48,138 INFO Accepting from rank 11
2024-08-19 09:48:48,138 INFO Accepting from rank 11
2024-08-19 09:48:48,138 INFO Sending from rank 11
2024-08-19 09:48:48,138 INFO Accepting from rank 11
2024-08-19 09:48:48,138 INFO sent 10 -> 15 # 0 at 169898261, 0.334662 0.889582
2024-08-19 09:48:48,138 INFO recv 10 -> 15 # 0 at 173527539, 0.334662 0.889582
2024-08-19 09:48:48,138 INFO Accepting from rank 11
2024-08-19 09:48:48,139 INFO Accepting from rank 11
2024-08-19 09:48:48,142 INFO Accepting from rank 11
2024-08-19 09:48:48,142 INFO Accepting from rank 11
2024-08-19 09:48:48,142 INFO Accepting from rank 11
2024-08-19 09:48:48,142 INFO Accepting from rank 11
2024-08-19 09:48:48,142 INFO Accepting from rank 11
2024-08-19 09:48:48,142 INFO Accepting from rank 11
2024-08-19 09:48:48,208 INFO CHECKSUM 11 0 0: 1.403154
2024-08-19 09:48:48,208 INFO CHECKSUM 11 0 0: 1.403154
2024-08-19 09:48:48,219 INFO recv 11 -> 0 # 0 at 48551675, 0.515296 0.579205
2024-08-19 09:48:48,230 INFO sent 11 -> 0 # 0 at 29916218, 0.515296 0.579205
2024-08-19 09:48:48,246 INFO CHECKSUM 11 1 0: 1.403154
2024-08-19 09:48:48,246 INFO CHECKSUM 11 1 0: 1.403154
2024-08-19 09:48:48,269 INFO sent 11 -> 1 # 0 at 14637406, 0.515296 0.579205
2024-08-19 09:48:48,277 INFO recv 11 -> 1 # 0 at 46197822, 0.515296 0.579205
2024-08-19 09:48:48,347 INFO CHECKSUM 11 2 0: 1.403154
2024-08-19 09:48:48,349 INFO CHECKSUM 11 2 0: 1.403154
2024-08-19 09:48:48,362 INFO sent 11 -> 2 # 0 at 69726075, 0.515296 0.579205
2024-08-19 09:48:48,362 INFO recv 11 -> 2 # 0 at 84458081, 0.515296 0.579205
2024-08-19 09:48:48,386 INFO CHECKSUM 11 3 0: 1.403154
2024-08-19 09:48:48,387 INFO CHECKSUM 11 3 0: 1.403154
2024-08-19 09:48:48,425 INFO sent 11 -> 3 # 0 at 14065362, 0.515296 0.579205
2024-08-19 09:48:48,435 INFO recv 11 -> 3 # 0 at 62834669, 0.515296 0.579205
2024-08-19 09:48:48,480 INFO CHECKSUM 11 4 0: 1.403154
2024-08-19 09:48:48,481 INFO CHECKSUM 11 4 0: 1.403154
2024-08-19 09:48:48,510 INFO recv 11 -> 4 # 0 at 61979521, 0.515296 0.579205
2024-08-19 09:48:48,510 INFO sent 11 -> 4 # 0 at 14185504, 0.515296 0.579205
2024-08-19 09:48:48,569 INFO CHECKSUM 11 5 0: 1.403154
2024-08-19 09:48:48,569 INFO CHECKSUM 11 5 0: 1.403154
2024-08-19 09:48:48,587 INFO recv 11 -> 5 # 0 at 56168793, 0.515296 0.579205
2024-08-19 09:48:48,587 INFO sent 11 -> 5 # 0 at 46591504, 0.515296 0.579205
2024-08-19 09:48:48,606 INFO CHECKSUM 11 6 0: 1.403154
2024-08-19 09:48:48,607 INFO CHECKSUM 11 6 0: 1.403154
2024-08-19 09:48:48,623 INFO recv 11 -> 6 # 0 at 30449780, 0.515296 0.579205
2024-08-19 09:48:48,623 INFO sent 11 -> 6 # 0 at 13822475, 0.515296 0.579205
2024-08-19 09:48:48,638 INFO CHECKSUM 11 7 0: 1.403154
2024-08-19 09:48:48,638 INFO CHECKSUM 11 7 0: 1.403154
2024-08-19 09:48:48,657 INFO recv 11 -> 7 # 0 at 33741635, 0.515296 0.579205
2024-08-19 09:48:48,666 INFO sent 11 -> 7 # 0 at 14365000, 0.515296 0.579205
2024-08-19 09:48:48,687 INFO CHECKSUM 11 8 0: 1.403154
2024-08-19 09:48:48,687 INFO CHECKSUM 11 8 0: 1.403154
2024-08-19 09:48:48,702 INFO recv 11 -> 8 # 0 at 29272006, 0.515296 0.579205
2024-08-19 09:48:48,702 INFO sent 11 -> 8 # 0 at 13831111, 0.515296 0.579205
2024-08-19 09:48:48,812 INFO CHECKSUM 11 9 0: 1.403154
2024-08-19 09:48:48,812 INFO CHECKSUM 11 9 0: 1.403154
2024-08-19 09:48:48,832 INFO recv 11 -> 9 # 0 at 113300731, 0.515296 0.579205
2024-08-19 09:48:48,832 INFO sent 11 -> 9 # 0 at 92814918, 0.515296 0.579205
2024-08-19 09:48:48,894 INFO CHECKSUM 11 10 0: 1.403154
2024-08-19 09:48:48,907 INFO recv 11 -> 10 # 0 at 43078340, 0.515296 0.579205
2024-08-19 09:48:48,894 INFO CHECKSUM 11 10 0: 1.403154
2024-08-19 09:48:48,907 INFO sent 11 -> 10 # 0 at 30844389, 0.515296 0.579205
2024-08-19 09:48:49,136 INFO CHECKSUM 11 12 0: 1.403154
2024-08-19 09:48:49,136 INFO CHECKSUM 11 12 0: 1.403154
2024-08-19 09:48:49,150 INFO sent 11 -> 12 # 0 at 227715632, 0.515296 0.579205
2024-08-19 09:48:49,150 INFO recv 11 -> 12 # 0 at 242069059, 0.515296 0.579205
2024-08-19 09:48:49,375 INFO CHECKSUM 11 13 0: 1.403154
2024-08-19 09:48:49,384 INFO CHECKSUM 11 13 0: 1.403154
2024-08-19 09:48:49,406 INFO sent 11 -> 13 # 0 at 212167230, 0.515296 0.579205
2024-08-19 09:48:49,406 INFO recv 11 -> 13 # 0 at 242378599, 0.515296 0.579205
2024-08-19 09:48:49,614 INFO CHECKSUM 11 14 0: 1.403154
2024-08-19 09:48:49,614 INFO CHECKSUM 11 14 0: 1.403154
2024-08-19 09:48:49,636 INFO sent 11 -> 14 # 0 at 195884761, 0.515296 0.579205
2024-08-19 09:48:49,636 INFO recv 11 -> 14 # 0 at 218255524, 0.515296 0.579205
2024-08-19 09:48:49,894 INFO CHECKSUM 11 15 0: 1.403154
2024-08-19 09:48:49,894 INFO CHECKSUM 11 15 0: 1.403154
2024-08-19 09:48:49,922 INFO Accepting from rank 12
2024-08-19 09:48:49,926 INFO Accepting from rank 12
2024-08-19 09:48:49,926 INFO Accepting from rank 12
2024-08-19 09:48:49,926 INFO Accepting from rank 12
2024-08-19 09:48:49,926 INFO Sending from rank 12
2024-08-19 09:48:49,926 INFO Accepting from rank 12
2024-08-19 09:48:49,926 INFO Accepting from rank 12
2024-08-19 09:48:49,926 INFO recv 11 -> 15 # 0 at 261947005, 0.515296 0.579205
2024-08-19 09:48:49,926 INFO Accepting from rank 12
2024-08-19 09:48:49,930 INFO Accepting from rank 12
2024-08-19 09:48:49,930 INFO Accepting from rank 12
2024-08-19 09:48:49,930 INFO sent 11 -> 15 # 0 at 227559631, 0.515296 0.579205
2024-08-19 09:48:49,930 INFO Accepting from rank 12
2024-08-19 09:48:49,930 INFO Accepting from rank 12
2024-08-19 09:48:49,930 INFO Accepting from rank 12
2024-08-19 09:48:49,930 INFO Accepting from rank 12
2024-08-19 09:48:49,930 INFO Accepting from rank 12
2024-08-19 09:48:49,930 INFO Accepting from rank 12
2024-08-19 09:48:50,051 INFO CHECKSUM 12 0 0: 1.634096
2024-08-19 09:48:50,056 INFO CHECKSUM 12 0 0: 1.634096
2024-08-19 09:48:50,067 INFO recv 12 -> 0 # 0 at 96896629, 0.746214 0.558210
2024-08-19 09:48:50,070 INFO sent 12 -> 0 # 0 at 80599255, 0.746214 0.558210
2024-08-19 09:48:50,131 INFO CHECKSUM 12 1 0: 1.634096
2024-08-19 09:48:50,131 INFO CHECKSUM 12 1 0: 1.634096
2024-08-19 09:48:50,157 INFO recv 12 -> 1 # 0 at 47507855, 0.746214 0.558210
2024-08-19 09:48:50,157 INFO sent 12 -> 1 # 0 at 25148357, 0.746214 0.558210
2024-08-19 09:48:50,275 INFO CHECKSUM 12 2 0: 1.634096
2024-08-19 09:48:50,274 INFO CHECKSUM 12 2 0: 1.634096
2024-08-19 09:48:50,282 INFO recv 12 -> 2 # 0 at 96361795, 0.746214 0.558210
2024-08-19 09:48:50,282 INFO sent 12 -> 2 # 0 at 88270878, 0.746214 0.558210
2024-08-19 09:48:50,307 INFO CHECKSUM 12 3 0: 1.634096
2024-08-19 09:48:50,317 INFO CHECKSUM 12 3 0: 1.634096
2024-08-19 09:48:50,331 INFO recv 12 -> 3 # 0 at 38117073, 0.746214 0.558210
2024-08-19 09:48:50,331 INFO sent 12 -> 3 # 0 at 13871632, 0.746214 0.558210
2024-08-19 09:48:50,365 INFO CHECKSUM 12 4 0: 1.634096
2024-08-19 09:48:50,366 INFO CHECKSUM 12 4 0: 1.634096
2024-08-19 09:48:50,383 INFO recv 12 -> 4 # 0 at 32285098, 0.746214 0.558210
2024-08-19 09:48:50,383 INFO sent 12 -> 4 # 0 at 14565143, 0.746214 0.558210
2024-08-19 09:48:50,515 INFO CHECKSUM 12 5 0: 1.634096
2024-08-19 09:48:50,515 INFO CHECKSUM 12 5 0: 1.634096
2024-08-19 09:48:50,530 INFO sent 12 -> 5 # 0 at 97236955, 0.746214 0.558210
2024-08-19 09:48:50,538 INFO recv 12 -> 5 # 0 at 120409472, 0.746214 0.558210
2024-08-19 09:48:50,554 INFO CHECKSUM 12 6 0: 1.634096
2024-08-19 09:48:50,555 INFO CHECKSUM 12 6 0: 1.634096
2024-08-19 09:48:50,571 INFO recv 12 -> 6 # 0 at 30253242, 0.746214 0.558210
2024-08-19 09:48:50,571 INFO sent 12 -> 6 # 0 at 13937159, 0.746214 0.558210
2024-08-19 09:48:50,590 INFO CHECKSUM 12 7 0: 1.634096
2024-08-19 09:48:50,591 INFO CHECKSUM 12 7 0: 1.634096
2024-08-19 09:48:50,618 INFO recv 12 -> 7 # 0 at 41522101, 0.746214 0.558210
2024-08-19 09:48:50,618 INFO sent 12 -> 7 # 0 at 13951327, 0.746214 0.558210
2024-08-19 09:48:50,649 INFO CHECKSUM 12 8 0: 1.634096
2024-08-19 09:48:50,649 INFO CHECKSUM 12 8 0: 1.634096
2024-08-19 09:48:50,667 INFO recv 12 -> 8 # 0 at 32809839, 0.746214 0.558210
2024-08-19 09:48:50,667 INFO sent 12 -> 8 # 0 at 14520036, 0.746214 0.558210
2024-08-19 09:48:50,697 INFO CHECKSUM 12 9 0: 1.634096
2024-08-19 09:48:50,696 INFO CHECKSUM 12 9 0: 1.634096
2024-08-19 09:48:50,726 INFO sent 12 -> 9 # 0 at 14350157, 0.746214 0.558210
2024-08-19 09:48:50,726 INFO recv 12 -> 9 # 0 at 43840079, 0.746214 0.558210
2024-08-19 09:48:50,761 INFO CHECKSUM 12 10 0: 1.634096
2024-08-19 09:48:50,762 INFO CHECKSUM 12 10 0: 1.634096
2024-08-19 09:48:50,775 INFO recv 12 -> 10 # 0 at 28396948, 0.746214 0.558210
2024-08-19 09:48:50,775 INFO sent 12 -> 10 # 0 at 14601974, 0.746214 0.558210
2024-08-19 09:48:50,800 INFO CHECKSUM 12 11 0: 1.634096
2024-08-19 09:48:50,801 INFO CHECKSUM 12 11 0: 1.634096
2024-08-19 09:48:50,834 INFO sent 12 -> 11 # 0 at 14364896, 0.746214 0.558210
2024-08-19 09:48:50,838 INFO recv 12 -> 11 # 0 at 52352804, 0.746214 0.558210
2024-08-19 09:48:51,053 INFO CHECKSUM 12 13 0: 1.634096
2024-08-19 09:48:51,054 INFO CHECKSUM 12 13 0: 1.634096
2024-08-19 09:48:51,082 INFO sent 12 -> 13 # 0 at 187792922, 0.746214 0.558210
2024-08-19 09:48:51,082 INFO recv 12 -> 13 # 0 at 216808696, 0.746214 0.558210
2024-08-19 09:48:51,284 INFO CHECKSUM 12 14 0: 1.634096
2024-08-19 09:48:51,284 INFO CHECKSUM 12 14 0: 1.634096
2024-08-19 09:48:51,306 INFO sent 12 -> 14 # 0 at 190798002, 0.746214 0.558210
2024-08-19 09:48:51,307 INFO recv 12 -> 14 # 0 at 213135855, 0.746214 0.558210
2024-08-19 09:48:51,525 INFO CHECKSUM 12 15 0: 1.634096
2024-08-19 09:48:51,526 INFO CHECKSUM 12 15 0: 1.634096
2024-08-19 09:48:51,547 INFO Accepting from rank 13
2024-08-19 09:48:51,547 INFO Sending from rank 13
2024-08-19 09:48:51,547 INFO Accepting from rank 13
2024-08-19 09:48:51,547 INFO Accepting from rank 13
2024-08-19 09:48:51,547 INFO Accepting from rank 13
2024-08-19 09:48:51,547 INFO Accepting from rank 13
2024-08-19 09:48:51,547 INFO Accepting from rank 13
2024-08-19 09:48:51,547 INFO sent 12 -> 15 # 0 at 194638088, 0.746214 0.558210
2024-08-19 09:48:51,547 INFO Accepting from rank 13
2024-08-19 09:48:51,547 INFO recv 12 -> 15 # 0 at 206232908, 0.746214 0.558210
2024-08-19 09:48:51,547 INFO Accepting from rank 13
2024-08-19 09:48:51,549 INFO Accepting from rank 13
2024-08-19 09:48:51,549 INFO Accepting from rank 13
2024-08-19 09:48:51,547 INFO Accepting from rank 13
2024-08-19 09:48:51,549 INFO Accepting from rank 13
2024-08-19 09:48:51,549 INFO Accepting from rank 13
2024-08-19 09:48:51,549 INFO Accepting from rank 13
2024-08-19 09:48:51,549 INFO Accepting from rank 13
2024-08-19 09:48:51,644 INFO CHECKSUM 13 0 0: 0.689401
2024-08-19 09:48:51,644 INFO CHECKSUM 13 0 0: 0.689401
2024-08-19 09:48:51,662 INFO recv 13 -> 0 # 0 at 76026593, 0.900237 0.481866
2024-08-19 09:48:51,662 INFO sent 13 -> 0 # 0 at 52413806, 0.900237 0.481866
2024-08-19 09:48:51,714 INFO CHECKSUM 13 1 0: 0.689401
2024-08-19 09:48:51,714 INFO CHECKSUM 13 1 0: 0.689401
2024-08-19 09:48:51,733 INFO sent 13 -> 1 # 0 at 40255577, 0.900237 0.481866
2024-08-19 09:48:51,747 INFO recv 13 -> 1 # 0 at 64003360, 0.900237 0.481866
2024-08-19 09:48:51,851 INFO CHECKSUM 13 2 0: 0.689401
2024-08-19 09:48:51,850 INFO CHECKSUM 13 2 0: 0.689401
2024-08-19 09:48:51,865 INFO recv 13 -> 2 # 0 at 100304129, 0.900237 0.481866
2024-08-19 09:48:51,865 INFO sent 13 -> 2 # 0 at 85118844, 0.900237 0.481866
2024-08-19 09:48:51,893 INFO CHECKSUM 13 3 0: 0.689401
2024-08-19 09:48:51,892 INFO CHECKSUM 13 3 0: 0.689401
2024-08-19 09:48:51,914 INFO recv 13 -> 3 # 0 at 35998445, 0.900237 0.481866
2024-08-19 09:48:51,914 INFO sent 13 -> 3 # 0 at 13925185, 0.900237 0.481866
2024-08-19 09:48:51,947 INFO CHECKSUM 13 4 0: 0.689401
2024-08-19 09:48:51,948 INFO CHECKSUM 13 4 0: 0.689401
2024-08-19 09:48:51,971 INFO recv 13 -> 4 # 0 at 43991241, 0.900237 0.481866
2024-08-19 09:48:51,971 INFO sent 13 -> 4 # 0 at 13454255, 0.900237 0.481866
2024-08-19 09:48:52,019 INFO CHECKSUM 13 5 0: 0.689401
2024-08-19 09:48:52,019 INFO CHECKSUM 13 5 0: 0.689401
2024-08-19 09:48:52,035 INFO recv 13 -> 5 # 0 at 39213041, 0.900237 0.481866
2024-08-19 09:48:52,042 INFO sent 13 -> 5 # 0 at 22154427, 0.900237 0.481866
2024-08-19 09:48:52,060 INFO CHECKSUM 13 6 0: 0.689401
2024-08-19 09:48:52,061 INFO CHECKSUM 13 6 0: 0.689401
2024-08-19 09:48:52,090 INFO sent 13 -> 6 # 0 at 14235385, 0.900237 0.481866
2024-08-19 09:48:52,094 INFO recv 13 -> 6 # 0 at 48512375, 0.900237 0.481866
2024-08-19 09:48:52,136 INFO CHECKSUM 13 7 0: 0.689401
2024-08-19 09:48:52,136 INFO CHECKSUM 13 7 0: 0.689401
2024-08-19 09:48:52,151 INFO recv 13 -> 7 # 0 at 29148953, 0.900237 0.481866
2024-08-19 09:48:52,151 INFO sent 13 -> 7 # 0 at 14038504, 0.900237 0.481866
2024-08-19 09:48:52,185 INFO CHECKSUM 13 8 0: 0.689401
2024-08-19 09:48:52,192 INFO CHECKSUM 13 8 0: 0.689401
2024-08-19 09:48:52,203 INFO recv 13 -> 8 # 0 at 35950485, 0.900237 0.481866
2024-08-19 09:48:52,211 INFO sent 13 -> 8 # 0 at 14103771, 0.900237 0.481866
2024-08-19 09:48:52,226 INFO CHECKSUM 13 9 0: 0.689401
2024-08-19 09:48:52,226 INFO CHECKSUM 13 9 0: 0.689401
2024-08-19 09:48:52,250 INFO recv 13 -> 9 # 0 at 38081273, 0.900237 0.481866
2024-08-19 09:48:52,250 INFO sent 13 -> 9 # 0 at 13952358, 0.900237 0.481866
2024-08-19 09:48:52,279 INFO CHECKSUM 13 10 0: 0.689401
2024-08-19 09:48:52,280 INFO CHECKSUM 13 10 0: 0.689401
2024-08-19 09:48:52,310 INFO recv 13 -> 10 # 0 at 46970506, 0.900237 0.481866
2024-08-19 09:48:52,314 INFO sent 13 -> 10 # 0 at 14058924, 0.900237 0.481866
2024-08-19 09:48:52,328 INFO CHECKSUM 13 11 0: 0.689401
2024-08-19 09:48:52,328 INFO CHECKSUM 13 11 0: 0.689401
2024-08-19 09:48:52,345 INFO recv 13 -> 11 # 0 at 30921838, 0.900237 0.481866
2024-08-19 09:48:52,345 INFO sent 13 -> 11 # 0 at 13823569, 0.900237 0.481866
2024-08-19 09:48:52,381 INFO CHECKSUM 13 12 0: 0.689401
2024-08-19 09:48:52,383 INFO CHECKSUM 13 12 0: 0.689401
2024-08-19 09:48:52,395 INFO recv 13 -> 12 # 0 at 35883514, 0.900237 0.481866
2024-08-19 09:48:52,395 INFO sent 13 -> 12 # 0 at 22001612, 0.900237 0.481866
2024-08-19 09:48:52,565 INFO CHECKSUM 13 14 0: 0.689401
2024-08-19 09:48:52,566 INFO CHECKSUM 13 14 0: 0.689401
2024-08-19 09:48:52,586 INFO sent 13 -> 14 # 0 at 170016550, 0.900237 0.481866
2024-08-19 09:48:52,586 INFO recv 13 -> 14 # 0 at 191509719, 0.900237 0.481866
2024-08-19 09:48:52,846 INFO CHECKSUM 13 15 0: 0.689401
2024-08-19 09:48:52,846 INFO CHECKSUM 13 15 0: 0.689401
2024-08-19 09:48:52,865 INFO Accepting from rank 14
2024-08-19 09:48:52,865 INFO Accepting from rank 14
2024-08-19 09:48:52,865 INFO Accepting from rank 14
2024-08-19 09:48:52,865 INFO Accepting from rank 14
2024-08-19 09:48:52,865 INFO Accepting from rank 14
2024-08-19 09:48:52,865 INFO Accepting from rank 14
2024-08-19 09:48:52,865 INFO Accepting from rank 14
2024-08-19 09:48:52,865 INFO Accepting from rank 14
2024-08-19 09:48:52,865 INFO Sending from rank 14
2024-08-19 09:48:52,865 INFO Accepting from rank 14
2024-08-19 09:48:52,866 INFO Accepting from rank 14
2024-08-19 09:48:52,865 INFO Accepting from rank 14
2024-08-19 09:48:52,865 INFO sent 13 -> 15 # 0 at 211515512, 0.900237 0.481866
2024-08-19 09:48:52,865 INFO Accepting from rank 14
2024-08-19 09:48:52,866 INFO Accepting from rank 14
2024-08-19 09:48:52,865 INFO recv 13 -> 15 # 0 at 230969167, 0.900237 0.481866
2024-08-19 09:48:52,865 INFO Accepting from rank 14
2024-08-19 09:48:52,865 INFO Accepting from rank 14
2024-08-19 09:48:52,976 INFO CHECKSUM 14 0 0: 1.286798
2024-08-19 09:48:52,976 INFO CHECKSUM 14 0 0: 1.286798
2024-08-19 09:48:52,999 INFO recv 14 -> 0 # 0 at 92891512, 0.915339 0.456555
2024-08-19 09:48:52,999 INFO sent 14 -> 0 # 0 at 69931057, 0.915339 0.456555
2024-08-19 09:48:53,117 INFO CHECKSUM 14 1 0: 1.286798
2024-08-19 09:48:53,117 INFO CHECKSUM 14 1 0: 1.286798
2024-08-19 09:48:53,143 INFO recv 14 -> 1 # 0 at 128016758, 0.915339 0.456555
2024-08-19 09:48:53,145 INFO sent 14 -> 1 # 0 at 100181620, 0.915339 0.456555
2024-08-19 09:48:53,160 INFO CHECKSUM 14 2 0: 1.286798
2024-08-19 09:48:53,161 INFO CHECKSUM 14 2 0: 1.286798
2024-08-19 09:48:53,179 INFO recv 14 -> 2 # 0 at 32896004, 0.915339 0.456555
2024-08-19 09:48:53,179 INFO sent 14 -> 2 # 0 at 14281334, 0.915339 0.456555
2024-08-19 09:48:53,282 INFO CHECKSUM 14 3 0: 1.286798
2024-08-19 09:48:53,282 INFO CHECKSUM 14 3 0: 1.286798
2024-08-19 09:48:53,291 INFO recv 14 -> 3 # 0 at 80914267, 0.915339 0.456555
2024-08-19 09:48:53,291 INFO sent 14 -> 3 # 0 at 85409546, 0.915339 0.456555
2024-08-19 09:48:53,317 INFO CHECKSUM 14 4 0: 1.286798
2024-08-19 09:48:53,317 INFO CHECKSUM 14 4 0: 1.286798
2024-08-19 09:48:53,338 INFO recv 14 -> 4 # 0 at 35258980, 0.915339 0.456555
2024-08-19 09:48:53,338 INFO sent 14 -> 4 # 0 at 14065697, 0.915339 0.456555
2024-08-19 09:48:53,387 INFO CHECKSUM 14 5 0: 1.286798
2024-08-19 09:48:53,388 INFO CHECKSUM 14 5 0: 1.286798
2024-08-19 09:48:53,422 INFO sent 14 -> 5 # 0 at 16677979, 0.915339 0.456555
2024-08-19 09:48:53,422 INFO recv 14 -> 5 # 0 at 48959487, 0.915339 0.456555
2024-08-19 09:48:53,462 INFO CHECKSUM 14 6 0: 1.286798
2024-08-19 09:48:53,462 INFO CHECKSUM 14 6 0: 1.286798
2024-08-19 09:48:53,471 INFO recv 14 -> 6 # 0 at 31041600, 0.915339 0.456555
2024-08-19 09:48:53,471 INFO sent 14 -> 6 # 0 at 22595901, 0.915339 0.456555
2024-08-19 09:48:53,497 INFO CHECKSUM 14 7 0: 1.286798
2024-08-19 09:48:53,497 INFO CHECKSUM 14 7 0: 1.286798
2024-08-19 09:48:53,510 INFO recv 14 -> 7 # 0 at 27469406, 0.915339 0.456555
2024-08-19 09:48:53,510 INFO sent 14 -> 7 # 0 at 14427257, 0.915339 0.456555
2024-08-19 09:48:53,534 INFO CHECKSUM 14 8 0: 1.286798
2024-08-19 09:48:53,534 INFO CHECKSUM 14 8 0: 1.286798
2024-08-19 09:48:53,551 INFO recv 14 -> 8 # 0 at 31414518, 0.915339 0.456555
2024-08-19 09:48:53,551 INFO sent 14 -> 8 # 0 at 14311573, 0.915339 0.456555
2024-08-19 09:48:53,664 INFO CHECKSUM 14 9 0: 1.286798
2024-08-19 09:48:53,664 INFO CHECKSUM 14 9 0: 1.286798
2024-08-19 09:48:53,686 INFO sent 14 -> 9 # 0 at 93462437, 0.915339 0.456555
2024-08-19 09:48:53,690 INFO recv 14 -> 9 # 0 at 116003634, 0.915339 0.456555
2024-08-19 09:48:53,731 INFO CHECKSUM 14 10 0: 1.286798
2024-08-19 09:48:53,732 INFO CHECKSUM 14 10 0: 1.286798
2024-08-19 09:48:53,749 INFO recv 14 -> 10 # 0 at 47413990, 0.915339 0.456555
2024-08-19 09:48:53,749 INFO sent 14 -> 10 # 0 at 29362494, 0.915339 0.456555
2024-08-19 09:48:53,796 INFO CHECKSUM 14 11 0: 1.286798
2024-08-19 09:48:53,795 INFO CHECKSUM 14 11 0: 1.286798
2024-08-19 09:48:53,815 INFO recv 14 -> 11 # 0 at 33606104, 0.915339 0.456555
2024-08-19 09:48:53,815 INFO sent 14 -> 11 # 0 at 18324452, 0.915339 0.456555
2024-08-19 09:48:53,860 INFO CHECKSUM 14 12 0: 1.286798
2024-08-19 09:48:53,860 INFO CHECKSUM 14 12 0: 1.286798
2024-08-19 09:48:53,871 INFO recv 14 -> 12 # 0 at 40825880, 0.915339 0.456555
2024-08-19 09:48:53,871 INFO sent 14 -> 12 # 0 at 29820491, 0.915339 0.456555
2024-08-19 09:48:53,900 INFO CHECKSUM 14 13 0: 1.286798
2024-08-19 09:48:53,901 INFO CHECKSUM 14 13 0: 1.286798
2024-08-19 09:48:53,917 INFO recv 14 -> 13 # 0 at 30730500, 0.915339 0.456555
2024-08-19 09:48:53,917 INFO sent 14 -> 13 # 0 at 13865269, 0.915339 0.456555
2024-08-19 09:48:54,130 INFO CHECKSUM 14 15 0: 1.286798
2024-08-19 09:48:54,130 INFO CHECKSUM 14 15 0: 1.286798
2024-08-19 09:48:54,146 INFO Accepting from rank 15
2024-08-19 09:48:54,146 INFO Accepting from rank 15
2024-08-19 09:48:54,146 INFO Accepting from rank 15
2024-08-19 09:48:54,146 INFO Accepting from rank 15
2024-08-19 09:48:54,146 INFO Accepting from rank 15
2024-08-19 09:48:54,146 INFO Accepting from rank 15
2024-08-19 09:48:54,146 INFO Accepting from rank 15
2024-08-19 09:48:54,146 INFO sent 14 -> 15 # 0 at 179921723, 0.915339 0.456555
2024-08-19 09:48:54,146 INFO Accepting from rank 15
2024-08-19 09:48:54,146 INFO recv 14 -> 15 # 0 at 196425985, 0.915339 0.456555
2024-08-19 09:48:54,146 INFO Accepting from rank 15
2024-08-19 09:48:54,146 INFO Sending from rank 15
2024-08-19 09:48:54,150 INFO Accepting from rank 15
2024-08-19 09:48:54,150 INFO Accepting from rank 15
2024-08-19 09:48:54,150 INFO Accepting from rank 15
2024-08-19 09:48:54,150 INFO Accepting from rank 15
2024-08-19 09:48:54,151 INFO Accepting from rank 15
2024-08-19 09:48:54,151 INFO Accepting from rank 15
2024-08-19 09:48:54,191 INFO CHECKSUM 15 0 0: 0.958814
2024-08-19 09:48:54,191 INFO CHECKSUM 15 0 0: 0.958814
2024-08-19 09:48:54,202 INFO recv 15 -> 0 # 0 at 32061510, 0.297822 0.408697
2024-08-19 09:48:54,202 INFO sent 15 -> 0 # 0 at 21410469, 0.297822 0.408697
2024-08-19 09:48:54,304 INFO CHECKSUM 15 1 0: 0.958814
2024-08-19 09:48:54,304 INFO CHECKSUM 15 1 0: 0.958814
2024-08-19 09:48:54,319 INFO recv 15 -> 1 # 0 at 105794078, 0.297822 0.408697
2024-08-19 09:48:54,325 INFO sent 15 -> 1 # 0 at 91077406, 0.297822 0.408697
2024-08-19 09:48:54,438 INFO CHECKSUM 15 2 0: 0.958814
2024-08-19 09:48:54,439 INFO CHECKSUM 15 2 0: 0.958814
2024-08-19 09:48:54,447 INFO recv 15 -> 2 # 0 at 104242736, 0.297822 0.408697
2024-08-19 09:48:54,457 INFO sent 15 -> 2 # 0 at 93503366, 0.297822 0.408697
2024-08-19 09:48:54,573 INFO CHECKSUM 15 3 0: 0.958814
2024-08-19 09:48:54,573 INFO CHECKSUM 15 3 0: 0.958814
2024-08-19 09:48:54,588 INFO recv 15 -> 3 # 0 at 109688450, 0.297822 0.408697
2024-08-19 09:48:54,588 INFO sent 15 -> 3 # 0 at 95998500, 0.297822 0.408697
2024-08-19 09:48:54,630 INFO CHECKSUM 15 4 0: 0.958814
2024-08-19 09:48:54,638 INFO CHECKSUM 15 4 0: 0.958814
2024-08-19 09:48:54,651 INFO recv 15 -> 4 # 0 at 48657795, 0.297822 0.408697
2024-08-19 09:48:54,657 INFO sent 15 -> 4 # 0 at 13455678, 0.297822 0.408697
2024-08-19 09:48:54,690 INFO CHECKSUM 15 5 0: 0.958814
2024-08-19 09:48:54,692 INFO CHECKSUM 15 5 0: 0.958814
2024-08-19 09:48:54,717 INFO sent 15 -> 5 # 0 at 13806035, 0.297822 0.408697
2024-08-19 09:48:54,722 INFO recv 15 -> 5 # 0 at 45877006, 0.297822 0.408697
2024-08-19 09:48:54,762 INFO CHECKSUM 15 6 0: 0.958814
2024-08-19 09:48:54,763 INFO CHECKSUM 15 6 0: 0.958814
2024-08-19 09:48:54,793 INFO sent 15 -> 6 # 0 at 13365614, 0.297822 0.408697
2024-08-19 09:48:54,794 INFO recv 15 -> 6 # 0 at 51716360, 0.297822 0.408697
2024-08-19 09:48:54,821 INFO CHECKSUM 15 7 0: 0.958814
2024-08-19 09:48:54,821 INFO CHECKSUM 15 7 0: 0.958814
2024-08-19 09:48:54,833 INFO recv 15 -> 7 # 0 at 26606392, 0.297822 0.408697
2024-08-19 09:48:54,833 INFO sent 15 -> 7 # 0 at 16029535, 0.297822 0.408697
2024-08-19 09:48:54,872 INFO CHECKSUM 15 8 0: 0.958814
2024-08-19 09:48:54,873 INFO CHECKSUM 15 8 0: 0.958814
2024-08-19 09:48:54,890 INFO recv 15 -> 8 # 0 at 47700783, 0.297822 0.408697
2024-08-19 09:48:54,890 INFO sent 15 -> 8 # 0 at 26844616, 0.297822 0.408697
2024-08-19 09:48:54,948 INFO CHECKSUM 15 9 0: 0.958814
2024-08-19 09:48:54,948 INFO CHECKSUM 15 9 0: 0.958814
2024-08-19 09:48:54,959 INFO recv 15 -> 9 # 0 at 45892256, 0.297822 0.408697
2024-08-19 09:48:54,959 INFO sent 15 -> 9 # 0 at 35295417, 0.297822 0.408697
2024-08-19 09:48:55,071 INFO CHECKSUM 15 10 0: 0.958814
2024-08-19 09:48:55,080 INFO CHECKSUM 15 10 0: 0.958814
2024-08-19 09:48:55,098 INFO recv 15 -> 10 # 0 at 119283298, 0.297822 0.408697
2024-08-19 09:48:55,098 INFO sent 15 -> 10 # 0 at 92120673, 0.297822 0.408697
2024-08-19 09:48:55,125 INFO CHECKSUM 15 11 0: 0.958814
2024-08-19 09:48:55,126 INFO CHECKSUM 15 11 0: 0.958814
2024-08-19 09:48:55,149 INFO recv 15 -> 11 # 0 at 38102815, 0.297822 0.408697
2024-08-19 09:48:55,149 INFO sent 15 -> 11 # 0 at 14381247, 0.297822 0.408697
2024-08-19 09:48:55,176 INFO CHECKSUM 15 12 0: 0.958814
2024-08-19 09:48:55,177 INFO CHECKSUM 15 12 0: 0.958814
2024-08-19 09:48:55,193 INFO recv 15 -> 12 # 0 at 31105505, 0.297822 0.408697
2024-08-19 09:48:55,193 INFO sent 15 -> 12 # 0 at 14044806, 0.297822 0.408697
2024-08-19 09:48:55,233 INFO CHECKSUM 15 13 0: 0.958814
2024-08-19 09:48:55,232 INFO CHECKSUM 15 13 0: 0.958814
2024-08-19 09:48:55,245 INFO recv 15 -> 13 # 0 at 38336287, 0.297822 0.408697
2024-08-19 09:48:55,245 INFO sent 15 -> 13 # 0 at 25443928, 0.297822 0.408697
2024-08-19 09:48:55,312 INFO CHECKSUM 15 14 0: 0.958814
2024-08-19 09:48:55,312 INFO CHECKSUM 15 14 0: 0.958814
2024-08-19 09:48:55,329 INFO Rank 4 start All-Reduce
2024-08-19 09:48:55,329 INFO Rank 8 start All-Reduce
2024-08-19 09:48:55,329 INFO Rank 0 start All-Reduce
2024-08-19 09:48:55,329 INFO Rank 12 start All-Reduce
2024-08-19 09:48:55,329 INFO Rank 6 start All-Reduce
2024-08-19 09:48:55,329 INFO Rank 9 start All-Reduce
2024-08-19 09:48:55,329 INFO Rank 1 start All-Reduce
2024-08-19 09:48:55,329 INFO Rank 10 start All-Reduce
2024-08-19 09:48:55,329 INFO Rank 2 start All-Reduce
2024-08-19 09:48:55,329 INFO Rank 13 start All-Reduce
2024-08-19 09:48:55,329 INFO Rank 11 start All-Reduce
2024-08-19 09:48:55,329 INFO Rank 3 start All-Reduce
2024-08-19 09:48:55,329 INFO sent 15 -> 14 # 0 at 37737278, 0.297822 0.408697
2024-08-19 09:48:55,329 INFO Rank 0 HIT BARRIER
2024-08-19 09:48:55,329 INFO recv 15 -> 14 # 0 at 54687863, 0.297822 0.408697
2024-08-19 09:48:55,329 INFO Rank 1 HIT BARRIER
2024-08-19 09:48:55,329 INFO Rank 14 start All-Reduce
2024-08-19 09:48:55,329 INFO Rank 2 HIT BARRIER
2024-08-19 09:48:55,329 INFO Rank 15 start All-Reduce
2024-08-19 09:48:55,329 INFO Rank 3 HIT BARRIER
2024-08-19 09:48:55,334 INFO Rank 5 start All-Reduce
2024-08-19 09:48:55,334 INFO Rank 7 start All-Reduce
2024-08-19 09:48:55,343 INFO Added key: store_based_barrier_key:2 to store for rank: 0
2024-08-19 09:48:55,343 INFO Added key: store_based_barrier_key:2 to store for rank: 6
2024-08-19 09:48:55,343 INFO Added key: store_based_barrier_key:2 to store for rank: 8
2024-08-19 09:48:55,343 INFO Added key: store_based_barrier_key:2 to store for rank: 7
2024-08-19 09:48:55,343 INFO Added key: store_based_barrier_key:2 to store for rank: 11
2024-08-19 09:48:55,344 INFO Added key: store_based_barrier_key:2 to store for rank: 2
2024-08-19 09:48:55,344 INFO Added key: store_based_barrier_key:2 to store for rank: 12
2024-08-19 09:48:55,343 INFO Added key: store_based_barrier_key:2 to store for rank: 4
2024-08-19 09:48:55,344 INFO Added key: store_based_barrier_key:2 to store for rank: 9
2024-08-19 09:48:55,344 INFO Added key: store_based_barrier_key:2 to store for rank: 1
2024-08-19 09:48:55,343 INFO Added key: store_based_barrier_key:2 to store for rank: 5
2024-08-19 09:48:55,344 INFO Added key: store_based_barrier_key:2 to store for rank: 10
2024-08-19 09:48:55,344 INFO Added key: store_based_barrier_key:2 to store for rank: 3
2024-08-19 09:48:55,344 INFO Added key: store_based_barrier_key:2 to store for rank: 13
2024-08-19 09:48:55,344 INFO Rank 1: Completed store-based barrier for key:store_based_barrier_key:2 with 16 nodes.
2024-08-19 09:48:55,344 INFO Added key: store_based_barrier_key:2 to store for rank: 14
2024-08-19 09:48:55,344 INFO Made group
2024-08-19 09:48:55,344 INFO Added key: store_based_barrier_key:2 to store for rank: 15
2024-08-19 09:48:55,344 INFO Rank 3: Completed store-based barrier for key:store_based_barrier_key:2 with 16 nodes.
2024-08-19 09:48:55,344 INFO Rank 12: Completed store-based barrier for key:store_based_barrier_key:2 with 16 nodes.
2024-08-19 09:48:55,344 INFO Made group
2024-08-19 09:48:55,344 INFO Rank 13: Completed store-based barrier for key:store_based_barrier_key:2 with 16 nodes.
2024-08-19 09:48:55,353 INFO Rank 0: Completed store-based barrier for key:store_based_barrier_key:2 with 16 nodes.
2024-08-19 09:48:55,353 INFO Made group
2024-08-19 09:48:55,354 INFO Rank 4: Completed store-based barrier for key:store_based_barrier_key:2 with 16 nodes.
2024-08-19 09:48:55,354 INFO Rank 11: Completed store-based barrier for key:store_based_barrier_key:2 with 16 nodes.
2024-08-19 09:48:55,354 INFO Rank 2: Completed store-based barrier for key:store_based_barrier_key:2 with 16 nodes.
2024-08-19 09:48:55,354 INFO Rank 14: Completed store-based barrier for key:store_based_barrier_key:2 with 16 nodes.
2024-08-19 09:48:55,354 INFO Rank 5: Completed store-based barrier for key:store_based_barrier_key:2 with 16 nodes.
2024-08-19 09:48:55,354 INFO Made group
2024-08-19 09:48:55,354 INFO Rank 6: Completed store-based barrier for key:store_based_barrier_key:2 with 16 nodes.
2024-08-19 09:48:55,354 INFO Rank 8: Completed store-based barrier for key:store_based_barrier_key:2 with 16 nodes.
2024-08-19 09:48:55,354 INFO Rank 15: Completed store-based barrier for key:store_based_barrier_key:2 with 16 nodes.
2024-08-19 09:48:55,354 INFO Rank 7: Completed store-based barrier for key:store_based_barrier_key:2 with 16 nodes.
2024-08-19 09:48:55,354 INFO Rank 9: Completed store-based barrier for key:store_based_barrier_key:2 with 16 nodes.
2024-08-19 09:48:55,354 INFO Rank 10: Completed store-based barrier for key:store_based_barrier_key:2 with 16 nodes.
2024-08-19 09:48:55,684 INFO Node Reduce CHECKSUM 1: 5.237793
2024-08-19 09:48:55,745 INFO Node Reduce CHECKSUM 2: 5.237793
2024-08-19 09:48:55,680 INFO Node Reduce CHECKSUM 0: 5.237793
2024-08-19 09:48:55,682 INFO Node Reduce CHECKSUM 3: 5.237793
2024-08-19 09:48:55,754 INFO Rank 4 HIT BARRIER
2024-08-19 09:48:55,754 INFO Node Reduce rank 0 at 411698531
2024-08-19 09:48:55,754 INFO Node Reduce rank 2 at 411209615
2024-08-19 09:48:55,754 INFO Rank 5 HIT BARRIER
2024-08-19 09:48:55,754 INFO Node Reduce rank 3 at 410787188
2024-08-19 09:48:55,754 INFO Rank 6 HIT BARRIER
2024-08-19 09:48:55,754 INFO Node Reduce rank 1 at 410789893
2024-08-19 09:48:55,754 INFO Rank 7 HIT BARRIER
2024-08-19 09:48:55,760 INFO Added key: store_based_barrier_key:3 to store for rank: 2
2024-08-19 09:48:55,760 INFO Added key: store_based_barrier_key:3 to store for rank: 6
2024-08-19 09:48:55,760 INFO Added key: store_based_barrier_key:3 to store for rank: 8
2024-08-19 09:48:55,760 INFO Added key: store_based_barrier_key:3 to store for rank: 1
2024-08-19 09:48:55,760 INFO Added key: store_based_barrier_key:3 to store for rank: 12
2024-08-19 09:48:55,760 INFO Added key: store_based_barrier_key:3 to store for rank: 4
2024-08-19 09:48:55,760 INFO Added key: store_based_barrier_key:3 to store for rank: 10
2024-08-19 09:48:55,760 INFO Added key: store_based_barrier_key:3 to store for rank: 3
2024-08-19 09:48:55,760 INFO Added key: store_based_barrier_key:3 to store for rank: 15
2024-08-19 09:48:55,760 INFO Added key: store_based_barrier_key:3 to store for rank: 5
2024-08-19 09:48:55,760 INFO Added key: store_based_barrier_key:3 to store for rank: 11
2024-08-19 09:48:55,760 INFO Rank 3: Completed store-based barrier for key:store_based_barrier_key:3 with 16 nodes.
2024-08-19 09:48:55,760 INFO Added key: store_based_barrier_key:3 to store for rank: 13
2024-08-19 09:48:55,760 INFO Added key: store_based_barrier_key:3 to store for rank: 7
2024-08-19 09:48:55,760 INFO Added key: store_based_barrier_key:3 to store for rank: 9
2024-08-19 09:48:55,760 INFO Added key: store_based_barrier_key:3 to store for rank: 0
2024-08-19 09:48:55,760 INFO Added key: store_based_barrier_key:3 to store for rank: 14
2024-08-19 09:48:55,760 INFO Rank 6: Completed store-based barrier for key:store_based_barrier_key:3 with 16 nodes.
2024-08-19 09:48:55,760 INFO Rank 8: Completed store-based barrier for key:store_based_barrier_key:3 with 16 nodes.
2024-08-19 09:48:55,761 INFO Rank 0: Completed store-based barrier for key:store_based_barrier_key:3 with 16 nodes.
2024-08-19 09:48:55,760 INFO Rank 15: Completed store-based barrier for key:store_based_barrier_key:3 with 16 nodes.
2024-08-19 09:48:55,760 INFO Made group
2024-08-19 09:48:55,760 INFO Rank 10: Completed store-based barrier for key:store_based_barrier_key:3 with 16 nodes.
2024-08-19 09:48:55,760 INFO Rank 12: Completed store-based barrier for key:store_based_barrier_key:3 with 16 nodes.
2024-08-19 09:48:55,760 INFO Rank 4: Completed store-based barrier for key:store_based_barrier_key:3 with 16 nodes.
2024-08-19 09:48:55,760 INFO Rank 11: Completed store-based barrier for key:store_based_barrier_key:3 with 16 nodes.
2024-08-19 09:48:55,760 INFO Rank 13: Completed store-based barrier for key:store_based_barrier_key:3 with 16 nodes.
2024-08-19 09:48:55,760 INFO Rank 5: Completed store-based barrier for key:store_based_barrier_key:3 with 16 nodes.
2024-08-19 09:48:55,760 INFO Made group
2024-08-19 09:48:55,760 INFO Rank 9: Completed store-based barrier for key:store_based_barrier_key:3 with 16 nodes.
2024-08-19 09:48:55,760 INFO Rank 14: Completed store-based barrier for key:store_based_barrier_key:3 with 16 nodes.
2024-08-19 09:48:55,760 INFO Rank 7: Completed store-based barrier for key:store_based_barrier_key:3 with 16 nodes.
2024-08-19 09:48:55,760 INFO Made group
2024-08-19 09:48:55,760 INFO Made group
2024-08-19 09:48:55,770 INFO Rank 2: Completed store-based barrier for key:store_based_barrier_key:3 with 16 nodes.
2024-08-19 09:48:55,770 INFO Rank 1: Completed store-based barrier for key:store_based_barrier_key:3 with 16 nodes.
2024-08-19 09:48:55,995 INFO Node Reduce CHECKSUM 5: 5.598896
2024-08-19 09:48:55,995 INFO Node Reduce CHECKSUM 6: 5.598896
2024-08-19 09:48:55,991 INFO Node Reduce CHECKSUM 4: 5.598896
2024-08-19 09:48:55,994 INFO Node Reduce CHECKSUM 7: 5.598896
2024-08-19 09:48:56,015 INFO Rank 8 HIT BARRIER
2024-08-19 09:48:56,026 INFO Node Reduce rank 4 at 266342961
2024-08-19 09:48:56,026 INFO Node Reduce rank 5 at 266347049
2024-08-19 09:48:56,026 INFO Rank 9 HIT BARRIER
2024-08-19 09:48:56,026 INFO Added key: store_based_barrier_key:4 to store for rank: 1
2024-08-19 09:48:56,026 INFO Node Reduce rank 6 at 266338773
2024-08-19 09:48:56,026 INFO Rank 10 HIT BARRIER
2024-08-19 09:48:56,026 INFO Added key: store_based_barrier_key:4 to store for rank: 2
2024-08-19 09:48:56,026 INFO Node Reduce rank 7 at 266346358
2024-08-19 09:48:56,026 INFO Rank 11 HIT BARRIER
2024-08-19 09:48:56,026 INFO Added key: store_based_barrier_key:4 to store for rank: 3
2024-08-19 09:48:56,027 INFO Added key: store_based_barrier_key:4 to store for rank: 13
2024-08-19 09:48:56,026 INFO Added key: store_based_barrier_key:4 to store for rank: 6
2024-08-19 09:48:56,026 INFO Added key: store_based_barrier_key:4 to store for rank: 8
2024-08-19 09:48:56,027 INFO Rank 3: Completed store-based barrier for key:store_based_barrier_key:4 with 16 nodes.
2024-08-19 09:48:56,027 INFO Added key: store_based_barrier_key:4 to store for rank: 14
2024-08-19 09:48:56,026 INFO Added key: store_based_barrier_key:4 to store for rank: 4
2024-08-19 09:48:56,026 INFO Added key: store_based_barrier_key:4 to store for rank: 11
2024-08-19 09:48:56,027 INFO Added key: store_based_barrier_key:4 to store for rank: 0
2024-08-19 09:48:56,027 INFO Added key: store_based_barrier_key:4 to store for rank: 15
2024-08-19 09:48:56,026 INFO Added key: store_based_barrier_key:4 to store for rank: 5
2024-08-19 09:48:56,026 INFO Added key: store_based_barrier_key:4 to store for rank: 10
2024-08-19 09:48:56,027 INFO Rank 0: Completed store-based barrier for key:store_based_barrier_key:4 with 16 nodes.
2024-08-19 09:48:56,027 INFO Added key: store_based_barrier_key:4 to store for rank: 12
2024-08-19 09:48:56,026 INFO Added key: store_based_barrier_key:4 to store for rank: 7
2024-08-19 09:48:56,027 INFO Added key: store_based_barrier_key:4 to store for rank: 9
2024-08-19 09:48:56,036 INFO Rank 2: Completed store-based barrier for key:store_based_barrier_key:4 with 16 nodes.
2024-08-19 09:48:56,027 INFO Rank 13: Completed store-based barrier for key:store_based_barrier_key:4 with 16 nodes.
2024-08-19 09:48:56,027 INFO Rank 6: Completed store-based barrier for key:store_based_barrier_key:4 with 16 nodes.
2024-08-19 09:48:56,027 INFO Rank 8: Completed store-based barrier for key:store_based_barrier_key:4 with 16 nodes.
2024-08-19 09:48:56,036 INFO Rank 1: Completed store-based barrier for key:store_based_barrier_key:4 with 16 nodes.
2024-08-19 09:48:56,027 INFO Rank 15: Completed store-based barrier for key:store_based_barrier_key:4 with 16 nodes.
2024-08-19 09:48:56,027 INFO Rank 4: Completed store-based barrier for key:store_based_barrier_key:4 with 16 nodes.
2024-08-19 09:48:56,027 INFO Rank 11: Completed store-based barrier for key:store_based_barrier_key:4 with 16 nodes.
2024-08-19 09:48:56,027 INFO Rank 14: Completed store-based barrier for key:store_based_barrier_key:4 with 16 nodes.
2024-08-19 09:48:56,027 INFO Rank 5: Completed store-based barrier for key:store_based_barrier_key:4 with 16 nodes.
2024-08-19 09:48:56,027 INFO Rank 10: Completed store-based barrier for key:store_based_barrier_key:4 with 16 nodes.
2024-08-19 09:48:56,027 INFO Rank 12: Completed store-based barrier for key:store_based_barrier_key:4 with 16 nodes.
2024-08-19 09:48:56,027 INFO Rank 7: Completed store-based barrier for key:store_based_barrier_key:4 with 16 nodes.
2024-08-19 09:48:56,027 INFO Made group
2024-08-19 09:48:56,027 INFO Made group
2024-08-19 09:48:56,027 INFO Made group
2024-08-19 09:48:56,027 INFO Rank 9: Completed store-based barrier for key:store_based_barrier_key:4 with 16 nodes.
2024-08-19 09:48:56,327 INFO Added key: store_based_barrier_key:5 to store for rank: 6
2024-08-19 09:48:56,027 INFO Made group
2024-08-19 09:48:56,327 INFO Added key: store_based_barrier_key:5 to store for rank: 1
2024-08-19 09:48:56,314 INFO Rank 12 HIT BARRIER
2024-08-19 09:48:56,327 INFO Added key: store_based_barrier_key:5 to store for rank: 4
2024-08-19 09:48:56,289 INFO Node Reduce CHECKSUM 8: 6.391882
2024-08-19 09:48:56,327 INFO Added key: store_based_barrier_key:5 to store for rank: 2
2024-08-19 09:48:56,314 INFO Rank 13 HIT BARRIER
2024-08-19 09:48:56,327 INFO Added key: store_based_barrier_key:5 to store for rank: 5
2024-08-19 09:48:56,293 INFO Node Reduce CHECKSUM 9: 6.391882
2024-08-19 09:48:56,314 INFO Node Reduce rank 9 at 288033295
2024-08-19 09:48:56,327 INFO Added key: store_based_barrier_key:5 to store for rank: 3
2024-08-19 09:48:56,314 INFO Rank 14 HIT BARRIER
2024-08-19 09:48:56,327 INFO Added key: store_based_barrier_key:5 to store for rank: 7
2024-08-19 09:48:56,293 INFO Node Reduce CHECKSUM 10: 6.391882
2024-08-19 09:48:56,314 INFO Node Reduce rank 10 at 288035219
2024-08-19 09:48:56,327 INFO Added key: store_based_barrier_key:5 to store for rank: 0
2024-08-19 09:48:56,314 INFO Rank 15 HIT BARRIER
2024-08-19 09:48:56,327 INFO Rank 4: Completed store-based barrier for key:store_based_barrier_key:5 with 16 nodes.
2024-08-19 09:48:56,289 INFO Node Reduce CHECKSUM 11: 6.391882
2024-08-19 09:48:56,314 INFO Node Reduce rank 11 at 288041801
2024-08-19 09:48:56,328 INFO Rank 0: Completed store-based barrier for key:store_based_barrier_key:5 with 16 nodes.
2024-08-19 09:48:56,327 INFO Added key: store_based_barrier_key:5 to store for rank: 13
2024-08-19 09:48:56,327 INFO Rank 5: Completed store-based barrier for key:store_based_barrier_key:5 with 16 nodes.
2024-08-19 09:48:56,314 INFO Node Reduce rank 8 at 288080066
2024-08-19 09:48:56,337 INFO Rank 1: Completed store-based barrier for key:store_based_barrier_key:5 with 16 nodes.
2024-08-19 09:48:56,327 INFO Added key: store_based_barrier_key:5 to store for rank: 12
2024-08-19 09:48:56,327 INFO Rank 7: Completed store-based barrier for key:store_based_barrier_key:5 with 16 nodes.
2024-08-19 09:48:56,327 INFO Added key: store_based_barrier_key:5 to store for rank: 8
2024-08-19 09:48:56,337 INFO Rank 2: Completed store-based barrier for key:store_based_barrier_key:5 with 16 nodes.
2024-08-19 09:48:56,327 INFO Added key: store_based_barrier_key:5 to store for rank: 14
2024-08-19 09:48:56,337 INFO Rank 6: Completed store-based barrier for key:store_based_barrier_key:5 with 16 nodes.
2024-08-19 09:48:56,327 INFO Added key: store_based_barrier_key:5 to store for rank: 10
2024-08-19 09:48:56,337 INFO Rank 3: Completed store-based barrier for key:store_based_barrier_key:5 with 16 nodes.
2024-08-19 09:48:56,327 INFO Added key: store_based_barrier_key:5 to store for rank: 15
2024-08-19 09:48:56,327 INFO Added key: store_based_barrier_key:5 to store for rank: 11
2024-08-19 09:48:56,327 INFO Rank 15: Completed store-based barrier for key:store_based_barrier_key:5 with 16 nodes.
2024-08-19 09:48:56,327 INFO Added key: store_based_barrier_key:5 to store for rank: 9
2024-08-19 09:48:56,327 INFO Rank 14: Completed store-based barrier for key:store_based_barrier_key:5 with 16 nodes.
2024-08-19 09:48:56,327 INFO Rank 10: Completed store-based barrier for key:store_based_barrier_key:5 with 16 nodes.
2024-08-19 09:48:56,327 INFO Rank 12: Completed store-based barrier for key:store_based_barrier_key:5 with 16 nodes.
2024-08-19 09:48:56,327 INFO Rank 11: Completed store-based barrier for key:store_based_barrier_key:5 with 16 nodes.
2024-08-19 09:48:56,327 INFO Made group
2024-08-19 09:48:56,327 INFO Rank 9: Completed store-based barrier for key:store_based_barrier_key:5 with 16 nodes.
2024-08-19 09:48:56,327 INFO Made group
2024-08-19 09:48:56,337 INFO Rank 8: Completed store-based barrier for key:store_based_barrier_key:5 with 16 nodes.
2024-08-19 09:48:56,328 INFO Made group
2024-08-19 09:48:56,337 INFO Rank 13: Completed store-based barrier for key:store_based_barrier_key:5 with 16 nodes.
2024-08-19 09:48:56,337 INFO Made group
2024-08-19 09:48:56,566 INFO Node Reduce CHECKSUM 12: 5.916265
2024-08-19 09:48:56,623 INFO Node Reduce CHECKSUM 13: 5.916265
2024-08-19 09:48:56,570 INFO Node Reduce CHECKSUM 14: 5.916265
2024-08-19 09:48:56,566 INFO Node Reduce CHECKSUM 15: 5.916265
2024-08-19 09:48:56,650 INFO Node Reduce rank 12 at 323610196
2024-08-19 09:48:56,650 INFO Node Reduce rank 15 at 323610135
2024-08-19 09:48:56,650 INFO Node Reduce rank 13 at 323626327
2024-08-19 09:48:56,650 INFO Node Reduce rank 14 at 323620365
2024-08-19 09:48:56,665 INFO All Reduce CHECKSUM 0: 24.267429
2024-08-19 09:48:56,665 INFO All Reduce CHECKSUM 4: 24.267429
2024-08-19 09:48:56,669 INFO All Reduce CHECKSUM 8: 24.267429
2024-08-19 09:48:56,664 INFO All Reduce CHECKSUM 12: 24.267429
2024-08-19 09:48:56,665 INFO All Reduce CHECKSUM 2: 24.267429
2024-08-19 09:48:56,665 INFO All Reduce CHECKSUM 5: 24.267429
2024-08-19 09:48:56,669 INFO All Reduce CHECKSUM 6: 24.267429
2024-08-19 09:48:56,664 INFO All Reduce CHECKSUM 7: 24.267429
2024-08-19 09:48:56,666 INFO All Reduce CHECKSUM 1: 24.267429
2024-08-19 09:48:56,664 INFO All Reduce CHECKSUM 3: 24.267429
2024-08-19 09:48:56,677 INFO All Reduce CHECKSUM 9: 24.267429
2024-08-19 09:48:56,669 INFO All Reduce CHECKSUM 14: 24.267429
2024-08-19 09:48:56,669 INFO All Reduce CHECKSUM 10: 24.267429
2024-08-19 09:48:56,673 INFO All Reduce CHECKSUM 13: 24.267429
2024-08-19 09:48:56,678 INFO All Reduce CHECKSUM 11: 24.267429
2024-08-19 09:48:56,673 INFO All Reduce CHECKSUM 15: 24.267429
2024-08-19 09:48:56,726 INFO All Reduce rank 0 at 61920861
2024-08-19 09:48:56,726 INFO Rank 0 done
2024-08-19 09:48:56,726 INFO All Reduce rank 4 at 62187643
2024-08-19 09:48:56,726 INFO All Reduce rank 8 at 62186526
2024-08-19 09:48:56,726 INFO All Reduce rank 2 at 62180003
2024-08-19 09:48:56,726 INFO All Reduce rank 12 at 62187324
2024-08-19 09:48:56,726 INFO All Reduce rank 6 at 62179979
2024-08-19 09:48:56,726 INFO Rank 8 done
2024-08-19 09:48:56,726 INFO Rank 2 done
2024-08-19 09:48:56,726 INFO Rank 12 done
2024-08-19 09:48:56,726 INFO Rank 4 done
2024-08-19 09:48:56,727 INFO All Reduce rank 10 at 58037877
2024-08-19 09:48:56,727 INFO All Reduce rank 1 at 62465735
2024-08-19 09:48:56,727 INFO All Reduce rank 13 at 54214819
2024-08-19 09:48:56,727 INFO Rank 13 done
2024-08-19 09:48:56,726 INFO Rank 6 done
2024-08-19 09:48:56,727 INFO Rank 10 done
2024-08-19 09:48:56,727 INFO All Reduce rank 3 at 62460044
2024-08-19 09:48:56,727 INFO All Reduce rank 14 at 58046277
2024-08-19 09:48:56,727 INFO Rank 14 done
2024-08-19 09:48:56,727 INFO All Reduce rank 5 at 62471199
2024-08-19 09:48:56,727 INFO All Reduce rank 9 at 52850303
2024-08-19 09:48:56,727 INFO Rank 1 done
2024-08-19 09:48:56,727 INFO All Reduce rank 15 at 54212534
2024-08-19 09:48:56,727 INFO Rank 15 done
2024-08-19 09:48:56,727 INFO All Reduce rank 7 at 62476440
2024-08-19 09:48:56,727 INFO All Reduce rank 11 at 52851315
2024-08-19 09:48:56,727 INFO Rank 3 done
2024-08-19 09:48:56,727 INFO Rank 5 done
2024-08-19 09:48:56,727 INFO Rank 9 done
2024-08-19 09:48:56,727 INFO Rank 7 done
2024-08-19 09:48:56,727 INFO Rank 11 done
BREAK
