
Lmod is automatically replacing "gcc-native/12.3" with "gcc/11.2.0".


Inactive Modules:
  1) cray-libsci/23.12.5

The following have been reloaded with a version change:
  1) cray-mpich/8.1.28 => cray-mpich/8.1.25
  2) cudatoolkit/12.2 => cudatoolkit/11.7

2024-08-21 16:11:02,502 INFO Initialized rank 9 out of 16
2024-08-21 16:11:02,503 INFO Initialized rank 4 out of 16
2024-08-21 16:11:02,502 INFO Initialized rank 10 out of 16
2024-08-21 16:11:02,503 INFO Initialized rank 1 out of 16
2024-08-21 16:11:02,503 INFO Initialized rank 6 out of 16
2024-08-21 16:11:02,503 INFO Initialized rank 14 out of 16
2024-08-21 16:11:02,502 INFO Initialized rank 8 out of 16
2024-08-21 16:11:02,503 INFO Initialized rank 3 out of 16
2024-08-21 16:11:02,503 INFO Initialized rank 7 out of 16
2024-08-21 16:11:02,503 INFO Initialized rank 15 out of 16
2024-08-21 16:11:02,503 INFO Initialized rank 11 out of 16
2024-08-21 16:11:02,503 INFO Initialized rank 0 out of 16
2024-08-21 16:11:02,504 INFO Initialized rank 5 out of 16
2024-08-21 16:11:02,503 INFO Initialized rank 12 out of 16
2024-08-21 16:11:02,504 INFO Initialized rank 2 out of 16
2024-08-21 16:11:02,504 INFO Initialized rank 13 out of 16
2024-08-21 16:11:06,225 INFO Sync time
2024-08-21 16:11:06,225 INFO Sync time
2024-08-21 16:11:06,226 INFO Sync time
2024-08-21 16:11:06,225 INFO Sync time
2024-08-21 16:11:06,225 INFO Sync time
2024-08-21 16:11:06,225 INFO Sync time
2024-08-21 16:11:06,226 INFO Sync time
2024-08-21 16:11:06,226 INFO Sync time
2024-08-21 16:11:06,225 INFO Sync time
2024-08-21 16:11:06,226 INFO Sync time
2024-08-21 16:11:06,226 INFO Sync time
2024-08-21 16:11:06,226 INFO Sync time
2024-08-21 16:11:06,225 INFO Sync time
2024-08-21 16:11:06,226 INFO Sync time
2024-08-21 16:11:06,226 INFO Sync time
2024-08-21 16:11:06,226 INFO Sync time
2024-08-21 16:11:06,228 INFO Accepting from rank 0
2024-08-21 16:11:06,227 INFO Sending from rank 0
2024-08-21 16:11:06,230 INFO Accepting from rank 0
2024-08-21 16:11:06,230 INFO Accepting from rank 0
2024-08-21 16:11:06,228 INFO Accepting from rank 0
2024-08-21 16:11:06,227 INFO Accepting from rank 0
2024-08-21 16:11:06,230 INFO Accepting from rank 0
2024-08-21 16:11:06,230 INFO Accepting from rank 0
2024-08-21 16:11:06,228 INFO Accepting from rank 0
2024-08-21 16:11:06,227 INFO Accepting from rank 0
2024-08-21 16:11:06,230 INFO Accepting from rank 0
2024-08-21 16:11:06,230 INFO Accepting from rank 0
2024-08-21 16:11:06,228 INFO Accepting from rank 0
2024-08-21 16:11:06,227 INFO Accepting from rank 0
2024-08-21 16:11:06,230 INFO Accepting from rank 0
2024-08-21 16:11:06,230 INFO Accepting from rank 0
2024-08-21 16:11:15,132 INFO CHECKSUM 0 1 0: 1.849142
2024-08-21 16:11:15,132 INFO CHECKSUM 0 1 0: 1.849142
2024-08-21 16:11:16,027 INFO sent 0 -> 1 # 0 at 172341411, 0.435520 0.345755
2024-08-21 16:11:16,027 INFO recv 0 -> 1 # 0 at 1058329816, 0.435520 0.345755
2024-08-21 16:11:24,982 INFO CHECKSUM 0 2 0: 0.657014
2024-08-21 16:11:24,997 INFO CHECKSUM 0 2 0: 0.657014
2024-08-21 16:11:26,059 INFO sent 0 -> 2 # 0 at 240277843, 0.996228 0.073324
2024-08-21 16:11:26,059 INFO recv 0 -> 2 # 0 at 1312401055, 0.996228 0.073324
2024-08-21 16:11:35,013 INFO CHECKSUM 0 3 0: 1.456037
2024-08-21 16:11:35,015 INFO CHECKSUM 0 3 0: 1.456037
2024-08-21 16:11:36,292 INFO sent 0 -> 3 # 0 at 246084523, 0.280961 0.652433
2024-08-21 16:11:36,301 INFO recv 0 -> 3 # 0 at 1529225605, 0.280961 0.652433
2024-08-21 16:11:45,183 INFO CHECKSUM 0 4 0: 1.027224
2024-08-21 16:11:46,430 INFO sent 0 -> 4 # 0 at 184225047, 0.769749 0.102647
2024-08-21 16:11:45,184 INFO CHECKSUM 0 4 0: 1.027224
2024-08-21 16:11:46,430 INFO recv 0 -> 4 # 0 at 1430149099, 0.769749 0.102647
2024-08-21 16:11:55,330 INFO CHECKSUM 0 5 0: 1.489962
2024-08-21 16:11:55,335 INFO CHECKSUM 0 5 0: 1.489962
2024-08-21 16:11:56,320 INFO sent 0 -> 5 # 0 at 179635154, 0.298580 0.573671
2024-08-21 16:11:56,328 INFO recv 0 -> 5 # 0 at 1177371697, 0.298580 0.573671
2024-08-21 16:12:05,290 INFO CHECKSUM 0 6 0: 1.361909
2024-08-21 16:12:05,291 INFO CHECKSUM 0 6 0: 1.361909
2024-08-21 16:12:06,481 INFO sent 0 -> 6 # 0 at 259345917, 0.725704 0.245820
2024-08-21 16:12:06,481 INFO recv 0 -> 6 # 0 at 1444851589, 0.725704 0.245820
2024-08-21 16:12:15,398 INFO CHECKSUM 0 7 0: 1.071593
2024-08-21 16:12:16,591 INFO sent 0 -> 7 # 0 at 221360223, 0.336360 0.247534
2024-08-21 16:12:15,408 INFO CHECKSUM 0 7 0: 1.071593
2024-08-21 16:12:16,591 INFO recv 0 -> 7 # 0 at 1407835618, 0.336360 0.247534
2024-08-21 16:12:25,486 INFO CHECKSUM 0 8 0: 0.983970
2024-08-21 16:12:25,487 INFO CHECKSUM 0 8 0: 0.983970
2024-08-21 16:12:26,829 INFO sent 0 -> 8 # 0 at 198771097, 0.945633 0.085166
2024-08-21 16:12:26,829 INFO recv 0 -> 8 # 0 at 1542041449, 0.945633 0.085166
2024-08-21 16:12:35,721 INFO CHECKSUM 0 9 0: 2.074600
2024-08-21 16:12:35,722 INFO CHECKSUM 0 9 0: 2.074600
2024-08-21 16:12:36,820 INFO sent 0 -> 9 # 0 at 205048129, 0.413071 0.784387
2024-08-21 16:12:36,820 INFO recv 0 -> 9 # 0 at 1301905697, 0.413071 0.784387
2024-08-21 16:12:45,715 INFO CHECKSUM 0 10 0: 1.292945
2024-08-21 16:12:45,716 INFO CHECKSUM 0 10 0: 1.292945
2024-08-21 16:12:47,034 INFO sent 0 -> 10 # 0 at 203561158, 0.201996 0.275229
2024-08-21 16:12:47,034 INFO recv 0 -> 10 # 0 at 1522398434, 0.201996 0.275229
2024-08-21 16:12:55,910 INFO CHECKSUM 0 11 0: 1.304463
2024-08-21 16:12:55,911 INFO CHECKSUM 0 11 0: 1.304463
2024-08-21 16:12:57,032 INFO sent 0 -> 11 # 0 at 187079283, 0.788732 0.355227
2024-08-21 16:12:57,032 INFO recv 0 -> 11 # 0 at 1306198277, 0.788732 0.355227
2024-08-21 16:13:05,937 INFO CHECKSUM 0 12 0: 1.277046
2024-08-21 16:13:07,028 INFO sent 0 -> 12 # 0 at 205515885, 0.434841 0.140778
2024-08-21 16:13:05,939 INFO CHECKSUM 0 12 0: 1.277046
2024-08-21 16:13:07,028 INFO recv 0 -> 12 # 0 at 1296652585, 0.434841 0.140778
2024-08-21 16:13:15,911 INFO CHECKSUM 0 13 0: 1.632773
2024-08-21 16:13:16,909 INFO sent 0 -> 13 # 0 at 183314620, 0.294766 0.324325
2024-08-21 16:13:15,912 INFO CHECKSUM 0 13 0: 1.632773
2024-08-21 16:13:16,909 INFO recv 0 -> 13 # 0 at 1175215448, 0.294766 0.324325
2024-08-21 16:13:25,846 INFO CHECKSUM 0 14 0: 1.494432
2024-08-21 16:13:27,035 INFO sent 0 -> 14 # 0 at 228012311, 0.830078 0.073633
2024-08-21 16:13:25,857 INFO CHECKSUM 0 14 0: 1.494432
2024-08-21 16:13:27,035 INFO recv 0 -> 14 # 0 at 1410811530, 0.830078 0.073633
2024-08-21 16:13:35,927 INFO CHECKSUM 0 15 0: 0.550812
2024-08-21 16:13:35,927 INFO CHECKSUM 0 15 0: 0.550812
2024-08-21 16:13:36,999 INFO Accepting from rank 1
2024-08-21 16:13:36,999 INFO sent 0 -> 15 # 0 at 175720186, 0.354667 0.398848
2024-08-21 16:13:36,999 INFO Accepting from rank 1
2024-08-21 16:13:36,999 INFO Accepting from rank 1
2024-08-21 16:13:36,999 INFO Accepting from rank 1
2024-08-21 16:13:36,999 INFO Accepting from rank 1
2024-08-21 16:13:36,999 INFO Accepting from rank 1
2024-08-21 16:13:37,000 INFO Accepting from rank 1
2024-08-21 16:13:36,999 INFO Accepting from rank 1
2024-08-21 16:13:37,000 INFO Accepting from rank 1
2024-08-21 16:13:36,999 INFO recv 0 -> 15 # 0 at 1229461307, 0.354667 0.398848
2024-08-21 16:13:36,999 INFO Accepting from rank 1
2024-08-21 16:13:37,007 INFO Sending from rank 1
2024-08-21 16:13:37,007 INFO Accepting from rank 1
2024-08-21 16:13:37,007 INFO Accepting from rank 1
2024-08-21 16:13:37,007 INFO Accepting from rank 1
2024-08-21 16:13:37,007 INFO Accepting from rank 1
2024-08-21 16:13:37,007 INFO Accepting from rank 1
2024-08-21 16:13:45,725 INFO CHECKSUM 1 0 0: 1.588937
2024-08-21 16:13:45,726 INFO CHECKSUM 1 0 0: 1.588937
2024-08-21 16:13:46,929 INFO recv 1 -> 0 # 0 at 1218120913, 0.167046 0.385894
2024-08-21 16:13:46,929 INFO sent 1 -> 0 # 0 at 14161778, 0.167046 0.385894
2024-08-21 16:13:55,847 INFO CHECKSUM 1 2 0: 1.591790
2024-08-21 16:13:55,848 INFO CHECKSUM 1 2 0: 1.591790
2024-08-21 16:13:56,751 INFO sent 1 -> 2 # 0 at 181766510, 0.034920 0.930957
2024-08-21 16:13:56,751 INFO recv 1 -> 2 # 0 at 1085219599, 0.034920 0.930957
2024-08-21 16:14:05,662 INFO CHECKSUM 1 3 0: 2.121232
2024-08-21 16:14:05,662 INFO CHECKSUM 1 3 0: 2.121232
2024-08-21 16:14:06,665 INFO sent 1 -> 3 # 0 at 201412003, 0.872707 0.359265
2024-08-21 16:14:06,665 INFO recv 1 -> 3 # 0 at 1203961249, 0.872707 0.359265
2024-08-21 16:14:15,577 INFO CHECKSUM 1 4 0: 2.027856
2024-08-21 16:14:16,636 INFO sent 1 -> 4 # 0 at 155901918, 0.676995 0.045840
2024-08-21 16:14:15,577 INFO CHECKSUM 1 4 0: 2.027856
2024-08-21 16:14:16,636 INFO recv 1 -> 4 # 0 at 1215357912, 0.676995 0.045840
2024-08-21 16:14:25,541 INFO CHECKSUM 1 5 0: 1.023796
2024-08-21 16:14:25,542 INFO CHECKSUM 1 5 0: 1.023796
2024-08-21 16:14:26,528 INFO sent 1 -> 5 # 0 at 175184399, 0.136222 0.779151
2024-08-21 16:14:26,528 INFO recv 1 -> 5 # 0 at 1161731177, 0.136222 0.779151
2024-08-21 16:14:35,454 INFO CHECKSUM 1 6 0: 0.483973
2024-08-21 16:14:35,454 INFO CHECKSUM 1 6 0: 0.483973
2024-08-21 16:14:36,495 INFO sent 1 -> 6 # 0 at 161167261, 0.107906 0.338693
2024-08-21 16:14:36,495 INFO recv 1 -> 6 # 0 at 1206875928, 0.107906 0.338693
2024-08-21 16:14:45,460 INFO CHECKSUM 1 7 0: 1.474962
2024-08-21 16:14:45,473 INFO CHECKSUM 1 7 0: 1.474962
2024-08-21 16:14:46,443 INFO sent 1 -> 7 # 0 at 162605778, 0.731952 0.553031
2024-08-21 16:14:46,443 INFO recv 1 -> 7 # 0 at 1145514030, 0.731952 0.553031
2024-08-21 16:14:55,446 INFO CHECKSUM 1 8 0: 1.969624
2024-08-21 16:14:55,447 INFO CHECKSUM 1 8 0: 1.969624
2024-08-21 16:14:56,501 INFO recv 1 -> 8 # 0 at 1255522198, 0.632240 0.272728
2024-08-21 16:14:56,506 INFO sent 1 -> 8 # 0 at 200886354, 0.632240 0.272728
2024-08-21 16:15:05,433 INFO CHECKSUM 1 9 0: 2.219635
2024-08-21 16:15:05,434 INFO CHECKSUM 1 9 0: 2.219635
2024-08-21 16:15:06,571 INFO sent 1 -> 9 # 0 at 159238605, 0.878888 0.439761
2024-08-21 16:15:06,580 INFO recv 1 -> 9 # 0 at 1305889618, 0.878888 0.439761
2024-08-21 16:15:15,484 INFO CHECKSUM 1 10 0: 0.311757
2024-08-21 16:15:15,484 INFO CHECKSUM 1 10 0: 0.311757
2024-08-21 16:15:16,499 INFO sent 1 -> 10 # 0 at 187147627, 0.315941 0.045503
2024-08-21 16:15:16,499 INFO recv 1 -> 10 # 0 at 1204663457, 0.315941 0.045503
2024-08-21 16:15:25,421 INFO CHECKSUM 1 11 0: 1.428056
2024-08-21 16:15:25,422 INFO CHECKSUM 1 11 0: 1.428056
2024-08-21 16:15:26,589 INFO sent 1 -> 11 # 0 at 173114277, 0.151418 0.549520
2024-08-21 16:15:26,592 INFO recv 1 -> 11 # 0 at 1343918691, 0.151418 0.549520
2024-08-21 16:15:35,526 INFO CHECKSUM 1 12 0: 1.313065
2024-08-21 16:15:36,638 INFO sent 1 -> 12 # 0 at 192537073, 0.267211 0.577935
2024-08-21 16:15:35,526 INFO CHECKSUM 1 12 0: 1.313065
2024-08-21 16:15:36,638 INFO recv 1 -> 12 # 0 at 1312911604, 0.267211 0.577935
2024-08-21 16:15:45,601 INFO CHECKSUM 1 13 0: 1.727129
2024-08-21 16:15:45,601 INFO CHECKSUM 1 13 0: 1.727129
2024-08-21 16:15:46,800 INFO recv 1 -> 13 # 0 at 1402423215, 0.966961 0.859238
2024-08-21 16:15:46,805 INFO sent 1 -> 13 # 0 at 200762684, 0.966961 0.859238
2024-08-21 16:15:55,747 INFO CHECKSUM 1 14 0: 0.897722
2024-08-21 16:15:56,925 INFO sent 1 -> 14 # 0 at 181791792, 0.622876 0.918915
2024-08-21 16:15:55,747 INFO CHECKSUM 1 14 0: 0.897722
2024-08-21 16:15:56,925 INFO recv 1 -> 14 # 0 at 1372963611, 0.622876 0.918915
2024-08-21 16:16:05,855 INFO CHECKSUM 1 15 0: 1.524757
2024-08-21 16:16:07,070 INFO Accepting from rank 2
2024-08-21 16:16:07,070 INFO Accepting from rank 2
2024-08-21 16:16:07,070 INFO Accepting from rank 2
2024-08-21 16:16:05,856 INFO CHECKSUM 1 15 0: 1.524757
2024-08-21 16:16:07,070 INFO Accepting from rank 2
2024-08-21 16:16:07,070 INFO sent 1 -> 15 # 0 at 180373425, 0.195701 0.185796
2024-08-21 16:16:07,070 INFO Accepting from rank 2
2024-08-21 16:16:07,070 INFO Accepting from rank 2
2024-08-21 16:16:07,070 INFO Accepting from rank 2
2024-08-21 16:16:07,070 INFO Sending from rank 2
2024-08-21 16:16:07,070 INFO Accepting from rank 2
2024-08-21 16:16:07,070 INFO Accepting from rank 2
2024-08-21 16:16:07,070 INFO Accepting from rank 2
2024-08-21 16:16:07,070 INFO Accepting from rank 2
2024-08-21 16:16:07,070 INFO Accepting from rank 2
2024-08-21 16:16:07,070 INFO recv 1 -> 15 # 0 at 1395244194, 0.195701 0.185796
2024-08-21 16:16:07,070 INFO Accepting from rank 2
2024-08-21 16:16:07,076 INFO Accepting from rank 2
2024-08-21 16:16:07,076 INFO Accepting from rank 2
2024-08-21 16:16:15,836 INFO CHECKSUM 2 0 0: 1.703355
2024-08-21 16:16:15,836 INFO CHECKSUM 2 0 0: 1.703355
2024-08-21 16:16:16,747 INFO recv 2 -> 0 # 0 at 928061126, 0.099752 0.828538
2024-08-21 16:16:16,747 INFO sent 2 -> 0 # 0 at 16630342, 0.099752 0.828538
2024-08-21 16:16:25,503 INFO CHECKSUM 2 1 0: 1.118289
2024-08-21 16:16:25,503 INFO CHECKSUM 2 1 0: 1.118289
2024-08-21 16:16:26,489 INFO sent 2 -> 1 # 0 at 14577674, 0.246254 0.937383
2024-08-21 16:16:26,490 INFO recv 2 -> 1 # 0 at 1001856622, 0.246254 0.937383
2024-08-21 16:16:35,455 INFO CHECKSUM 2 3 0: 2.009103
2024-08-21 16:16:35,455 INFO CHECKSUM 2 3 0: 2.009103
2024-08-21 16:16:36,410 INFO sent 2 -> 3 # 0 at 213258907, 0.550006 0.927341
2024-08-21 16:16:36,410 INFO recv 2 -> 3 # 0 at 1168069199, 0.550006 0.927341
2024-08-21 16:16:45,291 INFO CHECKSUM 2 4 0: 1.365305
2024-08-21 16:16:45,291 INFO CHECKSUM 2 4 0: 1.365305
2024-08-21 16:16:46,441 INFO recv 2 -> 4 # 0 at 1310027996, 0.027838 0.218444
2024-08-21 16:16:46,445 INFO sent 2 -> 4 # 0 at 159666099, 0.027838 0.218444
2024-08-21 16:16:55,342 INFO CHECKSUM 2 5 0: 1.593035
2024-08-21 16:16:55,343 INFO CHECKSUM 2 5 0: 1.593035
2024-08-21 16:16:56,465 INFO sent 2 -> 5 # 0 at 180130687, 0.501618 0.151335
2024-08-21 16:16:56,473 INFO recv 2 -> 5 # 0 at 1311337861, 0.501618 0.151335
2024-08-21 16:17:05,359 INFO CHECKSUM 2 6 0: 1.930641
2024-08-21 16:17:06,414 INFO sent 2 -> 6 # 0 at 180172127, 0.818401 0.513636
2024-08-21 16:17:05,359 INFO CHECKSUM 2 6 0: 1.930641
2024-08-21 16:17:06,414 INFO recv 2 -> 6 # 0 at 1234829977, 0.818401 0.513636
2024-08-21 16:17:15,316 INFO CHECKSUM 2 7 0: 1.088119
2024-08-21 16:17:16,399 INFO sent 2 -> 7 # 0 at 182041609, 0.568167 0.400793
2024-08-21 16:17:15,316 INFO CHECKSUM 2 7 0: 1.088119
2024-08-21 16:17:16,399 INFO recv 2 -> 7 # 0 at 1265371670, 0.568167 0.400793
2024-08-21 16:17:25,334 INFO CHECKSUM 2 8 0: 1.883198
2024-08-21 16:17:25,335 INFO CHECKSUM 2 8 0: 1.883198
2024-08-21 16:17:26,411 INFO sent 2 -> 8 # 0 at 204816642, 0.433750 0.608804
2024-08-21 16:17:26,411 INFO recv 2 -> 8 # 0 at 1281930255, 0.433750 0.608804
2024-08-21 16:17:35,297 INFO CHECKSUM 2 9 0: 1.725633
2024-08-21 16:17:35,298 INFO CHECKSUM 2 9 0: 1.725633
2024-08-21 16:17:36,510 INFO sent 2 -> 9 # 0 at 177045509, 0.709645 0.385855
2024-08-21 16:17:36,510 INFO recv 2 -> 9 # 0 at 1389635872, 0.709645 0.385855
2024-08-21 16:17:45,378 INFO CHECKSUM 2 10 0: 1.616080
2024-08-21 16:17:45,379 INFO CHECKSUM 2 10 0: 1.616080
2024-08-21 16:17:46,509 INFO sent 2 -> 10 # 0 at 110995588, 0.818469 0.374357
2024-08-21 16:17:46,510 INFO recv 2 -> 10 # 0 at 1242785445, 0.818469 0.374357
2024-08-21 16:17:55,378 INFO CHECKSUM 2 11 0: 1.859500
2024-08-21 16:17:55,379 INFO CHECKSUM 2 11 0: 1.859500
2024-08-21 16:17:56,508 INFO sent 2 -> 11 # 0 at 113093071, 0.045446 0.359968
2024-08-21 16:17:56,508 INFO recv 2 -> 11 # 0 at 1240442051, 0.045446 0.359968
2024-08-21 16:18:05,457 INFO CHECKSUM 2 12 0: 2.479330
2024-08-21 16:18:05,457 INFO CHECKSUM 2 12 0: 2.479330
2024-08-21 16:18:06,539 INFO sent 2 -> 12 # 0 at 198470367, 0.364299 0.536097
2024-08-21 16:18:06,539 INFO recv 2 -> 12 # 0 at 1279938415, 0.364299 0.536097
2024-08-21 16:18:15,474 INFO CHECKSUM 2 13 0: 1.416095
2024-08-21 16:18:16,573 INFO sent 2 -> 13 # 0 at 181171532, 0.296189 0.641710
2024-08-21 16:18:15,474 INFO CHECKSUM 2 13 0: 1.416095
2024-08-21 16:18:16,573 INFO recv 2 -> 13 # 0 at 1280285617, 0.296189 0.641710
2024-08-21 16:18:25,778 INFO CHECKSUM 2 14 0: 1.648616
2024-08-21 16:18:25,788 INFO CHECKSUM 2 14 0: 1.648616
2024-08-21 16:18:26,983 INFO sent 2 -> 14 # 0 at 203392011, 0.816596 0.087583
2024-08-21 16:18:26,983 INFO recv 2 -> 14 # 0 at 1408645091, 0.816596 0.087583
2024-08-21 16:18:35,904 INFO CHECKSUM 2 15 0: 2.074914
2024-08-21 16:18:35,905 INFO CHECKSUM 2 15 0: 2.074914
2024-08-21 16:18:37,070 INFO Accepting from rank 3
2024-08-21 16:18:37,070 INFO Accepting from rank 3
2024-08-21 16:18:37,070 INFO Accepting from rank 3
2024-08-21 16:18:37,070 INFO Accepting from rank 3
2024-08-21 16:18:37,070 INFO Accepting from rank 3
2024-08-21 16:18:37,070 INFO sent 2 -> 15 # 0 at 177334899, 0.943740 0.144978
2024-08-21 16:18:37,070 INFO Accepting from rank 3
2024-08-21 16:18:37,070 INFO Accepting from rank 3
2024-08-21 16:18:37,070 INFO Sending from rank 3
2024-08-21 16:18:37,070 INFO Accepting from rank 3
2024-08-21 16:18:37,070 INFO Accepting from rank 3
2024-08-21 16:18:37,078 INFO Accepting from rank 3
2024-08-21 16:18:37,078 INFO Accepting from rank 3
2024-08-21 16:18:37,078 INFO Accepting from rank 3
2024-08-21 16:18:37,078 INFO Accepting from rank 3
2024-08-21 16:18:37,086 INFO Accepting from rank 3
2024-08-21 16:18:37,086 INFO recv 2 -> 15 # 0 at 1359109682, 0.943740 0.144978
2024-08-21 16:18:37,086 INFO Accepting from rank 3
2024-08-21 16:18:45,792 INFO CHECKSUM 3 0 0: 1.411124
2024-08-21 16:18:45,792 INFO CHECKSUM 3 0 0: 1.411124
2024-08-21 16:18:46,901 INFO recv 3 -> 0 # 0 at 1123270457, 0.473985 0.364941
2024-08-21 16:18:46,905 INFO sent 3 -> 0 # 0 at 14193869, 0.473985 0.364941
2024-08-21 16:18:55,632 INFO CHECKSUM 3 1 0: 2.400972
2024-08-21 16:18:55,631 INFO CHECKSUM 3 1 0: 2.400972
2024-08-21 16:18:56,717 INFO recv 3 -> 1 # 0 at 1100317008, 0.921958 0.923425
2024-08-21 16:18:56,717 INFO sent 3 -> 1 # 0 at 14443222, 0.921958 0.923425
2024-08-21 16:19:05,448 INFO CHECKSUM 3 2 0: 1.499252
2024-08-21 16:19:05,448 INFO CHECKSUM 3 2 0: 1.499252
2024-08-21 16:19:06,586 INFO recv 3 -> 2 # 0 at 1152913086, 0.922129 0.352611
2024-08-21 16:19:06,586 INFO sent 3 -> 2 # 0 at 13922864, 0.922129 0.352611
2024-08-21 16:19:15,462 INFO CHECKSUM 3 4 0: 1.761018
2024-08-21 16:19:15,462 INFO CHECKSUM 3 4 0: 1.761018
2024-08-21 16:19:16,607 INFO sent 3 -> 4 # 0 at 172166580, 0.179975 0.738727
2024-08-21 16:19:16,607 INFO recv 3 -> 4 # 0 at 1316882716, 0.179975 0.738727
2024-08-21 16:19:25,481 INFO CHECKSUM 3 5 0: 2.129416
2024-08-21 16:19:25,482 INFO CHECKSUM 3 5 0: 2.129416
2024-08-21 16:19:26,524 INFO sent 3 -> 5 # 0 at 160091155, 0.466098 0.199032
2024-08-21 16:19:26,524 INFO recv 3 -> 5 # 0 at 1202416311, 0.466098 0.199032
2024-08-21 16:19:35,438 INFO CHECKSUM 3 6 0: 1.863536
2024-08-21 16:19:36,524 INFO sent 3 -> 6 # 0 at 179839294, 0.971967 0.065320
2024-08-21 16:19:35,438 INFO CHECKSUM 3 6 0: 1.863536
2024-08-21 16:19:36,524 INFO recv 3 -> 6 # 0 at 1266706079, 0.971967 0.065320
2024-08-21 16:19:45,430 INFO CHECKSUM 3 7 0: 1.687983
2024-08-21 16:19:45,430 INFO CHECKSUM 3 7 0: 1.687983
2024-08-21 16:19:46,362 INFO sent 3 -> 7 # 0 at 168689054, 0.308977 0.387738
2024-08-21 16:19:46,362 INFO recv 3 -> 7 # 0 at 1099057453, 0.308977 0.387738
2024-08-21 16:19:55,256 INFO CHECKSUM 3 8 0: 0.858046
2024-08-21 16:19:55,256 INFO CHECKSUM 3 8 0: 0.858046
2024-08-21 16:19:56,236 INFO sent 3 -> 8 # 0 at 172750202, 0.707816 0.888542
2024-08-21 16:19:56,236 INFO recv 3 -> 8 # 0 at 1153004214, 0.707816 0.888542
2024-08-21 16:20:05,147 INFO CHECKSUM 3 9 0: 1.839018
2024-08-21 16:20:05,147 INFO CHECKSUM 3 9 0: 1.839018
2024-08-21 16:20:06,297 INFO recv 3 -> 9 # 0 at 1326069141, 0.599844 0.383932
2024-08-21 16:20:06,298 INFO sent 3 -> 9 # 0 at 175961294, 0.599844 0.383932
2024-08-21 16:20:15,230 INFO CHECKSUM 3 10 0: 1.392365
2024-08-21 16:20:15,230 INFO CHECKSUM 3 10 0: 1.392365
2024-08-21 16:20:16,414 INFO sent 3 -> 10 # 0 at 185896020, 0.492130 0.221515
2024-08-21 16:20:16,414 INFO recv 3 -> 10 # 0 at 1370246500, 0.492130 0.221515
2024-08-21 16:20:25,350 INFO CHECKSUM 3 11 0: 1.557355
2024-08-21 16:20:25,350 INFO CHECKSUM 3 11 0: 1.557355
2024-08-21 16:20:26,488 INFO sent 3 -> 11 # 0 at 186881970, 0.972169 0.751883
2024-08-21 16:20:26,488 INFO recv 3 -> 11 # 0 at 1324816453, 0.972169 0.751883
2024-08-21 16:20:35,426 INFO CHECKSUM 3 12 0: 2.216086
2024-08-21 16:20:35,426 INFO CHECKSUM 3 12 0: 2.216086
2024-08-21 16:20:36,517 INFO sent 3 -> 12 # 0 at 197075819, 0.450586 0.799330
2024-08-21 16:20:36,517 INFO recv 3 -> 12 # 0 at 1287964330, 0.450586 0.799330
2024-08-21 16:20:45,410 INFO CHECKSUM 3 13 0: 1.227722
2024-08-21 16:20:45,410 INFO CHECKSUM 3 13 0: 1.227722
2024-08-21 16:20:46,406 INFO sent 3 -> 13 # 0 at 166886131, 0.223772 0.875513
2024-08-21 16:20:46,406 INFO recv 3 -> 13 # 0 at 1163267874, 0.223772 0.875513
2024-08-21 16:20:55,346 INFO CHECKSUM 3 14 0: 2.004614
2024-08-21 16:20:55,346 INFO CHECKSUM 3 14 0: 2.004614
2024-08-21 16:20:56,393 INFO sent 3 -> 14 # 0 at 183757466, 0.408805 0.968756
2024-08-21 16:20:56,394 INFO recv 3 -> 14 # 0 at 1231984932, 0.408805 0.968756
2024-08-21 16:21:05,345 INFO CHECKSUM 3 15 0: 1.507274
2024-08-21 16:21:05,345 INFO CHECKSUM 3 15 0: 1.507274
2024-08-21 16:21:06,296 INFO Accepting from rank 4
2024-08-21 16:21:06,296 INFO Accepting from rank 4
2024-08-21 16:21:06,296 INFO sent 3 -> 15 # 0 at 206737837, 0.936065 0.177417
2024-08-21 16:21:06,296 INFO Sending from rank 4
2024-08-21 16:21:06,296 INFO Accepting from rank 4
2024-08-21 16:21:06,297 INFO Accepting from rank 4
2024-08-21 16:21:06,296 INFO Accepting from rank 4
2024-08-21 16:21:06,296 INFO Accepting from rank 4
2024-08-21 16:21:06,297 INFO Accepting from rank 4
2024-08-21 16:21:06,297 INFO Accepting from rank 4
2024-08-21 16:21:06,296 INFO Accepting from rank 4
2024-08-21 16:21:06,297 INFO Accepting from rank 4
2024-08-21 16:21:06,297 INFO Accepting from rank 4
2024-08-21 16:21:06,297 INFO Accepting from rank 4
2024-08-21 16:21:06,296 INFO Accepting from rank 4
2024-08-21 16:21:06,297 INFO Accepting from rank 4
2024-08-21 16:21:06,297 INFO recv 3 -> 15 # 0 at 1158209977, 0.936065 0.177417
2024-08-21 16:21:06,297 INFO Accepting from rank 4
2024-08-21 16:21:15,078 INFO CHECKSUM 4 0 0: 2.078405
2024-08-21 16:21:15,078 INFO CHECKSUM 4 0 0: 2.078405
2024-08-21 16:21:16,179 INFO recv 4 -> 0 # 0 at 1202241392, 0.809356 0.880229
2024-08-21 16:21:16,179 INFO sent 4 -> 0 # 0 at 101289420, 0.809356 0.880229
2024-08-21 16:21:24,906 INFO CHECKSUM 4 1 0: 0.880912
2024-08-21 16:21:24,896 INFO CHECKSUM 4 1 0: 0.880912
2024-08-21 16:21:25,946 INFO recv 4 -> 1 # 0 at 1064988272, 0.883347 0.775558
2024-08-21 16:21:25,946 INFO sent 4 -> 1 # 0 at 19837304, 0.883347 0.775558
2024-08-21 16:21:34,742 INFO CHECKSUM 4 2 0: 1.445478
2024-08-21 16:21:34,742 INFO CHECKSUM 4 2 0: 1.445478
2024-08-21 16:21:35,741 INFO recv 4 -> 2 # 0 at 1093638920, 0.091055 0.454417
2024-08-21 16:21:35,741 INFO sent 4 -> 2 # 0 at 94537808, 0.091055 0.454417
2024-08-21 16:21:44,487 INFO CHECKSUM 4 3 0: 2.072732
2024-08-21 16:21:44,486 INFO CHECKSUM 4 3 0: 2.072732
2024-08-21 16:21:45,584 INFO recv 4 -> 3 # 0 at 1172309443, 0.605053 0.933101
2024-08-21 16:21:45,584 INFO sent 4 -> 3 # 0 at 74250888, 0.605053 0.933101
2024-08-21 16:21:54,507 INFO CHECKSUM 4 5 0: 1.244772
2024-08-21 16:21:54,510 INFO CHECKSUM 4 5 0: 1.244772
2024-08-21 16:21:55,699 INFO sent 4 -> 5 # 0 at 199217903, 0.331094 0.106505
2024-08-21 16:21:55,699 INFO recv 4 -> 5 # 0 at 1391426729, 0.331094 0.106505
2024-08-21 16:22:04,623 INFO CHECKSUM 4 6 0: 0.824638
2024-08-21 16:22:04,624 INFO CHECKSUM 4 6 0: 0.824638
2024-08-21 16:22:05,761 INFO sent 4 -> 6 # 0 at 182481396, 0.266426 0.771244
2024-08-21 16:22:05,761 INFO recv 4 -> 6 # 0 at 1319965117, 0.266426 0.771244
2024-08-21 16:22:14,614 INFO CHECKSUM 4 7 0: 1.123164
2024-08-21 16:22:14,615 INFO CHECKSUM 4 7 0: 1.123164
2024-08-21 16:22:15,800 INFO sent 4 -> 7 # 0 at 175851658, 0.261394 0.135785
2024-08-21 16:22:15,802 INFO recv 4 -> 7 # 0 at 1363744164, 0.261394 0.135785
2024-08-21 16:22:24,604 INFO CHECKSUM 4 8 0: 1.785220
2024-08-21 16:22:24,603 INFO CHECKSUM 4 8 0: 1.785220
2024-08-21 16:22:25,584 INFO recv 4 -> 8 # 0 at 1077751973, 0.721200 0.423706
2024-08-21 16:22:25,584 INFO sent 4 -> 8 # 0 at 97395606, 0.721200 0.423706
2024-08-21 16:22:34,500 INFO CHECKSUM 4 9 0: 1.206104
2024-08-21 16:22:34,499 INFO CHECKSUM 4 9 0: 1.206104
2024-08-21 16:22:35,614 INFO recv 4 -> 9 # 0 at 1311941266, 0.165532 0.146233
2024-08-21 16:22:35,614 INFO sent 4 -> 9 # 0 at 208014749, 0.165532 0.146233
2024-08-21 16:22:44,507 INFO CHECKSUM 4 10 0: 1.106455
2024-08-21 16:22:44,506 INFO CHECKSUM 4 10 0: 1.106455
2024-08-21 16:22:45,739 INFO sent 4 -> 10 # 0 at 161337967, 0.954287 0.426121
2024-08-21 16:22:45,739 INFO recv 4 -> 10 # 0 at 1393099430, 0.954287 0.426121
2024-08-21 16:22:54,626 INFO CHECKSUM 4 11 0: 0.769743
2024-08-21 16:22:54,626 INFO CHECKSUM 4 11 0: 0.769743
2024-08-21 16:22:55,725 INFO recv 4 -> 11 # 0 at 1295032417, 0.160629 0.700271
2024-08-21 16:22:55,725 INFO sent 4 -> 11 # 0 at 201228911, 0.160629 0.700271
2024-08-21 16:23:04,662 INFO CHECKSUM 4 12 0: 2.080648
2024-08-21 16:23:04,662 INFO CHECKSUM 4 12 0: 2.080648
2024-08-21 16:23:05,914 INFO sent 4 -> 12 # 0 at 224517636, 0.303360 0.206781
2024-08-21 16:23:05,914 INFO recv 4 -> 12 # 0 at 1476222980, 0.303360 0.206781
2024-08-21 16:23:14,831 INFO CHECKSUM 4 13 0: 1.219749
2024-08-21 16:23:15,966 INFO sent 4 -> 13 # 0 at 174608303, 0.193567 0.718109
2024-08-21 16:23:14,832 INFO CHECKSUM 4 13 0: 1.219749
2024-08-21 16:23:15,966 INFO recv 4 -> 13 # 0 at 1309016762, 0.193567 0.718109
2024-08-21 16:23:24,871 INFO CHECKSUM 4 14 0: 2.046088
2024-08-21 16:23:24,872 INFO CHECKSUM 4 14 0: 2.046088
2024-08-21 16:23:26,012 INFO sent 4 -> 14 # 0 at 177278716, 0.345403 0.057034
2024-08-21 16:23:26,014 INFO recv 4 -> 14 # 0 at 1319886523, 0.345403 0.057034
2024-08-21 16:23:34,884 INFO CHECKSUM 4 15 0: 1.539824
2024-08-21 16:23:34,895 INFO CHECKSUM 4 15 0: 1.539824
2024-08-21 16:23:35,864 INFO Accepting from rank 5
2024-08-21 16:23:35,864 INFO Accepting from rank 5
2024-08-21 16:23:35,864 INFO sent 4 -> 15 # 0 at 164213043, 0.688776 0.831214
2024-08-21 16:23:35,864 INFO Accepting from rank 5
2024-08-21 16:23:35,864 INFO Accepting from rank 5
2024-08-21 16:23:35,864 INFO Accepting from rank 5
2024-08-21 16:23:35,864 INFO Accepting from rank 5
2024-08-21 16:23:35,864 INFO Accepting from rank 5
2024-08-21 16:23:35,864 INFO Accepting from rank 5
2024-08-21 16:23:35,864 INFO Accepting from rank 5
2024-08-21 16:23:35,864 INFO Accepting from rank 5
2024-08-21 16:23:35,864 INFO Accepting from rank 5
2024-08-21 16:23:35,864 INFO Accepting from rank 5
2024-08-21 16:23:35,864 INFO Accepting from rank 5
2024-08-21 16:23:35,866 INFO Sending from rank 5
2024-08-21 16:23:35,864 INFO recv 4 -> 15 # 0 at 1144208987, 0.688776 0.831214
2024-08-21 16:23:35,866 INFO Accepting from rank 5
2024-08-21 16:23:35,864 INFO Accepting from rank 5
2024-08-21 16:23:44,832 INFO CHECKSUM 5 0 0: 1.301203
2024-08-21 16:23:44,832 INFO CHECKSUM 5 0 0: 1.301203
2024-08-21 16:23:45,973 INFO recv 5 -> 0 # 0 at 1164068236, 0.471843 0.828351
2024-08-21 16:23:45,973 INFO sent 5 -> 0 # 0 at 22689441, 0.471843 0.828351
2024-08-21 16:23:54,876 INFO CHECKSUM 5 1 0: 1.630625
2024-08-21 16:23:54,875 INFO CHECKSUM 5 1 0: 1.630625
2024-08-21 16:23:55,917 INFO recv 5 -> 1 # 0 at 1059901152, 0.362158 0.789463
2024-08-21 16:23:55,917 INFO sent 5 -> 1 # 0 at 18446133, 0.362158 0.789463
2024-08-21 16:24:04,865 INFO CHECKSUM 5 2 0: 1.790736
2024-08-21 16:24:04,866 INFO CHECKSUM 5 2 0: 1.790736
2024-08-21 16:24:06,061 INFO recv 5 -> 2 # 0 at 1221275657, 0.150592 0.800376
2024-08-21 16:24:06,061 INFO sent 5 -> 2 # 0 at 25848781, 0.150592 0.800376
2024-08-21 16:24:15,135 INFO CHECKSUM 5 3 0: 1.340078
2024-08-21 16:24:15,134 INFO CHECKSUM 5 3 0: 1.340078
2024-08-21 16:24:16,317 INFO recv 5 -> 3 # 0 at 1276129340, 0.501462 0.181104
2024-08-21 16:24:16,317 INFO sent 5 -> 3 # 0 at 97083898, 0.501462 0.181104
2024-08-21 16:24:25,312 INFO CHECKSUM 5 4 0: 1.047508
2024-08-21 16:24:25,312 INFO CHECKSUM 5 4 0: 1.047508
2024-08-21 16:24:26,384 INFO recv 5 -> 4 # 0 at 1112655130, 0.789719 0.237480
2024-08-21 16:24:26,384 INFO sent 5 -> 4 # 0 at 30305642, 0.789719 0.237480
2024-08-21 16:24:35,526 INFO CHECKSUM 5 6 0: 2.137938
2024-08-21 16:24:35,526 INFO CHECKSUM 5 6 0: 2.137938
2024-08-21 16:24:36,562 INFO sent 5 -> 6 # 0 at 215482354, 0.931978 0.380568
2024-08-21 16:24:36,562 INFO recv 5 -> 6 # 0 at 1251894733, 0.931978 0.380568
2024-08-21 16:24:45,684 INFO CHECKSUM 5 7 0: 1.684685
2024-08-21 16:24:45,685 INFO CHECKSUM 5 7 0: 1.684685
2024-08-21 16:24:46,810 INFO sent 5 -> 7 # 0 at 182112837, 0.959374 0.318960
2024-08-21 16:24:46,810 INFO recv 5 -> 7 # 0 at 1307900309, 0.959374 0.318960
2024-08-21 16:24:55,896 INFO CHECKSUM 5 8 0: 1.395240
2024-08-21 16:24:55,887 INFO CHECKSUM 5 8 0: 1.395240
2024-08-21 16:24:57,099 INFO recv 5 -> 8 # 0 at 1374795324, 0.463400 0.696059
2024-08-21 16:24:57,099 INFO sent 5 -> 8 # 0 at 163092156, 0.463400 0.696059
2024-08-21 16:25:06,187 INFO CHECKSUM 5 9 0: 2.119427
2024-08-21 16:25:06,187 INFO CHECKSUM 5 9 0: 2.119427
2024-08-21 16:25:07,407 INFO recv 5 -> 9 # 0 at 1379928446, 0.266441 0.481833
2024-08-21 16:25:07,407 INFO sent 5 -> 9 # 0 at 159982673, 0.266441 0.481833
2024-08-21 16:25:16,464 INFO CHECKSUM 5 10 0: 2.388416
2024-08-21 16:25:16,464 INFO CHECKSUM 5 10 0: 2.388416
2024-08-21 16:25:17,558 INFO recv 5 -> 10 # 0 at 1212594632, 0.682892 0.222751
2024-08-21 16:25:17,558 INFO sent 5 -> 10 # 0 at 118149834, 0.682892 0.222751
2024-08-21 16:25:26,691 INFO CHECKSUM 5 11 0: 1.037638
2024-08-21 16:25:26,690 INFO CHECKSUM 5 11 0: 1.037638
2024-08-21 16:25:27,983 INFO recv 5 -> 11 # 0 at 1454794771, 0.414344 0.261548
2024-08-21 16:25:27,989 INFO sent 5 -> 11 # 0 at 160304113, 0.414344 0.261548
2024-08-21 16:25:37,191 INFO CHECKSUM 5 12 0: 2.037615
2024-08-21 16:25:37,192 INFO CHECKSUM 5 12 0: 2.037615
2024-08-21 16:25:38,251 INFO sent 5 -> 12 # 0 at 237181275, 0.200084 0.534652
2024-08-21 16:25:38,251 INFO recv 5 -> 12 # 0 at 1296838748, 0.200084 0.534652
2024-08-21 16:25:47,388 INFO CHECKSUM 5 13 0: 0.974743
2024-08-21 16:25:47,388 INFO CHECKSUM 5 13 0: 0.974743
2024-08-21 16:25:48,474 INFO recv 5 -> 13 # 0 at 1255928512, 0.655214 0.684251
2024-08-21 16:25:48,481 INFO sent 5 -> 13 # 0 at 178336890, 0.655214 0.684251
2024-08-21 16:25:57,520 INFO CHECKSUM 5 14 0: 2.023512
2024-08-21 16:25:57,521 INFO CHECKSUM 5 14 0: 2.023512
2024-08-21 16:25:58,650 INFO sent 5 -> 14 # 0 at 100779536, 0.901718 0.864251
2024-08-21 16:25:58,650 INFO recv 5 -> 14 # 0 at 1234792798, 0.901718 0.864251
2024-08-21 16:26:07,690 INFO CHECKSUM 5 15 0: 2.127409
2024-08-21 16:26:07,691 INFO CHECKSUM 5 15 0: 2.127409
2024-08-21 16:26:08,824 INFO Accepting from rank 6
2024-08-21 16:26:08,824 INFO Accepting from rank 6
2024-08-21 16:26:08,825 INFO Accepting from rank 6
2024-08-21 16:26:08,824 INFO Accepting from rank 6
2024-08-21 16:26:08,824 INFO Accepting from rank 6
2024-08-21 16:26:08,825 INFO Accepting from rank 6
2024-08-21 16:26:08,825 INFO Sending from rank 6
2024-08-21 16:26:08,825 INFO Accepting from rank 6
2024-08-21 16:26:08,831 INFO Accepting from rank 6
2024-08-21 16:26:08,830 INFO sent 5 -> 15 # 0 at 170203794, 0.544073 0.205513
2024-08-21 16:26:08,831 INFO Accepting from rank 6
2024-08-21 16:26:08,830 INFO Accepting from rank 6
2024-08-21 16:26:08,830 INFO Accepting from rank 6
2024-08-21 16:26:08,831 INFO Accepting from rank 6
2024-08-21 16:26:08,831 INFO recv 5 -> 15 # 0 at 1301538987, 0.544073 0.205513
2024-08-21 16:26:08,832 INFO Accepting from rank 6
2024-08-21 16:26:08,838 INFO Accepting from rank 6
2024-08-21 16:26:08,838 INFO Accepting from rank 6
2024-08-21 16:26:17,648 INFO CHECKSUM 6 0 0: 2.162197
2024-08-21 16:26:17,639 INFO CHECKSUM 6 0 0: 2.162197
2024-08-21 16:26:18,781 INFO recv 6 -> 0 # 0 at 1234489543, 0.073525 0.632611
2024-08-21 16:26:18,781 INFO sent 6 -> 0 # 0 at 91697550, 0.073525 0.632611
2024-08-21 16:26:27,547 INFO CHECKSUM 6 1 0: 1.737887
2024-08-21 16:26:27,546 INFO CHECKSUM 6 1 0: 1.737887
2024-08-21 16:26:28,577 INFO recv 6 -> 1 # 0 at 1045809842, 0.147082 0.134738
2024-08-21 16:26:28,577 INFO sent 6 -> 1 # 0 at 14880312, 0.147082 0.134738
2024-08-21 16:26:37,652 INFO CHECKSUM 6 2 0: 1.915957
2024-08-21 16:26:37,652 INFO CHECKSUM 6 2 0: 1.915957
2024-08-21 16:26:38,891 INFO recv 6 -> 2 # 0 at 1328716475, 0.278458 0.997035
2024-08-21 16:26:38,891 INFO sent 6 -> 2 # 0 at 89518344, 0.278458 0.997035
2024-08-21 16:26:47,732 INFO CHECKSUM 6 3 0: 0.950716
2024-08-21 16:26:47,731 INFO CHECKSUM 6 3 0: 0.950716
2024-08-21 16:26:48,700 INFO recv 6 -> 3 # 0 at 1047025818, 0.161681 0.072148
2024-08-21 16:26:48,700 INFO sent 6 -> 3 # 0 at 85732727, 0.161681 0.072148
2024-08-21 16:26:57,433 INFO CHECKSUM 6 4 0: 1.801759
2024-08-21 16:26:57,434 INFO CHECKSUM 6 4 0: 1.801759
2024-08-21 16:26:58,536 INFO recv 6 -> 4 # 0 at 1117157664, 0.065248 0.774352
2024-08-21 16:26:58,541 INFO sent 6 -> 4 # 0 at 14413212, 0.065248 0.774352
2024-08-21 16:27:07,307 INFO CHECKSUM 6 5 0: 2.106471
2024-08-21 16:27:07,307 INFO CHECKSUM 6 5 0: 2.106471
2024-08-21 16:27:08,422 INFO recv 6 -> 5 # 0 at 1129940935, 0.613749 0.114928
2024-08-21 16:27:08,422 INFO sent 6 -> 5 # 0 at 14504730, 0.613749 0.114928
2024-08-21 16:27:17,304 INFO CHECKSUM 6 7 0: 1.224021
2024-08-21 16:27:17,304 INFO CHECKSUM 6 7 0: 1.224021
2024-08-21 16:27:18,371 INFO sent 6 -> 7 # 0 at 189602575, 0.650449 0.169610
2024-08-21 16:27:18,371 INFO recv 6 -> 7 # 0 at 1256863909, 0.650449 0.169610
2024-08-21 16:27:27,207 INFO CHECKSUM 6 8 0: 1.697869
2024-08-21 16:27:27,206 INFO CHECKSUM 6 8 0: 1.697869
2024-08-21 16:27:28,284 INFO recv 6 -> 8 # 0 at 1237544775, 0.948923 0.830558
2024-08-21 16:27:28,284 INFO sent 6 -> 8 # 0 at 159349840, 0.948923 0.830558
2024-08-21 16:27:37,202 INFO CHECKSUM 6 9 0: 1.346467
2024-08-21 16:27:37,201 INFO CHECKSUM 6 9 0: 1.346467
2024-08-21 16:27:38,298 INFO recv 6 -> 9 # 0 at 1259069429, 0.070002 0.817775
2024-08-21 16:27:38,298 INFO sent 6 -> 9 # 0 at 164169551, 0.070002 0.817775
2024-08-21 16:27:47,222 INFO CHECKSUM 6 10 0: 2.245927
2024-08-21 16:27:47,222 INFO CHECKSUM 6 10 0: 2.245927
2024-08-21 16:27:48,252 INFO recv 6 -> 10 # 0 at 1226013644, 0.780720 0.527642
2024-08-21 16:27:48,257 INFO sent 6 -> 10 # 0 at 197111572, 0.780720 0.527642
2024-08-21 16:27:57,137 INFO CHECKSUM 6 11 0: 1.263793
2024-08-21 16:27:57,138 INFO CHECKSUM 6 11 0: 1.263793
2024-08-21 16:27:58,207 INFO recv 6 -> 11 # 0 at 1171818279, 0.195508 0.241891
2024-08-21 16:27:58,206 INFO sent 6 -> 11 # 0 at 102408768, 0.195508 0.241891
2024-08-21 16:28:07,164 INFO CHECKSUM 6 12 0: 2.610249
2024-08-21 16:28:07,164 INFO CHECKSUM 6 12 0: 2.610249
2024-08-21 16:28:08,427 INFO sent 6 -> 12 # 0 at 204288195, 0.779877 0.766188
2024-08-21 16:28:08,427 INFO recv 6 -> 12 # 0 at 1467971116, 0.779877 0.766188
2024-08-21 16:28:17,248 INFO CHECKSUM 6 13 0: 1.419512
2024-08-21 16:28:17,249 INFO CHECKSUM 6 13 0: 1.419512
2024-08-21 16:28:18,329 INFO sent 6 -> 13 # 0 at 102103139, 0.576086 0.938504
2024-08-21 16:28:18,330 INFO recv 6 -> 13 # 0 at 1183926561, 0.576086 0.938504
2024-08-21 16:28:27,157 INFO CHECKSUM 6 14 0: 1.062908
2024-08-21 16:28:27,164 INFO CHECKSUM 6 14 0: 1.062908
2024-08-21 16:28:28,170 INFO sent 6 -> 14 # 0 at 103856999, 0.520502 0.577341
2024-08-21 16:28:28,170 INFO recv 6 -> 14 # 0 at 1117126203, 0.520502 0.577341
2024-08-21 16:28:37,042 INFO CHECKSUM 6 15 0: 0.333004
2024-08-21 16:28:37,042 INFO CHECKSUM 6 15 0: 0.333004
2024-08-21 16:28:38,168 INFO Accepting from rank 7
2024-08-21 16:28:38,168 INFO Accepting from rank 7
2024-08-21 16:28:38,168 INFO Accepting from rank 7
2024-08-21 16:28:38,168 INFO Accepting from rank 7
2024-08-21 16:28:38,168 INFO Accepting from rank 7
2024-08-21 16:28:38,168 INFO Accepting from rank 7
2024-08-21 16:28:38,168 INFO Accepting from rank 7
2024-08-21 16:28:38,168 INFO Accepting from rank 7
2024-08-21 16:28:38,168 INFO Accepting from rank 7
2024-08-21 16:28:38,168 INFO Accepting from rank 7
2024-08-21 16:28:38,168 INFO sent 6 -> 15 # 0 at 192798159, 0.816839 0.590768
2024-08-21 16:28:38,168 INFO Accepting from rank 7
2024-08-21 16:28:38,168 INFO Accepting from rank 7
2024-08-21 16:28:38,168 INFO Accepting from rank 7
2024-08-21 16:28:38,168 INFO Sending from rank 7
2024-08-21 16:28:38,168 INFO recv 6 -> 15 # 0 at 1314064938, 0.816839 0.590768
2024-08-21 16:28:38,168 INFO Accepting from rank 7
2024-08-21 16:28:38,168 INFO Accepting from rank 7
2024-08-21 16:28:47,311 INFO CHECKSUM 7 0 0: 1.216955
2024-08-21 16:28:47,311 INFO CHECKSUM 7 0 0: 1.216955
2024-08-21 16:28:48,540 INFO recv 7 -> 0 # 0 at 1318622909, 0.959146 0.012094
2024-08-21 16:28:48,544 INFO sent 7 -> 0 # 0 at 89580762, 0.959146 0.012094
2024-08-21 16:28:57,679 INFO CHECKSUM 7 1 0: 1.083186
2024-08-21 16:28:57,679 INFO CHECKSUM 7 1 0: 1.083186
2024-08-21 16:28:58,917 INFO recv 7 -> 1 # 0 at 1320267887, 0.935845 0.325995
2024-08-21 16:28:58,917 INFO sent 7 -> 1 # 0 at 81698590, 0.935845 0.325995
2024-08-21 16:29:08,034 INFO CHECKSUM 7 2 0: 2.182843
2024-08-21 16:29:08,034 INFO CHECKSUM 7 2 0: 2.182843
2024-08-21 16:29:09,100 INFO recv 7 -> 2 # 0 at 1090890704, 0.074720 0.141093
2024-08-21 16:29:09,100 INFO sent 7 -> 2 # 0 at 24246614, 0.074720 0.141093
2024-08-21 16:29:18,244 INFO CHECKSUM 7 3 0: 0.847488
2024-08-21 16:29:18,243 INFO CHECKSUM 7 3 0: 0.847488
2024-08-21 16:29:19,540 INFO recv 7 -> 3 # 0 at 1386624484, 0.582216 0.306735
2024-08-21 16:29:19,540 INFO sent 7 -> 3 # 0 at 88628075, 0.582216 0.306735
2024-08-21 16:29:28,601 INFO CHECKSUM 7 4 0: 1.157928
2024-08-21 16:29:28,602 INFO CHECKSUM 7 4 0: 1.157928
2024-08-21 16:29:29,689 INFO recv 7 -> 4 # 0 at 1102542449, 0.504900 0.203451
2024-08-21 16:29:29,689 INFO sent 7 -> 4 # 0 at 14363685, 0.504900 0.203451
2024-08-21 16:29:38,798 INFO CHECKSUM 7 5 0: 1.789886
2024-08-21 16:29:38,798 INFO CHECKSUM 7 5 0: 1.789886
2024-08-21 16:29:39,788 INFO recv 7 -> 5 # 0 at 1020438779, 0.968225 0.270195
2024-08-21 16:29:39,788 INFO sent 7 -> 5 # 0 at 30375558, 0.968225 0.270195
2024-08-21 16:29:48,855 INFO CHECKSUM 7 6 0: 1.485545
2024-08-21 16:29:48,856 INFO CHECKSUM 7 6 0: 1.485545
2024-08-21 16:29:50,052 INFO recv 7 -> 6 # 0 at 1210553147, 0.380364 0.167022
2024-08-21 16:29:50,052 INFO sent 7 -> 6 # 0 at 14101410, 0.380364 0.167022
2024-08-21 16:29:59,298 INFO CHECKSUM 7 8 0: 2.237337
2024-08-21 16:29:59,305 INFO CHECKSUM 7 8 0: 2.237337
2024-08-21 16:30:00,348 INFO sent 7 -> 8 # 0 at 181006848, 0.879745 0.063450
2024-08-21 16:30:00,348 INFO recv 7 -> 8 # 0 at 1231376689, 0.879745 0.063450
2024-08-21 16:30:09,591 INFO CHECKSUM 7 9 0: 1.566895
2024-08-21 16:30:09,590 INFO CHECKSUM 7 9 0: 1.566895
2024-08-21 16:30:10,795 INFO sent 7 -> 9 # 0 at 188443722, 0.214823 0.666972
2024-08-21 16:30:10,802 INFO recv 7 -> 9 # 0 at 1385886751, 0.214823 0.666972
2024-08-21 16:30:20,007 INFO CHECKSUM 7 10 0: 1.057346
2024-08-21 16:30:20,006 INFO CHECKSUM 7 10 0: 1.057346
2024-08-21 16:30:21,181 INFO recv 7 -> 10 # 0 at 1343348387, 0.466644 0.703979
2024-08-21 16:30:21,181 INFO sent 7 -> 10 # 0 at 168741518, 0.466644 0.703979
2024-08-21 16:30:30,423 INFO CHECKSUM 7 11 0: 2.621964
2024-08-21 16:30:30,422 INFO CHECKSUM 7 11 0: 2.621964
2024-08-21 16:30:31,531 INFO recv 7 -> 11 # 0 at 1270791730, 0.996854 0.251972
2024-08-21 16:30:31,531 INFO sent 7 -> 11 # 0 at 167229343, 0.996854 0.251972
2024-08-21 16:30:40,825 INFO CHECKSUM 7 12 0: 1.619764
2024-08-21 16:30:40,825 INFO CHECKSUM 7 12 0: 1.619764
2024-08-21 16:30:41,852 INFO sent 7 -> 12 # 0 at 219158122, 0.582325 0.593430
2024-08-21 16:30:41,852 INFO recv 7 -> 12 # 0 at 1246315122, 0.582325 0.593430
2024-08-21 16:30:51,092 INFO CHECKSUM 7 13 0: 0.543985
2024-08-21 16:30:51,092 INFO CHECKSUM 7 13 0: 0.543985
2024-08-21 16:30:52,275 INFO sent 7 -> 13 # 0 at 181510679, 0.848332 0.316633
2024-08-21 16:30:52,282 INFO recv 7 -> 13 # 0 at 1371409409, 0.848332 0.316633
2024-08-21 16:31:01,503 INFO CHECKSUM 7 14 0: 1.388352
2024-08-21 16:31:01,503 INFO CHECKSUM 7 14 0: 1.388352
2024-08-21 16:31:02,697 INFO recv 7 -> 14 # 0 at 1358961771, 0.006562 0.131804
2024-08-21 16:31:02,699 INFO sent 7 -> 14 # 0 at 176149327, 0.006562 0.131804
2024-08-21 16:31:11,910 INFO CHECKSUM 7 15 0: 1.565721
2024-08-21 16:31:11,911 INFO CHECKSUM 7 15 0: 1.565721
2024-08-21 16:31:12,862 INFO Accepting from rank 8
2024-08-21 16:31:12,862 INFO Accepting from rank 8
2024-08-21 16:31:12,862 INFO Accepting from rank 8
2024-08-21 16:31:12,862 INFO Sending from rank 8
2024-08-21 16:31:12,862 INFO Accepting from rank 8
2024-08-21 16:31:12,862 INFO Accepting from rank 8
2024-08-21 16:31:12,862 INFO Accepting from rank 8
2024-08-21 16:31:12,862 INFO Accepting from rank 8
2024-08-21 16:31:12,862 INFO Accepting from rank 8
2024-08-21 16:31:12,862 INFO Accepting from rank 8
2024-08-21 16:31:12,862 INFO Accepting from rank 8
2024-08-21 16:31:12,862 INFO Accepting from rank 8
2024-08-21 16:31:12,862 INFO Accepting from rank 8
2024-08-21 16:31:12,862 INFO sent 7 -> 15 # 0 at 181119537, 0.865971 0.143265
2024-08-21 16:31:12,862 INFO Accepting from rank 8
2024-08-21 16:31:12,868 INFO recv 7 -> 15 # 0 at 1138145448, 0.865971 0.143265
2024-08-21 16:31:12,868 INFO Accepting from rank 8
2024-08-21 16:31:12,868 INFO Accepting from rank 8
2024-08-21 16:31:21,580 INFO CHECKSUM 8 0 0: 0.880950
2024-08-21 16:31:21,589 INFO CHECKSUM 8 0 0: 0.880950
2024-08-21 16:31:22,766 INFO sent 8 -> 0 # 0 at 14097803, 0.828827 0.857830
2024-08-21 16:31:22,766 INFO recv 8 -> 0 # 0 at 1200723323, 0.828827 0.857830
2024-08-21 16:31:31,574 INFO CHECKSUM 8 1 0: 1.266062
2024-08-21 16:31:31,574 INFO CHECKSUM 8 1 0: 1.266062
2024-08-21 16:31:32,733 INFO sent 8 -> 1 # 0 at 85107442, 0.021092 0.691454
2024-08-21 16:31:32,733 INFO recv 8 -> 1 # 0 at 1244001021, 0.021092 0.691454
2024-08-21 16:31:41,599 INFO CHECKSUM 8 2 0: 0.816038
2024-08-21 16:31:41,599 INFO CHECKSUM 8 2 0: 0.816038
2024-08-21 16:31:42,534 INFO recv 8 -> 2 # 0 at 1033149670, 0.791471 0.557149
2024-08-21 16:31:42,534 INFO sent 8 -> 2 # 0 at 106214402, 0.791471 0.557149
2024-08-21 16:31:51,312 INFO CHECKSUM 8 3 0: 1.768004
2024-08-21 16:31:51,311 INFO CHECKSUM 8 3 0: 1.768004
2024-08-21 16:31:52,518 INFO sent 8 -> 3 # 0 at 26294642, 0.977520 0.236456
2024-08-21 16:31:52,518 INFO recv 8 -> 3 # 0 at 1221428971, 0.977520 0.236456
2024-08-21 16:32:01,254 INFO CHECKSUM 8 4 0: 1.909043
2024-08-21 16:32:01,254 INFO CHECKSUM 8 4 0: 1.909043
2024-08-21 16:32:02,233 INFO sent 8 -> 4 # 0 at 14676528, 0.837222 0.317811
2024-08-21 16:32:02,233 INFO recv 8 -> 4 # 0 at 994637644, 0.837222 0.317811
2024-08-21 16:32:11,035 INFO CHECKSUM 8 5 0: 1.819281
2024-08-21 16:32:11,036 INFO CHECKSUM 8 5 0: 1.819281
2024-08-21 16:32:12,084 INFO sent 8 -> 5 # 0 at 41645844, 0.571382 0.270078
2024-08-21 16:32:12,084 INFO recv 8 -> 5 # 0 at 1086550704, 0.571382 0.270078
2024-08-21 16:32:20,887 INFO CHECKSUM 8 6 0: 2.389383
2024-08-21 16:32:20,888 INFO CHECKSUM 8 6 0: 2.389383
2024-08-21 16:32:21,957 INFO sent 8 -> 6 # 0 at 87923070, 0.491860 0.995996
2024-08-21 16:32:21,963 INFO recv 8 -> 6 # 0 at 1157423208, 0.491860 0.995996
2024-08-21 16:32:30,787 INFO CHECKSUM 8 7 0: 1.976280
2024-08-21 16:32:30,788 INFO CHECKSUM 8 7 0: 1.976280
2024-08-21 16:32:31,923 INFO sent 8 -> 7 # 0 at 85799450, 0.270173 0.560267
2024-08-21 16:32:31,928 INFO recv 8 -> 7 # 0 at 1227020274, 0.270173 0.560267
2024-08-21 16:32:40,857 INFO CHECKSUM 8 9 0: 0.985214
2024-08-21 16:32:40,858 INFO CHECKSUM 8 9 0: 0.985214
2024-08-21 16:32:41,914 INFO sent 8 -> 9 # 0 at 219663387, 0.491262 0.678473
2024-08-21 16:32:41,918 INFO recv 8 -> 9 # 0 at 1281005907, 0.491262 0.678473
2024-08-21 16:32:50,853 INFO CHECKSUM 8 10 0: 2.126874
2024-08-21 16:32:50,853 INFO CHECKSUM 8 10 0: 2.126874
2024-08-21 16:32:51,830 INFO sent 8 -> 10 # 0 at 182711888, 0.668787 0.989826
2024-08-21 16:32:51,836 INFO recv 8 -> 10 # 0 at 1162030118, 0.668787 0.989826
2024-08-21 16:33:00,719 INFO CHECKSUM 8 11 0: 2.251090
2024-08-21 16:33:00,720 INFO CHECKSUM 8 11 0: 2.251090
2024-08-21 16:33:01,819 INFO sent 8 -> 11 # 0 at 129257329, 0.492563 0.941999
2024-08-21 16:33:01,819 INFO recv 8 -> 11 # 0 at 1228621993, 0.492563 0.941999
2024-08-21 16:33:10,831 INFO CHECKSUM 8 12 0: 2.030864
2024-08-21 16:33:10,832 INFO CHECKSUM 8 12 0: 2.030864
2024-08-21 16:33:11,858 INFO sent 8 -> 12 # 0 at 250217529, 0.094141 0.743099
2024-08-21 16:33:11,858 INFO recv 8 -> 12 # 0 at 1277175466, 0.094141 0.743099
2024-08-21 16:33:20,767 INFO CHECKSUM 8 13 0: 1.561357
2024-08-21 16:33:20,768 INFO CHECKSUM 8 13 0: 1.561357
2024-08-21 16:33:21,935 INFO sent 8 -> 13 # 0 at 161031264, 0.147007 0.205765
2024-08-21 16:33:21,935 INFO recv 8 -> 13 # 0 at 1328817521, 0.147007 0.205765
2024-08-21 16:33:30,869 INFO CHECKSUM 8 14 0: 0.345073
2024-08-21 16:33:30,869 INFO CHECKSUM 8 14 0: 0.345073
2024-08-21 16:33:31,947 INFO sent 8 -> 14 # 0 at 162170873, 0.031939 0.722210
2024-08-21 16:33:31,947 INFO recv 8 -> 14 # 0 at 1239777437, 0.031939 0.722210
2024-08-21 16:33:40,879 INFO CHECKSUM 8 15 0: 1.789488
2024-08-21 16:33:40,880 INFO CHECKSUM 8 15 0: 1.789488
2024-08-21 16:33:41,967 INFO sent 8 -> 15 # 0 at 196438151, 0.840569 0.417036
2024-08-21 16:33:41,967 INFO Accepting from rank 9
2024-08-21 16:33:41,967 INFO Accepting from rank 9
2024-08-21 16:33:41,967 INFO Accepting from rank 9
2024-08-21 16:33:41,967 INFO Accepting from rank 9
2024-08-21 16:33:41,967 INFO Accepting from rank 9
2024-08-21 16:33:41,967 INFO Accepting from rank 9
2024-08-21 16:33:41,967 INFO Accepting from rank 9
2024-08-21 16:33:41,967 INFO Accepting from rank 9
2024-08-21 16:33:41,967 INFO Accepting from rank 9
2024-08-21 16:33:41,967 INFO Accepting from rank 9
2024-08-21 16:33:41,967 INFO Accepting from rank 9
2024-08-21 16:33:41,968 INFO Sending from rank 9
2024-08-21 16:33:41,967 INFO Accepting from rank 9
2024-08-21 16:33:41,967 INFO Accepting from rank 9
2024-08-21 16:33:41,967 INFO recv 8 -> 15 # 0 at 1280436353, 0.840569 0.417036
2024-08-21 16:33:41,968 INFO Accepting from rank 9
2024-08-21 16:33:41,967 INFO Accepting from rank 9
2024-08-21 16:33:50,765 INFO CHECKSUM 9 0 0: 0.871618
2024-08-21 16:33:50,765 INFO CHECKSUM 9 0 0: 0.871618
2024-08-21 16:33:51,911 INFO recv 9 -> 0 # 0 at 1161201637, 0.061217 0.273396
2024-08-21 16:33:51,911 INFO sent 9 -> 0 # 0 at 15132014, 0.061217 0.273396
2024-08-21 16:34:00,668 INFO CHECKSUM 9 1 0: 1.190812
2024-08-21 16:34:00,668 INFO CHECKSUM 9 1 0: 1.190812
2024-08-21 16:34:01,746 INFO sent 9 -> 1 # 0 at 18970244, 0.240106 0.969681
2024-08-21 16:34:01,753 INFO recv 9 -> 1 # 0 at 1100346242, 0.240106 0.969681
2024-08-21 16:34:10,616 INFO CHECKSUM 9 2 0: 2.614215
2024-08-21 16:34:10,615 INFO CHECKSUM 9 2 0: 2.614215
2024-08-21 16:34:11,759 INFO recv 9 -> 2 # 0 at 1227815018, 0.224423 0.618603
2024-08-21 16:34:11,759 INFO sent 9 -> 2 # 0 at 84314375, 0.224423 0.618603
2024-08-21 16:34:20,547 INFO CHECKSUM 9 3 0: 2.199744
2024-08-21 16:34:20,538 INFO CHECKSUM 9 3 0: 2.199744
2024-08-21 16:34:21,565 INFO recv 9 -> 3 # 0 at 1042538112, 0.804140 0.476799
2024-08-21 16:34:21,565 INFO sent 9 -> 3 # 0 at 15602565, 0.804140 0.476799
2024-08-21 16:34:30,334 INFO CHECKSUM 9 4 0: 1.070923
2024-08-21 16:34:30,344 INFO CHECKSUM 9 4 0: 1.070923
2024-08-21 16:34:31,484 INFO sent 9 -> 4 # 0 at 14920287, 0.345967 0.603358
2024-08-21 16:34:31,484 INFO recv 9 -> 4 # 0 at 1165491595, 0.345967 0.603358
2024-08-21 16:34:40,282 INFO CHECKSUM 9 5 0: 1.347656
2024-08-21 16:34:40,282 INFO CHECKSUM 9 5 0: 1.347656
2024-08-21 16:34:41,402 INFO sent 9 -> 5 # 0 at 31889871, 0.369924 0.719969
2024-08-21 16:34:41,402 INFO recv 9 -> 5 # 0 at 1151905518, 0.369924 0.719969
2024-08-21 16:34:50,173 INFO CHECKSUM 9 6 0: 1.418452
2024-08-21 16:34:50,174 INFO CHECKSUM 9 6 0: 1.418452
2024-08-21 16:34:51,449 INFO sent 9 -> 6 # 0 at 35429723, 0.512703 0.086452
2024-08-21 16:34:51,449 INFO recv 9 -> 6 # 0 at 1311360557, 0.512703 0.086452
2024-08-21 16:35:00,217 INFO CHECKSUM 9 7 0: 2.463702
2024-08-21 16:35:00,218 INFO CHECKSUM 9 7 0: 2.463702
2024-08-21 16:35:01,355 INFO sent 9 -> 7 # 0 at 14496802, 0.609819 0.756686
2024-08-21 16:35:01,362 INFO recv 9 -> 7 # 0 at 1158992469, 0.609819 0.756686
2024-08-21 16:35:10,104 INFO CHECKSUM 9 8 0: 1.321938
2024-08-21 16:35:10,105 INFO CHECKSUM 9 8 0: 1.321938
2024-08-21 16:35:11,124 INFO recv 9 -> 8 # 0 at 1034921136, 0.488406 0.313479
2024-08-21 16:35:11,124 INFO sent 9 -> 8 # 0 at 15007882, 0.488406 0.313479
2024-08-21 16:35:20,079 INFO CHECKSUM 9 10 0: 0.911408
2024-08-21 16:35:20,081 INFO CHECKSUM 9 10 0: 0.911408
2024-08-21 16:35:21,342 INFO recv 9 -> 10 # 0 at 1469899269, 0.266236 0.955324
2024-08-21 16:35:21,344 INFO sent 9 -> 10 # 0 at 206521886, 0.266236 0.955324
2024-08-21 16:35:30,502 INFO CHECKSUM 9 11 0: 0.863920
2024-08-21 16:35:30,502 INFO CHECKSUM 9 11 0: 0.863920
2024-08-21 16:35:31,631 INFO sent 9 -> 11 # 0 at 183950930, 0.114233 0.552405
2024-08-21 16:35:31,631 INFO recv 9 -> 11 # 0 at 1312820638, 0.114233 0.552405
2024-08-21 16:35:40,575 INFO CHECKSUM 9 12 0: 1.459327
2024-08-21 16:35:40,575 INFO CHECKSUM 9 12 0: 1.459327
2024-08-21 16:35:41,676 INFO recv 9 -> 12 # 0 at 1309174412, 0.819820 0.714449
2024-08-21 16:35:41,680 INFO sent 9 -> 12 # 0 at 208307553, 0.819820 0.714449
2024-08-21 16:35:50,544 INFO CHECKSUM 9 13 0: 1.161260
2024-08-21 16:35:50,553 INFO CHECKSUM 9 13 0: 1.161260
2024-08-21 16:35:51,609 INFO sent 9 -> 13 # 0 at 102643802, 0.243202 0.186603
2024-08-21 16:35:51,613 INFO recv 9 -> 13 # 0 at 1172471028, 0.243202 0.186603
2024-08-21 16:36:00,524 INFO CHECKSUM 9 14 0: 1.310390
2024-08-21 16:36:00,524 INFO CHECKSUM 9 14 0: 1.310390
2024-08-21 16:36:01,622 INFO sent 9 -> 14 # 0 at 161515869, 0.449835 0.926145
2024-08-21 16:36:01,621 INFO recv 9 -> 14 # 0 at 1258790547, 0.449835 0.926145
2024-08-21 16:36:10,579 INFO CHECKSUM 9 15 0: 0.860930
2024-08-21 16:36:10,580 INFO CHECKSUM 9 15 0: 0.860930
2024-08-21 16:36:11,760 INFO Accepting from rank 10
2024-08-21 16:36:11,760 INFO Accepting from rank 10
2024-08-21 16:36:11,760 INFO Accepting from rank 10
2024-08-21 16:36:11,760 INFO Accepting from rank 10
2024-08-21 16:36:11,760 INFO Accepting from rank 10
2024-08-21 16:36:11,760 INFO Sending from rank 10
2024-08-21 16:36:11,760 INFO Accepting from rank 10
2024-08-21 16:36:11,760 INFO Accepting from rank 10
2024-08-21 16:36:11,760 INFO Accepting from rank 10
2024-08-21 16:36:11,760 INFO Accepting from rank 10
2024-08-21 16:36:11,760 INFO Accepting from rank 10
2024-08-21 16:36:11,761 INFO Accepting from rank 10
2024-08-21 16:36:11,760 INFO Accepting from rank 10
2024-08-21 16:36:11,760 INFO sent 9 -> 15 # 0 at 185412302, 0.662177 0.658907
2024-08-21 16:36:11,761 INFO Accepting from rank 10
2024-08-21 16:36:11,760 INFO recv 9 -> 15 # 0 at 1366496662, 0.662177 0.658907
2024-08-21 16:36:11,761 INFO Accepting from rank 10
2024-08-21 16:36:11,760 INFO Accepting from rank 10
2024-08-21 16:36:20,531 INFO CHECKSUM 10 0 0: 1.328802
2024-08-21 16:36:20,530 INFO CHECKSUM 10 0 0: 1.328802
2024-08-21 16:36:21,706 INFO recv 10 -> 0 # 0 at 1209638657, 0.643046 0.243761
2024-08-21 16:36:21,706 INFO sent 10 -> 0 # 0 at 33918131, 0.643046 0.243761
2024-08-21 16:36:30,534 INFO CHECKSUM 10 1 0: 1.244438
2024-08-21 16:36:30,535 INFO CHECKSUM 10 1 0: 1.244438
2024-08-21 16:36:31,550 INFO recv 10 -> 1 # 0 at 1029930749, 0.096591 0.317442
2024-08-21 16:36:31,550 INFO sent 10 -> 1 # 0 at 14379882, 0.096591 0.317442
2024-08-21 16:36:40,379 INFO CHECKSUM 10 2 0: 1.853980
2024-08-21 16:36:40,365 INFO CHECKSUM 10 2 0: 1.853980
2024-08-21 16:36:41,487 INFO sent 10 -> 2 # 0 at 34542928, 0.852767 0.545618
2024-08-21 16:36:41,487 INFO recv 10 -> 2 # 0 at 1155957472, 0.852767 0.545618
2024-08-21 16:36:50,251 INFO CHECKSUM 10 3 0: 1.721014
2024-08-21 16:36:50,252 INFO CHECKSUM 10 3 0: 1.721014
2024-08-21 16:36:51,412 INFO recv 10 -> 3 # 0 at 1174866256, 0.346794 0.983896
2024-08-21 16:36:51,412 INFO sent 10 -> 3 # 0 at 27287274, 0.346794 0.983896
2024-08-21 16:37:00,190 INFO CHECKSUM 10 4 0: 1.893044
2024-08-21 16:37:00,190 INFO CHECKSUM 10 4 0: 1.893044
2024-08-21 16:37:01,224 INFO recv 10 -> 4 # 0 at 1067143144, 0.334834 0.272579
2024-08-21 16:37:01,224 INFO sent 10 -> 4 # 0 at 32976985, 0.334834 0.272579
2024-08-21 16:37:09,990 INFO CHECKSUM 10 5 0: 1.603359
2024-08-21 16:37:09,990 INFO CHECKSUM 10 5 0: 1.603359
2024-08-21 16:37:11,275 INFO sent 10 -> 5 # 0 at 14646087, 0.100838 0.537903
2024-08-21 16:37:11,275 INFO recv 10 -> 5 # 0 at 1299949635, 0.100838 0.537903
2024-08-21 16:37:20,046 INFO CHECKSUM 10 6 0: 1.403154
2024-08-21 16:37:20,046 INFO CHECKSUM 10 6 0: 1.403154
2024-08-21 16:37:21,310 INFO sent 10 -> 6 # 0 at 14330407, 0.858916 0.092714
2024-08-21 16:37:21,310 INFO recv 10 -> 6 # 0 at 1278781085, 0.858916 0.092714
2024-08-21 16:37:30,093 INFO CHECKSUM 10 7 0: 1.219244
2024-08-21 16:37:30,093 INFO CHECKSUM 10 7 0: 1.219244
2024-08-21 16:37:31,167 INFO sent 10 -> 7 # 0 at 26027285, 0.659589 0.252917
2024-08-21 16:37:31,167 INFO recv 10 -> 7 # 0 at 1100181562, 0.659589 0.252917
2024-08-21 16:37:39,904 INFO CHECKSUM 10 8 0: 0.655368
2024-08-21 16:37:39,904 INFO CHECKSUM 10 8 0: 0.655368
2024-08-21 16:37:40,908 INFO sent 10 -> 8 # 0 at 23046033, 0.234652 0.437743
2024-08-21 16:37:40,908 INFO recv 10 -> 8 # 0 at 1035440179, 0.234652 0.437743
2024-08-21 16:37:49,751 INFO CHECKSUM 10 9 0: 1.325553
2024-08-21 16:37:49,751 INFO CHECKSUM 10 9 0: 1.325553
2024-08-21 16:37:50,801 INFO recv 10 -> 9 # 0 at 1146962750, 0.779124 0.566908
2024-08-21 16:37:50,801 INFO sent 10 -> 9 # 0 at 97152929, 0.779124 0.566908
2024-08-21 16:37:59,707 INFO CHECKSUM 10 11 0: 1.222183
2024-08-21 16:37:59,708 INFO CHECKSUM 10 11 0: 1.222183
2024-08-21 16:38:00,777 INFO sent 10 -> 11 # 0 at 204384271, 0.999156 0.783150
2024-08-21 16:38:00,777 INFO recv 10 -> 11 # 0 at 1274143601, 0.999156 0.783150
2024-08-21 16:38:09,702 INFO CHECKSUM 10 12 0: 1.962624
2024-08-21 16:38:09,702 INFO CHECKSUM 10 12 0: 1.962624
2024-08-21 16:38:10,767 INFO sent 10 -> 12 # 0 at 187153006, 0.119199 0.713937
2024-08-21 16:38:10,767 INFO recv 10 -> 12 # 0 at 1252279926, 0.119199 0.713937
2024-08-21 16:38:19,702 INFO CHECKSUM 10 13 0: 1.460346
2024-08-21 16:38:19,702 INFO CHECKSUM 10 13 0: 1.460346
2024-08-21 16:38:20,774 INFO sent 10 -> 13 # 0 at 179746477, 0.298885 0.416827
2024-08-21 16:38:20,774 INFO recv 10 -> 13 # 0 at 1250204989, 0.298885 0.416827
2024-08-21 16:38:29,690 INFO CHECKSUM 10 14 0: 0.942370
2024-08-21 16:38:29,691 INFO CHECKSUM 10 14 0: 0.942370
2024-08-21 16:38:30,804 INFO sent 10 -> 14 # 0 at 160439874, 0.081398 0.731478
2024-08-21 16:38:30,804 INFO recv 10 -> 14 # 0 at 1273800865, 0.081398 0.731478
2024-08-21 16:38:39,789 INFO CHECKSUM 10 15 0: 1.051668
2024-08-21 16:38:41,118 INFO Accepting from rank 11
2024-08-21 16:38:41,118 INFO Accepting from rank 11
2024-08-21 16:38:41,118 INFO Accepting from rank 11
2024-08-21 16:38:39,787 INFO CHECKSUM 10 15 0: 1.051668
2024-08-21 16:38:41,118 INFO Accepting from rank 11
2024-08-21 16:38:41,119 INFO Accepting from rank 11
2024-08-21 16:38:41,119 INFO Accepting from rank 11
2024-08-21 16:38:41,118 INFO Accepting from rank 11
2024-08-21 16:38:41,118 INFO sent 10 -> 15 # 0 at 210647492, 0.193136 0.607788
2024-08-21 16:38:41,119 INFO Accepting from rank 11
2024-08-21 16:38:41,119 INFO Accepting from rank 11
2024-08-21 16:38:41,118 INFO Accepting from rank 11
2024-08-21 16:38:41,118 INFO Sending from rank 11
2024-08-21 16:38:41,119 INFO Accepting from rank 11
2024-08-21 16:38:41,119 INFO Accepting from rank 11
2024-08-21 16:38:41,118 INFO Accepting from rank 11
2024-08-21 16:38:41,119 INFO Accepting from rank 11
2024-08-21 16:38:41,119 INFO recv 10 -> 15 # 0 at 1542558149, 0.193136 0.607788
2024-08-21 16:38:41,119 INFO Accepting from rank 11
2024-08-21 16:38:49,841 INFO CHECKSUM 11 0 0: 1.685063
2024-08-21 16:38:49,841 INFO CHECKSUM 11 0 0: 1.685063
2024-08-21 16:38:51,166 INFO recv 11 -> 0 # 0 at 1347935627, 0.139449 0.356451
2024-08-21 16:38:51,166 INFO sent 11 -> 0 # 0 at 23204734, 0.139449 0.356451
2024-08-21 16:38:59,983 INFO CHECKSUM 11 1 0: 1.044779
2024-08-21 16:38:59,983 INFO CHECKSUM 11 1 0: 1.044779
2024-08-21 16:39:01,163 INFO sent 11 -> 1 # 0 at 95870405, 0.960201 0.047525
2024-08-21 16:39:01,163 INFO recv 11 -> 1 # 0 at 1275970757, 0.960201 0.047525
2024-08-21 16:39:09,918 INFO CHECKSUM 11 2 0: 1.616122
2024-08-21 16:39:09,917 INFO CHECKSUM 11 2 0: 1.616122
2024-08-21 16:39:11,354 INFO recv 11 -> 2 # 0 at 1451050760, 0.299558 0.237279
2024-08-21 16:39:11,354 INFO sent 11 -> 2 # 0 at 14672290, 0.299558 0.237279
2024-08-21 16:39:20,097 INFO CHECKSUM 11 3 0: 1.924424
2024-08-21 16:39:20,097 INFO CHECKSUM 11 3 0: 1.924424
2024-08-21 16:39:21,225 INFO sent 11 -> 3 # 0 at 35588598, 0.359839 0.785694
2024-08-21 16:39:21,226 INFO recv 11 -> 3 # 0 at 1164808211, 0.359839 0.785694
2024-08-21 16:39:30,050 INFO CHECKSUM 11 4 0: 1.531269
2024-08-21 16:39:30,050 INFO CHECKSUM 11 4 0: 1.531269
2024-08-21 16:39:31,200 INFO sent 11 -> 4 # 0 at 89813380, 0.202635 0.037802
2024-08-21 16:39:31,200 INFO recv 11 -> 4 # 0 at 1252013963, 0.202635 0.037802
2024-08-21 16:39:39,967 INFO CHECKSUM 11 5 0: 1.774902
2024-08-21 16:39:39,968 INFO CHECKSUM 11 5 0: 1.774902
2024-08-21 16:39:40,989 INFO recv 11 -> 5 # 0 at 1105487097, 0.943426 0.024989
2024-08-21 16:39:40,990 INFO sent 11 -> 5 # 0 at 82898784, 0.943426 0.024989
2024-08-21 16:39:49,720 INFO CHECKSUM 11 6 0: 2.237636
2024-08-21 16:39:49,721 INFO CHECKSUM 11 6 0: 2.237636
2024-08-21 16:39:50,814 INFO sent 11 -> 6 # 0 at 14408709, 0.474521 0.264864
2024-08-21 16:39:50,814 INFO recv 11 -> 6 # 0 at 1107801849, 0.474521 0.264864
2024-08-21 16:39:59,546 INFO CHECKSUM 11 7 0: 1.525526
2024-08-21 16:39:59,563 INFO CHECKSUM 11 7 0: 1.525526
2024-08-21 16:40:00,745 INFO recv 11 -> 7 # 0 at 1214686846, 0.099076 0.081578
2024-08-21 16:40:00,747 INFO sent 11 -> 7 # 0 at 14700241, 0.099076 0.081578
2024-08-21 16:40:09,472 INFO CHECKSUM 11 8 0: 2.385728
2024-08-21 16:40:09,471 INFO CHECKSUM 11 8 0: 2.385728
2024-08-21 16:40:10,491 INFO recv 11 -> 8 # 0 at 1034166386, 0.068730 0.903820
2024-08-21 16:40:10,491 INFO sent 11 -> 8 # 0 at 14204114, 0.068730 0.903820
2024-08-21 16:40:19,253 INFO CHECKSUM 11 9 0: 1.257775
2024-08-21 16:40:19,253 INFO CHECKSUM 11 9 0: 1.257775
2024-08-21 16:40:20,390 INFO recv 11 -> 9 # 0 at 1151469802, 0.843549 0.648851
2024-08-21 16:40:20,390 INFO sent 11 -> 9 # 0 at 14525294, 0.843549 0.648851
2024-08-21 16:40:29,124 INFO CHECKSUM 11 10 0: 1.504746
2024-08-21 16:40:29,125 INFO CHECKSUM 11 10 0: 1.504746
2024-08-21 16:40:30,144 INFO recv 11 -> 10 # 0 at 1034667599, 0.667641 0.758477
2024-08-21 16:40:30,144 INFO sent 11 -> 10 # 0 at 14499703, 0.667641 0.758477
2024-08-21 16:40:39,082 INFO CHECKSUM 11 12 0: 0.866386
2024-08-21 16:40:39,082 INFO CHECKSUM 11 12 0: 0.866386
2024-08-21 16:40:40,166 INFO recv 11 -> 12 # 0 at 1322032815, 0.489407 0.935685
2024-08-21 16:40:40,176 INFO sent 11 -> 12 # 0 at 231902039, 0.489407 0.935685
2024-08-21 16:40:49,091 INFO CHECKSUM 11 13 0: 0.835282
2024-08-21 16:40:49,091 INFO CHECKSUM 11 13 0: 0.835282
2024-08-21 16:40:50,256 INFO sent 11 -> 13 # 0 at 202577187, 0.650364 0.309093
2024-08-21 16:40:50,256 INFO recv 11 -> 13 # 0 at 1365726222, 0.650364 0.309093
2024-08-21 16:40:59,202 INFO CHECKSUM 11 14 0: 1.467259
2024-08-21 16:40:59,203 INFO CHECKSUM 11 14 0: 1.467259
2024-08-21 16:41:00,314 INFO sent 11 -> 14 # 0 at 231682466, 0.625572 0.466651
2024-08-21 16:41:00,314 INFO recv 11 -> 14 # 0 at 1343966632, 0.625572 0.466651
2024-08-21 16:41:09,224 INFO CHECKSUM 11 15 0: 1.305131
2024-08-21 16:41:09,224 INFO CHECKSUM 11 15 0: 1.305131
2024-08-21 16:41:10,390 INFO Accepting from rank 12
2024-08-21 16:41:10,390 INFO Sending from rank 12
2024-08-21 16:41:10,390 INFO Accepting from rank 12
2024-08-21 16:41:10,390 INFO Accepting from rank 12
2024-08-21 16:41:10,390 INFO Accepting from rank 12
2024-08-21 16:41:10,390 INFO Accepting from rank 12
2024-08-21 16:41:10,390 INFO Accepting from rank 12
2024-08-21 16:41:10,390 INFO Accepting from rank 12
2024-08-21 16:41:10,390 INFO Accepting from rank 12
2024-08-21 16:41:10,390 INFO Accepting from rank 12
2024-08-21 16:41:10,390 INFO Accepting from rank 12
2024-08-21 16:41:10,390 INFO Accepting from rank 12
2024-08-21 16:41:10,390 INFO Accepting from rank 12
2024-08-21 16:41:10,390 INFO sent 11 -> 15 # 0 at 205704351, 0.226928 0.539491
2024-08-21 16:41:10,390 INFO Accepting from rank 12
2024-08-21 16:41:10,390 INFO recv 11 -> 15 # 0 at 1374832648, 0.226928 0.539491
2024-08-21 16:41:10,390 INFO Accepting from rank 12
2024-08-21 16:41:10,390 INFO Accepting from rank 12
2024-08-21 16:41:19,155 INFO CHECKSUM 12 0 0: 0.855045
2024-08-21 16:41:19,155 INFO CHECKSUM 12 0 0: 0.855045
2024-08-21 16:41:20,337 INFO recv 12 -> 0 # 0 at 1225030708, 0.683208 0.572013
2024-08-21 16:41:20,337 INFO sent 12 -> 0 # 0 at 42807095, 0.683208 0.572013
2024-08-21 16:41:29,155 INFO CHECKSUM 12 1 0: 1.680946
2024-08-21 16:41:29,154 INFO CHECKSUM 12 1 0: 1.680946
2024-08-21 16:41:30,138 INFO recv 12 -> 1 # 0 at 1057845171, 0.341635 0.383621
2024-08-21 16:41:30,138 INFO sent 12 -> 1 # 0 at 74274522, 0.341635 0.383621
2024-08-21 16:41:38,963 INFO CHECKSUM 12 2 0: 1.685505
2024-08-21 16:41:38,963 INFO CHECKSUM 12 2 0: 1.685505
2024-08-21 16:41:40,250 INFO recv 12 -> 2 # 0 at 1376022418, 0.380865 0.209530
2024-08-21 16:41:40,250 INFO sent 12 -> 2 # 0 at 88747621, 0.380865 0.209530
2024-08-21 16:41:49,015 INFO CHECKSUM 12 3 0: 1.001771
2024-08-21 16:41:49,015 INFO CHECKSUM 12 3 0: 1.001771
2024-08-21 16:41:50,100 INFO sent 12 -> 3 # 0 at 28200509, 0.955106 0.355371
2024-08-21 16:41:50,109 INFO recv 12 -> 3 # 0 at 1122344756, 0.955106 0.355371
2024-08-21 16:41:58,851 INFO CHECKSUM 12 4 0: 1.099378
2024-08-21 16:41:58,853 INFO CHECKSUM 12 4 0: 1.099378
2024-08-21 16:42:00,122 INFO recv 12 -> 4 # 0 at 1284965837, 0.030928 0.441784
2024-08-21 16:42:00,122 INFO sent 12 -> 4 # 0 at 14345994, 0.030928 0.441784
2024-08-21 16:42:08,880 INFO CHECKSUM 12 5 0: 0.885352
2024-08-21 16:42:08,880 INFO CHECKSUM 12 5 0: 0.885352
2024-08-21 16:42:10,008 INFO recv 12 -> 5 # 0 at 1142743838, 0.505681 0.792700
2024-08-21 16:42:10,008 INFO sent 12 -> 5 # 0 at 18713558, 0.505681 0.792700
2024-08-21 16:42:18,779 INFO CHECKSUM 12 6 0: 1.393373
2024-08-21 16:42:18,771 INFO CHECKSUM 12 6 0: 1.393373
2024-08-21 16:42:19,903 INFO recv 12 -> 6 # 0 at 1161951310, 0.764850 0.704143
2024-08-21 16:42:19,903 INFO sent 12 -> 6 # 0 at 30225950, 0.764850 0.704143
2024-08-21 16:42:28,725 INFO CHECKSUM 12 7 0: 1.650695
2024-08-21 16:42:28,726 INFO CHECKSUM 12 7 0: 1.650695
2024-08-21 16:42:30,029 INFO sent 12 -> 7 # 0 at 89105193, 0.147366 0.512899
2024-08-21 16:42:30,039 INFO recv 12 -> 7 # 0 at 1393983516, 0.147366 0.512899
2024-08-21 16:42:38,840 INFO CHECKSUM 12 8 0: 1.207835
2024-08-21 16:42:38,845 INFO CHECKSUM 12 8 0: 1.207835
2024-08-21 16:42:39,825 INFO recv 12 -> 8 # 0 at 1068342393, 0.671695 0.835137
2024-08-21 16:42:39,825 INFO sent 12 -> 8 # 0 at 82585483, 0.671695 0.835137
2024-08-21 16:42:48,630 INFO CHECKSUM 12 9 0: 1.390134
2024-08-21 16:42:48,630 INFO CHECKSUM 12 9 0: 1.390134
2024-08-21 16:42:49,967 INFO sent 12 -> 9 # 0 at 98678350, 0.017079 0.019044
2024-08-21 16:42:49,971 INFO recv 12 -> 9 # 0 at 1436469824, 0.017079 0.019044
2024-08-21 16:42:58,717 INFO CHECKSUM 12 10 0: 1.605607
2024-08-21 16:42:58,718 INFO CHECKSUM 12 10 0: 1.605607
2024-08-21 16:42:59,804 INFO recv 12 -> 10 # 0 at 1100935861, 0.582291 0.599194
2024-08-21 16:42:59,804 INFO sent 12 -> 10 # 0 at 14718212, 0.582291 0.599194
2024-08-21 16:43:08,538 INFO CHECKSUM 12 11 0: 1.347349
2024-08-21 16:43:08,538 INFO CHECKSUM 12 11 0: 1.347349
2024-08-21 16:43:09,710 INFO recv 12 -> 11 # 0 at 1186931772, 0.634560 0.500537
2024-08-21 16:43:09,710 INFO sent 12 -> 11 # 0 at 14900655, 0.634560 0.500537
2024-08-21 16:43:18,635 INFO CHECKSUM 12 13 0: 1.788287
2024-08-21 16:43:18,636 INFO CHECKSUM 12 13 0: 1.788287
2024-08-21 16:43:19,791 INFO sent 12 -> 13 # 0 at 214239150, 0.210451 0.467250
2024-08-21 16:43:19,791 INFO recv 12 -> 13 # 0 at 1369863272, 0.210451 0.467250
2024-08-21 16:43:28,720 INFO CHECKSUM 12 14 0: 0.557189
2024-08-21 16:43:28,719 INFO CHECKSUM 12 14 0: 0.557189
2024-08-21 16:43:29,969 INFO sent 12 -> 14 # 0 at 215288278, 0.668201 0.891125
2024-08-21 16:43:29,969 INFO recv 12 -> 14 # 0 at 1465925211, 0.668201 0.891125
2024-08-21 16:43:38,887 INFO CHECKSUM 12 15 0: 0.862453
2024-08-21 16:43:40,083 INFO Accepting from rank 13
2024-08-21 16:43:38,887 INFO CHECKSUM 12 15 0: 0.862453
2024-08-21 16:43:40,090 INFO Accepting from rank 13
2024-08-21 16:43:40,090 INFO Accepting from rank 13
2024-08-21 16:43:40,090 INFO Accepting from rank 13
2024-08-21 16:43:40,090 INFO sent 12 -> 15 # 0 at 204509683, 0.980780 0.081718
2024-08-21 16:43:40,090 INFO Accepting from rank 13
2024-08-21 16:43:40,090 INFO Accepting from rank 13
2024-08-21 16:43:40,090 INFO Accepting from rank 13
2024-08-21 16:43:40,090 INFO Accepting from rank 13
2024-08-21 16:43:40,090 INFO Accepting from rank 13
2024-08-21 16:43:40,090 INFO Accepting from rank 13
2024-08-21 16:43:40,090 INFO Accepting from rank 13
2024-08-21 16:43:40,091 INFO Accepting from rank 13
2024-08-21 16:43:40,090 INFO Accepting from rank 13
2024-08-21 16:43:40,090 INFO Accepting from rank 13
2024-08-21 16:43:40,096 INFO Sending from rank 13
2024-08-21 16:43:40,096 INFO recv 12 -> 15 # 0 at 1414382555, 0.980780 0.081718
2024-08-21 16:43:40,096 INFO Accepting from rank 13
2024-08-21 16:43:48,808 INFO CHECKSUM 13 0 0: 0.934997
2024-08-21 16:43:48,808 INFO CHECKSUM 13 0 0: 0.934997
2024-08-21 16:43:49,891 INFO recv 13 -> 0 # 0 at 1098220473, 0.460428 0.922069
2024-08-21 16:43:49,891 INFO sent 13 -> 0 # 0 at 14820911, 0.460428 0.922069
2024-08-21 16:43:58,869 INFO CHECKSUM 13 1 0: 1.553719
2024-08-21 16:43:58,869 INFO CHECKSUM 13 1 0: 1.553719
2024-08-21 16:44:00,058 INFO recv 13 -> 1 # 0 at 1205017087, 0.858955 0.222937
2024-08-21 16:44:00,058 INFO sent 13 -> 1 # 0 at 14654890, 0.858955 0.222937
2024-08-21 16:44:08,762 INFO CHECKSUM 13 2 0: 2.421801
2024-08-21 16:44:08,762 INFO CHECKSUM 13 2 0: 2.421801
2024-08-21 16:44:09,830 INFO recv 13 -> 2 # 0 at 1083085019, 0.175741 0.543790
2024-08-21 16:44:09,830 INFO sent 13 -> 2 # 0 at 14809128, 0.175741 0.543790
2024-08-21 16:44:18,711 INFO CHECKSUM 13 3 0: 1.728970
2024-08-21 16:44:18,711 INFO CHECKSUM 13 3 0: 1.728970
2024-08-21 16:44:19,590 INFO recv 13 -> 3 # 0 at 894567643, 0.517686 0.241368
2024-08-21 16:44:19,590 INFO sent 13 -> 3 # 0 at 22907647, 0.517686 0.241368
2024-08-21 16:44:29,008 INFO CHECKSUM 13 4 0: 1.266616
2024-08-21 16:44:28,998 INFO CHECKSUM 13 4 0: 1.266616
2024-08-21 16:44:30,086 INFO recv 13 -> 4 # 0 at 1102361682, 0.344334 0.084540
2024-08-21 16:44:30,086 INFO sent 13 -> 4 # 0 at 14468671, 0.344334 0.084540
2024-08-21 16:44:38,837 INFO CHECKSUM 13 5 0: 1.210751
2024-08-21 16:44:38,837 INFO CHECKSUM 13 5 0: 1.210751
2024-08-21 16:44:39,983 INFO recv 13 -> 5 # 0 at 1178914255, 0.144066 0.669743
2024-08-21 16:44:39,983 INFO sent 13 -> 5 # 0 at 32942988, 0.144066 0.669743
2024-08-21 16:44:48,696 INFO CHECKSUM 13 6 0: 1.195004
2024-08-21 16:44:48,696 INFO CHECKSUM 13 6 0: 1.195004
2024-08-21 16:44:49,882 INFO sent 13 -> 6 # 0 at 15362617, 0.191279 0.968095
2024-08-21 16:44:49,882 INFO recv 13 -> 6 # 0 at 1200572602, 0.191279 0.968095
2024-08-21 16:44:58,612 INFO CHECKSUM 13 7 0: 0.914023
2024-08-21 16:44:58,613 INFO CHECKSUM 13 7 0: 0.914023
2024-08-21 16:44:59,753 INFO recv 13 -> 7 # 0 at 1155965978, 0.371333 0.169442
2024-08-21 16:44:59,756 INFO sent 13 -> 7 # 0 at 14281209, 0.371333 0.169442
2024-08-21 16:45:08,507 INFO CHECKSUM 13 8 0: 1.953604
2024-08-21 16:45:08,507 INFO CHECKSUM 13 8 0: 1.953604
2024-08-21 16:45:09,797 INFO recv 13 -> 8 # 0 at 1334805877, 0.197861 0.714437
2024-08-21 16:45:09,797 INFO sent 13 -> 8 # 0 at 36976838, 0.197861 0.714437
2024-08-21 16:45:18,508 INFO CHECKSUM 13 9 0: 1.454890
2024-08-21 16:45:18,509 INFO CHECKSUM 13 9 0: 1.454890
2024-08-21 16:45:19,599 INFO recv 13 -> 9 # 0 at 1110654440, 0.249513 0.336859
2024-08-21 16:45:19,599 INFO sent 13 -> 9 # 0 at 14497526, 0.249513 0.336859
2024-08-21 16:45:28,328 INFO CHECKSUM 13 10 0: 1.654924
2024-08-21 16:45:28,329 INFO CHECKSUM 13 10 0: 1.654924
2024-08-21 16:45:29,434 INFO recv 13 -> 10 # 0 at 1119947615, 0.292833 0.690339
2024-08-21 16:45:29,438 INFO sent 13 -> 10 # 0 at 14378917, 0.292833 0.690339
2024-08-21 16:45:38,172 INFO CHECKSUM 13 11 0: 2.207432
2024-08-21 16:45:38,172 INFO CHECKSUM 13 11 0: 2.207432
2024-08-21 16:45:39,282 INFO recv 13 -> 11 # 0 at 1125734560, 0.061366 0.812973
2024-08-21 16:45:39,282 INFO sent 13 -> 11 # 0 at 18248291, 0.061366 0.812973
2024-08-21 16:45:48,026 INFO CHECKSUM 13 12 0: 1.786661
2024-08-21 16:45:48,027 INFO CHECKSUM 13 12 0: 1.786661
2024-08-21 16:45:49,327 INFO recv 13 -> 12 # 0 at 1334195853, 0.889638 0.014780
2024-08-21 16:45:49,327 INFO sent 13 -> 12 # 0 at 29990176, 0.889638 0.014780
2024-08-21 16:45:58,252 INFO CHECKSUM 13 14 0: 1.151972
2024-08-21 16:45:58,254 INFO CHECKSUM 13 14 0: 1.151972
2024-08-21 16:45:59,465 INFO sent 13 -> 14 # 0 at 215704174, 0.183597 0.006000
2024-08-21 16:45:59,465 INFO recv 13 -> 14 # 0 at 1429005828, 0.183597 0.006000
2024-08-21 16:46:08,367 INFO CHECKSUM 13 15 0: 1.119815
2024-08-21 16:46:08,369 INFO CHECKSUM 13 15 0: 1.119815
2024-08-21 16:46:09,414 INFO Accepting from rank 14
2024-08-21 16:46:09,414 INFO Accepting from rank 14
2024-08-21 16:46:09,414 INFO Accepting from rank 14
2024-08-21 16:46:09,414 INFO Accepting from rank 14
2024-08-21 16:46:09,414 INFO Accepting from rank 14
2024-08-21 16:46:09,414 INFO Accepting from rank 14
2024-08-21 16:46:09,414 INFO Accepting from rank 14
2024-08-21 16:46:09,414 INFO Sending from rank 14
2024-08-21 16:46:09,414 INFO Accepting from rank 14
2024-08-21 16:46:09,414 INFO sent 13 -> 15 # 0 at 205318347, 0.499067 0.158164
2024-08-21 16:46:09,415 INFO Accepting from rank 14
2024-08-21 16:46:09,415 INFO Accepting from rank 14
2024-08-21 16:46:09,414 INFO Accepting from rank 14
2024-08-21 16:46:09,414 INFO recv 13 -> 15 # 0 at 1251984979, 0.499067 0.158164
2024-08-21 16:46:09,415 INFO Accepting from rank 14
2024-08-21 16:46:09,415 INFO Accepting from rank 14
2024-08-21 16:46:09,414 INFO Accepting from rank 14
2024-08-21 16:46:09,414 INFO Accepting from rank 14
2024-08-21 16:46:18,158 INFO CHECKSUM 14 0 0: 1.517034
2024-08-21 16:46:19,424 INFO recv 14 -> 0 # 0 at 1304393019, 0.378919 0.659712
2024-08-21 16:46:18,155 INFO CHECKSUM 14 0 0: 1.517034
2024-08-21 16:46:19,424 INFO sent 14 -> 0 # 0 at 34887394, 0.378919 0.659712
2024-08-21 16:46:28,137 INFO CHECKSUM 14 1 0: 1.726512
2024-08-21 16:46:28,136 INFO CHECKSUM 14 1 0: 1.726512
2024-08-21 16:46:29,218 INFO recv 14 -> 1 # 0 at 1096015221, 0.340769 0.295673
2024-08-21 16:46:29,218 INFO sent 14 -> 1 # 0 at 14297611, 0.340769 0.295673
2024-08-21 16:46:38,046 INFO CHECKSUM 14 2 0: 1.285158
2024-08-21 16:46:38,046 INFO CHECKSUM 14 2 0: 1.285158
2024-08-21 16:46:39,258 INFO recv 14 -> 2 # 0 at 1304646052, 0.707759 0.443565
2024-08-21 16:46:39,258 INFO sent 14 -> 2 # 0 at 100815662, 0.707759 0.443565
2024-08-21 16:46:47,998 INFO CHECKSUM 14 3 0: 1.408460
2024-08-21 16:46:47,997 INFO CHECKSUM 14 3 0: 1.408460
2024-08-21 16:46:49,120 INFO recv 14 -> 3 # 0 at 1137757418, 0.796984 0.570602
2024-08-21 16:46:49,120 INFO sent 14 -> 3 # 0 at 20155934, 0.796984 0.570602
2024-08-21 16:46:57,880 INFO CHECKSUM 14 4 0: 1.034979
2024-08-21 16:46:57,880 INFO CHECKSUM 14 4 0: 1.034979
2024-08-21 16:46:58,879 INFO recv 14 -> 4 # 0 at 1014857864, 0.881691 0.356935
2024-08-21 16:46:58,879 INFO sent 14 -> 4 # 0 at 14563976, 0.881691 0.356935
2024-08-21 16:47:07,674 INFO CHECKSUM 14 5 0: 2.466153
2024-08-21 16:47:07,680 INFO CHECKSUM 14 5 0: 2.466153
2024-08-21 16:47:08,909 INFO recv 14 -> 5 # 0 at 1312160001, 0.110472 0.108392
2024-08-21 16:47:08,909 INFO sent 14 -> 5 # 0 at 76939954, 0.110472 0.108392
2024-08-21 16:47:17,631 INFO CHECKSUM 14 6 0: 1.008726
2024-08-21 16:47:17,631 INFO CHECKSUM 14 6 0: 1.008726
2024-08-21 16:47:18,783 INFO sent 14 -> 6 # 0 at 14583233, 0.765215 0.859309
2024-08-21 16:47:18,783 INFO recv 14 -> 6 # 0 at 1166764082, 0.765215 0.859309
2024-08-21 16:47:27,487 INFO CHECKSUM 14 7 0: 0.893335
2024-08-21 16:47:27,488 INFO CHECKSUM 14 7 0: 0.893335
2024-08-21 16:47:28,786 INFO sent 14 -> 7 # 0 at 14581129, 0.749158 0.398629
2024-08-21 16:47:28,786 INFO recv 14 -> 7 # 0 at 1313731670, 0.749158 0.398629
2024-08-21 16:47:37,498 INFO CHECKSUM 14 8 0: 0.730703
2024-08-21 16:47:37,497 INFO CHECKSUM 14 8 0: 0.730703
2024-08-21 16:47:38,525 INFO recv 14 -> 8 # 0 at 1042692317, 0.006390 0.241790
2024-08-21 16:47:38,525 INFO sent 14 -> 8 # 0 at 14491455, 0.006390 0.241790
2024-08-21 16:47:47,330 INFO CHECKSUM 14 9 0: 1.461369
2024-08-21 16:47:47,330 INFO CHECKSUM 14 9 0: 1.461369
2024-08-21 16:47:48,430 INFO sent 14 -> 9 # 0 at 94960942, 0.172276 0.770008
2024-08-21 16:47:48,432 INFO recv 14 -> 9 # 0 at 1191049835, 0.172276 0.770008
2024-08-21 16:47:57,133 INFO CHECKSUM 14 10 0: 0.503917
2024-08-21 16:47:57,133 INFO CHECKSUM 14 10 0: 0.503917
2024-08-21 16:47:58,312 INFO recv 14 -> 10 # 0 at 1194344698, 0.100555 0.995578
2024-08-21 16:47:58,312 INFO sent 14 -> 10 # 0 at 14988505, 0.100555 0.995578
2024-08-21 16:48:07,096 INFO CHECKSUM 14 11 0: 1.325882
2024-08-21 16:48:07,106 INFO CHECKSUM 14 11 0: 1.325882
2024-08-21 16:48:08,057 INFO recv 14 -> 11 # 0 at 1039950729, 0.102831 0.050935
2024-08-21 16:48:08,057 INFO sent 14 -> 11 # 0 at 78913713, 0.102831 0.050935
2024-08-21 16:48:16,836 INFO CHECKSUM 14 12 0: 1.861726
2024-08-21 16:48:16,836 INFO CHECKSUM 14 12 0: 1.861726
2024-08-21 16:48:17,978 INFO recv 14 -> 12 # 0 at 1232978563, 0.152194 0.170126
2024-08-21 16:48:17,978 INFO sent 14 -> 12 # 0 at 90542671, 0.152194 0.170126
2024-08-21 16:48:26,704 INFO CHECKSUM 14 13 0: 2.111054
2024-08-21 16:48:26,705 INFO CHECKSUM 14 13 0: 2.111054
2024-08-21 16:48:27,983 INFO recv 14 -> 13 # 0 at 1293020092, 0.360820 0.807026
2024-08-21 16:48:27,983 INFO sent 14 -> 13 # 0 at 14165315, 0.360820 0.807026
2024-08-21 16:48:36,850 INFO CHECKSUM 14 15 0: 0.925982
2024-08-21 16:48:38,144 INFO Accepting from rank 15
2024-08-21 16:48:38,144 INFO Accepting from rank 15
2024-08-21 16:48:38,144 INFO Accepting from rank 15
2024-08-21 16:48:36,851 INFO CHECKSUM 14 15 0: 0.925982
2024-08-21 16:48:38,144 INFO Accepting from rank 15
2024-08-21 16:48:38,145 INFO Accepting from rank 15
2024-08-21 16:48:38,145 INFO Accepting from rank 15
2024-08-21 16:48:38,144 INFO Accepting from rank 15
2024-08-21 16:48:38,144 INFO Accepting from rank 15
2024-08-21 16:48:38,145 INFO Accepting from rank 15
2024-08-21 16:48:38,144 INFO Accepting from rank 15
2024-08-21 16:48:38,144 INFO Accepting from rank 15
2024-08-21 16:48:38,145 INFO Accepting from rank 15
2024-08-21 16:48:38,147 INFO Accepting from rank 15
2024-08-21 16:48:38,145 INFO sent 14 -> 15 # 0 at 182545741, 0.878752 0.851904
2024-08-21 16:48:38,147 INFO Accepting from rank 15
2024-08-21 16:48:38,145 INFO recv 14 -> 15 # 0 at 1476771482, 0.878752 0.851904
2024-08-21 16:48:38,145 INFO Accepting from rank 15
2024-08-21 16:48:38,145 INFO Sending from rank 15
2024-08-21 16:48:46,842 INFO CHECKSUM 15 0 0: 1.127825
2024-08-21 16:48:46,842 INFO CHECKSUM 15 0 0: 1.127825
2024-08-21 16:48:47,972 INFO recv 15 -> 0 # 0 at 1145172844, 0.106527 0.224083
2024-08-21 16:48:47,978 INFO sent 15 -> 0 # 0 at 15014364, 0.106527 0.224083
2024-08-21 16:48:56,717 INFO CHECKSUM 15 1 0: 1.000518
2024-08-21 16:48:56,717 INFO CHECKSUM 15 1 0: 1.000518
2024-08-21 16:48:57,935 INFO recv 15 -> 1 # 0 at 1249186191, 0.680447 0.838538
2024-08-21 16:48:57,935 INFO sent 15 -> 1 # 0 at 30654437, 0.680447 0.838538
2024-08-21 16:49:06,671 INFO CHECKSUM 15 2 0: 1.145435
2024-08-21 16:49:06,670 INFO CHECKSUM 15 2 0: 1.145435
2024-08-21 16:49:08,058 INFO recv 15 -> 2 # 0 at 1420593592, 0.806749 0.082217
2024-08-21 16:49:08,058 INFO sent 15 -> 2 # 0 at 35011181, 0.806749 0.082217
2024-08-21 16:49:16,816 INFO CHECKSUM 15 3 0: 0.880588
2024-08-21 16:49:16,816 INFO CHECKSUM 15 3 0: 0.880588
2024-08-21 16:49:18,108 INFO recv 15 -> 3 # 0 at 1323216874, 0.810431 0.315588
2024-08-21 16:49:18,108 INFO sent 15 -> 3 # 0 at 37924838, 0.810431 0.315588
2024-08-21 16:49:26,848 INFO CHECKSUM 15 4 0: 1.059156
2024-08-21 16:49:26,848 INFO CHECKSUM 15 4 0: 1.059156
2024-08-21 16:49:28,051 INFO recv 15 -> 4 # 0 at 1229942829, 0.737593 0.825672
2024-08-21 16:49:28,058 INFO sent 15 -> 4 # 0 at 22040584, 0.737593 0.825672
2024-08-21 16:49:36,801 INFO CHECKSUM 15 5 0: 1.882481
2024-08-21 16:49:36,801 INFO CHECKSUM 15 5 0: 1.882481
2024-08-21 16:49:37,995 INFO sent 15 -> 5 # 0 at 23712132, 0.081494 0.965068
2024-08-21 16:49:37,995 INFO recv 15 -> 5 # 0 at 1209478715, 0.081494 0.965068
2024-08-21 16:49:46,718 INFO CHECKSUM 15 6 0: 1.648293
2024-08-21 16:49:46,718 INFO CHECKSUM 15 6 0: 1.648293
2024-08-21 16:49:47,915 INFO recv 15 -> 6 # 0 at 1212105288, 0.752267 0.262061
2024-08-21 16:49:47,915 INFO sent 15 -> 6 # 0 at 15018904, 0.752267 0.262061
2024-08-21 16:49:56,740 INFO CHECKSUM 15 7 0: 2.034413
2024-08-21 16:49:56,740 INFO CHECKSUM 15 7 0: 2.034413
2024-08-21 16:49:57,885 INFO recv 15 -> 7 # 0 at 1234473353, 0.121119 0.432367
2024-08-21 16:49:57,886 INFO sent 15 -> 7 # 0 at 89129811, 0.121119 0.432367
2024-08-21 16:50:06,650 INFO CHECKSUM 15 8 0: 0.612639
2024-08-21 16:50:06,649 INFO CHECKSUM 15 8 0: 0.612639
2024-08-21 16:50:07,777 INFO recv 15 -> 8 # 0 at 1143731660, 0.497121 0.263509
2024-08-21 16:50:07,777 INFO sent 15 -> 8 # 0 at 14698154, 0.497121 0.263509
2024-08-21 16:50:16,604 INFO CHECKSUM 15 9 0: 1.946834
2024-08-21 16:50:16,604 INFO CHECKSUM 15 9 0: 1.946834
2024-08-21 16:50:17,711 INFO recv 15 -> 9 # 0 at 1204901450, 0.666716 0.979326
2024-08-21 16:50:17,711 INFO sent 15 -> 9 # 0 at 89822490, 0.666716 0.979326
2024-08-21 16:50:26,489 INFO CHECKSUM 15 10 0: 0.781371
2024-08-21 16:50:26,499 INFO CHECKSUM 15 10 0: 0.781371
2024-08-21 16:50:27,565 INFO recv 15 -> 10 # 0 at 1090053136, 0.543623 0.592048
2024-08-21 16:50:27,565 INFO sent 15 -> 10 # 0 at 14442080, 0.543623 0.592048
2024-08-21 16:50:36,414 INFO CHECKSUM 15 11 0: 0.972666
2024-08-21 16:50:36,414 INFO CHECKSUM 15 11 0: 0.972666
2024-08-21 16:50:37,534 INFO recv 15 -> 11 # 0 at 1214485956, 0.614504 0.830682
2024-08-21 16:50:37,534 INFO sent 15 -> 11 # 0 at 95972515, 0.614504 0.830682
2024-08-21 16:50:46,355 INFO CHECKSUM 15 12 0: 2.080595
2024-08-21 16:50:46,356 INFO CHECKSUM 15 12 0: 2.080595
2024-08-21 16:50:47,486 INFO recv 15 -> 12 # 0 at 1214510153, 0.897816 0.046964
2024-08-21 16:50:47,486 INFO sent 15 -> 12 # 0 at 83112050, 0.897816 0.046964
2024-08-21 16:50:56,246 INFO CHECKSUM 15 13 0: 1.656998
2024-08-21 16:50:56,246 INFO CHECKSUM 15 13 0: 1.656998
2024-08-21 16:50:57,265 INFO recv 15 -> 13 # 0 at 1058244573, 0.021890 0.544573
2024-08-21 16:50:57,265 INFO sent 15 -> 13 # 0 at 39135716, 0.021890 0.544573
2024-08-21 16:51:05,996 INFO CHECKSUM 15 14 0: 1.017714
2024-08-21 16:51:07,099 INFO Rank 8 start All-Reduce
2024-08-21 16:51:07,099 INFO Rank 0 start All-Reduce
2024-08-21 16:51:07,099 INFO Rank 4 start All-Reduce
2024-08-21 16:51:05,997 INFO CHECKSUM 15 14 0: 1.017714
2024-08-21 16:51:07,099 INFO Rank 9 start All-Reduce
2024-08-21 16:51:07,099 INFO Rank 2 start All-Reduce
2024-08-21 16:51:07,099 INFO Rank 6 start All-Reduce
2024-08-21 16:51:07,099 INFO Rank 12 start All-Reduce
2024-08-21 16:51:07,099 INFO Rank 10 start All-Reduce
2024-08-21 16:51:07,099 INFO Rank 3 start All-Reduce
2024-08-21 16:51:07,099 INFO Rank 13 start All-Reduce
2024-08-21 16:51:07,099 INFO Rank 11 start All-Reduce
2024-08-21 16:51:07,099 INFO Rank 1 start All-Reduce
2024-08-21 16:51:07,099 INFO recv 15 -> 14 # 0 at 1116868984, 0.679909 0.263220
2024-08-21 16:51:07,099 INFO Rank 0 HIT BARRIER
2024-08-21 16:51:07,099 INFO sent 15 -> 14 # 0 at 14536822, 0.679909 0.263220
2024-08-21 16:51:07,099 INFO Rank 2 HIT BARRIER
2024-08-21 16:51:07,099 INFO Rank 14 start All-Reduce
2024-08-21 16:51:07,099 INFO Rank 3 HIT BARRIER
2024-08-21 16:51:07,099 INFO Rank 15 start All-Reduce
2024-08-21 16:51:07,099 INFO Rank 1 HIT BARRIER
2024-08-21 16:51:07,105 INFO Rank 5 start All-Reduce
2024-08-21 16:51:07,105 INFO Rank 7 start All-Reduce
2024-08-21 16:51:07,114 INFO Added key: store_based_barrier_key:2 to store for rank: 8
2024-08-21 16:51:07,114 INFO Added key: store_based_barrier_key:2 to store for rank: 2
2024-08-21 16:51:07,114 INFO Added key: store_based_barrier_key:2 to store for rank: 5
2024-08-21 16:51:07,114 INFO Added key: store_based_barrier_key:2 to store for rank: 12
2024-08-21 16:51:07,114 INFO Added key: store_based_barrier_key:2 to store for rank: 9
2024-08-21 16:51:07,114 INFO Added key: store_based_barrier_key:2 to store for rank: 3
2024-08-21 16:51:07,114 INFO Added key: store_based_barrier_key:2 to store for rank: 6
2024-08-21 16:51:07,114 INFO Added key: store_based_barrier_key:2 to store for rank: 13
2024-08-21 16:51:07,114 INFO Added key: store_based_barrier_key:2 to store for rank: 11
2024-08-21 16:51:07,114 INFO Added key: store_based_barrier_key:2 to store for rank: 1
2024-08-21 16:51:07,114 INFO Added key: store_based_barrier_key:2 to store for rank: 7
2024-08-21 16:51:07,114 INFO Added key: store_based_barrier_key:2 to store for rank: 14
2024-08-21 16:51:07,114 INFO Added key: store_based_barrier_key:2 to store for rank: 10
2024-08-21 16:51:07,114 INFO Added key: store_based_barrier_key:2 to store for rank: 0
2024-08-21 16:51:07,114 INFO Added key: store_based_barrier_key:2 to store for rank: 4
2024-08-21 16:51:07,114 INFO Added key: store_based_barrier_key:2 to store for rank: 15
2024-08-21 16:51:07,115 INFO Rank 0: Completed store-based barrier for key:store_based_barrier_key:2 with 16 nodes.
2024-08-21 16:51:07,115 INFO Made group
2024-08-21 16:51:07,125 INFO Rank 8: Completed store-based barrier for key:store_based_barrier_key:2 with 16 nodes.
2024-08-21 16:51:07,124 INFO Rank 2: Completed store-based barrier for key:store_based_barrier_key:2 with 16 nodes.
2024-08-21 16:51:07,124 INFO Rank 4: Completed store-based barrier for key:store_based_barrier_key:2 with 16 nodes.
2024-08-21 16:51:07,125 INFO Rank 9: Completed store-based barrier for key:store_based_barrier_key:2 with 16 nodes.
2024-08-21 16:51:07,124 INFO Made group
2024-08-21 16:51:07,124 INFO Rank 5: Completed store-based barrier for key:store_based_barrier_key:2 with 16 nodes.
2024-08-21 16:51:07,125 INFO Rank 12: Completed store-based barrier for key:store_based_barrier_key:2 with 16 nodes.
2024-08-21 16:51:07,125 INFO Rank 10: Completed store-based barrier for key:store_based_barrier_key:2 with 16 nodes.
2024-08-21 16:51:07,124 INFO Rank 3: Completed store-based barrier for key:store_based_barrier_key:2 with 16 nodes.
2024-08-21 16:51:07,124 INFO Rank 6: Completed store-based barrier for key:store_based_barrier_key:2 with 16 nodes.
2024-08-21 16:51:07,125 INFO Rank 13: Completed store-based barrier for key:store_based_barrier_key:2 with 16 nodes.
2024-08-21 16:51:07,125 INFO Rank 11: Completed store-based barrier for key:store_based_barrier_key:2 with 16 nodes.
2024-08-21 16:51:07,124 INFO Made group
2024-08-21 16:51:07,124 INFO Rank 7: Completed store-based barrier for key:store_based_barrier_key:2 with 16 nodes.
2024-08-21 16:51:07,125 INFO Rank 14: Completed store-based barrier for key:store_based_barrier_key:2 with 16 nodes.
2024-08-21 16:51:07,124 INFO Rank 1: Completed store-based barrier for key:store_based_barrier_key:2 with 16 nodes.
2024-08-21 16:51:07,125 INFO Rank 15: Completed store-based barrier for key:store_based_barrier_key:2 with 16 nodes.
2024-08-21 16:51:07,124 INFO Made group
2024-08-21 16:51:07,469 INFO Node Reduce CHECKSUM 1: 4.360860
2024-08-21 16:51:07,473 INFO Node Reduce CHECKSUM 2: 4.360860
2024-08-21 16:51:07,411 INFO Node Reduce CHECKSUM 0: 4.360860
2024-08-21 16:51:07,408 INFO Node Reduce CHECKSUM 3: 4.360860
2024-08-21 16:51:07,492 INFO Node Reduce rank 0 at 378704449
2024-08-21 16:51:07,492 INFO Rank 4 HIT BARRIER
2024-08-21 16:51:07,497 INFO Node Reduce rank 1 at 383483689
2024-08-21 16:51:07,497 INFO Node Reduce rank 3 at 383484090
2024-08-21 16:51:07,497 INFO Node Reduce rank 2 at 383968297
2024-08-21 16:51:07,497 INFO Rank 5 HIT BARRIER
2024-08-21 16:51:07,497 INFO Rank 6 HIT BARRIER
2024-08-21 16:51:07,497 INFO Rank 7 HIT BARRIER
2024-08-21 16:51:07,515 INFO Added key: store_based_barrier_key:3 to store for rank: 8
2024-08-21 16:51:07,515 INFO Added key: store_based_barrier_key:3 to store for rank: 14
2024-08-21 16:51:07,515 INFO Added key: store_based_barrier_key:3 to store for rank: 1
2024-08-21 16:51:07,515 INFO Added key: store_based_barrier_key:3 to store for rank: 4
2024-08-21 16:51:07,515 INFO Added key: store_based_barrier_key:3 to store for rank: 11
2024-08-21 16:51:07,514 INFO Added key: store_based_barrier_key:3 to store for rank: 2
2024-08-21 16:51:07,515 INFO Added key: store_based_barrier_key:3 to store for rank: 6
2024-08-21 16:51:07,515 INFO Added key: store_based_barrier_key:3 to store for rank: 12
2024-08-21 16:51:07,515 INFO Added key: store_based_barrier_key:3 to store for rank: 10
2024-08-21 16:51:07,515 INFO Added key: store_based_barrier_key:3 to store for rank: 3
2024-08-21 16:51:07,515 INFO Added key: store_based_barrier_key:3 to store for rank: 7
2024-08-21 16:51:07,515 INFO Added key: store_based_barrier_key:3 to store for rank: 13
2024-08-21 16:51:07,515 INFO Added key: store_based_barrier_key:3 to store for rank: 9
2024-08-21 16:51:07,515 INFO Added key: store_based_barrier_key:3 to store for rank: 0
2024-08-21 16:51:07,515 INFO Added key: store_based_barrier_key:3 to store for rank: 5
2024-08-21 16:51:07,515 INFO Added key: store_based_barrier_key:3 to store for rank: 15
2024-08-21 16:51:07,515 INFO Rank 9: Completed store-based barrier for key:store_based_barrier_key:3 with 16 nodes.
2024-08-21 16:51:07,515 INFO Rank 0: Completed store-based barrier for key:store_based_barrier_key:3 with 16 nodes.
2024-08-21 16:51:07,515 INFO Rank 5: Completed store-based barrier for key:store_based_barrier_key:3 with 16 nodes.
2024-08-21 16:51:07,515 INFO Rank 12: Completed store-based barrier for key:store_based_barrier_key:3 with 16 nodes.
2024-08-21 16:51:07,515 INFO Rank 6: Completed store-based barrier for key:store_based_barrier_key:3 with 16 nodes.
2024-08-21 16:51:07,515 INFO Made group
2024-08-21 16:51:07,515 INFO Rank 15: Completed store-based barrier for key:store_based_barrier_key:3 with 16 nodes.
2024-08-21 16:51:07,515 INFO Rank 7: Completed store-based barrier for key:store_based_barrier_key:3 with 16 nodes.
2024-08-21 16:51:07,515 INFO Made group
2024-08-21 16:51:07,515 INFO Rank 13: Completed store-based barrier for key:store_based_barrier_key:3 with 16 nodes.
2024-08-21 16:51:07,515 INFO Made group
2024-08-21 16:51:07,525 INFO Rank 8: Completed store-based barrier for key:store_based_barrier_key:3 with 16 nodes.
2024-08-21 16:51:07,525 INFO Rank 2: Completed store-based barrier for key:store_based_barrier_key:3 with 16 nodes.
2024-08-21 16:51:07,525 INFO Rank 4: Completed store-based barrier for key:store_based_barrier_key:3 with 16 nodes.
2024-08-21 16:51:07,525 INFO Rank 14: Completed store-based barrier for key:store_based_barrier_key:3 with 16 nodes.
2024-08-21 16:51:07,525 INFO Rank 10: Completed store-based barrier for key:store_based_barrier_key:3 with 16 nodes.
2024-08-21 16:51:07,525 INFO Rank 1: Completed store-based barrier for key:store_based_barrier_key:3 with 16 nodes.
2024-08-21 16:51:07,525 INFO Made group
2024-08-21 16:51:07,525 INFO Rank 11: Completed store-based barrier for key:store_based_barrier_key:3 with 16 nodes.
2024-08-21 16:51:07,525 INFO Rank 3: Completed store-based barrier for key:store_based_barrier_key:3 with 16 nodes.
2024-08-21 16:51:07,838 INFO Node Reduce CHECKSUM 5: 5.431814
2024-08-21 16:51:07,858 INFO Rank 8 HIT BARRIER
2024-08-21 16:51:07,779 INFO Node Reduce CHECKSUM 4: 5.431814
2024-08-21 16:51:07,858 INFO Rank 9 HIT BARRIER
2024-08-21 16:51:07,838 INFO Node Reduce CHECKSUM 6: 5.431814
2024-08-21 16:51:07,858 INFO Rank 10 HIT BARRIER
2024-08-21 16:51:07,779 INFO Node Reduce CHECKSUM 7: 5.431814
2024-08-21 16:51:07,858 INFO Rank 11 HIT BARRIER
2024-08-21 16:51:07,858 INFO Node Reduce rank 4 at 343375629
2024-08-21 16:51:07,858 INFO Node Reduce rank 5 at 343380869
2024-08-21 16:51:07,858 INFO Node Reduce rank 6 at 343380549
2024-08-21 16:51:07,858 INFO Node Reduce rank 7 at 343382302
2024-08-21 16:51:07,866 INFO Added key: store_based_barrier_key:4 to store for rank: 8
2024-08-21 16:51:07,866 INFO Added key: store_based_barrier_key:4 to store for rank: 3
2024-08-21 16:51:07,866 INFO Added key: store_based_barrier_key:4 to store for rank: 4
2024-08-21 16:51:07,866 INFO Added key: store_based_barrier_key:4 to store for rank: 12
2024-08-21 16:51:07,866 INFO Added key: store_based_barrier_key:4 to store for rank: 11
2024-08-21 16:51:07,866 INFO Added key: store_based_barrier_key:4 to store for rank: 1
2024-08-21 16:51:07,866 INFO Added key: store_based_barrier_key:4 to store for rank: 5
2024-08-21 16:51:07,866 INFO Added key: store_based_barrier_key:4 to store for rank: 14
2024-08-21 16:51:07,866 INFO Added key: store_based_barrier_key:4 to store for rank: 9
2024-08-21 16:51:07,866 INFO Added key: store_based_barrier_key:4 to store for rank: 2
2024-08-21 16:51:07,866 INFO Added key: store_based_barrier_key:4 to store for rank: 6
2024-08-21 16:51:07,866 INFO Added key: store_based_barrier_key:4 to store for rank: 13
2024-08-21 16:51:07,866 INFO Added key: store_based_barrier_key:4 to store for rank: 10
2024-08-21 16:51:07,866 INFO Rank 2: Completed store-based barrier for key:store_based_barrier_key:4 with 16 nodes.
2024-08-21 16:51:07,866 INFO Added key: store_based_barrier_key:4 to store for rank: 7
2024-08-21 16:51:07,866 INFO Added key: store_based_barrier_key:4 to store for rank: 15
2024-08-21 16:51:07,866 INFO Rank 11: Completed store-based barrier for key:store_based_barrier_key:4 with 16 nodes.
2024-08-21 16:51:07,866 INFO Rank 3: Completed store-based barrier for key:store_based_barrier_key:4 with 16 nodes.
2024-08-21 16:51:07,867 INFO Rank 5: Completed store-based barrier for key:store_based_barrier_key:4 with 16 nodes.
2024-08-21 16:51:07,867 INFO Rank 12: Completed store-based barrier for key:store_based_barrier_key:4 with 16 nodes.
2024-08-21 16:51:07,866 INFO Rank 8: Completed store-based barrier for key:store_based_barrier_key:4 with 16 nodes.
2024-08-21 16:51:07,866 INFO Rank 1: Completed store-based barrier for key:store_based_barrier_key:4 with 16 nodes.
2024-08-21 16:51:07,867 INFO Rank 6: Completed store-based barrier for key:store_based_barrier_key:4 with 16 nodes.
2024-08-21 16:51:07,867 INFO Rank 14: Completed store-based barrier for key:store_based_barrier_key:4 with 16 nodes.
2024-08-21 16:51:07,866 INFO Made group
2024-08-21 16:51:07,867 INFO Added key: store_based_barrier_key:4 to store for rank: 0
2024-08-21 16:51:07,867 INFO Rank 7: Completed store-based barrier for key:store_based_barrier_key:4 with 16 nodes.
2024-08-21 16:51:07,867 INFO Rank 13: Completed store-based barrier for key:store_based_barrier_key:4 with 16 nodes.
2024-08-21 16:51:07,867 INFO Made group
2024-08-21 16:51:07,867 INFO Rank 0: Completed store-based barrier for key:store_based_barrier_key:4 with 16 nodes.
2024-08-21 16:51:07,867 INFO Rank 4: Completed store-based barrier for key:store_based_barrier_key:4 with 16 nodes.
2024-08-21 16:51:07,867 INFO Rank 15: Completed store-based barrier for key:store_based_barrier_key:4 with 16 nodes.
2024-08-21 16:51:07,867 INFO Rank 9: Completed store-based barrier for key:store_based_barrier_key:4 with 16 nodes.
2024-08-21 16:51:07,867 INFO Made group
2024-08-21 16:51:07,867 INFO Rank 10: Completed store-based barrier for key:store_based_barrier_key:4 with 16 nodes.
2024-08-21 16:51:07,867 INFO Made group
2024-08-21 16:51:08,153 INFO Node Reduce CHECKSUM 9: 5.801354
2024-08-21 16:51:08,212 INFO Node Reduce CHECKSUM 10: 5.801354
2024-08-21 16:51:08,150 INFO Node Reduce CHECKSUM 8: 5.801354
2024-08-21 16:51:08,095 INFO Node Reduce CHECKSUM 11: 5.801354
2024-08-21 16:51:08,224 INFO Node Reduce rank 10 at 358622602
2024-08-21 16:51:08,224 INFO Rank 12 HIT BARRIER
2024-08-21 16:51:08,224 INFO Node Reduce rank 8 at 358670114
2024-08-21 16:51:08,224 INFO Rank 13 HIT BARRIER
2024-08-21 16:51:08,224 INFO Rank 14 HIT BARRIER
2024-08-21 16:51:08,224 INFO Rank 15 HIT BARRIER
2024-08-21 16:51:08,230 INFO Node Reduce rank 9 at 364168761
2024-08-21 16:51:08,230 INFO Node Reduce rank 11 at 364168120
2024-08-21 16:51:08,235 INFO Added key: store_based_barrier_key:5 to store for rank: 1
2024-08-21 16:51:08,235 INFO Added key: store_based_barrier_key:5 to store for rank: 2
2024-08-21 16:51:08,235 INFO Added key: store_based_barrier_key:5 to store for rank: 8
2024-08-21 16:51:08,235 INFO Added key: store_based_barrier_key:5 to store for rank: 3
2024-08-21 16:51:08,235 INFO Added key: store_based_barrier_key:5 to store for rank: 5
2024-08-21 16:51:08,235 INFO Added key: store_based_barrier_key:5 to store for rank: 12
2024-08-21 16:51:08,235 INFO Added key: store_based_barrier_key:5 to store for rank: 9
2024-08-21 16:51:08,235 INFO Added key: store_based_barrier_key:5 to store for rank: 0
2024-08-21 16:51:08,235 INFO Added key: store_based_barrier_key:5 to store for rank: 6
2024-08-21 16:51:08,235 INFO Added key: store_based_barrier_key:5 to store for rank: 14
2024-08-21 16:51:08,235 INFO Added key: store_based_barrier_key:5 to store for rank: 11
2024-08-21 16:51:08,236 INFO Rank 0: Completed store-based barrier for key:store_based_barrier_key:5 with 16 nodes.
2024-08-21 16:51:08,235 INFO Added key: store_based_barrier_key:5 to store for rank: 7
2024-08-21 16:51:08,235 INFO Added key: store_based_barrier_key:5 to store for rank: 13
2024-08-21 16:51:08,235 INFO Added key: store_based_barrier_key:5 to store for rank: 10
2024-08-21 16:51:08,235 INFO Added key: store_based_barrier_key:5 to store for rank: 4
2024-08-21 16:51:08,235 INFO Added key: store_based_barrier_key:5 to store for rank: 15
2024-08-21 16:51:08,235 INFO Rank 8: Completed store-based barrier for key:store_based_barrier_key:5 with 16 nodes.
2024-08-21 16:51:08,235 INFO Rank 6: Completed store-based barrier for key:store_based_barrier_key:5 with 16 nodes.
2024-08-21 16:51:08,235 INFO Rank 12: Completed store-based barrier for key:store_based_barrier_key:5 with 16 nodes.
2024-08-21 16:51:08,235 INFO Rank 11: Completed store-based barrier for key:store_based_barrier_key:5 with 16 nodes.
2024-08-21 16:51:08,235 INFO Rank 7: Completed store-based barrier for key:store_based_barrier_key:5 with 16 nodes.
2024-08-21 16:51:08,235 INFO Rank 13: Completed store-based barrier for key:store_based_barrier_key:5 with 16 nodes.
2024-08-21 16:51:08,235 INFO Made group
2024-08-21 16:51:08,235 INFO Rank 9: Completed store-based barrier for key:store_based_barrier_key:5 with 16 nodes.
2024-08-21 16:51:08,235 INFO Rank 5: Completed store-based barrier for key:store_based_barrier_key:5 with 16 nodes.
2024-08-21 16:51:08,235 INFO Rank 15: Completed store-based barrier for key:store_based_barrier_key:5 with 16 nodes.
2024-08-21 16:51:08,235 INFO Rank 10: Completed store-based barrier for key:store_based_barrier_key:5 with 16 nodes.
2024-08-21 16:51:08,235 INFO Rank 4: Completed store-based barrier for key:store_based_barrier_key:5 with 16 nodes.
2024-08-21 16:51:08,235 INFO Rank 14: Completed store-based barrier for key:store_based_barrier_key:5 with 16 nodes.
2024-08-21 16:51:08,236 INFO Made group
2024-08-21 16:51:08,236 INFO Made group
2024-08-21 16:51:08,245 INFO Rank 2: Completed store-based barrier for key:store_based_barrier_key:5 with 16 nodes.
2024-08-21 16:51:08,236 INFO Made group
2024-08-21 16:51:08,245 INFO Rank 3: Completed store-based barrier for key:store_based_barrier_key:5 with 16 nodes.
2024-08-21 16:51:08,245 INFO Rank 1: Completed store-based barrier for key:store_based_barrier_key:5 with 16 nodes.
2024-08-21 16:51:08,617 INFO Node Reduce CHECKSUM 13: 6.095557
2024-08-21 16:51:08,622 INFO Node Reduce CHECKSUM 14: 6.095557
2024-08-21 16:51:08,557 INFO Node Reduce CHECKSUM 15: 6.095557
2024-08-21 16:51:08,478 INFO Node Reduce CHECKSUM 12: 6.095557
2024-08-21 16:51:08,640 INFO Node Reduce rank 12 at 405246683
2024-08-21 16:51:08,640 INFO Node Reduce rank 13 at 405230962
2024-08-21 16:51:08,640 INFO Node Reduce rank 14 at 405229209
2024-08-21 16:51:08,640 INFO Node Reduce rank 15 at 405261230
2024-08-21 16:51:08,650 INFO All Reduce CHECKSUM 0: 27.299997
2024-08-21 16:51:08,653 INFO All Reduce CHECKSUM 8: 27.299997
2024-08-21 16:51:08,650 INFO All Reduce CHECKSUM 1: 27.299997
2024-08-21 16:51:08,650 INFO All Reduce CHECKSUM 4: 27.299997
2024-08-21 16:51:08,655 INFO All Reduce CHECKSUM 12: 27.299997
2024-08-21 16:51:08,651 INFO All Reduce CHECKSUM 9: 27.299997
2024-08-21 16:51:08,654 INFO All Reduce CHECKSUM 2: 27.299997
2024-08-21 16:51:08,652 INFO All Reduce CHECKSUM 5: 27.299997
2024-08-21 16:51:08,655 INFO All Reduce CHECKSUM 13: 27.299997
2024-08-21 16:51:08,651 INFO All Reduce CHECKSUM 10: 27.299997
2024-08-21 16:51:08,650 INFO All Reduce CHECKSUM 3: 27.299997
2024-08-21 16:51:08,654 INFO All Reduce CHECKSUM 6: 27.299997
2024-08-21 16:51:08,651 INFO All Reduce CHECKSUM 14: 27.299997
2024-08-21 16:51:08,650 INFO All Reduce CHECKSUM 11: 27.299997
2024-08-21 16:51:08,666 INFO All Reduce rank 0 at 16030929
2024-08-21 16:51:08,651 INFO All Reduce CHECKSUM 7: 27.299997
2024-08-21 16:51:08,652 INFO All Reduce CHECKSUM 15: 27.299997
2024-08-21 16:51:08,666 INFO All Reduce rank 8 at 15536688
2024-08-21 16:51:08,666 INFO Rank 8 done
2024-08-21 16:51:08,666 INFO All Reduce rank 1 at 15519539
2024-08-21 16:51:08,666 INFO All Reduce rank 4 at 15533811
2024-08-21 16:51:08,666 INFO All Reduce rank 12 at 15536002
2024-08-21 16:51:08,666 INFO All Reduce rank 9 at 15515036
2024-08-21 16:51:08,666 INFO Rank 9 done
2024-08-21 16:51:08,666 INFO All Reduce rank 3 at 15518196
2024-08-21 16:51:08,666 INFO All Reduce rank 5 at 15519584
2024-08-21 16:51:08,666 INFO Rank 5 done
2024-08-21 16:51:08,666 INFO All Reduce rank 13 at 15534319
2024-08-21 16:51:08,666 INFO All Reduce rank 10 at 15524525
2024-08-21 16:51:08,666 INFO Rank 10 done
2024-08-21 16:51:08,666 INFO Rank 0 done
2024-08-21 16:51:08,666 INFO All Reduce rank 7 at 15517610
2024-08-21 16:51:08,666 INFO Rank 7 done
2024-08-21 16:51:08,666 INFO All Reduce rank 14 at 15522647
2024-08-21 16:51:08,666 INFO All Reduce rank 11 at 15521779
2024-08-21 16:51:08,666 INFO Rank 11 done
2024-08-21 16:51:08,666 INFO Rank 1 done
2024-08-21 16:51:08,666 INFO Rank 4 done
2024-08-21 16:51:08,666 INFO All Reduce rank 15 at 15517275
2024-08-21 16:51:08,666 INFO Rank 15 done
2024-08-21 16:51:08,666 INFO All Reduce rank 2 at 15541631
2024-08-21 16:51:08,666 INFO All Reduce rank 6 at 15546595
2024-08-21 16:51:08,666 INFO Rank 6 done
2024-08-21 16:51:08,666 INFO Rank 12 done
2024-08-21 16:51:08,666 INFO Rank 3 done
2024-08-21 16:51:08,666 INFO Rank 13 done
2024-08-21 16:51:08,666 INFO Rank 2 done
2024-08-21 16:51:08,666 INFO Rank 14 done
BREAK
